#
# There is insufficient memory for the Java Runtime Environment to continue.
# Native memory allocation (mmap) failed to map 3221225472 bytes for committing reserved memory.
# Possible reasons:
#   The system is out of physical RAM or swap space
#   The process is running with CompressedOops enabled, and the Java Heap may be blocking the growth of the native heap
# Possible solutions:
#   Reduce memory load on the system
#   Increase physical memory or swap space
#   Check if swap backing store is full
#   Decrease Java heap size (-Xmx/-Xms)
#   Decrease number of Java threads
#   Decrease Java thread stack sizes (-Xss)
#   Set larger code cache with -XX:ReservedCodeCacheSize=
# This output file may be truncated or incomplete.
#
#  Out of Memory Error (os_linux.cpp:2706), pid=10638, tid=10639
#
# JRE version:  (10.0.2+13) (build )
# Java VM: OpenJDK 64-Bit Server VM (10.0.2+13-Ubuntu-1ubuntu0.18.04.4, mixed mode, aot, tiered, compressed oops, g1 gc, linux-amd64)
# Core dump will be written. Default location: Core dumps may be processed with "/usr/share/apport/apport %p %s %c %d %P" (or dumping to /opt/forno/minecraft/core.10638)
#

---------------  S U M M A R Y ------------

Command Line: -Xms3g -Xmx3g server.jar nogui

Host: Intel(R) Core(TM) i7-4500U CPU @ 1.80GHz, 4 cores, 3G, Ubuntu 18.04.2 LTS
Time: Thu Mar 21 09:53:47 2019 JST elapsed time: 0 seconds (0d 0h 0m 0s)

---------------  T H R E A D  ---------------

Current thread (0x00007f2128011000):  JavaThread "Unknown thread" [_thread_in_vm, id=10639, stack(0x00007f212fca7000,0x00007f212fda8000)]

Stack: [0x00007f212fca7000,0x00007f212fda8000],  sp=0x00007f212fda62e0,  free space=1020k
Native frames: (J=compiled Java code, A=aot compiled Java code, j=interpreted, Vv=VM code, C=native code)
V  [libjvm.so+0xd27ea4]
V  [libjvm.so+0xd28a4b]
V  [libjvm.so+0x64d415]
V  [libjvm.so+0xb2d7c8]
V  [libjvm.so+0xb2601d]
V  [libjvm.so+0x7662ff]
V  [libjvm.so+0x76653e]
V  [libjvm.so+0x769500]
V  [libjvm.so+0x7efa1c]
V  [libjvm.so+0x7f06df]
V  [libjvm.so+0x7f0b59]
V  [libjvm.so+0x7162cf]
V  [libjvm.so+0x71afd3]
V  [libjvm.so+0xce5dc2]
V  [libjvm.so+0xce60c6]
V  [libjvm.so+0x807d57]
V  [libjvm.so+0xcc7ac4]
V  [libjvm.so+0x8601b1]  JNI_CreateJavaVM+0x51
C  [libjli.so+0x3d83]
C  [libjli.so+0x89dd]
C  [libpthread.so.0+0x76db]  start_thread+0xdb


---------------  P R O C E S S  ---------------

Threads class SMR info:
_java_thread_list=0x0000563aa4cce6b0, length=0, elements={
}

Java Threads: ( => current thread )

Other Threads:
  0x00007f2128028000 GCTaskThread "GC Thread#0" [stack: 0x00007f210f84f000,0x00007f210f94f000] [id=10640]
  0x00007f2128029000 GCTaskThread "GC Thread#1" [stack: 0x00007f210f74d000,0x00007f210f84d000] [id=10641]
  0x00007f212802b000 GCTaskThread "GC Thread#2" [stack: 0x00007f210f64b000,0x00007f210f74b000] [id=10642]
  0x00007f212802c800 GCTaskThread "GC Thread#3" [stack: 0x00007f210f549000,0x00007f210f649000] [id=10643]
  0x00007f212806a000 ConcurrentGCThread "G1 Main Marker" [stack: 0x00007f210dd83000,0x00007f210de83000] [id=10644]
  0x00007f212806c000 ConcurrentGCThread "G1 Conc#0" [stack: 0x00007f210dc81000,0x00007f210dd81000] [id=10645]

[error occurred during error reporting (printing all threads), id 0xe0000002]

VM state:not at safepoint (not fully initialized)

VM Mutex/Monitor currently owned by a thread:  ([mutex/lock_event])
[0x00007f212800df30] Heap_lock - owner thread: 0x00007f2128011000

Heap address: 0x0000000700000000, size: 3072 MB, Compressed Oops mode: Non-zero based: 0x0000000700000000
Narrow klass base: 0x0000000000000000, Narrow klass shift: 0

GC Heap History (0 events):
No events

Deoptimization events (0 events):
No events

Classes redefined (0 events):
No events

Internal exceptions (0 events):
No events

Events (0 events):
No events


Dynamic libraries:
563aa398a000-563aa398b000 r-xp 00000000 fd:00 20185882                   /usr/lib/jvm/java-11-openjdk-amd64/bin/java
563aa3b8b000-563aa3b8c000 r--p 00001000 fd:00 20185882                   /usr/lib/jvm/java-11-openjdk-amd64/bin/java
563aa3b8c000-563aa3b8d000 rw-p 00002000 fd:00 20185882                   /usr/lib/jvm/java-11-openjdk-amd64/bin/java
563aa4cb7000-563aa4cd8000 rw-p 00000000 00:00 0                          [heap]
7f20e8000000-7f20e8021000 rw-p 00000000 00:00 0 
7f20e8021000-7f20ec000000 ---p 00000000 00:00 0 
7f20ee000000-7f20f0000000 rw-p 00000000 00:00 0 
7f20f0000000-7f20f0021000 rw-p 00000000 00:00 0 
7f20f0021000-7f20f4000000 ---p 00000000 00:00 0 
7f20f5000000-7f20f8000000 ---p 00000000 00:00 0 
7f20f8000000-7f20f8021000 rw-p 00000000 00:00 0 
7f20f8021000-7f20fc000000 ---p 00000000 00:00 0 
7f20fd000000-7f2100000000 ---p 00000000 00:00 0 
7f2100000000-7f2100021000 rw-p 00000000 00:00 0 
7f2100021000-7f2104000000 ---p 00000000 00:00 0 
7f2104000000-7f2104021000 rw-p 00000000 00:00 0 
7f2104021000-7f2108000000 ---p 00000000 00:00 0 
7f2108000000-7f2108021000 rw-p 00000000 00:00 0 
7f2108021000-7f210c000000 ---p 00000000 00:00 0 
7f210d87b000-7f210dc7f000 rw-p 00000000 00:00 0 
7f210dc7f000-7f210dc80000 ---p 00000000 00:00 0 
7f210dc80000-7f210dd81000 rw-p 00000000 00:00 0 
7f210dd81000-7f210dd82000 ---p 00000000 00:00 0 
7f210dd82000-7f210df43000 rw-p 00000000 00:00 0 
7f210df43000-7f210f143000 ---p 00000000 00:00 0 
7f210f143000-7f210f547000 rw-p 00000000 00:00 0 
7f210f547000-7f210f548000 ---p 00000000 00:00 0 
7f210f548000-7f210f649000 rw-p 00000000 00:00 0 
7f210f649000-7f210f64a000 ---p 00000000 00:00 0 
7f210f64a000-7f210f74b000 rw-p 00000000 00:00 0 
7f210f74b000-7f210f74c000 ---p 00000000 00:00 0 
7f210f74c000-7f210f84d000 rw-p 00000000 00:00 0 
7f210f84d000-7f210f84e000 ---p 00000000 00:00 0 
7f210f84e000-7f210f954000 rw-p 00000000 00:00 0 
7f210f954000-7f210fa3a000 ---p 00000000 00:00 0 
7f210fa3a000-7f210fa3f000 rw-p 00000000 00:00 0 
7f210fa3f000-7f210fb25000 ---p 00000000 00:00 0 
7f210fb25000-7f210fd95000 rwxp 00000000 00:00 0 
7f210fd95000-7f21100b5000 ---p 00000000 00:00 0 
7f21100b5000-7f2110325000 rwxp 00000000 00:00 0 
7f2110325000-7f21175ed000 ---p 00000000 00:00 0 
7f21175ed000-7f211785d000 rwxp 00000000 00:00 0 
7f211785d000-7f211eb25000 ---p 00000000 00:00 0 
7f211eb25000-7f2128000000 r--s 00000000 fd:00 20186057                   /usr/lib/jvm/java-11-openjdk-amd64/lib/modules
7f2128000000-7f2128083000 rw-p 00000000 00:00 0 
7f2128083000-7f212c000000 ---p 00000000 00:00 0 
7f212c0a6000-7f212c0ab000 r-xp 00000000 fd:00 20186039                   /usr/lib/jvm/java-11-openjdk-amd64/lib/libjimage.so
7f212c0ab000-7f212c2aa000 ---p 00005000 fd:00 20186039                   /usr/lib/jvm/java-11-openjdk-amd64/lib/libjimage.so
7f212c2aa000-7f212c2ab000 r--p 00004000 fd:00 20186039                   /usr/lib/jvm/java-11-openjdk-amd64/lib/libjimage.so
7f212c2ab000-7f212c2ac000 rw-p 00005000 fd:00 20186039                   /usr/lib/jvm/java-11-openjdk-amd64/lib/libjimage.so
7f212c2ac000-7f212c2b3000 r-xp 00000000 fd:00 20186056                   /usr/lib/jvm/java-11-openjdk-amd64/lib/libzip.so
7f212c2b3000-7f212c4b2000 ---p 00007000 fd:00 20186056                   /usr/lib/jvm/java-11-openjdk-amd64/lib/libzip.so
7f212c4b2000-7f212c4b3000 r--p 00006000 fd:00 20186056                   /usr/lib/jvm/java-11-openjdk-amd64/lib/libzip.so
7f212c4b3000-7f212c4b4000 rw-p 00007000 fd:00 20186056                   /usr/lib/jvm/java-11-openjdk-amd64/lib/libzip.so
7f212c4b4000-7f212c4bf000 r-xp 00000000 fd:00 44176093                   /lib/x86_64-linux-gnu/libnss_files-2.27.so
7f212c4bf000-7f212c6be000 ---p 0000b000 fd:00 44176093                   /lib/x86_64-linux-gnu/libnss_files-2.27.so
7f212c6be000-7f212c6bf000 r--p 0000a000 fd:00 44176093                   /lib/x86_64-linux-gnu/libnss_files-2.27.so
7f212c6bf000-7f212c6c0000 rw-p 0000b000 fd:00 44176093                   /lib/x86_64-linux-gnu/libnss_files-2.27.so
7f212c6c0000-7f212c6c6000 rw-p 00000000 00:00 0 
7f212c6c6000-7f212c6dd000 r-xp 00000000 fd:00 44176087                   /lib/x86_64-linux-gnu/libnsl-2.27.so
7f212c6dd000-7f212c8dc000 ---p 00017000 fd:00 44176087                   /lib/x86_64-linux-gnu/libnsl-2.27.so
7f212c8dc000-7f212c8dd000 r--p 00016000 fd:00 44176087                   /lib/x86_64-linux-gnu/libnsl-2.27.so
7f212c8dd000-7f212c8de000 rw-p 00017000 fd:00 44176087                   /lib/x86_64-linux-gnu/libnsl-2.27.so
7f212c8de000-7f212c8e0000 rw-p 00000000 00:00 0 
7f212c8e0000-7f212c8eb000 r-xp 00000000 fd:00 44176104                   /lib/x86_64-linux-gnu/libnss_nis-2.27.so
7f212c8eb000-7f212caea000 ---p 0000b000 fd:00 44176104                   /lib/x86_64-linux-gnu/libnss_nis-2.27.so
7f212caea000-7f212caeb000 r--p 0000a000 fd:00 44176104                   /lib/x86_64-linux-gnu/libnss_nis-2.27.so
7f212caeb000-7f212caec000 rw-p 0000b000 fd:00 44176104                   /lib/x86_64-linux-gnu/libnss_nis-2.27.so
7f212caec000-7f212caf4000 r-xp 00000000 fd:00 44176089                   /lib/x86_64-linux-gnu/libnss_compat-2.27.so
7f212caf4000-7f212ccf4000 ---p 00008000 fd:00 44176089                   /lib/x86_64-linux-gnu/libnss_compat-2.27.so
7f212ccf4000-7f212ccf5000 r--p 00008000 fd:00 44176089                   /lib/x86_64-linux-gnu/libnss_compat-2.27.so
7f212ccf5000-7f212ccf6000 rw-p 00009000 fd:00 44176089                   /lib/x86_64-linux-gnu/libnss_compat-2.27.so
7f212ccf6000-7f212cd22000 r-xp 00000000 fd:00 20186035                   /usr/lib/jvm/java-11-openjdk-amd64/lib/libjava.so
7f212cd22000-7f212cf21000 ---p 0002c000 fd:00 20186035                   /usr/lib/jvm/java-11-openjdk-amd64/lib/libjava.so
7f212cf21000-7f212cf22000 r--p 0002b000 fd:00 20186035                   /usr/lib/jvm/java-11-openjdk-amd64/lib/libjava.so
7f212cf22000-7f212cf24000 rw-p 0002c000 fd:00 20186035                   /usr/lib/jvm/java-11-openjdk-amd64/lib/libjava.so
7f212cf24000-7f212cf31000 r-xp 00000000 fd:00 20186055                   /usr/lib/jvm/java-11-openjdk-amd64/lib/libverify.so
7f212cf31000-7f212d130000 ---p 0000d000 fd:00 20186055                   /usr/lib/jvm/java-11-openjdk-amd64/lib/libverify.so
7f212d130000-7f212d132000 r--p 0000c000 fd:00 20186055                   /usr/lib/jvm/java-11-openjdk-amd64/lib/libverify.so
7f212d132000-7f212d133000 rw-p 0000e000 fd:00 20186055                   /usr/lib/jvm/java-11-openjdk-amd64/lib/libverify.so
7f212d133000-7f212d13a000 r-xp 00000000 fd:00 44176144                   /lib/x86_64-linux-gnu/librt-2.27.so
7f212d13a000-7f212d339000 ---p 00007000 fd:00 44176144                   /lib/x86_64-linux-gnu/librt-2.27.so
7f212d339000-7f212d33a000 r--p 00006000 fd:00 44176144                   /lib/x86_64-linux-gnu/librt-2.27.so
7f212d33a000-7f212d33b000 rw-p 00007000 fd:00 44176144                   /lib/x86_64-linux-gnu/librt-2.27.so
7f212d33b000-7f212d352000 r-xp 00000000 fd:00 44175907                   /lib/x86_64-linux-gnu/libgcc_s.so.1
7f212d352000-7f212d551000 ---p 00017000 fd:00 44175907                   /lib/x86_64-linux-gnu/libgcc_s.so.1
7f212d551000-7f212d552000 r--p 00016000 fd:00 44175907                   /lib/x86_64-linux-gnu/libgcc_s.so.1
7f212d552000-7f212d553000 rw-p 00017000 fd:00 44175907                   /lib/x86_64-linux-gnu/libgcc_s.so.1
7f212d553000-7f212d6f0000 r-xp 00000000 fd:00 44176066                   /lib/x86_64-linux-gnu/libm-2.27.so
7f212d6f0000-7f212d8ef000 ---p 0019d000 fd:00 44176066                   /lib/x86_64-linux-gnu/libm-2.27.so
7f212d8ef000-7f212d8f0000 r--p 0019c000 fd:00 44176066                   /lib/x86_64-linux-gnu/libm-2.27.so
7f212d8f0000-7f212d8f1000 rw-p 0019d000 fd:00 44176066                   /lib/x86_64-linux-gnu/libm-2.27.so
7f212d8f1000-7f212da6a000 r-xp 00000000 fd:00 18090134                   /usr/lib/x86_64-linux-gnu/libstdc++.so.6.0.25
7f212da6a000-7f212dc6a000 ---p 00179000 fd:00 18090134                   /usr/lib/x86_64-linux-gnu/libstdc++.so.6.0.25
7f212dc6a000-7f212dc74000 r--p 00179000 fd:00 18090134                   /usr/lib/x86_64-linux-gnu/libstdc++.so.6.0.25
7f212dc74000-7f212dc76000 rw-p 00183000 fd:00 18090134                   /usr/lib/x86_64-linux-gnu/libstdc++.so.6.0.25
7f212dc76000-7f212dc7a000 rw-p 00000000 00:00 0 
7f212dc7a000-7f212ec17000 r-xp 00000000 fd:00 20186062                   /usr/lib/jvm/java-11-openjdk-amd64/lib/server/libjvm.so
7f212ec17000-7f212ee17000 ---p 00f9d000 fd:00 20186062                   /usr/lib/jvm/java-11-openjdk-amd64/lib/server/libjvm.so
7f212ee17000-7f212eedb000 r--p 00f9d000 fd:00 20186062                   /usr/lib/jvm/java-11-openjdk-amd64/lib/server/libjvm.so
7f212eedb000-7f212ef13000 rw-p 01061000 fd:00 20186062                   /usr/lib/jvm/java-11-openjdk-amd64/lib/server/libjvm.so
7f212ef13000-7f212ef5c000 rw-p 00000000 00:00 0 
7f212ef5c000-7f212ef76000 r-xp 00000000 fd:00 44176136                   /lib/x86_64-linux-gnu/libpthread-2.27.so
7f212ef76000-7f212f175000 ---p 0001a000 fd:00 44176136                   /lib/x86_64-linux-gnu/libpthread-2.27.so
7f212f175000-7f212f176000 r--p 00019000 fd:00 44176136                   /lib/x86_64-linux-gnu/libpthread-2.27.so
7f212f176000-7f212f177000 rw-p 0001a000 fd:00 44176136                   /lib/x86_64-linux-gnu/libpthread-2.27.so
7f212f177000-7f212f17b000 rw-p 00000000 00:00 0 
7f212f17b000-7f212f17e000 r-xp 00000000 fd:00 44176026                   /lib/x86_64-linux-gnu/libdl-2.27.so
7f212f17e000-7f212f37d000 ---p 00003000 fd:00 44176026                   /lib/x86_64-linux-gnu/libdl-2.27.so
7f212f37d000-7f212f37e000 r--p 00002000 fd:00 44176026                   /lib/x86_64-linux-gnu/libdl-2.27.so
7f212f37e000-7f212f37f000 rw-p 00003000 fd:00 44176026                   /lib/x86_64-linux-gnu/libdl-2.27.so
7f212f37f000-7f212f39b000 r-xp 00000000 fd:00 44176175                   /lib/x86_64-linux-gnu/libz.so.1.2.11
7f212f39b000-7f212f59a000 ---p 0001c000 fd:00 44176175                   /lib/x86_64-linux-gnu/libz.so.1.2.11
7f212f59a000-7f212f59b000 r--p 0001b000 fd:00 44176175                   /lib/x86_64-linux-gnu/libz.so.1.2.11
7f212f59b000-7f212f59c000 rw-p 0001c000 fd:00 44176175                   /lib/x86_64-linux-gnu/libz.so.1.2.11
7f212f59c000-7f212f783000 r-xp 00000000 fd:00 44176003                   /lib/x86_64-linux-gnu/libc-2.27.so
7f212f783000-7f212f983000 ---p 001e7000 fd:00 44176003                   /lib/x86_64-linux-gnu/libc-2.27.so
7f212f983000-7f212f987000 r--p 001e7000 fd:00 44176003                   /lib/x86_64-linux-gnu/libc-2.27.so
7f212f987000-7f212f989000 rw-p 001eb000 fd:00 44176003                   /lib/x86_64-linux-gnu/libc-2.27.so
7f212f989000-7f212f98d000 rw-p 00000000 00:00 0 
7f212f98d000-7f212f99c000 r-xp 00000000 fd:00 20186020                   /usr/lib/jvm/java-11-openjdk-amd64/lib/jli/libjli.so
7f212f99c000-7f212fb9b000 ---p 0000f000 fd:00 20186020                   /usr/lib/jvm/java-11-openjdk-amd64/lib/jli/libjli.so
7f212fb9b000-7f212fb9c000 r--p 0000e000 fd:00 20186020                   /usr/lib/jvm/java-11-openjdk-amd64/lib/jli/libjli.so
7f212fb9c000-7f212fb9d000 rw-p 0000f000 fd:00 20186020                   /usr/lib/jvm/java-11-openjdk-amd64/lib/jli/libjli.so
7f212fb9d000-7f212fbc4000 r-xp 00000000 fd:00 44175975                   /lib/x86_64-linux-gnu/ld-2.27.so
7f212fc40000-7f212fca7000 rw-p 00000000 00:00 0 
7f212fca7000-7f212fcab000 ---p 00000000 00:00 0 
7f212fcab000-7f212fdaa000 rw-p 00000000 00:00 0 
7f212fdab000-7f212fdb1000 rw-p 00000000 00:00 0 
7f212fdb1000-7f212fdb8000 ---p 00000000 00:00 0 
7f212fdb8000-7f212fdc0000 rw-s 00000000 fd:00 16121869                   /tmp/hsperfdata_minecraft/10638
7f212fdc0000-7f212fdc1000 ---p 00000000 00:00 0 
7f212fdc1000-7f212fdc2000 r--p 00000000 00:00 0 
7f212fdc2000-7f212fdc4000 rw-p 00000000 00:00 0 
7f212fdc4000-7f212fdc5000 r--p 00027000 fd:00 44175975                   /lib/x86_64-linux-gnu/ld-2.27.so
7f212fdc5000-7f212fdc6000 rw-p 00028000 fd:00 44175975                   /lib/x86_64-linux-gnu/ld-2.27.so
7f212fdc6000-7f212fdc7000 rw-p 00000000 00:00 0 
7ffe74a68000-7ffe74a89000 rw-p 00000000 00:00 0                          [stack]
7ffe74bde000-7ffe74be1000 r--p 00000000 00:00 0                          [vvar]
7ffe74be1000-7ffe74be3000 r-xp 00000000 00:00 0                          [vdso]
ffffffffff600000-ffffffffff601000 r-xp 00000000 00:00 0                  [vsyscall]


VM Arguments:
jvm_args: -Xms3g -Xmx3g 
java_command: server.jar nogui
java_class_path (initial): server.jar
Launcher Type: SUN_STANDARD

Logging:
Log output configuration:
#0: stdout all=warning uptime,level,tags
#1: stderr all=off uptime,level,tags

Environment Variables:
PATH=/usr/local/sbin:/usr/local/bin:/usr/sbin:/usr/bin:/sbin:/bin
SHELL=/bin/sh

Signal Handlers:
SIGSEGV: [libjvm.so+0xd28b70], sa_mask[0]=11111111011111111101111111111110, sa_flags=SA_RESTART|SA_SIGINFO
SIGBUS: [libjvm.so+0xd28b70], sa_mask[0]=11111111011111111101111111111110, sa_flags=SA_RESTART|SA_SIGINFO
SIGFPE: [libjvm.so+0xd28b70], sa_mask[0]=11111111011111111101111111111110, sa_flags=SA_RESTART|SA_SIGINFO
SIGPIPE: [libjvm.so+0xb2a1f0], sa_mask[0]=11111111011111111101111111111110, sa_flags=SA_RESTART|SA_SIGINFO
SIGXFSZ: [libjvm.so+0xb2a1f0], sa_mask[0]=11111111011111111101111111111110, sa_flags=SA_RESTART|SA_SIGINFO
SIGILL: [libjvm.so+0xd28b70], sa_mask[0]=11111111011111111101111111111110, sa_flags=SA_RESTART|SA_SIGINFO
SIGUSR2: [libjvm.so+0xb2a030], sa_mask[0]=00000000000000000000000000000000, sa_flags=SA_RESTART|SA_SIGINFO
SIGHUP: SIG_DFL, sa_mask[0]=00000000000000000000000000000000, sa_flags=none
SIGINT: SIG_DFL, sa_mask[0]=00000000000000000000000000000000, sa_flags=none
SIGTERM: SIG_DFL, sa_mask[0]=00000000000000000000000000000000, sa_flags=none
SIGQUIT: SIG_DFL, sa_mask[0]=00000000000000000000000000000000, sa_flags=none


---------------  S Y S T E M  ---------------

OS:DISTRIB_ID=Ubuntu
DISTRIB_RELEASE=18.04
DISTRIB_CODENAME=bionic
DISTRIB_DESCRIPTION="Ubuntu 18.04.2 LTS"
uname:Linux 4.15.0-46-generic #49-Ubuntu SMP Wed Feb 6 09:33:07 UTC 2019 x86_64
libc:glibc 2.27 NPTL 2.27 
rlimit: STACK 8192k, CORE 0k, NPROC 15099, NOFILE 4096, AS infinity, DATA infinity, FSIZE infinity
load average:1.30 1.36 1.36

/proc/meminfo:
MemTotal:        3943748 kB
MemFree:          130292 kB
MemAvailable:    1107136 kB
Buffers:           33536 kB
Cached:          1142472 kB
SwapCached:        10264 kB
Active:          2834392 kB
Inactive:         785028 kB
Active(anon):    1976416 kB
Inactive(anon):   497064 kB
Active(file):     857976 kB
Inactive(file):   287964 kB
Unevictable:           0 kB
Mlocked:               0 kB
SwapTotal:        999420 kB
SwapFree:         606896 kB
Dirty:              3772 kB
Writeback:             0 kB
AnonPages:       2440312 kB
Mapped:           136036 kB
Shmem:             30068 kB
Slab:             108212 kB
SReclaimable:      67344 kB
SUnreclaim:        40868 kB
KernelStack:        5976 kB
PageTables:        23576 kB
NFS_Unstable:          0 kB
Bounce:                0 kB
WritebackTmp:          0 kB
CommitLimit:     2971292 kB
Committed_AS:    3101572 kB
VmallocTotal:   34359738367 kB
VmallocUsed:           0 kB
VmallocChunk:          0 kB
HardwareCorrupted:     0 kB
AnonHugePages:         0 kB
ShmemHugePages:        0 kB
ShmemPmdMapped:        0 kB
CmaTotal:              0 kB
CmaFree:               0 kB
HugePages_Total:       0
HugePages_Free:        0
HugePages_Rsvd:        0
HugePages_Surp:        0
Hugepagesize:       2048 kB
DirectMap4k:      158320 kB
DirectMap2M:     3940352 kB
DirectMap1G:           0 kB

container (cgroup) information:
container_type: cgroupv1
cpu_cpuset_cpus: 0-3
cpu_memory_nodes: 0
active_processor_count: 4
cpu_quota: -1
cpu_period: 100000
cpu_shares: -1
memory_limit_in_bytes: -1
memory_and_swap_limit_in_bytes: -2
memory_soft_limit_in_bytes: -1
memory_usage_in_bytes: 3704381440
memory_max_usage_in_bytes: 2048000


CPU:total 4 (initial active 4) (2 cores per cpu, 2 threads per core) family 6 model 69 stepping 1, cmov, cx8, fxsr, mmx, sse, sse2, sse3, ssse3, sse4.1, sse4.2, popcnt, avx, avx2, aes, clmul, erms, lzcnt, ht, tsc, tscinvbit, bmi1, bmi2, fma
CPU Model and flags from /proc/cpuinfo:
model name	: Intel(R) Core(TM) i7-4500U CPU @ 1.80GHz
flags		: fpu vme de pse tsc msr pae mce cx8 apic sep mtrr pge mca cmov pat pse36 clflush dts acpi mmx fxsr sse sse2 ss ht tm pbe syscall nx pdpe1gb rdtscp lm constant_tsc arch_perfmon pebs bts rep_good nopl xtopology nonstop_tsc cpuid aperfmperf pni pclmulqdq dtes64 monitor ds_cpl vmx est tm2 ssse3 sdbg fma cx16 xtpr pdcm pcid sse4_1 sse4_2 movbe popcnt tsc_deadline_timer aes xsave avx f16c rdrand lahf_lm abm cpuid_fault epb invpcid_single pti ssbd ibrs ibpb stibp tpr_shadow vnmi flexpriority ept vpid fsgsbase tsc_adjust bmi1 avx2 smep bmi2 erms invpcid xsaveopt dtherm ida arat pln pts flush_l1d

Memory: 4k page, physical 3943748k(130292k free), swap 999420k(606896k free)

vm_info: OpenJDK 64-Bit Server VM (10.0.2+13-Ubuntu-1ubuntu0.18.04.4) for linux-amd64 JRE (10.0.2+13-Ubuntu-1ubuntu0.18.04.4), built on Nov 13 2018 12:53:39 by "buildd" with gcc 7.3.0

END.
