#
# There is insufficient memory for the Java Runtime Environment to continue.
# Native memory allocation (mmap) failed to map 3221225472 bytes for committing reserved memory.
# Possible reasons:
#   The system is out of physical RAM or swap space
#   The process is running with CompressedOops enabled, and the Java Heap may be blocking the growth of the native heap
# Possible solutions:
#   Reduce memory load on the system
#   Increase physical memory or swap space
#   Check if swap backing store is full
#   Decrease Java heap size (-Xmx/-Xms)
#   Decrease number of Java threads
#   Decrease Java thread stack sizes (-Xss)
#   Set larger code cache with -XX:ReservedCodeCacheSize=
# This output file may be truncated or incomplete.
#
#  Out of Memory Error (os_linux.cpp:2706), pid=29445, tid=29446
#
# JRE version:  (10.0.2+13) (build )
# Java VM: OpenJDK 64-Bit Server VM (10.0.2+13-Ubuntu-1ubuntu0.18.04.4, mixed mode, aot, tiered, compressed oops, g1 gc, linux-amd64)
# Core dump will be written. Default location: Core dumps may be processed with "/usr/share/apport/apport %p %s %c %d %P" (or dumping to /opt/forno/minecraft/core.29445)
#

---------------  S U M M A R Y ------------

Command Line: -Xms3g -Xmx3g server.jar nogui

Host: Intel(R) Core(TM) i7-4500U CPU @ 1.80GHz, 4 cores, 3G, Ubuntu 18.04.2 LTS
Time: Thu Mar 21 04:49:31 2019 JST elapsed time: 0 seconds (0d 0h 0m 0s)

---------------  T H R E A D  ---------------

Current thread (0x00007fe4d0011000):  JavaThread "Unknown thread" [_thread_in_vm, id=29446, stack(0x00007fe4d84fd000,0x00007fe4d85fe000)]

Stack: [0x00007fe4d84fd000,0x00007fe4d85fe000],  sp=0x00007fe4d85fc2e0,  free space=1020k
Native frames: (J=compiled Java code, A=aot compiled Java code, j=interpreted, Vv=VM code, C=native code)
V  [libjvm.so+0xd27ea4]
V  [libjvm.so+0xd28a4b]
V  [libjvm.so+0x64d415]
V  [libjvm.so+0xb2d7c8]
V  [libjvm.so+0xb2601d]
V  [libjvm.so+0x7662ff]
V  [libjvm.so+0x76653e]
V  [libjvm.so+0x769500]
V  [libjvm.so+0x7efa1c]
V  [libjvm.so+0x7f06df]
V  [libjvm.so+0x7f0b59]
V  [libjvm.so+0x7162cf]
V  [libjvm.so+0x71afd3]
V  [libjvm.so+0xce5dc2]
V  [libjvm.so+0xce60c6]
V  [libjvm.so+0x807d57]
V  [libjvm.so+0xcc7ac4]
V  [libjvm.so+0x8601b1]  JNI_CreateJavaVM+0x51
C  [libjli.so+0x3d83]
C  [libjli.so+0x89dd]
C  [libpthread.so.0+0x76db]  start_thread+0xdb


---------------  P R O C E S S  ---------------

Threads class SMR info:
_java_thread_list=0x000055d004b506b0, length=0, elements={
}

Java Threads: ( => current thread )

Other Threads:
  0x00007fe4d0028000 GCTaskThread "GC Thread#0" [stack: 0x00007fe4d4626000,0x00007fe4d4726000] [id=29447]
  0x00007fe4d0029000 GCTaskThread "GC Thread#1" [stack: 0x00007fe4d4524000,0x00007fe4d4624000] [id=29448]
  0x00007fe4d002b000 GCTaskThread "GC Thread#2" [stack: 0x00007fe4d4422000,0x00007fe4d4522000] [id=29449]
  0x00007fe4d002c800 GCTaskThread "GC Thread#3" [stack: 0x00007fe4d4320000,0x00007fe4d4420000] [id=29450]
  0x00007fe4d006a000 ConcurrentGCThread "G1 Main Marker" [stack: 0x00007fe4b6664000,0x00007fe4b6764000] [id=29451]
  0x00007fe4d006c000 ConcurrentGCThread "G1 Conc#0" [stack: 0x00007fe4b6562000,0x00007fe4b6662000] [id=29452]

[error occurred during error reporting (printing all threads), id 0xe0000002]

VM state:not at safepoint (not fully initialized)

VM Mutex/Monitor currently owned by a thread:  ([mutex/lock_event])
[0x00007fe4d000df30] Heap_lock - owner thread: 0x00007fe4d0011000

Heap address: 0x0000000700000000, size: 3072 MB, Compressed Oops mode: Non-zero based: 0x0000000700000000
Narrow klass base: 0x0000000000000000, Narrow klass shift: 0

GC Heap History (0 events):
No events

Deoptimization events (0 events):
No events

Classes redefined (0 events):
No events

Internal exceptions (0 events):
No events

Events (0 events):
No events


Dynamic libraries:
55d002ac8000-55d002ac9000 r-xp 00000000 fd:00 20185882                   /usr/lib/jvm/java-11-openjdk-amd64/bin/java
55d002cc9000-55d002cca000 r--p 00001000 fd:00 20185882                   /usr/lib/jvm/java-11-openjdk-amd64/bin/java
55d002cca000-55d002ccb000 rw-p 00002000 fd:00 20185882                   /usr/lib/jvm/java-11-openjdk-amd64/bin/java
55d004b39000-55d004b5a000 rw-p 00000000 00:00 0                          [heap]
7fe490000000-7fe490021000 rw-p 00000000 00:00 0 
7fe490021000-7fe494000000 ---p 00000000 00:00 0 
7fe498000000-7fe498021000 rw-p 00000000 00:00 0 
7fe498021000-7fe49c000000 ---p 00000000 00:00 0 
7fe49d000000-7fe4a0000000 ---p 00000000 00:00 0 
7fe4a0000000-7fe4a0021000 rw-p 00000000 00:00 0 
7fe4a0021000-7fe4a4000000 ---p 00000000 00:00 0 
7fe4a5000000-7fe4a8000000 ---p 00000000 00:00 0 
7fe4a8000000-7fe4a8021000 rw-p 00000000 00:00 0 
7fe4a8021000-7fe4ac000000 ---p 00000000 00:00 0 
7fe4ac000000-7fe4ac021000 rw-p 00000000 00:00 0 
7fe4ac021000-7fe4b0000000 ---p 00000000 00:00 0 
7fe4b0000000-7fe4b0021000 rw-p 00000000 00:00 0 
7fe4b0021000-7fe4b4000000 ---p 00000000 00:00 0 
7fe4b415c000-7fe4b6560000 rw-p 00000000 00:00 0 
7fe4b6560000-7fe4b6561000 ---p 00000000 00:00 0 
7fe4b6561000-7fe4b6662000 rw-p 00000000 00:00 0 
7fe4b6662000-7fe4b6663000 ---p 00000000 00:00 0 
7fe4b6663000-7fe4b6824000 rw-p 00000000 00:00 0 
7fe4b6824000-7fe4b7a24000 ---p 00000000 00:00 0 
7fe4b7a24000-7fe4b7b25000 rw-p 00000000 00:00 0 
7fe4b7b25000-7fe4b7d95000 rwxp 00000000 00:00 0 
7fe4b7d95000-7fe4b80b5000 ---p 00000000 00:00 0 
7fe4b80b5000-7fe4b8325000 rwxp 00000000 00:00 0 
7fe4b8325000-7fe4bf5ed000 ---p 00000000 00:00 0 
7fe4bf5ed000-7fe4bf85d000 rwxp 00000000 00:00 0 
7fe4bf85d000-7fe4c6b25000 ---p 00000000 00:00 0 
7fe4c6b25000-7fe4d0000000 r--s 00000000 fd:00 20186057                   /usr/lib/jvm/java-11-openjdk-amd64/lib/modules
7fe4d0000000-7fe4d0083000 rw-p 00000000 00:00 0 
7fe4d0083000-7fe4d4000000 ---p 00000000 00:00 0 
7fe4d401b000-7fe4d431e000 rw-p 00000000 00:00 0 
7fe4d431e000-7fe4d431f000 ---p 00000000 00:00 0 
7fe4d431f000-7fe4d4420000 rw-p 00000000 00:00 0 
7fe4d4420000-7fe4d4421000 ---p 00000000 00:00 0 
7fe4d4421000-7fe4d4522000 rw-p 00000000 00:00 0 
7fe4d4522000-7fe4d4523000 ---p 00000000 00:00 0 
7fe4d4523000-7fe4d4624000 rw-p 00000000 00:00 0 
7fe4d4624000-7fe4d4625000 ---p 00000000 00:00 0 
7fe4d4625000-7fe4d472b000 rw-p 00000000 00:00 0 
7fe4d472b000-7fe4d4811000 ---p 00000000 00:00 0 
7fe4d4811000-7fe4d4816000 rw-p 00000000 00:00 0 
7fe4d4816000-7fe4d48fc000 ---p 00000000 00:00 0 
7fe4d48fc000-7fe4d4901000 r-xp 00000000 fd:00 20186039                   /usr/lib/jvm/java-11-openjdk-amd64/lib/libjimage.so
7fe4d4901000-7fe4d4b00000 ---p 00005000 fd:00 20186039                   /usr/lib/jvm/java-11-openjdk-amd64/lib/libjimage.so
7fe4d4b00000-7fe4d4b01000 r--p 00004000 fd:00 20186039                   /usr/lib/jvm/java-11-openjdk-amd64/lib/libjimage.so
7fe4d4b01000-7fe4d4b02000 rw-p 00005000 fd:00 20186039                   /usr/lib/jvm/java-11-openjdk-amd64/lib/libjimage.so
7fe4d4b02000-7fe4d4b09000 r-xp 00000000 fd:00 20186056                   /usr/lib/jvm/java-11-openjdk-amd64/lib/libzip.so
7fe4d4b09000-7fe4d4d08000 ---p 00007000 fd:00 20186056                   /usr/lib/jvm/java-11-openjdk-amd64/lib/libzip.so
7fe4d4d08000-7fe4d4d09000 r--p 00006000 fd:00 20186056                   /usr/lib/jvm/java-11-openjdk-amd64/lib/libzip.so
7fe4d4d09000-7fe4d4d0a000 rw-p 00007000 fd:00 20186056                   /usr/lib/jvm/java-11-openjdk-amd64/lib/libzip.so
7fe4d4d0a000-7fe4d4d15000 r-xp 00000000 fd:00 44176093                   /lib/x86_64-linux-gnu/libnss_files-2.27.so
7fe4d4d15000-7fe4d4f14000 ---p 0000b000 fd:00 44176093                   /lib/x86_64-linux-gnu/libnss_files-2.27.so
7fe4d4f14000-7fe4d4f15000 r--p 0000a000 fd:00 44176093                   /lib/x86_64-linux-gnu/libnss_files-2.27.so
7fe4d4f15000-7fe4d4f16000 rw-p 0000b000 fd:00 44176093                   /lib/x86_64-linux-gnu/libnss_files-2.27.so
7fe4d4f16000-7fe4d4f1c000 rw-p 00000000 00:00 0 
7fe4d4f1c000-7fe4d4f33000 r-xp 00000000 fd:00 44176087                   /lib/x86_64-linux-gnu/libnsl-2.27.so
7fe4d4f33000-7fe4d5132000 ---p 00017000 fd:00 44176087                   /lib/x86_64-linux-gnu/libnsl-2.27.so
7fe4d5132000-7fe4d5133000 r--p 00016000 fd:00 44176087                   /lib/x86_64-linux-gnu/libnsl-2.27.so
7fe4d5133000-7fe4d5134000 rw-p 00017000 fd:00 44176087                   /lib/x86_64-linux-gnu/libnsl-2.27.so
7fe4d5134000-7fe4d5136000 rw-p 00000000 00:00 0 
7fe4d5136000-7fe4d5141000 r-xp 00000000 fd:00 44176104                   /lib/x86_64-linux-gnu/libnss_nis-2.27.so
7fe4d5141000-7fe4d5340000 ---p 0000b000 fd:00 44176104                   /lib/x86_64-linux-gnu/libnss_nis-2.27.so
7fe4d5340000-7fe4d5341000 r--p 0000a000 fd:00 44176104                   /lib/x86_64-linux-gnu/libnss_nis-2.27.so
7fe4d5341000-7fe4d5342000 rw-p 0000b000 fd:00 44176104                   /lib/x86_64-linux-gnu/libnss_nis-2.27.so
7fe4d5342000-7fe4d534a000 r-xp 00000000 fd:00 44176089                   /lib/x86_64-linux-gnu/libnss_compat-2.27.so
7fe4d534a000-7fe4d554a000 ---p 00008000 fd:00 44176089                   /lib/x86_64-linux-gnu/libnss_compat-2.27.so
7fe4d554a000-7fe4d554b000 r--p 00008000 fd:00 44176089                   /lib/x86_64-linux-gnu/libnss_compat-2.27.so
7fe4d554b000-7fe4d554c000 rw-p 00009000 fd:00 44176089                   /lib/x86_64-linux-gnu/libnss_compat-2.27.so
7fe4d554c000-7fe4d5578000 r-xp 00000000 fd:00 20186035                   /usr/lib/jvm/java-11-openjdk-amd64/lib/libjava.so
7fe4d5578000-7fe4d5777000 ---p 0002c000 fd:00 20186035                   /usr/lib/jvm/java-11-openjdk-amd64/lib/libjava.so
7fe4d5777000-7fe4d5778000 r--p 0002b000 fd:00 20186035                   /usr/lib/jvm/java-11-openjdk-amd64/lib/libjava.so
7fe4d5778000-7fe4d577a000 rw-p 0002c000 fd:00 20186035                   /usr/lib/jvm/java-11-openjdk-amd64/lib/libjava.so
7fe4d577a000-7fe4d5787000 r-xp 00000000 fd:00 20186055                   /usr/lib/jvm/java-11-openjdk-amd64/lib/libverify.so
7fe4d5787000-7fe4d5986000 ---p 0000d000 fd:00 20186055                   /usr/lib/jvm/java-11-openjdk-amd64/lib/libverify.so
7fe4d5986000-7fe4d5988000 r--p 0000c000 fd:00 20186055                   /usr/lib/jvm/java-11-openjdk-amd64/lib/libverify.so
7fe4d5988000-7fe4d5989000 rw-p 0000e000 fd:00 20186055                   /usr/lib/jvm/java-11-openjdk-amd64/lib/libverify.so
7fe4d5989000-7fe4d5990000 r-xp 00000000 fd:00 44176144                   /lib/x86_64-linux-gnu/librt-2.27.so
7fe4d5990000-7fe4d5b8f000 ---p 00007000 fd:00 44176144                   /lib/x86_64-linux-gnu/librt-2.27.so
7fe4d5b8f000-7fe4d5b90000 r--p 00006000 fd:00 44176144                   /lib/x86_64-linux-gnu/librt-2.27.so
7fe4d5b90000-7fe4d5b91000 rw-p 00007000 fd:00 44176144                   /lib/x86_64-linux-gnu/librt-2.27.so
7fe4d5b91000-7fe4d5ba8000 r-xp 00000000 fd:00 44175907                   /lib/x86_64-linux-gnu/libgcc_s.so.1
7fe4d5ba8000-7fe4d5da7000 ---p 00017000 fd:00 44175907                   /lib/x86_64-linux-gnu/libgcc_s.so.1
7fe4d5da7000-7fe4d5da8000 r--p 00016000 fd:00 44175907                   /lib/x86_64-linux-gnu/libgcc_s.so.1
7fe4d5da8000-7fe4d5da9000 rw-p 00017000 fd:00 44175907                   /lib/x86_64-linux-gnu/libgcc_s.so.1
7fe4d5da9000-7fe4d5f46000 r-xp 00000000 fd:00 44176066                   /lib/x86_64-linux-gnu/libm-2.27.so
7fe4d5f46000-7fe4d6145000 ---p 0019d000 fd:00 44176066                   /lib/x86_64-linux-gnu/libm-2.27.so
7fe4d6145000-7fe4d6146000 r--p 0019c000 fd:00 44176066                   /lib/x86_64-linux-gnu/libm-2.27.so
7fe4d6146000-7fe4d6147000 rw-p 0019d000 fd:00 44176066                   /lib/x86_64-linux-gnu/libm-2.27.so
7fe4d6147000-7fe4d62c0000 r-xp 00000000 fd:00 18090134                   /usr/lib/x86_64-linux-gnu/libstdc++.so.6.0.25
7fe4d62c0000-7fe4d64c0000 ---p 00179000 fd:00 18090134                   /usr/lib/x86_64-linux-gnu/libstdc++.so.6.0.25
7fe4d64c0000-7fe4d64ca000 r--p 00179000 fd:00 18090134                   /usr/lib/x86_64-linux-gnu/libstdc++.so.6.0.25
7fe4d64ca000-7fe4d64cc000 rw-p 00183000 fd:00 18090134                   /usr/lib/x86_64-linux-gnu/libstdc++.so.6.0.25
7fe4d64cc000-7fe4d64d0000 rw-p 00000000 00:00 0 
7fe4d64d0000-7fe4d746d000 r-xp 00000000 fd:00 20186062                   /usr/lib/jvm/java-11-openjdk-amd64/lib/server/libjvm.so
7fe4d746d000-7fe4d766d000 ---p 00f9d000 fd:00 20186062                   /usr/lib/jvm/java-11-openjdk-amd64/lib/server/libjvm.so
7fe4d766d000-7fe4d7731000 r--p 00f9d000 fd:00 20186062                   /usr/lib/jvm/java-11-openjdk-amd64/lib/server/libjvm.so
7fe4d7731000-7fe4d7769000 rw-p 01061000 fd:00 20186062                   /usr/lib/jvm/java-11-openjdk-amd64/lib/server/libjvm.so
7fe4d7769000-7fe4d77b2000 rw-p 00000000 00:00 0 
7fe4d77b2000-7fe4d77cc000 r-xp 00000000 fd:00 44176136                   /lib/x86_64-linux-gnu/libpthread-2.27.so
7fe4d77cc000-7fe4d79cb000 ---p 0001a000 fd:00 44176136                   /lib/x86_64-linux-gnu/libpthread-2.27.so
7fe4d79cb000-7fe4d79cc000 r--p 00019000 fd:00 44176136                   /lib/x86_64-linux-gnu/libpthread-2.27.so
7fe4d79cc000-7fe4d79cd000 rw-p 0001a000 fd:00 44176136                   /lib/x86_64-linux-gnu/libpthread-2.27.so
7fe4d79cd000-7fe4d79d1000 rw-p 00000000 00:00 0 
7fe4d79d1000-7fe4d79d4000 r-xp 00000000 fd:00 44176026                   /lib/x86_64-linux-gnu/libdl-2.27.so
7fe4d79d4000-7fe4d7bd3000 ---p 00003000 fd:00 44176026                   /lib/x86_64-linux-gnu/libdl-2.27.so
7fe4d7bd3000-7fe4d7bd4000 r--p 00002000 fd:00 44176026                   /lib/x86_64-linux-gnu/libdl-2.27.so
7fe4d7bd4000-7fe4d7bd5000 rw-p 00003000 fd:00 44176026                   /lib/x86_64-linux-gnu/libdl-2.27.so
7fe4d7bd5000-7fe4d7bf1000 r-xp 00000000 fd:00 44176175                   /lib/x86_64-linux-gnu/libz.so.1.2.11
7fe4d7bf1000-7fe4d7df0000 ---p 0001c000 fd:00 44176175                   /lib/x86_64-linux-gnu/libz.so.1.2.11
7fe4d7df0000-7fe4d7df1000 r--p 0001b000 fd:00 44176175                   /lib/x86_64-linux-gnu/libz.so.1.2.11
7fe4d7df1000-7fe4d7df2000 rw-p 0001c000 fd:00 44176175                   /lib/x86_64-linux-gnu/libz.so.1.2.11
7fe4d7df2000-7fe4d7fd9000 r-xp 00000000 fd:00 44176003                   /lib/x86_64-linux-gnu/libc-2.27.so
7fe4d7fd9000-7fe4d81d9000 ---p 001e7000 fd:00 44176003                   /lib/x86_64-linux-gnu/libc-2.27.so
7fe4d81d9000-7fe4d81dd000 r--p 001e7000 fd:00 44176003                   /lib/x86_64-linux-gnu/libc-2.27.so
7fe4d81dd000-7fe4d81df000 rw-p 001eb000 fd:00 44176003                   /lib/x86_64-linux-gnu/libc-2.27.so
7fe4d81df000-7fe4d81e3000 rw-p 00000000 00:00 0 
7fe4d81e3000-7fe4d81f2000 r-xp 00000000 fd:00 20186020                   /usr/lib/jvm/java-11-openjdk-amd64/lib/jli/libjli.so
7fe4d81f2000-7fe4d83f1000 ---p 0000f000 fd:00 20186020                   /usr/lib/jvm/java-11-openjdk-amd64/lib/jli/libjli.so
7fe4d83f1000-7fe4d83f2000 r--p 0000e000 fd:00 20186020                   /usr/lib/jvm/java-11-openjdk-amd64/lib/jli/libjli.so
7fe4d83f2000-7fe4d83f3000 rw-p 0000f000 fd:00 20186020                   /usr/lib/jvm/java-11-openjdk-amd64/lib/jli/libjli.so
7fe4d83f3000-7fe4d841a000 r-xp 00000000 fd:00 44175975                   /lib/x86_64-linux-gnu/ld-2.27.so
7fe4d8496000-7fe4d84fd000 rw-p 00000000 00:00 0 
7fe4d84fd000-7fe4d8501000 ---p 00000000 00:00 0 
7fe4d8501000-7fe4d8600000 rw-p 00000000 00:00 0 
7fe4d8601000-7fe4d8607000 rw-p 00000000 00:00 0 
7fe4d8607000-7fe4d860e000 ---p 00000000 00:00 0 
7fe4d860e000-7fe4d8616000 rw-s 00000000 fd:00 16121869                   /tmp/hsperfdata_minecraft/29445
7fe4d8616000-7fe4d8617000 ---p 00000000 00:00 0 
7fe4d8617000-7fe4d8618000 r--p 00000000 00:00 0 
7fe4d8618000-7fe4d861a000 rw-p 00000000 00:00 0 
7fe4d861a000-7fe4d861b000 r--p 00027000 fd:00 44175975                   /lib/x86_64-linux-gnu/ld-2.27.so
7fe4d861b000-7fe4d861c000 rw-p 00028000 fd:00 44175975                   /lib/x86_64-linux-gnu/ld-2.27.so
7fe4d861c000-7fe4d861d000 rw-p 00000000 00:00 0 
7ffdb6514000-7ffdb6535000 rw-p 00000000 00:00 0                          [stack]
7ffdb65eb000-7ffdb65ee000 r--p 00000000 00:00 0                          [vvar]
7ffdb65ee000-7ffdb65f0000 r-xp 00000000 00:00 0                          [vdso]
ffffffffff600000-ffffffffff601000 r-xp 00000000 00:00 0                  [vsyscall]


VM Arguments:
jvm_args: -Xms3g -Xmx3g 
java_command: server.jar nogui
java_class_path (initial): server.jar
Launcher Type: SUN_STANDARD

Logging:
Log output configuration:
#0: stdout all=warning uptime,level,tags
#1: stderr all=off uptime,level,tags

Environment Variables:
PATH=/usr/local/sbin:/usr/local/bin:/usr/sbin:/usr/bin:/sbin:/bin
SHELL=/bin/sh

Signal Handlers:
SIGSEGV: [libjvm.so+0xd28b70], sa_mask[0]=11111111011111111101111111111110, sa_flags=SA_RESTART|SA_SIGINFO
SIGBUS: [libjvm.so+0xd28b70], sa_mask[0]=11111111011111111101111111111110, sa_flags=SA_RESTART|SA_SIGINFO
SIGFPE: [libjvm.so+0xd28b70], sa_mask[0]=11111111011111111101111111111110, sa_flags=SA_RESTART|SA_SIGINFO
SIGPIPE: [libjvm.so+0xb2a1f0], sa_mask[0]=11111111011111111101111111111110, sa_flags=SA_RESTART|SA_SIGINFO
SIGXFSZ: [libjvm.so+0xb2a1f0], sa_mask[0]=11111111011111111101111111111110, sa_flags=SA_RESTART|SA_SIGINFO
SIGILL: [libjvm.so+0xd28b70], sa_mask[0]=11111111011111111101111111111110, sa_flags=SA_RESTART|SA_SIGINFO
SIGUSR2: [libjvm.so+0xb2a030], sa_mask[0]=00000000000000000000000000000000, sa_flags=SA_RESTART|SA_SIGINFO
SIGHUP: SIG_DFL, sa_mask[0]=00000000000000000000000000000000, sa_flags=none
SIGINT: SIG_DFL, sa_mask[0]=00000000000000000000000000000000, sa_flags=none
SIGTERM: SIG_DFL, sa_mask[0]=00000000000000000000000000000000, sa_flags=none
SIGQUIT: SIG_DFL, sa_mask[0]=00000000000000000000000000000000, sa_flags=none


---------------  S Y S T E M  ---------------

OS:DISTRIB_ID=Ubuntu
DISTRIB_RELEASE=18.04
DISTRIB_CODENAME=bionic
DISTRIB_DESCRIPTION="Ubuntu 18.04.2 LTS"
uname:Linux 4.15.0-46-generic #49-Ubuntu SMP Wed Feb 6 09:33:07 UTC 2019 x86_64
libc:glibc 2.27 NPTL 2.27 
rlimit: STACK 8192k, CORE 0k, NPROC 15099, NOFILE 4096, AS infinity, DATA infinity, FSIZE infinity
load average:1.42 1.46 1.44

/proc/meminfo:
MemTotal:        3943748 kB
MemFree:          477252 kB
MemAvailable:    1697976 kB
Buffers:           33780 kB
Cached:          1390264 kB
SwapCached:         4156 kB
Active:          2311804 kB
Inactive:         969628 kB
Active(anon):    1580844 kB
Inactive(anon):   306668 kB
Active(file):     730960 kB
Inactive(file):   662960 kB
Unevictable:           0 kB
Mlocked:               0 kB
SwapTotal:        999420 kB
SwapFree:         571056 kB
Dirty:              9044 kB
Writeback:             0 kB
AnonPages:       1855536 kB
Mapped:           134544 kB
Shmem:             30128 kB
Slab:             100176 kB
SReclaimable:      59144 kB
SUnreclaim:        41032 kB
KernelStack:        5968 kB
PageTables:        22816 kB
NFS_Unstable:          0 kB
Bounce:                0 kB
WritebackTmp:          0 kB
CommitLimit:     2971292 kB
Committed_AS:    3062112 kB
VmallocTotal:   34359738367 kB
VmallocUsed:           0 kB
VmallocChunk:          0 kB
HardwareCorrupted:     0 kB
AnonHugePages:         0 kB
ShmemHugePages:        0 kB
ShmemPmdMapped:        0 kB
CmaTotal:              0 kB
CmaFree:               0 kB
HugePages_Total:       0
HugePages_Free:        0
HugePages_Rsvd:        0
HugePages_Surp:        0
Hugepagesize:       2048 kB
DirectMap4k:      154224 kB
DirectMap2M:     3944448 kB
DirectMap1G:           0 kB

container (cgroup) information:
container_type: cgroupv1
cpu_cpuset_cpus: 0-3
cpu_memory_nodes: 0
active_processor_count: 4
cpu_quota: -1
cpu_period: 100000
cpu_shares: -1
memory_limit_in_bytes: -1
memory_and_swap_limit_in_bytes: -2
memory_soft_limit_in_bytes: -1
memory_usage_in_bytes: 3359379456
memory_max_usage_in_bytes: 2048000


CPU:total 4 (initial active 4) (2 cores per cpu, 2 threads per core) family 6 model 69 stepping 1, cmov, cx8, fxsr, mmx, sse, sse2, sse3, ssse3, sse4.1, sse4.2, popcnt, avx, avx2, aes, clmul, erms, lzcnt, ht, tsc, tscinvbit, bmi1, bmi2, fma
CPU Model and flags from /proc/cpuinfo:
model name	: Intel(R) Core(TM) i7-4500U CPU @ 1.80GHz
flags		: fpu vme de pse tsc msr pae mce cx8 apic sep mtrr pge mca cmov pat pse36 clflush dts acpi mmx fxsr sse sse2 ss ht tm pbe syscall nx pdpe1gb rdtscp lm constant_tsc arch_perfmon pebs bts rep_good nopl xtopology nonstop_tsc cpuid aperfmperf pni pclmulqdq dtes64 monitor ds_cpl vmx est tm2 ssse3 sdbg fma cx16 xtpr pdcm pcid sse4_1 sse4_2 movbe popcnt tsc_deadline_timer aes xsave avx f16c rdrand lahf_lm abm cpuid_fault epb invpcid_single pti ssbd ibrs ibpb stibp tpr_shadow vnmi flexpriority ept vpid fsgsbase tsc_adjust bmi1 avx2 smep bmi2 erms invpcid xsaveopt dtherm ida arat pln pts flush_l1d

Memory: 4k page, physical 3943748k(477252k free), swap 999420k(571056k free)

vm_info: OpenJDK 64-Bit Server VM (10.0.2+13-Ubuntu-1ubuntu0.18.04.4) for linux-amd64 JRE (10.0.2+13-Ubuntu-1ubuntu0.18.04.4), built on Nov 13 2018 12:53:39 by "buildd" with gcc 7.3.0

END.
