#
# There is insufficient memory for the Java Runtime Environment to continue.
# Native memory allocation (mmap) failed to map 3221225472 bytes for committing reserved memory.
# Possible reasons:
#   The system is out of physical RAM or swap space
#   The process is running with CompressedOops enabled, and the Java Heap may be blocking the growth of the native heap
# Possible solutions:
#   Reduce memory load on the system
#   Increase physical memory or swap space
#   Check if swap backing store is full
#   Decrease Java heap size (-Xmx/-Xms)
#   Decrease number of Java threads
#   Decrease Java thread stack sizes (-Xss)
#   Set larger code cache with -XX:ReservedCodeCacheSize=
# This output file may be truncated or incomplete.
#
#  Out of Memory Error (os_linux.cpp:2706), pid=18452, tid=18453
#
# JRE version:  (10.0.2+13) (build )
# Java VM: OpenJDK 64-Bit Server VM (10.0.2+13-Ubuntu-1ubuntu0.18.04.4, mixed mode, aot, tiered, compressed oops, g1 gc, linux-amd64)
# Core dump will be written. Default location: Core dumps may be processed with "/usr/share/apport/apport %p %s %c %d %P" (or dumping to /opt/forno/minecraft/core.18452)
#

---------------  S U M M A R Y ------------

Command Line: -Xms3g -Xmx3g server.jar nogui

Host: Intel(R) Core(TM) i7-4500U CPU @ 1.80GHz, 4 cores, 3G, Ubuntu 18.04.2 LTS
Time: Thu Mar 21 09:12:37 2019 JST elapsed time: 0 seconds (0d 0h 0m 0s)

---------------  T H R E A D  ---------------

Current thread (0x00007fbf08011000):  JavaThread "Unknown thread" [_thread_in_vm, id=18453, stack(0x00007fbf11852000,0x00007fbf11953000)]

Stack: [0x00007fbf11852000,0x00007fbf11953000],  sp=0x00007fbf119512e0,  free space=1020k
Native frames: (J=compiled Java code, A=aot compiled Java code, j=interpreted, Vv=VM code, C=native code)
V  [libjvm.so+0xd27ea4]
V  [libjvm.so+0xd28a4b]
V  [libjvm.so+0x64d415]
V  [libjvm.so+0xb2d7c8]
V  [libjvm.so+0xb2601d]
V  [libjvm.so+0x7662ff]
V  [libjvm.so+0x76653e]
V  [libjvm.so+0x769500]
V  [libjvm.so+0x7efa1c]
V  [libjvm.so+0x7f06df]
V  [libjvm.so+0x7f0b59]
V  [libjvm.so+0x7162cf]
V  [libjvm.so+0x71afd3]
V  [libjvm.so+0xce5dc2]
V  [libjvm.so+0xce60c6]
V  [libjvm.so+0x807d57]
V  [libjvm.so+0xcc7ac4]
V  [libjvm.so+0x8601b1]  JNI_CreateJavaVM+0x51
C  [libjli.so+0x3d83]
C  [libjli.so+0x89dd]
C  [libpthread.so.0+0x76db]  start_thread+0xdb


---------------  P R O C E S S  ---------------

Threads class SMR info:
_java_thread_list=0x0000563ef96846b0, length=0, elements={
}

Java Threads: ( => current thread )

Other Threads:
  0x00007fbf08028000 GCTaskThread "GC Thread#0" [stack: 0x00007fbf0d97b000,0x00007fbf0da7b000] [id=18455]
  0x00007fbf08029000 GCTaskThread "GC Thread#1" [stack: 0x00007fbf0d879000,0x00007fbf0d979000] [id=18456]
  0x00007fbf0802b000 GCTaskThread "GC Thread#2" [stack: 0x00007fbf0d777000,0x00007fbf0d877000] [id=18457]
  0x00007fbf0802c800 GCTaskThread "GC Thread#3" [stack: 0x00007fbf0d675000,0x00007fbf0d775000] [id=18458]
  0x00007fbf0806a000 ConcurrentGCThread "G1 Main Marker" [stack: 0x00007fbeec965000,0x00007fbeeca65000] [id=18459]
  0x00007fbf0806c000 ConcurrentGCThread "G1 Conc#0" [stack: 0x00007fbeec863000,0x00007fbeec963000] [id=18460]

[error occurred during error reporting (printing all threads), id 0xe0000002]

VM state:not at safepoint (not fully initialized)

VM Mutex/Monitor currently owned by a thread:  ([mutex/lock_event])
[0x00007fbf0800df30] Heap_lock - owner thread: 0x00007fbf08011000

Heap address: 0x0000000700000000, size: 3072 MB, Compressed Oops mode: Non-zero based: 0x0000000700000000
Narrow klass base: 0x0000000000000000, Narrow klass shift: 0

GC Heap History (0 events):
No events

Deoptimization events (0 events):
No events

Classes redefined (0 events):
No events

Internal exceptions (0 events):
No events

Events (0 events):
No events


Dynamic libraries:
563ef8165000-563ef8166000 r-xp 00000000 fd:00 20185882                   /usr/lib/jvm/java-11-openjdk-amd64/bin/java
563ef8366000-563ef8367000 r--p 00001000 fd:00 20185882                   /usr/lib/jvm/java-11-openjdk-amd64/bin/java
563ef8367000-563ef8368000 rw-p 00002000 fd:00 20185882                   /usr/lib/jvm/java-11-openjdk-amd64/bin/java
563ef966d000-563ef968e000 rw-p 00000000 00:00 0                          [heap]
7fbecc000000-7fbecc021000 rw-p 00000000 00:00 0 
7fbecc021000-7fbed0000000 ---p 00000000 00:00 0 
7fbed2000000-7fbed4000000 rw-p 00000000 00:00 0 
7fbed4000000-7fbed4021000 rw-p 00000000 00:00 0 
7fbed4021000-7fbed8000000 ---p 00000000 00:00 0 
7fbed8000000-7fbed8021000 rw-p 00000000 00:00 0 
7fbed8021000-7fbedc000000 ---p 00000000 00:00 0 
7fbedd000000-7fbee0000000 ---p 00000000 00:00 0 
7fbee0000000-7fbee0021000 rw-p 00000000 00:00 0 
7fbee0021000-7fbee4000000 ---p 00000000 00:00 0 
7fbee4000000-7fbee4021000 rw-p 00000000 00:00 0 
7fbee4021000-7fbee8000000 ---p 00000000 00:00 0 
7fbee8000000-7fbee8021000 rw-p 00000000 00:00 0 
7fbee8021000-7fbeec000000 ---p 00000000 00:00 0 
7fbeec45d000-7fbeec861000 rw-p 00000000 00:00 0 
7fbeec861000-7fbeec862000 ---p 00000000 00:00 0 
7fbeec862000-7fbeec963000 rw-p 00000000 00:00 0 
7fbeec963000-7fbeec964000 ---p 00000000 00:00 0 
7fbeec964000-7fbeecb25000 rw-p 00000000 00:00 0 
7fbeecb25000-7fbeefb25000 ---p 00000000 00:00 0 
7fbeefb25000-7fbeefd95000 rwxp 00000000 00:00 0 
7fbeefd95000-7fbef00b5000 ---p 00000000 00:00 0 
7fbef00b5000-7fbef0325000 rwxp 00000000 00:00 0 
7fbef0325000-7fbef75ed000 ---p 00000000 00:00 0 
7fbef75ed000-7fbef785d000 rwxp 00000000 00:00 0 
7fbef785d000-7fbefeb25000 ---p 00000000 00:00 0 
7fbefeb25000-7fbf08000000 r--s 00000000 fd:00 20186057                   /usr/lib/jvm/java-11-openjdk-amd64/lib/modules
7fbf08000000-7fbf08083000 rw-p 00000000 00:00 0 
7fbf08083000-7fbf0c000000 ---p 00000000 00:00 0 
7fbf0c06f000-7fbf0d26f000 ---p 00000000 00:00 0 
7fbf0d26f000-7fbf0d673000 rw-p 00000000 00:00 0 
7fbf0d673000-7fbf0d674000 ---p 00000000 00:00 0 
7fbf0d674000-7fbf0d775000 rw-p 00000000 00:00 0 
7fbf0d775000-7fbf0d776000 ---p 00000000 00:00 0 
7fbf0d776000-7fbf0d877000 rw-p 00000000 00:00 0 
7fbf0d877000-7fbf0d878000 ---p 00000000 00:00 0 
7fbf0d878000-7fbf0d979000 rw-p 00000000 00:00 0 
7fbf0d979000-7fbf0d97a000 ---p 00000000 00:00 0 
7fbf0d97a000-7fbf0da80000 rw-p 00000000 00:00 0 
7fbf0da80000-7fbf0db66000 ---p 00000000 00:00 0 
7fbf0db66000-7fbf0db6b000 rw-p 00000000 00:00 0 
7fbf0db6b000-7fbf0dc51000 ---p 00000000 00:00 0 
7fbf0dc51000-7fbf0dc56000 r-xp 00000000 fd:00 20186039                   /usr/lib/jvm/java-11-openjdk-amd64/lib/libjimage.so
7fbf0dc56000-7fbf0de55000 ---p 00005000 fd:00 20186039                   /usr/lib/jvm/java-11-openjdk-amd64/lib/libjimage.so
7fbf0de55000-7fbf0de56000 r--p 00004000 fd:00 20186039                   /usr/lib/jvm/java-11-openjdk-amd64/lib/libjimage.so
7fbf0de56000-7fbf0de57000 rw-p 00005000 fd:00 20186039                   /usr/lib/jvm/java-11-openjdk-amd64/lib/libjimage.so
7fbf0de57000-7fbf0de5e000 r-xp 00000000 fd:00 20186056                   /usr/lib/jvm/java-11-openjdk-amd64/lib/libzip.so
7fbf0de5e000-7fbf0e05d000 ---p 00007000 fd:00 20186056                   /usr/lib/jvm/java-11-openjdk-amd64/lib/libzip.so
7fbf0e05d000-7fbf0e05e000 r--p 00006000 fd:00 20186056                   /usr/lib/jvm/java-11-openjdk-amd64/lib/libzip.so
7fbf0e05e000-7fbf0e05f000 rw-p 00007000 fd:00 20186056                   /usr/lib/jvm/java-11-openjdk-amd64/lib/libzip.so
7fbf0e05f000-7fbf0e06a000 r-xp 00000000 fd:00 44176093                   /lib/x86_64-linux-gnu/libnss_files-2.27.so
7fbf0e06a000-7fbf0e269000 ---p 0000b000 fd:00 44176093                   /lib/x86_64-linux-gnu/libnss_files-2.27.so
7fbf0e269000-7fbf0e26a000 r--p 0000a000 fd:00 44176093                   /lib/x86_64-linux-gnu/libnss_files-2.27.so
7fbf0e26a000-7fbf0e26b000 rw-p 0000b000 fd:00 44176093                   /lib/x86_64-linux-gnu/libnss_files-2.27.so
7fbf0e26b000-7fbf0e271000 rw-p 00000000 00:00 0 
7fbf0e271000-7fbf0e288000 r-xp 00000000 fd:00 44176087                   /lib/x86_64-linux-gnu/libnsl-2.27.so
7fbf0e288000-7fbf0e487000 ---p 00017000 fd:00 44176087                   /lib/x86_64-linux-gnu/libnsl-2.27.so
7fbf0e487000-7fbf0e488000 r--p 00016000 fd:00 44176087                   /lib/x86_64-linux-gnu/libnsl-2.27.so
7fbf0e488000-7fbf0e489000 rw-p 00017000 fd:00 44176087                   /lib/x86_64-linux-gnu/libnsl-2.27.so
7fbf0e489000-7fbf0e48b000 rw-p 00000000 00:00 0 
7fbf0e48b000-7fbf0e496000 r-xp 00000000 fd:00 44176104                   /lib/x86_64-linux-gnu/libnss_nis-2.27.so
7fbf0e496000-7fbf0e695000 ---p 0000b000 fd:00 44176104                   /lib/x86_64-linux-gnu/libnss_nis-2.27.so
7fbf0e695000-7fbf0e696000 r--p 0000a000 fd:00 44176104                   /lib/x86_64-linux-gnu/libnss_nis-2.27.so
7fbf0e696000-7fbf0e697000 rw-p 0000b000 fd:00 44176104                   /lib/x86_64-linux-gnu/libnss_nis-2.27.so
7fbf0e697000-7fbf0e69f000 r-xp 00000000 fd:00 44176089                   /lib/x86_64-linux-gnu/libnss_compat-2.27.so
7fbf0e69f000-7fbf0e89f000 ---p 00008000 fd:00 44176089                   /lib/x86_64-linux-gnu/libnss_compat-2.27.so
7fbf0e89f000-7fbf0e8a0000 r--p 00008000 fd:00 44176089                   /lib/x86_64-linux-gnu/libnss_compat-2.27.so
7fbf0e8a0000-7fbf0e8a1000 rw-p 00009000 fd:00 44176089                   /lib/x86_64-linux-gnu/libnss_compat-2.27.so
7fbf0e8a1000-7fbf0e8cd000 r-xp 00000000 fd:00 20186035                   /usr/lib/jvm/java-11-openjdk-amd64/lib/libjava.so
7fbf0e8cd000-7fbf0eacc000 ---p 0002c000 fd:00 20186035                   /usr/lib/jvm/java-11-openjdk-amd64/lib/libjava.so
7fbf0eacc000-7fbf0eacd000 r--p 0002b000 fd:00 20186035                   /usr/lib/jvm/java-11-openjdk-amd64/lib/libjava.so
7fbf0eacd000-7fbf0eacf000 rw-p 0002c000 fd:00 20186035                   /usr/lib/jvm/java-11-openjdk-amd64/lib/libjava.so
7fbf0eacf000-7fbf0eadc000 r-xp 00000000 fd:00 20186055                   /usr/lib/jvm/java-11-openjdk-amd64/lib/libverify.so
7fbf0eadc000-7fbf0ecdb000 ---p 0000d000 fd:00 20186055                   /usr/lib/jvm/java-11-openjdk-amd64/lib/libverify.so
7fbf0ecdb000-7fbf0ecdd000 r--p 0000c000 fd:00 20186055                   /usr/lib/jvm/java-11-openjdk-amd64/lib/libverify.so
7fbf0ecdd000-7fbf0ecde000 rw-p 0000e000 fd:00 20186055                   /usr/lib/jvm/java-11-openjdk-amd64/lib/libverify.so
7fbf0ecde000-7fbf0ece5000 r-xp 00000000 fd:00 44176144                   /lib/x86_64-linux-gnu/librt-2.27.so
7fbf0ece5000-7fbf0eee4000 ---p 00007000 fd:00 44176144                   /lib/x86_64-linux-gnu/librt-2.27.so
7fbf0eee4000-7fbf0eee5000 r--p 00006000 fd:00 44176144                   /lib/x86_64-linux-gnu/librt-2.27.so
7fbf0eee5000-7fbf0eee6000 rw-p 00007000 fd:00 44176144                   /lib/x86_64-linux-gnu/librt-2.27.so
7fbf0eee6000-7fbf0eefd000 r-xp 00000000 fd:00 44175907                   /lib/x86_64-linux-gnu/libgcc_s.so.1
7fbf0eefd000-7fbf0f0fc000 ---p 00017000 fd:00 44175907                   /lib/x86_64-linux-gnu/libgcc_s.so.1
7fbf0f0fc000-7fbf0f0fd000 r--p 00016000 fd:00 44175907                   /lib/x86_64-linux-gnu/libgcc_s.so.1
7fbf0f0fd000-7fbf0f0fe000 rw-p 00017000 fd:00 44175907                   /lib/x86_64-linux-gnu/libgcc_s.so.1
7fbf0f0fe000-7fbf0f29b000 r-xp 00000000 fd:00 44176066                   /lib/x86_64-linux-gnu/libm-2.27.so
7fbf0f29b000-7fbf0f49a000 ---p 0019d000 fd:00 44176066                   /lib/x86_64-linux-gnu/libm-2.27.so
7fbf0f49a000-7fbf0f49b000 r--p 0019c000 fd:00 44176066                   /lib/x86_64-linux-gnu/libm-2.27.so
7fbf0f49b000-7fbf0f49c000 rw-p 0019d000 fd:00 44176066                   /lib/x86_64-linux-gnu/libm-2.27.so
7fbf0f49c000-7fbf0f615000 r-xp 00000000 fd:00 18090134                   /usr/lib/x86_64-linux-gnu/libstdc++.so.6.0.25
7fbf0f615000-7fbf0f815000 ---p 00179000 fd:00 18090134                   /usr/lib/x86_64-linux-gnu/libstdc++.so.6.0.25
7fbf0f815000-7fbf0f81f000 r--p 00179000 fd:00 18090134                   /usr/lib/x86_64-linux-gnu/libstdc++.so.6.0.25
7fbf0f81f000-7fbf0f821000 rw-p 00183000 fd:00 18090134                   /usr/lib/x86_64-linux-gnu/libstdc++.so.6.0.25
7fbf0f821000-7fbf0f825000 rw-p 00000000 00:00 0 
7fbf0f825000-7fbf107c2000 r-xp 00000000 fd:00 20186062                   /usr/lib/jvm/java-11-openjdk-amd64/lib/server/libjvm.so
7fbf107c2000-7fbf109c2000 ---p 00f9d000 fd:00 20186062                   /usr/lib/jvm/java-11-openjdk-amd64/lib/server/libjvm.so
7fbf109c2000-7fbf10a86000 r--p 00f9d000 fd:00 20186062                   /usr/lib/jvm/java-11-openjdk-amd64/lib/server/libjvm.so
7fbf10a86000-7fbf10abe000 rw-p 01061000 fd:00 20186062                   /usr/lib/jvm/java-11-openjdk-amd64/lib/server/libjvm.so
7fbf10abe000-7fbf10b07000 rw-p 00000000 00:00 0 
7fbf10b07000-7fbf10b21000 r-xp 00000000 fd:00 44176136                   /lib/x86_64-linux-gnu/libpthread-2.27.so
7fbf10b21000-7fbf10d20000 ---p 0001a000 fd:00 44176136                   /lib/x86_64-linux-gnu/libpthread-2.27.so
7fbf10d20000-7fbf10d21000 r--p 00019000 fd:00 44176136                   /lib/x86_64-linux-gnu/libpthread-2.27.so
7fbf10d21000-7fbf10d22000 rw-p 0001a000 fd:00 44176136                   /lib/x86_64-linux-gnu/libpthread-2.27.so
7fbf10d22000-7fbf10d26000 rw-p 00000000 00:00 0 
7fbf10d26000-7fbf10d29000 r-xp 00000000 fd:00 44176026                   /lib/x86_64-linux-gnu/libdl-2.27.so
7fbf10d29000-7fbf10f28000 ---p 00003000 fd:00 44176026                   /lib/x86_64-linux-gnu/libdl-2.27.so
7fbf10f28000-7fbf10f29000 r--p 00002000 fd:00 44176026                   /lib/x86_64-linux-gnu/libdl-2.27.so
7fbf10f29000-7fbf10f2a000 rw-p 00003000 fd:00 44176026                   /lib/x86_64-linux-gnu/libdl-2.27.so
7fbf10f2a000-7fbf10f46000 r-xp 00000000 fd:00 44176175                   /lib/x86_64-linux-gnu/libz.so.1.2.11
7fbf10f46000-7fbf11145000 ---p 0001c000 fd:00 44176175                   /lib/x86_64-linux-gnu/libz.so.1.2.11
7fbf11145000-7fbf11146000 r--p 0001b000 fd:00 44176175                   /lib/x86_64-linux-gnu/libz.so.1.2.11
7fbf11146000-7fbf11147000 rw-p 0001c000 fd:00 44176175                   /lib/x86_64-linux-gnu/libz.so.1.2.11
7fbf11147000-7fbf1132e000 r-xp 00000000 fd:00 44176003                   /lib/x86_64-linux-gnu/libc-2.27.so
7fbf1132e000-7fbf1152e000 ---p 001e7000 fd:00 44176003                   /lib/x86_64-linux-gnu/libc-2.27.so
7fbf1152e000-7fbf11532000 r--p 001e7000 fd:00 44176003                   /lib/x86_64-linux-gnu/libc-2.27.so
7fbf11532000-7fbf11534000 rw-p 001eb000 fd:00 44176003                   /lib/x86_64-linux-gnu/libc-2.27.so
7fbf11534000-7fbf11538000 rw-p 00000000 00:00 0 
7fbf11538000-7fbf11547000 r-xp 00000000 fd:00 20186020                   /usr/lib/jvm/java-11-openjdk-amd64/lib/jli/libjli.so
7fbf11547000-7fbf11746000 ---p 0000f000 fd:00 20186020                   /usr/lib/jvm/java-11-openjdk-amd64/lib/jli/libjli.so
7fbf11746000-7fbf11747000 r--p 0000e000 fd:00 20186020                   /usr/lib/jvm/java-11-openjdk-amd64/lib/jli/libjli.so
7fbf11747000-7fbf11748000 rw-p 0000f000 fd:00 20186020                   /usr/lib/jvm/java-11-openjdk-amd64/lib/jli/libjli.so
7fbf11748000-7fbf1176f000 r-xp 00000000 fd:00 44175975                   /lib/x86_64-linux-gnu/ld-2.27.so
7fbf117eb000-7fbf11852000 rw-p 00000000 00:00 0 
7fbf11852000-7fbf11856000 ---p 00000000 00:00 0 
7fbf11856000-7fbf11955000 rw-p 00000000 00:00 0 
7fbf11956000-7fbf1195c000 rw-p 00000000 00:00 0 
7fbf1195c000-7fbf11963000 ---p 00000000 00:00 0 
7fbf11963000-7fbf1196b000 rw-s 00000000 fd:00 16121869                   /tmp/hsperfdata_minecraft/18452
7fbf1196b000-7fbf1196c000 ---p 00000000 00:00 0 
7fbf1196c000-7fbf1196d000 r--p 00000000 00:00 0 
7fbf1196d000-7fbf1196f000 rw-p 00000000 00:00 0 
7fbf1196f000-7fbf11970000 r--p 00027000 fd:00 44175975                   /lib/x86_64-linux-gnu/ld-2.27.so
7fbf11970000-7fbf11971000 rw-p 00028000 fd:00 44175975                   /lib/x86_64-linux-gnu/ld-2.27.so
7fbf11971000-7fbf11972000 rw-p 00000000 00:00 0 
7ffc1314c000-7ffc1316d000 rw-p 00000000 00:00 0                          [stack]
7ffc131e0000-7ffc131e3000 r--p 00000000 00:00 0                          [vvar]
7ffc131e3000-7ffc131e5000 r-xp 00000000 00:00 0                          [vdso]
ffffffffff600000-ffffffffff601000 r-xp 00000000 00:00 0                  [vsyscall]


VM Arguments:
jvm_args: -Xms3g -Xmx3g 
java_command: server.jar nogui
java_class_path (initial): server.jar
Launcher Type: SUN_STANDARD

Logging:
Log output configuration:
#0: stdout all=warning uptime,level,tags
#1: stderr all=off uptime,level,tags

Environment Variables:
PATH=/usr/local/sbin:/usr/local/bin:/usr/sbin:/usr/bin:/sbin:/bin
SHELL=/bin/sh

Signal Handlers:
SIGSEGV: [libjvm.so+0xd28b70], sa_mask[0]=11111111011111111101111111111110, sa_flags=SA_RESTART|SA_SIGINFO
SIGBUS: [libjvm.so+0xd28b70], sa_mask[0]=11111111011111111101111111111110, sa_flags=SA_RESTART|SA_SIGINFO
SIGFPE: [libjvm.so+0xd28b70], sa_mask[0]=11111111011111111101111111111110, sa_flags=SA_RESTART|SA_SIGINFO
SIGPIPE: [libjvm.so+0xb2a1f0], sa_mask[0]=11111111011111111101111111111110, sa_flags=SA_RESTART|SA_SIGINFO
SIGXFSZ: [libjvm.so+0xb2a1f0], sa_mask[0]=11111111011111111101111111111110, sa_flags=SA_RESTART|SA_SIGINFO
SIGILL: [libjvm.so+0xd28b70], sa_mask[0]=11111111011111111101111111111110, sa_flags=SA_RESTART|SA_SIGINFO
SIGUSR2: [libjvm.so+0xb2a030], sa_mask[0]=00000000000000000000000000000000, sa_flags=SA_RESTART|SA_SIGINFO
SIGHUP: SIG_DFL, sa_mask[0]=00000000000000000000000000000000, sa_flags=none
SIGINT: SIG_DFL, sa_mask[0]=00000000000000000000000000000000, sa_flags=none
SIGTERM: SIG_DFL, sa_mask[0]=00000000000000000000000000000000, sa_flags=none
SIGQUIT: SIG_DFL, sa_mask[0]=00000000000000000000000000000000, sa_flags=none


---------------  S Y S T E M  ---------------

OS:DISTRIB_ID=Ubuntu
DISTRIB_RELEASE=18.04
DISTRIB_CODENAME=bionic
DISTRIB_DESCRIPTION="Ubuntu 18.04.2 LTS"
uname:Linux 4.15.0-46-generic #49-Ubuntu SMP Wed Feb 6 09:33:07 UTC 2019 x86_64
libc:glibc 2.27 NPTL 2.27 
rlimit: STACK 8192k, CORE 0k, NPROC 15099, NOFILE 4096, AS infinity, DATA infinity, FSIZE infinity
load average:1.58 1.40 1.38

/proc/meminfo:
MemTotal:        3943748 kB
MemFree:          124980 kB
MemAvailable:    1183484 kB
Buffers:           34052 kB
Cached:          1223888 kB
SwapCached:         9056 kB
Active:          2830512 kB
Inactive:         794548 kB
Active(anon):    1914996 kB
Inactive(anon):   482192 kB
Active(file):     915516 kB
Inactive(file):   312356 kB
Unevictable:           0 kB
Mlocked:               0 kB
SwapTotal:        999420 kB
SwapFree:         603312 kB
Dirty:              6220 kB
Writeback:             0 kB
AnonPages:       2364780 kB
Mapped:            85432 kB
Shmem:             30068 kB
Slab:             107644 kB
SReclaimable:      66796 kB
SUnreclaim:        40848 kB
KernelStack:        6032 kB
PageTables:        23040 kB
NFS_Unstable:          0 kB
Bounce:                0 kB
WritebackTmp:          0 kB
CommitLimit:     2971292 kB
Committed_AS:    3093320 kB
VmallocTotal:   34359738367 kB
VmallocUsed:           0 kB
VmallocChunk:          0 kB
HardwareCorrupted:     0 kB
AnonHugePages:         0 kB
ShmemHugePages:        0 kB
ShmemPmdMapped:        0 kB
CmaTotal:              0 kB
CmaFree:               0 kB
HugePages_Total:       0
HugePages_Free:        0
HugePages_Rsvd:        0
HugePages_Surp:        0
Hugepagesize:       2048 kB
DirectMap4k:      158320 kB
DirectMap2M:     3940352 kB
DirectMap1G:           0 kB

container (cgroup) information:
container_type: cgroupv1
cpu_cpuset_cpus: 0-3
cpu_memory_nodes: 0
active_processor_count: 4
cpu_quota: -1
cpu_period: 100000
cpu_shares: -1
memory_limit_in_bytes: -1
memory_and_swap_limit_in_bytes: -2
memory_soft_limit_in_bytes: -1
memory_usage_in_bytes: 3710951424
memory_max_usage_in_bytes: 2048000


CPU:total 4 (initial active 4) (2 cores per cpu, 2 threads per core) family 6 model 69 stepping 1, cmov, cx8, fxsr, mmx, sse, sse2, sse3, ssse3, sse4.1, sse4.2, popcnt, avx, avx2, aes, clmul, erms, lzcnt, ht, tsc, tscinvbit, bmi1, bmi2, fma
CPU Model and flags from /proc/cpuinfo:
model name	: Intel(R) Core(TM) i7-4500U CPU @ 1.80GHz
flags		: fpu vme de pse tsc msr pae mce cx8 apic sep mtrr pge mca cmov pat pse36 clflush dts acpi mmx fxsr sse sse2 ss ht tm pbe syscall nx pdpe1gb rdtscp lm constant_tsc arch_perfmon pebs bts rep_good nopl xtopology nonstop_tsc cpuid aperfmperf pni pclmulqdq dtes64 monitor ds_cpl vmx est tm2 ssse3 sdbg fma cx16 xtpr pdcm pcid sse4_1 sse4_2 movbe popcnt tsc_deadline_timer aes xsave avx f16c rdrand lahf_lm abm cpuid_fault epb invpcid_single pti ssbd ibrs ibpb stibp tpr_shadow vnmi flexpriority ept vpid fsgsbase tsc_adjust bmi1 avx2 smep bmi2 erms invpcid xsaveopt dtherm ida arat pln pts flush_l1d

Memory: 4k page, physical 3943748k(124980k free), swap 999420k(603312k free)

vm_info: OpenJDK 64-Bit Server VM (10.0.2+13-Ubuntu-1ubuntu0.18.04.4) for linux-amd64 JRE (10.0.2+13-Ubuntu-1ubuntu0.18.04.4), built on Nov 13 2018 12:53:39 by "buildd" with gcc 7.3.0

END.
