#
# There is insufficient memory for the Java Runtime Environment to continue.
# Native memory allocation (mmap) failed to map 3221225472 bytes for committing reserved memory.
# Possible reasons:
#   The system is out of physical RAM or swap space
#   The process is running with CompressedOops enabled, and the Java Heap may be blocking the growth of the native heap
# Possible solutions:
#   Reduce memory load on the system
#   Increase physical memory or swap space
#   Check if swap backing store is full
#   Decrease Java heap size (-Xmx/-Xms)
#   Decrease number of Java threads
#   Decrease Java thread stack sizes (-Xss)
#   Set larger code cache with -XX:ReservedCodeCacheSize=
# This output file may be truncated or incomplete.
#
#  Out of Memory Error (os_linux.cpp:2706), pid=2464, tid=2466
#
# JRE version:  (10.0.2+13) (build )
# Java VM: OpenJDK 64-Bit Server VM (10.0.2+13-Ubuntu-1ubuntu0.18.04.4, mixed mode, aot, tiered, compressed oops, g1 gc, linux-amd64)
# Core dump will be written. Default location: Core dumps may be processed with "/usr/share/apport/apport %p %s %c %d %P" (or dumping to /opt/forno/minecraft/core.2464)
#

---------------  S U M M A R Y ------------

Command Line: -Xms3g -Xmx3g server.jar nogui

Host: Intel(R) Core(TM) i7-4500U CPU @ 1.80GHz, 4 cores, 3G, Ubuntu 18.04.2 LTS
Time: Thu Mar 21 02:52:02 2019 JST elapsed time: 0 seconds (0d 0h 0m 0s)

---------------  T H R E A D  ---------------

Current thread (0x00007fdbe4011000):  JavaThread "Unknown thread" [_thread_in_vm, id=2466, stack(0x00007fdbee053000,0x00007fdbee154000)]

Stack: [0x00007fdbee053000,0x00007fdbee154000],  sp=0x00007fdbee1522e0,  free space=1020k
Native frames: (J=compiled Java code, A=aot compiled Java code, j=interpreted, Vv=VM code, C=native code)
V  [libjvm.so+0xd27ea4]
V  [libjvm.so+0xd28a4b]
V  [libjvm.so+0x64d415]
V  [libjvm.so+0xb2d7c8]
V  [libjvm.so+0xb2601d]
V  [libjvm.so+0x7662ff]
V  [libjvm.so+0x76653e]
V  [libjvm.so+0x769500]
V  [libjvm.so+0x7efa1c]
V  [libjvm.so+0x7f06df]
V  [libjvm.so+0x7f0b59]
V  [libjvm.so+0x7162cf]
V  [libjvm.so+0x71afd3]
V  [libjvm.so+0xce5dc2]
V  [libjvm.so+0xce60c6]
V  [libjvm.so+0x807d57]
V  [libjvm.so+0xcc7ac4]
V  [libjvm.so+0x8601b1]  JNI_CreateJavaVM+0x51
C  [libjli.so+0x3d83]
C  [libjli.so+0x89dd]
C  [libpthread.so.0+0x76db]  start_thread+0xdb


---------------  P R O C E S S  ---------------

Threads class SMR info:
_java_thread_list=0x00005565a25fc6b0, length=0, elements={
}

Java Threads: ( => current thread )

Other Threads:
  0x00007fdbe4028000 GCTaskThread "GC Thread#0" [stack: 0x00007fdbea17c000,0x00007fdbea27c000] [id=2467]
  0x00007fdbe4029000 GCTaskThread "GC Thread#1" [stack: 0x00007fdbea07a000,0x00007fdbea17a000] [id=2468]
  0x00007fdbe402b000 GCTaskThread "GC Thread#2" [stack: 0x00007fdbe9f78000,0x00007fdbea078000] [id=2469]
  0x00007fdbe402c800 GCTaskThread "GC Thread#3" [stack: 0x00007fdbe9e76000,0x00007fdbe9f76000] [id=2470]
  0x00007fdbe406a000 ConcurrentGCThread "G1 Main Marker" [stack: 0x00007fdbe86b0000,0x00007fdbe87b0000] [id=2471]
  0x00007fdbe406c000 ConcurrentGCThread "G1 Conc#0" [stack: 0x00007fdbe85ae000,0x00007fdbe86ae000] [id=2472]

[error occurred during error reporting (printing all threads), id 0xe0000002]

VM state:not at safepoint (not fully initialized)

VM Mutex/Monitor currently owned by a thread:  ([mutex/lock_event])
[0x00007fdbe400df30] Heap_lock - owner thread: 0x00007fdbe4011000

Heap address: 0x0000000700000000, size: 3072 MB, Compressed Oops mode: Non-zero based: 0x0000000700000000
Narrow klass base: 0x0000000000000000, Narrow klass shift: 0

GC Heap History (0 events):
No events

Deoptimization events (0 events):
No events

Classes redefined (0 events):
No events

Internal exceptions (0 events):
No events

Events (0 events):
No events


Dynamic libraries:
5565a1515000-5565a1516000 r-xp 00000000 fd:00 20185882                   /usr/lib/jvm/java-11-openjdk-amd64/bin/java
5565a1716000-5565a1717000 r--p 00001000 fd:00 20185882                   /usr/lib/jvm/java-11-openjdk-amd64/bin/java
5565a1717000-5565a1718000 rw-p 00002000 fd:00 20185882                   /usr/lib/jvm/java-11-openjdk-amd64/bin/java
5565a25e5000-5565a2606000 rw-p 00000000 00:00 0                          [heap]
7fdba8000000-7fdba8021000 rw-p 00000000 00:00 0 
7fdba8021000-7fdbac000000 ---p 00000000 00:00 0 
7fdbae000000-7fdbb0000000 rw-p 00000000 00:00 0 
7fdbb0000000-7fdbb0021000 rw-p 00000000 00:00 0 
7fdbb0021000-7fdbb4000000 ---p 00000000 00:00 0 
7fdbb4000000-7fdbb4021000 rw-p 00000000 00:00 0 
7fdbb4021000-7fdbb8000000 ---p 00000000 00:00 0 
7fdbb9000000-7fdbbc000000 ---p 00000000 00:00 0 
7fdbbc000000-7fdbbc021000 rw-p 00000000 00:00 0 
7fdbbc021000-7fdbc0000000 ---p 00000000 00:00 0 
7fdbc0000000-7fdbc0021000 rw-p 00000000 00:00 0 
7fdbc0021000-7fdbc4000000 ---p 00000000 00:00 0 
7fdbc4000000-7fdbc4021000 rw-p 00000000 00:00 0 
7fdbc4021000-7fdbc8000000 ---p 00000000 00:00 0 
7fdbc8b25000-7fdbcbb25000 ---p 00000000 00:00 0 
7fdbcbb25000-7fdbcbd95000 rwxp 00000000 00:00 0 
7fdbcbd95000-7fdbcc0b5000 ---p 00000000 00:00 0 
7fdbcc0b5000-7fdbcc325000 rwxp 00000000 00:00 0 
7fdbcc325000-7fdbd35ed000 ---p 00000000 00:00 0 
7fdbd35ed000-7fdbd385d000 rwxp 00000000 00:00 0 
7fdbd385d000-7fdbdab25000 ---p 00000000 00:00 0 
7fdbdab25000-7fdbe4000000 r--s 00000000 fd:00 20186057                   /usr/lib/jvm/java-11-openjdk-amd64/lib/modules
7fdbe4000000-7fdbe4083000 rw-p 00000000 00:00 0 
7fdbe4083000-7fdbe8000000 ---p 00000000 00:00 0 
7fdbe81a8000-7fdbe85ac000 rw-p 00000000 00:00 0 
7fdbe85ac000-7fdbe85ad000 ---p 00000000 00:00 0 
7fdbe85ad000-7fdbe86ae000 rw-p 00000000 00:00 0 
7fdbe86ae000-7fdbe86af000 ---p 00000000 00:00 0 
7fdbe86af000-7fdbe8870000 rw-p 00000000 00:00 0 
7fdbe8870000-7fdbe9a70000 ---p 00000000 00:00 0 
7fdbe9a70000-7fdbe9e74000 rw-p 00000000 00:00 0 
7fdbe9e74000-7fdbe9e75000 ---p 00000000 00:00 0 
7fdbe9e75000-7fdbe9f76000 rw-p 00000000 00:00 0 
7fdbe9f76000-7fdbe9f77000 ---p 00000000 00:00 0 
7fdbe9f77000-7fdbea078000 rw-p 00000000 00:00 0 
7fdbea078000-7fdbea079000 ---p 00000000 00:00 0 
7fdbea079000-7fdbea17a000 rw-p 00000000 00:00 0 
7fdbea17a000-7fdbea17b000 ---p 00000000 00:00 0 
7fdbea17b000-7fdbea281000 rw-p 00000000 00:00 0 
7fdbea281000-7fdbea367000 ---p 00000000 00:00 0 
7fdbea367000-7fdbea36c000 rw-p 00000000 00:00 0 
7fdbea36c000-7fdbea452000 ---p 00000000 00:00 0 
7fdbea452000-7fdbea457000 r-xp 00000000 fd:00 20186039                   /usr/lib/jvm/java-11-openjdk-amd64/lib/libjimage.so
7fdbea457000-7fdbea656000 ---p 00005000 fd:00 20186039                   /usr/lib/jvm/java-11-openjdk-amd64/lib/libjimage.so
7fdbea656000-7fdbea657000 r--p 00004000 fd:00 20186039                   /usr/lib/jvm/java-11-openjdk-amd64/lib/libjimage.so
7fdbea657000-7fdbea658000 rw-p 00005000 fd:00 20186039                   /usr/lib/jvm/java-11-openjdk-amd64/lib/libjimage.so
7fdbea658000-7fdbea65f000 r-xp 00000000 fd:00 20186056                   /usr/lib/jvm/java-11-openjdk-amd64/lib/libzip.so
7fdbea65f000-7fdbea85e000 ---p 00007000 fd:00 20186056                   /usr/lib/jvm/java-11-openjdk-amd64/lib/libzip.so
7fdbea85e000-7fdbea85f000 r--p 00006000 fd:00 20186056                   /usr/lib/jvm/java-11-openjdk-amd64/lib/libzip.so
7fdbea85f000-7fdbea860000 rw-p 00007000 fd:00 20186056                   /usr/lib/jvm/java-11-openjdk-amd64/lib/libzip.so
7fdbea860000-7fdbea86b000 r-xp 00000000 fd:00 44176093                   /lib/x86_64-linux-gnu/libnss_files-2.27.so
7fdbea86b000-7fdbeaa6a000 ---p 0000b000 fd:00 44176093                   /lib/x86_64-linux-gnu/libnss_files-2.27.so
7fdbeaa6a000-7fdbeaa6b000 r--p 0000a000 fd:00 44176093                   /lib/x86_64-linux-gnu/libnss_files-2.27.so
7fdbeaa6b000-7fdbeaa6c000 rw-p 0000b000 fd:00 44176093                   /lib/x86_64-linux-gnu/libnss_files-2.27.so
7fdbeaa6c000-7fdbeaa72000 rw-p 00000000 00:00 0 
7fdbeaa72000-7fdbeaa89000 r-xp 00000000 fd:00 44176087                   /lib/x86_64-linux-gnu/libnsl-2.27.so
7fdbeaa89000-7fdbeac88000 ---p 00017000 fd:00 44176087                   /lib/x86_64-linux-gnu/libnsl-2.27.so
7fdbeac88000-7fdbeac89000 r--p 00016000 fd:00 44176087                   /lib/x86_64-linux-gnu/libnsl-2.27.so
7fdbeac89000-7fdbeac8a000 rw-p 00017000 fd:00 44176087                   /lib/x86_64-linux-gnu/libnsl-2.27.so
7fdbeac8a000-7fdbeac8c000 rw-p 00000000 00:00 0 
7fdbeac8c000-7fdbeac97000 r-xp 00000000 fd:00 44176104                   /lib/x86_64-linux-gnu/libnss_nis-2.27.so
7fdbeac97000-7fdbeae96000 ---p 0000b000 fd:00 44176104                   /lib/x86_64-linux-gnu/libnss_nis-2.27.so
7fdbeae96000-7fdbeae97000 r--p 0000a000 fd:00 44176104                   /lib/x86_64-linux-gnu/libnss_nis-2.27.so
7fdbeae97000-7fdbeae98000 rw-p 0000b000 fd:00 44176104                   /lib/x86_64-linux-gnu/libnss_nis-2.27.so
7fdbeae98000-7fdbeaea0000 r-xp 00000000 fd:00 44176089                   /lib/x86_64-linux-gnu/libnss_compat-2.27.so
7fdbeaea0000-7fdbeb0a0000 ---p 00008000 fd:00 44176089                   /lib/x86_64-linux-gnu/libnss_compat-2.27.so
7fdbeb0a0000-7fdbeb0a1000 r--p 00008000 fd:00 44176089                   /lib/x86_64-linux-gnu/libnss_compat-2.27.so
7fdbeb0a1000-7fdbeb0a2000 rw-p 00009000 fd:00 44176089                   /lib/x86_64-linux-gnu/libnss_compat-2.27.so
7fdbeb0a2000-7fdbeb0ce000 r-xp 00000000 fd:00 20186035                   /usr/lib/jvm/java-11-openjdk-amd64/lib/libjava.so
7fdbeb0ce000-7fdbeb2cd000 ---p 0002c000 fd:00 20186035                   /usr/lib/jvm/java-11-openjdk-amd64/lib/libjava.so
7fdbeb2cd000-7fdbeb2ce000 r--p 0002b000 fd:00 20186035                   /usr/lib/jvm/java-11-openjdk-amd64/lib/libjava.so
7fdbeb2ce000-7fdbeb2d0000 rw-p 0002c000 fd:00 20186035                   /usr/lib/jvm/java-11-openjdk-amd64/lib/libjava.so
7fdbeb2d0000-7fdbeb2dd000 r-xp 00000000 fd:00 20186055                   /usr/lib/jvm/java-11-openjdk-amd64/lib/libverify.so
7fdbeb2dd000-7fdbeb4dc000 ---p 0000d000 fd:00 20186055                   /usr/lib/jvm/java-11-openjdk-amd64/lib/libverify.so
7fdbeb4dc000-7fdbeb4de000 r--p 0000c000 fd:00 20186055                   /usr/lib/jvm/java-11-openjdk-amd64/lib/libverify.so
7fdbeb4de000-7fdbeb4df000 rw-p 0000e000 fd:00 20186055                   /usr/lib/jvm/java-11-openjdk-amd64/lib/libverify.so
7fdbeb4df000-7fdbeb4e6000 r-xp 00000000 fd:00 44176144                   /lib/x86_64-linux-gnu/librt-2.27.so
7fdbeb4e6000-7fdbeb6e5000 ---p 00007000 fd:00 44176144                   /lib/x86_64-linux-gnu/librt-2.27.so
7fdbeb6e5000-7fdbeb6e6000 r--p 00006000 fd:00 44176144                   /lib/x86_64-linux-gnu/librt-2.27.so
7fdbeb6e6000-7fdbeb6e7000 rw-p 00007000 fd:00 44176144                   /lib/x86_64-linux-gnu/librt-2.27.so
7fdbeb6e7000-7fdbeb6fe000 r-xp 00000000 fd:00 44175907                   /lib/x86_64-linux-gnu/libgcc_s.so.1
7fdbeb6fe000-7fdbeb8fd000 ---p 00017000 fd:00 44175907                   /lib/x86_64-linux-gnu/libgcc_s.so.1
7fdbeb8fd000-7fdbeb8fe000 r--p 00016000 fd:00 44175907                   /lib/x86_64-linux-gnu/libgcc_s.so.1
7fdbeb8fe000-7fdbeb8ff000 rw-p 00017000 fd:00 44175907                   /lib/x86_64-linux-gnu/libgcc_s.so.1
7fdbeb8ff000-7fdbeba9c000 r-xp 00000000 fd:00 44176066                   /lib/x86_64-linux-gnu/libm-2.27.so
7fdbeba9c000-7fdbebc9b000 ---p 0019d000 fd:00 44176066                   /lib/x86_64-linux-gnu/libm-2.27.so
7fdbebc9b000-7fdbebc9c000 r--p 0019c000 fd:00 44176066                   /lib/x86_64-linux-gnu/libm-2.27.so
7fdbebc9c000-7fdbebc9d000 rw-p 0019d000 fd:00 44176066                   /lib/x86_64-linux-gnu/libm-2.27.so
7fdbebc9d000-7fdbebe16000 r-xp 00000000 fd:00 18090134                   /usr/lib/x86_64-linux-gnu/libstdc++.so.6.0.25
7fdbebe16000-7fdbec016000 ---p 00179000 fd:00 18090134                   /usr/lib/x86_64-linux-gnu/libstdc++.so.6.0.25
7fdbec016000-7fdbec020000 r--p 00179000 fd:00 18090134                   /usr/lib/x86_64-linux-gnu/libstdc++.so.6.0.25
7fdbec020000-7fdbec022000 rw-p 00183000 fd:00 18090134                   /usr/lib/x86_64-linux-gnu/libstdc++.so.6.0.25
7fdbec022000-7fdbec026000 rw-p 00000000 00:00 0 
7fdbec026000-7fdbecfc3000 r-xp 00000000 fd:00 20186062                   /usr/lib/jvm/java-11-openjdk-amd64/lib/server/libjvm.so
7fdbecfc3000-7fdbed1c3000 ---p 00f9d000 fd:00 20186062                   /usr/lib/jvm/java-11-openjdk-amd64/lib/server/libjvm.so
7fdbed1c3000-7fdbed287000 r--p 00f9d000 fd:00 20186062                   /usr/lib/jvm/java-11-openjdk-amd64/lib/server/libjvm.so
7fdbed287000-7fdbed2bf000 rw-p 01061000 fd:00 20186062                   /usr/lib/jvm/java-11-openjdk-amd64/lib/server/libjvm.so
7fdbed2bf000-7fdbed308000 rw-p 00000000 00:00 0 
7fdbed308000-7fdbed322000 r-xp 00000000 fd:00 44176136                   /lib/x86_64-linux-gnu/libpthread-2.27.so
7fdbed322000-7fdbed521000 ---p 0001a000 fd:00 44176136                   /lib/x86_64-linux-gnu/libpthread-2.27.so
7fdbed521000-7fdbed522000 r--p 00019000 fd:00 44176136                   /lib/x86_64-linux-gnu/libpthread-2.27.so
7fdbed522000-7fdbed523000 rw-p 0001a000 fd:00 44176136                   /lib/x86_64-linux-gnu/libpthread-2.27.so
7fdbed523000-7fdbed527000 rw-p 00000000 00:00 0 
7fdbed527000-7fdbed52a000 r-xp 00000000 fd:00 44176026                   /lib/x86_64-linux-gnu/libdl-2.27.so
7fdbed52a000-7fdbed729000 ---p 00003000 fd:00 44176026                   /lib/x86_64-linux-gnu/libdl-2.27.so
7fdbed729000-7fdbed72a000 r--p 00002000 fd:00 44176026                   /lib/x86_64-linux-gnu/libdl-2.27.so
7fdbed72a000-7fdbed72b000 rw-p 00003000 fd:00 44176026                   /lib/x86_64-linux-gnu/libdl-2.27.so
7fdbed72b000-7fdbed747000 r-xp 00000000 fd:00 44176175                   /lib/x86_64-linux-gnu/libz.so.1.2.11
7fdbed747000-7fdbed946000 ---p 0001c000 fd:00 44176175                   /lib/x86_64-linux-gnu/libz.so.1.2.11
7fdbed946000-7fdbed947000 r--p 0001b000 fd:00 44176175                   /lib/x86_64-linux-gnu/libz.so.1.2.11
7fdbed947000-7fdbed948000 rw-p 0001c000 fd:00 44176175                   /lib/x86_64-linux-gnu/libz.so.1.2.11
7fdbed948000-7fdbedb2f000 r-xp 00000000 fd:00 44176003                   /lib/x86_64-linux-gnu/libc-2.27.so
7fdbedb2f000-7fdbedd2f000 ---p 001e7000 fd:00 44176003                   /lib/x86_64-linux-gnu/libc-2.27.so
7fdbedd2f000-7fdbedd33000 r--p 001e7000 fd:00 44176003                   /lib/x86_64-linux-gnu/libc-2.27.so
7fdbedd33000-7fdbedd35000 rw-p 001eb000 fd:00 44176003                   /lib/x86_64-linux-gnu/libc-2.27.so
7fdbedd35000-7fdbedd39000 rw-p 00000000 00:00 0 
7fdbedd39000-7fdbedd48000 r-xp 00000000 fd:00 20186020                   /usr/lib/jvm/java-11-openjdk-amd64/lib/jli/libjli.so
7fdbedd48000-7fdbedf47000 ---p 0000f000 fd:00 20186020                   /usr/lib/jvm/java-11-openjdk-amd64/lib/jli/libjli.so
7fdbedf47000-7fdbedf48000 r--p 0000e000 fd:00 20186020                   /usr/lib/jvm/java-11-openjdk-amd64/lib/jli/libjli.so
7fdbedf48000-7fdbedf49000 rw-p 0000f000 fd:00 20186020                   /usr/lib/jvm/java-11-openjdk-amd64/lib/jli/libjli.so
7fdbedf49000-7fdbedf70000 r-xp 00000000 fd:00 44175975                   /lib/x86_64-linux-gnu/ld-2.27.so
7fdbedfec000-7fdbee053000 rw-p 00000000 00:00 0 
7fdbee053000-7fdbee057000 ---p 00000000 00:00 0 
7fdbee057000-7fdbee156000 rw-p 00000000 00:00 0 
7fdbee157000-7fdbee15d000 rw-p 00000000 00:00 0 
7fdbee15d000-7fdbee164000 ---p 00000000 00:00 0 
7fdbee164000-7fdbee16c000 rw-s 00000000 fd:00 16121869                   /tmp/hsperfdata_minecraft/2464
7fdbee16c000-7fdbee16d000 ---p 00000000 00:00 0 
7fdbee16d000-7fdbee16e000 r--p 00000000 00:00 0 
7fdbee16e000-7fdbee170000 rw-p 00000000 00:00 0 
7fdbee170000-7fdbee171000 r--p 00027000 fd:00 44175975                   /lib/x86_64-linux-gnu/ld-2.27.so
7fdbee171000-7fdbee172000 rw-p 00028000 fd:00 44175975                   /lib/x86_64-linux-gnu/ld-2.27.so
7fdbee172000-7fdbee173000 rw-p 00000000 00:00 0 
7fff12eac000-7fff12ecd000 rw-p 00000000 00:00 0                          [stack]
7fff12ee6000-7fff12ee9000 r--p 00000000 00:00 0                          [vvar]
7fff12ee9000-7fff12eeb000 r-xp 00000000 00:00 0                          [vdso]
ffffffffff600000-ffffffffff601000 r-xp 00000000 00:00 0                  [vsyscall]


VM Arguments:
jvm_args: -Xms3g -Xmx3g 
java_command: server.jar nogui
java_class_path (initial): server.jar
Launcher Type: SUN_STANDARD

Logging:
Log output configuration:
#0: stdout all=warning uptime,level,tags
#1: stderr all=off uptime,level,tags

Environment Variables:
PATH=/usr/local/sbin:/usr/local/bin:/usr/sbin:/usr/bin:/sbin:/bin
SHELL=/bin/sh

Signal Handlers:
SIGSEGV: [libjvm.so+0xd28b70], sa_mask[0]=11111111011111111101111111111110, sa_flags=SA_RESTART|SA_SIGINFO
SIGBUS: [libjvm.so+0xd28b70], sa_mask[0]=11111111011111111101111111111110, sa_flags=SA_RESTART|SA_SIGINFO
SIGFPE: [libjvm.so+0xd28b70], sa_mask[0]=11111111011111111101111111111110, sa_flags=SA_RESTART|SA_SIGINFO
SIGPIPE: [libjvm.so+0xb2a1f0], sa_mask[0]=11111111011111111101111111111110, sa_flags=SA_RESTART|SA_SIGINFO
SIGXFSZ: [libjvm.so+0xb2a1f0], sa_mask[0]=11111111011111111101111111111110, sa_flags=SA_RESTART|SA_SIGINFO
SIGILL: [libjvm.so+0xd28b70], sa_mask[0]=11111111011111111101111111111110, sa_flags=SA_RESTART|SA_SIGINFO
SIGUSR2: [libjvm.so+0xb2a030], sa_mask[0]=00000000000000000000000000000000, sa_flags=SA_RESTART|SA_SIGINFO
SIGHUP: SIG_DFL, sa_mask[0]=00000000000000000000000000000000, sa_flags=none
SIGINT: SIG_DFL, sa_mask[0]=00000000000000000000000000000000, sa_flags=none
SIGTERM: SIG_DFL, sa_mask[0]=00000000000000000000000000000000, sa_flags=none
SIGQUIT: SIG_DFL, sa_mask[0]=00000000000000000000000000000000, sa_flags=none


---------------  S Y S T E M  ---------------

OS:DISTRIB_ID=Ubuntu
DISTRIB_RELEASE=18.04
DISTRIB_CODENAME=bionic
DISTRIB_DESCRIPTION="Ubuntu 18.04.2 LTS"
uname:Linux 4.15.0-46-generic #49-Ubuntu SMP Wed Feb 6 09:33:07 UTC 2019 x86_64
libc:glibc 2.27 NPTL 2.27 
rlimit: STACK 8192k, CORE 0k, NPROC 15099, NOFILE 4096, AS infinity, DATA infinity, FSIZE infinity
load average:2.01 1.61 1.45

/proc/meminfo:
MemTotal:        3943748 kB
MemFree:         1345540 kB
MemAvailable:    1940940 kB
Buffers:           21892 kB
Cached:           785284 kB
SwapCached:         1896 kB
Active:          1752156 kB
Inactive:         677308 kB
Active(anon):    1356620 kB
Inactive(anon):   295800 kB
Active(file):     395536 kB
Inactive(file):   381508 kB
Unevictable:           0 kB
Mlocked:               0 kB
SwapTotal:        999420 kB
SwapFree:         554928 kB
Dirty:              5872 kB
Writeback:             0 kB
AnonPages:       1621184 kB
Mapped:           106040 kB
Shmem:             30128 kB
Slab:              83284 kB
SReclaimable:      42244 kB
SUnreclaim:        41040 kB
KernelStack:        5992 kB
PageTables:        22920 kB
NFS_Unstable:          0 kB
Bounce:                0 kB
WritebackTmp:          0 kB
CommitLimit:     2971292 kB
Committed_AS:    3034060 kB
VmallocTotal:   34359738367 kB
VmallocUsed:           0 kB
VmallocChunk:          0 kB
HardwareCorrupted:     0 kB
AnonHugePages:         0 kB
ShmemHugePages:        0 kB
ShmemPmdMapped:        0 kB
CmaTotal:              0 kB
CmaFree:               0 kB
HugePages_Total:       0
HugePages_Free:        0
HugePages_Rsvd:        0
HugePages_Surp:        0
Hugepagesize:       2048 kB
DirectMap4k:      154224 kB
DirectMap2M:     3944448 kB
DirectMap1G:           0 kB

container (cgroup) information:
container_type: cgroupv1
cpu_cpuset_cpus: 0-3
cpu_memory_nodes: 0
active_processor_count: 4
cpu_quota: -1
cpu_period: 100000
cpu_shares: -1
memory_limit_in_bytes: -1
memory_and_swap_limit_in_bytes: -2
memory_soft_limit_in_bytes: -1
memory_usage_in_bytes: 2487767040
memory_max_usage_in_bytes: 2048000


CPU:total 4 (initial active 4) (2 cores per cpu, 2 threads per core) family 6 model 69 stepping 1, cmov, cx8, fxsr, mmx, sse, sse2, sse3, ssse3, sse4.1, sse4.2, popcnt, avx, avx2, aes, clmul, erms, lzcnt, ht, tsc, tscinvbit, bmi1, bmi2, fma
CPU Model and flags from /proc/cpuinfo:
model name	: Intel(R) Core(TM) i7-4500U CPU @ 1.80GHz
flags		: fpu vme de pse tsc msr pae mce cx8 apic sep mtrr pge mca cmov pat pse36 clflush dts acpi mmx fxsr sse sse2 ss ht tm pbe syscall nx pdpe1gb rdtscp lm constant_tsc arch_perfmon pebs bts rep_good nopl xtopology nonstop_tsc cpuid aperfmperf pni pclmulqdq dtes64 monitor ds_cpl vmx est tm2 ssse3 sdbg fma cx16 xtpr pdcm pcid sse4_1 sse4_2 movbe popcnt tsc_deadline_timer aes xsave avx f16c rdrand lahf_lm abm cpuid_fault epb invpcid_single pti ssbd ibrs ibpb stibp tpr_shadow vnmi flexpriority ept vpid fsgsbase tsc_adjust bmi1 avx2 smep bmi2 erms invpcid xsaveopt dtherm ida arat pln pts flush_l1d

Memory: 4k page, physical 3943748k(1345540k free), swap 999420k(554928k free)

vm_info: OpenJDK 64-Bit Server VM (10.0.2+13-Ubuntu-1ubuntu0.18.04.4) for linux-amd64 JRE (10.0.2+13-Ubuntu-1ubuntu0.18.04.4), built on Nov 13 2018 12:53:39 by "buildd" with gcc 7.3.0

END.
