#
# There is insufficient memory for the Java Runtime Environment to continue.
# Native memory allocation (mmap) failed to map 3221225472 bytes for committing reserved memory.
# Possible reasons:
#   The system is out of physical RAM or swap space
#   The process is running with CompressedOops enabled, and the Java Heap may be blocking the growth of the native heap
# Possible solutions:
#   Reduce memory load on the system
#   Increase physical memory or swap space
#   Check if swap backing store is full
#   Decrease Java heap size (-Xmx/-Xms)
#   Decrease number of Java threads
#   Decrease Java thread stack sizes (-Xss)
#   Set larger code cache with -XX:ReservedCodeCacheSize=
# This output file may be truncated or incomplete.
#
#  Out of Memory Error (os_linux.cpp:2706), pid=32103, tid=32104
#
# JRE version:  (10.0.2+13) (build )
# Java VM: OpenJDK 64-Bit Server VM (10.0.2+13-Ubuntu-1ubuntu0.18.04.4, mixed mode, aot, tiered, compressed oops, g1 gc, linux-amd64)
# Core dump will be written. Default location: Core dumps may be processed with "/usr/share/apport/apport %p %s %c %d %P" (or dumping to /opt/forno/minecraft/core.32103)
#

---------------  S U M M A R Y ------------

Command Line: -Xms3g -Xmx3g server.jar nogui

Host: Intel(R) Core(TM) i7-4500U CPU @ 1.80GHz, 4 cores, 3G, Ubuntu 18.04.2 LTS
Time: Thu Mar 21 02:12:52 2019 JST elapsed time: 0 seconds (0d 0h 0m 0s)

---------------  T H R E A D  ---------------

Current thread (0x00007fb5bc011000):  JavaThread "Unknown thread" [_thread_in_vm, id=32104, stack(0x00007fb5c35d0000,0x00007fb5c36d1000)]

Stack: [0x00007fb5c35d0000,0x00007fb5c36d1000],  sp=0x00007fb5c36cf2e0,  free space=1020k
Native frames: (J=compiled Java code, A=aot compiled Java code, j=interpreted, Vv=VM code, C=native code)
V  [libjvm.so+0xd27ea4]
V  [libjvm.so+0xd28a4b]
V  [libjvm.so+0x64d415]
V  [libjvm.so+0xb2d7c8]
V  [libjvm.so+0xb2601d]
V  [libjvm.so+0x7662ff]
V  [libjvm.so+0x76653e]
V  [libjvm.so+0x769500]
V  [libjvm.so+0x7efa1c]
V  [libjvm.so+0x7f06df]
V  [libjvm.so+0x7f0b59]
V  [libjvm.so+0x7162cf]
V  [libjvm.so+0x71afd3]
V  [libjvm.so+0xce5dc2]
V  [libjvm.so+0xce60c6]
V  [libjvm.so+0x807d57]
V  [libjvm.so+0xcc7ac4]
V  [libjvm.so+0x8601b1]  JNI_CreateJavaVM+0x51
C  [libjli.so+0x3d83]
C  [libjli.so+0x89dd]
C  [libpthread.so.0+0x76db]  start_thread+0xdb


---------------  P R O C E S S  ---------------

Threads class SMR info:
_java_thread_list=0x00005655363ce6b0, length=0, elements={
}

Java Threads: ( => current thread )

Other Threads:
  0x00007fb5bc028000 GCTaskThread "GC Thread#0" [stack: 0x00007fb5a321d000,0x00007fb5a331d000] [id=32105]
  0x00007fb5bc029000 GCTaskThread "GC Thread#1" [stack: 0x00007fb5a311b000,0x00007fb5a321b000] [id=32106]
  0x00007fb5bc02b000 GCTaskThread "GC Thread#2" [stack: 0x00007fb5a3019000,0x00007fb5a3119000] [id=32107]
  0x00007fb5bc02c800 GCTaskThread "GC Thread#3" [stack: 0x00007fb5a2f17000,0x00007fb5a3017000] [id=32108]
  0x00007fb5bc06a000 ConcurrentGCThread "G1 Main Marker" [stack: 0x00007fb5a1751000,0x00007fb5a1851000] [id=32109]
  0x00007fb5bc06c000 ConcurrentGCThread "G1 Conc#0" [stack: 0x00007fb5a164f000,0x00007fb5a174f000] [id=32110]

[error occurred during error reporting (printing all threads), id 0xe0000002]

VM state:not at safepoint (not fully initialized)

VM Mutex/Monitor currently owned by a thread:  ([mutex/lock_event])
[0x00007fb5bc00df30] Heap_lock - owner thread: 0x00007fb5bc011000

Heap address: 0x0000000700000000, size: 3072 MB, Compressed Oops mode: Non-zero based: 0x0000000700000000
Narrow klass base: 0x0000000000000000, Narrow klass shift: 0

GC Heap History (0 events):
No events

Deoptimization events (0 events):
No events

Classes redefined (0 events):
No events

Internal exceptions (0 events):
No events

Events (0 events):
No events


Dynamic libraries:
565534adf000-565534ae0000 r-xp 00000000 fd:00 20185882                   /usr/lib/jvm/java-11-openjdk-amd64/bin/java
565534ce0000-565534ce1000 r--p 00001000 fd:00 20185882                   /usr/lib/jvm/java-11-openjdk-amd64/bin/java
565534ce1000-565534ce2000 rw-p 00002000 fd:00 20185882                   /usr/lib/jvm/java-11-openjdk-amd64/bin/java
5655363b7000-5655363d8000 rw-p 00000000 00:00 0                          [heap]
7fb57c000000-7fb57c021000 rw-p 00000000 00:00 0 
7fb57c021000-7fb580000000 ---p 00000000 00:00 0 
7fb582000000-7fb584000000 rw-p 00000000 00:00 0 
7fb584000000-7fb584021000 rw-p 00000000 00:00 0 
7fb584021000-7fb588000000 ---p 00000000 00:00 0 
7fb589000000-7fb58c000000 ---p 00000000 00:00 0 
7fb58c000000-7fb58c021000 rw-p 00000000 00:00 0 
7fb58c021000-7fb590000000 ---p 00000000 00:00 0 
7fb591000000-7fb594000000 ---p 00000000 00:00 0 
7fb594000000-7fb594021000 rw-p 00000000 00:00 0 
7fb594021000-7fb598000000 ---p 00000000 00:00 0 
7fb598000000-7fb598021000 rw-p 00000000 00:00 0 
7fb598021000-7fb59c000000 ---p 00000000 00:00 0 
7fb59c000000-7fb59c021000 rw-p 00000000 00:00 0 
7fb59c021000-7fb5a0000000 ---p 00000000 00:00 0 
7fb5a1249000-7fb5a164d000 rw-p 00000000 00:00 0 
7fb5a164d000-7fb5a164e000 ---p 00000000 00:00 0 
7fb5a164e000-7fb5a174f000 rw-p 00000000 00:00 0 
7fb5a174f000-7fb5a1750000 ---p 00000000 00:00 0 
7fb5a1750000-7fb5a1911000 rw-p 00000000 00:00 0 
7fb5a1911000-7fb5a2b11000 ---p 00000000 00:00 0 
7fb5a2b11000-7fb5a2f15000 rw-p 00000000 00:00 0 
7fb5a2f15000-7fb5a2f16000 ---p 00000000 00:00 0 
7fb5a2f16000-7fb5a3017000 rw-p 00000000 00:00 0 
7fb5a3017000-7fb5a3018000 ---p 00000000 00:00 0 
7fb5a3018000-7fb5a3119000 rw-p 00000000 00:00 0 
7fb5a3119000-7fb5a311a000 ---p 00000000 00:00 0 
7fb5a311a000-7fb5a321b000 rw-p 00000000 00:00 0 
7fb5a321b000-7fb5a321c000 ---p 00000000 00:00 0 
7fb5a321c000-7fb5a3322000 rw-p 00000000 00:00 0 
7fb5a3322000-7fb5a3408000 ---p 00000000 00:00 0 
7fb5a3408000-7fb5a340d000 rw-p 00000000 00:00 0 
7fb5a340d000-7fb5a34f3000 ---p 00000000 00:00 0 
7fb5a34f3000-7fb5a3763000 rwxp 00000000 00:00 0 
7fb5a3763000-7fb5a3a83000 ---p 00000000 00:00 0 
7fb5a3a83000-7fb5a3cf3000 rwxp 00000000 00:00 0 
7fb5a3cf3000-7fb5aafbb000 ---p 00000000 00:00 0 
7fb5aafbb000-7fb5ab22b000 rwxp 00000000 00:00 0 
7fb5ab22b000-7fb5b24f3000 ---p 00000000 00:00 0 
7fb5b24f3000-7fb5bb9ce000 r--s 00000000 fd:00 20186057                   /usr/lib/jvm/java-11-openjdk-amd64/lib/modules
7fb5bb9ce000-7fb5bb9d3000 r-xp 00000000 fd:00 20186039                   /usr/lib/jvm/java-11-openjdk-amd64/lib/libjimage.so
7fb5bb9d3000-7fb5bbbd2000 ---p 00005000 fd:00 20186039                   /usr/lib/jvm/java-11-openjdk-amd64/lib/libjimage.so
7fb5bbbd2000-7fb5bbbd3000 r--p 00004000 fd:00 20186039                   /usr/lib/jvm/java-11-openjdk-amd64/lib/libjimage.so
7fb5bbbd3000-7fb5bbbd4000 rw-p 00005000 fd:00 20186039                   /usr/lib/jvm/java-11-openjdk-amd64/lib/libjimage.so
7fb5bbbd4000-7fb5bbbdf000 r-xp 00000000 fd:00 44176093                   /lib/x86_64-linux-gnu/libnss_files-2.27.so
7fb5bbbdf000-7fb5bbdde000 ---p 0000b000 fd:00 44176093                   /lib/x86_64-linux-gnu/libnss_files-2.27.so
7fb5bbdde000-7fb5bbddf000 r--p 0000a000 fd:00 44176093                   /lib/x86_64-linux-gnu/libnss_files-2.27.so
7fb5bbddf000-7fb5bbde0000 rw-p 0000b000 fd:00 44176093                   /lib/x86_64-linux-gnu/libnss_files-2.27.so
7fb5bbde0000-7fb5bbde6000 rw-p 00000000 00:00 0 
7fb5bbde6000-7fb5bbdfd000 r-xp 00000000 fd:00 44176087                   /lib/x86_64-linux-gnu/libnsl-2.27.so
7fb5bbdfd000-7fb5bbffc000 ---p 00017000 fd:00 44176087                   /lib/x86_64-linux-gnu/libnsl-2.27.so
7fb5bbffc000-7fb5bbffd000 r--p 00016000 fd:00 44176087                   /lib/x86_64-linux-gnu/libnsl-2.27.so
7fb5bbffd000-7fb5bbffe000 rw-p 00017000 fd:00 44176087                   /lib/x86_64-linux-gnu/libnsl-2.27.so
7fb5bbffe000-7fb5bc000000 rw-p 00000000 00:00 0 
7fb5bc000000-7fb5bc083000 rw-p 00000000 00:00 0 
7fb5bc083000-7fb5c0000000 ---p 00000000 00:00 0 
7fb5c0001000-7fb5c0008000 r-xp 00000000 fd:00 20186056                   /usr/lib/jvm/java-11-openjdk-amd64/lib/libzip.so
7fb5c0008000-7fb5c0207000 ---p 00007000 fd:00 20186056                   /usr/lib/jvm/java-11-openjdk-amd64/lib/libzip.so
7fb5c0207000-7fb5c0208000 r--p 00006000 fd:00 20186056                   /usr/lib/jvm/java-11-openjdk-amd64/lib/libzip.so
7fb5c0208000-7fb5c0209000 rw-p 00007000 fd:00 20186056                   /usr/lib/jvm/java-11-openjdk-amd64/lib/libzip.so
7fb5c0209000-7fb5c0214000 r-xp 00000000 fd:00 44176104                   /lib/x86_64-linux-gnu/libnss_nis-2.27.so
7fb5c0214000-7fb5c0413000 ---p 0000b000 fd:00 44176104                   /lib/x86_64-linux-gnu/libnss_nis-2.27.so
7fb5c0413000-7fb5c0414000 r--p 0000a000 fd:00 44176104                   /lib/x86_64-linux-gnu/libnss_nis-2.27.so
7fb5c0414000-7fb5c0415000 rw-p 0000b000 fd:00 44176104                   /lib/x86_64-linux-gnu/libnss_nis-2.27.so
7fb5c0415000-7fb5c041d000 r-xp 00000000 fd:00 44176089                   /lib/x86_64-linux-gnu/libnss_compat-2.27.so
7fb5c041d000-7fb5c061d000 ---p 00008000 fd:00 44176089                   /lib/x86_64-linux-gnu/libnss_compat-2.27.so
7fb5c061d000-7fb5c061e000 r--p 00008000 fd:00 44176089                   /lib/x86_64-linux-gnu/libnss_compat-2.27.so
7fb5c061e000-7fb5c061f000 rw-p 00009000 fd:00 44176089                   /lib/x86_64-linux-gnu/libnss_compat-2.27.so
7fb5c061f000-7fb5c064b000 r-xp 00000000 fd:00 20186035                   /usr/lib/jvm/java-11-openjdk-amd64/lib/libjava.so
7fb5c064b000-7fb5c084a000 ---p 0002c000 fd:00 20186035                   /usr/lib/jvm/java-11-openjdk-amd64/lib/libjava.so
7fb5c084a000-7fb5c084b000 r--p 0002b000 fd:00 20186035                   /usr/lib/jvm/java-11-openjdk-amd64/lib/libjava.so
7fb5c084b000-7fb5c084d000 rw-p 0002c000 fd:00 20186035                   /usr/lib/jvm/java-11-openjdk-amd64/lib/libjava.so
7fb5c084d000-7fb5c085a000 r-xp 00000000 fd:00 20186055                   /usr/lib/jvm/java-11-openjdk-amd64/lib/libverify.so
7fb5c085a000-7fb5c0a59000 ---p 0000d000 fd:00 20186055                   /usr/lib/jvm/java-11-openjdk-amd64/lib/libverify.so
7fb5c0a59000-7fb5c0a5b000 r--p 0000c000 fd:00 20186055                   /usr/lib/jvm/java-11-openjdk-amd64/lib/libverify.so
7fb5c0a5b000-7fb5c0a5c000 rw-p 0000e000 fd:00 20186055                   /usr/lib/jvm/java-11-openjdk-amd64/lib/libverify.so
7fb5c0a5c000-7fb5c0a63000 r-xp 00000000 fd:00 44176144                   /lib/x86_64-linux-gnu/librt-2.27.so
7fb5c0a63000-7fb5c0c62000 ---p 00007000 fd:00 44176144                   /lib/x86_64-linux-gnu/librt-2.27.so
7fb5c0c62000-7fb5c0c63000 r--p 00006000 fd:00 44176144                   /lib/x86_64-linux-gnu/librt-2.27.so
7fb5c0c63000-7fb5c0c64000 rw-p 00007000 fd:00 44176144                   /lib/x86_64-linux-gnu/librt-2.27.so
7fb5c0c64000-7fb5c0c7b000 r-xp 00000000 fd:00 44175907                   /lib/x86_64-linux-gnu/libgcc_s.so.1
7fb5c0c7b000-7fb5c0e7a000 ---p 00017000 fd:00 44175907                   /lib/x86_64-linux-gnu/libgcc_s.so.1
7fb5c0e7a000-7fb5c0e7b000 r--p 00016000 fd:00 44175907                   /lib/x86_64-linux-gnu/libgcc_s.so.1
7fb5c0e7b000-7fb5c0e7c000 rw-p 00017000 fd:00 44175907                   /lib/x86_64-linux-gnu/libgcc_s.so.1
7fb5c0e7c000-7fb5c1019000 r-xp 00000000 fd:00 44176066                   /lib/x86_64-linux-gnu/libm-2.27.so
7fb5c1019000-7fb5c1218000 ---p 0019d000 fd:00 44176066                   /lib/x86_64-linux-gnu/libm-2.27.so
7fb5c1218000-7fb5c1219000 r--p 0019c000 fd:00 44176066                   /lib/x86_64-linux-gnu/libm-2.27.so
7fb5c1219000-7fb5c121a000 rw-p 0019d000 fd:00 44176066                   /lib/x86_64-linux-gnu/libm-2.27.so
7fb5c121a000-7fb5c1393000 r-xp 00000000 fd:00 18090134                   /usr/lib/x86_64-linux-gnu/libstdc++.so.6.0.25
7fb5c1393000-7fb5c1593000 ---p 00179000 fd:00 18090134                   /usr/lib/x86_64-linux-gnu/libstdc++.so.6.0.25
7fb5c1593000-7fb5c159d000 r--p 00179000 fd:00 18090134                   /usr/lib/x86_64-linux-gnu/libstdc++.so.6.0.25
7fb5c159d000-7fb5c159f000 rw-p 00183000 fd:00 18090134                   /usr/lib/x86_64-linux-gnu/libstdc++.so.6.0.25
7fb5c159f000-7fb5c15a3000 rw-p 00000000 00:00 0 
7fb5c15a3000-7fb5c2540000 r-xp 00000000 fd:00 20186062                   /usr/lib/jvm/java-11-openjdk-amd64/lib/server/libjvm.so
7fb5c2540000-7fb5c2740000 ---p 00f9d000 fd:00 20186062                   /usr/lib/jvm/java-11-openjdk-amd64/lib/server/libjvm.so
7fb5c2740000-7fb5c2804000 r--p 00f9d000 fd:00 20186062                   /usr/lib/jvm/java-11-openjdk-amd64/lib/server/libjvm.so
7fb5c2804000-7fb5c283c000 rw-p 01061000 fd:00 20186062                   /usr/lib/jvm/java-11-openjdk-amd64/lib/server/libjvm.so
7fb5c283c000-7fb5c2885000 rw-p 00000000 00:00 0 
7fb5c2885000-7fb5c289f000 r-xp 00000000 fd:00 44176136                   /lib/x86_64-linux-gnu/libpthread-2.27.so
7fb5c289f000-7fb5c2a9e000 ---p 0001a000 fd:00 44176136                   /lib/x86_64-linux-gnu/libpthread-2.27.so
7fb5c2a9e000-7fb5c2a9f000 r--p 00019000 fd:00 44176136                   /lib/x86_64-linux-gnu/libpthread-2.27.so
7fb5c2a9f000-7fb5c2aa0000 rw-p 0001a000 fd:00 44176136                   /lib/x86_64-linux-gnu/libpthread-2.27.so
7fb5c2aa0000-7fb5c2aa4000 rw-p 00000000 00:00 0 
7fb5c2aa4000-7fb5c2aa7000 r-xp 00000000 fd:00 44176026                   /lib/x86_64-linux-gnu/libdl-2.27.so
7fb5c2aa7000-7fb5c2ca6000 ---p 00003000 fd:00 44176026                   /lib/x86_64-linux-gnu/libdl-2.27.so
7fb5c2ca6000-7fb5c2ca7000 r--p 00002000 fd:00 44176026                   /lib/x86_64-linux-gnu/libdl-2.27.so
7fb5c2ca7000-7fb5c2ca8000 rw-p 00003000 fd:00 44176026                   /lib/x86_64-linux-gnu/libdl-2.27.so
7fb5c2ca8000-7fb5c2cc4000 r-xp 00000000 fd:00 44176175                   /lib/x86_64-linux-gnu/libz.so.1.2.11
7fb5c2cc4000-7fb5c2ec3000 ---p 0001c000 fd:00 44176175                   /lib/x86_64-linux-gnu/libz.so.1.2.11
7fb5c2ec3000-7fb5c2ec4000 r--p 0001b000 fd:00 44176175                   /lib/x86_64-linux-gnu/libz.so.1.2.11
7fb5c2ec4000-7fb5c2ec5000 rw-p 0001c000 fd:00 44176175                   /lib/x86_64-linux-gnu/libz.so.1.2.11
7fb5c2ec5000-7fb5c30ac000 r-xp 00000000 fd:00 44176003                   /lib/x86_64-linux-gnu/libc-2.27.so
7fb5c30ac000-7fb5c32ac000 ---p 001e7000 fd:00 44176003                   /lib/x86_64-linux-gnu/libc-2.27.so
7fb5c32ac000-7fb5c32b0000 r--p 001e7000 fd:00 44176003                   /lib/x86_64-linux-gnu/libc-2.27.so
7fb5c32b0000-7fb5c32b2000 rw-p 001eb000 fd:00 44176003                   /lib/x86_64-linux-gnu/libc-2.27.so
7fb5c32b2000-7fb5c32b6000 rw-p 00000000 00:00 0 
7fb5c32b6000-7fb5c32c5000 r-xp 00000000 fd:00 20186020                   /usr/lib/jvm/java-11-openjdk-amd64/lib/jli/libjli.so
7fb5c32c5000-7fb5c34c4000 ---p 0000f000 fd:00 20186020                   /usr/lib/jvm/java-11-openjdk-amd64/lib/jli/libjli.so
7fb5c34c4000-7fb5c34c5000 r--p 0000e000 fd:00 20186020                   /usr/lib/jvm/java-11-openjdk-amd64/lib/jli/libjli.so
7fb5c34c5000-7fb5c34c6000 rw-p 0000f000 fd:00 20186020                   /usr/lib/jvm/java-11-openjdk-amd64/lib/jli/libjli.so
7fb5c34c6000-7fb5c34ed000 r-xp 00000000 fd:00 44175975                   /lib/x86_64-linux-gnu/ld-2.27.so
7fb5c3569000-7fb5c35d0000 rw-p 00000000 00:00 0 
7fb5c35d0000-7fb5c35d4000 ---p 00000000 00:00 0 
7fb5c35d4000-7fb5c36d3000 rw-p 00000000 00:00 0 
7fb5c36d4000-7fb5c36da000 rw-p 00000000 00:00 0 
7fb5c36da000-7fb5c36e1000 ---p 00000000 00:00 0 
7fb5c36e1000-7fb5c36e9000 rw-s 00000000 fd:00 16121869                   /tmp/hsperfdata_minecraft/32103
7fb5c36e9000-7fb5c36ea000 ---p 00000000 00:00 0 
7fb5c36ea000-7fb5c36eb000 r--p 00000000 00:00 0 
7fb5c36eb000-7fb5c36ed000 rw-p 00000000 00:00 0 
7fb5c36ed000-7fb5c36ee000 r--p 00027000 fd:00 44175975                   /lib/x86_64-linux-gnu/ld-2.27.so
7fb5c36ee000-7fb5c36ef000 rw-p 00028000 fd:00 44175975                   /lib/x86_64-linux-gnu/ld-2.27.so
7fb5c36ef000-7fb5c36f0000 rw-p 00000000 00:00 0 
7ffe2550e000-7ffe2552f000 rw-p 00000000 00:00 0                          [stack]
7ffe255d4000-7ffe255d7000 r--p 00000000 00:00 0                          [vvar]
7ffe255d7000-7ffe255d9000 r-xp 00000000 00:00 0                          [vdso]
ffffffffff600000-ffffffffff601000 r-xp 00000000 00:00 0                  [vsyscall]


VM Arguments:
jvm_args: -Xms3g -Xmx3g 
java_command: server.jar nogui
java_class_path (initial): server.jar
Launcher Type: SUN_STANDARD

Logging:
Log output configuration:
#0: stdout all=warning uptime,level,tags
#1: stderr all=off uptime,level,tags

Environment Variables:
PATH=/usr/local/sbin:/usr/local/bin:/usr/sbin:/usr/bin:/sbin:/bin
SHELL=/bin/sh

Signal Handlers:
SIGSEGV: [libjvm.so+0xd28b70], sa_mask[0]=11111111011111111101111111111110, sa_flags=SA_RESTART|SA_SIGINFO
SIGBUS: [libjvm.so+0xd28b70], sa_mask[0]=11111111011111111101111111111110, sa_flags=SA_RESTART|SA_SIGINFO
SIGFPE: [libjvm.so+0xd28b70], sa_mask[0]=11111111011111111101111111111110, sa_flags=SA_RESTART|SA_SIGINFO
SIGPIPE: [libjvm.so+0xb2a1f0], sa_mask[0]=11111111011111111101111111111110, sa_flags=SA_RESTART|SA_SIGINFO
SIGXFSZ: [libjvm.so+0xb2a1f0], sa_mask[0]=11111111011111111101111111111110, sa_flags=SA_RESTART|SA_SIGINFO
SIGILL: [libjvm.so+0xd28b70], sa_mask[0]=11111111011111111101111111111110, sa_flags=SA_RESTART|SA_SIGINFO
SIGUSR2: [libjvm.so+0xb2a030], sa_mask[0]=00000000000000000000000000000000, sa_flags=SA_RESTART|SA_SIGINFO
SIGHUP: SIG_DFL, sa_mask[0]=00000000000000000000000000000000, sa_flags=none
SIGINT: SIG_DFL, sa_mask[0]=00000000000000000000000000000000, sa_flags=none
SIGTERM: SIG_DFL, sa_mask[0]=00000000000000000000000000000000, sa_flags=none
SIGQUIT: SIG_DFL, sa_mask[0]=00000000000000000000000000000000, sa_flags=none


---------------  S Y S T E M  ---------------

OS:DISTRIB_ID=Ubuntu
DISTRIB_RELEASE=18.04
DISTRIB_CODENAME=bionic
DISTRIB_DESCRIPTION="Ubuntu 18.04.2 LTS"
uname:Linux 4.15.0-46-generic #49-Ubuntu SMP Wed Feb 6 09:33:07 UTC 2019 x86_64
libc:glibc 2.27 NPTL 2.27 
rlimit: STACK 8192k, CORE 0k, NPROC 15099, NOFILE 4096, AS infinity, DATA infinity, FSIZE infinity
load average:1.27 1.43 1.47

/proc/meminfo:
MemTotal:        3943748 kB
MemFree:         1997340 kB
MemAvailable:    2043024 kB
Buffers:           10652 kB
Cached:           252060 kB
SwapCached:         1324 kB
Active:          1359092 kB
Inactive:         430316 kB
Active(anon):    1263228 kB
Inactive(anon):   293588 kB
Active(file):      95864 kB
Inactive(file):   136728 kB
Unevictable:           0 kB
Mlocked:               0 kB
SwapTotal:        999420 kB
SwapFree:         551856 kB
Dirty:              3532 kB
Writeback:             0 kB
AnonPages:       1525532 kB
Mapped:            76896 kB
Shmem:             30120 kB
Slab:              72580 kB
SReclaimable:      31716 kB
SUnreclaim:        40864 kB
KernelStack:        6016 kB
PageTables:        22004 kB
NFS_Unstable:          0 kB
Bounce:                0 kB
WritebackTmp:          0 kB
CommitLimit:     2971292 kB
Committed_AS:    2850664 kB
VmallocTotal:   34359738367 kB
VmallocUsed:           0 kB
VmallocChunk:          0 kB
HardwareCorrupted:     0 kB
AnonHugePages:         0 kB
ShmemHugePages:        0 kB
ShmemPmdMapped:        0 kB
CmaTotal:              0 kB
CmaFree:               0 kB
HugePages_Total:       0
HugePages_Free:        0
HugePages_Rsvd:        0
HugePages_Surp:        0
Hugepagesize:       2048 kB
DirectMap4k:      150128 kB
DirectMap2M:     3948544 kB
DirectMap1G:           0 kB

container (cgroup) information:
container_type: cgroupv1
cpu_cpuset_cpus: 0-3
cpu_memory_nodes: 0
active_processor_count: 4
cpu_quota: -1
cpu_period: 100000
cpu_shares: -1
memory_limit_in_bytes: -1
memory_and_swap_limit_in_bytes: -2
memory_soft_limit_in_bytes: -1
memory_usage_in_bytes: 1832321024
memory_max_usage_in_bytes: 2048000


CPU:total 4 (initial active 4) (2 cores per cpu, 2 threads per core) family 6 model 69 stepping 1, cmov, cx8, fxsr, mmx, sse, sse2, sse3, ssse3, sse4.1, sse4.2, popcnt, avx, avx2, aes, clmul, erms, lzcnt, ht, tsc, tscinvbit, bmi1, bmi2, fma
CPU Model and flags from /proc/cpuinfo:
model name	: Intel(R) Core(TM) i7-4500U CPU @ 1.80GHz
flags		: fpu vme de pse tsc msr pae mce cx8 apic sep mtrr pge mca cmov pat pse36 clflush dts acpi mmx fxsr sse sse2 ss ht tm pbe syscall nx pdpe1gb rdtscp lm constant_tsc arch_perfmon pebs bts rep_good nopl xtopology nonstop_tsc cpuid aperfmperf pni pclmulqdq dtes64 monitor ds_cpl vmx est tm2 ssse3 sdbg fma cx16 xtpr pdcm pcid sse4_1 sse4_2 movbe popcnt tsc_deadline_timer aes xsave avx f16c rdrand lahf_lm abm cpuid_fault epb invpcid_single pti ssbd ibrs ibpb stibp tpr_shadow vnmi flexpriority ept vpid fsgsbase tsc_adjust bmi1 avx2 smep bmi2 erms invpcid xsaveopt dtherm ida arat pln pts flush_l1d

Memory: 4k page, physical 3943748k(1997340k free), swap 999420k(551856k free)

vm_info: OpenJDK 64-Bit Server VM (10.0.2+13-Ubuntu-1ubuntu0.18.04.4) for linux-amd64 JRE (10.0.2+13-Ubuntu-1ubuntu0.18.04.4), built on Nov 13 2018 12:53:39 by "buildd" with gcc 7.3.0

END.
