#
# There is insufficient memory for the Java Runtime Environment to continue.
# Native memory allocation (mmap) failed to map 3221225472 bytes for committing reserved memory.
# Possible reasons:
#   The system is out of physical RAM or swap space
#   The process is running with CompressedOops enabled, and the Java Heap may be blocking the growth of the native heap
# Possible solutions:
#   Reduce memory load on the system
#   Increase physical memory or swap space
#   Check if swap backing store is full
#   Decrease Java heap size (-Xmx/-Xms)
#   Decrease number of Java threads
#   Decrease Java thread stack sizes (-Xss)
#   Set larger code cache with -XX:ReservedCodeCacheSize=
# This output file may be truncated or incomplete.
#
#  Out of Memory Error (os_linux.cpp:2706), pid=23824, tid=23825
#
# JRE version:  (10.0.2+13) (build )
# Java VM: OpenJDK 64-Bit Server VM (10.0.2+13-Ubuntu-1ubuntu0.18.04.4, mixed mode, aot, tiered, compressed oops, g1 gc, linux-amd64)
# Core dump will be written. Default location: Core dumps may be processed with "/usr/share/apport/apport %p %s %c %d %P" (or dumping to /opt/forno/minecraft/core.23824)
#

---------------  S U M M A R Y ------------

Command Line: -Xms3g -Xmx3g server.jar nogui

Host: Intel(R) Core(TM) i7-4500U CPU @ 1.80GHz, 4 cores, 3G, Ubuntu 18.04.2 LTS
Time: Thu Mar 21 11:07:05 2019 JST elapsed time: 0 seconds (0d 0h 0m 0s)

---------------  T H R E A D  ---------------

Current thread (0x00007f70d0011000):  JavaThread "Unknown thread" [_thread_in_vm, id=23825, stack(0x00007f70d70d9000,0x00007f70d71da000)]

Stack: [0x00007f70d70d9000,0x00007f70d71da000],  sp=0x00007f70d71d82e0,  free space=1020k
Native frames: (J=compiled Java code, A=aot compiled Java code, j=interpreted, Vv=VM code, C=native code)
V  [libjvm.so+0xd27ea4]
V  [libjvm.so+0xd28a4b]
V  [libjvm.so+0x64d415]
V  [libjvm.so+0xb2d7c8]
V  [libjvm.so+0xb2601d]
V  [libjvm.so+0x7662ff]
V  [libjvm.so+0x76653e]
V  [libjvm.so+0x769500]
V  [libjvm.so+0x7efa1c]
V  [libjvm.so+0x7f06df]
V  [libjvm.so+0x7f0b59]
V  [libjvm.so+0x7162cf]
V  [libjvm.so+0x71afd3]
V  [libjvm.so+0xce5dc2]
V  [libjvm.so+0xce60c6]
V  [libjvm.so+0x807d57]
V  [libjvm.so+0xcc7ac4]
V  [libjvm.so+0x8601b1]  JNI_CreateJavaVM+0x51
C  [libjli.so+0x3d83]
C  [libjli.so+0x89dd]
C  [libpthread.so.0+0x76db]  start_thread+0xdb


---------------  P R O C E S S  ---------------

Threads class SMR info:
_java_thread_list=0x0000560964c846b0, length=0, elements={
}

Java Threads: ( => current thread )

Other Threads:
  0x00007f70d0028000 GCTaskThread "GC Thread#0" [stack: 0x00007f70b6cea000,0x00007f70b6dea000] [id=23826]
  0x00007f70d0029000 GCTaskThread "GC Thread#1" [stack: 0x00007f70b6be8000,0x00007f70b6ce8000] [id=23827]
  0x00007f70d002b000 GCTaskThread "GC Thread#2" [stack: 0x00007f70b6ae6000,0x00007f70b6be6000] [id=23828]
  0x00007f70d002c800 GCTaskThread "GC Thread#3" [stack: 0x00007f70b69e4000,0x00007f70b6ae4000] [id=23829]
  0x00007f70d006a000 ConcurrentGCThread "G1 Main Marker" [stack: 0x00007f70b521e000,0x00007f70b531e000] [id=23830]
  0x00007f70d006c000 ConcurrentGCThread "G1 Conc#0" [stack: 0x00007f70b511c000,0x00007f70b521c000] [id=23831]

[error occurred during error reporting (printing all threads), id 0xe0000002]

VM state:not at safepoint (not fully initialized)

VM Mutex/Monitor currently owned by a thread:  ([mutex/lock_event])
[0x00007f70d000df30] Heap_lock - owner thread: 0x00007f70d0011000

Heap address: 0x0000000700000000, size: 3072 MB, Compressed Oops mode: Non-zero based: 0x0000000700000000
Narrow klass base: 0x0000000000000000, Narrow klass shift: 0

GC Heap History (0 events):
No events

Deoptimization events (0 events):
No events

Classes redefined (0 events):
No events

Internal exceptions (0 events):
No events

Events (0 events):
No events


Dynamic libraries:
560964411000-560964412000 r-xp 00000000 fd:00 20185882                   /usr/lib/jvm/java-11-openjdk-amd64/bin/java
560964612000-560964613000 r--p 00001000 fd:00 20185882                   /usr/lib/jvm/java-11-openjdk-amd64/bin/java
560964613000-560964614000 rw-p 00002000 fd:00 20185882                   /usr/lib/jvm/java-11-openjdk-amd64/bin/java
560964c6d000-560964c8e000 rw-p 00000000 00:00 0                          [heap]
7f7090000000-7f7090021000 rw-p 00000000 00:00 0 
7f7090021000-7f7094000000 ---p 00000000 00:00 0 
7f7096000000-7f7098000000 rw-p 00000000 00:00 0 
7f7098000000-7f7098021000 rw-p 00000000 00:00 0 
7f7098021000-7f709c000000 ---p 00000000 00:00 0 
7f709d000000-7f70a0000000 ---p 00000000 00:00 0 
7f70a0000000-7f70a0021000 rw-p 00000000 00:00 0 
7f70a0021000-7f70a4000000 ---p 00000000 00:00 0 
7f70a5000000-7f70a8000000 ---p 00000000 00:00 0 
7f70a8000000-7f70a8021000 rw-p 00000000 00:00 0 
7f70a8021000-7f70ac000000 ---p 00000000 00:00 0 
7f70ac000000-7f70ac021000 rw-p 00000000 00:00 0 
7f70ac021000-7f70b0000000 ---p 00000000 00:00 0 
7f70b0000000-7f70b0021000 rw-p 00000000 00:00 0 
7f70b0021000-7f70b4000000 ---p 00000000 00:00 0 
7f70b4d16000-7f70b511a000 rw-p 00000000 00:00 0 
7f70b511a000-7f70b511b000 ---p 00000000 00:00 0 
7f70b511b000-7f70b521c000 rw-p 00000000 00:00 0 
7f70b521c000-7f70b521d000 ---p 00000000 00:00 0 
7f70b521d000-7f70b53de000 rw-p 00000000 00:00 0 
7f70b53de000-7f70b65de000 ---p 00000000 00:00 0 
7f70b65de000-7f70b69e2000 rw-p 00000000 00:00 0 
7f70b69e2000-7f70b69e3000 ---p 00000000 00:00 0 
7f70b69e3000-7f70b6ae4000 rw-p 00000000 00:00 0 
7f70b6ae4000-7f70b6ae5000 ---p 00000000 00:00 0 
7f70b6ae5000-7f70b6be6000 rw-p 00000000 00:00 0 
7f70b6be6000-7f70b6be7000 ---p 00000000 00:00 0 
7f70b6be7000-7f70b6ce8000 rw-p 00000000 00:00 0 
7f70b6ce8000-7f70b6ce9000 ---p 00000000 00:00 0 
7f70b6ce9000-7f70b6def000 rw-p 00000000 00:00 0 
7f70b6def000-7f70b6ed5000 ---p 00000000 00:00 0 
7f70b6ed5000-7f70b7145000 rwxp 00000000 00:00 0 
7f70b7145000-7f70b7465000 ---p 00000000 00:00 0 
7f70b7465000-7f70b76d5000 rwxp 00000000 00:00 0 
7f70b76d5000-7f70be99d000 ---p 00000000 00:00 0 
7f70be99d000-7f70bec0d000 rwxp 00000000 00:00 0 
7f70bec0d000-7f70c5ed5000 ---p 00000000 00:00 0 
7f70c5ed5000-7f70cf3b0000 r--s 00000000 fd:00 20186057                   /usr/lib/jvm/java-11-openjdk-amd64/lib/modules
7f70cf3b0000-7f70cf3b5000 r-xp 00000000 fd:00 20186039                   /usr/lib/jvm/java-11-openjdk-amd64/lib/libjimage.so
7f70cf3b5000-7f70cf5b4000 ---p 00005000 fd:00 20186039                   /usr/lib/jvm/java-11-openjdk-amd64/lib/libjimage.so
7f70cf5b4000-7f70cf5b5000 r--p 00004000 fd:00 20186039                   /usr/lib/jvm/java-11-openjdk-amd64/lib/libjimage.so
7f70cf5b5000-7f70cf5b6000 rw-p 00005000 fd:00 20186039                   /usr/lib/jvm/java-11-openjdk-amd64/lib/libjimage.so
7f70cf5b6000-7f70cf5bd000 r-xp 00000000 fd:00 20186056                   /usr/lib/jvm/java-11-openjdk-amd64/lib/libzip.so
7f70cf5bd000-7f70cf7bc000 ---p 00007000 fd:00 20186056                   /usr/lib/jvm/java-11-openjdk-amd64/lib/libzip.so
7f70cf7bc000-7f70cf7bd000 r--p 00006000 fd:00 20186056                   /usr/lib/jvm/java-11-openjdk-amd64/lib/libzip.so
7f70cf7bd000-7f70cf7be000 rw-p 00007000 fd:00 20186056                   /usr/lib/jvm/java-11-openjdk-amd64/lib/libzip.so
7f70cf7be000-7f70cf7c9000 r-xp 00000000 fd:00 44176093                   /lib/x86_64-linux-gnu/libnss_files-2.27.so
7f70cf7c9000-7f70cf9c8000 ---p 0000b000 fd:00 44176093                   /lib/x86_64-linux-gnu/libnss_files-2.27.so
7f70cf9c8000-7f70cf9c9000 r--p 0000a000 fd:00 44176093                   /lib/x86_64-linux-gnu/libnss_files-2.27.so
7f70cf9c9000-7f70cf9ca000 rw-p 0000b000 fd:00 44176093                   /lib/x86_64-linux-gnu/libnss_files-2.27.so
7f70cf9ca000-7f70cf9d0000 rw-p 00000000 00:00 0 
7f70cf9d0000-7f70cf9e7000 r-xp 00000000 fd:00 44176087                   /lib/x86_64-linux-gnu/libnsl-2.27.so
7f70cf9e7000-7f70cfbe6000 ---p 00017000 fd:00 44176087                   /lib/x86_64-linux-gnu/libnsl-2.27.so
7f70cfbe6000-7f70cfbe7000 r--p 00016000 fd:00 44176087                   /lib/x86_64-linux-gnu/libnsl-2.27.so
7f70cfbe7000-7f70cfbe8000 rw-p 00017000 fd:00 44176087                   /lib/x86_64-linux-gnu/libnsl-2.27.so
7f70cfbe8000-7f70cfbea000 rw-p 00000000 00:00 0 
7f70cfbea000-7f70cfbf5000 r-xp 00000000 fd:00 44176104                   /lib/x86_64-linux-gnu/libnss_nis-2.27.so
7f70cfbf5000-7f70cfdf4000 ---p 0000b000 fd:00 44176104                   /lib/x86_64-linux-gnu/libnss_nis-2.27.so
7f70cfdf4000-7f70cfdf5000 r--p 0000a000 fd:00 44176104                   /lib/x86_64-linux-gnu/libnss_nis-2.27.so
7f70cfdf5000-7f70cfdf6000 rw-p 0000b000 fd:00 44176104                   /lib/x86_64-linux-gnu/libnss_nis-2.27.so
7f70cfdf6000-7f70cfdfe000 r-xp 00000000 fd:00 44176089                   /lib/x86_64-linux-gnu/libnss_compat-2.27.so
7f70cfdfe000-7f70cfffe000 ---p 00008000 fd:00 44176089                   /lib/x86_64-linux-gnu/libnss_compat-2.27.so
7f70cfffe000-7f70cffff000 r--p 00008000 fd:00 44176089                   /lib/x86_64-linux-gnu/libnss_compat-2.27.so
7f70cffff000-7f70d0000000 rw-p 00009000 fd:00 44176089                   /lib/x86_64-linux-gnu/libnss_compat-2.27.so
7f70d0000000-7f70d0083000 rw-p 00000000 00:00 0 
7f70d0083000-7f70d4000000 ---p 00000000 00:00 0 
7f70d403d000-7f70d4042000 rw-p 00000000 00:00 0 
7f70d4042000-7f70d4128000 ---p 00000000 00:00 0 
7f70d4128000-7f70d4154000 r-xp 00000000 fd:00 20186035                   /usr/lib/jvm/java-11-openjdk-amd64/lib/libjava.so
7f70d4154000-7f70d4353000 ---p 0002c000 fd:00 20186035                   /usr/lib/jvm/java-11-openjdk-amd64/lib/libjava.so
7f70d4353000-7f70d4354000 r--p 0002b000 fd:00 20186035                   /usr/lib/jvm/java-11-openjdk-amd64/lib/libjava.so
7f70d4354000-7f70d4356000 rw-p 0002c000 fd:00 20186035                   /usr/lib/jvm/java-11-openjdk-amd64/lib/libjava.so
7f70d4356000-7f70d4363000 r-xp 00000000 fd:00 20186055                   /usr/lib/jvm/java-11-openjdk-amd64/lib/libverify.so
7f70d4363000-7f70d4562000 ---p 0000d000 fd:00 20186055                   /usr/lib/jvm/java-11-openjdk-amd64/lib/libverify.so
7f70d4562000-7f70d4564000 r--p 0000c000 fd:00 20186055                   /usr/lib/jvm/java-11-openjdk-amd64/lib/libverify.so
7f70d4564000-7f70d4565000 rw-p 0000e000 fd:00 20186055                   /usr/lib/jvm/java-11-openjdk-amd64/lib/libverify.so
7f70d4565000-7f70d456c000 r-xp 00000000 fd:00 44176144                   /lib/x86_64-linux-gnu/librt-2.27.so
7f70d456c000-7f70d476b000 ---p 00007000 fd:00 44176144                   /lib/x86_64-linux-gnu/librt-2.27.so
7f70d476b000-7f70d476c000 r--p 00006000 fd:00 44176144                   /lib/x86_64-linux-gnu/librt-2.27.so
7f70d476c000-7f70d476d000 rw-p 00007000 fd:00 44176144                   /lib/x86_64-linux-gnu/librt-2.27.so
7f70d476d000-7f70d4784000 r-xp 00000000 fd:00 44175907                   /lib/x86_64-linux-gnu/libgcc_s.so.1
7f70d4784000-7f70d4983000 ---p 00017000 fd:00 44175907                   /lib/x86_64-linux-gnu/libgcc_s.so.1
7f70d4983000-7f70d4984000 r--p 00016000 fd:00 44175907                   /lib/x86_64-linux-gnu/libgcc_s.so.1
7f70d4984000-7f70d4985000 rw-p 00017000 fd:00 44175907                   /lib/x86_64-linux-gnu/libgcc_s.so.1
7f70d4985000-7f70d4b22000 r-xp 00000000 fd:00 44176066                   /lib/x86_64-linux-gnu/libm-2.27.so
7f70d4b22000-7f70d4d21000 ---p 0019d000 fd:00 44176066                   /lib/x86_64-linux-gnu/libm-2.27.so
7f70d4d21000-7f70d4d22000 r--p 0019c000 fd:00 44176066                   /lib/x86_64-linux-gnu/libm-2.27.so
7f70d4d22000-7f70d4d23000 rw-p 0019d000 fd:00 44176066                   /lib/x86_64-linux-gnu/libm-2.27.so
7f70d4d23000-7f70d4e9c000 r-xp 00000000 fd:00 18090134                   /usr/lib/x86_64-linux-gnu/libstdc++.so.6.0.25
7f70d4e9c000-7f70d509c000 ---p 00179000 fd:00 18090134                   /usr/lib/x86_64-linux-gnu/libstdc++.so.6.0.25
7f70d509c000-7f70d50a6000 r--p 00179000 fd:00 18090134                   /usr/lib/x86_64-linux-gnu/libstdc++.so.6.0.25
7f70d50a6000-7f70d50a8000 rw-p 00183000 fd:00 18090134                   /usr/lib/x86_64-linux-gnu/libstdc++.so.6.0.25
7f70d50a8000-7f70d50ac000 rw-p 00000000 00:00 0 
7f70d50ac000-7f70d6049000 r-xp 00000000 fd:00 20186062                   /usr/lib/jvm/java-11-openjdk-amd64/lib/server/libjvm.so
7f70d6049000-7f70d6249000 ---p 00f9d000 fd:00 20186062                   /usr/lib/jvm/java-11-openjdk-amd64/lib/server/libjvm.so
7f70d6249000-7f70d630d000 r--p 00f9d000 fd:00 20186062                   /usr/lib/jvm/java-11-openjdk-amd64/lib/server/libjvm.so
7f70d630d000-7f70d6345000 rw-p 01061000 fd:00 20186062                   /usr/lib/jvm/java-11-openjdk-amd64/lib/server/libjvm.so
7f70d6345000-7f70d638e000 rw-p 00000000 00:00 0 
7f70d638e000-7f70d63a8000 r-xp 00000000 fd:00 44176136                   /lib/x86_64-linux-gnu/libpthread-2.27.so
7f70d63a8000-7f70d65a7000 ---p 0001a000 fd:00 44176136                   /lib/x86_64-linux-gnu/libpthread-2.27.so
7f70d65a7000-7f70d65a8000 r--p 00019000 fd:00 44176136                   /lib/x86_64-linux-gnu/libpthread-2.27.so
7f70d65a8000-7f70d65a9000 rw-p 0001a000 fd:00 44176136                   /lib/x86_64-linux-gnu/libpthread-2.27.so
7f70d65a9000-7f70d65ad000 rw-p 00000000 00:00 0 
7f70d65ad000-7f70d65b0000 r-xp 00000000 fd:00 44176026                   /lib/x86_64-linux-gnu/libdl-2.27.so
7f70d65b0000-7f70d67af000 ---p 00003000 fd:00 44176026                   /lib/x86_64-linux-gnu/libdl-2.27.so
7f70d67af000-7f70d67b0000 r--p 00002000 fd:00 44176026                   /lib/x86_64-linux-gnu/libdl-2.27.so
7f70d67b0000-7f70d67b1000 rw-p 00003000 fd:00 44176026                   /lib/x86_64-linux-gnu/libdl-2.27.so
7f70d67b1000-7f70d67cd000 r-xp 00000000 fd:00 44176175                   /lib/x86_64-linux-gnu/libz.so.1.2.11
7f70d67cd000-7f70d69cc000 ---p 0001c000 fd:00 44176175                   /lib/x86_64-linux-gnu/libz.so.1.2.11
7f70d69cc000-7f70d69cd000 r--p 0001b000 fd:00 44176175                   /lib/x86_64-linux-gnu/libz.so.1.2.11
7f70d69cd000-7f70d69ce000 rw-p 0001c000 fd:00 44176175                   /lib/x86_64-linux-gnu/libz.so.1.2.11
7f70d69ce000-7f70d6bb5000 r-xp 00000000 fd:00 44176003                   /lib/x86_64-linux-gnu/libc-2.27.so
7f70d6bb5000-7f70d6db5000 ---p 001e7000 fd:00 44176003                   /lib/x86_64-linux-gnu/libc-2.27.so
7f70d6db5000-7f70d6db9000 r--p 001e7000 fd:00 44176003                   /lib/x86_64-linux-gnu/libc-2.27.so
7f70d6db9000-7f70d6dbb000 rw-p 001eb000 fd:00 44176003                   /lib/x86_64-linux-gnu/libc-2.27.so
7f70d6dbb000-7f70d6dbf000 rw-p 00000000 00:00 0 
7f70d6dbf000-7f70d6dce000 r-xp 00000000 fd:00 20186020                   /usr/lib/jvm/java-11-openjdk-amd64/lib/jli/libjli.so
7f70d6dce000-7f70d6fcd000 ---p 0000f000 fd:00 20186020                   /usr/lib/jvm/java-11-openjdk-amd64/lib/jli/libjli.so
7f70d6fcd000-7f70d6fce000 r--p 0000e000 fd:00 20186020                   /usr/lib/jvm/java-11-openjdk-amd64/lib/jli/libjli.so
7f70d6fce000-7f70d6fcf000 rw-p 0000f000 fd:00 20186020                   /usr/lib/jvm/java-11-openjdk-amd64/lib/jli/libjli.so
7f70d6fcf000-7f70d6ff6000 r-xp 00000000 fd:00 44175975                   /lib/x86_64-linux-gnu/ld-2.27.so
7f70d7072000-7f70d70d9000 rw-p 00000000 00:00 0 
7f70d70d9000-7f70d70dd000 ---p 00000000 00:00 0 
7f70d70dd000-7f70d71dc000 rw-p 00000000 00:00 0 
7f70d71dd000-7f70d71e3000 rw-p 00000000 00:00 0 
7f70d71e3000-7f70d71ea000 ---p 00000000 00:00 0 
7f70d71ea000-7f70d71f2000 rw-s 00000000 fd:00 16121869                   /tmp/hsperfdata_minecraft/23824
7f70d71f2000-7f70d71f3000 ---p 00000000 00:00 0 
7f70d71f3000-7f70d71f4000 r--p 00000000 00:00 0 
7f70d71f4000-7f70d71f6000 rw-p 00000000 00:00 0 
7f70d71f6000-7f70d71f7000 r--p 00027000 fd:00 44175975                   /lib/x86_64-linux-gnu/ld-2.27.so
7f70d71f7000-7f70d71f8000 rw-p 00028000 fd:00 44175975                   /lib/x86_64-linux-gnu/ld-2.27.so
7f70d71f8000-7f70d71f9000 rw-p 00000000 00:00 0 
7ffd49b85000-7ffd49ba6000 rw-p 00000000 00:00 0                          [stack]
7ffd49bdd000-7ffd49be0000 r--p 00000000 00:00 0                          [vvar]
7ffd49be0000-7ffd49be2000 r-xp 00000000 00:00 0                          [vdso]
ffffffffff600000-ffffffffff601000 r-xp 00000000 00:00 0                  [vsyscall]


VM Arguments:
jvm_args: -Xms3g -Xmx3g 
java_command: server.jar nogui
java_class_path (initial): server.jar
Launcher Type: SUN_STANDARD

Logging:
Log output configuration:
#0: stdout all=warning uptime,level,tags
#1: stderr all=off uptime,level,tags

Environment Variables:
PATH=/usr/local/sbin:/usr/local/bin:/usr/sbin:/usr/bin:/sbin:/bin
SHELL=/bin/sh

Signal Handlers:
SIGSEGV: [libjvm.so+0xd28b70], sa_mask[0]=11111111011111111101111111111110, sa_flags=SA_RESTART|SA_SIGINFO
SIGBUS: [libjvm.so+0xd28b70], sa_mask[0]=11111111011111111101111111111110, sa_flags=SA_RESTART|SA_SIGINFO
SIGFPE: [libjvm.so+0xd28b70], sa_mask[0]=11111111011111111101111111111110, sa_flags=SA_RESTART|SA_SIGINFO
SIGPIPE: [libjvm.so+0xb2a1f0], sa_mask[0]=11111111011111111101111111111110, sa_flags=SA_RESTART|SA_SIGINFO
SIGXFSZ: [libjvm.so+0xb2a1f0], sa_mask[0]=11111111011111111101111111111110, sa_flags=SA_RESTART|SA_SIGINFO
SIGILL: [libjvm.so+0xd28b70], sa_mask[0]=11111111011111111101111111111110, sa_flags=SA_RESTART|SA_SIGINFO
SIGUSR2: [libjvm.so+0xb2a030], sa_mask[0]=00000000000000000000000000000000, sa_flags=SA_RESTART|SA_SIGINFO
SIGHUP: SIG_DFL, sa_mask[0]=00000000000000000000000000000000, sa_flags=none
SIGINT: SIG_DFL, sa_mask[0]=00000000000000000000000000000000, sa_flags=none
SIGTERM: SIG_DFL, sa_mask[0]=00000000000000000000000000000000, sa_flags=none
SIGQUIT: SIG_DFL, sa_mask[0]=00000000000000000000000000000000, sa_flags=none


---------------  S Y S T E M  ---------------

OS:DISTRIB_ID=Ubuntu
DISTRIB_RELEASE=18.04
DISTRIB_CODENAME=bionic
DISTRIB_DESCRIPTION="Ubuntu 18.04.2 LTS"
uname:Linux 4.15.0-46-generic #49-Ubuntu SMP Wed Feb 6 09:33:07 UTC 2019 x86_64
libc:glibc 2.27 NPTL 2.27 
rlimit: STACK 8192k, CORE 0k, NPROC 15099, NOFILE 4096, AS infinity, DATA infinity, FSIZE infinity
load average:1.31 1.51 1.49

/proc/meminfo:
MemTotal:        3943748 kB
MemFree:          107332 kB
MemAvailable:     963576 kB
Buffers:           31524 kB
Cached:          1023616 kB
SwapCached:        12080 kB
Active:          2692504 kB
Inactive:         948168 kB
Active(anon):    2093504 kB
Inactive(anon):   522096 kB
Active(file):     599000 kB
Inactive(file):   426072 kB
Unevictable:           0 kB
Mlocked:               0 kB
SwapTotal:        999420 kB
SwapFree:         614064 kB
Dirty:              7656 kB
Writeback:             0 kB
AnonPages:       2581972 kB
Mapped:            86868 kB
Shmem:             30068 kB
Slab:             108776 kB
SReclaimable:      67876 kB
SUnreclaim:        40900 kB
KernelStack:        6032 kB
PageTables:        24940 kB
NFS_Unstable:          0 kB
Bounce:                0 kB
WritebackTmp:          0 kB
CommitLimit:     2971292 kB
Committed_AS:    3323364 kB
VmallocTotal:   34359738367 kB
VmallocUsed:           0 kB
VmallocChunk:          0 kB
HardwareCorrupted:     0 kB
AnonHugePages:         0 kB
ShmemHugePages:        0 kB
ShmemPmdMapped:        0 kB
CmaTotal:              0 kB
CmaFree:               0 kB
HugePages_Total:       0
HugePages_Free:        0
HugePages_Rsvd:        0
HugePages_Surp:        0
Hugepagesize:       2048 kB
DirectMap4k:      158320 kB
DirectMap2M:     3940352 kB
DirectMap1G:           0 kB

container (cgroup) information:
container_type: cgroupv1
cpu_cpuset_cpus: 0-3
cpu_memory_nodes: 0
active_processor_count: 4
cpu_quota: -1
cpu_period: 100000
cpu_shares: -1
memory_limit_in_bytes: -1
memory_and_swap_limit_in_bytes: -2
memory_soft_limit_in_bytes: -1
memory_usage_in_bytes: 3725668352
memory_max_usage_in_bytes: 2048000


CPU:total 4 (initial active 4) (2 cores per cpu, 2 threads per core) family 6 model 69 stepping 1, cmov, cx8, fxsr, mmx, sse, sse2, sse3, ssse3, sse4.1, sse4.2, popcnt, avx, avx2, aes, clmul, erms, lzcnt, ht, tsc, tscinvbit, bmi1, bmi2, fma
CPU Model and flags from /proc/cpuinfo:
model name	: Intel(R) Core(TM) i7-4500U CPU @ 1.80GHz
flags		: fpu vme de pse tsc msr pae mce cx8 apic sep mtrr pge mca cmov pat pse36 clflush dts acpi mmx fxsr sse sse2 ss ht tm pbe syscall nx pdpe1gb rdtscp lm constant_tsc arch_perfmon pebs bts rep_good nopl xtopology nonstop_tsc cpuid aperfmperf pni pclmulqdq dtes64 monitor ds_cpl vmx est tm2 ssse3 sdbg fma cx16 xtpr pdcm pcid sse4_1 sse4_2 movbe popcnt tsc_deadline_timer aes xsave avx f16c rdrand lahf_lm abm cpuid_fault epb invpcid_single pti ssbd ibrs ibpb stibp tpr_shadow vnmi flexpriority ept vpid fsgsbase tsc_adjust bmi1 avx2 smep bmi2 erms invpcid xsaveopt dtherm ida arat pln pts flush_l1d

Memory: 4k page, physical 3943748k(107332k free), swap 999420k(614064k free)

vm_info: OpenJDK 64-Bit Server VM (10.0.2+13-Ubuntu-1ubuntu0.18.04.4) for linux-amd64 JRE (10.0.2+13-Ubuntu-1ubuntu0.18.04.4), built on Nov 13 2018 12:53:39 by "buildd" with gcc 7.3.0

END.
