#
# There is insufficient memory for the Java Runtime Environment to continue.
# Native memory allocation (mmap) failed to map 3221225472 bytes for committing reserved memory.
# Possible reasons:
#   The system is out of physical RAM or swap space
#   The process is running with CompressedOops enabled, and the Java Heap may be blocking the growth of the native heap
# Possible solutions:
#   Reduce memory load on the system
#   Increase physical memory or swap space
#   Check if swap backing store is full
#   Decrease Java heap size (-Xmx/-Xms)
#   Decrease number of Java threads
#   Decrease Java thread stack sizes (-Xss)
#   Set larger code cache with -XX:ReservedCodeCacheSize=
# This output file may be truncated or incomplete.
#
#  Out of Memory Error (os_linux.cpp:2706), pid=29179, tid=29180
#
# JRE version:  (10.0.2+13) (build )
# Java VM: OpenJDK 64-Bit Server VM (10.0.2+13-Ubuntu-1ubuntu0.18.04.4, mixed mode, aot, tiered, compressed oops, g1 gc, linux-amd64)
# Core dump will be written. Default location: Core dumps may be processed with "/usr/share/apport/apport %p %s %c %d %P" (or dumping to /opt/forno/minecraft/core.29179)
#

---------------  S U M M A R Y ------------

Command Line: -Xms3g -Xmx3g server.jar nogui

Host: Intel(R) Core(TM) i7-4500U CPU @ 1.80GHz, 4 cores, 3G, Ubuntu 18.04.2 LTS
Time: Thu Mar 21 10:18:53 2019 JST elapsed time: 0 seconds (0d 0h 0m 0s)

---------------  T H R E A D  ---------------

Current thread (0x00007f4408011000):  JavaThread "Unknown thread" [_thread_in_vm, id=29180, stack(0x00007f440f460000,0x00007f440f561000)]

Stack: [0x00007f440f460000,0x00007f440f561000],  sp=0x00007f440f55f2e0,  free space=1020k
Native frames: (J=compiled Java code, A=aot compiled Java code, j=interpreted, Vv=VM code, C=native code)
V  [libjvm.so+0xd27ea4]
V  [libjvm.so+0xd28a4b]
V  [libjvm.so+0x64d415]
V  [libjvm.so+0xb2d7c8]
V  [libjvm.so+0xb2601d]
V  [libjvm.so+0x7662ff]
V  [libjvm.so+0x76653e]
V  [libjvm.so+0x769500]
V  [libjvm.so+0x7efa1c]
V  [libjvm.so+0x7f06df]
V  [libjvm.so+0x7f0b59]
V  [libjvm.so+0x7162cf]
V  [libjvm.so+0x71afd3]
V  [libjvm.so+0xce5dc2]
V  [libjvm.so+0xce60c6]
V  [libjvm.so+0x807d57]
V  [libjvm.so+0xcc7ac4]
V  [libjvm.so+0x8601b1]  JNI_CreateJavaVM+0x51
C  [libjli.so+0x3d83]
C  [libjli.so+0x89dd]
C  [libpthread.so.0+0x76db]  start_thread+0xdb


---------------  P R O C E S S  ---------------

Threads class SMR info:
_java_thread_list=0x000055dcc2b416b0, length=0, elements={
}

Java Threads: ( => current thread )

Other Threads:
  0x00007f4408028000 GCTaskThread "GC Thread#0" [stack: 0x00007f43ef015000,0x00007f43ef115000] [id=29182]
  0x00007f4408029000 GCTaskThread "GC Thread#1" [stack: 0x00007f43eef13000,0x00007f43ef013000] [id=29183]
  0x00007f440802b000 GCTaskThread "GC Thread#2" [stack: 0x00007f43eee11000,0x00007f43eef11000] [id=29184]
  0x00007f440802c800 GCTaskThread "GC Thread#3" [stack: 0x00007f43eed0f000,0x00007f43eee0f000] [id=29185]
  0x00007f440806a000 ConcurrentGCThread "G1 Main Marker" [stack: 0x00007f43ed549000,0x00007f43ed649000] [id=29186]
  0x00007f440806c000 ConcurrentGCThread "G1 Conc#0" [stack: 0x00007f43ed447000,0x00007f43ed547000] [id=29187]

[error occurred during error reporting (printing all threads), id 0xe0000002]

VM state:not at safepoint (not fully initialized)

VM Mutex/Monitor currently owned by a thread:  ([mutex/lock_event])
[0x00007f440800df30] Heap_lock - owner thread: 0x00007f4408011000

Heap address: 0x0000000700000000, size: 3072 MB, Compressed Oops mode: Non-zero based: 0x0000000700000000
Narrow klass base: 0x0000000000000000, Narrow klass shift: 0

GC Heap History (0 events):
No events

Deoptimization events (0 events):
No events

Classes redefined (0 events):
No events

Internal exceptions (0 events):
No events

Events (0 events):
No events


Dynamic libraries:
55dcc1142000-55dcc1143000 r-xp 00000000 fd:00 20185882                   /usr/lib/jvm/java-11-openjdk-amd64/bin/java
55dcc1343000-55dcc1344000 r--p 00001000 fd:00 20185882                   /usr/lib/jvm/java-11-openjdk-amd64/bin/java
55dcc1344000-55dcc1345000 rw-p 00002000 fd:00 20185882                   /usr/lib/jvm/java-11-openjdk-amd64/bin/java
55dcc2b2a000-55dcc2b4b000 rw-p 00000000 00:00 0                          [heap]
7f43c8000000-7f43c8021000 rw-p 00000000 00:00 0 
7f43c8021000-7f43cc000000 ---p 00000000 00:00 0 
7f43ce000000-7f43d0000000 rw-p 00000000 00:00 0 
7f43d0000000-7f43d0021000 rw-p 00000000 00:00 0 
7f43d0021000-7f43d4000000 ---p 00000000 00:00 0 
7f43d5000000-7f43d8000000 ---p 00000000 00:00 0 
7f43d8000000-7f43d8021000 rw-p 00000000 00:00 0 
7f43d8021000-7f43dc000000 ---p 00000000 00:00 0 
7f43dd000000-7f43e0000000 ---p 00000000 00:00 0 
7f43e0000000-7f43e0021000 rw-p 00000000 00:00 0 
7f43e0021000-7f43e4000000 ---p 00000000 00:00 0 
7f43e4000000-7f43e4021000 rw-p 00000000 00:00 0 
7f43e4021000-7f43e8000000 ---p 00000000 00:00 0 
7f43e8000000-7f43e8021000 rw-p 00000000 00:00 0 
7f43e8021000-7f43ec000000 ---p 00000000 00:00 0 
7f43ed041000-7f43ed445000 rw-p 00000000 00:00 0 
7f43ed445000-7f43ed446000 ---p 00000000 00:00 0 
7f43ed446000-7f43ed547000 rw-p 00000000 00:00 0 
7f43ed547000-7f43ed548000 ---p 00000000 00:00 0 
7f43ed548000-7f43ed709000 rw-p 00000000 00:00 0 
7f43ed709000-7f43ee909000 ---p 00000000 00:00 0 
7f43ee909000-7f43eed0d000 rw-p 00000000 00:00 0 
7f43eed0d000-7f43eed0e000 ---p 00000000 00:00 0 
7f43eed0e000-7f43eee0f000 rw-p 00000000 00:00 0 
7f43eee0f000-7f43eee10000 ---p 00000000 00:00 0 
7f43eee10000-7f43eef11000 rw-p 00000000 00:00 0 
7f43eef11000-7f43eef12000 ---p 00000000 00:00 0 
7f43eef12000-7f43ef013000 rw-p 00000000 00:00 0 
7f43ef013000-7f43ef014000 ---p 00000000 00:00 0 
7f43ef014000-7f43ef11a000 rw-p 00000000 00:00 0 
7f43ef11a000-7f43ef200000 ---p 00000000 00:00 0 
7f43ef200000-7f43ef205000 rw-p 00000000 00:00 0 
7f43ef205000-7f43ef2eb000 ---p 00000000 00:00 0 
7f43ef2eb000-7f43ef55b000 rwxp 00000000 00:00 0 
7f43ef55b000-7f43ef87b000 ---p 00000000 00:00 0 
7f43ef87b000-7f43efaeb000 rwxp 00000000 00:00 0 
7f43efaeb000-7f43f6db3000 ---p 00000000 00:00 0 
7f43f6db3000-7f43f7023000 rwxp 00000000 00:00 0 
7f43f7023000-7f43fe2eb000 ---p 00000000 00:00 0 
7f43fe2eb000-7f44077c6000 r--s 00000000 fd:00 20186057                   /usr/lib/jvm/java-11-openjdk-amd64/lib/modules
7f44077c6000-7f44077cb000 r-xp 00000000 fd:00 20186039                   /usr/lib/jvm/java-11-openjdk-amd64/lib/libjimage.so
7f44077cb000-7f44079ca000 ---p 00005000 fd:00 20186039                   /usr/lib/jvm/java-11-openjdk-amd64/lib/libjimage.so
7f44079ca000-7f44079cb000 r--p 00004000 fd:00 20186039                   /usr/lib/jvm/java-11-openjdk-amd64/lib/libjimage.so
7f44079cb000-7f44079cc000 rw-p 00005000 fd:00 20186039                   /usr/lib/jvm/java-11-openjdk-amd64/lib/libjimage.so
7f44079cc000-7f44079d3000 r-xp 00000000 fd:00 20186056                   /usr/lib/jvm/java-11-openjdk-amd64/lib/libzip.so
7f44079d3000-7f4407bd2000 ---p 00007000 fd:00 20186056                   /usr/lib/jvm/java-11-openjdk-amd64/lib/libzip.so
7f4407bd2000-7f4407bd3000 r--p 00006000 fd:00 20186056                   /usr/lib/jvm/java-11-openjdk-amd64/lib/libzip.so
7f4407bd3000-7f4407bd4000 rw-p 00007000 fd:00 20186056                   /usr/lib/jvm/java-11-openjdk-amd64/lib/libzip.so
7f4407bd4000-7f4407bdf000 r-xp 00000000 fd:00 44176093                   /lib/x86_64-linux-gnu/libnss_files-2.27.so
7f4407bdf000-7f4407dde000 ---p 0000b000 fd:00 44176093                   /lib/x86_64-linux-gnu/libnss_files-2.27.so
7f4407dde000-7f4407ddf000 r--p 0000a000 fd:00 44176093                   /lib/x86_64-linux-gnu/libnss_files-2.27.so
7f4407ddf000-7f4407de0000 rw-p 0000b000 fd:00 44176093                   /lib/x86_64-linux-gnu/libnss_files-2.27.so
7f4407de0000-7f4407de6000 rw-p 00000000 00:00 0 
7f4407de6000-7f4407dfd000 r-xp 00000000 fd:00 44176087                   /lib/x86_64-linux-gnu/libnsl-2.27.so
7f4407dfd000-7f4407ffc000 ---p 00017000 fd:00 44176087                   /lib/x86_64-linux-gnu/libnsl-2.27.so
7f4407ffc000-7f4407ffd000 r--p 00016000 fd:00 44176087                   /lib/x86_64-linux-gnu/libnsl-2.27.so
7f4407ffd000-7f4407ffe000 rw-p 00017000 fd:00 44176087                   /lib/x86_64-linux-gnu/libnsl-2.27.so
7f4407ffe000-7f4408000000 rw-p 00000000 00:00 0 
7f4408000000-7f4408083000 rw-p 00000000 00:00 0 
7f4408083000-7f440c000000 ---p 00000000 00:00 0 
7f440c099000-7f440c0a4000 r-xp 00000000 fd:00 44176104                   /lib/x86_64-linux-gnu/libnss_nis-2.27.so
7f440c0a4000-7f440c2a3000 ---p 0000b000 fd:00 44176104                   /lib/x86_64-linux-gnu/libnss_nis-2.27.so
7f440c2a3000-7f440c2a4000 r--p 0000a000 fd:00 44176104                   /lib/x86_64-linux-gnu/libnss_nis-2.27.so
7f440c2a4000-7f440c2a5000 rw-p 0000b000 fd:00 44176104                   /lib/x86_64-linux-gnu/libnss_nis-2.27.so
7f440c2a5000-7f440c2ad000 r-xp 00000000 fd:00 44176089                   /lib/x86_64-linux-gnu/libnss_compat-2.27.so
7f440c2ad000-7f440c4ad000 ---p 00008000 fd:00 44176089                   /lib/x86_64-linux-gnu/libnss_compat-2.27.so
7f440c4ad000-7f440c4ae000 r--p 00008000 fd:00 44176089                   /lib/x86_64-linux-gnu/libnss_compat-2.27.so
7f440c4ae000-7f440c4af000 rw-p 00009000 fd:00 44176089                   /lib/x86_64-linux-gnu/libnss_compat-2.27.so
7f440c4af000-7f440c4db000 r-xp 00000000 fd:00 20186035                   /usr/lib/jvm/java-11-openjdk-amd64/lib/libjava.so
7f440c4db000-7f440c6da000 ---p 0002c000 fd:00 20186035                   /usr/lib/jvm/java-11-openjdk-amd64/lib/libjava.so
7f440c6da000-7f440c6db000 r--p 0002b000 fd:00 20186035                   /usr/lib/jvm/java-11-openjdk-amd64/lib/libjava.so
7f440c6db000-7f440c6dd000 rw-p 0002c000 fd:00 20186035                   /usr/lib/jvm/java-11-openjdk-amd64/lib/libjava.so
7f440c6dd000-7f440c6ea000 r-xp 00000000 fd:00 20186055                   /usr/lib/jvm/java-11-openjdk-amd64/lib/libverify.so
7f440c6ea000-7f440c8e9000 ---p 0000d000 fd:00 20186055                   /usr/lib/jvm/java-11-openjdk-amd64/lib/libverify.so
7f440c8e9000-7f440c8eb000 r--p 0000c000 fd:00 20186055                   /usr/lib/jvm/java-11-openjdk-amd64/lib/libverify.so
7f440c8eb000-7f440c8ec000 rw-p 0000e000 fd:00 20186055                   /usr/lib/jvm/java-11-openjdk-amd64/lib/libverify.so
7f440c8ec000-7f440c8f3000 r-xp 00000000 fd:00 44176144                   /lib/x86_64-linux-gnu/librt-2.27.so
7f440c8f3000-7f440caf2000 ---p 00007000 fd:00 44176144                   /lib/x86_64-linux-gnu/librt-2.27.so
7f440caf2000-7f440caf3000 r--p 00006000 fd:00 44176144                   /lib/x86_64-linux-gnu/librt-2.27.so
7f440caf3000-7f440caf4000 rw-p 00007000 fd:00 44176144                   /lib/x86_64-linux-gnu/librt-2.27.so
7f440caf4000-7f440cb0b000 r-xp 00000000 fd:00 44175907                   /lib/x86_64-linux-gnu/libgcc_s.so.1
7f440cb0b000-7f440cd0a000 ---p 00017000 fd:00 44175907                   /lib/x86_64-linux-gnu/libgcc_s.so.1
7f440cd0a000-7f440cd0b000 r--p 00016000 fd:00 44175907                   /lib/x86_64-linux-gnu/libgcc_s.so.1
7f440cd0b000-7f440cd0c000 rw-p 00017000 fd:00 44175907                   /lib/x86_64-linux-gnu/libgcc_s.so.1
7f440cd0c000-7f440cea9000 r-xp 00000000 fd:00 44176066                   /lib/x86_64-linux-gnu/libm-2.27.so
7f440cea9000-7f440d0a8000 ---p 0019d000 fd:00 44176066                   /lib/x86_64-linux-gnu/libm-2.27.so
7f440d0a8000-7f440d0a9000 r--p 0019c000 fd:00 44176066                   /lib/x86_64-linux-gnu/libm-2.27.so
7f440d0a9000-7f440d0aa000 rw-p 0019d000 fd:00 44176066                   /lib/x86_64-linux-gnu/libm-2.27.so
7f440d0aa000-7f440d223000 r-xp 00000000 fd:00 18090134                   /usr/lib/x86_64-linux-gnu/libstdc++.so.6.0.25
7f440d223000-7f440d423000 ---p 00179000 fd:00 18090134                   /usr/lib/x86_64-linux-gnu/libstdc++.so.6.0.25
7f440d423000-7f440d42d000 r--p 00179000 fd:00 18090134                   /usr/lib/x86_64-linux-gnu/libstdc++.so.6.0.25
7f440d42d000-7f440d42f000 rw-p 00183000 fd:00 18090134                   /usr/lib/x86_64-linux-gnu/libstdc++.so.6.0.25
7f440d42f000-7f440d433000 rw-p 00000000 00:00 0 
7f440d433000-7f440e3d0000 r-xp 00000000 fd:00 20186062                   /usr/lib/jvm/java-11-openjdk-amd64/lib/server/libjvm.so
7f440e3d0000-7f440e5d0000 ---p 00f9d000 fd:00 20186062                   /usr/lib/jvm/java-11-openjdk-amd64/lib/server/libjvm.so
7f440e5d0000-7f440e694000 r--p 00f9d000 fd:00 20186062                   /usr/lib/jvm/java-11-openjdk-amd64/lib/server/libjvm.so
7f440e694000-7f440e6cc000 rw-p 01061000 fd:00 20186062                   /usr/lib/jvm/java-11-openjdk-amd64/lib/server/libjvm.so
7f440e6cc000-7f440e715000 rw-p 00000000 00:00 0 
7f440e715000-7f440e72f000 r-xp 00000000 fd:00 44176136                   /lib/x86_64-linux-gnu/libpthread-2.27.so
7f440e72f000-7f440e92e000 ---p 0001a000 fd:00 44176136                   /lib/x86_64-linux-gnu/libpthread-2.27.so
7f440e92e000-7f440e92f000 r--p 00019000 fd:00 44176136                   /lib/x86_64-linux-gnu/libpthread-2.27.so
7f440e92f000-7f440e930000 rw-p 0001a000 fd:00 44176136                   /lib/x86_64-linux-gnu/libpthread-2.27.so
7f440e930000-7f440e934000 rw-p 00000000 00:00 0 
7f440e934000-7f440e937000 r-xp 00000000 fd:00 44176026                   /lib/x86_64-linux-gnu/libdl-2.27.so
7f440e937000-7f440eb36000 ---p 00003000 fd:00 44176026                   /lib/x86_64-linux-gnu/libdl-2.27.so
7f440eb36000-7f440eb37000 r--p 00002000 fd:00 44176026                   /lib/x86_64-linux-gnu/libdl-2.27.so
7f440eb37000-7f440eb38000 rw-p 00003000 fd:00 44176026                   /lib/x86_64-linux-gnu/libdl-2.27.so
7f440eb38000-7f440eb54000 r-xp 00000000 fd:00 44176175                   /lib/x86_64-linux-gnu/libz.so.1.2.11
7f440eb54000-7f440ed53000 ---p 0001c000 fd:00 44176175                   /lib/x86_64-linux-gnu/libz.so.1.2.11
7f440ed53000-7f440ed54000 r--p 0001b000 fd:00 44176175                   /lib/x86_64-linux-gnu/libz.so.1.2.11
7f440ed54000-7f440ed55000 rw-p 0001c000 fd:00 44176175                   /lib/x86_64-linux-gnu/libz.so.1.2.11
7f440ed55000-7f440ef3c000 r-xp 00000000 fd:00 44176003                   /lib/x86_64-linux-gnu/libc-2.27.so
7f440ef3c000-7f440f13c000 ---p 001e7000 fd:00 44176003                   /lib/x86_64-linux-gnu/libc-2.27.so
7f440f13c000-7f440f140000 r--p 001e7000 fd:00 44176003                   /lib/x86_64-linux-gnu/libc-2.27.so
7f440f140000-7f440f142000 rw-p 001eb000 fd:00 44176003                   /lib/x86_64-linux-gnu/libc-2.27.so
7f440f142000-7f440f146000 rw-p 00000000 00:00 0 
7f440f146000-7f440f155000 r-xp 00000000 fd:00 20186020                   /usr/lib/jvm/java-11-openjdk-amd64/lib/jli/libjli.so
7f440f155000-7f440f354000 ---p 0000f000 fd:00 20186020                   /usr/lib/jvm/java-11-openjdk-amd64/lib/jli/libjli.so
7f440f354000-7f440f355000 r--p 0000e000 fd:00 20186020                   /usr/lib/jvm/java-11-openjdk-amd64/lib/jli/libjli.so
7f440f355000-7f440f356000 rw-p 0000f000 fd:00 20186020                   /usr/lib/jvm/java-11-openjdk-amd64/lib/jli/libjli.so
7f440f356000-7f440f37d000 r-xp 00000000 fd:00 44175975                   /lib/x86_64-linux-gnu/ld-2.27.so
7f440f3f9000-7f440f460000 rw-p 00000000 00:00 0 
7f440f460000-7f440f464000 ---p 00000000 00:00 0 
7f440f464000-7f440f563000 rw-p 00000000 00:00 0 
7f440f564000-7f440f56a000 rw-p 00000000 00:00 0 
7f440f56a000-7f440f571000 ---p 00000000 00:00 0 
7f440f571000-7f440f579000 rw-s 00000000 fd:00 16121869                   /tmp/hsperfdata_minecraft/29179
7f440f579000-7f440f57a000 ---p 00000000 00:00 0 
7f440f57a000-7f440f57b000 r--p 00000000 00:00 0 
7f440f57b000-7f440f57d000 rw-p 00000000 00:00 0 
7f440f57d000-7f440f57e000 r--p 00027000 fd:00 44175975                   /lib/x86_64-linux-gnu/ld-2.27.so
7f440f57e000-7f440f57f000 rw-p 00028000 fd:00 44175975                   /lib/x86_64-linux-gnu/ld-2.27.so
7f440f57f000-7f440f580000 rw-p 00000000 00:00 0 
7ffc1baf4000-7ffc1bb15000 rw-p 00000000 00:00 0                          [stack]
7ffc1bb2f000-7ffc1bb32000 r--p 00000000 00:00 0                          [vvar]
7ffc1bb32000-7ffc1bb34000 r-xp 00000000 00:00 0                          [vdso]
ffffffffff600000-ffffffffff601000 r-xp 00000000 00:00 0                  [vsyscall]


VM Arguments:
jvm_args: -Xms3g -Xmx3g 
java_command: server.jar nogui
java_class_path (initial): server.jar
Launcher Type: SUN_STANDARD

Logging:
Log output configuration:
#0: stdout all=warning uptime,level,tags
#1: stderr all=off uptime,level,tags

Environment Variables:
PATH=/usr/local/sbin:/usr/local/bin:/usr/sbin:/usr/bin:/sbin:/bin
SHELL=/bin/sh

Signal Handlers:
SIGSEGV: [libjvm.so+0xd28b70], sa_mask[0]=11111111011111111101111111111110, sa_flags=SA_RESTART|SA_SIGINFO
SIGBUS: [libjvm.so+0xd28b70], sa_mask[0]=11111111011111111101111111111110, sa_flags=SA_RESTART|SA_SIGINFO
SIGFPE: [libjvm.so+0xd28b70], sa_mask[0]=11111111011111111101111111111110, sa_flags=SA_RESTART|SA_SIGINFO
SIGPIPE: [libjvm.so+0xb2a1f0], sa_mask[0]=11111111011111111101111111111110, sa_flags=SA_RESTART|SA_SIGINFO
SIGXFSZ: [libjvm.so+0xb2a1f0], sa_mask[0]=11111111011111111101111111111110, sa_flags=SA_RESTART|SA_SIGINFO
SIGILL: [libjvm.so+0xd28b70], sa_mask[0]=11111111011111111101111111111110, sa_flags=SA_RESTART|SA_SIGINFO
SIGUSR2: [libjvm.so+0xb2a030], sa_mask[0]=00000000000000000000000000000000, sa_flags=SA_RESTART|SA_SIGINFO
SIGHUP: SIG_DFL, sa_mask[0]=00000000000000000000000000000000, sa_flags=none
SIGINT: SIG_DFL, sa_mask[0]=00000000000000000000000000000000, sa_flags=none
SIGTERM: SIG_DFL, sa_mask[0]=00000000000000000000000000000000, sa_flags=none
SIGQUIT: SIG_DFL, sa_mask[0]=00000000000000000000000000000000, sa_flags=none


---------------  S Y S T E M  ---------------

OS:DISTRIB_ID=Ubuntu
DISTRIB_RELEASE=18.04
DISTRIB_CODENAME=bionic
DISTRIB_DESCRIPTION="Ubuntu 18.04.2 LTS"
uname:Linux 4.15.0-46-generic #49-Ubuntu SMP Wed Feb 6 09:33:07 UTC 2019 x86_64
libc:glibc 2.27 NPTL 2.27 
rlimit: STACK 8192k, CORE 0k, NPROC 15099, NOFILE 4096, AS infinity, DATA infinity, FSIZE infinity
load average:1.30 1.31 1.31

/proc/meminfo:
MemTotal:        3943748 kB
MemFree:          109296 kB
MemAvailable:    1049916 kB
Buffers:           33356 kB
Cached:          1106416 kB
SwapCached:        10828 kB
Active:          2849576 kB
Inactive:         790224 kB
Active(anon):    2023784 kB
Inactive(anon):   506384 kB
Active(file):     825792 kB
Inactive(file):   283840 kB
Unevictable:           0 kB
Mlocked:               0 kB
SwapTotal:        999420 kB
SwapFree:         610224 kB
Dirty:              8536 kB
Writeback:             0 kB
AnonPages:       2496824 kB
Mapped:           128448 kB
Shmem:             30068 kB
Slab:             108244 kB
SReclaimable:      67512 kB
SUnreclaim:        40732 kB
KernelStack:        6008 kB
PageTables:        24536 kB
NFS_Unstable:          0 kB
Bounce:                0 kB
WritebackTmp:          0 kB
CommitLimit:     2971292 kB
Committed_AS:    3284104 kB
VmallocTotal:   34359738367 kB
VmallocUsed:           0 kB
VmallocChunk:          0 kB
HardwareCorrupted:     0 kB
AnonHugePages:         0 kB
ShmemHugePages:        0 kB
ShmemPmdMapped:        0 kB
CmaTotal:              0 kB
CmaFree:               0 kB
HugePages_Total:       0
HugePages_Free:        0
HugePages_Rsvd:        0
HugePages_Surp:        0
Hugepagesize:       2048 kB
DirectMap4k:      158320 kB
DirectMap2M:     3940352 kB
DirectMap1G:           0 kB

container (cgroup) information:
container_type: cgroupv1
cpu_cpuset_cpus: 0-3
cpu_memory_nodes: 0
active_processor_count: 4
cpu_quota: -1
cpu_period: 100000
cpu_shares: -1
memory_limit_in_bytes: -1
memory_and_swap_limit_in_bytes: -2
memory_soft_limit_in_bytes: -1
memory_usage_in_bytes: 3725336576
memory_max_usage_in_bytes: 2048000


CPU:total 4 (initial active 4) (2 cores per cpu, 2 threads per core) family 6 model 69 stepping 1, cmov, cx8, fxsr, mmx, sse, sse2, sse3, ssse3, sse4.1, sse4.2, popcnt, avx, avx2, aes, clmul, erms, lzcnt, ht, tsc, tscinvbit, bmi1, bmi2, fma
CPU Model and flags from /proc/cpuinfo:
model name	: Intel(R) Core(TM) i7-4500U CPU @ 1.80GHz
flags		: fpu vme de pse tsc msr pae mce cx8 apic sep mtrr pge mca cmov pat pse36 clflush dts acpi mmx fxsr sse sse2 ss ht tm pbe syscall nx pdpe1gb rdtscp lm constant_tsc arch_perfmon pebs bts rep_good nopl xtopology nonstop_tsc cpuid aperfmperf pni pclmulqdq dtes64 monitor ds_cpl vmx est tm2 ssse3 sdbg fma cx16 xtpr pdcm pcid sse4_1 sse4_2 movbe popcnt tsc_deadline_timer aes xsave avx f16c rdrand lahf_lm abm cpuid_fault epb invpcid_single pti ssbd ibrs ibpb stibp tpr_shadow vnmi flexpriority ept vpid fsgsbase tsc_adjust bmi1 avx2 smep bmi2 erms invpcid xsaveopt dtherm ida arat pln pts flush_l1d

Memory: 4k page, physical 3943748k(108800k free), swap 999420k(610224k free)

vm_info: OpenJDK 64-Bit Server VM (10.0.2+13-Ubuntu-1ubuntu0.18.04.4) for linux-amd64 JRE (10.0.2+13-Ubuntu-1ubuntu0.18.04.4), built on Nov 13 2018 12:53:39 by "buildd" with gcc 7.3.0

END.
