#
# There is insufficient memory for the Java Runtime Environment to continue.
# Native memory allocation (mmap) failed to map 3221225472 bytes for committing reserved memory.
# Possible reasons:
#   The system is out of physical RAM or swap space
#   The process is running with CompressedOops enabled, and the Java Heap may be blocking the growth of the native heap
# Possible solutions:
#   Reduce memory load on the system
#   Increase physical memory or swap space
#   Check if swap backing store is full
#   Decrease Java heap size (-Xmx/-Xms)
#   Decrease number of Java threads
#   Decrease Java thread stack sizes (-Xss)
#   Set larger code cache with -XX:ReservedCodeCacheSize=
# This output file may be truncated or incomplete.
#
#  Out of Memory Error (os_linux.cpp:2706), pid=14260, tid=14263
#
# JRE version:  (10.0.2+13) (build )
# Java VM: OpenJDK 64-Bit Server VM (10.0.2+13-Ubuntu-1ubuntu0.18.04.4, mixed mode, aot, tiered, compressed oops, g1 gc, linux-amd64)
# Core dump will be written. Default location: Core dumps may be processed with "/usr/share/apport/apport %p %s %c %d %P" (or dumping to /opt/forno/minecraft/core.14260)
#

---------------  S U M M A R Y ------------

Command Line: -Xms3g -Xmx3g server.jar nogui

Host: Intel(R) Core(TM) i7-4500U CPU @ 1.80GHz, 4 cores, 3G, Ubuntu 18.04.2 LTS
Time: Thu Mar 21 07:03:04 2019 JST elapsed time: 0 seconds (0d 0h 0m 0s)

---------------  T H R E A D  ---------------

Current thread (0x00007fa40c011000):  JavaThread "Unknown thread" [_thread_in_vm, id=14263, stack(0x00007fa415871000,0x00007fa415972000)]

Stack: [0x00007fa415871000,0x00007fa415972000],  sp=0x00007fa4159702e0,  free space=1020k
Native frames: (J=compiled Java code, A=aot compiled Java code, j=interpreted, Vv=VM code, C=native code)
V  [libjvm.so+0xd27ea4]
V  [libjvm.so+0xd28a4b]
V  [libjvm.so+0x64d415]
V  [libjvm.so+0xb2d7c8]
V  [libjvm.so+0xb2601d]
V  [libjvm.so+0x7662ff]
V  [libjvm.so+0x76653e]
V  [libjvm.so+0x769500]
V  [libjvm.so+0x7efa1c]
V  [libjvm.so+0x7f06df]
V  [libjvm.so+0x7f0b59]
V  [libjvm.so+0x7162cf]
V  [libjvm.so+0x71afd3]
V  [libjvm.so+0xce5dc2]
V  [libjvm.so+0xce60c6]
V  [libjvm.so+0x807d57]
V  [libjvm.so+0xcc7ac4]
V  [libjvm.so+0x8601b1]  JNI_CreateJavaVM+0x51
C  [libjli.so+0x3d83]
C  [libjli.so+0x89dd]
C  [libpthread.so.0+0x76db]  start_thread+0xdb


---------------  P R O C E S S  ---------------

Threads class SMR info:
_java_thread_list=0x0000555e5f6ae6b0, length=0, elements={
}

Java Threads: ( => current thread )

Other Threads:
  0x00007fa40c028000 GCTaskThread "GC Thread#0" [stack: 0x00007fa41199a000,0x00007fa411a9a000] [id=14264]
  0x00007fa40c029000 GCTaskThread "GC Thread#1" [stack: 0x00007fa411898000,0x00007fa411998000] [id=14265]
  0x00007fa40c02b000 GCTaskThread "GC Thread#2" [stack: 0x00007fa411796000,0x00007fa411896000] [id=14266]
  0x00007fa40c02c800 GCTaskThread "GC Thread#3" [stack: 0x00007fa411694000,0x00007fa411794000] [id=14267]
  0x00007fa40c06a000 ConcurrentGCThread "G1 Main Marker" [stack: 0x00007fa3f0965000,0x00007fa3f0a65000] [id=14268]
  0x00007fa40c06c000 ConcurrentGCThread "G1 Conc#0" [stack: 0x00007fa3f0863000,0x00007fa3f0963000] [id=14269]

[error occurred during error reporting (printing all threads), id 0xe0000002]

VM state:not at safepoint (not fully initialized)

VM Mutex/Monitor currently owned by a thread:  ([mutex/lock_event])
[0x00007fa40c00df30] Heap_lock - owner thread: 0x00007fa40c011000

Heap address: 0x0000000700000000, size: 3072 MB, Compressed Oops mode: Non-zero based: 0x0000000700000000
Narrow klass base: 0x0000000000000000, Narrow klass shift: 0

GC Heap History (0 events):
No events

Deoptimization events (0 events):
No events

Classes redefined (0 events):
No events

Internal exceptions (0 events):
No events

Events (0 events):
No events


Dynamic libraries:
555e5f1c6000-555e5f1c7000 r-xp 00000000 fd:00 20185882                   /usr/lib/jvm/java-11-openjdk-amd64/bin/java
555e5f3c7000-555e5f3c8000 r--p 00001000 fd:00 20185882                   /usr/lib/jvm/java-11-openjdk-amd64/bin/java
555e5f3c8000-555e5f3c9000 rw-p 00002000 fd:00 20185882                   /usr/lib/jvm/java-11-openjdk-amd64/bin/java
555e5f697000-555e5f6b8000 rw-p 00000000 00:00 0                          [heap]
7fa3d0000000-7fa3d0021000 rw-p 00000000 00:00 0 
7fa3d0021000-7fa3d4000000 ---p 00000000 00:00 0 
7fa3d6000000-7fa3d8000000 rw-p 00000000 00:00 0 
7fa3d8000000-7fa3d8021000 rw-p 00000000 00:00 0 
7fa3d8021000-7fa3dc000000 ---p 00000000 00:00 0 
7fa3dc000000-7fa3dc021000 rw-p 00000000 00:00 0 
7fa3dc021000-7fa3e0000000 ---p 00000000 00:00 0 
7fa3e1000000-7fa3e4000000 ---p 00000000 00:00 0 
7fa3e4000000-7fa3e4021000 rw-p 00000000 00:00 0 
7fa3e4021000-7fa3e8000000 ---p 00000000 00:00 0 
7fa3e8000000-7fa3e8021000 rw-p 00000000 00:00 0 
7fa3e8021000-7fa3ec000000 ---p 00000000 00:00 0 
7fa3ec000000-7fa3ec021000 rw-p 00000000 00:00 0 
7fa3ec021000-7fa3f0000000 ---p 00000000 00:00 0 
7fa3f045d000-7fa3f0861000 rw-p 00000000 00:00 0 
7fa3f0861000-7fa3f0862000 ---p 00000000 00:00 0 
7fa3f0862000-7fa3f0963000 rw-p 00000000 00:00 0 
7fa3f0963000-7fa3f0964000 ---p 00000000 00:00 0 
7fa3f0964000-7fa3f0b25000 rw-p 00000000 00:00 0 
7fa3f0b25000-7fa3f3b25000 ---p 00000000 00:00 0 
7fa3f3b25000-7fa3f3d95000 rwxp 00000000 00:00 0 
7fa3f3d95000-7fa3f40b5000 ---p 00000000 00:00 0 
7fa3f40b5000-7fa3f4325000 rwxp 00000000 00:00 0 
7fa3f4325000-7fa3fb5ed000 ---p 00000000 00:00 0 
7fa3fb5ed000-7fa3fb85d000 rwxp 00000000 00:00 0 
7fa3fb85d000-7fa402b25000 ---p 00000000 00:00 0 
7fa402b25000-7fa40c000000 r--s 00000000 fd:00 20186057                   /usr/lib/jvm/java-11-openjdk-amd64/lib/modules
7fa40c000000-7fa40c083000 rw-p 00000000 00:00 0 
7fa40c083000-7fa410000000 ---p 00000000 00:00 0 
7fa41008e000-7fa41128e000 ---p 00000000 00:00 0 
7fa41128e000-7fa411692000 rw-p 00000000 00:00 0 
7fa411692000-7fa411693000 ---p 00000000 00:00 0 
7fa411693000-7fa411794000 rw-p 00000000 00:00 0 
7fa411794000-7fa411795000 ---p 00000000 00:00 0 
7fa411795000-7fa411896000 rw-p 00000000 00:00 0 
7fa411896000-7fa411897000 ---p 00000000 00:00 0 
7fa411897000-7fa411998000 rw-p 00000000 00:00 0 
7fa411998000-7fa411999000 ---p 00000000 00:00 0 
7fa411999000-7fa411a9f000 rw-p 00000000 00:00 0 
7fa411a9f000-7fa411b85000 ---p 00000000 00:00 0 
7fa411b85000-7fa411b8a000 rw-p 00000000 00:00 0 
7fa411b8a000-7fa411c70000 ---p 00000000 00:00 0 
7fa411c70000-7fa411c75000 r-xp 00000000 fd:00 20186039                   /usr/lib/jvm/java-11-openjdk-amd64/lib/libjimage.so
7fa411c75000-7fa411e74000 ---p 00005000 fd:00 20186039                   /usr/lib/jvm/java-11-openjdk-amd64/lib/libjimage.so
7fa411e74000-7fa411e75000 r--p 00004000 fd:00 20186039                   /usr/lib/jvm/java-11-openjdk-amd64/lib/libjimage.so
7fa411e75000-7fa411e76000 rw-p 00005000 fd:00 20186039                   /usr/lib/jvm/java-11-openjdk-amd64/lib/libjimage.so
7fa411e76000-7fa411e7d000 r-xp 00000000 fd:00 20186056                   /usr/lib/jvm/java-11-openjdk-amd64/lib/libzip.so
7fa411e7d000-7fa41207c000 ---p 00007000 fd:00 20186056                   /usr/lib/jvm/java-11-openjdk-amd64/lib/libzip.so
7fa41207c000-7fa41207d000 r--p 00006000 fd:00 20186056                   /usr/lib/jvm/java-11-openjdk-amd64/lib/libzip.so
7fa41207d000-7fa41207e000 rw-p 00007000 fd:00 20186056                   /usr/lib/jvm/java-11-openjdk-amd64/lib/libzip.so
7fa41207e000-7fa412089000 r-xp 00000000 fd:00 44176093                   /lib/x86_64-linux-gnu/libnss_files-2.27.so
7fa412089000-7fa412288000 ---p 0000b000 fd:00 44176093                   /lib/x86_64-linux-gnu/libnss_files-2.27.so
7fa412288000-7fa412289000 r--p 0000a000 fd:00 44176093                   /lib/x86_64-linux-gnu/libnss_files-2.27.so
7fa412289000-7fa41228a000 rw-p 0000b000 fd:00 44176093                   /lib/x86_64-linux-gnu/libnss_files-2.27.so
7fa41228a000-7fa412290000 rw-p 00000000 00:00 0 
7fa412290000-7fa4122a7000 r-xp 00000000 fd:00 44176087                   /lib/x86_64-linux-gnu/libnsl-2.27.so
7fa4122a7000-7fa4124a6000 ---p 00017000 fd:00 44176087                   /lib/x86_64-linux-gnu/libnsl-2.27.so
7fa4124a6000-7fa4124a7000 r--p 00016000 fd:00 44176087                   /lib/x86_64-linux-gnu/libnsl-2.27.so
7fa4124a7000-7fa4124a8000 rw-p 00017000 fd:00 44176087                   /lib/x86_64-linux-gnu/libnsl-2.27.so
7fa4124a8000-7fa4124aa000 rw-p 00000000 00:00 0 
7fa4124aa000-7fa4124b5000 r-xp 00000000 fd:00 44176104                   /lib/x86_64-linux-gnu/libnss_nis-2.27.so
7fa4124b5000-7fa4126b4000 ---p 0000b000 fd:00 44176104                   /lib/x86_64-linux-gnu/libnss_nis-2.27.so
7fa4126b4000-7fa4126b5000 r--p 0000a000 fd:00 44176104                   /lib/x86_64-linux-gnu/libnss_nis-2.27.so
7fa4126b5000-7fa4126b6000 rw-p 0000b000 fd:00 44176104                   /lib/x86_64-linux-gnu/libnss_nis-2.27.so
7fa4126b6000-7fa4126be000 r-xp 00000000 fd:00 44176089                   /lib/x86_64-linux-gnu/libnss_compat-2.27.so
7fa4126be000-7fa4128be000 ---p 00008000 fd:00 44176089                   /lib/x86_64-linux-gnu/libnss_compat-2.27.so
7fa4128be000-7fa4128bf000 r--p 00008000 fd:00 44176089                   /lib/x86_64-linux-gnu/libnss_compat-2.27.so
7fa4128bf000-7fa4128c0000 rw-p 00009000 fd:00 44176089                   /lib/x86_64-linux-gnu/libnss_compat-2.27.so
7fa4128c0000-7fa4128ec000 r-xp 00000000 fd:00 20186035                   /usr/lib/jvm/java-11-openjdk-amd64/lib/libjava.so
7fa4128ec000-7fa412aeb000 ---p 0002c000 fd:00 20186035                   /usr/lib/jvm/java-11-openjdk-amd64/lib/libjava.so
7fa412aeb000-7fa412aec000 r--p 0002b000 fd:00 20186035                   /usr/lib/jvm/java-11-openjdk-amd64/lib/libjava.so
7fa412aec000-7fa412aee000 rw-p 0002c000 fd:00 20186035                   /usr/lib/jvm/java-11-openjdk-amd64/lib/libjava.so
7fa412aee000-7fa412afb000 r-xp 00000000 fd:00 20186055                   /usr/lib/jvm/java-11-openjdk-amd64/lib/libverify.so
7fa412afb000-7fa412cfa000 ---p 0000d000 fd:00 20186055                   /usr/lib/jvm/java-11-openjdk-amd64/lib/libverify.so
7fa412cfa000-7fa412cfc000 r--p 0000c000 fd:00 20186055                   /usr/lib/jvm/java-11-openjdk-amd64/lib/libverify.so
7fa412cfc000-7fa412cfd000 rw-p 0000e000 fd:00 20186055                   /usr/lib/jvm/java-11-openjdk-amd64/lib/libverify.so
7fa412cfd000-7fa412d04000 r-xp 00000000 fd:00 44176144                   /lib/x86_64-linux-gnu/librt-2.27.so
7fa412d04000-7fa412f03000 ---p 00007000 fd:00 44176144                   /lib/x86_64-linux-gnu/librt-2.27.so
7fa412f03000-7fa412f04000 r--p 00006000 fd:00 44176144                   /lib/x86_64-linux-gnu/librt-2.27.so
7fa412f04000-7fa412f05000 rw-p 00007000 fd:00 44176144                   /lib/x86_64-linux-gnu/librt-2.27.so
7fa412f05000-7fa412f1c000 r-xp 00000000 fd:00 44175907                   /lib/x86_64-linux-gnu/libgcc_s.so.1
7fa412f1c000-7fa41311b000 ---p 00017000 fd:00 44175907                   /lib/x86_64-linux-gnu/libgcc_s.so.1
7fa41311b000-7fa41311c000 r--p 00016000 fd:00 44175907                   /lib/x86_64-linux-gnu/libgcc_s.so.1
7fa41311c000-7fa41311d000 rw-p 00017000 fd:00 44175907                   /lib/x86_64-linux-gnu/libgcc_s.so.1
7fa41311d000-7fa4132ba000 r-xp 00000000 fd:00 44176066                   /lib/x86_64-linux-gnu/libm-2.27.so
7fa4132ba000-7fa4134b9000 ---p 0019d000 fd:00 44176066                   /lib/x86_64-linux-gnu/libm-2.27.so
7fa4134b9000-7fa4134ba000 r--p 0019c000 fd:00 44176066                   /lib/x86_64-linux-gnu/libm-2.27.so
7fa4134ba000-7fa4134bb000 rw-p 0019d000 fd:00 44176066                   /lib/x86_64-linux-gnu/libm-2.27.so
7fa4134bb000-7fa413634000 r-xp 00000000 fd:00 18090134                   /usr/lib/x86_64-linux-gnu/libstdc++.so.6.0.25
7fa413634000-7fa413834000 ---p 00179000 fd:00 18090134                   /usr/lib/x86_64-linux-gnu/libstdc++.so.6.0.25
7fa413834000-7fa41383e000 r--p 00179000 fd:00 18090134                   /usr/lib/x86_64-linux-gnu/libstdc++.so.6.0.25
7fa41383e000-7fa413840000 rw-p 00183000 fd:00 18090134                   /usr/lib/x86_64-linux-gnu/libstdc++.so.6.0.25
7fa413840000-7fa413844000 rw-p 00000000 00:00 0 
7fa413844000-7fa4147e1000 r-xp 00000000 fd:00 20186062                   /usr/lib/jvm/java-11-openjdk-amd64/lib/server/libjvm.so
7fa4147e1000-7fa4149e1000 ---p 00f9d000 fd:00 20186062                   /usr/lib/jvm/java-11-openjdk-amd64/lib/server/libjvm.so
7fa4149e1000-7fa414aa5000 r--p 00f9d000 fd:00 20186062                   /usr/lib/jvm/java-11-openjdk-amd64/lib/server/libjvm.so
7fa414aa5000-7fa414add000 rw-p 01061000 fd:00 20186062                   /usr/lib/jvm/java-11-openjdk-amd64/lib/server/libjvm.so
7fa414add000-7fa414b26000 rw-p 00000000 00:00 0 
7fa414b26000-7fa414b40000 r-xp 00000000 fd:00 44176136                   /lib/x86_64-linux-gnu/libpthread-2.27.so
7fa414b40000-7fa414d3f000 ---p 0001a000 fd:00 44176136                   /lib/x86_64-linux-gnu/libpthread-2.27.so
7fa414d3f000-7fa414d40000 r--p 00019000 fd:00 44176136                   /lib/x86_64-linux-gnu/libpthread-2.27.so
7fa414d40000-7fa414d41000 rw-p 0001a000 fd:00 44176136                   /lib/x86_64-linux-gnu/libpthread-2.27.so
7fa414d41000-7fa414d45000 rw-p 00000000 00:00 0 
7fa414d45000-7fa414d48000 r-xp 00000000 fd:00 44176026                   /lib/x86_64-linux-gnu/libdl-2.27.so
7fa414d48000-7fa414f47000 ---p 00003000 fd:00 44176026                   /lib/x86_64-linux-gnu/libdl-2.27.so
7fa414f47000-7fa414f48000 r--p 00002000 fd:00 44176026                   /lib/x86_64-linux-gnu/libdl-2.27.so
7fa414f48000-7fa414f49000 rw-p 00003000 fd:00 44176026                   /lib/x86_64-linux-gnu/libdl-2.27.so
7fa414f49000-7fa414f65000 r-xp 00000000 fd:00 44176175                   /lib/x86_64-linux-gnu/libz.so.1.2.11
7fa414f65000-7fa415164000 ---p 0001c000 fd:00 44176175                   /lib/x86_64-linux-gnu/libz.so.1.2.11
7fa415164000-7fa415165000 r--p 0001b000 fd:00 44176175                   /lib/x86_64-linux-gnu/libz.so.1.2.11
7fa415165000-7fa415166000 rw-p 0001c000 fd:00 44176175                   /lib/x86_64-linux-gnu/libz.so.1.2.11
7fa415166000-7fa41534d000 r-xp 00000000 fd:00 44176003                   /lib/x86_64-linux-gnu/libc-2.27.so
7fa41534d000-7fa41554d000 ---p 001e7000 fd:00 44176003                   /lib/x86_64-linux-gnu/libc-2.27.so
7fa41554d000-7fa415551000 r--p 001e7000 fd:00 44176003                   /lib/x86_64-linux-gnu/libc-2.27.so
7fa415551000-7fa415553000 rw-p 001eb000 fd:00 44176003                   /lib/x86_64-linux-gnu/libc-2.27.so
7fa415553000-7fa415557000 rw-p 00000000 00:00 0 
7fa415557000-7fa415566000 r-xp 00000000 fd:00 20186020                   /usr/lib/jvm/java-11-openjdk-amd64/lib/jli/libjli.so
7fa415566000-7fa415765000 ---p 0000f000 fd:00 20186020                   /usr/lib/jvm/java-11-openjdk-amd64/lib/jli/libjli.so
7fa415765000-7fa415766000 r--p 0000e000 fd:00 20186020                   /usr/lib/jvm/java-11-openjdk-amd64/lib/jli/libjli.so
7fa415766000-7fa415767000 rw-p 0000f000 fd:00 20186020                   /usr/lib/jvm/java-11-openjdk-amd64/lib/jli/libjli.so
7fa415767000-7fa41578e000 r-xp 00000000 fd:00 44175975                   /lib/x86_64-linux-gnu/ld-2.27.so
7fa41580a000-7fa415871000 rw-p 00000000 00:00 0 
7fa415871000-7fa415875000 ---p 00000000 00:00 0 
7fa415875000-7fa415974000 rw-p 00000000 00:00 0 
7fa415975000-7fa41597b000 rw-p 00000000 00:00 0 
7fa41597b000-7fa415982000 ---p 00000000 00:00 0 
7fa415982000-7fa41598a000 rw-s 00000000 fd:00 16121869                   /tmp/hsperfdata_minecraft/14260
7fa41598a000-7fa41598b000 ---p 00000000 00:00 0 
7fa41598b000-7fa41598c000 r--p 00000000 00:00 0 
7fa41598c000-7fa41598e000 rw-p 00000000 00:00 0 
7fa41598e000-7fa41598f000 r--p 00027000 fd:00 44175975                   /lib/x86_64-linux-gnu/ld-2.27.so
7fa41598f000-7fa415990000 rw-p 00028000 fd:00 44175975                   /lib/x86_64-linux-gnu/ld-2.27.so
7fa415990000-7fa415991000 rw-p 00000000 00:00 0 
7ffe8d76e000-7ffe8d78f000 rw-p 00000000 00:00 0                          [stack]
7ffe8d7b7000-7ffe8d7ba000 r--p 00000000 00:00 0                          [vvar]
7ffe8d7ba000-7ffe8d7bc000 r-xp 00000000 00:00 0                          [vdso]
ffffffffff600000-ffffffffff601000 r-xp 00000000 00:00 0                  [vsyscall]


VM Arguments:
jvm_args: -Xms3g -Xmx3g 
java_command: server.jar nogui
java_class_path (initial): server.jar
Launcher Type: SUN_STANDARD

Logging:
Log output configuration:
#0: stdout all=warning uptime,level,tags
#1: stderr all=off uptime,level,tags

Environment Variables:
PATH=/usr/local/sbin:/usr/local/bin:/usr/sbin:/usr/bin:/sbin:/bin
SHELL=/bin/sh

Signal Handlers:
SIGSEGV: [libjvm.so+0xd28b70], sa_mask[0]=11111111011111111101111111111110, sa_flags=SA_RESTART|SA_SIGINFO
SIGBUS: [libjvm.so+0xd28b70], sa_mask[0]=11111111011111111101111111111110, sa_flags=SA_RESTART|SA_SIGINFO
SIGFPE: [libjvm.so+0xd28b70], sa_mask[0]=11111111011111111101111111111110, sa_flags=SA_RESTART|SA_SIGINFO
SIGPIPE: [libjvm.so+0xb2a1f0], sa_mask[0]=11111111011111111101111111111110, sa_flags=SA_RESTART|SA_SIGINFO
SIGXFSZ: [libjvm.so+0xb2a1f0], sa_mask[0]=11111111011111111101111111111110, sa_flags=SA_RESTART|SA_SIGINFO
SIGILL: [libjvm.so+0xd28b70], sa_mask[0]=11111111011111111101111111111110, sa_flags=SA_RESTART|SA_SIGINFO
SIGUSR2: [libjvm.so+0xb2a030], sa_mask[0]=00000000000000000000000000000000, sa_flags=SA_RESTART|SA_SIGINFO
SIGHUP: SIG_DFL, sa_mask[0]=00000000000000000000000000000000, sa_flags=none
SIGINT: SIG_DFL, sa_mask[0]=00000000000000000000000000000000, sa_flags=none
SIGTERM: SIG_DFL, sa_mask[0]=00000000000000000000000000000000, sa_flags=none
SIGQUIT: SIG_DFL, sa_mask[0]=00000000000000000000000000000000, sa_flags=none


---------------  S Y S T E M  ---------------

OS:DISTRIB_ID=Ubuntu
DISTRIB_RELEASE=18.04
DISTRIB_CODENAME=bionic
DISTRIB_DESCRIPTION="Ubuntu 18.04.2 LTS"
uname:Linux 4.15.0-46-generic #49-Ubuntu SMP Wed Feb 6 09:33:07 UTC 2019 x86_64
libc:glibc 2.27 NPTL 2.27 
rlimit: STACK 8192k, CORE 0k, NPROC 15099, NOFILE 4096, AS infinity, DATA infinity, FSIZE infinity
load average:1.56 1.50 1.40

/proc/meminfo:
MemTotal:        3943748 kB
MemFree:          118552 kB
MemAvailable:    1430744 kB
Buffers:           47548 kB
Cached:          1464684 kB
SwapCached:         6752 kB
Active:          2629156 kB
Inactive:        1004136 kB
Active(anon):    1773352 kB
Inactive(anon):   377784 kB
Active(file):     855804 kB
Inactive(file):   626352 kB
Unevictable:           0 kB
Mlocked:               0 kB
SwapTotal:        999420 kB
SwapFree:         589744 kB
Dirty:              8068 kB
Writeback:             0 kB
AnonPages:       2118872 kB
Mapped:           122992 kB
Shmem:             30072 kB
Slab:             106552 kB
SReclaimable:      65608 kB
SUnreclaim:        40944 kB
KernelStack:        6024 kB
PageTables:        22852 kB
NFS_Unstable:          0 kB
Bounce:                0 kB
WritebackTmp:          0 kB
CommitLimit:     2971292 kB
Committed_AS:    3027916 kB
VmallocTotal:   34359738367 kB
VmallocUsed:           0 kB
VmallocChunk:          0 kB
HardwareCorrupted:     0 kB
AnonHugePages:         0 kB
ShmemHugePages:        0 kB
ShmemPmdMapped:        0 kB
CmaTotal:              0 kB
CmaFree:               0 kB
HugePages_Total:       0
HugePages_Free:        0
HugePages_Rsvd:        0
HugePages_Surp:        0
Hugepagesize:       2048 kB
DirectMap4k:      158320 kB
DirectMap2M:     3940352 kB
DirectMap1G:           0 kB

container (cgroup) information:
container_type: cgroupv1
cpu_cpuset_cpus: 0-3
cpu_memory_nodes: 0
active_processor_count: 4
cpu_quota: -1
cpu_period: 100000
cpu_shares: -1
memory_limit_in_bytes: -1
memory_and_swap_limit_in_bytes: -2
memory_soft_limit_in_bytes: -1
memory_usage_in_bytes: 3719573504
memory_max_usage_in_bytes: 2048000


CPU:total 4 (initial active 4) (2 cores per cpu, 2 threads per core) family 6 model 69 stepping 1, cmov, cx8, fxsr, mmx, sse, sse2, sse3, ssse3, sse4.1, sse4.2, popcnt, avx, avx2, aes, clmul, erms, lzcnt, ht, tsc, tscinvbit, bmi1, bmi2, fma
CPU Model and flags from /proc/cpuinfo:
model name	: Intel(R) Core(TM) i7-4500U CPU @ 1.80GHz
flags		: fpu vme de pse tsc msr pae mce cx8 apic sep mtrr pge mca cmov pat pse36 clflush dts acpi mmx fxsr sse sse2 ss ht tm pbe syscall nx pdpe1gb rdtscp lm constant_tsc arch_perfmon pebs bts rep_good nopl xtopology nonstop_tsc cpuid aperfmperf pni pclmulqdq dtes64 monitor ds_cpl vmx est tm2 ssse3 sdbg fma cx16 xtpr pdcm pcid sse4_1 sse4_2 movbe popcnt tsc_deadline_timer aes xsave avx f16c rdrand lahf_lm abm cpuid_fault epb invpcid_single pti ssbd ibrs ibpb stibp tpr_shadow vnmi flexpriority ept vpid fsgsbase tsc_adjust bmi1 avx2 smep bmi2 erms invpcid xsaveopt dtherm ida arat pln pts flush_l1d

Memory: 4k page, physical 3943748k(118552k free), swap 999420k(589744k free)

vm_info: OpenJDK 64-Bit Server VM (10.0.2+13-Ubuntu-1ubuntu0.18.04.4) for linux-amd64 JRE (10.0.2+13-Ubuntu-1ubuntu0.18.04.4), built on Nov 13 2018 12:53:39 by "buildd" with gcc 7.3.0

END.
