#
# There is insufficient memory for the Java Runtime Environment to continue.
# Native memory allocation (mmap) failed to map 3221225472 bytes for committing reserved memory.
# Possible reasons:
#   The system is out of physical RAM or swap space
#   The process is running with CompressedOops enabled, and the Java Heap may be blocking the growth of the native heap
# Possible solutions:
#   Reduce memory load on the system
#   Increase physical memory or swap space
#   Check if swap backing store is full
#   Decrease Java heap size (-Xmx/-Xms)
#   Decrease number of Java threads
#   Decrease Java thread stack sizes (-Xss)
#   Set larger code cache with -XX:ReservedCodeCacheSize=
# This output file may be truncated or incomplete.
#
#  Out of Memory Error (os_linux.cpp:2706), pid=22245, tid=22246
#
# JRE version:  (10.0.2+13) (build )
# Java VM: OpenJDK 64-Bit Server VM (10.0.2+13-Ubuntu-1ubuntu0.18.04.4, mixed mode, aot, tiered, compressed oops, g1 gc, linux-amd64)
# Core dump will be written. Default location: Core dumps may be processed with "/usr/share/apport/apport %p %s %c %d %P" (or dumping to /opt/forno/minecraft/core.22245)
#

---------------  S U M M A R Y ------------

Command Line: -Xms3g -Xmx3g server.jar nogui

Host: Intel(R) Core(TM) i7-4500U CPU @ 1.80GHz, 4 cores, 3G, Ubuntu 18.04.2 LTS
Time: Thu Mar 21 02:06:51 2019 JST elapsed time: 0 seconds (0d 0h 0m 0s)

---------------  T H R E A D  ---------------

Current thread (0x00007fc748011000):  JavaThread "Unknown thread" [_thread_in_vm, id=22246, stack(0x00007fc7510ec000,0x00007fc7511ed000)]

Stack: [0x00007fc7510ec000,0x00007fc7511ed000],  sp=0x00007fc7511eb2e0,  free space=1020k
Native frames: (J=compiled Java code, A=aot compiled Java code, j=interpreted, Vv=VM code, C=native code)
V  [libjvm.so+0xd27ea4]
V  [libjvm.so+0xd28a4b]
V  [libjvm.so+0x64d415]
V  [libjvm.so+0xb2d7c8]
V  [libjvm.so+0xb2601d]
V  [libjvm.so+0x7662ff]
V  [libjvm.so+0x76653e]
V  [libjvm.so+0x769500]
V  [libjvm.so+0x7efa1c]
V  [libjvm.so+0x7f06df]
V  [libjvm.so+0x7f0b59]
V  [libjvm.so+0x7162cf]
V  [libjvm.so+0x71afd3]
V  [libjvm.so+0xce5dc2]
V  [libjvm.so+0xce60c6]
V  [libjvm.so+0x807d57]
V  [libjvm.so+0xcc7ac4]
V  [libjvm.so+0x8601b1]  JNI_CreateJavaVM+0x51
C  [libjli.so+0x3d83]
C  [libjli.so+0x89dd]
C  [libpthread.so.0+0x76db]  start_thread+0xdb


---------------  P R O C E S S  ---------------

Threads class SMR info:
_java_thread_list=0x000055ba47cd66b0, length=0, elements={
}

Java Threads: ( => current thread )

Other Threads:
  0x00007fc748028000 GCTaskThread "GC Thread#0" [stack: 0x00007fc74d215000,0x00007fc74d315000] [id=22248]
  0x00007fc748029000 GCTaskThread "GC Thread#1" [stack: 0x00007fc74d113000,0x00007fc74d213000] [id=22249]
  0x00007fc74802b000 GCTaskThread "GC Thread#2" [stack: 0x00007fc74d011000,0x00007fc74d111000] [id=22250]
  0x00007fc74802c800 GCTaskThread "GC Thread#3" [stack: 0x00007fc74cf0f000,0x00007fc74d00f000] [id=22251]
  0x00007fc74806a000 ConcurrentGCThread "G1 Main Marker" [stack: 0x00007fc74c349000,0x00007fc74c449000] [id=22252]
  0x00007fc74806c000 ConcurrentGCThread "G1 Conc#0" [stack: 0x00007fc74c247000,0x00007fc74c347000] [id=22253]

[error occurred during error reporting (printing all threads), id 0xe0000002]

VM state:not at safepoint (not fully initialized)

VM Mutex/Monitor currently owned by a thread:  ([mutex/lock_event])
[0x00007fc74800df30] Heap_lock - owner thread: 0x00007fc748011000

Heap address: 0x0000000700000000, size: 3072 MB, Compressed Oops mode: Non-zero based: 0x0000000700000000
Narrow klass base: 0x0000000000000000, Narrow klass shift: 0

GC Heap History (0 events):
No events

Deoptimization events (0 events):
No events

Classes redefined (0 events):
No events

Internal exceptions (0 events):
No events

Events (0 events):
No events


Dynamic libraries:
55ba46d09000-55ba46d0a000 r-xp 00000000 fd:00 20185882                   /usr/lib/jvm/java-11-openjdk-amd64/bin/java
55ba46f0a000-55ba46f0b000 r--p 00001000 fd:00 20185882                   /usr/lib/jvm/java-11-openjdk-amd64/bin/java
55ba46f0b000-55ba46f0c000 rw-p 00002000 fd:00 20185882                   /usr/lib/jvm/java-11-openjdk-amd64/bin/java
55ba47cbf000-55ba47ce0000 rw-p 00000000 00:00 0                          [heap]
7fc708000000-7fc708021000 rw-p 00000000 00:00 0 
7fc708021000-7fc70c000000 ---p 00000000 00:00 0 
7fc710000000-7fc710021000 rw-p 00000000 00:00 0 
7fc710021000-7fc714000000 ---p 00000000 00:00 0 
7fc715000000-7fc718000000 ---p 00000000 00:00 0 
7fc718000000-7fc718021000 rw-p 00000000 00:00 0 
7fc718021000-7fc71c000000 ---p 00000000 00:00 0 
7fc71d000000-7fc720000000 ---p 00000000 00:00 0 
7fc720000000-7fc720021000 rw-p 00000000 00:00 0 
7fc720021000-7fc724000000 ---p 00000000 00:00 0 
7fc724000000-7fc724021000 rw-p 00000000 00:00 0 
7fc724021000-7fc728000000 ---p 00000000 00:00 0 
7fc728000000-7fc728021000 rw-p 00000000 00:00 0 
7fc728021000-7fc72c000000 ---p 00000000 00:00 0 
7fc72cd23000-7fc72ef25000 rw-p 00000000 00:00 0 
7fc72ef25000-7fc72fb25000 ---p 00000000 00:00 0 
7fc72fb25000-7fc72fd95000 rwxp 00000000 00:00 0 
7fc72fd95000-7fc7300b5000 ---p 00000000 00:00 0 
7fc7300b5000-7fc730325000 rwxp 00000000 00:00 0 
7fc730325000-7fc7375ed000 ---p 00000000 00:00 0 
7fc7375ed000-7fc73785d000 rwxp 00000000 00:00 0 
7fc73785d000-7fc73eb25000 ---p 00000000 00:00 0 
7fc73eb25000-7fc748000000 r--s 00000000 fd:00 20186057                   /usr/lib/jvm/java-11-openjdk-amd64/lib/modules
7fc748000000-7fc748083000 rw-p 00000000 00:00 0 
7fc748083000-7fc74c000000 ---p 00000000 00:00 0 
7fc74c043000-7fc74c245000 rw-p 00000000 00:00 0 
7fc74c245000-7fc74c246000 ---p 00000000 00:00 0 
7fc74c246000-7fc74c347000 rw-p 00000000 00:00 0 
7fc74c347000-7fc74c348000 ---p 00000000 00:00 0 
7fc74c348000-7fc74c509000 rw-p 00000000 00:00 0 
7fc74c509000-7fc74cb09000 ---p 00000000 00:00 0 
7fc74cb09000-7fc74cf0d000 rw-p 00000000 00:00 0 
7fc74cf0d000-7fc74cf0e000 ---p 00000000 00:00 0 
7fc74cf0e000-7fc74d00f000 rw-p 00000000 00:00 0 
7fc74d00f000-7fc74d010000 ---p 00000000 00:00 0 
7fc74d010000-7fc74d111000 rw-p 00000000 00:00 0 
7fc74d111000-7fc74d112000 ---p 00000000 00:00 0 
7fc74d112000-7fc74d213000 rw-p 00000000 00:00 0 
7fc74d213000-7fc74d214000 ---p 00000000 00:00 0 
7fc74d214000-7fc74d31a000 rw-p 00000000 00:00 0 
7fc74d31a000-7fc74d400000 ---p 00000000 00:00 0 
7fc74d400000-7fc74d405000 rw-p 00000000 00:00 0 
7fc74d405000-7fc74d4eb000 ---p 00000000 00:00 0 
7fc74d4eb000-7fc74d4f0000 r-xp 00000000 fd:00 20186039                   /usr/lib/jvm/java-11-openjdk-amd64/lib/libjimage.so
7fc74d4f0000-7fc74d6ef000 ---p 00005000 fd:00 20186039                   /usr/lib/jvm/java-11-openjdk-amd64/lib/libjimage.so
7fc74d6ef000-7fc74d6f0000 r--p 00004000 fd:00 20186039                   /usr/lib/jvm/java-11-openjdk-amd64/lib/libjimage.so
7fc74d6f0000-7fc74d6f1000 rw-p 00005000 fd:00 20186039                   /usr/lib/jvm/java-11-openjdk-amd64/lib/libjimage.so
7fc74d6f1000-7fc74d6f8000 r-xp 00000000 fd:00 20186056                   /usr/lib/jvm/java-11-openjdk-amd64/lib/libzip.so
7fc74d6f8000-7fc74d8f7000 ---p 00007000 fd:00 20186056                   /usr/lib/jvm/java-11-openjdk-amd64/lib/libzip.so
7fc74d8f7000-7fc74d8f8000 r--p 00006000 fd:00 20186056                   /usr/lib/jvm/java-11-openjdk-amd64/lib/libzip.so
7fc74d8f8000-7fc74d8f9000 rw-p 00007000 fd:00 20186056                   /usr/lib/jvm/java-11-openjdk-amd64/lib/libzip.so
7fc74d8f9000-7fc74d904000 r-xp 00000000 fd:00 44176093                   /lib/x86_64-linux-gnu/libnss_files-2.27.so
7fc74d904000-7fc74db03000 ---p 0000b000 fd:00 44176093                   /lib/x86_64-linux-gnu/libnss_files-2.27.so
7fc74db03000-7fc74db04000 r--p 0000a000 fd:00 44176093                   /lib/x86_64-linux-gnu/libnss_files-2.27.so
7fc74db04000-7fc74db05000 rw-p 0000b000 fd:00 44176093                   /lib/x86_64-linux-gnu/libnss_files-2.27.so
7fc74db05000-7fc74db0b000 rw-p 00000000 00:00 0 
7fc74db0b000-7fc74db22000 r-xp 00000000 fd:00 44176087                   /lib/x86_64-linux-gnu/libnsl-2.27.so
7fc74db22000-7fc74dd21000 ---p 00017000 fd:00 44176087                   /lib/x86_64-linux-gnu/libnsl-2.27.so
7fc74dd21000-7fc74dd22000 r--p 00016000 fd:00 44176087                   /lib/x86_64-linux-gnu/libnsl-2.27.so
7fc74dd22000-7fc74dd23000 rw-p 00017000 fd:00 44176087                   /lib/x86_64-linux-gnu/libnsl-2.27.so
7fc74dd23000-7fc74dd25000 rw-p 00000000 00:00 0 
7fc74dd25000-7fc74dd30000 r-xp 00000000 fd:00 44176104                   /lib/x86_64-linux-gnu/libnss_nis-2.27.so
7fc74dd30000-7fc74df2f000 ---p 0000b000 fd:00 44176104                   /lib/x86_64-linux-gnu/libnss_nis-2.27.so
7fc74df2f000-7fc74df30000 r--p 0000a000 fd:00 44176104                   /lib/x86_64-linux-gnu/libnss_nis-2.27.so
7fc74df30000-7fc74df31000 rw-p 0000b000 fd:00 44176104                   /lib/x86_64-linux-gnu/libnss_nis-2.27.so
7fc74df31000-7fc74df39000 r-xp 00000000 fd:00 44176089                   /lib/x86_64-linux-gnu/libnss_compat-2.27.so
7fc74df39000-7fc74e139000 ---p 00008000 fd:00 44176089                   /lib/x86_64-linux-gnu/libnss_compat-2.27.so
7fc74e139000-7fc74e13a000 r--p 00008000 fd:00 44176089                   /lib/x86_64-linux-gnu/libnss_compat-2.27.so
7fc74e13a000-7fc74e13b000 rw-p 00009000 fd:00 44176089                   /lib/x86_64-linux-gnu/libnss_compat-2.27.so
7fc74e13b000-7fc74e167000 r-xp 00000000 fd:00 20186035                   /usr/lib/jvm/java-11-openjdk-amd64/lib/libjava.so
7fc74e167000-7fc74e366000 ---p 0002c000 fd:00 20186035                   /usr/lib/jvm/java-11-openjdk-amd64/lib/libjava.so
7fc74e366000-7fc74e367000 r--p 0002b000 fd:00 20186035                   /usr/lib/jvm/java-11-openjdk-amd64/lib/libjava.so
7fc74e367000-7fc74e369000 rw-p 0002c000 fd:00 20186035                   /usr/lib/jvm/java-11-openjdk-amd64/lib/libjava.so
7fc74e369000-7fc74e376000 r-xp 00000000 fd:00 20186055                   /usr/lib/jvm/java-11-openjdk-amd64/lib/libverify.so
7fc74e376000-7fc74e575000 ---p 0000d000 fd:00 20186055                   /usr/lib/jvm/java-11-openjdk-amd64/lib/libverify.so
7fc74e575000-7fc74e577000 r--p 0000c000 fd:00 20186055                   /usr/lib/jvm/java-11-openjdk-amd64/lib/libverify.so
7fc74e577000-7fc74e578000 rw-p 0000e000 fd:00 20186055                   /usr/lib/jvm/java-11-openjdk-amd64/lib/libverify.so
7fc74e578000-7fc74e57f000 r-xp 00000000 fd:00 44176144                   /lib/x86_64-linux-gnu/librt-2.27.so
7fc74e57f000-7fc74e77e000 ---p 00007000 fd:00 44176144                   /lib/x86_64-linux-gnu/librt-2.27.so
7fc74e77e000-7fc74e77f000 r--p 00006000 fd:00 44176144                   /lib/x86_64-linux-gnu/librt-2.27.so
7fc74e77f000-7fc74e780000 rw-p 00007000 fd:00 44176144                   /lib/x86_64-linux-gnu/librt-2.27.so
7fc74e780000-7fc74e797000 r-xp 00000000 fd:00 44175907                   /lib/x86_64-linux-gnu/libgcc_s.so.1
7fc74e797000-7fc74e996000 ---p 00017000 fd:00 44175907                   /lib/x86_64-linux-gnu/libgcc_s.so.1
7fc74e996000-7fc74e997000 r--p 00016000 fd:00 44175907                   /lib/x86_64-linux-gnu/libgcc_s.so.1
7fc74e997000-7fc74e998000 rw-p 00017000 fd:00 44175907                   /lib/x86_64-linux-gnu/libgcc_s.so.1
7fc74e998000-7fc74eb35000 r-xp 00000000 fd:00 44176066                   /lib/x86_64-linux-gnu/libm-2.27.so
7fc74eb35000-7fc74ed34000 ---p 0019d000 fd:00 44176066                   /lib/x86_64-linux-gnu/libm-2.27.so
7fc74ed34000-7fc74ed35000 r--p 0019c000 fd:00 44176066                   /lib/x86_64-linux-gnu/libm-2.27.so
7fc74ed35000-7fc74ed36000 rw-p 0019d000 fd:00 44176066                   /lib/x86_64-linux-gnu/libm-2.27.so
7fc74ed36000-7fc74eeaf000 r-xp 00000000 fd:00 18090134                   /usr/lib/x86_64-linux-gnu/libstdc++.so.6.0.25
7fc74eeaf000-7fc74f0af000 ---p 00179000 fd:00 18090134                   /usr/lib/x86_64-linux-gnu/libstdc++.so.6.0.25
7fc74f0af000-7fc74f0b9000 r--p 00179000 fd:00 18090134                   /usr/lib/x86_64-linux-gnu/libstdc++.so.6.0.25
7fc74f0b9000-7fc74f0bb000 rw-p 00183000 fd:00 18090134                   /usr/lib/x86_64-linux-gnu/libstdc++.so.6.0.25
7fc74f0bb000-7fc74f0bf000 rw-p 00000000 00:00 0 
7fc74f0bf000-7fc75005c000 r-xp 00000000 fd:00 20186062                   /usr/lib/jvm/java-11-openjdk-amd64/lib/server/libjvm.so
7fc75005c000-7fc75025c000 ---p 00f9d000 fd:00 20186062                   /usr/lib/jvm/java-11-openjdk-amd64/lib/server/libjvm.so
7fc75025c000-7fc750320000 r--p 00f9d000 fd:00 20186062                   /usr/lib/jvm/java-11-openjdk-amd64/lib/server/libjvm.so
7fc750320000-7fc750358000 rw-p 01061000 fd:00 20186062                   /usr/lib/jvm/java-11-openjdk-amd64/lib/server/libjvm.so
7fc750358000-7fc7503a1000 rw-p 00000000 00:00 0 
7fc7503a1000-7fc7503bb000 r-xp 00000000 fd:00 44176136                   /lib/x86_64-linux-gnu/libpthread-2.27.so
7fc7503bb000-7fc7505ba000 ---p 0001a000 fd:00 44176136                   /lib/x86_64-linux-gnu/libpthread-2.27.so
7fc7505ba000-7fc7505bb000 r--p 00019000 fd:00 44176136                   /lib/x86_64-linux-gnu/libpthread-2.27.so
7fc7505bb000-7fc7505bc000 rw-p 0001a000 fd:00 44176136                   /lib/x86_64-linux-gnu/libpthread-2.27.so
7fc7505bc000-7fc7505c0000 rw-p 00000000 00:00 0 
7fc7505c0000-7fc7505c3000 r-xp 00000000 fd:00 44176026                   /lib/x86_64-linux-gnu/libdl-2.27.so
7fc7505c3000-7fc7507c2000 ---p 00003000 fd:00 44176026                   /lib/x86_64-linux-gnu/libdl-2.27.so
7fc7507c2000-7fc7507c3000 r--p 00002000 fd:00 44176026                   /lib/x86_64-linux-gnu/libdl-2.27.so
7fc7507c3000-7fc7507c4000 rw-p 00003000 fd:00 44176026                   /lib/x86_64-linux-gnu/libdl-2.27.so
7fc7507c4000-7fc7507e0000 r-xp 00000000 fd:00 44176175                   /lib/x86_64-linux-gnu/libz.so.1.2.11
7fc7507e0000-7fc7509df000 ---p 0001c000 fd:00 44176175                   /lib/x86_64-linux-gnu/libz.so.1.2.11
7fc7509df000-7fc7509e0000 r--p 0001b000 fd:00 44176175                   /lib/x86_64-linux-gnu/libz.so.1.2.11
7fc7509e0000-7fc7509e1000 rw-p 0001c000 fd:00 44176175                   /lib/x86_64-linux-gnu/libz.so.1.2.11
7fc7509e1000-7fc750bc8000 r-xp 00000000 fd:00 44176003                   /lib/x86_64-linux-gnu/libc-2.27.so
7fc750bc8000-7fc750dc8000 ---p 001e7000 fd:00 44176003                   /lib/x86_64-linux-gnu/libc-2.27.so
7fc750dc8000-7fc750dcc000 r--p 001e7000 fd:00 44176003                   /lib/x86_64-linux-gnu/libc-2.27.so
7fc750dcc000-7fc750dce000 rw-p 001eb000 fd:00 44176003                   /lib/x86_64-linux-gnu/libc-2.27.so
7fc750dce000-7fc750dd2000 rw-p 00000000 00:00 0 
7fc750dd2000-7fc750de1000 r-xp 00000000 fd:00 20186020                   /usr/lib/jvm/java-11-openjdk-amd64/lib/jli/libjli.so
7fc750de1000-7fc750fe0000 ---p 0000f000 fd:00 20186020                   /usr/lib/jvm/java-11-openjdk-amd64/lib/jli/libjli.so
7fc750fe0000-7fc750fe1000 r--p 0000e000 fd:00 20186020                   /usr/lib/jvm/java-11-openjdk-amd64/lib/jli/libjli.so
7fc750fe1000-7fc750fe2000 rw-p 0000f000 fd:00 20186020                   /usr/lib/jvm/java-11-openjdk-amd64/lib/jli/libjli.so
7fc750fe2000-7fc751009000 r-xp 00000000 fd:00 44175975                   /lib/x86_64-linux-gnu/ld-2.27.so
7fc751085000-7fc7510ec000 rw-p 00000000 00:00 0 
7fc7510ec000-7fc7510f0000 ---p 00000000 00:00 0 
7fc7510f0000-7fc7511ef000 rw-p 00000000 00:00 0 
7fc7511f0000-7fc7511f6000 rw-p 00000000 00:00 0 
7fc7511f6000-7fc7511fd000 ---p 00000000 00:00 0 
7fc7511fd000-7fc751205000 rw-s 00000000 fd:00 16121869                   /tmp/hsperfdata_minecraft/22245
7fc751205000-7fc751206000 ---p 00000000 00:00 0 
7fc751206000-7fc751207000 r--p 00000000 00:00 0 
7fc751207000-7fc751209000 rw-p 00000000 00:00 0 
7fc751209000-7fc75120a000 r--p 00027000 fd:00 44175975                   /lib/x86_64-linux-gnu/ld-2.27.so
7fc75120a000-7fc75120b000 rw-p 00028000 fd:00 44175975                   /lib/x86_64-linux-gnu/ld-2.27.so
7fc75120b000-7fc75120c000 rw-p 00000000 00:00 0 
7ffde06f6000-7ffde0717000 rw-p 00000000 00:00 0                          [stack]
7ffde07ea000-7ffde07ed000 r--p 00000000 00:00 0                          [vvar]
7ffde07ed000-7ffde07ef000 r-xp 00000000 00:00 0                          [vdso]
ffffffffff600000-ffffffffff601000 r-xp 00000000 00:00 0                  [vsyscall]


VM Arguments:
jvm_args: -Xms3g -Xmx3g 
java_command: server.jar nogui
java_class_path (initial): server.jar
Launcher Type: SUN_STANDARD

Logging:
Log output configuration:
#0: stdout all=warning uptime,level,tags
#1: stderr all=off uptime,level,tags

Environment Variables:
PATH=/usr/local/sbin:/usr/local/bin:/usr/sbin:/usr/bin:/sbin:/bin
SHELL=/bin/sh

Signal Handlers:
SIGSEGV: [libjvm.so+0xd28b70], sa_mask[0]=11111111011111111101111111111110, sa_flags=SA_RESTART|SA_SIGINFO
SIGBUS: [libjvm.so+0xd28b70], sa_mask[0]=11111111011111111101111111111110, sa_flags=SA_RESTART|SA_SIGINFO
SIGFPE: [libjvm.so+0xd28b70], sa_mask[0]=11111111011111111101111111111110, sa_flags=SA_RESTART|SA_SIGINFO
SIGPIPE: [libjvm.so+0xb2a1f0], sa_mask[0]=11111111011111111101111111111110, sa_flags=SA_RESTART|SA_SIGINFO
SIGXFSZ: [libjvm.so+0xb2a1f0], sa_mask[0]=11111111011111111101111111111110, sa_flags=SA_RESTART|SA_SIGINFO
SIGILL: [libjvm.so+0xd28b70], sa_mask[0]=11111111011111111101111111111110, sa_flags=SA_RESTART|SA_SIGINFO
SIGUSR2: [libjvm.so+0xb2a030], sa_mask[0]=00000000000000000000000000000000, sa_flags=SA_RESTART|SA_SIGINFO
SIGHUP: SIG_DFL, sa_mask[0]=00000000000000000000000000000000, sa_flags=none
SIGINT: SIG_DFL, sa_mask[0]=00000000000000000000000000000000, sa_flags=none
SIGTERM: SIG_DFL, sa_mask[0]=00000000000000000000000000000000, sa_flags=none
SIGQUIT: SIG_DFL, sa_mask[0]=00000000000000000000000000000000, sa_flags=none


---------------  S Y S T E M  ---------------

OS:DISTRIB_ID=Ubuntu
DISTRIB_RELEASE=18.04
DISTRIB_CODENAME=bionic
DISTRIB_DESCRIPTION="Ubuntu 18.04.2 LTS"
uname:Linux 4.15.0-46-generic #49-Ubuntu SMP Wed Feb 6 09:33:07 UTC 2019 x86_64
libc:glibc 2.27 NPTL 2.27 
rlimit: STACK 8192k, CORE 0k, NPROC 15099, NOFILE 4096, AS infinity, DATA infinity, FSIZE infinity
load average:1.85 1.47 1.48

/proc/meminfo:
MemTotal:        3943748 kB
MemFree:         2044380 kB
MemAvailable:    2054880 kB
Buffers:            9816 kB
Cached:           218208 kB
SwapCached:         1324 kB
Active:          1284220 kB
Inactive:         458176 kB
Active(anon):    1250864 kB
Inactive(anon):   293628 kB
Active(file):      33356 kB
Inactive(file):   164548 kB
Unevictable:           0 kB
Mlocked:               0 kB
SwapTotal:        999420 kB
SwapFree:         551856 kB
Dirty:              1964 kB
Writeback:             0 kB
AnonPages:       1513140 kB
Mapped:           148244 kB
Shmem:             30120 kB
Slab:              71784 kB
SReclaimable:      30724 kB
SUnreclaim:        41060 kB
KernelStack:        6040 kB
PageTables:        21880 kB
NFS_Unstable:          0 kB
Bounce:                0 kB
WritebackTmp:          0 kB
CommitLimit:     2971292 kB
Committed_AS:    2830720 kB
VmallocTotal:   34359738367 kB
VmallocUsed:           0 kB
VmallocChunk:          0 kB
HardwareCorrupted:     0 kB
AnonHugePages:         0 kB
ShmemHugePages:        0 kB
ShmemPmdMapped:        0 kB
CmaTotal:              0 kB
CmaFree:               0 kB
HugePages_Total:       0
HugePages_Free:        0
HugePages_Rsvd:        0
HugePages_Surp:        0
Hugepagesize:       2048 kB
DirectMap4k:      150128 kB
DirectMap2M:     3948544 kB
DirectMap1G:           0 kB

container (cgroup) information:
container_type: cgroupv1
cpu_cpuset_cpus: 0-3
cpu_memory_nodes: 0
active_processor_count: 4
cpu_quota: -1
cpu_period: 100000
cpu_shares: -1
memory_limit_in_bytes: -1
memory_and_swap_limit_in_bytes: -2
memory_soft_limit_in_bytes: -1
memory_usage_in_bytes: 1784184832
memory_max_usage_in_bytes: 2048000


CPU:total 4 (initial active 4) (2 cores per cpu, 2 threads per core) family 6 model 69 stepping 1, cmov, cx8, fxsr, mmx, sse, sse2, sse3, ssse3, sse4.1, sse4.2, popcnt, avx, avx2, aes, clmul, erms, lzcnt, ht, tsc, tscinvbit, bmi1, bmi2, fma
CPU Model and flags from /proc/cpuinfo:
model name	: Intel(R) Core(TM) i7-4500U CPU @ 1.80GHz
flags		: fpu vme de pse tsc msr pae mce cx8 apic sep mtrr pge mca cmov pat pse36 clflush dts acpi mmx fxsr sse sse2 ss ht tm pbe syscall nx pdpe1gb rdtscp lm constant_tsc arch_perfmon pebs bts rep_good nopl xtopology nonstop_tsc cpuid aperfmperf pni pclmulqdq dtes64 monitor ds_cpl vmx est tm2 ssse3 sdbg fma cx16 xtpr pdcm pcid sse4_1 sse4_2 movbe popcnt tsc_deadline_timer aes xsave avx f16c rdrand lahf_lm abm cpuid_fault epb invpcid_single pti ssbd ibrs ibpb stibp tpr_shadow vnmi flexpriority ept vpid fsgsbase tsc_adjust bmi1 avx2 smep bmi2 erms invpcid xsaveopt dtherm ida arat pln pts flush_l1d

Memory: 4k page, physical 3943748k(2044380k free), swap 999420k(551856k free)

vm_info: OpenJDK 64-Bit Server VM (10.0.2+13-Ubuntu-1ubuntu0.18.04.4) for linux-amd64 JRE (10.0.2+13-Ubuntu-1ubuntu0.18.04.4), built on Nov 13 2018 12:53:39 by "buildd" with gcc 7.3.0

END.
