#
# There is insufficient memory for the Java Runtime Environment to continue.
# Native memory allocation (mmap) failed to map 3221225472 bytes for committing reserved memory.
# Possible reasons:
#   The system is out of physical RAM or swap space
#   The process is running with CompressedOops enabled, and the Java Heap may be blocking the growth of the native heap
# Possible solutions:
#   Reduce memory load on the system
#   Increase physical memory or swap space
#   Check if swap backing store is full
#   Decrease Java heap size (-Xmx/-Xms)
#   Decrease number of Java threads
#   Decrease Java thread stack sizes (-Xss)
#   Set larger code cache with -XX:ReservedCodeCacheSize=
# This output file may be truncated or incomplete.
#
#  Out of Memory Error (os_linux.cpp:2706), pid=8363, tid=8364
#
# JRE version:  (10.0.2+13) (build )
# Java VM: OpenJDK 64-Bit Server VM (10.0.2+13-Ubuntu-1ubuntu0.18.04.4, mixed mode, aot, tiered, compressed oops, g1 gc, linux-amd64)
# Core dump will be written. Default location: Core dumps may be processed with "/usr/share/apport/apport %p %s %c %d %P" (or dumping to /opt/forno/minecraft/core.8363)
#

---------------  S U M M A R Y ------------

Command Line: -Xms3g -Xmx3g server.jar nogui

Host: Intel(R) Core(TM) i7-4500U CPU @ 1.80GHz, 4 cores, 3G, Ubuntu 18.04.2 LTS
Time: Thu Mar 21 11:21:09 2019 JST elapsed time: 0 seconds (0d 0h 0m 0s)

---------------  T H R E A D  ---------------

Current thread (0x00007fa5b0011000):  JavaThread "Unknown thread" [_thread_in_vm, id=8364, stack(0x00007fa5b9efb000,0x00007fa5b9ffc000)]

Stack: [0x00007fa5b9efb000,0x00007fa5b9ffc000],  sp=0x00007fa5b9ffa2e0,  free space=1020k
Native frames: (J=compiled Java code, A=aot compiled Java code, j=interpreted, Vv=VM code, C=native code)
V  [libjvm.so+0xd27ea4]
V  [libjvm.so+0xd28a4b]
V  [libjvm.so+0x64d415]
V  [libjvm.so+0xb2d7c8]
V  [libjvm.so+0xb2601d]
V  [libjvm.so+0x7662ff]
V  [libjvm.so+0x76653e]
V  [libjvm.so+0x769500]
V  [libjvm.so+0x7efa1c]
V  [libjvm.so+0x7f06df]
V  [libjvm.so+0x7f0b59]
V  [libjvm.so+0x7162cf]
V  [libjvm.so+0x71afd3]
V  [libjvm.so+0xce5dc2]
V  [libjvm.so+0xce60c6]
V  [libjvm.so+0x807d57]
V  [libjvm.so+0xcc7ac4]
V  [libjvm.so+0x8601b1]  JNI_CreateJavaVM+0x51
C  [libjli.so+0x3d83]
C  [libjli.so+0x89dd]
C  [libpthread.so.0+0x76db]  start_thread+0xdb


---------------  P R O C E S S  ---------------

Threads class SMR info:
_java_thread_list=0x000055fd6df546b0, length=0, elements={
}

Java Threads: ( => current thread )

Other Threads:
  0x00007fa5b0028000 GCTaskThread "GC Thread#0" [stack: 0x00007fa5b6024000,0x00007fa5b6124000] [id=8365]
  0x00007fa5b0029000 GCTaskThread "GC Thread#1" [stack: 0x00007fa5b5f22000,0x00007fa5b6022000] [id=8366]
  0x00007fa5b002b000 GCTaskThread "GC Thread#2" [stack: 0x00007fa5b5e20000,0x00007fa5b5f20000] [id=8367]
  0x00007fa5b002c800 GCTaskThread "GC Thread#3" [stack: 0x00007fa5b5d1e000,0x00007fa5b5e1e000] [id=8368]
  0x00007fa5b006a000 ConcurrentGCThread "G1 Main Marker" [stack: 0x00007fa5b4558000,0x00007fa5b4658000] [id=8369]
  0x00007fa5b006c000 ConcurrentGCThread "G1 Conc#0" [stack: 0x00007fa5b4456000,0x00007fa5b4556000] [id=8370]

[error occurred during error reporting (printing all threads), id 0xe0000002]

VM state:not at safepoint (not fully initialized)

VM Mutex/Monitor currently owned by a thread:  ([mutex/lock_event])
[0x00007fa5b000df30] Heap_lock - owner thread: 0x00007fa5b0011000

Heap address: 0x0000000700000000, size: 3072 MB, Compressed Oops mode: Non-zero based: 0x0000000700000000
Narrow klass base: 0x0000000000000000, Narrow klass shift: 0

GC Heap History (0 events):
No events

Deoptimization events (0 events):
No events

Classes redefined (0 events):
No events

Internal exceptions (0 events):
No events

Events (0 events):
No events


Dynamic libraries:
55fd6ca22000-55fd6ca23000 r-xp 00000000 fd:00 20185882                   /usr/lib/jvm/java-11-openjdk-amd64/bin/java
55fd6cc23000-55fd6cc24000 r--p 00001000 fd:00 20185882                   /usr/lib/jvm/java-11-openjdk-amd64/bin/java
55fd6cc24000-55fd6cc25000 rw-p 00002000 fd:00 20185882                   /usr/lib/jvm/java-11-openjdk-amd64/bin/java
55fd6df3d000-55fd6df5e000 rw-p 00000000 00:00 0                          [heap]
7fa574000000-7fa574021000 rw-p 00000000 00:00 0 
7fa574021000-7fa578000000 ---p 00000000 00:00 0 
7fa57a000000-7fa57c000000 rw-p 00000000 00:00 0 
7fa57c000000-7fa57c021000 rw-p 00000000 00:00 0 
7fa57c021000-7fa580000000 ---p 00000000 00:00 0 
7fa580000000-7fa580021000 rw-p 00000000 00:00 0 
7fa580021000-7fa584000000 ---p 00000000 00:00 0 
7fa585000000-7fa588000000 ---p 00000000 00:00 0 
7fa588000000-7fa588021000 rw-p 00000000 00:00 0 
7fa588021000-7fa58c000000 ---p 00000000 00:00 0 
7fa58c000000-7fa58c021000 rw-p 00000000 00:00 0 
7fa58c021000-7fa590000000 ---p 00000000 00:00 0 
7fa590000000-7fa590021000 rw-p 00000000 00:00 0 
7fa590021000-7fa594000000 ---p 00000000 00:00 0 
7fa594b25000-7fa597b25000 ---p 00000000 00:00 0 
7fa597b25000-7fa597d95000 rwxp 00000000 00:00 0 
7fa597d95000-7fa5980b5000 ---p 00000000 00:00 0 
7fa5980b5000-7fa598325000 rwxp 00000000 00:00 0 
7fa598325000-7fa59f5ed000 ---p 00000000 00:00 0 
7fa59f5ed000-7fa59f85d000 rwxp 00000000 00:00 0 
7fa59f85d000-7fa5a6b25000 ---p 00000000 00:00 0 
7fa5a6b25000-7fa5b0000000 r--s 00000000 fd:00 20186057                   /usr/lib/jvm/java-11-openjdk-amd64/lib/modules
7fa5b0000000-7fa5b0083000 rw-p 00000000 00:00 0 
7fa5b0083000-7fa5b4000000 ---p 00000000 00:00 0 
7fa5b4050000-7fa5b4454000 rw-p 00000000 00:00 0 
7fa5b4454000-7fa5b4455000 ---p 00000000 00:00 0 
7fa5b4455000-7fa5b4556000 rw-p 00000000 00:00 0 
7fa5b4556000-7fa5b4557000 ---p 00000000 00:00 0 
7fa5b4557000-7fa5b4718000 rw-p 00000000 00:00 0 
7fa5b4718000-7fa5b5918000 ---p 00000000 00:00 0 
7fa5b5918000-7fa5b5d1c000 rw-p 00000000 00:00 0 
7fa5b5d1c000-7fa5b5d1d000 ---p 00000000 00:00 0 
7fa5b5d1d000-7fa5b5e1e000 rw-p 00000000 00:00 0 
7fa5b5e1e000-7fa5b5e1f000 ---p 00000000 00:00 0 
7fa5b5e1f000-7fa5b5f20000 rw-p 00000000 00:00 0 
7fa5b5f20000-7fa5b5f21000 ---p 00000000 00:00 0 
7fa5b5f21000-7fa5b6022000 rw-p 00000000 00:00 0 
7fa5b6022000-7fa5b6023000 ---p 00000000 00:00 0 
7fa5b6023000-7fa5b6129000 rw-p 00000000 00:00 0 
7fa5b6129000-7fa5b620f000 ---p 00000000 00:00 0 
7fa5b620f000-7fa5b6214000 rw-p 00000000 00:00 0 
7fa5b6214000-7fa5b62fa000 ---p 00000000 00:00 0 
7fa5b62fa000-7fa5b62ff000 r-xp 00000000 fd:00 20186039                   /usr/lib/jvm/java-11-openjdk-amd64/lib/libjimage.so
7fa5b62ff000-7fa5b64fe000 ---p 00005000 fd:00 20186039                   /usr/lib/jvm/java-11-openjdk-amd64/lib/libjimage.so
7fa5b64fe000-7fa5b64ff000 r--p 00004000 fd:00 20186039                   /usr/lib/jvm/java-11-openjdk-amd64/lib/libjimage.so
7fa5b64ff000-7fa5b6500000 rw-p 00005000 fd:00 20186039                   /usr/lib/jvm/java-11-openjdk-amd64/lib/libjimage.so
7fa5b6500000-7fa5b6507000 r-xp 00000000 fd:00 20186056                   /usr/lib/jvm/java-11-openjdk-amd64/lib/libzip.so
7fa5b6507000-7fa5b6706000 ---p 00007000 fd:00 20186056                   /usr/lib/jvm/java-11-openjdk-amd64/lib/libzip.so
7fa5b6706000-7fa5b6707000 r--p 00006000 fd:00 20186056                   /usr/lib/jvm/java-11-openjdk-amd64/lib/libzip.so
7fa5b6707000-7fa5b6708000 rw-p 00007000 fd:00 20186056                   /usr/lib/jvm/java-11-openjdk-amd64/lib/libzip.so
7fa5b6708000-7fa5b6713000 r-xp 00000000 fd:00 44176093                   /lib/x86_64-linux-gnu/libnss_files-2.27.so
7fa5b6713000-7fa5b6912000 ---p 0000b000 fd:00 44176093                   /lib/x86_64-linux-gnu/libnss_files-2.27.so
7fa5b6912000-7fa5b6913000 r--p 0000a000 fd:00 44176093                   /lib/x86_64-linux-gnu/libnss_files-2.27.so
7fa5b6913000-7fa5b6914000 rw-p 0000b000 fd:00 44176093                   /lib/x86_64-linux-gnu/libnss_files-2.27.so
7fa5b6914000-7fa5b691a000 rw-p 00000000 00:00 0 
7fa5b691a000-7fa5b6931000 r-xp 00000000 fd:00 44176087                   /lib/x86_64-linux-gnu/libnsl-2.27.so
7fa5b6931000-7fa5b6b30000 ---p 00017000 fd:00 44176087                   /lib/x86_64-linux-gnu/libnsl-2.27.so
7fa5b6b30000-7fa5b6b31000 r--p 00016000 fd:00 44176087                   /lib/x86_64-linux-gnu/libnsl-2.27.so
7fa5b6b31000-7fa5b6b32000 rw-p 00017000 fd:00 44176087                   /lib/x86_64-linux-gnu/libnsl-2.27.so
7fa5b6b32000-7fa5b6b34000 rw-p 00000000 00:00 0 
7fa5b6b34000-7fa5b6b3f000 r-xp 00000000 fd:00 44176104                   /lib/x86_64-linux-gnu/libnss_nis-2.27.so
7fa5b6b3f000-7fa5b6d3e000 ---p 0000b000 fd:00 44176104                   /lib/x86_64-linux-gnu/libnss_nis-2.27.so
7fa5b6d3e000-7fa5b6d3f000 r--p 0000a000 fd:00 44176104                   /lib/x86_64-linux-gnu/libnss_nis-2.27.so
7fa5b6d3f000-7fa5b6d40000 rw-p 0000b000 fd:00 44176104                   /lib/x86_64-linux-gnu/libnss_nis-2.27.so
7fa5b6d40000-7fa5b6d48000 r-xp 00000000 fd:00 44176089                   /lib/x86_64-linux-gnu/libnss_compat-2.27.so
7fa5b6d48000-7fa5b6f48000 ---p 00008000 fd:00 44176089                   /lib/x86_64-linux-gnu/libnss_compat-2.27.so
7fa5b6f48000-7fa5b6f49000 r--p 00008000 fd:00 44176089                   /lib/x86_64-linux-gnu/libnss_compat-2.27.so
7fa5b6f49000-7fa5b6f4a000 rw-p 00009000 fd:00 44176089                   /lib/x86_64-linux-gnu/libnss_compat-2.27.so
7fa5b6f4a000-7fa5b6f76000 r-xp 00000000 fd:00 20186035                   /usr/lib/jvm/java-11-openjdk-amd64/lib/libjava.so
7fa5b6f76000-7fa5b7175000 ---p 0002c000 fd:00 20186035                   /usr/lib/jvm/java-11-openjdk-amd64/lib/libjava.so
7fa5b7175000-7fa5b7176000 r--p 0002b000 fd:00 20186035                   /usr/lib/jvm/java-11-openjdk-amd64/lib/libjava.so
7fa5b7176000-7fa5b7178000 rw-p 0002c000 fd:00 20186035                   /usr/lib/jvm/java-11-openjdk-amd64/lib/libjava.so
7fa5b7178000-7fa5b7185000 r-xp 00000000 fd:00 20186055                   /usr/lib/jvm/java-11-openjdk-amd64/lib/libverify.so
7fa5b7185000-7fa5b7384000 ---p 0000d000 fd:00 20186055                   /usr/lib/jvm/java-11-openjdk-amd64/lib/libverify.so
7fa5b7384000-7fa5b7386000 r--p 0000c000 fd:00 20186055                   /usr/lib/jvm/java-11-openjdk-amd64/lib/libverify.so
7fa5b7386000-7fa5b7387000 rw-p 0000e000 fd:00 20186055                   /usr/lib/jvm/java-11-openjdk-amd64/lib/libverify.so
7fa5b7387000-7fa5b738e000 r-xp 00000000 fd:00 44176144                   /lib/x86_64-linux-gnu/librt-2.27.so
7fa5b738e000-7fa5b758d000 ---p 00007000 fd:00 44176144                   /lib/x86_64-linux-gnu/librt-2.27.so
7fa5b758d000-7fa5b758e000 r--p 00006000 fd:00 44176144                   /lib/x86_64-linux-gnu/librt-2.27.so
7fa5b758e000-7fa5b758f000 rw-p 00007000 fd:00 44176144                   /lib/x86_64-linux-gnu/librt-2.27.so
7fa5b758f000-7fa5b75a6000 r-xp 00000000 fd:00 44175907                   /lib/x86_64-linux-gnu/libgcc_s.so.1
7fa5b75a6000-7fa5b77a5000 ---p 00017000 fd:00 44175907                   /lib/x86_64-linux-gnu/libgcc_s.so.1
7fa5b77a5000-7fa5b77a6000 r--p 00016000 fd:00 44175907                   /lib/x86_64-linux-gnu/libgcc_s.so.1
7fa5b77a6000-7fa5b77a7000 rw-p 00017000 fd:00 44175907                   /lib/x86_64-linux-gnu/libgcc_s.so.1
7fa5b77a7000-7fa5b7944000 r-xp 00000000 fd:00 44176066                   /lib/x86_64-linux-gnu/libm-2.27.so
7fa5b7944000-7fa5b7b43000 ---p 0019d000 fd:00 44176066                   /lib/x86_64-linux-gnu/libm-2.27.so
7fa5b7b43000-7fa5b7b44000 r--p 0019c000 fd:00 44176066                   /lib/x86_64-linux-gnu/libm-2.27.so
7fa5b7b44000-7fa5b7b45000 rw-p 0019d000 fd:00 44176066                   /lib/x86_64-linux-gnu/libm-2.27.so
7fa5b7b45000-7fa5b7cbe000 r-xp 00000000 fd:00 18090134                   /usr/lib/x86_64-linux-gnu/libstdc++.so.6.0.25
7fa5b7cbe000-7fa5b7ebe000 ---p 00179000 fd:00 18090134                   /usr/lib/x86_64-linux-gnu/libstdc++.so.6.0.25
7fa5b7ebe000-7fa5b7ec8000 r--p 00179000 fd:00 18090134                   /usr/lib/x86_64-linux-gnu/libstdc++.so.6.0.25
7fa5b7ec8000-7fa5b7eca000 rw-p 00183000 fd:00 18090134                   /usr/lib/x86_64-linux-gnu/libstdc++.so.6.0.25
7fa5b7eca000-7fa5b7ece000 rw-p 00000000 00:00 0 
7fa5b7ece000-7fa5b8e6b000 r-xp 00000000 fd:00 20186062                   /usr/lib/jvm/java-11-openjdk-amd64/lib/server/libjvm.so
7fa5b8e6b000-7fa5b906b000 ---p 00f9d000 fd:00 20186062                   /usr/lib/jvm/java-11-openjdk-amd64/lib/server/libjvm.so
7fa5b906b000-7fa5b912f000 r--p 00f9d000 fd:00 20186062                   /usr/lib/jvm/java-11-openjdk-amd64/lib/server/libjvm.so
7fa5b912f000-7fa5b9167000 rw-p 01061000 fd:00 20186062                   /usr/lib/jvm/java-11-openjdk-amd64/lib/server/libjvm.so
7fa5b9167000-7fa5b91b0000 rw-p 00000000 00:00 0 
7fa5b91b0000-7fa5b91ca000 r-xp 00000000 fd:00 44176136                   /lib/x86_64-linux-gnu/libpthread-2.27.so
7fa5b91ca000-7fa5b93c9000 ---p 0001a000 fd:00 44176136                   /lib/x86_64-linux-gnu/libpthread-2.27.so
7fa5b93c9000-7fa5b93ca000 r--p 00019000 fd:00 44176136                   /lib/x86_64-linux-gnu/libpthread-2.27.so
7fa5b93ca000-7fa5b93cb000 rw-p 0001a000 fd:00 44176136                   /lib/x86_64-linux-gnu/libpthread-2.27.so
7fa5b93cb000-7fa5b93cf000 rw-p 00000000 00:00 0 
7fa5b93cf000-7fa5b93d2000 r-xp 00000000 fd:00 44176026                   /lib/x86_64-linux-gnu/libdl-2.27.so
7fa5b93d2000-7fa5b95d1000 ---p 00003000 fd:00 44176026                   /lib/x86_64-linux-gnu/libdl-2.27.so
7fa5b95d1000-7fa5b95d2000 r--p 00002000 fd:00 44176026                   /lib/x86_64-linux-gnu/libdl-2.27.so
7fa5b95d2000-7fa5b95d3000 rw-p 00003000 fd:00 44176026                   /lib/x86_64-linux-gnu/libdl-2.27.so
7fa5b95d3000-7fa5b95ef000 r-xp 00000000 fd:00 44176175                   /lib/x86_64-linux-gnu/libz.so.1.2.11
7fa5b95ef000-7fa5b97ee000 ---p 0001c000 fd:00 44176175                   /lib/x86_64-linux-gnu/libz.so.1.2.11
7fa5b97ee000-7fa5b97ef000 r--p 0001b000 fd:00 44176175                   /lib/x86_64-linux-gnu/libz.so.1.2.11
7fa5b97ef000-7fa5b97f0000 rw-p 0001c000 fd:00 44176175                   /lib/x86_64-linux-gnu/libz.so.1.2.11
7fa5b97f0000-7fa5b99d7000 r-xp 00000000 fd:00 44176003                   /lib/x86_64-linux-gnu/libc-2.27.so
7fa5b99d7000-7fa5b9bd7000 ---p 001e7000 fd:00 44176003                   /lib/x86_64-linux-gnu/libc-2.27.so
7fa5b9bd7000-7fa5b9bdb000 r--p 001e7000 fd:00 44176003                   /lib/x86_64-linux-gnu/libc-2.27.so
7fa5b9bdb000-7fa5b9bdd000 rw-p 001eb000 fd:00 44176003                   /lib/x86_64-linux-gnu/libc-2.27.so
7fa5b9bdd000-7fa5b9be1000 rw-p 00000000 00:00 0 
7fa5b9be1000-7fa5b9bf0000 r-xp 00000000 fd:00 20186020                   /usr/lib/jvm/java-11-openjdk-amd64/lib/jli/libjli.so
7fa5b9bf0000-7fa5b9def000 ---p 0000f000 fd:00 20186020                   /usr/lib/jvm/java-11-openjdk-amd64/lib/jli/libjli.so
7fa5b9def000-7fa5b9df0000 r--p 0000e000 fd:00 20186020                   /usr/lib/jvm/java-11-openjdk-amd64/lib/jli/libjli.so
7fa5b9df0000-7fa5b9df1000 rw-p 0000f000 fd:00 20186020                   /usr/lib/jvm/java-11-openjdk-amd64/lib/jli/libjli.so
7fa5b9df1000-7fa5b9e18000 r-xp 00000000 fd:00 44175975                   /lib/x86_64-linux-gnu/ld-2.27.so
7fa5b9e94000-7fa5b9efb000 rw-p 00000000 00:00 0 
7fa5b9efb000-7fa5b9eff000 ---p 00000000 00:00 0 
7fa5b9eff000-7fa5b9ffe000 rw-p 00000000 00:00 0 
7fa5b9fff000-7fa5ba005000 rw-p 00000000 00:00 0 
7fa5ba005000-7fa5ba00c000 ---p 00000000 00:00 0 
7fa5ba00c000-7fa5ba014000 rw-s 00000000 fd:00 16121869                   /tmp/hsperfdata_minecraft/8363
7fa5ba014000-7fa5ba015000 ---p 00000000 00:00 0 
7fa5ba015000-7fa5ba016000 r--p 00000000 00:00 0 
7fa5ba016000-7fa5ba018000 rw-p 00000000 00:00 0 
7fa5ba018000-7fa5ba019000 r--p 00027000 fd:00 44175975                   /lib/x86_64-linux-gnu/ld-2.27.so
7fa5ba019000-7fa5ba01a000 rw-p 00028000 fd:00 44175975                   /lib/x86_64-linux-gnu/ld-2.27.so
7fa5ba01a000-7fa5ba01b000 rw-p 00000000 00:00 0 
7fffc1c16000-7fffc1c37000 rw-p 00000000 00:00 0                          [stack]
7fffc1c5d000-7fffc1c60000 r--p 00000000 00:00 0                          [vvar]
7fffc1c60000-7fffc1c62000 r-xp 00000000 00:00 0                          [vdso]
ffffffffff600000-ffffffffff601000 r-xp 00000000 00:00 0                  [vsyscall]


VM Arguments:
jvm_args: -Xms3g -Xmx3g 
java_command: server.jar nogui
java_class_path (initial): server.jar
Launcher Type: SUN_STANDARD

Logging:
Log output configuration:
#0: stdout all=warning uptime,level,tags
#1: stderr all=off uptime,level,tags

Environment Variables:
PATH=/usr/local/sbin:/usr/local/bin:/usr/sbin:/usr/bin:/sbin:/bin
SHELL=/bin/sh

Signal Handlers:
SIGSEGV: [libjvm.so+0xd28b70], sa_mask[0]=11111111011111111101111111111110, sa_flags=SA_RESTART|SA_SIGINFO
SIGBUS: [libjvm.so+0xd28b70], sa_mask[0]=11111111011111111101111111111110, sa_flags=SA_RESTART|SA_SIGINFO
SIGFPE: [libjvm.so+0xd28b70], sa_mask[0]=11111111011111111101111111111110, sa_flags=SA_RESTART|SA_SIGINFO
SIGPIPE: [libjvm.so+0xb2a1f0], sa_mask[0]=11111111011111111101111111111110, sa_flags=SA_RESTART|SA_SIGINFO
SIGXFSZ: [libjvm.so+0xb2a1f0], sa_mask[0]=11111111011111111101111111111110, sa_flags=SA_RESTART|SA_SIGINFO
SIGILL: [libjvm.so+0xd28b70], sa_mask[0]=11111111011111111101111111111110, sa_flags=SA_RESTART|SA_SIGINFO
SIGUSR2: [libjvm.so+0xb2a030], sa_mask[0]=00000000000000000000000000000000, sa_flags=SA_RESTART|SA_SIGINFO
SIGHUP: SIG_DFL, sa_mask[0]=00000000000000000000000000000000, sa_flags=none
SIGINT: SIG_DFL, sa_mask[0]=00000000000000000000000000000000, sa_flags=none
SIGTERM: SIG_DFL, sa_mask[0]=00000000000000000000000000000000, sa_flags=none
SIGQUIT: SIG_DFL, sa_mask[0]=00000000000000000000000000000000, sa_flags=none


---------------  S Y S T E M  ---------------

OS:DISTRIB_ID=Ubuntu
DISTRIB_RELEASE=18.04
DISTRIB_CODENAME=bionic
DISTRIB_DESCRIPTION="Ubuntu 18.04.2 LTS"
uname:Linux 4.15.0-46-generic #49-Ubuntu SMP Wed Feb 6 09:33:07 UTC 2019 x86_64
libc:glibc 2.27 NPTL 2.27 
rlimit: STACK 8192k, CORE 0k, NPROC 15099, NOFILE 4096, AS infinity, DATA infinity, FSIZE infinity
load average:1.35 1.38 1.42

/proc/meminfo:
MemTotal:        3943748 kB
MemFree:          127268 kB
MemAvailable:     941008 kB
Buffers:           30112 kB
Cached:           982516 kB
SwapCached:        12272 kB
Active:          2581720 kB
Inactive:        1039308 kB
Active(anon):    2109680 kB
Inactive(anon):   528792 kB
Active(file):     472040 kB
Inactive(file):   510516 kB
Unevictable:           0 kB
Mlocked:               0 kB
SwapTotal:        999420 kB
SwapFree:         614576 kB
Dirty:              3888 kB
Writeback:             0 kB
AnonPages:       2604804 kB
Mapped:           140336 kB
Shmem:             30068 kB
Slab:             108808 kB
SReclaimable:      67900 kB
SUnreclaim:        40908 kB
KernelStack:        6048 kB
PageTables:        24032 kB
NFS_Unstable:          0 kB
Bounce:                0 kB
WritebackTmp:          0 kB
CommitLimit:     2971292 kB
Committed_AS:    3287240 kB
VmallocTotal:   34359738367 kB
VmallocUsed:           0 kB
VmallocChunk:          0 kB
HardwareCorrupted:     0 kB
AnonHugePages:         0 kB
ShmemHugePages:        0 kB
ShmemPmdMapped:        0 kB
CmaTotal:              0 kB
CmaFree:               0 kB
HugePages_Total:       0
HugePages_Free:        0
HugePages_Rsvd:        0
HugePages_Surp:        0
Hugepagesize:       2048 kB
DirectMap4k:      158320 kB
DirectMap2M:     3940352 kB
DirectMap1G:           0 kB

container (cgroup) information:
container_type: cgroupv1
cpu_cpuset_cpus: 0-3
cpu_memory_nodes: 0
active_processor_count: 4
cpu_quota: -1
cpu_period: 100000
cpu_shares: -1
memory_limit_in_bytes: -1
memory_and_swap_limit_in_bytes: -2
memory_soft_limit_in_bytes: -1
memory_usage_in_bytes: 3705294848
memory_max_usage_in_bytes: 2048000


CPU:total 4 (initial active 4) (2 cores per cpu, 2 threads per core) family 6 model 69 stepping 1, cmov, cx8, fxsr, mmx, sse, sse2, sse3, ssse3, sse4.1, sse4.2, popcnt, avx, avx2, aes, clmul, erms, lzcnt, ht, tsc, tscinvbit, bmi1, bmi2, fma
CPU Model and flags from /proc/cpuinfo:
model name	: Intel(R) Core(TM) i7-4500U CPU @ 1.80GHz
flags		: fpu vme de pse tsc msr pae mce cx8 apic sep mtrr pge mca cmov pat pse36 clflush dts acpi mmx fxsr sse sse2 ss ht tm pbe syscall nx pdpe1gb rdtscp lm constant_tsc arch_perfmon pebs bts rep_good nopl xtopology nonstop_tsc cpuid aperfmperf pni pclmulqdq dtes64 monitor ds_cpl vmx est tm2 ssse3 sdbg fma cx16 xtpr pdcm pcid sse4_1 sse4_2 movbe popcnt tsc_deadline_timer aes xsave avx f16c rdrand lahf_lm abm cpuid_fault epb invpcid_single pti ssbd ibrs ibpb stibp tpr_shadow vnmi flexpriority ept vpid fsgsbase tsc_adjust bmi1 avx2 smep bmi2 erms invpcid xsaveopt dtherm ida arat pln pts flush_l1d

Memory: 4k page, physical 3943748k(127268k free), swap 999420k(614576k free)

vm_info: OpenJDK 64-Bit Server VM (10.0.2+13-Ubuntu-1ubuntu0.18.04.4) for linux-amd64 JRE (10.0.2+13-Ubuntu-1ubuntu0.18.04.4), built on Nov 13 2018 12:53:39 by "buildd" with gcc 7.3.0

END.
