#
# There is insufficient memory for the Java Runtime Environment to continue.
# Native memory allocation (mmap) failed to map 3221225472 bytes for committing reserved memory.
# Possible reasons:
#   The system is out of physical RAM or swap space
#   The process is running with CompressedOops enabled, and the Java Heap may be blocking the growth of the native heap
# Possible solutions:
#   Reduce memory load on the system
#   Increase physical memory or swap space
#   Check if swap backing store is full
#   Decrease Java heap size (-Xmx/-Xms)
#   Decrease number of Java threads
#   Decrease Java thread stack sizes (-Xss)
#   Set larger code cache with -XX:ReservedCodeCacheSize=
# This output file may be truncated or incomplete.
#
#  Out of Memory Error (os_linux.cpp:2706), pid=10423, tid=10424
#
# JRE version:  (10.0.2+13) (build )
# Java VM: OpenJDK 64-Bit Server VM (10.0.2+13-Ubuntu-1ubuntu0.18.04.4, mixed mode, aot, tiered, compressed oops, g1 gc, linux-amd64)
# Core dump will be written. Default location: Core dumps may be processed with "/usr/share/apport/apport %p %s %c %d %P" (or dumping to /opt/forno/minecraft/core.10423)
#

---------------  S U M M A R Y ------------

Command Line: -Xms3g -Xmx3g server.jar nogui

Host: Intel(R) Core(TM) i7-4500U CPU @ 1.80GHz, 4 cores, 3G, Ubuntu 18.04.2 LTS
Time: Thu Mar 21 07:24:10 2019 JST elapsed time: 0 seconds (0d 0h 0m 0s)

---------------  T H R E A D  ---------------

Current thread (0x00007f01ec011000):  JavaThread "Unknown thread" [_thread_in_vm, id=10424, stack(0x00007f01f6626000,0x00007f01f6727000)]

Stack: [0x00007f01f6626000,0x00007f01f6727000],  sp=0x00007f01f67252e0,  free space=1020k
Native frames: (J=compiled Java code, A=aot compiled Java code, j=interpreted, Vv=VM code, C=native code)
V  [libjvm.so+0xd27ea4]
V  [libjvm.so+0xd28a4b]
V  [libjvm.so+0x64d415]
V  [libjvm.so+0xb2d7c8]
V  [libjvm.so+0xb2601d]
V  [libjvm.so+0x7662ff]
V  [libjvm.so+0x76653e]
V  [libjvm.so+0x769500]
V  [libjvm.so+0x7efa1c]
V  [libjvm.so+0x7f06df]
V  [libjvm.so+0x7f0b59]
V  [libjvm.so+0x7162cf]
V  [libjvm.so+0x71afd3]
V  [libjvm.so+0xce5dc2]
V  [libjvm.so+0xce60c6]
V  [libjvm.so+0x807d57]
V  [libjvm.so+0xcc7ac4]
V  [libjvm.so+0x8601b1]  JNI_CreateJavaVM+0x51
C  [libjli.so+0x3d83]
C  [libjli.so+0x89dd]
C  [libpthread.so.0+0x76db]  start_thread+0xdb


---------------  P R O C E S S  ---------------

Threads class SMR info:
_java_thread_list=0x000055b62f9fd6b0, length=0, elements={
}

Java Threads: ( => current thread )

Other Threads:
  0x00007f01ec028000 GCTaskThread "GC Thread#0" [stack: 0x00007f01f274f000,0x00007f01f284f000] [id=10425]
  0x00007f01ec029000 GCTaskThread "GC Thread#1" [stack: 0x00007f01f264d000,0x00007f01f274d000] [id=10426]
  0x00007f01ec02b000 GCTaskThread "GC Thread#2" [stack: 0x00007f01f254b000,0x00007f01f264b000] [id=10427]
  0x00007f01ec02c800 GCTaskThread "GC Thread#3" [stack: 0x00007f01f2449000,0x00007f01f2549000] [id=10428]
  0x00007f01ec06a000 ConcurrentGCThread "G1 Main Marker" [stack: 0x00007f01f0c83000,0x00007f01f0d83000] [id=10429]
  0x00007f01ec06c000 ConcurrentGCThread "G1 Conc#0" [stack: 0x00007f01f0b81000,0x00007f01f0c81000] [id=10430]

[error occurred during error reporting (printing all threads), id 0xe0000002]

VM state:not at safepoint (not fully initialized)

VM Mutex/Monitor currently owned by a thread:  ([mutex/lock_event])
[0x00007f01ec00df30] Heap_lock - owner thread: 0x00007f01ec011000

Heap address: 0x0000000700000000, size: 3072 MB, Compressed Oops mode: Non-zero based: 0x0000000700000000
Narrow klass base: 0x0000000000000000, Narrow klass shift: 0

GC Heap History (0 events):
No events

Deoptimization events (0 events):
No events

Classes redefined (0 events):
No events

Internal exceptions (0 events):
No events

Events (0 events):
No events


Dynamic libraries:
55b62f2ce000-55b62f2cf000 r-xp 00000000 fd:00 20185882                   /usr/lib/jvm/java-11-openjdk-amd64/bin/java
55b62f4cf000-55b62f4d0000 r--p 00001000 fd:00 20185882                   /usr/lib/jvm/java-11-openjdk-amd64/bin/java
55b62f4d0000-55b62f4d1000 rw-p 00002000 fd:00 20185882                   /usr/lib/jvm/java-11-openjdk-amd64/bin/java
55b62f9e6000-55b62fa07000 rw-p 00000000 00:00 0                          [heap]
7f01b0000000-7f01b0021000 rw-p 00000000 00:00 0 
7f01b0021000-7f01b4000000 ---p 00000000 00:00 0 
7f01b6000000-7f01b8000000 rw-p 00000000 00:00 0 
7f01b8000000-7f01b8021000 rw-p 00000000 00:00 0 
7f01b8021000-7f01bc000000 ---p 00000000 00:00 0 
7f01bc000000-7f01bc021000 rw-p 00000000 00:00 0 
7f01bc021000-7f01c0000000 ---p 00000000 00:00 0 
7f01c1000000-7f01c4000000 ---p 00000000 00:00 0 
7f01c4000000-7f01c4021000 rw-p 00000000 00:00 0 
7f01c4021000-7f01c8000000 ---p 00000000 00:00 0 
7f01c8000000-7f01c8021000 rw-p 00000000 00:00 0 
7f01c8021000-7f01cc000000 ---p 00000000 00:00 0 
7f01cc000000-7f01cc021000 rw-p 00000000 00:00 0 
7f01cc021000-7f01d0000000 ---p 00000000 00:00 0 
7f01d0b25000-7f01d3b25000 ---p 00000000 00:00 0 
7f01d3b25000-7f01d3d95000 rwxp 00000000 00:00 0 
7f01d3d95000-7f01d40b5000 ---p 00000000 00:00 0 
7f01d40b5000-7f01d4325000 rwxp 00000000 00:00 0 
7f01d4325000-7f01db5ed000 ---p 00000000 00:00 0 
7f01db5ed000-7f01db85d000 rwxp 00000000 00:00 0 
7f01db85d000-7f01e2b25000 ---p 00000000 00:00 0 
7f01e2b25000-7f01ec000000 r--s 00000000 fd:00 20186057                   /usr/lib/jvm/java-11-openjdk-amd64/lib/modules
7f01ec000000-7f01ec083000 rw-p 00000000 00:00 0 
7f01ec083000-7f01f0000000 ---p 00000000 00:00 0 
7f01f077b000-7f01f0b7f000 rw-p 00000000 00:00 0 
7f01f0b7f000-7f01f0b80000 ---p 00000000 00:00 0 
7f01f0b80000-7f01f0c81000 rw-p 00000000 00:00 0 
7f01f0c81000-7f01f0c82000 ---p 00000000 00:00 0 
7f01f0c82000-7f01f0e43000 rw-p 00000000 00:00 0 
7f01f0e43000-7f01f2043000 ---p 00000000 00:00 0 
7f01f2043000-7f01f2447000 rw-p 00000000 00:00 0 
7f01f2447000-7f01f2448000 ---p 00000000 00:00 0 
7f01f2448000-7f01f2549000 rw-p 00000000 00:00 0 
7f01f2549000-7f01f254a000 ---p 00000000 00:00 0 
7f01f254a000-7f01f264b000 rw-p 00000000 00:00 0 
7f01f264b000-7f01f264c000 ---p 00000000 00:00 0 
7f01f264c000-7f01f274d000 rw-p 00000000 00:00 0 
7f01f274d000-7f01f274e000 ---p 00000000 00:00 0 
7f01f274e000-7f01f2854000 rw-p 00000000 00:00 0 
7f01f2854000-7f01f293a000 ---p 00000000 00:00 0 
7f01f293a000-7f01f293f000 rw-p 00000000 00:00 0 
7f01f293f000-7f01f2a25000 ---p 00000000 00:00 0 
7f01f2a25000-7f01f2a2a000 r-xp 00000000 fd:00 20186039                   /usr/lib/jvm/java-11-openjdk-amd64/lib/libjimage.so
7f01f2a2a000-7f01f2c29000 ---p 00005000 fd:00 20186039                   /usr/lib/jvm/java-11-openjdk-amd64/lib/libjimage.so
7f01f2c29000-7f01f2c2a000 r--p 00004000 fd:00 20186039                   /usr/lib/jvm/java-11-openjdk-amd64/lib/libjimage.so
7f01f2c2a000-7f01f2c2b000 rw-p 00005000 fd:00 20186039                   /usr/lib/jvm/java-11-openjdk-amd64/lib/libjimage.so
7f01f2c2b000-7f01f2c32000 r-xp 00000000 fd:00 20186056                   /usr/lib/jvm/java-11-openjdk-amd64/lib/libzip.so
7f01f2c32000-7f01f2e31000 ---p 00007000 fd:00 20186056                   /usr/lib/jvm/java-11-openjdk-amd64/lib/libzip.so
7f01f2e31000-7f01f2e32000 r--p 00006000 fd:00 20186056                   /usr/lib/jvm/java-11-openjdk-amd64/lib/libzip.so
7f01f2e32000-7f01f2e33000 rw-p 00007000 fd:00 20186056                   /usr/lib/jvm/java-11-openjdk-amd64/lib/libzip.so
7f01f2e33000-7f01f2e3e000 r-xp 00000000 fd:00 44176093                   /lib/x86_64-linux-gnu/libnss_files-2.27.so
7f01f2e3e000-7f01f303d000 ---p 0000b000 fd:00 44176093                   /lib/x86_64-linux-gnu/libnss_files-2.27.so
7f01f303d000-7f01f303e000 r--p 0000a000 fd:00 44176093                   /lib/x86_64-linux-gnu/libnss_files-2.27.so
7f01f303e000-7f01f303f000 rw-p 0000b000 fd:00 44176093                   /lib/x86_64-linux-gnu/libnss_files-2.27.so
7f01f303f000-7f01f3045000 rw-p 00000000 00:00 0 
7f01f3045000-7f01f305c000 r-xp 00000000 fd:00 44176087                   /lib/x86_64-linux-gnu/libnsl-2.27.so
7f01f305c000-7f01f325b000 ---p 00017000 fd:00 44176087                   /lib/x86_64-linux-gnu/libnsl-2.27.so
7f01f325b000-7f01f325c000 r--p 00016000 fd:00 44176087                   /lib/x86_64-linux-gnu/libnsl-2.27.so
7f01f325c000-7f01f325d000 rw-p 00017000 fd:00 44176087                   /lib/x86_64-linux-gnu/libnsl-2.27.so
7f01f325d000-7f01f325f000 rw-p 00000000 00:00 0 
7f01f325f000-7f01f326a000 r-xp 00000000 fd:00 44176104                   /lib/x86_64-linux-gnu/libnss_nis-2.27.so
7f01f326a000-7f01f3469000 ---p 0000b000 fd:00 44176104                   /lib/x86_64-linux-gnu/libnss_nis-2.27.so
7f01f3469000-7f01f346a000 r--p 0000a000 fd:00 44176104                   /lib/x86_64-linux-gnu/libnss_nis-2.27.so
7f01f346a000-7f01f346b000 rw-p 0000b000 fd:00 44176104                   /lib/x86_64-linux-gnu/libnss_nis-2.27.so
7f01f346b000-7f01f3473000 r-xp 00000000 fd:00 44176089                   /lib/x86_64-linux-gnu/libnss_compat-2.27.so
7f01f3473000-7f01f3673000 ---p 00008000 fd:00 44176089                   /lib/x86_64-linux-gnu/libnss_compat-2.27.so
7f01f3673000-7f01f3674000 r--p 00008000 fd:00 44176089                   /lib/x86_64-linux-gnu/libnss_compat-2.27.so
7f01f3674000-7f01f3675000 rw-p 00009000 fd:00 44176089                   /lib/x86_64-linux-gnu/libnss_compat-2.27.so
7f01f3675000-7f01f36a1000 r-xp 00000000 fd:00 20186035                   /usr/lib/jvm/java-11-openjdk-amd64/lib/libjava.so
7f01f36a1000-7f01f38a0000 ---p 0002c000 fd:00 20186035                   /usr/lib/jvm/java-11-openjdk-amd64/lib/libjava.so
7f01f38a0000-7f01f38a1000 r--p 0002b000 fd:00 20186035                   /usr/lib/jvm/java-11-openjdk-amd64/lib/libjava.so
7f01f38a1000-7f01f38a3000 rw-p 0002c000 fd:00 20186035                   /usr/lib/jvm/java-11-openjdk-amd64/lib/libjava.so
7f01f38a3000-7f01f38b0000 r-xp 00000000 fd:00 20186055                   /usr/lib/jvm/java-11-openjdk-amd64/lib/libverify.so
7f01f38b0000-7f01f3aaf000 ---p 0000d000 fd:00 20186055                   /usr/lib/jvm/java-11-openjdk-amd64/lib/libverify.so
7f01f3aaf000-7f01f3ab1000 r--p 0000c000 fd:00 20186055                   /usr/lib/jvm/java-11-openjdk-amd64/lib/libverify.so
7f01f3ab1000-7f01f3ab2000 rw-p 0000e000 fd:00 20186055                   /usr/lib/jvm/java-11-openjdk-amd64/lib/libverify.so
7f01f3ab2000-7f01f3ab9000 r-xp 00000000 fd:00 44176144                   /lib/x86_64-linux-gnu/librt-2.27.so
7f01f3ab9000-7f01f3cb8000 ---p 00007000 fd:00 44176144                   /lib/x86_64-linux-gnu/librt-2.27.so
7f01f3cb8000-7f01f3cb9000 r--p 00006000 fd:00 44176144                   /lib/x86_64-linux-gnu/librt-2.27.so
7f01f3cb9000-7f01f3cba000 rw-p 00007000 fd:00 44176144                   /lib/x86_64-linux-gnu/librt-2.27.so
7f01f3cba000-7f01f3cd1000 r-xp 00000000 fd:00 44175907                   /lib/x86_64-linux-gnu/libgcc_s.so.1
7f01f3cd1000-7f01f3ed0000 ---p 00017000 fd:00 44175907                   /lib/x86_64-linux-gnu/libgcc_s.so.1
7f01f3ed0000-7f01f3ed1000 r--p 00016000 fd:00 44175907                   /lib/x86_64-linux-gnu/libgcc_s.so.1
7f01f3ed1000-7f01f3ed2000 rw-p 00017000 fd:00 44175907                   /lib/x86_64-linux-gnu/libgcc_s.so.1
7f01f3ed2000-7f01f406f000 r-xp 00000000 fd:00 44176066                   /lib/x86_64-linux-gnu/libm-2.27.so
7f01f406f000-7f01f426e000 ---p 0019d000 fd:00 44176066                   /lib/x86_64-linux-gnu/libm-2.27.so
7f01f426e000-7f01f426f000 r--p 0019c000 fd:00 44176066                   /lib/x86_64-linux-gnu/libm-2.27.so
7f01f426f000-7f01f4270000 rw-p 0019d000 fd:00 44176066                   /lib/x86_64-linux-gnu/libm-2.27.so
7f01f4270000-7f01f43e9000 r-xp 00000000 fd:00 18090134                   /usr/lib/x86_64-linux-gnu/libstdc++.so.6.0.25
7f01f43e9000-7f01f45e9000 ---p 00179000 fd:00 18090134                   /usr/lib/x86_64-linux-gnu/libstdc++.so.6.0.25
7f01f45e9000-7f01f45f3000 r--p 00179000 fd:00 18090134                   /usr/lib/x86_64-linux-gnu/libstdc++.so.6.0.25
7f01f45f3000-7f01f45f5000 rw-p 00183000 fd:00 18090134                   /usr/lib/x86_64-linux-gnu/libstdc++.so.6.0.25
7f01f45f5000-7f01f45f9000 rw-p 00000000 00:00 0 
7f01f45f9000-7f01f5596000 r-xp 00000000 fd:00 20186062                   /usr/lib/jvm/java-11-openjdk-amd64/lib/server/libjvm.so
7f01f5596000-7f01f5796000 ---p 00f9d000 fd:00 20186062                   /usr/lib/jvm/java-11-openjdk-amd64/lib/server/libjvm.so
7f01f5796000-7f01f585a000 r--p 00f9d000 fd:00 20186062                   /usr/lib/jvm/java-11-openjdk-amd64/lib/server/libjvm.so
7f01f585a000-7f01f5892000 rw-p 01061000 fd:00 20186062                   /usr/lib/jvm/java-11-openjdk-amd64/lib/server/libjvm.so
7f01f5892000-7f01f58db000 rw-p 00000000 00:00 0 
7f01f58db000-7f01f58f5000 r-xp 00000000 fd:00 44176136                   /lib/x86_64-linux-gnu/libpthread-2.27.so
7f01f58f5000-7f01f5af4000 ---p 0001a000 fd:00 44176136                   /lib/x86_64-linux-gnu/libpthread-2.27.so
7f01f5af4000-7f01f5af5000 r--p 00019000 fd:00 44176136                   /lib/x86_64-linux-gnu/libpthread-2.27.so
7f01f5af5000-7f01f5af6000 rw-p 0001a000 fd:00 44176136                   /lib/x86_64-linux-gnu/libpthread-2.27.so
7f01f5af6000-7f01f5afa000 rw-p 00000000 00:00 0 
7f01f5afa000-7f01f5afd000 r-xp 00000000 fd:00 44176026                   /lib/x86_64-linux-gnu/libdl-2.27.so
7f01f5afd000-7f01f5cfc000 ---p 00003000 fd:00 44176026                   /lib/x86_64-linux-gnu/libdl-2.27.so
7f01f5cfc000-7f01f5cfd000 r--p 00002000 fd:00 44176026                   /lib/x86_64-linux-gnu/libdl-2.27.so
7f01f5cfd000-7f01f5cfe000 rw-p 00003000 fd:00 44176026                   /lib/x86_64-linux-gnu/libdl-2.27.so
7f01f5cfe000-7f01f5d1a000 r-xp 00000000 fd:00 44176175                   /lib/x86_64-linux-gnu/libz.so.1.2.11
7f01f5d1a000-7f01f5f19000 ---p 0001c000 fd:00 44176175                   /lib/x86_64-linux-gnu/libz.so.1.2.11
7f01f5f19000-7f01f5f1a000 r--p 0001b000 fd:00 44176175                   /lib/x86_64-linux-gnu/libz.so.1.2.11
7f01f5f1a000-7f01f5f1b000 rw-p 0001c000 fd:00 44176175                   /lib/x86_64-linux-gnu/libz.so.1.2.11
7f01f5f1b000-7f01f6102000 r-xp 00000000 fd:00 44176003                   /lib/x86_64-linux-gnu/libc-2.27.so
7f01f6102000-7f01f6302000 ---p 001e7000 fd:00 44176003                   /lib/x86_64-linux-gnu/libc-2.27.so
7f01f6302000-7f01f6306000 r--p 001e7000 fd:00 44176003                   /lib/x86_64-linux-gnu/libc-2.27.so
7f01f6306000-7f01f6308000 rw-p 001eb000 fd:00 44176003                   /lib/x86_64-linux-gnu/libc-2.27.so
7f01f6308000-7f01f630c000 rw-p 00000000 00:00 0 
7f01f630c000-7f01f631b000 r-xp 00000000 fd:00 20186020                   /usr/lib/jvm/java-11-openjdk-amd64/lib/jli/libjli.so
7f01f631b000-7f01f651a000 ---p 0000f000 fd:00 20186020                   /usr/lib/jvm/java-11-openjdk-amd64/lib/jli/libjli.so
7f01f651a000-7f01f651b000 r--p 0000e000 fd:00 20186020                   /usr/lib/jvm/java-11-openjdk-amd64/lib/jli/libjli.so
7f01f651b000-7f01f651c000 rw-p 0000f000 fd:00 20186020                   /usr/lib/jvm/java-11-openjdk-amd64/lib/jli/libjli.so
7f01f651c000-7f01f6543000 r-xp 00000000 fd:00 44175975                   /lib/x86_64-linux-gnu/ld-2.27.so
7f01f65bf000-7f01f6626000 rw-p 00000000 00:00 0 
7f01f6626000-7f01f662a000 ---p 00000000 00:00 0 
7f01f662a000-7f01f6729000 rw-p 00000000 00:00 0 
7f01f672a000-7f01f6730000 rw-p 00000000 00:00 0 
7f01f6730000-7f01f6737000 ---p 00000000 00:00 0 
7f01f6737000-7f01f673f000 rw-s 00000000 fd:00 16121869                   /tmp/hsperfdata_minecraft/10423
7f01f673f000-7f01f6740000 ---p 00000000 00:00 0 
7f01f6740000-7f01f6741000 r--p 00000000 00:00 0 
7f01f6741000-7f01f6743000 rw-p 00000000 00:00 0 
7f01f6743000-7f01f6744000 r--p 00027000 fd:00 44175975                   /lib/x86_64-linux-gnu/ld-2.27.so
7f01f6744000-7f01f6745000 rw-p 00028000 fd:00 44175975                   /lib/x86_64-linux-gnu/ld-2.27.so
7f01f6745000-7f01f6746000 rw-p 00000000 00:00 0 
7ffe811ee000-7ffe8120f000 rw-p 00000000 00:00 0                          [stack]
7ffe81368000-7ffe8136b000 r--p 00000000 00:00 0                          [vvar]
7ffe8136b000-7ffe8136d000 r-xp 00000000 00:00 0                          [vdso]
ffffffffff600000-ffffffffff601000 r-xp 00000000 00:00 0                  [vsyscall]


VM Arguments:
jvm_args: -Xms3g -Xmx3g 
java_command: server.jar nogui
java_class_path (initial): server.jar
Launcher Type: SUN_STANDARD

Logging:
Log output configuration:
#0: stdout all=warning uptime,level,tags
#1: stderr all=off uptime,level,tags

Environment Variables:
PATH=/usr/local/sbin:/usr/local/bin:/usr/sbin:/usr/bin:/sbin:/bin
SHELL=/bin/sh

Signal Handlers:
SIGSEGV: [libjvm.so+0xd28b70], sa_mask[0]=11111111011111111101111111111110, sa_flags=SA_RESTART|SA_SIGINFO
SIGBUS: [libjvm.so+0xd28b70], sa_mask[0]=11111111011111111101111111111110, sa_flags=SA_RESTART|SA_SIGINFO
SIGFPE: [libjvm.so+0xd28b70], sa_mask[0]=11111111011111111101111111111110, sa_flags=SA_RESTART|SA_SIGINFO
SIGPIPE: [libjvm.so+0xb2a1f0], sa_mask[0]=11111111011111111101111111111110, sa_flags=SA_RESTART|SA_SIGINFO
SIGXFSZ: [libjvm.so+0xb2a1f0], sa_mask[0]=11111111011111111101111111111110, sa_flags=SA_RESTART|SA_SIGINFO
SIGILL: [libjvm.so+0xd28b70], sa_mask[0]=11111111011111111101111111111110, sa_flags=SA_RESTART|SA_SIGINFO
SIGUSR2: [libjvm.so+0xb2a030], sa_mask[0]=00000000000000000000000000000000, sa_flags=SA_RESTART|SA_SIGINFO
SIGHUP: SIG_DFL, sa_mask[0]=00000000000000000000000000000000, sa_flags=none
SIGINT: SIG_DFL, sa_mask[0]=00000000000000000000000000000000, sa_flags=none
SIGTERM: SIG_DFL, sa_mask[0]=00000000000000000000000000000000, sa_flags=none
SIGQUIT: SIG_DFL, sa_mask[0]=00000000000000000000000000000000, sa_flags=none


---------------  S Y S T E M  ---------------

OS:DISTRIB_ID=Ubuntu
DISTRIB_RELEASE=18.04
DISTRIB_CODENAME=bionic
DISTRIB_DESCRIPTION="Ubuntu 18.04.2 LTS"
uname:Linux 4.15.0-46-generic #49-Ubuntu SMP Wed Feb 6 09:33:07 UTC 2019 x86_64
libc:glibc 2.27 NPTL 2.27 
rlimit: STACK 8192k, CORE 0k, NPROC 15099, NOFILE 4096, AS infinity, DATA infinity, FSIZE infinity
load average:1.33 1.39 1.38

/proc/meminfo:
MemTotal:        3943748 kB
MemFree:          133272 kB
MemAvailable:    1393564 kB
Buffers:           32936 kB
Cached:          1427380 kB
SwapCached:         7264 kB
Active:          2649712 kB
Inactive:         970416 kB
Active(anon):    1793920 kB
Inactive(anon):   395960 kB
Active(file):     855792 kB
Inactive(file):   574456 kB
Unevictable:           0 kB
Mlocked:               0 kB
SwapTotal:        999420 kB
SwapFree:         592560 kB
Dirty:              6444 kB
Writeback:             0 kB
AnonPages:       2157364 kB
Mapped:            92824 kB
Shmem:             30068 kB
Slab:             106640 kB
SReclaimable:      65620 kB
SUnreclaim:        41020 kB
KernelStack:        5952 kB
PageTables:        23072 kB
NFS_Unstable:          0 kB
Bounce:                0 kB
WritebackTmp:          0 kB
CommitLimit:     2971292 kB
Committed_AS:    3152468 kB
VmallocTotal:   34359738367 kB
VmallocUsed:           0 kB
VmallocChunk:          0 kB
HardwareCorrupted:     0 kB
AnonHugePages:         0 kB
ShmemHugePages:        0 kB
ShmemPmdMapped:        0 kB
CmaTotal:              0 kB
CmaFree:               0 kB
HugePages_Total:       0
HugePages_Free:        0
HugePages_Rsvd:        0
HugePages_Surp:        0
Hugepagesize:       2048 kB
DirectMap4k:      158320 kB
DirectMap2M:     3940352 kB
DirectMap1G:           0 kB

container (cgroup) information:
container_type: cgroupv1
cpu_cpuset_cpus: 0-3
cpu_memory_nodes: 0
active_processor_count: 4
cpu_quota: -1
cpu_period: 100000
cpu_shares: -1
memory_limit_in_bytes: -1
memory_and_swap_limit_in_bytes: -2
memory_soft_limit_in_bytes: -1
memory_usage_in_bytes: 3705712640
memory_max_usage_in_bytes: 2048000


CPU:total 4 (initial active 4) (2 cores per cpu, 2 threads per core) family 6 model 69 stepping 1, cmov, cx8, fxsr, mmx, sse, sse2, sse3, ssse3, sse4.1, sse4.2, popcnt, avx, avx2, aes, clmul, erms, lzcnt, ht, tsc, tscinvbit, bmi1, bmi2, fma
CPU Model and flags from /proc/cpuinfo:
model name	: Intel(R) Core(TM) i7-4500U CPU @ 1.80GHz
flags		: fpu vme de pse tsc msr pae mce cx8 apic sep mtrr pge mca cmov pat pse36 clflush dts acpi mmx fxsr sse sse2 ss ht tm pbe syscall nx pdpe1gb rdtscp lm constant_tsc arch_perfmon pebs bts rep_good nopl xtopology nonstop_tsc cpuid aperfmperf pni pclmulqdq dtes64 monitor ds_cpl vmx est tm2 ssse3 sdbg fma cx16 xtpr pdcm pcid sse4_1 sse4_2 movbe popcnt tsc_deadline_timer aes xsave avx f16c rdrand lahf_lm abm cpuid_fault epb invpcid_single pti ssbd ibrs ibpb stibp tpr_shadow vnmi flexpriority ept vpid fsgsbase tsc_adjust bmi1 avx2 smep bmi2 erms invpcid xsaveopt dtherm ida arat pln pts flush_l1d

Memory: 4k page, physical 3943748k(133272k free), swap 999420k(592560k free)

vm_info: OpenJDK 64-Bit Server VM (10.0.2+13-Ubuntu-1ubuntu0.18.04.4) for linux-amd64 JRE (10.0.2+13-Ubuntu-1ubuntu0.18.04.4), built on Nov 13 2018 12:53:39 by "buildd" with gcc 7.3.0

END.
