#
# There is insufficient memory for the Java Runtime Environment to continue.
# Native memory allocation (mmap) failed to map 3221225472 bytes for committing reserved memory.
# Possible reasons:
#   The system is out of physical RAM or swap space
#   The process is running with CompressedOops enabled, and the Java Heap may be blocking the growth of the native heap
# Possible solutions:
#   Reduce memory load on the system
#   Increase physical memory or swap space
#   Check if swap backing store is full
#   Decrease Java heap size (-Xmx/-Xms)
#   Decrease number of Java threads
#   Decrease Java thread stack sizes (-Xss)
#   Set larger code cache with -XX:ReservedCodeCacheSize=
# This output file may be truncated or incomplete.
#
#  Out of Memory Error (os_linux.cpp:2706), pid=9622, tid=9623
#
# JRE version:  (10.0.2+13) (build )
# Java VM: OpenJDK 64-Bit Server VM (10.0.2+13-Ubuntu-1ubuntu0.18.04.4, mixed mode, aot, tiered, compressed oops, g1 gc, linux-amd64)
# Core dump will be written. Default location: Core dumps may be processed with "/usr/share/apport/apport %p %s %c %d %P" (or dumping to /opt/forno/minecraft/core.9622)
#

---------------  S U M M A R Y ------------

Command Line: -Xms3g -Xmx3g server.jar nogui

Host: Intel(R) Core(TM) i7-4500U CPU @ 1.80GHz, 4 cores, 3G, Ubuntu 18.04.2 LTS
Time: Thu Mar 21 07:02:04 2019 JST elapsed time: 0 seconds (0d 0h 0m 0s)

---------------  T H R E A D  ---------------

Current thread (0x00007f7b04011000):  JavaThread "Unknown thread" [_thread_in_vm, id=9623, stack(0x00007f7b0e44c000,0x00007f7b0e54d000)]

Stack: [0x00007f7b0e44c000,0x00007f7b0e54d000],  sp=0x00007f7b0e54b2e0,  free space=1020k
Native frames: (J=compiled Java code, A=aot compiled Java code, j=interpreted, Vv=VM code, C=native code)
V  [libjvm.so+0xd27ea4]
V  [libjvm.so+0xd28a4b]
V  [libjvm.so+0x64d415]
V  [libjvm.so+0xb2d7c8]
V  [libjvm.so+0xb2601d]
V  [libjvm.so+0x7662ff]
V  [libjvm.so+0x76653e]
V  [libjvm.so+0x769500]
V  [libjvm.so+0x7efa1c]
V  [libjvm.so+0x7f06df]
V  [libjvm.so+0x7f0b59]
V  [libjvm.so+0x7162cf]
V  [libjvm.so+0x71afd3]
V  [libjvm.so+0xce5dc2]
V  [libjvm.so+0xce60c6]
V  [libjvm.so+0x807d57]
V  [libjvm.so+0xcc7ac4]
V  [libjvm.so+0x8601b1]  JNI_CreateJavaVM+0x51
C  [libjli.so+0x3d83]
C  [libjli.so+0x89dd]
C  [libpthread.so.0+0x76db]  start_thread+0xdb


---------------  P R O C E S S  ---------------

Threads class SMR info:
_java_thread_list=0x000055abf84746b0, length=0, elements={
}

Java Threads: ( => current thread )

Other Threads:
  0x00007f7b04028000 GCTaskThread "GC Thread#0" [stack: 0x00007f7b0a575000,0x00007f7b0a675000] [id=9625]
  0x00007f7b04029000 GCTaskThread "GC Thread#1" [stack: 0x00007f7b0a473000,0x00007f7b0a573000] [id=9626]
  0x00007f7b0402b000 GCTaskThread "GC Thread#2" [stack: 0x00007f7b0a371000,0x00007f7b0a471000] [id=9627]
  0x00007f7b0402c800 GCTaskThread "GC Thread#3" [stack: 0x00007f7b0a26f000,0x00007f7b0a36f000] [id=9628]
  0x00007f7b0406a000 ConcurrentGCThread "G1 Main Marker" [stack: 0x00007f7b08aa9000,0x00007f7b08ba9000] [id=9629]
  0x00007f7b0406c000 ConcurrentGCThread "G1 Conc#0" [stack: 0x00007f7b089a7000,0x00007f7b08aa7000] [id=9630]

[error occurred during error reporting (printing all threads), id 0xe0000002]

VM state:not at safepoint (not fully initialized)

VM Mutex/Monitor currently owned by a thread:  ([mutex/lock_event])
[0x00007f7b0400df30] Heap_lock - owner thread: 0x00007f7b04011000

Heap address: 0x0000000700000000, size: 3072 MB, Compressed Oops mode: Non-zero based: 0x0000000700000000
Narrow klass base: 0x0000000000000000, Narrow klass shift: 0

GC Heap History (0 events):
No events

Deoptimization events (0 events):
No events

Classes redefined (0 events):
No events

Internal exceptions (0 events):
No events

Events (0 events):
No events


Dynamic libraries:
55abf7ca1000-55abf7ca2000 r-xp 00000000 fd:00 20185882                   /usr/lib/jvm/java-11-openjdk-amd64/bin/java
55abf7ea2000-55abf7ea3000 r--p 00001000 fd:00 20185882                   /usr/lib/jvm/java-11-openjdk-amd64/bin/java
55abf7ea3000-55abf7ea4000 rw-p 00002000 fd:00 20185882                   /usr/lib/jvm/java-11-openjdk-amd64/bin/java
55abf845d000-55abf847e000 rw-p 00000000 00:00 0                          [heap]
7f7ac8000000-7f7ac8021000 rw-p 00000000 00:00 0 
7f7ac8021000-7f7acc000000 ---p 00000000 00:00 0 
7f7ace000000-7f7ad0000000 rw-p 00000000 00:00 0 
7f7ad0000000-7f7ad0021000 rw-p 00000000 00:00 0 
7f7ad0021000-7f7ad4000000 ---p 00000000 00:00 0 
7f7ad4000000-7f7ad4021000 rw-p 00000000 00:00 0 
7f7ad4021000-7f7ad8000000 ---p 00000000 00:00 0 
7f7ad9000000-7f7adc000000 ---p 00000000 00:00 0 
7f7adc000000-7f7adc021000 rw-p 00000000 00:00 0 
7f7adc021000-7f7ae0000000 ---p 00000000 00:00 0 
7f7ae0000000-7f7ae0021000 rw-p 00000000 00:00 0 
7f7ae0021000-7f7ae4000000 ---p 00000000 00:00 0 
7f7ae4000000-7f7ae4021000 rw-p 00000000 00:00 0 
7f7ae4021000-7f7ae8000000 ---p 00000000 00:00 0 
7f7ae8b25000-7f7aebb25000 ---p 00000000 00:00 0 
7f7aebb25000-7f7aebd95000 rwxp 00000000 00:00 0 
7f7aebd95000-7f7aec0b5000 ---p 00000000 00:00 0 
7f7aec0b5000-7f7aec325000 rwxp 00000000 00:00 0 
7f7aec325000-7f7af35ed000 ---p 00000000 00:00 0 
7f7af35ed000-7f7af385d000 rwxp 00000000 00:00 0 
7f7af385d000-7f7afab25000 ---p 00000000 00:00 0 
7f7afab25000-7f7b04000000 r--s 00000000 fd:00 20186057                   /usr/lib/jvm/java-11-openjdk-amd64/lib/modules
7f7b04000000-7f7b04083000 rw-p 00000000 00:00 0 
7f7b04083000-7f7b08000000 ---p 00000000 00:00 0 
7f7b085a1000-7f7b089a5000 rw-p 00000000 00:00 0 
7f7b089a5000-7f7b089a6000 ---p 00000000 00:00 0 
7f7b089a6000-7f7b08aa7000 rw-p 00000000 00:00 0 
7f7b08aa7000-7f7b08aa8000 ---p 00000000 00:00 0 
7f7b08aa8000-7f7b08c69000 rw-p 00000000 00:00 0 
7f7b08c69000-7f7b09e69000 ---p 00000000 00:00 0 
7f7b09e69000-7f7b0a26d000 rw-p 00000000 00:00 0 
7f7b0a26d000-7f7b0a26e000 ---p 00000000 00:00 0 
7f7b0a26e000-7f7b0a36f000 rw-p 00000000 00:00 0 
7f7b0a36f000-7f7b0a370000 ---p 00000000 00:00 0 
7f7b0a370000-7f7b0a471000 rw-p 00000000 00:00 0 
7f7b0a471000-7f7b0a472000 ---p 00000000 00:00 0 
7f7b0a472000-7f7b0a573000 rw-p 00000000 00:00 0 
7f7b0a573000-7f7b0a574000 ---p 00000000 00:00 0 
7f7b0a574000-7f7b0a67a000 rw-p 00000000 00:00 0 
7f7b0a67a000-7f7b0a760000 ---p 00000000 00:00 0 
7f7b0a760000-7f7b0a765000 rw-p 00000000 00:00 0 
7f7b0a765000-7f7b0a84b000 ---p 00000000 00:00 0 
7f7b0a84b000-7f7b0a850000 r-xp 00000000 fd:00 20186039                   /usr/lib/jvm/java-11-openjdk-amd64/lib/libjimage.so
7f7b0a850000-7f7b0aa4f000 ---p 00005000 fd:00 20186039                   /usr/lib/jvm/java-11-openjdk-amd64/lib/libjimage.so
7f7b0aa4f000-7f7b0aa50000 r--p 00004000 fd:00 20186039                   /usr/lib/jvm/java-11-openjdk-amd64/lib/libjimage.so
7f7b0aa50000-7f7b0aa51000 rw-p 00005000 fd:00 20186039                   /usr/lib/jvm/java-11-openjdk-amd64/lib/libjimage.so
7f7b0aa51000-7f7b0aa58000 r-xp 00000000 fd:00 20186056                   /usr/lib/jvm/java-11-openjdk-amd64/lib/libzip.so
7f7b0aa58000-7f7b0ac57000 ---p 00007000 fd:00 20186056                   /usr/lib/jvm/java-11-openjdk-amd64/lib/libzip.so
7f7b0ac57000-7f7b0ac58000 r--p 00006000 fd:00 20186056                   /usr/lib/jvm/java-11-openjdk-amd64/lib/libzip.so
7f7b0ac58000-7f7b0ac59000 rw-p 00007000 fd:00 20186056                   /usr/lib/jvm/java-11-openjdk-amd64/lib/libzip.so
7f7b0ac59000-7f7b0ac64000 r-xp 00000000 fd:00 44176093                   /lib/x86_64-linux-gnu/libnss_files-2.27.so
7f7b0ac64000-7f7b0ae63000 ---p 0000b000 fd:00 44176093                   /lib/x86_64-linux-gnu/libnss_files-2.27.so
7f7b0ae63000-7f7b0ae64000 r--p 0000a000 fd:00 44176093                   /lib/x86_64-linux-gnu/libnss_files-2.27.so
7f7b0ae64000-7f7b0ae65000 rw-p 0000b000 fd:00 44176093                   /lib/x86_64-linux-gnu/libnss_files-2.27.so
7f7b0ae65000-7f7b0ae6b000 rw-p 00000000 00:00 0 
7f7b0ae6b000-7f7b0ae82000 r-xp 00000000 fd:00 44176087                   /lib/x86_64-linux-gnu/libnsl-2.27.so
7f7b0ae82000-7f7b0b081000 ---p 00017000 fd:00 44176087                   /lib/x86_64-linux-gnu/libnsl-2.27.so
7f7b0b081000-7f7b0b082000 r--p 00016000 fd:00 44176087                   /lib/x86_64-linux-gnu/libnsl-2.27.so
7f7b0b082000-7f7b0b083000 rw-p 00017000 fd:00 44176087                   /lib/x86_64-linux-gnu/libnsl-2.27.so
7f7b0b083000-7f7b0b085000 rw-p 00000000 00:00 0 
7f7b0b085000-7f7b0b090000 r-xp 00000000 fd:00 44176104                   /lib/x86_64-linux-gnu/libnss_nis-2.27.so
7f7b0b090000-7f7b0b28f000 ---p 0000b000 fd:00 44176104                   /lib/x86_64-linux-gnu/libnss_nis-2.27.so
7f7b0b28f000-7f7b0b290000 r--p 0000a000 fd:00 44176104                   /lib/x86_64-linux-gnu/libnss_nis-2.27.so
7f7b0b290000-7f7b0b291000 rw-p 0000b000 fd:00 44176104                   /lib/x86_64-linux-gnu/libnss_nis-2.27.so
7f7b0b291000-7f7b0b299000 r-xp 00000000 fd:00 44176089                   /lib/x86_64-linux-gnu/libnss_compat-2.27.so
7f7b0b299000-7f7b0b499000 ---p 00008000 fd:00 44176089                   /lib/x86_64-linux-gnu/libnss_compat-2.27.so
7f7b0b499000-7f7b0b49a000 r--p 00008000 fd:00 44176089                   /lib/x86_64-linux-gnu/libnss_compat-2.27.so
7f7b0b49a000-7f7b0b49b000 rw-p 00009000 fd:00 44176089                   /lib/x86_64-linux-gnu/libnss_compat-2.27.so
7f7b0b49b000-7f7b0b4c7000 r-xp 00000000 fd:00 20186035                   /usr/lib/jvm/java-11-openjdk-amd64/lib/libjava.so
7f7b0b4c7000-7f7b0b6c6000 ---p 0002c000 fd:00 20186035                   /usr/lib/jvm/java-11-openjdk-amd64/lib/libjava.so
7f7b0b6c6000-7f7b0b6c7000 r--p 0002b000 fd:00 20186035                   /usr/lib/jvm/java-11-openjdk-amd64/lib/libjava.so
7f7b0b6c7000-7f7b0b6c9000 rw-p 0002c000 fd:00 20186035                   /usr/lib/jvm/java-11-openjdk-amd64/lib/libjava.so
7f7b0b6c9000-7f7b0b6d6000 r-xp 00000000 fd:00 20186055                   /usr/lib/jvm/java-11-openjdk-amd64/lib/libverify.so
7f7b0b6d6000-7f7b0b8d5000 ---p 0000d000 fd:00 20186055                   /usr/lib/jvm/java-11-openjdk-amd64/lib/libverify.so
7f7b0b8d5000-7f7b0b8d7000 r--p 0000c000 fd:00 20186055                   /usr/lib/jvm/java-11-openjdk-amd64/lib/libverify.so
7f7b0b8d7000-7f7b0b8d8000 rw-p 0000e000 fd:00 20186055                   /usr/lib/jvm/java-11-openjdk-amd64/lib/libverify.so
7f7b0b8d8000-7f7b0b8df000 r-xp 00000000 fd:00 44176144                   /lib/x86_64-linux-gnu/librt-2.27.so
7f7b0b8df000-7f7b0bade000 ---p 00007000 fd:00 44176144                   /lib/x86_64-linux-gnu/librt-2.27.so
7f7b0bade000-7f7b0badf000 r--p 00006000 fd:00 44176144                   /lib/x86_64-linux-gnu/librt-2.27.so
7f7b0badf000-7f7b0bae0000 rw-p 00007000 fd:00 44176144                   /lib/x86_64-linux-gnu/librt-2.27.so
7f7b0bae0000-7f7b0baf7000 r-xp 00000000 fd:00 44175907                   /lib/x86_64-linux-gnu/libgcc_s.so.1
7f7b0baf7000-7f7b0bcf6000 ---p 00017000 fd:00 44175907                   /lib/x86_64-linux-gnu/libgcc_s.so.1
7f7b0bcf6000-7f7b0bcf7000 r--p 00016000 fd:00 44175907                   /lib/x86_64-linux-gnu/libgcc_s.so.1
7f7b0bcf7000-7f7b0bcf8000 rw-p 00017000 fd:00 44175907                   /lib/x86_64-linux-gnu/libgcc_s.so.1
7f7b0bcf8000-7f7b0be95000 r-xp 00000000 fd:00 44176066                   /lib/x86_64-linux-gnu/libm-2.27.so
7f7b0be95000-7f7b0c094000 ---p 0019d000 fd:00 44176066                   /lib/x86_64-linux-gnu/libm-2.27.so
7f7b0c094000-7f7b0c095000 r--p 0019c000 fd:00 44176066                   /lib/x86_64-linux-gnu/libm-2.27.so
7f7b0c095000-7f7b0c096000 rw-p 0019d000 fd:00 44176066                   /lib/x86_64-linux-gnu/libm-2.27.so
7f7b0c096000-7f7b0c20f000 r-xp 00000000 fd:00 18090134                   /usr/lib/x86_64-linux-gnu/libstdc++.so.6.0.25
7f7b0c20f000-7f7b0c40f000 ---p 00179000 fd:00 18090134                   /usr/lib/x86_64-linux-gnu/libstdc++.so.6.0.25
7f7b0c40f000-7f7b0c419000 r--p 00179000 fd:00 18090134                   /usr/lib/x86_64-linux-gnu/libstdc++.so.6.0.25
7f7b0c419000-7f7b0c41b000 rw-p 00183000 fd:00 18090134                   /usr/lib/x86_64-linux-gnu/libstdc++.so.6.0.25
7f7b0c41b000-7f7b0c41f000 rw-p 00000000 00:00 0 
7f7b0c41f000-7f7b0d3bc000 r-xp 00000000 fd:00 20186062                   /usr/lib/jvm/java-11-openjdk-amd64/lib/server/libjvm.so
7f7b0d3bc000-7f7b0d5bc000 ---p 00f9d000 fd:00 20186062                   /usr/lib/jvm/java-11-openjdk-amd64/lib/server/libjvm.so
7f7b0d5bc000-7f7b0d680000 r--p 00f9d000 fd:00 20186062                   /usr/lib/jvm/java-11-openjdk-amd64/lib/server/libjvm.so
7f7b0d680000-7f7b0d6b8000 rw-p 01061000 fd:00 20186062                   /usr/lib/jvm/java-11-openjdk-amd64/lib/server/libjvm.so
7f7b0d6b8000-7f7b0d701000 rw-p 00000000 00:00 0 
7f7b0d701000-7f7b0d71b000 r-xp 00000000 fd:00 44176136                   /lib/x86_64-linux-gnu/libpthread-2.27.so
7f7b0d71b000-7f7b0d91a000 ---p 0001a000 fd:00 44176136                   /lib/x86_64-linux-gnu/libpthread-2.27.so
7f7b0d91a000-7f7b0d91b000 r--p 00019000 fd:00 44176136                   /lib/x86_64-linux-gnu/libpthread-2.27.so
7f7b0d91b000-7f7b0d91c000 rw-p 0001a000 fd:00 44176136                   /lib/x86_64-linux-gnu/libpthread-2.27.so
7f7b0d91c000-7f7b0d920000 rw-p 00000000 00:00 0 
7f7b0d920000-7f7b0d923000 r-xp 00000000 fd:00 44176026                   /lib/x86_64-linux-gnu/libdl-2.27.so
7f7b0d923000-7f7b0db22000 ---p 00003000 fd:00 44176026                   /lib/x86_64-linux-gnu/libdl-2.27.so
7f7b0db22000-7f7b0db23000 r--p 00002000 fd:00 44176026                   /lib/x86_64-linux-gnu/libdl-2.27.so
7f7b0db23000-7f7b0db24000 rw-p 00003000 fd:00 44176026                   /lib/x86_64-linux-gnu/libdl-2.27.so
7f7b0db24000-7f7b0db40000 r-xp 00000000 fd:00 44176175                   /lib/x86_64-linux-gnu/libz.so.1.2.11
7f7b0db40000-7f7b0dd3f000 ---p 0001c000 fd:00 44176175                   /lib/x86_64-linux-gnu/libz.so.1.2.11
7f7b0dd3f000-7f7b0dd40000 r--p 0001b000 fd:00 44176175                   /lib/x86_64-linux-gnu/libz.so.1.2.11
7f7b0dd40000-7f7b0dd41000 rw-p 0001c000 fd:00 44176175                   /lib/x86_64-linux-gnu/libz.so.1.2.11
7f7b0dd41000-7f7b0df28000 r-xp 00000000 fd:00 44176003                   /lib/x86_64-linux-gnu/libc-2.27.so
7f7b0df28000-7f7b0e128000 ---p 001e7000 fd:00 44176003                   /lib/x86_64-linux-gnu/libc-2.27.so
7f7b0e128000-7f7b0e12c000 r--p 001e7000 fd:00 44176003                   /lib/x86_64-linux-gnu/libc-2.27.so
7f7b0e12c000-7f7b0e12e000 rw-p 001eb000 fd:00 44176003                   /lib/x86_64-linux-gnu/libc-2.27.so
7f7b0e12e000-7f7b0e132000 rw-p 00000000 00:00 0 
7f7b0e132000-7f7b0e141000 r-xp 00000000 fd:00 20186020                   /usr/lib/jvm/java-11-openjdk-amd64/lib/jli/libjli.so
7f7b0e141000-7f7b0e340000 ---p 0000f000 fd:00 20186020                   /usr/lib/jvm/java-11-openjdk-amd64/lib/jli/libjli.so
7f7b0e340000-7f7b0e341000 r--p 0000e000 fd:00 20186020                   /usr/lib/jvm/java-11-openjdk-amd64/lib/jli/libjli.so
7f7b0e341000-7f7b0e342000 rw-p 0000f000 fd:00 20186020                   /usr/lib/jvm/java-11-openjdk-amd64/lib/jli/libjli.so
7f7b0e342000-7f7b0e369000 r-xp 00000000 fd:00 44175975                   /lib/x86_64-linux-gnu/ld-2.27.so
7f7b0e3e5000-7f7b0e44c000 rw-p 00000000 00:00 0 
7f7b0e44c000-7f7b0e450000 ---p 00000000 00:00 0 
7f7b0e450000-7f7b0e54f000 rw-p 00000000 00:00 0 
7f7b0e550000-7f7b0e556000 rw-p 00000000 00:00 0 
7f7b0e556000-7f7b0e55d000 ---p 00000000 00:00 0 
7f7b0e55d000-7f7b0e565000 rw-s 00000000 fd:00 16121869                   /tmp/hsperfdata_minecraft/9622
7f7b0e565000-7f7b0e566000 ---p 00000000 00:00 0 
7f7b0e566000-7f7b0e567000 r--p 00000000 00:00 0 
7f7b0e567000-7f7b0e569000 rw-p 00000000 00:00 0 
7f7b0e569000-7f7b0e56a000 r--p 00027000 fd:00 44175975                   /lib/x86_64-linux-gnu/ld-2.27.so
7f7b0e56a000-7f7b0e56b000 rw-p 00028000 fd:00 44175975                   /lib/x86_64-linux-gnu/ld-2.27.so
7f7b0e56b000-7f7b0e56c000 rw-p 00000000 00:00 0 
7ffeae244000-7ffeae265000 rw-p 00000000 00:00 0                          [stack]
7ffeae2c8000-7ffeae2cb000 r--p 00000000 00:00 0                          [vvar]
7ffeae2cb000-7ffeae2cd000 r-xp 00000000 00:00 0                          [vdso]
ffffffffff600000-ffffffffff601000 r-xp 00000000 00:00 0                  [vsyscall]


VM Arguments:
jvm_args: -Xms3g -Xmx3g 
java_command: server.jar nogui
java_class_path (initial): server.jar
Launcher Type: SUN_STANDARD

Logging:
Log output configuration:
#0: stdout all=warning uptime,level,tags
#1: stderr all=off uptime,level,tags

Environment Variables:
PATH=/usr/local/sbin:/usr/local/bin:/usr/sbin:/usr/bin:/sbin:/bin
SHELL=/bin/sh

Signal Handlers:
SIGSEGV: [libjvm.so+0xd28b70], sa_mask[0]=11111111011111111101111111111110, sa_flags=SA_RESTART|SA_SIGINFO
SIGBUS: [libjvm.so+0xd28b70], sa_mask[0]=11111111011111111101111111111110, sa_flags=SA_RESTART|SA_SIGINFO
SIGFPE: [libjvm.so+0xd28b70], sa_mask[0]=11111111011111111101111111111110, sa_flags=SA_RESTART|SA_SIGINFO
SIGPIPE: [libjvm.so+0xb2a1f0], sa_mask[0]=11111111011111111101111111111110, sa_flags=SA_RESTART|SA_SIGINFO
SIGXFSZ: [libjvm.so+0xb2a1f0], sa_mask[0]=11111111011111111101111111111110, sa_flags=SA_RESTART|SA_SIGINFO
SIGILL: [libjvm.so+0xd28b70], sa_mask[0]=11111111011111111101111111111110, sa_flags=SA_RESTART|SA_SIGINFO
SIGUSR2: [libjvm.so+0xb2a030], sa_mask[0]=00000000000000000000000000000000, sa_flags=SA_RESTART|SA_SIGINFO
SIGHUP: SIG_DFL, sa_mask[0]=00000000000000000000000000000000, sa_flags=none
SIGINT: SIG_DFL, sa_mask[0]=00000000000000000000000000000000, sa_flags=none
SIGTERM: SIG_DFL, sa_mask[0]=00000000000000000000000000000000, sa_flags=none
SIGQUIT: SIG_DFL, sa_mask[0]=00000000000000000000000000000000, sa_flags=none


---------------  S Y S T E M  ---------------

OS:DISTRIB_ID=Ubuntu
DISTRIB_RELEASE=18.04
DISTRIB_CODENAME=bionic
DISTRIB_DESCRIPTION="Ubuntu 18.04.2 LTS"
uname:Linux 4.15.0-46-generic #49-Ubuntu SMP Wed Feb 6 09:33:07 UTC 2019 x86_64
libc:glibc 2.27 NPTL 2.27 
rlimit: STACK 8192k, CORE 0k, NPROC 15099, NOFILE 4096, AS infinity, DATA infinity, FSIZE infinity
load average:1.54 1.45 1.38

/proc/meminfo:
MemTotal:        3943748 kB
MemFree:          122100 kB
MemAvailable:    1429148 kB
Buffers:           47444 kB
Cached:          1459668 kB
SwapCached:         6724 kB
Active:          2630612 kB
Inactive:         998984 kB
Active(anon):    1774904 kB
Inactive(anon):   377648 kB
Active(file):     855708 kB
Inactive(file):   621336 kB
Unevictable:           0 kB
Mlocked:               0 kB
SwapTotal:        999420 kB
SwapFree:         589488 kB
Dirty:              8048 kB
Writeback:             0 kB
AnonPages:       2120080 kB
Mapped:           118656 kB
Shmem:             30068 kB
Slab:             106484 kB
SReclaimable:      65544 kB
SUnreclaim:        40940 kB
KernelStack:        6048 kB
PageTables:        24048 kB
NFS_Unstable:          0 kB
Bounce:                0 kB
WritebackTmp:          0 kB
CommitLimit:     2971292 kB
Committed_AS:    3181056 kB
VmallocTotal:   34359738367 kB
VmallocUsed:           0 kB
VmallocChunk:          0 kB
HardwareCorrupted:     0 kB
AnonHugePages:         0 kB
ShmemHugePages:        0 kB
ShmemPmdMapped:        0 kB
CmaTotal:              0 kB
CmaFree:               0 kB
HugePages_Total:       0
HugePages_Free:        0
HugePages_Rsvd:        0
HugePages_Surp:        0
Hugepagesize:       2048 kB
DirectMap4k:      158320 kB
DirectMap2M:     3940352 kB
DirectMap1G:           0 kB

container (cgroup) information:
container_type: cgroupv1
cpu_cpuset_cpus: 0-3
cpu_memory_nodes: 0
active_processor_count: 4
cpu_quota: -1
cpu_period: 100000
cpu_shares: -1
memory_limit_in_bytes: -1
memory_and_swap_limit_in_bytes: -2
memory_soft_limit_in_bytes: -1
memory_usage_in_bytes: 3715710976
memory_max_usage_in_bytes: 2048000


CPU:total 4 (initial active 4) (2 cores per cpu, 2 threads per core) family 6 model 69 stepping 1, cmov, cx8, fxsr, mmx, sse, sse2, sse3, ssse3, sse4.1, sse4.2, popcnt, avx, avx2, aes, clmul, erms, lzcnt, ht, tsc, tscinvbit, bmi1, bmi2, fma
CPU Model and flags from /proc/cpuinfo:
model name	: Intel(R) Core(TM) i7-4500U CPU @ 1.80GHz
flags		: fpu vme de pse tsc msr pae mce cx8 apic sep mtrr pge mca cmov pat pse36 clflush dts acpi mmx fxsr sse sse2 ss ht tm pbe syscall nx pdpe1gb rdtscp lm constant_tsc arch_perfmon pebs bts rep_good nopl xtopology nonstop_tsc cpuid aperfmperf pni pclmulqdq dtes64 monitor ds_cpl vmx est tm2 ssse3 sdbg fma cx16 xtpr pdcm pcid sse4_1 sse4_2 movbe popcnt tsc_deadline_timer aes xsave avx f16c rdrand lahf_lm abm cpuid_fault epb invpcid_single pti ssbd ibrs ibpb stibp tpr_shadow vnmi flexpriority ept vpid fsgsbase tsc_adjust bmi1 avx2 smep bmi2 erms invpcid xsaveopt dtherm ida arat pln pts flush_l1d

Memory: 4k page, physical 3943748k(121852k free), swap 999420k(589488k free)

vm_info: OpenJDK 64-Bit Server VM (10.0.2+13-Ubuntu-1ubuntu0.18.04.4) for linux-amd64 JRE (10.0.2+13-Ubuntu-1ubuntu0.18.04.4), built on Nov 13 2018 12:53:39 by "buildd" with gcc 7.3.0

END.
