#
# There is insufficient memory for the Java Runtime Environment to continue.
# Native memory allocation (mmap) failed to map 3221225472 bytes for committing reserved memory.
# Possible reasons:
#   The system is out of physical RAM or swap space
#   The process is running with CompressedOops enabled, and the Java Heap may be blocking the growth of the native heap
# Possible solutions:
#   Reduce memory load on the system
#   Increase physical memory or swap space
#   Check if swap backing store is full
#   Decrease Java heap size (-Xmx/-Xms)
#   Decrease number of Java threads
#   Decrease Java thread stack sizes (-Xss)
#   Set larger code cache with -XX:ReservedCodeCacheSize=
# This output file may be truncated or incomplete.
#
#  Out of Memory Error (os_linux.cpp:2706), pid=21696, tid=21697
#
# JRE version:  (10.0.2+13) (build )
# Java VM: OpenJDK 64-Bit Server VM (10.0.2+13-Ubuntu-1ubuntu0.18.04.4, mixed mode, aot, tiered, compressed oops, g1 gc, linux-amd64)
# Core dump will be written. Default location: Core dumps may be processed with "/usr/share/apport/apport %p %s %c %d %P" (or dumping to /opt/forno/minecraft/core.21696)
#

---------------  S U M M A R Y ------------

Command Line: -Xms3g -Xmx3g server.jar nogui

Host: Intel(R) Core(TM) i7-4500U CPU @ 1.80GHz, 4 cores, 3G, Ubuntu 18.04.2 LTS
Time: Thu Mar 21 07:12:07 2019 JST elapsed time: 0 seconds (0d 0h 0m 0s)

---------------  T H R E A D  ---------------

Current thread (0x00007f7390011000):  JavaThread "Unknown thread" [_thread_in_vm, id=21697, stack(0x00007f7398926000,0x00007f7398a27000)]

Stack: [0x00007f7398926000,0x00007f7398a27000],  sp=0x00007f7398a252e0,  free space=1020k
Native frames: (J=compiled Java code, A=aot compiled Java code, j=interpreted, Vv=VM code, C=native code)
V  [libjvm.so+0xd27ea4]
V  [libjvm.so+0xd28a4b]
V  [libjvm.so+0x64d415]
V  [libjvm.so+0xb2d7c8]
V  [libjvm.so+0xb2601d]
V  [libjvm.so+0x7662ff]
V  [libjvm.so+0x76653e]
V  [libjvm.so+0x769500]
V  [libjvm.so+0x7efa1c]
V  [libjvm.so+0x7f06df]
V  [libjvm.so+0x7f0b59]
V  [libjvm.so+0x7162cf]
V  [libjvm.so+0x71afd3]
V  [libjvm.so+0xce5dc2]
V  [libjvm.so+0xce60c6]
V  [libjvm.so+0x807d57]
V  [libjvm.so+0xcc7ac4]
V  [libjvm.so+0x8601b1]  JNI_CreateJavaVM+0x51
C  [libjli.so+0x3d83]
C  [libjli.so+0x89dd]
C  [libpthread.so.0+0x76db]  start_thread+0xdb


---------------  P R O C E S S  ---------------

Threads class SMR info:
_java_thread_list=0x000055e2178ad6b0, length=0, elements={
}

Java Threads: ( => current thread )

Other Threads:
  0x00007f7390028000 GCTaskThread "GC Thread#0" [stack: 0x00007f7394a4f000,0x00007f7394b4f000] [id=21698]
  0x00007f7390029000 GCTaskThread "GC Thread#1" [stack: 0x00007f739494d000,0x00007f7394a4d000] [id=21699]
  0x00007f739002b000 GCTaskThread "GC Thread#2" [stack: 0x00007f739484b000,0x00007f739494b000] [id=21700]
  0x00007f739002c800 GCTaskThread "GC Thread#3" [stack: 0x00007f7394749000,0x00007f7394849000] [id=21701]
  0x00007f739006a000 ConcurrentGCThread "G1 Main Marker" [stack: 0x00007f7394183000,0x00007f7394283000] [id=21702]
  0x00007f739006c000 ConcurrentGCThread "G1 Conc#0" [stack: 0x00007f7394081000,0x00007f7394181000] [id=21703]

[error occurred during error reporting (printing all threads), id 0xe0000002]

VM state:not at safepoint (not fully initialized)

VM Mutex/Monitor currently owned by a thread:  ([mutex/lock_event])
[0x00007f739000df30] Heap_lock - owner thread: 0x00007f7390011000

Heap address: 0x0000000700000000, size: 3072 MB, Compressed Oops mode: Non-zero based: 0x0000000700000000
Narrow klass base: 0x0000000000000000, Narrow klass shift: 0

GC Heap History (0 events):
No events

Deoptimization events (0 events):
No events

Classes redefined (0 events):
No events

Internal exceptions (0 events):
No events

Events (0 events):
No events


Dynamic libraries:
55e217418000-55e217419000 r-xp 00000000 fd:00 20185882                   /usr/lib/jvm/java-11-openjdk-amd64/bin/java
55e217619000-55e21761a000 r--p 00001000 fd:00 20185882                   /usr/lib/jvm/java-11-openjdk-amd64/bin/java
55e21761a000-55e21761b000 rw-p 00002000 fd:00 20185882                   /usr/lib/jvm/java-11-openjdk-amd64/bin/java
55e217896000-55e2178b7000 rw-p 00000000 00:00 0                          [heap]
7f7350000000-7f7350021000 rw-p 00000000 00:00 0 
7f7350021000-7f7354000000 ---p 00000000 00:00 0 
7f7358000000-7f7358021000 rw-p 00000000 00:00 0 
7f7358021000-7f735c000000 ---p 00000000 00:00 0 
7f735d000000-7f7360000000 ---p 00000000 00:00 0 
7f7360000000-7f7360021000 rw-p 00000000 00:00 0 
7f7360021000-7f7364000000 ---p 00000000 00:00 0 
7f7365000000-7f7368000000 ---p 00000000 00:00 0 
7f7368000000-7f7368021000 rw-p 00000000 00:00 0 
7f7368021000-7f736c000000 ---p 00000000 00:00 0 
7f736c000000-7f736c021000 rw-p 00000000 00:00 0 
7f736c021000-7f7370000000 ---p 00000000 00:00 0 
7f7370000000-7f7370021000 rw-p 00000000 00:00 0 
7f7370021000-7f7374000000 ---p 00000000 00:00 0 
7f7374521000-7f7376925000 rw-p 00000000 00:00 0 
7f7376925000-7f7377b25000 ---p 00000000 00:00 0 
7f7377b25000-7f7377d95000 rwxp 00000000 00:00 0 
7f7377d95000-7f73780b5000 ---p 00000000 00:00 0 
7f73780b5000-7f7378325000 rwxp 00000000 00:00 0 
7f7378325000-7f737f5ed000 ---p 00000000 00:00 0 
7f737f5ed000-7f737f85d000 rwxp 00000000 00:00 0 
7f737f85d000-7f7386b25000 ---p 00000000 00:00 0 
7f7386b25000-7f7390000000 r--s 00000000 fd:00 20186057                   /usr/lib/jvm/java-11-openjdk-amd64/lib/modules
7f7390000000-7f7390083000 rw-p 00000000 00:00 0 
7f7390083000-7f7394000000 ---p 00000000 00:00 0 
7f739407f000-7f7394080000 ---p 00000000 00:00 0 
7f7394080000-7f7394181000 rw-p 00000000 00:00 0 
7f7394181000-7f7394182000 ---p 00000000 00:00 0 
7f7394182000-7f7394747000 rw-p 00000000 00:00 0 
7f7394747000-7f7394748000 ---p 00000000 00:00 0 
7f7394748000-7f7394849000 rw-p 00000000 00:00 0 
7f7394849000-7f739484a000 ---p 00000000 00:00 0 
7f739484a000-7f739494b000 rw-p 00000000 00:00 0 
7f739494b000-7f739494c000 ---p 00000000 00:00 0 
7f739494c000-7f7394a4d000 rw-p 00000000 00:00 0 
7f7394a4d000-7f7394a4e000 ---p 00000000 00:00 0 
7f7394a4e000-7f7394b54000 rw-p 00000000 00:00 0 
7f7394b54000-7f7394c3a000 ---p 00000000 00:00 0 
7f7394c3a000-7f7394c3f000 rw-p 00000000 00:00 0 
7f7394c3f000-7f7394d25000 ---p 00000000 00:00 0 
7f7394d25000-7f7394d2a000 r-xp 00000000 fd:00 20186039                   /usr/lib/jvm/java-11-openjdk-amd64/lib/libjimage.so
7f7394d2a000-7f7394f29000 ---p 00005000 fd:00 20186039                   /usr/lib/jvm/java-11-openjdk-amd64/lib/libjimage.so
7f7394f29000-7f7394f2a000 r--p 00004000 fd:00 20186039                   /usr/lib/jvm/java-11-openjdk-amd64/lib/libjimage.so
7f7394f2a000-7f7394f2b000 rw-p 00005000 fd:00 20186039                   /usr/lib/jvm/java-11-openjdk-amd64/lib/libjimage.so
7f7394f2b000-7f7394f32000 r-xp 00000000 fd:00 20186056                   /usr/lib/jvm/java-11-openjdk-amd64/lib/libzip.so
7f7394f32000-7f7395131000 ---p 00007000 fd:00 20186056                   /usr/lib/jvm/java-11-openjdk-amd64/lib/libzip.so
7f7395131000-7f7395132000 r--p 00006000 fd:00 20186056                   /usr/lib/jvm/java-11-openjdk-amd64/lib/libzip.so
7f7395132000-7f7395133000 rw-p 00007000 fd:00 20186056                   /usr/lib/jvm/java-11-openjdk-amd64/lib/libzip.so
7f7395133000-7f739513e000 r-xp 00000000 fd:00 44176093                   /lib/x86_64-linux-gnu/libnss_files-2.27.so
7f739513e000-7f739533d000 ---p 0000b000 fd:00 44176093                   /lib/x86_64-linux-gnu/libnss_files-2.27.so
7f739533d000-7f739533e000 r--p 0000a000 fd:00 44176093                   /lib/x86_64-linux-gnu/libnss_files-2.27.so
7f739533e000-7f739533f000 rw-p 0000b000 fd:00 44176093                   /lib/x86_64-linux-gnu/libnss_files-2.27.so
7f739533f000-7f7395345000 rw-p 00000000 00:00 0 
7f7395345000-7f739535c000 r-xp 00000000 fd:00 44176087                   /lib/x86_64-linux-gnu/libnsl-2.27.so
7f739535c000-7f739555b000 ---p 00017000 fd:00 44176087                   /lib/x86_64-linux-gnu/libnsl-2.27.so
7f739555b000-7f739555c000 r--p 00016000 fd:00 44176087                   /lib/x86_64-linux-gnu/libnsl-2.27.so
7f739555c000-7f739555d000 rw-p 00017000 fd:00 44176087                   /lib/x86_64-linux-gnu/libnsl-2.27.so
7f739555d000-7f739555f000 rw-p 00000000 00:00 0 
7f739555f000-7f739556a000 r-xp 00000000 fd:00 44176104                   /lib/x86_64-linux-gnu/libnss_nis-2.27.so
7f739556a000-7f7395769000 ---p 0000b000 fd:00 44176104                   /lib/x86_64-linux-gnu/libnss_nis-2.27.so
7f7395769000-7f739576a000 r--p 0000a000 fd:00 44176104                   /lib/x86_64-linux-gnu/libnss_nis-2.27.so
7f739576a000-7f739576b000 rw-p 0000b000 fd:00 44176104                   /lib/x86_64-linux-gnu/libnss_nis-2.27.so
7f739576b000-7f7395773000 r-xp 00000000 fd:00 44176089                   /lib/x86_64-linux-gnu/libnss_compat-2.27.so
7f7395773000-7f7395973000 ---p 00008000 fd:00 44176089                   /lib/x86_64-linux-gnu/libnss_compat-2.27.so
7f7395973000-7f7395974000 r--p 00008000 fd:00 44176089                   /lib/x86_64-linux-gnu/libnss_compat-2.27.so
7f7395974000-7f7395975000 rw-p 00009000 fd:00 44176089                   /lib/x86_64-linux-gnu/libnss_compat-2.27.so
7f7395975000-7f73959a1000 r-xp 00000000 fd:00 20186035                   /usr/lib/jvm/java-11-openjdk-amd64/lib/libjava.so
7f73959a1000-7f7395ba0000 ---p 0002c000 fd:00 20186035                   /usr/lib/jvm/java-11-openjdk-amd64/lib/libjava.so
7f7395ba0000-7f7395ba1000 r--p 0002b000 fd:00 20186035                   /usr/lib/jvm/java-11-openjdk-amd64/lib/libjava.so
7f7395ba1000-7f7395ba3000 rw-p 0002c000 fd:00 20186035                   /usr/lib/jvm/java-11-openjdk-amd64/lib/libjava.so
7f7395ba3000-7f7395bb0000 r-xp 00000000 fd:00 20186055                   /usr/lib/jvm/java-11-openjdk-amd64/lib/libverify.so
7f7395bb0000-7f7395daf000 ---p 0000d000 fd:00 20186055                   /usr/lib/jvm/java-11-openjdk-amd64/lib/libverify.so
7f7395daf000-7f7395db1000 r--p 0000c000 fd:00 20186055                   /usr/lib/jvm/java-11-openjdk-amd64/lib/libverify.so
7f7395db1000-7f7395db2000 rw-p 0000e000 fd:00 20186055                   /usr/lib/jvm/java-11-openjdk-amd64/lib/libverify.so
7f7395db2000-7f7395db9000 r-xp 00000000 fd:00 44176144                   /lib/x86_64-linux-gnu/librt-2.27.so
7f7395db9000-7f7395fb8000 ---p 00007000 fd:00 44176144                   /lib/x86_64-linux-gnu/librt-2.27.so
7f7395fb8000-7f7395fb9000 r--p 00006000 fd:00 44176144                   /lib/x86_64-linux-gnu/librt-2.27.so
7f7395fb9000-7f7395fba000 rw-p 00007000 fd:00 44176144                   /lib/x86_64-linux-gnu/librt-2.27.so
7f7395fba000-7f7395fd1000 r-xp 00000000 fd:00 44175907                   /lib/x86_64-linux-gnu/libgcc_s.so.1
7f7395fd1000-7f73961d0000 ---p 00017000 fd:00 44175907                   /lib/x86_64-linux-gnu/libgcc_s.so.1
7f73961d0000-7f73961d1000 r--p 00016000 fd:00 44175907                   /lib/x86_64-linux-gnu/libgcc_s.so.1
7f73961d1000-7f73961d2000 rw-p 00017000 fd:00 44175907                   /lib/x86_64-linux-gnu/libgcc_s.so.1
7f73961d2000-7f739636f000 r-xp 00000000 fd:00 44176066                   /lib/x86_64-linux-gnu/libm-2.27.so
7f739636f000-7f739656e000 ---p 0019d000 fd:00 44176066                   /lib/x86_64-linux-gnu/libm-2.27.so
7f739656e000-7f739656f000 r--p 0019c000 fd:00 44176066                   /lib/x86_64-linux-gnu/libm-2.27.so
7f739656f000-7f7396570000 rw-p 0019d000 fd:00 44176066                   /lib/x86_64-linux-gnu/libm-2.27.so
7f7396570000-7f73966e9000 r-xp 00000000 fd:00 18090134                   /usr/lib/x86_64-linux-gnu/libstdc++.so.6.0.25
7f73966e9000-7f73968e9000 ---p 00179000 fd:00 18090134                   /usr/lib/x86_64-linux-gnu/libstdc++.so.6.0.25
7f73968e9000-7f73968f3000 r--p 00179000 fd:00 18090134                   /usr/lib/x86_64-linux-gnu/libstdc++.so.6.0.25
7f73968f3000-7f73968f5000 rw-p 00183000 fd:00 18090134                   /usr/lib/x86_64-linux-gnu/libstdc++.so.6.0.25
7f73968f5000-7f73968f9000 rw-p 00000000 00:00 0 
7f73968f9000-7f7397896000 r-xp 00000000 fd:00 20186062                   /usr/lib/jvm/java-11-openjdk-amd64/lib/server/libjvm.so
7f7397896000-7f7397a96000 ---p 00f9d000 fd:00 20186062                   /usr/lib/jvm/java-11-openjdk-amd64/lib/server/libjvm.so
7f7397a96000-7f7397b5a000 r--p 00f9d000 fd:00 20186062                   /usr/lib/jvm/java-11-openjdk-amd64/lib/server/libjvm.so
7f7397b5a000-7f7397b92000 rw-p 01061000 fd:00 20186062                   /usr/lib/jvm/java-11-openjdk-amd64/lib/server/libjvm.so
7f7397b92000-7f7397bdb000 rw-p 00000000 00:00 0 
7f7397bdb000-7f7397bf5000 r-xp 00000000 fd:00 44176136                   /lib/x86_64-linux-gnu/libpthread-2.27.so
7f7397bf5000-7f7397df4000 ---p 0001a000 fd:00 44176136                   /lib/x86_64-linux-gnu/libpthread-2.27.so
7f7397df4000-7f7397df5000 r--p 00019000 fd:00 44176136                   /lib/x86_64-linux-gnu/libpthread-2.27.so
7f7397df5000-7f7397df6000 rw-p 0001a000 fd:00 44176136                   /lib/x86_64-linux-gnu/libpthread-2.27.so
7f7397df6000-7f7397dfa000 rw-p 00000000 00:00 0 
7f7397dfa000-7f7397dfd000 r-xp 00000000 fd:00 44176026                   /lib/x86_64-linux-gnu/libdl-2.27.so
7f7397dfd000-7f7397ffc000 ---p 00003000 fd:00 44176026                   /lib/x86_64-linux-gnu/libdl-2.27.so
7f7397ffc000-7f7397ffd000 r--p 00002000 fd:00 44176026                   /lib/x86_64-linux-gnu/libdl-2.27.so
7f7397ffd000-7f7397ffe000 rw-p 00003000 fd:00 44176026                   /lib/x86_64-linux-gnu/libdl-2.27.so
7f7397ffe000-7f739801a000 r-xp 00000000 fd:00 44176175                   /lib/x86_64-linux-gnu/libz.so.1.2.11
7f739801a000-7f7398219000 ---p 0001c000 fd:00 44176175                   /lib/x86_64-linux-gnu/libz.so.1.2.11
7f7398219000-7f739821a000 r--p 0001b000 fd:00 44176175                   /lib/x86_64-linux-gnu/libz.so.1.2.11
7f739821a000-7f739821b000 rw-p 0001c000 fd:00 44176175                   /lib/x86_64-linux-gnu/libz.so.1.2.11
7f739821b000-7f7398402000 r-xp 00000000 fd:00 44176003                   /lib/x86_64-linux-gnu/libc-2.27.so
7f7398402000-7f7398602000 ---p 001e7000 fd:00 44176003                   /lib/x86_64-linux-gnu/libc-2.27.so
7f7398602000-7f7398606000 r--p 001e7000 fd:00 44176003                   /lib/x86_64-linux-gnu/libc-2.27.so
7f7398606000-7f7398608000 rw-p 001eb000 fd:00 44176003                   /lib/x86_64-linux-gnu/libc-2.27.so
7f7398608000-7f739860c000 rw-p 00000000 00:00 0 
7f739860c000-7f739861b000 r-xp 00000000 fd:00 20186020                   /usr/lib/jvm/java-11-openjdk-amd64/lib/jli/libjli.so
7f739861b000-7f739881a000 ---p 0000f000 fd:00 20186020                   /usr/lib/jvm/java-11-openjdk-amd64/lib/jli/libjli.so
7f739881a000-7f739881b000 r--p 0000e000 fd:00 20186020                   /usr/lib/jvm/java-11-openjdk-amd64/lib/jli/libjli.so
7f739881b000-7f739881c000 rw-p 0000f000 fd:00 20186020                   /usr/lib/jvm/java-11-openjdk-amd64/lib/jli/libjli.so
7f739881c000-7f7398843000 r-xp 00000000 fd:00 44175975                   /lib/x86_64-linux-gnu/ld-2.27.so
7f73988bf000-7f7398926000 rw-p 00000000 00:00 0 
7f7398926000-7f739892a000 ---p 00000000 00:00 0 
7f739892a000-7f7398a29000 rw-p 00000000 00:00 0 
7f7398a2a000-7f7398a30000 rw-p 00000000 00:00 0 
7f7398a30000-7f7398a37000 ---p 00000000 00:00 0 
7f7398a37000-7f7398a3f000 rw-s 00000000 fd:00 16121869                   /tmp/hsperfdata_minecraft/21696
7f7398a3f000-7f7398a40000 ---p 00000000 00:00 0 
7f7398a40000-7f7398a41000 r--p 00000000 00:00 0 
7f7398a41000-7f7398a43000 rw-p 00000000 00:00 0 
7f7398a43000-7f7398a44000 r--p 00027000 fd:00 44175975                   /lib/x86_64-linux-gnu/ld-2.27.so
7f7398a44000-7f7398a45000 rw-p 00028000 fd:00 44175975                   /lib/x86_64-linux-gnu/ld-2.27.so
7f7398a45000-7f7398a46000 rw-p 00000000 00:00 0 
7ffd7bbbc000-7ffd7bbdd000 rw-p 00000000 00:00 0                          [stack]
7ffd7bbe9000-7ffd7bbec000 r--p 00000000 00:00 0                          [vvar]
7ffd7bbec000-7ffd7bbee000 r-xp 00000000 00:00 0                          [vdso]
ffffffffff600000-ffffffffff601000 r-xp 00000000 00:00 0                  [vsyscall]


VM Arguments:
jvm_args: -Xms3g -Xmx3g 
java_command: server.jar nogui
java_class_path (initial): server.jar
Launcher Type: SUN_STANDARD

Logging:
Log output configuration:
#0: stdout all=warning uptime,level,tags
#1: stderr all=off uptime,level,tags

Environment Variables:
PATH=/usr/local/sbin:/usr/local/bin:/usr/sbin:/usr/bin:/sbin:/bin
SHELL=/bin/sh

Signal Handlers:
SIGSEGV: [libjvm.so+0xd28b70], sa_mask[0]=11111111011111111101111111111110, sa_flags=SA_RESTART|SA_SIGINFO
SIGBUS: [libjvm.so+0xd28b70], sa_mask[0]=11111111011111111101111111111110, sa_flags=SA_RESTART|SA_SIGINFO
SIGFPE: [libjvm.so+0xd28b70], sa_mask[0]=11111111011111111101111111111110, sa_flags=SA_RESTART|SA_SIGINFO
SIGPIPE: [libjvm.so+0xb2a1f0], sa_mask[0]=11111111011111111101111111111110, sa_flags=SA_RESTART|SA_SIGINFO
SIGXFSZ: [libjvm.so+0xb2a1f0], sa_mask[0]=11111111011111111101111111111110, sa_flags=SA_RESTART|SA_SIGINFO
SIGILL: [libjvm.so+0xd28b70], sa_mask[0]=11111111011111111101111111111110, sa_flags=SA_RESTART|SA_SIGINFO
SIGUSR2: [libjvm.so+0xb2a030], sa_mask[0]=00000000000000000000000000000000, sa_flags=SA_RESTART|SA_SIGINFO
SIGHUP: SIG_DFL, sa_mask[0]=00000000000000000000000000000000, sa_flags=none
SIGINT: SIG_DFL, sa_mask[0]=00000000000000000000000000000000, sa_flags=none
SIGTERM: SIG_DFL, sa_mask[0]=00000000000000000000000000000000, sa_flags=none
SIGQUIT: SIG_DFL, sa_mask[0]=00000000000000000000000000000000, sa_flags=none


---------------  S Y S T E M  ---------------

OS:DISTRIB_ID=Ubuntu
DISTRIB_RELEASE=18.04
DISTRIB_CODENAME=bionic
DISTRIB_DESCRIPTION="Ubuntu 18.04.2 LTS"
uname:Linux 4.15.0-46-generic #49-Ubuntu SMP Wed Feb 6 09:33:07 UTC 2019 x86_64
libc:glibc 2.27 NPTL 2.27 
rlimit: STACK 8192k, CORE 0k, NPROC 15099, NOFILE 4096, AS infinity, DATA infinity, FSIZE infinity
load average:0.80 1.25 1.36

/proc/meminfo:
MemTotal:        3943748 kB
MemFree:          106564 kB
MemAvailable:    1404220 kB
Buffers:           39188 kB
Cached:          1458536 kB
SwapCached:         6952 kB
Active:          2625328 kB
Inactive:        1019112 kB
Active(anon):    1792888 kB
Inactive(anon):   383896 kB
Active(file):     832440 kB
Inactive(file):   635216 kB
Unevictable:           0 kB
Mlocked:               0 kB
SwapTotal:        999420 kB
SwapFree:         590512 kB
Dirty:              6632 kB
Writeback:             0 kB
AnonPages:       2144448 kB
Mapped:           154140 kB
Shmem:             30068 kB
Slab:             106528 kB
SReclaimable:      65532 kB
SUnreclaim:        40996 kB
KernelStack:        6016 kB
PageTables:        24152 kB
NFS_Unstable:          0 kB
Bounce:                0 kB
WritebackTmp:          0 kB
CommitLimit:     2971292 kB
Committed_AS:    3188696 kB
VmallocTotal:   34359738367 kB
VmallocUsed:           0 kB
VmallocChunk:          0 kB
HardwareCorrupted:     0 kB
AnonHugePages:         0 kB
ShmemHugePages:        0 kB
ShmemPmdMapped:        0 kB
CmaTotal:              0 kB
CmaFree:               0 kB
HugePages_Total:       0
HugePages_Free:        0
HugePages_Rsvd:        0
HugePages_Surp:        0
Hugepagesize:       2048 kB
DirectMap4k:      158320 kB
DirectMap2M:     3940352 kB
DirectMap1G:           0 kB

container (cgroup) information:
container_type: cgroupv1
cpu_cpuset_cpus: 0-3
cpu_memory_nodes: 0
active_processor_count: 4
cpu_quota: -1
cpu_period: 100000
cpu_shares: -1
memory_limit_in_bytes: -1
memory_and_swap_limit_in_bytes: -2
memory_soft_limit_in_bytes: -1
memory_usage_in_bytes: 3731185664
memory_max_usage_in_bytes: 2048000


CPU:total 4 (initial active 4) (2 cores per cpu, 2 threads per core) family 6 model 69 stepping 1, cmov, cx8, fxsr, mmx, sse, sse2, sse3, ssse3, sse4.1, sse4.2, popcnt, avx, avx2, aes, clmul, erms, lzcnt, ht, tsc, tscinvbit, bmi1, bmi2, fma
CPU Model and flags from /proc/cpuinfo:
model name	: Intel(R) Core(TM) i7-4500U CPU @ 1.80GHz
flags		: fpu vme de pse tsc msr pae mce cx8 apic sep mtrr pge mca cmov pat pse36 clflush dts acpi mmx fxsr sse sse2 ss ht tm pbe syscall nx pdpe1gb rdtscp lm constant_tsc arch_perfmon pebs bts rep_good nopl xtopology nonstop_tsc cpuid aperfmperf pni pclmulqdq dtes64 monitor ds_cpl vmx est tm2 ssse3 sdbg fma cx16 xtpr pdcm pcid sse4_1 sse4_2 movbe popcnt tsc_deadline_timer aes xsave avx f16c rdrand lahf_lm abm cpuid_fault epb invpcid_single pti ssbd ibrs ibpb stibp tpr_shadow vnmi flexpriority ept vpid fsgsbase tsc_adjust bmi1 avx2 smep bmi2 erms invpcid xsaveopt dtherm ida arat pln pts flush_l1d

Memory: 4k page, physical 3943748k(106068k free), swap 999420k(590512k free)

vm_info: OpenJDK 64-Bit Server VM (10.0.2+13-Ubuntu-1ubuntu0.18.04.4) for linux-amd64 JRE (10.0.2+13-Ubuntu-1ubuntu0.18.04.4), built on Nov 13 2018 12:53:39 by "buildd" with gcc 7.3.0

END.
