#
# There is insufficient memory for the Java Runtime Environment to continue.
# Native memory allocation (mmap) failed to map 3221225472 bytes for committing reserved memory.
# Possible reasons:
#   The system is out of physical RAM or swap space
#   The process is running with CompressedOops enabled, and the Java Heap may be blocking the growth of the native heap
# Possible solutions:
#   Reduce memory load on the system
#   Increase physical memory or swap space
#   Check if swap backing store is full
#   Decrease Java heap size (-Xmx/-Xms)
#   Decrease number of Java threads
#   Decrease Java thread stack sizes (-Xss)
#   Set larger code cache with -XX:ReservedCodeCacheSize=
# This output file may be truncated or incomplete.
#
#  Out of Memory Error (os_linux.cpp:2706), pid=32238, tid=32240
#
# JRE version:  (10.0.2+13) (build )
# Java VM: OpenJDK 64-Bit Server VM (10.0.2+13-Ubuntu-1ubuntu0.18.04.4, mixed mode, aot, tiered, compressed oops, g1 gc, linux-amd64)
# Core dump will be written. Default location: Core dumps may be processed with "/usr/share/apport/apport %p %s %c %d %P" (or dumping to /opt/forno/minecraft/core.32238)
#

---------------  S U M M A R Y ------------

Command Line: -Xms3g -Xmx3g server.jar nogui

Host: Intel(R) Core(TM) i7-4500U CPU @ 1.80GHz, 4 cores, 3G, Ubuntu 18.04.2 LTS
Time: Thu Mar 21 09:22:39 2019 JST elapsed time: 0 seconds (0d 0h 0m 0s)

---------------  T H R E A D  ---------------

Current thread (0x00007f32dc011000):  JavaThread "Unknown thread" [_thread_in_vm, id=32240, stack(0x00007f32e3859000,0x00007f32e395a000)]

Stack: [0x00007f32e3859000,0x00007f32e395a000],  sp=0x00007f32e39582e0,  free space=1020k
Native frames: (J=compiled Java code, A=aot compiled Java code, j=interpreted, Vv=VM code, C=native code)
V  [libjvm.so+0xd27ea4]
V  [libjvm.so+0xd28a4b]
V  [libjvm.so+0x64d415]
V  [libjvm.so+0xb2d7c8]
V  [libjvm.so+0xb2601d]
V  [libjvm.so+0x7662ff]
V  [libjvm.so+0x76653e]
V  [libjvm.so+0x769500]
V  [libjvm.so+0x7efa1c]
V  [libjvm.so+0x7f06df]
V  [libjvm.so+0x7f0b59]
V  [libjvm.so+0x7162cf]
V  [libjvm.so+0x71afd3]
V  [libjvm.so+0xce5dc2]
V  [libjvm.so+0xce60c6]
V  [libjvm.so+0x807d57]
V  [libjvm.so+0xcc7ac4]
V  [libjvm.so+0x8601b1]  JNI_CreateJavaVM+0x51
C  [libjli.so+0x3d83]
C  [libjli.so+0x89dd]
C  [libpthread.so.0+0x76db]  start_thread+0xdb


---------------  P R O C E S S  ---------------

Threads class SMR info:
_java_thread_list=0x00005587072fe6b0, length=0, elements={
}

Java Threads: ( => current thread )

Other Threads:
  0x00007f32dc028000 GCTaskThread "GC Thread#0" [stack: 0x00007f32c3441000,0x00007f32c3541000] [id=32241]
  0x00007f32dc029000 GCTaskThread "GC Thread#1" [stack: 0x00007f32c333f000,0x00007f32c343f000] [id=32242]
  0x00007f32dc02b000 GCTaskThread "GC Thread#2" [stack: 0x00007f32c323d000,0x00007f32c333d000] [id=32243]
  0x00007f32dc02c800 GCTaskThread "GC Thread#3" [stack: 0x00007f32c313b000,0x00007f32c323b000] [id=32244]
  0x00007f32dc06a000 ConcurrentGCThread "G1 Main Marker" [stack: 0x00007f32c1975000,0x00007f32c1a75000] [id=32245]
  0x00007f32dc06c000 ConcurrentGCThread "G1 Conc#0" [stack: 0x00007f32c1873000,0x00007f32c1973000] [id=32246]

[error occurred during error reporting (printing all threads), id 0xe0000002]

VM state:not at safepoint (not fully initialized)

VM Mutex/Monitor currently owned by a thread:  ([mutex/lock_event])
[0x00007f32dc00df30] Heap_lock - owner thread: 0x00007f32dc011000

Heap address: 0x0000000700000000, size: 3072 MB, Compressed Oops mode: Non-zero based: 0x0000000700000000
Narrow klass base: 0x0000000000000000, Narrow klass shift: 0

GC Heap History (0 events):
No events

Deoptimization events (0 events):
No events

Classes redefined (0 events):
No events

Internal exceptions (0 events):
No events

Events (0 events):
No events


Dynamic libraries:
558705123000-558705124000 r-xp 00000000 fd:00 20185882                   /usr/lib/jvm/java-11-openjdk-amd64/bin/java
558705324000-558705325000 r--p 00001000 fd:00 20185882                   /usr/lib/jvm/java-11-openjdk-amd64/bin/java
558705325000-558705326000 rw-p 00002000 fd:00 20185882                   /usr/lib/jvm/java-11-openjdk-amd64/bin/java
5587072e7000-558707308000 rw-p 00000000 00:00 0                          [heap]
7f329c000000-7f329c021000 rw-p 00000000 00:00 0 
7f329c021000-7f32a0000000 ---p 00000000 00:00 0 
7f32a2000000-7f32a4000000 rw-p 00000000 00:00 0 
7f32a4000000-7f32a4021000 rw-p 00000000 00:00 0 
7f32a4021000-7f32a8000000 ---p 00000000 00:00 0 
7f32a9000000-7f32ac000000 ---p 00000000 00:00 0 
7f32ac000000-7f32ac021000 rw-p 00000000 00:00 0 
7f32ac021000-7f32b0000000 ---p 00000000 00:00 0 
7f32b1000000-7f32b4000000 ---p 00000000 00:00 0 
7f32b4000000-7f32b4021000 rw-p 00000000 00:00 0 
7f32b4021000-7f32b8000000 ---p 00000000 00:00 0 
7f32b8000000-7f32b8021000 rw-p 00000000 00:00 0 
7f32b8021000-7f32bc000000 ---p 00000000 00:00 0 
7f32bc000000-7f32bc021000 rw-p 00000000 00:00 0 
7f32bc021000-7f32c0000000 ---p 00000000 00:00 0 
7f32c146d000-7f32c1871000 rw-p 00000000 00:00 0 
7f32c1871000-7f32c1872000 ---p 00000000 00:00 0 
7f32c1872000-7f32c1973000 rw-p 00000000 00:00 0 
7f32c1973000-7f32c1974000 ---p 00000000 00:00 0 
7f32c1974000-7f32c1b35000 rw-p 00000000 00:00 0 
7f32c1b35000-7f32c2d35000 ---p 00000000 00:00 0 
7f32c2d35000-7f32c3139000 rw-p 00000000 00:00 0 
7f32c3139000-7f32c313a000 ---p 00000000 00:00 0 
7f32c313a000-7f32c323b000 rw-p 00000000 00:00 0 
7f32c323b000-7f32c323c000 ---p 00000000 00:00 0 
7f32c323c000-7f32c333d000 rw-p 00000000 00:00 0 
7f32c333d000-7f32c333e000 ---p 00000000 00:00 0 
7f32c333e000-7f32c343f000 rw-p 00000000 00:00 0 
7f32c343f000-7f32c3440000 ---p 00000000 00:00 0 
7f32c3440000-7f32c3546000 rw-p 00000000 00:00 0 
7f32c3546000-7f32c362c000 ---p 00000000 00:00 0 
7f32c362c000-7f32c3631000 rw-p 00000000 00:00 0 
7f32c3631000-7f32c3717000 ---p 00000000 00:00 0 
7f32c3717000-7f32c3987000 rwxp 00000000 00:00 0 
7f32c3987000-7f32c3ca7000 ---p 00000000 00:00 0 
7f32c3ca7000-7f32c3f17000 rwxp 00000000 00:00 0 
7f32c3f17000-7f32cb1df000 ---p 00000000 00:00 0 
7f32cb1df000-7f32cb44f000 rwxp 00000000 00:00 0 
7f32cb44f000-7f32d2717000 ---p 00000000 00:00 0 
7f32d2717000-7f32dbbf2000 r--s 00000000 fd:00 20186057                   /usr/lib/jvm/java-11-openjdk-amd64/lib/modules
7f32dbbf2000-7f32dbbf7000 r-xp 00000000 fd:00 20186039                   /usr/lib/jvm/java-11-openjdk-amd64/lib/libjimage.so
7f32dbbf7000-7f32dbdf6000 ---p 00005000 fd:00 20186039                   /usr/lib/jvm/java-11-openjdk-amd64/lib/libjimage.so
7f32dbdf6000-7f32dbdf7000 r--p 00004000 fd:00 20186039                   /usr/lib/jvm/java-11-openjdk-amd64/lib/libjimage.so
7f32dbdf7000-7f32dbdf8000 rw-p 00005000 fd:00 20186039                   /usr/lib/jvm/java-11-openjdk-amd64/lib/libjimage.so
7f32dbdf8000-7f32dbdff000 r-xp 00000000 fd:00 20186056                   /usr/lib/jvm/java-11-openjdk-amd64/lib/libzip.so
7f32dbdff000-7f32dbffe000 ---p 00007000 fd:00 20186056                   /usr/lib/jvm/java-11-openjdk-amd64/lib/libzip.so
7f32dbffe000-7f32dbfff000 r--p 00006000 fd:00 20186056                   /usr/lib/jvm/java-11-openjdk-amd64/lib/libzip.so
7f32dbfff000-7f32dc000000 rw-p 00007000 fd:00 20186056                   /usr/lib/jvm/java-11-openjdk-amd64/lib/libzip.so
7f32dc000000-7f32dc083000 rw-p 00000000 00:00 0 
7f32dc083000-7f32e0000000 ---p 00000000 00:00 0 
7f32e0066000-7f32e0071000 r-xp 00000000 fd:00 44176093                   /lib/x86_64-linux-gnu/libnss_files-2.27.so
7f32e0071000-7f32e0270000 ---p 0000b000 fd:00 44176093                   /lib/x86_64-linux-gnu/libnss_files-2.27.so
7f32e0270000-7f32e0271000 r--p 0000a000 fd:00 44176093                   /lib/x86_64-linux-gnu/libnss_files-2.27.so
7f32e0271000-7f32e0272000 rw-p 0000b000 fd:00 44176093                   /lib/x86_64-linux-gnu/libnss_files-2.27.so
7f32e0272000-7f32e0278000 rw-p 00000000 00:00 0 
7f32e0278000-7f32e028f000 r-xp 00000000 fd:00 44176087                   /lib/x86_64-linux-gnu/libnsl-2.27.so
7f32e028f000-7f32e048e000 ---p 00017000 fd:00 44176087                   /lib/x86_64-linux-gnu/libnsl-2.27.so
7f32e048e000-7f32e048f000 r--p 00016000 fd:00 44176087                   /lib/x86_64-linux-gnu/libnsl-2.27.so
7f32e048f000-7f32e0490000 rw-p 00017000 fd:00 44176087                   /lib/x86_64-linux-gnu/libnsl-2.27.so
7f32e0490000-7f32e0492000 rw-p 00000000 00:00 0 
7f32e0492000-7f32e049d000 r-xp 00000000 fd:00 44176104                   /lib/x86_64-linux-gnu/libnss_nis-2.27.so
7f32e049d000-7f32e069c000 ---p 0000b000 fd:00 44176104                   /lib/x86_64-linux-gnu/libnss_nis-2.27.so
7f32e069c000-7f32e069d000 r--p 0000a000 fd:00 44176104                   /lib/x86_64-linux-gnu/libnss_nis-2.27.so
7f32e069d000-7f32e069e000 rw-p 0000b000 fd:00 44176104                   /lib/x86_64-linux-gnu/libnss_nis-2.27.so
7f32e069e000-7f32e06a6000 r-xp 00000000 fd:00 44176089                   /lib/x86_64-linux-gnu/libnss_compat-2.27.so
7f32e06a6000-7f32e08a6000 ---p 00008000 fd:00 44176089                   /lib/x86_64-linux-gnu/libnss_compat-2.27.so
7f32e08a6000-7f32e08a7000 r--p 00008000 fd:00 44176089                   /lib/x86_64-linux-gnu/libnss_compat-2.27.so
7f32e08a7000-7f32e08a8000 rw-p 00009000 fd:00 44176089                   /lib/x86_64-linux-gnu/libnss_compat-2.27.so
7f32e08a8000-7f32e08d4000 r-xp 00000000 fd:00 20186035                   /usr/lib/jvm/java-11-openjdk-amd64/lib/libjava.so
7f32e08d4000-7f32e0ad3000 ---p 0002c000 fd:00 20186035                   /usr/lib/jvm/java-11-openjdk-amd64/lib/libjava.so
7f32e0ad3000-7f32e0ad4000 r--p 0002b000 fd:00 20186035                   /usr/lib/jvm/java-11-openjdk-amd64/lib/libjava.so
7f32e0ad4000-7f32e0ad6000 rw-p 0002c000 fd:00 20186035                   /usr/lib/jvm/java-11-openjdk-amd64/lib/libjava.so
7f32e0ad6000-7f32e0ae3000 r-xp 00000000 fd:00 20186055                   /usr/lib/jvm/java-11-openjdk-amd64/lib/libverify.so
7f32e0ae3000-7f32e0ce2000 ---p 0000d000 fd:00 20186055                   /usr/lib/jvm/java-11-openjdk-amd64/lib/libverify.so
7f32e0ce2000-7f32e0ce4000 r--p 0000c000 fd:00 20186055                   /usr/lib/jvm/java-11-openjdk-amd64/lib/libverify.so
7f32e0ce4000-7f32e0ce5000 rw-p 0000e000 fd:00 20186055                   /usr/lib/jvm/java-11-openjdk-amd64/lib/libverify.so
7f32e0ce5000-7f32e0cec000 r-xp 00000000 fd:00 44176144                   /lib/x86_64-linux-gnu/librt-2.27.so
7f32e0cec000-7f32e0eeb000 ---p 00007000 fd:00 44176144                   /lib/x86_64-linux-gnu/librt-2.27.so
7f32e0eeb000-7f32e0eec000 r--p 00006000 fd:00 44176144                   /lib/x86_64-linux-gnu/librt-2.27.so
7f32e0eec000-7f32e0eed000 rw-p 00007000 fd:00 44176144                   /lib/x86_64-linux-gnu/librt-2.27.so
7f32e0eed000-7f32e0f04000 r-xp 00000000 fd:00 44175907                   /lib/x86_64-linux-gnu/libgcc_s.so.1
7f32e0f04000-7f32e1103000 ---p 00017000 fd:00 44175907                   /lib/x86_64-linux-gnu/libgcc_s.so.1
7f32e1103000-7f32e1104000 r--p 00016000 fd:00 44175907                   /lib/x86_64-linux-gnu/libgcc_s.so.1
7f32e1104000-7f32e1105000 rw-p 00017000 fd:00 44175907                   /lib/x86_64-linux-gnu/libgcc_s.so.1
7f32e1105000-7f32e12a2000 r-xp 00000000 fd:00 44176066                   /lib/x86_64-linux-gnu/libm-2.27.so
7f32e12a2000-7f32e14a1000 ---p 0019d000 fd:00 44176066                   /lib/x86_64-linux-gnu/libm-2.27.so
7f32e14a1000-7f32e14a2000 r--p 0019c000 fd:00 44176066                   /lib/x86_64-linux-gnu/libm-2.27.so
7f32e14a2000-7f32e14a3000 rw-p 0019d000 fd:00 44176066                   /lib/x86_64-linux-gnu/libm-2.27.so
7f32e14a3000-7f32e161c000 r-xp 00000000 fd:00 18090134                   /usr/lib/x86_64-linux-gnu/libstdc++.so.6.0.25
7f32e161c000-7f32e181c000 ---p 00179000 fd:00 18090134                   /usr/lib/x86_64-linux-gnu/libstdc++.so.6.0.25
7f32e181c000-7f32e1826000 r--p 00179000 fd:00 18090134                   /usr/lib/x86_64-linux-gnu/libstdc++.so.6.0.25
7f32e1826000-7f32e1828000 rw-p 00183000 fd:00 18090134                   /usr/lib/x86_64-linux-gnu/libstdc++.so.6.0.25
7f32e1828000-7f32e182c000 rw-p 00000000 00:00 0 
7f32e182c000-7f32e27c9000 r-xp 00000000 fd:00 20186062                   /usr/lib/jvm/java-11-openjdk-amd64/lib/server/libjvm.so
7f32e27c9000-7f32e29c9000 ---p 00f9d000 fd:00 20186062                   /usr/lib/jvm/java-11-openjdk-amd64/lib/server/libjvm.so
7f32e29c9000-7f32e2a8d000 r--p 00f9d000 fd:00 20186062                   /usr/lib/jvm/java-11-openjdk-amd64/lib/server/libjvm.so
7f32e2a8d000-7f32e2ac5000 rw-p 01061000 fd:00 20186062                   /usr/lib/jvm/java-11-openjdk-amd64/lib/server/libjvm.so
7f32e2ac5000-7f32e2b0e000 rw-p 00000000 00:00 0 
7f32e2b0e000-7f32e2b28000 r-xp 00000000 fd:00 44176136                   /lib/x86_64-linux-gnu/libpthread-2.27.so
7f32e2b28000-7f32e2d27000 ---p 0001a000 fd:00 44176136                   /lib/x86_64-linux-gnu/libpthread-2.27.so
7f32e2d27000-7f32e2d28000 r--p 00019000 fd:00 44176136                   /lib/x86_64-linux-gnu/libpthread-2.27.so
7f32e2d28000-7f32e2d29000 rw-p 0001a000 fd:00 44176136                   /lib/x86_64-linux-gnu/libpthread-2.27.so
7f32e2d29000-7f32e2d2d000 rw-p 00000000 00:00 0 
7f32e2d2d000-7f32e2d30000 r-xp 00000000 fd:00 44176026                   /lib/x86_64-linux-gnu/libdl-2.27.so
7f32e2d30000-7f32e2f2f000 ---p 00003000 fd:00 44176026                   /lib/x86_64-linux-gnu/libdl-2.27.so
7f32e2f2f000-7f32e2f30000 r--p 00002000 fd:00 44176026                   /lib/x86_64-linux-gnu/libdl-2.27.so
7f32e2f30000-7f32e2f31000 rw-p 00003000 fd:00 44176026                   /lib/x86_64-linux-gnu/libdl-2.27.so
7f32e2f31000-7f32e2f4d000 r-xp 00000000 fd:00 44176175                   /lib/x86_64-linux-gnu/libz.so.1.2.11
7f32e2f4d000-7f32e314c000 ---p 0001c000 fd:00 44176175                   /lib/x86_64-linux-gnu/libz.so.1.2.11
7f32e314c000-7f32e314d000 r--p 0001b000 fd:00 44176175                   /lib/x86_64-linux-gnu/libz.so.1.2.11
7f32e314d000-7f32e314e000 rw-p 0001c000 fd:00 44176175                   /lib/x86_64-linux-gnu/libz.so.1.2.11
7f32e314e000-7f32e3335000 r-xp 00000000 fd:00 44176003                   /lib/x86_64-linux-gnu/libc-2.27.so
7f32e3335000-7f32e3535000 ---p 001e7000 fd:00 44176003                   /lib/x86_64-linux-gnu/libc-2.27.so
7f32e3535000-7f32e3539000 r--p 001e7000 fd:00 44176003                   /lib/x86_64-linux-gnu/libc-2.27.so
7f32e3539000-7f32e353b000 rw-p 001eb000 fd:00 44176003                   /lib/x86_64-linux-gnu/libc-2.27.so
7f32e353b000-7f32e353f000 rw-p 00000000 00:00 0 
7f32e353f000-7f32e354e000 r-xp 00000000 fd:00 20186020                   /usr/lib/jvm/java-11-openjdk-amd64/lib/jli/libjli.so
7f32e354e000-7f32e374d000 ---p 0000f000 fd:00 20186020                   /usr/lib/jvm/java-11-openjdk-amd64/lib/jli/libjli.so
7f32e374d000-7f32e374e000 r--p 0000e000 fd:00 20186020                   /usr/lib/jvm/java-11-openjdk-amd64/lib/jli/libjli.so
7f32e374e000-7f32e374f000 rw-p 0000f000 fd:00 20186020                   /usr/lib/jvm/java-11-openjdk-amd64/lib/jli/libjli.so
7f32e374f000-7f32e3776000 r-xp 00000000 fd:00 44175975                   /lib/x86_64-linux-gnu/ld-2.27.so
7f32e37f2000-7f32e3859000 rw-p 00000000 00:00 0 
7f32e3859000-7f32e385d000 ---p 00000000 00:00 0 
7f32e385d000-7f32e395c000 rw-p 00000000 00:00 0 
7f32e395d000-7f32e3963000 rw-p 00000000 00:00 0 
7f32e3963000-7f32e396a000 ---p 00000000 00:00 0 
7f32e396a000-7f32e3972000 rw-s 00000000 fd:00 16121869                   /tmp/hsperfdata_minecraft/32238
7f32e3972000-7f32e3973000 ---p 00000000 00:00 0 
7f32e3973000-7f32e3974000 r--p 00000000 00:00 0 
7f32e3974000-7f32e3976000 rw-p 00000000 00:00 0 
7f32e3976000-7f32e3977000 r--p 00027000 fd:00 44175975                   /lib/x86_64-linux-gnu/ld-2.27.so
7f32e3977000-7f32e3978000 rw-p 00028000 fd:00 44175975                   /lib/x86_64-linux-gnu/ld-2.27.so
7f32e3978000-7f32e3979000 rw-p 00000000 00:00 0 
7ffce5493000-7ffce54b4000 rw-p 00000000 00:00 0                          [stack]
7ffce5599000-7ffce559c000 r--p 00000000 00:00 0                          [vvar]
7ffce559c000-7ffce559e000 r-xp 00000000 00:00 0                          [vdso]
ffffffffff600000-ffffffffff601000 r-xp 00000000 00:00 0                  [vsyscall]


VM Arguments:
jvm_args: -Xms3g -Xmx3g 
java_command: server.jar nogui
java_class_path (initial): server.jar
Launcher Type: SUN_STANDARD

Logging:
Log output configuration:
#0: stdout all=warning uptime,level,tags
#1: stderr all=off uptime,level,tags

Environment Variables:
PATH=/usr/local/sbin:/usr/local/bin:/usr/sbin:/usr/bin:/sbin:/bin
SHELL=/bin/sh

Signal Handlers:
SIGSEGV: [libjvm.so+0xd28b70], sa_mask[0]=11111111011111111101111111111110, sa_flags=SA_RESTART|SA_SIGINFO
SIGBUS: [libjvm.so+0xd28b70], sa_mask[0]=11111111011111111101111111111110, sa_flags=SA_RESTART|SA_SIGINFO
SIGFPE: [libjvm.so+0xd28b70], sa_mask[0]=11111111011111111101111111111110, sa_flags=SA_RESTART|SA_SIGINFO
SIGPIPE: [libjvm.so+0xb2a1f0], sa_mask[0]=11111111011111111101111111111110, sa_flags=SA_RESTART|SA_SIGINFO
SIGXFSZ: [libjvm.so+0xb2a1f0], sa_mask[0]=11111111011111111101111111111110, sa_flags=SA_RESTART|SA_SIGINFO
SIGILL: [libjvm.so+0xd28b70], sa_mask[0]=11111111011111111101111111111110, sa_flags=SA_RESTART|SA_SIGINFO
SIGUSR2: [libjvm.so+0xb2a030], sa_mask[0]=00000000000000000000000000000000, sa_flags=SA_RESTART|SA_SIGINFO
SIGHUP: SIG_DFL, sa_mask[0]=00000000000000000000000000000000, sa_flags=none
SIGINT: SIG_DFL, sa_mask[0]=00000000000000000000000000000000, sa_flags=none
SIGTERM: SIG_DFL, sa_mask[0]=00000000000000000000000000000000, sa_flags=none
SIGQUIT: SIG_DFL, sa_mask[0]=00000000000000000000000000000000, sa_flags=none


---------------  S Y S T E M  ---------------

OS:DISTRIB_ID=Ubuntu
DISTRIB_RELEASE=18.04
DISTRIB_CODENAME=bionic
DISTRIB_DESCRIPTION="Ubuntu 18.04.2 LTS"
uname:Linux 4.15.0-46-generic #49-Ubuntu SMP Wed Feb 6 09:33:07 UTC 2019 x86_64
libc:glibc 2.27 NPTL 2.27 
rlimit: STACK 8192k, CORE 0k, NPROC 15099, NOFILE 4096, AS infinity, DATA infinity, FSIZE infinity
load average:1.31 1.30 1.33

/proc/meminfo:
MemTotal:        3943748 kB
MemFree:          131540 kB
MemAvailable:    1164916 kB
Buffers:           35732 kB
Cached:          1197016 kB
SwapCached:         9196 kB
Active:          2828872 kB
Inactive:         788124 kB
Active(anon):    1928188 kB
Inactive(anon):   486132 kB
Active(file):     900684 kB
Inactive(file):   301992 kB
Unevictable:           0 kB
Mlocked:               0 kB
SwapTotal:        999420 kB
SwapFree:         604336 kB
Dirty:              2060 kB
Writeback:             0 kB
AnonPages:       2381764 kB
Mapped:           122032 kB
Shmem:             30072 kB
Slab:             107744 kB
SReclaimable:      66936 kB
SUnreclaim:        40808 kB
KernelStack:        6056 kB
PageTables:        23432 kB
NFS_Unstable:          0 kB
Bounce:                0 kB
WritebackTmp:          0 kB
CommitLimit:     2971292 kB
Committed_AS:    3218296 kB
VmallocTotal:   34359738367 kB
VmallocUsed:           0 kB
VmallocChunk:          0 kB
HardwareCorrupted:     0 kB
AnonHugePages:         0 kB
ShmemHugePages:        0 kB
ShmemPmdMapped:        0 kB
CmaTotal:              0 kB
CmaFree:               0 kB
HugePages_Total:       0
HugePages_Free:        0
HugePages_Rsvd:        0
HugePages_Surp:        0
Hugepagesize:       2048 kB
DirectMap4k:      158320 kB
DirectMap2M:     3940352 kB
DirectMap1G:           0 kB

container (cgroup) information:
container_type: cgroupv1
cpu_cpuset_cpus: 0-3
cpu_memory_nodes: 0
active_processor_count: 4
cpu_quota: -1
cpu_period: 100000
cpu_shares: -1
memory_limit_in_bytes: -1
memory_and_swap_limit_in_bytes: -2
memory_soft_limit_in_bytes: -1
memory_usage_in_bytes: 3702464512
memory_max_usage_in_bytes: 2048000


CPU:total 4 (initial active 4) (2 cores per cpu, 2 threads per core) family 6 model 69 stepping 1, cmov, cx8, fxsr, mmx, sse, sse2, sse3, ssse3, sse4.1, sse4.2, popcnt, avx, avx2, aes, clmul, erms, lzcnt, ht, tsc, tscinvbit, bmi1, bmi2, fma
CPU Model and flags from /proc/cpuinfo:
model name	: Intel(R) Core(TM) i7-4500U CPU @ 1.80GHz
flags		: fpu vme de pse tsc msr pae mce cx8 apic sep mtrr pge mca cmov pat pse36 clflush dts acpi mmx fxsr sse sse2 ss ht tm pbe syscall nx pdpe1gb rdtscp lm constant_tsc arch_perfmon pebs bts rep_good nopl xtopology nonstop_tsc cpuid aperfmperf pni pclmulqdq dtes64 monitor ds_cpl vmx est tm2 ssse3 sdbg fma cx16 xtpr pdcm pcid sse4_1 sse4_2 movbe popcnt tsc_deadline_timer aes xsave avx f16c rdrand lahf_lm abm cpuid_fault epb invpcid_single pti ssbd ibrs ibpb stibp tpr_shadow vnmi flexpriority ept vpid fsgsbase tsc_adjust bmi1 avx2 smep bmi2 erms invpcid xsaveopt dtherm ida arat pln pts flush_l1d

Memory: 4k page, physical 3943748k(131540k free), swap 999420k(604336k free)

vm_info: OpenJDK 64-Bit Server VM (10.0.2+13-Ubuntu-1ubuntu0.18.04.4) for linux-amd64 JRE (10.0.2+13-Ubuntu-1ubuntu0.18.04.4), built on Nov 13 2018 12:53:39 by "buildd" with gcc 7.3.0

END.
