#
# There is insufficient memory for the Java Runtime Environment to continue.
# Native memory allocation (mmap) failed to map 3221225472 bytes for committing reserved memory.
# Possible reasons:
#   The system is out of physical RAM or swap space
#   The process is running with CompressedOops enabled, and the Java Heap may be blocking the growth of the native heap
# Possible solutions:
#   Reduce memory load on the system
#   Increase physical memory or swap space
#   Check if swap backing store is full
#   Decrease Java heap size (-Xmx/-Xms)
#   Decrease number of Java threads
#   Decrease Java thread stack sizes (-Xss)
#   Set larger code cache with -XX:ReservedCodeCacheSize=
# This output file may be truncated or incomplete.
#
#  Out of Memory Error (os_linux.cpp:2706), pid=4949, tid=4951
#
# JRE version:  (10.0.2+13) (build )
# Java VM: OpenJDK 64-Bit Server VM (10.0.2+13-Ubuntu-1ubuntu0.18.04.4, mixed mode, aot, tiered, compressed oops, g1 gc, linux-amd64)
# Core dump will be written. Default location: Core dumps may be processed with "/usr/share/apport/apport %p %s %c %d %P" (or dumping to /opt/forno/minecraft/core.4949)
#

---------------  S U M M A R Y ------------

Command Line: -Xms3g -Xmx3g server.jar nogui

Host: Intel(R) Core(TM) i7-4500U CPU @ 1.80GHz, 4 cores, 3G, Ubuntu 18.04.2 LTS
Time: Thu Mar 21 09:59:49 2019 JST elapsed time: 0 seconds (0d 0h 0m 0s)

---------------  T H R E A D  ---------------

Current thread (0x00007f69e0011000):  JavaThread "Unknown thread" [_thread_in_vm, id=4951, stack(0x00007f69e95ef000,0x00007f69e96f0000)]

Stack: [0x00007f69e95ef000,0x00007f69e96f0000],  sp=0x00007f69e96ee2e0,  free space=1020k
Native frames: (J=compiled Java code, A=aot compiled Java code, j=interpreted, Vv=VM code, C=native code)
V  [libjvm.so+0xd27ea4]
V  [libjvm.so+0xd28a4b]
V  [libjvm.so+0x64d415]
V  [libjvm.so+0xb2d7c8]
V  [libjvm.so+0xb2601d]
V  [libjvm.so+0x7662ff]
V  [libjvm.so+0x76653e]
V  [libjvm.so+0x769500]
V  [libjvm.so+0x7efa1c]
V  [libjvm.so+0x7f06df]
V  [libjvm.so+0x7f0b59]
V  [libjvm.so+0x7162cf]
V  [libjvm.so+0x71afd3]
V  [libjvm.so+0xce5dc2]
V  [libjvm.so+0xce60c6]
V  [libjvm.so+0x807d57]
V  [libjvm.so+0xcc7ac4]
V  [libjvm.so+0x8601b1]  JNI_CreateJavaVM+0x51
C  [libjli.so+0x3d83]
C  [libjli.so+0x89dd]
C  [libpthread.so.0+0x76db]  start_thread+0xdb


---------------  P R O C E S S  ---------------

Threads class SMR info:
_java_thread_list=0x000055da9eb556b0, length=0, elements={
}

Java Threads: ( => current thread )

Other Threads:
  0x00007f69e0028000 GCTaskThread "GC Thread#0" [stack: 0x00007f69e5718000,0x00007f69e5818000] [id=4952]
  0x00007f69e0029000 GCTaskThread "GC Thread#1" [stack: 0x00007f69e5616000,0x00007f69e5716000] [id=4953]
  0x00007f69e002b000 GCTaskThread "GC Thread#2" [stack: 0x00007f69e5514000,0x00007f69e5614000] [id=4954]
  0x00007f69e002c800 GCTaskThread "GC Thread#3" [stack: 0x00007f69e5412000,0x00007f69e5512000] [id=4955]
  0x00007f69e006a000 ConcurrentGCThread "G1 Main Marker" [stack: 0x00007f69e424c000,0x00007f69e434c000] [id=4956]
  0x00007f69e006c000 ConcurrentGCThread "G1 Conc#0" [stack: 0x00007f69e414a000,0x00007f69e424a000] [id=4957]

[error occurred during error reporting (printing all threads), id 0xe0000002]

VM state:not at safepoint (not fully initialized)

VM Mutex/Monitor currently owned by a thread:  ([mutex/lock_event])
[0x00007f69e000df30] Heap_lock - owner thread: 0x00007f69e0011000

Heap address: 0x0000000700000000, size: 3072 MB, Compressed Oops mode: Non-zero based: 0x0000000700000000
Narrow klass base: 0x0000000000000000, Narrow klass shift: 0

GC Heap History (0 events):
No events

Deoptimization events (0 events):
No events

Classes redefined (0 events):
No events

Internal exceptions (0 events):
No events

Events (0 events):
No events


Dynamic libraries:
55da9dd0a000-55da9dd0b000 r-xp 00000000 fd:00 20185882                   /usr/lib/jvm/java-11-openjdk-amd64/bin/java
55da9df0b000-55da9df0c000 r--p 00001000 fd:00 20185882                   /usr/lib/jvm/java-11-openjdk-amd64/bin/java
55da9df0c000-55da9df0d000 rw-p 00002000 fd:00 20185882                   /usr/lib/jvm/java-11-openjdk-amd64/bin/java
55da9eb3e000-55da9eb5f000 rw-p 00000000 00:00 0                          [heap]
7f69a4000000-7f69a4021000 rw-p 00000000 00:00 0 
7f69a4021000-7f69a8000000 ---p 00000000 00:00 0 
7f69aa000000-7f69ac000000 rw-p 00000000 00:00 0 
7f69ac000000-7f69ac021000 rw-p 00000000 00:00 0 
7f69ac021000-7f69b0000000 ---p 00000000 00:00 0 
7f69b0000000-7f69b0021000 rw-p 00000000 00:00 0 
7f69b0021000-7f69b4000000 ---p 00000000 00:00 0 
7f69b5000000-7f69b8000000 ---p 00000000 00:00 0 
7f69b8000000-7f69b8021000 rw-p 00000000 00:00 0 
7f69b8021000-7f69bc000000 ---p 00000000 00:00 0 
7f69bc000000-7f69bc021000 rw-p 00000000 00:00 0 
7f69bc021000-7f69c0000000 ---p 00000000 00:00 0 
7f69c0000000-7f69c0021000 rw-p 00000000 00:00 0 
7f69c0021000-7f69c4000000 ---p 00000000 00:00 0 
7f69c4222000-7f69c4525000 rw-p 00000000 00:00 0 
7f69c4525000-7f69c7b25000 ---p 00000000 00:00 0 
7f69c7b25000-7f69c7d95000 rwxp 00000000 00:00 0 
7f69c7d95000-7f69c80b5000 ---p 00000000 00:00 0 
7f69c80b5000-7f69c8325000 rwxp 00000000 00:00 0 
7f69c8325000-7f69cf5ed000 ---p 00000000 00:00 0 
7f69cf5ed000-7f69cf85d000 rwxp 00000000 00:00 0 
7f69cf85d000-7f69d6b25000 ---p 00000000 00:00 0 
7f69d6b25000-7f69e0000000 r--s 00000000 fd:00 20186057                   /usr/lib/jvm/java-11-openjdk-amd64/lib/modules
7f69e0000000-7f69e0083000 rw-p 00000000 00:00 0 
7f69e0083000-7f69e4000000 ---p 00000000 00:00 0 
7f69e4047000-7f69e4148000 rw-p 00000000 00:00 0 
7f69e4148000-7f69e4149000 ---p 00000000 00:00 0 
7f69e4149000-7f69e424a000 rw-p 00000000 00:00 0 
7f69e424a000-7f69e424b000 ---p 00000000 00:00 0 
7f69e424b000-7f69e440c000 rw-p 00000000 00:00 0 
7f69e440c000-7f69e500c000 ---p 00000000 00:00 0 
7f69e500c000-7f69e5410000 rw-p 00000000 00:00 0 
7f69e5410000-7f69e5411000 ---p 00000000 00:00 0 
7f69e5411000-7f69e5512000 rw-p 00000000 00:00 0 
7f69e5512000-7f69e5513000 ---p 00000000 00:00 0 
7f69e5513000-7f69e5614000 rw-p 00000000 00:00 0 
7f69e5614000-7f69e5615000 ---p 00000000 00:00 0 
7f69e5615000-7f69e5716000 rw-p 00000000 00:00 0 
7f69e5716000-7f69e5717000 ---p 00000000 00:00 0 
7f69e5717000-7f69e581d000 rw-p 00000000 00:00 0 
7f69e581d000-7f69e5903000 ---p 00000000 00:00 0 
7f69e5903000-7f69e5908000 rw-p 00000000 00:00 0 
7f69e5908000-7f69e59ee000 ---p 00000000 00:00 0 
7f69e59ee000-7f69e59f3000 r-xp 00000000 fd:00 20186039                   /usr/lib/jvm/java-11-openjdk-amd64/lib/libjimage.so
7f69e59f3000-7f69e5bf2000 ---p 00005000 fd:00 20186039                   /usr/lib/jvm/java-11-openjdk-amd64/lib/libjimage.so
7f69e5bf2000-7f69e5bf3000 r--p 00004000 fd:00 20186039                   /usr/lib/jvm/java-11-openjdk-amd64/lib/libjimage.so
7f69e5bf3000-7f69e5bf4000 rw-p 00005000 fd:00 20186039                   /usr/lib/jvm/java-11-openjdk-amd64/lib/libjimage.so
7f69e5bf4000-7f69e5bfb000 r-xp 00000000 fd:00 20186056                   /usr/lib/jvm/java-11-openjdk-amd64/lib/libzip.so
7f69e5bfb000-7f69e5dfa000 ---p 00007000 fd:00 20186056                   /usr/lib/jvm/java-11-openjdk-amd64/lib/libzip.so
7f69e5dfa000-7f69e5dfb000 r--p 00006000 fd:00 20186056                   /usr/lib/jvm/java-11-openjdk-amd64/lib/libzip.so
7f69e5dfb000-7f69e5dfc000 rw-p 00007000 fd:00 20186056                   /usr/lib/jvm/java-11-openjdk-amd64/lib/libzip.so
7f69e5dfc000-7f69e5e07000 r-xp 00000000 fd:00 44176093                   /lib/x86_64-linux-gnu/libnss_files-2.27.so
7f69e5e07000-7f69e6006000 ---p 0000b000 fd:00 44176093                   /lib/x86_64-linux-gnu/libnss_files-2.27.so
7f69e6006000-7f69e6007000 r--p 0000a000 fd:00 44176093                   /lib/x86_64-linux-gnu/libnss_files-2.27.so
7f69e6007000-7f69e6008000 rw-p 0000b000 fd:00 44176093                   /lib/x86_64-linux-gnu/libnss_files-2.27.so
7f69e6008000-7f69e600e000 rw-p 00000000 00:00 0 
7f69e600e000-7f69e6025000 r-xp 00000000 fd:00 44176087                   /lib/x86_64-linux-gnu/libnsl-2.27.so
7f69e6025000-7f69e6224000 ---p 00017000 fd:00 44176087                   /lib/x86_64-linux-gnu/libnsl-2.27.so
7f69e6224000-7f69e6225000 r--p 00016000 fd:00 44176087                   /lib/x86_64-linux-gnu/libnsl-2.27.so
7f69e6225000-7f69e6226000 rw-p 00017000 fd:00 44176087                   /lib/x86_64-linux-gnu/libnsl-2.27.so
7f69e6226000-7f69e6228000 rw-p 00000000 00:00 0 
7f69e6228000-7f69e6233000 r-xp 00000000 fd:00 44176104                   /lib/x86_64-linux-gnu/libnss_nis-2.27.so
7f69e6233000-7f69e6432000 ---p 0000b000 fd:00 44176104                   /lib/x86_64-linux-gnu/libnss_nis-2.27.so
7f69e6432000-7f69e6433000 r--p 0000a000 fd:00 44176104                   /lib/x86_64-linux-gnu/libnss_nis-2.27.so
7f69e6433000-7f69e6434000 rw-p 0000b000 fd:00 44176104                   /lib/x86_64-linux-gnu/libnss_nis-2.27.so
7f69e6434000-7f69e643c000 r-xp 00000000 fd:00 44176089                   /lib/x86_64-linux-gnu/libnss_compat-2.27.so
7f69e643c000-7f69e663c000 ---p 00008000 fd:00 44176089                   /lib/x86_64-linux-gnu/libnss_compat-2.27.so
7f69e663c000-7f69e663d000 r--p 00008000 fd:00 44176089                   /lib/x86_64-linux-gnu/libnss_compat-2.27.so
7f69e663d000-7f69e663e000 rw-p 00009000 fd:00 44176089                   /lib/x86_64-linux-gnu/libnss_compat-2.27.so
7f69e663e000-7f69e666a000 r-xp 00000000 fd:00 20186035                   /usr/lib/jvm/java-11-openjdk-amd64/lib/libjava.so
7f69e666a000-7f69e6869000 ---p 0002c000 fd:00 20186035                   /usr/lib/jvm/java-11-openjdk-amd64/lib/libjava.so
7f69e6869000-7f69e686a000 r--p 0002b000 fd:00 20186035                   /usr/lib/jvm/java-11-openjdk-amd64/lib/libjava.so
7f69e686a000-7f69e686c000 rw-p 0002c000 fd:00 20186035                   /usr/lib/jvm/java-11-openjdk-amd64/lib/libjava.so
7f69e686c000-7f69e6879000 r-xp 00000000 fd:00 20186055                   /usr/lib/jvm/java-11-openjdk-amd64/lib/libverify.so
7f69e6879000-7f69e6a78000 ---p 0000d000 fd:00 20186055                   /usr/lib/jvm/java-11-openjdk-amd64/lib/libverify.so
7f69e6a78000-7f69e6a7a000 r--p 0000c000 fd:00 20186055                   /usr/lib/jvm/java-11-openjdk-amd64/lib/libverify.so
7f69e6a7a000-7f69e6a7b000 rw-p 0000e000 fd:00 20186055                   /usr/lib/jvm/java-11-openjdk-amd64/lib/libverify.so
7f69e6a7b000-7f69e6a82000 r-xp 00000000 fd:00 44176144                   /lib/x86_64-linux-gnu/librt-2.27.so
7f69e6a82000-7f69e6c81000 ---p 00007000 fd:00 44176144                   /lib/x86_64-linux-gnu/librt-2.27.so
7f69e6c81000-7f69e6c82000 r--p 00006000 fd:00 44176144                   /lib/x86_64-linux-gnu/librt-2.27.so
7f69e6c82000-7f69e6c83000 rw-p 00007000 fd:00 44176144                   /lib/x86_64-linux-gnu/librt-2.27.so
7f69e6c83000-7f69e6c9a000 r-xp 00000000 fd:00 44175907                   /lib/x86_64-linux-gnu/libgcc_s.so.1
7f69e6c9a000-7f69e6e99000 ---p 00017000 fd:00 44175907                   /lib/x86_64-linux-gnu/libgcc_s.so.1
7f69e6e99000-7f69e6e9a000 r--p 00016000 fd:00 44175907                   /lib/x86_64-linux-gnu/libgcc_s.so.1
7f69e6e9a000-7f69e6e9b000 rw-p 00017000 fd:00 44175907                   /lib/x86_64-linux-gnu/libgcc_s.so.1
7f69e6e9b000-7f69e7038000 r-xp 00000000 fd:00 44176066                   /lib/x86_64-linux-gnu/libm-2.27.so
7f69e7038000-7f69e7237000 ---p 0019d000 fd:00 44176066                   /lib/x86_64-linux-gnu/libm-2.27.so
7f69e7237000-7f69e7238000 r--p 0019c000 fd:00 44176066                   /lib/x86_64-linux-gnu/libm-2.27.so
7f69e7238000-7f69e7239000 rw-p 0019d000 fd:00 44176066                   /lib/x86_64-linux-gnu/libm-2.27.so
7f69e7239000-7f69e73b2000 r-xp 00000000 fd:00 18090134                   /usr/lib/x86_64-linux-gnu/libstdc++.so.6.0.25
7f69e73b2000-7f69e75b2000 ---p 00179000 fd:00 18090134                   /usr/lib/x86_64-linux-gnu/libstdc++.so.6.0.25
7f69e75b2000-7f69e75bc000 r--p 00179000 fd:00 18090134                   /usr/lib/x86_64-linux-gnu/libstdc++.so.6.0.25
7f69e75bc000-7f69e75be000 rw-p 00183000 fd:00 18090134                   /usr/lib/x86_64-linux-gnu/libstdc++.so.6.0.25
7f69e75be000-7f69e75c2000 rw-p 00000000 00:00 0 
7f69e75c2000-7f69e855f000 r-xp 00000000 fd:00 20186062                   /usr/lib/jvm/java-11-openjdk-amd64/lib/server/libjvm.so
7f69e855f000-7f69e875f000 ---p 00f9d000 fd:00 20186062                   /usr/lib/jvm/java-11-openjdk-amd64/lib/server/libjvm.so
7f69e875f000-7f69e8823000 r--p 00f9d000 fd:00 20186062                   /usr/lib/jvm/java-11-openjdk-amd64/lib/server/libjvm.so
7f69e8823000-7f69e885b000 rw-p 01061000 fd:00 20186062                   /usr/lib/jvm/java-11-openjdk-amd64/lib/server/libjvm.so
7f69e885b000-7f69e88a4000 rw-p 00000000 00:00 0 
7f69e88a4000-7f69e88be000 r-xp 00000000 fd:00 44176136                   /lib/x86_64-linux-gnu/libpthread-2.27.so
7f69e88be000-7f69e8abd000 ---p 0001a000 fd:00 44176136                   /lib/x86_64-linux-gnu/libpthread-2.27.so
7f69e8abd000-7f69e8abe000 r--p 00019000 fd:00 44176136                   /lib/x86_64-linux-gnu/libpthread-2.27.so
7f69e8abe000-7f69e8abf000 rw-p 0001a000 fd:00 44176136                   /lib/x86_64-linux-gnu/libpthread-2.27.so
7f69e8abf000-7f69e8ac3000 rw-p 00000000 00:00 0 
7f69e8ac3000-7f69e8ac6000 r-xp 00000000 fd:00 44176026                   /lib/x86_64-linux-gnu/libdl-2.27.so
7f69e8ac6000-7f69e8cc5000 ---p 00003000 fd:00 44176026                   /lib/x86_64-linux-gnu/libdl-2.27.so
7f69e8cc5000-7f69e8cc6000 r--p 00002000 fd:00 44176026                   /lib/x86_64-linux-gnu/libdl-2.27.so
7f69e8cc6000-7f69e8cc7000 rw-p 00003000 fd:00 44176026                   /lib/x86_64-linux-gnu/libdl-2.27.so
7f69e8cc7000-7f69e8ce3000 r-xp 00000000 fd:00 44176175                   /lib/x86_64-linux-gnu/libz.so.1.2.11
7f69e8ce3000-7f69e8ee2000 ---p 0001c000 fd:00 44176175                   /lib/x86_64-linux-gnu/libz.so.1.2.11
7f69e8ee2000-7f69e8ee3000 r--p 0001b000 fd:00 44176175                   /lib/x86_64-linux-gnu/libz.so.1.2.11
7f69e8ee3000-7f69e8ee4000 rw-p 0001c000 fd:00 44176175                   /lib/x86_64-linux-gnu/libz.so.1.2.11
7f69e8ee4000-7f69e90cb000 r-xp 00000000 fd:00 44176003                   /lib/x86_64-linux-gnu/libc-2.27.so
7f69e90cb000-7f69e92cb000 ---p 001e7000 fd:00 44176003                   /lib/x86_64-linux-gnu/libc-2.27.so
7f69e92cb000-7f69e92cf000 r--p 001e7000 fd:00 44176003                   /lib/x86_64-linux-gnu/libc-2.27.so
7f69e92cf000-7f69e92d1000 rw-p 001eb000 fd:00 44176003                   /lib/x86_64-linux-gnu/libc-2.27.so
7f69e92d1000-7f69e92d5000 rw-p 00000000 00:00 0 
7f69e92d5000-7f69e92e4000 r-xp 00000000 fd:00 20186020                   /usr/lib/jvm/java-11-openjdk-amd64/lib/jli/libjli.so
7f69e92e4000-7f69e94e3000 ---p 0000f000 fd:00 20186020                   /usr/lib/jvm/java-11-openjdk-amd64/lib/jli/libjli.so
7f69e94e3000-7f69e94e4000 r--p 0000e000 fd:00 20186020                   /usr/lib/jvm/java-11-openjdk-amd64/lib/jli/libjli.so
7f69e94e4000-7f69e94e5000 rw-p 0000f000 fd:00 20186020                   /usr/lib/jvm/java-11-openjdk-amd64/lib/jli/libjli.so
7f69e94e5000-7f69e950c000 r-xp 00000000 fd:00 44175975                   /lib/x86_64-linux-gnu/ld-2.27.so
7f69e9588000-7f69e95ef000 rw-p 00000000 00:00 0 
7f69e95ef000-7f69e95f3000 ---p 00000000 00:00 0 
7f69e95f3000-7f69e96f2000 rw-p 00000000 00:00 0 
7f69e96f3000-7f69e96f9000 rw-p 00000000 00:00 0 
7f69e96f9000-7f69e9700000 ---p 00000000 00:00 0 
7f69e9700000-7f69e9708000 rw-s 00000000 fd:00 16121869                   /tmp/hsperfdata_minecraft/4949
7f69e9708000-7f69e9709000 ---p 00000000 00:00 0 
7f69e9709000-7f69e970a000 r--p 00000000 00:00 0 
7f69e970a000-7f69e970c000 rw-p 00000000 00:00 0 
7f69e970c000-7f69e970d000 r--p 00027000 fd:00 44175975                   /lib/x86_64-linux-gnu/ld-2.27.so
7f69e970d000-7f69e970e000 rw-p 00028000 fd:00 44175975                   /lib/x86_64-linux-gnu/ld-2.27.so
7f69e970e000-7f69e970f000 rw-p 00000000 00:00 0 
7ffd13816000-7ffd13837000 rw-p 00000000 00:00 0                          [stack]
7ffd13900000-7ffd13903000 r--p 00000000 00:00 0                          [vvar]
7ffd13903000-7ffd13905000 r-xp 00000000 00:00 0                          [vdso]
ffffffffff600000-ffffffffff601000 r-xp 00000000 00:00 0                  [vsyscall]


VM Arguments:
jvm_args: -Xms3g -Xmx3g 
java_command: server.jar nogui
java_class_path (initial): server.jar
Launcher Type: SUN_STANDARD

Logging:
Log output configuration:
#0: stdout all=warning uptime,level,tags
#1: stderr all=off uptime,level,tags

Environment Variables:
PATH=/usr/local/sbin:/usr/local/bin:/usr/sbin:/usr/bin:/sbin:/bin
SHELL=/bin/sh

Signal Handlers:
SIGSEGV: [libjvm.so+0xd28b70], sa_mask[0]=11111111011111111101111111111110, sa_flags=SA_RESTART|SA_SIGINFO
SIGBUS: [libjvm.so+0xd28b70], sa_mask[0]=11111111011111111101111111111110, sa_flags=SA_RESTART|SA_SIGINFO
SIGFPE: [libjvm.so+0xd28b70], sa_mask[0]=11111111011111111101111111111110, sa_flags=SA_RESTART|SA_SIGINFO
SIGPIPE: [libjvm.so+0xb2a1f0], sa_mask[0]=11111111011111111101111111111110, sa_flags=SA_RESTART|SA_SIGINFO
SIGXFSZ: [libjvm.so+0xb2a1f0], sa_mask[0]=11111111011111111101111111111110, sa_flags=SA_RESTART|SA_SIGINFO
SIGILL: [libjvm.so+0xd28b70], sa_mask[0]=11111111011111111101111111111110, sa_flags=SA_RESTART|SA_SIGINFO
SIGUSR2: [libjvm.so+0xb2a030], sa_mask[0]=00000000000000000000000000000000, sa_flags=SA_RESTART|SA_SIGINFO
SIGHUP: SIG_DFL, sa_mask[0]=00000000000000000000000000000000, sa_flags=none
SIGINT: SIG_DFL, sa_mask[0]=00000000000000000000000000000000, sa_flags=none
SIGTERM: SIG_DFL, sa_mask[0]=00000000000000000000000000000000, sa_flags=none
SIGQUIT: SIG_DFL, sa_mask[0]=00000000000000000000000000000000, sa_flags=none


---------------  S Y S T E M  ---------------

OS:DISTRIB_ID=Ubuntu
DISTRIB_RELEASE=18.04
DISTRIB_CODENAME=bionic
DISTRIB_DESCRIPTION="Ubuntu 18.04.2 LTS"
uname:Linux 4.15.0-46-generic #49-Ubuntu SMP Wed Feb 6 09:33:07 UTC 2019 x86_64
libc:glibc 2.27 NPTL 2.27 
rlimit: STACK 8192k, CORE 0k, NPROC 15099, NOFILE 4096, AS infinity, DATA infinity, FSIZE infinity
load average:1.19 1.22 1.28

/proc/meminfo:
MemTotal:        3943748 kB
MemFree:          134528 kB
MemAvailable:    1093808 kB
Buffers:           34144 kB
Cached:          1124416 kB
SwapCached:        10384 kB
Active:          2792332 kB
Inactive:         822132 kB
Active(anon):    1985716 kB
Inactive(anon):   500364 kB
Active(file):     806616 kB
Inactive(file):   321768 kB
Unevictable:           0 kB
Mlocked:               0 kB
SwapTotal:        999420 kB
SwapFree:         607920 kB
Dirty:               572 kB
Writeback:             0 kB
AnonPages:       2452836 kB
Mapped:           157196 kB
Shmem:             30068 kB
Slab:             108172 kB
SReclaimable:      67328 kB
SUnreclaim:        40844 kB
KernelStack:        6000 kB
PageTables:        23764 kB
NFS_Unstable:          0 kB
Bounce:                0 kB
WritebackTmp:          0 kB
CommitLimit:     2971292 kB
Committed_AS:    3278308 kB
VmallocTotal:   34359738367 kB
VmallocUsed:           0 kB
VmallocChunk:          0 kB
HardwareCorrupted:     0 kB
AnonHugePages:         0 kB
ShmemHugePages:        0 kB
ShmemPmdMapped:        0 kB
CmaTotal:              0 kB
CmaFree:               0 kB
HugePages_Total:       0
HugePages_Free:        0
HugePages_Rsvd:        0
HugePages_Surp:        0
Hugepagesize:       2048 kB
DirectMap4k:      158320 kB
DirectMap2M:     3940352 kB
DirectMap1G:           0 kB

container (cgroup) information:
container_type: cgroupv1
cpu_cpuset_cpus: 0-3
cpu_memory_nodes: 0
active_processor_count: 4
cpu_quota: -1
cpu_period: 100000
cpu_shares: -1
memory_limit_in_bytes: -1
memory_and_swap_limit_in_bytes: -2
memory_soft_limit_in_bytes: -1
memory_usage_in_bytes: 3699777536
memory_max_usage_in_bytes: 2048000


CPU:total 4 (initial active 4) (2 cores per cpu, 2 threads per core) family 6 model 69 stepping 1, cmov, cx8, fxsr, mmx, sse, sse2, sse3, ssse3, sse4.1, sse4.2, popcnt, avx, avx2, aes, clmul, erms, lzcnt, ht, tsc, tscinvbit, bmi1, bmi2, fma
CPU Model and flags from /proc/cpuinfo:
model name	: Intel(R) Core(TM) i7-4500U CPU @ 1.80GHz
flags		: fpu vme de pse tsc msr pae mce cx8 apic sep mtrr pge mca cmov pat pse36 clflush dts acpi mmx fxsr sse sse2 ss ht tm pbe syscall nx pdpe1gb rdtscp lm constant_tsc arch_perfmon pebs bts rep_good nopl xtopology nonstop_tsc cpuid aperfmperf pni pclmulqdq dtes64 monitor ds_cpl vmx est tm2 ssse3 sdbg fma cx16 xtpr pdcm pcid sse4_1 sse4_2 movbe popcnt tsc_deadline_timer aes xsave avx f16c rdrand lahf_lm abm cpuid_fault epb invpcid_single pti ssbd ibrs ibpb stibp tpr_shadow vnmi flexpriority ept vpid fsgsbase tsc_adjust bmi1 avx2 smep bmi2 erms invpcid xsaveopt dtherm ida arat pln pts flush_l1d

Memory: 4k page, physical 3943748k(133908k free), swap 999420k(607920k free)

vm_info: OpenJDK 64-Bit Server VM (10.0.2+13-Ubuntu-1ubuntu0.18.04.4) for linux-amd64 JRE (10.0.2+13-Ubuntu-1ubuntu0.18.04.4), built on Nov 13 2018 12:53:39 by "buildd" with gcc 7.3.0

END.
