#
# There is insufficient memory for the Java Runtime Environment to continue.
# Native memory allocation (mmap) failed to map 3221225472 bytes for committing reserved memory.
# Possible reasons:
#   The system is out of physical RAM or swap space
#   The process is running with CompressedOops enabled, and the Java Heap may be blocking the growth of the native heap
# Possible solutions:
#   Reduce memory load on the system
#   Increase physical memory or swap space
#   Check if swap backing store is full
#   Decrease Java heap size (-Xmx/-Xms)
#   Decrease number of Java threads
#   Decrease Java thread stack sizes (-Xss)
#   Set larger code cache with -XX:ReservedCodeCacheSize=
# This output file may be truncated or incomplete.
#
#  Out of Memory Error (os_linux.cpp:2706), pid=18262, tid=18263
#
# JRE version:  (10.0.2+13) (build )
# Java VM: OpenJDK 64-Bit Server VM (10.0.2+13-Ubuntu-1ubuntu0.18.04.4, mixed mode, aot, tiered, compressed oops, g1 gc, linux-amd64)
# Core dump will be written. Default location: Core dumps may be processed with "/usr/share/apport/apport %p %s %c %d %P" (or dumping to /opt/forno/minecraft/core.18262)
#

---------------  S U M M A R Y ------------

Command Line: -Xms3g -Xmx3g server.jar nogui

Host: Intel(R) Core(TM) i7-4500U CPU @ 1.80GHz, 4 cores, 3G, Ubuntu 18.04.2 LTS
Time: Thu Mar 21 09:33:42 2019 JST elapsed time: 0 seconds (0d 0h 0m 0s)

---------------  T H R E A D  ---------------

Current thread (0x00007fbcb8011000):  JavaThread "Unknown thread" [_thread_in_vm, id=18263, stack(0x00007fbcc250f000,0x00007fbcc2610000)]

Stack: [0x00007fbcc250f000,0x00007fbcc2610000],  sp=0x00007fbcc260e2e0,  free space=1020k
Native frames: (J=compiled Java code, A=aot compiled Java code, j=interpreted, Vv=VM code, C=native code)
V  [libjvm.so+0xd27ea4]
V  [libjvm.so+0xd28a4b]
V  [libjvm.so+0x64d415]
V  [libjvm.so+0xb2d7c8]
V  [libjvm.so+0xb2601d]
V  [libjvm.so+0x7662ff]
V  [libjvm.so+0x76653e]
V  [libjvm.so+0x769500]
V  [libjvm.so+0x7efa1c]
V  [libjvm.so+0x7f06df]
V  [libjvm.so+0x7f0b59]
V  [libjvm.so+0x7162cf]
V  [libjvm.so+0x71afd3]
V  [libjvm.so+0xce5dc2]
V  [libjvm.so+0xce60c6]
V  [libjvm.so+0x807d57]
V  [libjvm.so+0xcc7ac4]
V  [libjvm.so+0x8601b1]  JNI_CreateJavaVM+0x51
C  [libjli.so+0x3d83]
C  [libjli.so+0x89dd]
C  [libpthread.so.0+0x76db]  start_thread+0xdb


---------------  P R O C E S S  ---------------

Threads class SMR info:
_java_thread_list=0x000055a50b0226b0, length=0, elements={
}

Java Threads: ( => current thread )

Other Threads:
  0x00007fbcb8028000 GCTaskThread "GC Thread#0" [stack: 0x00007fbcbe638000,0x00007fbcbe738000] [id=18264]
  0x00007fbcb8029000 GCTaskThread "GC Thread#1" [stack: 0x00007fbcbe536000,0x00007fbcbe636000] [id=18265]
  0x00007fbcb802b000 GCTaskThread "GC Thread#2" [stack: 0x00007fbcbe434000,0x00007fbcbe534000] [id=18266]
  0x00007fbcb802c800 GCTaskThread "GC Thread#3" [stack: 0x00007fbcbe332000,0x00007fbcbe432000] [id=18267]
  0x00007fbcb806a000 ConcurrentGCThread "G1 Main Marker" [stack: 0x00007fbcbcb6c000,0x00007fbcbcc6c000] [id=18268]
  0x00007fbcb806c000 ConcurrentGCThread "G1 Conc#0" [stack: 0x00007fbcbca6a000,0x00007fbcbcb6a000] [id=18269]

[error occurred during error reporting (printing all threads), id 0xe0000002]

VM state:not at safepoint (not fully initialized)

VM Mutex/Monitor currently owned by a thread:  ([mutex/lock_event])
[0x00007fbcb800df30] Heap_lock - owner thread: 0x00007fbcb8011000

Heap address: 0x0000000700000000, size: 3072 MB, Compressed Oops mode: Non-zero based: 0x0000000700000000
Narrow klass base: 0x0000000000000000, Narrow klass shift: 0

GC Heap History (0 events):
No events

Deoptimization events (0 events):
No events

Classes redefined (0 events):
No events

Internal exceptions (0 events):
No events

Events (0 events):
No events


Dynamic libraries:
55a50a215000-55a50a216000 r-xp 00000000 fd:00 20185882                   /usr/lib/jvm/java-11-openjdk-amd64/bin/java
55a50a416000-55a50a417000 r--p 00001000 fd:00 20185882                   /usr/lib/jvm/java-11-openjdk-amd64/bin/java
55a50a417000-55a50a418000 rw-p 00002000 fd:00 20185882                   /usr/lib/jvm/java-11-openjdk-amd64/bin/java
55a50b00b000-55a50b02c000 rw-p 00000000 00:00 0                          [heap]
7fbc7c000000-7fbc7c021000 rw-p 00000000 00:00 0 
7fbc7c021000-7fbc80000000 ---p 00000000 00:00 0 
7fbc82000000-7fbc84000000 rw-p 00000000 00:00 0 
7fbc84000000-7fbc84021000 rw-p 00000000 00:00 0 
7fbc84021000-7fbc88000000 ---p 00000000 00:00 0 
7fbc88000000-7fbc88021000 rw-p 00000000 00:00 0 
7fbc88021000-7fbc8c000000 ---p 00000000 00:00 0 
7fbc8d000000-7fbc90000000 ---p 00000000 00:00 0 
7fbc90000000-7fbc90021000 rw-p 00000000 00:00 0 
7fbc90021000-7fbc94000000 ---p 00000000 00:00 0 
7fbc94000000-7fbc94021000 rw-p 00000000 00:00 0 
7fbc94021000-7fbc98000000 ---p 00000000 00:00 0 
7fbc98000000-7fbc98021000 rw-p 00000000 00:00 0 
7fbc98021000-7fbc9c000000 ---p 00000000 00:00 0 
7fbc9cb25000-7fbc9fb25000 ---p 00000000 00:00 0 
7fbc9fb25000-7fbc9fd95000 rwxp 00000000 00:00 0 
7fbc9fd95000-7fbca00b5000 ---p 00000000 00:00 0 
7fbca00b5000-7fbca0325000 rwxp 00000000 00:00 0 
7fbca0325000-7fbca75ed000 ---p 00000000 00:00 0 
7fbca75ed000-7fbca785d000 rwxp 00000000 00:00 0 
7fbca785d000-7fbcaeb25000 ---p 00000000 00:00 0 
7fbcaeb25000-7fbcb8000000 r--s 00000000 fd:00 20186057                   /usr/lib/jvm/java-11-openjdk-amd64/lib/modules
7fbcb8000000-7fbcb8083000 rw-p 00000000 00:00 0 
7fbcb8083000-7fbcbc000000 ---p 00000000 00:00 0 
7fbcbc664000-7fbcbca68000 rw-p 00000000 00:00 0 
7fbcbca68000-7fbcbca69000 ---p 00000000 00:00 0 
7fbcbca69000-7fbcbcb6a000 rw-p 00000000 00:00 0 
7fbcbcb6a000-7fbcbcb6b000 ---p 00000000 00:00 0 
7fbcbcb6b000-7fbcbcd2c000 rw-p 00000000 00:00 0 
7fbcbcd2c000-7fbcbdf2c000 ---p 00000000 00:00 0 
7fbcbdf2c000-7fbcbe330000 rw-p 00000000 00:00 0 
7fbcbe330000-7fbcbe331000 ---p 00000000 00:00 0 
7fbcbe331000-7fbcbe432000 rw-p 00000000 00:00 0 
7fbcbe432000-7fbcbe433000 ---p 00000000 00:00 0 
7fbcbe433000-7fbcbe534000 rw-p 00000000 00:00 0 
7fbcbe534000-7fbcbe535000 ---p 00000000 00:00 0 
7fbcbe535000-7fbcbe636000 rw-p 00000000 00:00 0 
7fbcbe636000-7fbcbe637000 ---p 00000000 00:00 0 
7fbcbe637000-7fbcbe73d000 rw-p 00000000 00:00 0 
7fbcbe73d000-7fbcbe823000 ---p 00000000 00:00 0 
7fbcbe823000-7fbcbe828000 rw-p 00000000 00:00 0 
7fbcbe828000-7fbcbe90e000 ---p 00000000 00:00 0 
7fbcbe90e000-7fbcbe913000 r-xp 00000000 fd:00 20186039                   /usr/lib/jvm/java-11-openjdk-amd64/lib/libjimage.so
7fbcbe913000-7fbcbeb12000 ---p 00005000 fd:00 20186039                   /usr/lib/jvm/java-11-openjdk-amd64/lib/libjimage.so
7fbcbeb12000-7fbcbeb13000 r--p 00004000 fd:00 20186039                   /usr/lib/jvm/java-11-openjdk-amd64/lib/libjimage.so
7fbcbeb13000-7fbcbeb14000 rw-p 00005000 fd:00 20186039                   /usr/lib/jvm/java-11-openjdk-amd64/lib/libjimage.so
7fbcbeb14000-7fbcbeb1b000 r-xp 00000000 fd:00 20186056                   /usr/lib/jvm/java-11-openjdk-amd64/lib/libzip.so
7fbcbeb1b000-7fbcbed1a000 ---p 00007000 fd:00 20186056                   /usr/lib/jvm/java-11-openjdk-amd64/lib/libzip.so
7fbcbed1a000-7fbcbed1b000 r--p 00006000 fd:00 20186056                   /usr/lib/jvm/java-11-openjdk-amd64/lib/libzip.so
7fbcbed1b000-7fbcbed1c000 rw-p 00007000 fd:00 20186056                   /usr/lib/jvm/java-11-openjdk-amd64/lib/libzip.so
7fbcbed1c000-7fbcbed27000 r-xp 00000000 fd:00 44176093                   /lib/x86_64-linux-gnu/libnss_files-2.27.so
7fbcbed27000-7fbcbef26000 ---p 0000b000 fd:00 44176093                   /lib/x86_64-linux-gnu/libnss_files-2.27.so
7fbcbef26000-7fbcbef27000 r--p 0000a000 fd:00 44176093                   /lib/x86_64-linux-gnu/libnss_files-2.27.so
7fbcbef27000-7fbcbef28000 rw-p 0000b000 fd:00 44176093                   /lib/x86_64-linux-gnu/libnss_files-2.27.so
7fbcbef28000-7fbcbef2e000 rw-p 00000000 00:00 0 
7fbcbef2e000-7fbcbef45000 r-xp 00000000 fd:00 44176087                   /lib/x86_64-linux-gnu/libnsl-2.27.so
7fbcbef45000-7fbcbf144000 ---p 00017000 fd:00 44176087                   /lib/x86_64-linux-gnu/libnsl-2.27.so
7fbcbf144000-7fbcbf145000 r--p 00016000 fd:00 44176087                   /lib/x86_64-linux-gnu/libnsl-2.27.so
7fbcbf145000-7fbcbf146000 rw-p 00017000 fd:00 44176087                   /lib/x86_64-linux-gnu/libnsl-2.27.so
7fbcbf146000-7fbcbf148000 rw-p 00000000 00:00 0 
7fbcbf148000-7fbcbf153000 r-xp 00000000 fd:00 44176104                   /lib/x86_64-linux-gnu/libnss_nis-2.27.so
7fbcbf153000-7fbcbf352000 ---p 0000b000 fd:00 44176104                   /lib/x86_64-linux-gnu/libnss_nis-2.27.so
7fbcbf352000-7fbcbf353000 r--p 0000a000 fd:00 44176104                   /lib/x86_64-linux-gnu/libnss_nis-2.27.so
7fbcbf353000-7fbcbf354000 rw-p 0000b000 fd:00 44176104                   /lib/x86_64-linux-gnu/libnss_nis-2.27.so
7fbcbf354000-7fbcbf35c000 r-xp 00000000 fd:00 44176089                   /lib/x86_64-linux-gnu/libnss_compat-2.27.so
7fbcbf35c000-7fbcbf55c000 ---p 00008000 fd:00 44176089                   /lib/x86_64-linux-gnu/libnss_compat-2.27.so
7fbcbf55c000-7fbcbf55d000 r--p 00008000 fd:00 44176089                   /lib/x86_64-linux-gnu/libnss_compat-2.27.so
7fbcbf55d000-7fbcbf55e000 rw-p 00009000 fd:00 44176089                   /lib/x86_64-linux-gnu/libnss_compat-2.27.so
7fbcbf55e000-7fbcbf58a000 r-xp 00000000 fd:00 20186035                   /usr/lib/jvm/java-11-openjdk-amd64/lib/libjava.so
7fbcbf58a000-7fbcbf789000 ---p 0002c000 fd:00 20186035                   /usr/lib/jvm/java-11-openjdk-amd64/lib/libjava.so
7fbcbf789000-7fbcbf78a000 r--p 0002b000 fd:00 20186035                   /usr/lib/jvm/java-11-openjdk-amd64/lib/libjava.so
7fbcbf78a000-7fbcbf78c000 rw-p 0002c000 fd:00 20186035                   /usr/lib/jvm/java-11-openjdk-amd64/lib/libjava.so
7fbcbf78c000-7fbcbf799000 r-xp 00000000 fd:00 20186055                   /usr/lib/jvm/java-11-openjdk-amd64/lib/libverify.so
7fbcbf799000-7fbcbf998000 ---p 0000d000 fd:00 20186055                   /usr/lib/jvm/java-11-openjdk-amd64/lib/libverify.so
7fbcbf998000-7fbcbf99a000 r--p 0000c000 fd:00 20186055                   /usr/lib/jvm/java-11-openjdk-amd64/lib/libverify.so
7fbcbf99a000-7fbcbf99b000 rw-p 0000e000 fd:00 20186055                   /usr/lib/jvm/java-11-openjdk-amd64/lib/libverify.so
7fbcbf99b000-7fbcbf9a2000 r-xp 00000000 fd:00 44176144                   /lib/x86_64-linux-gnu/librt-2.27.so
7fbcbf9a2000-7fbcbfba1000 ---p 00007000 fd:00 44176144                   /lib/x86_64-linux-gnu/librt-2.27.so
7fbcbfba1000-7fbcbfba2000 r--p 00006000 fd:00 44176144                   /lib/x86_64-linux-gnu/librt-2.27.so
7fbcbfba2000-7fbcbfba3000 rw-p 00007000 fd:00 44176144                   /lib/x86_64-linux-gnu/librt-2.27.so
7fbcbfba3000-7fbcbfbba000 r-xp 00000000 fd:00 44175907                   /lib/x86_64-linux-gnu/libgcc_s.so.1
7fbcbfbba000-7fbcbfdb9000 ---p 00017000 fd:00 44175907                   /lib/x86_64-linux-gnu/libgcc_s.so.1
7fbcbfdb9000-7fbcbfdba000 r--p 00016000 fd:00 44175907                   /lib/x86_64-linux-gnu/libgcc_s.so.1
7fbcbfdba000-7fbcbfdbb000 rw-p 00017000 fd:00 44175907                   /lib/x86_64-linux-gnu/libgcc_s.so.1
7fbcbfdbb000-7fbcbff58000 r-xp 00000000 fd:00 44176066                   /lib/x86_64-linux-gnu/libm-2.27.so
7fbcbff58000-7fbcc0157000 ---p 0019d000 fd:00 44176066                   /lib/x86_64-linux-gnu/libm-2.27.so
7fbcc0157000-7fbcc0158000 r--p 0019c000 fd:00 44176066                   /lib/x86_64-linux-gnu/libm-2.27.so
7fbcc0158000-7fbcc0159000 rw-p 0019d000 fd:00 44176066                   /lib/x86_64-linux-gnu/libm-2.27.so
7fbcc0159000-7fbcc02d2000 r-xp 00000000 fd:00 18090134                   /usr/lib/x86_64-linux-gnu/libstdc++.so.6.0.25
7fbcc02d2000-7fbcc04d2000 ---p 00179000 fd:00 18090134                   /usr/lib/x86_64-linux-gnu/libstdc++.so.6.0.25
7fbcc04d2000-7fbcc04dc000 r--p 00179000 fd:00 18090134                   /usr/lib/x86_64-linux-gnu/libstdc++.so.6.0.25
7fbcc04dc000-7fbcc04de000 rw-p 00183000 fd:00 18090134                   /usr/lib/x86_64-linux-gnu/libstdc++.so.6.0.25
7fbcc04de000-7fbcc04e2000 rw-p 00000000 00:00 0 
7fbcc04e2000-7fbcc147f000 r-xp 00000000 fd:00 20186062                   /usr/lib/jvm/java-11-openjdk-amd64/lib/server/libjvm.so
7fbcc147f000-7fbcc167f000 ---p 00f9d000 fd:00 20186062                   /usr/lib/jvm/java-11-openjdk-amd64/lib/server/libjvm.so
7fbcc167f000-7fbcc1743000 r--p 00f9d000 fd:00 20186062                   /usr/lib/jvm/java-11-openjdk-amd64/lib/server/libjvm.so
7fbcc1743000-7fbcc177b000 rw-p 01061000 fd:00 20186062                   /usr/lib/jvm/java-11-openjdk-amd64/lib/server/libjvm.so
7fbcc177b000-7fbcc17c4000 rw-p 00000000 00:00 0 
7fbcc17c4000-7fbcc17de000 r-xp 00000000 fd:00 44176136                   /lib/x86_64-linux-gnu/libpthread-2.27.so
7fbcc17de000-7fbcc19dd000 ---p 0001a000 fd:00 44176136                   /lib/x86_64-linux-gnu/libpthread-2.27.so
7fbcc19dd000-7fbcc19de000 r--p 00019000 fd:00 44176136                   /lib/x86_64-linux-gnu/libpthread-2.27.so
7fbcc19de000-7fbcc19df000 rw-p 0001a000 fd:00 44176136                   /lib/x86_64-linux-gnu/libpthread-2.27.so
7fbcc19df000-7fbcc19e3000 rw-p 00000000 00:00 0 
7fbcc19e3000-7fbcc19e6000 r-xp 00000000 fd:00 44176026                   /lib/x86_64-linux-gnu/libdl-2.27.so
7fbcc19e6000-7fbcc1be5000 ---p 00003000 fd:00 44176026                   /lib/x86_64-linux-gnu/libdl-2.27.so
7fbcc1be5000-7fbcc1be6000 r--p 00002000 fd:00 44176026                   /lib/x86_64-linux-gnu/libdl-2.27.so
7fbcc1be6000-7fbcc1be7000 rw-p 00003000 fd:00 44176026                   /lib/x86_64-linux-gnu/libdl-2.27.so
7fbcc1be7000-7fbcc1c03000 r-xp 00000000 fd:00 44176175                   /lib/x86_64-linux-gnu/libz.so.1.2.11
7fbcc1c03000-7fbcc1e02000 ---p 0001c000 fd:00 44176175                   /lib/x86_64-linux-gnu/libz.so.1.2.11
7fbcc1e02000-7fbcc1e03000 r--p 0001b000 fd:00 44176175                   /lib/x86_64-linux-gnu/libz.so.1.2.11
7fbcc1e03000-7fbcc1e04000 rw-p 0001c000 fd:00 44176175                   /lib/x86_64-linux-gnu/libz.so.1.2.11
7fbcc1e04000-7fbcc1feb000 r-xp 00000000 fd:00 44176003                   /lib/x86_64-linux-gnu/libc-2.27.so
7fbcc1feb000-7fbcc21eb000 ---p 001e7000 fd:00 44176003                   /lib/x86_64-linux-gnu/libc-2.27.so
7fbcc21eb000-7fbcc21ef000 r--p 001e7000 fd:00 44176003                   /lib/x86_64-linux-gnu/libc-2.27.so
7fbcc21ef000-7fbcc21f1000 rw-p 001eb000 fd:00 44176003                   /lib/x86_64-linux-gnu/libc-2.27.so
7fbcc21f1000-7fbcc21f5000 rw-p 00000000 00:00 0 
7fbcc21f5000-7fbcc2204000 r-xp 00000000 fd:00 20186020                   /usr/lib/jvm/java-11-openjdk-amd64/lib/jli/libjli.so
7fbcc2204000-7fbcc2403000 ---p 0000f000 fd:00 20186020                   /usr/lib/jvm/java-11-openjdk-amd64/lib/jli/libjli.so
7fbcc2403000-7fbcc2404000 r--p 0000e000 fd:00 20186020                   /usr/lib/jvm/java-11-openjdk-amd64/lib/jli/libjli.so
7fbcc2404000-7fbcc2405000 rw-p 0000f000 fd:00 20186020                   /usr/lib/jvm/java-11-openjdk-amd64/lib/jli/libjli.so
7fbcc2405000-7fbcc242c000 r-xp 00000000 fd:00 44175975                   /lib/x86_64-linux-gnu/ld-2.27.so
7fbcc24a8000-7fbcc250f000 rw-p 00000000 00:00 0 
7fbcc250f000-7fbcc2513000 ---p 00000000 00:00 0 
7fbcc2513000-7fbcc2612000 rw-p 00000000 00:00 0 
7fbcc2613000-7fbcc2619000 rw-p 00000000 00:00 0 
7fbcc2619000-7fbcc2620000 ---p 00000000 00:00 0 
7fbcc2620000-7fbcc2628000 rw-s 00000000 fd:00 16121869                   /tmp/hsperfdata_minecraft/18262
7fbcc2628000-7fbcc2629000 ---p 00000000 00:00 0 
7fbcc2629000-7fbcc262a000 r--p 00000000 00:00 0 
7fbcc262a000-7fbcc262c000 rw-p 00000000 00:00 0 
7fbcc262c000-7fbcc262d000 r--p 00027000 fd:00 44175975                   /lib/x86_64-linux-gnu/ld-2.27.so
7fbcc262d000-7fbcc262e000 rw-p 00028000 fd:00 44175975                   /lib/x86_64-linux-gnu/ld-2.27.so
7fbcc262e000-7fbcc262f000 rw-p 00000000 00:00 0 
7ffc361d0000-7ffc361f1000 rw-p 00000000 00:00 0                          [stack]
7ffc361f2000-7ffc361f5000 r--p 00000000 00:00 0                          [vvar]
7ffc361f5000-7ffc361f7000 r-xp 00000000 00:00 0                          [vdso]
ffffffffff600000-ffffffffff601000 r-xp 00000000 00:00 0                  [vsyscall]


VM Arguments:
jvm_args: -Xms3g -Xmx3g 
java_command: server.jar nogui
java_class_path (initial): server.jar
Launcher Type: SUN_STANDARD

Logging:
Log output configuration:
#0: stdout all=warning uptime,level,tags
#1: stderr all=off uptime,level,tags

Environment Variables:
PATH=/usr/local/sbin:/usr/local/bin:/usr/sbin:/usr/bin:/sbin:/bin
SHELL=/bin/sh

Signal Handlers:
SIGSEGV: [libjvm.so+0xd28b70], sa_mask[0]=11111111011111111101111111111110, sa_flags=SA_RESTART|SA_SIGINFO
SIGBUS: [libjvm.so+0xd28b70], sa_mask[0]=11111111011111111101111111111110, sa_flags=SA_RESTART|SA_SIGINFO
SIGFPE: [libjvm.so+0xd28b70], sa_mask[0]=11111111011111111101111111111110, sa_flags=SA_RESTART|SA_SIGINFO
SIGPIPE: [libjvm.so+0xb2a1f0], sa_mask[0]=11111111011111111101111111111110, sa_flags=SA_RESTART|SA_SIGINFO
SIGXFSZ: [libjvm.so+0xb2a1f0], sa_mask[0]=11111111011111111101111111111110, sa_flags=SA_RESTART|SA_SIGINFO
SIGILL: [libjvm.so+0xd28b70], sa_mask[0]=11111111011111111101111111111110, sa_flags=SA_RESTART|SA_SIGINFO
SIGUSR2: [libjvm.so+0xb2a030], sa_mask[0]=00000000000000000000000000000000, sa_flags=SA_RESTART|SA_SIGINFO
SIGHUP: SIG_DFL, sa_mask[0]=00000000000000000000000000000000, sa_flags=none
SIGINT: SIG_DFL, sa_mask[0]=00000000000000000000000000000000, sa_flags=none
SIGTERM: SIG_DFL, sa_mask[0]=00000000000000000000000000000000, sa_flags=none
SIGQUIT: SIG_DFL, sa_mask[0]=00000000000000000000000000000000, sa_flags=none


---------------  S Y S T E M  ---------------

OS:DISTRIB_ID=Ubuntu
DISTRIB_RELEASE=18.04
DISTRIB_CODENAME=bionic
DISTRIB_DESCRIPTION="Ubuntu 18.04.2 LTS"
uname:Linux 4.15.0-46-generic #49-Ubuntu SMP Wed Feb 6 09:33:07 UTC 2019 x86_64
libc:glibc 2.27 NPTL 2.27 
rlimit: STACK 8192k, CORE 0k, NPROC 15099, NOFILE 4096, AS infinity, DATA infinity, FSIZE infinity
load average:1.14 1.20 1.26

/proc/meminfo:
MemTotal:        3943748 kB
MemFree:          126116 kB
MemAvailable:    1136812 kB
Buffers:           34264 kB
Cached:          1175744 kB
SwapCached:         9692 kB
Active:          2838032 kB
Inactive:         785576 kB
Active(anon):    1953292 kB
Inactive(anon):   490376 kB
Active(file):     884740 kB
Inactive(file):   295200 kB
Unevictable:           0 kB
Mlocked:               0 kB
SwapTotal:        999420 kB
SwapFree:         605360 kB
Dirty:              8760 kB
Writeback:             0 kB
AnonPages:       2408256 kB
Mapped:           162208 kB
Shmem:             30068 kB
Slab:             107836 kB
SReclaimable:      67048 kB
SUnreclaim:        40788 kB
KernelStack:        5968 kB
PageTables:        24680 kB
NFS_Unstable:          0 kB
Bounce:                0 kB
WritebackTmp:          0 kB
CommitLimit:     2971292 kB
Committed_AS:    3263600 kB
VmallocTotal:   34359738367 kB
VmallocUsed:           0 kB
VmallocChunk:          0 kB
HardwareCorrupted:     0 kB
AnonHugePages:         0 kB
ShmemHugePages:        0 kB
ShmemPmdMapped:        0 kB
CmaTotal:              0 kB
CmaFree:               0 kB
HugePages_Total:       0
HugePages_Free:        0
HugePages_Rsvd:        0
HugePages_Surp:        0
Hugepagesize:       2048 kB
DirectMap4k:      158320 kB
DirectMap2M:     3940352 kB
DirectMap1G:           0 kB

container (cgroup) information:
container_type: cgroupv1
cpu_cpuset_cpus: 0-3
cpu_memory_nodes: 0
active_processor_count: 4
cpu_quota: -1
cpu_period: 100000
cpu_shares: -1
memory_limit_in_bytes: -1
memory_and_swap_limit_in_bytes: -2
memory_soft_limit_in_bytes: -1
memory_usage_in_bytes: 3708612608
memory_max_usage_in_bytes: 2048000


CPU:total 4 (initial active 4) (2 cores per cpu, 2 threads per core) family 6 model 69 stepping 1, cmov, cx8, fxsr, mmx, sse, sse2, sse3, ssse3, sse4.1, sse4.2, popcnt, avx, avx2, aes, clmul, erms, lzcnt, ht, tsc, tscinvbit, bmi1, bmi2, fma
CPU Model and flags from /proc/cpuinfo:
model name	: Intel(R) Core(TM) i7-4500U CPU @ 1.80GHz
flags		: fpu vme de pse tsc msr pae mce cx8 apic sep mtrr pge mca cmov pat pse36 clflush dts acpi mmx fxsr sse sse2 ss ht tm pbe syscall nx pdpe1gb rdtscp lm constant_tsc arch_perfmon pebs bts rep_good nopl xtopology nonstop_tsc cpuid aperfmperf pni pclmulqdq dtes64 monitor ds_cpl vmx est tm2 ssse3 sdbg fma cx16 xtpr pdcm pcid sse4_1 sse4_2 movbe popcnt tsc_deadline_timer aes xsave avx f16c rdrand lahf_lm abm cpuid_fault epb invpcid_single pti ssbd ibrs ibpb stibp tpr_shadow vnmi flexpriority ept vpid fsgsbase tsc_adjust bmi1 avx2 smep bmi2 erms invpcid xsaveopt dtherm ida arat pln pts flush_l1d

Memory: 4k page, physical 3943748k(126116k free), swap 999420k(605360k free)

vm_info: OpenJDK 64-Bit Server VM (10.0.2+13-Ubuntu-1ubuntu0.18.04.4) for linux-amd64 JRE (10.0.2+13-Ubuntu-1ubuntu0.18.04.4), built on Nov 13 2018 12:53:39 by "buildd" with gcc 7.3.0

END.
