#
# There is insufficient memory for the Java Runtime Environment to continue.
# Native memory allocation (mmap) failed to map 3221225472 bytes for committing reserved memory.
# Possible reasons:
#   The system is out of physical RAM or swap space
#   The process is running with CompressedOops enabled, and the Java Heap may be blocking the growth of the native heap
# Possible solutions:
#   Reduce memory load on the system
#   Increase physical memory or swap space
#   Check if swap backing store is full
#   Decrease Java heap size (-Xmx/-Xms)
#   Decrease number of Java threads
#   Decrease Java thread stack sizes (-Xss)
#   Set larger code cache with -XX:ReservedCodeCacheSize=
# This output file may be truncated or incomplete.
#
#  Out of Memory Error (os_linux.cpp:2706), pid=18466, tid=18467
#
# JRE version:  (10.0.2+13) (build )
# Java VM: OpenJDK 64-Bit Server VM (10.0.2+13-Ubuntu-1ubuntu0.18.04.4, mixed mode, aot, tiered, compressed oops, g1 gc, linux-amd64)
# Core dump will be written. Default location: Core dumps may be processed with "/usr/share/apport/apport %p %s %c %d %P" (or dumping to /opt/forno/minecraft/core.18466)
#

---------------  S U M M A R Y ------------

Command Line: -Xms3g -Xmx3g server.jar nogui

Host: Intel(R) Core(TM) i7-4500U CPU @ 1.80GHz, 4 cores, 3G, Ubuntu 18.04.2 LTS
Time: Thu Mar 21 10:02:49 2019 JST elapsed time: 0 seconds (0d 0h 0m 0s)

---------------  T H R E A D  ---------------

Current thread (0x00007fe508011000):  JavaThread "Unknown thread" [_thread_in_vm, id=18467, stack(0x00007fe51227d000,0x00007fe51237e000)]

Stack: [0x00007fe51227d000,0x00007fe51237e000],  sp=0x00007fe51237c2e0,  free space=1020k
Native frames: (J=compiled Java code, A=aot compiled Java code, j=interpreted, Vv=VM code, C=native code)
V  [libjvm.so+0xd27ea4]
V  [libjvm.so+0xd28a4b]
V  [libjvm.so+0x64d415]
V  [libjvm.so+0xb2d7c8]
V  [libjvm.so+0xb2601d]
V  [libjvm.so+0x7662ff]
V  [libjvm.so+0x76653e]
V  [libjvm.so+0x769500]
V  [libjvm.so+0x7efa1c]
V  [libjvm.so+0x7f06df]
V  [libjvm.so+0x7f0b59]
V  [libjvm.so+0x7162cf]
V  [libjvm.so+0x71afd3]
V  [libjvm.so+0xce5dc2]
V  [libjvm.so+0xce60c6]
V  [libjvm.so+0x807d57]
V  [libjvm.so+0xcc7ac4]
V  [libjvm.so+0x8601b1]  JNI_CreateJavaVM+0x51
C  [libjli.so+0x3d83]
C  [libjli.so+0x89dd]
C  [libpthread.so.0+0x76db]  start_thread+0xdb


---------------  P R O C E S S  ---------------

Threads class SMR info:
_java_thread_list=0x0000563e418086b0, length=0, elements={
}

Java Threads: ( => current thread )

Other Threads:
  0x00007fe508028000 GCTaskThread "GC Thread#0" [stack: 0x00007fe50e3a6000,0x00007fe50e4a6000] [id=18468]
  0x00007fe508029000 GCTaskThread "GC Thread#1" [stack: 0x00007fe50e2a4000,0x00007fe50e3a4000] [id=18469]
  0x00007fe50802b000 GCTaskThread "GC Thread#2" [stack: 0x00007fe50e1a2000,0x00007fe50e2a2000] [id=18470]
  0x00007fe50802c800 GCTaskThread "GC Thread#3" [stack: 0x00007fe50e0a0000,0x00007fe50e1a0000] [id=18471]
  0x00007fe50806a000 ConcurrentGCThread "G1 Main Marker" [stack: 0x00007fe50c8da000,0x00007fe50c9da000] [id=18472]
  0x00007fe50806c000 ConcurrentGCThread "G1 Conc#0" [stack: 0x00007fe50c7d8000,0x00007fe50c8d8000] [id=18473]

[error occurred during error reporting (printing all threads), id 0xe0000002]

VM state:not at safepoint (not fully initialized)

VM Mutex/Monitor currently owned by a thread:  ([mutex/lock_event])
[0x00007fe50800df30] Heap_lock - owner thread: 0x00007fe508011000

Heap address: 0x0000000700000000, size: 3072 MB, Compressed Oops mode: Non-zero based: 0x0000000700000000
Narrow klass base: 0x0000000000000000, Narrow klass shift: 0

GC Heap History (0 events):
No events

Deoptimization events (0 events):
No events

Classes redefined (0 events):
No events

Internal exceptions (0 events):
No events

Events (0 events):
No events


Dynamic libraries:
563e4002e000-563e4002f000 r-xp 00000000 fd:00 20185882                   /usr/lib/jvm/java-11-openjdk-amd64/bin/java
563e4022f000-563e40230000 r--p 00001000 fd:00 20185882                   /usr/lib/jvm/java-11-openjdk-amd64/bin/java
563e40230000-563e40231000 rw-p 00002000 fd:00 20185882                   /usr/lib/jvm/java-11-openjdk-amd64/bin/java
563e417f1000-563e41812000 rw-p 00000000 00:00 0                          [heap]
7fe4cc000000-7fe4cc021000 rw-p 00000000 00:00 0 
7fe4cc021000-7fe4d0000000 ---p 00000000 00:00 0 
7fe4d2000000-7fe4d4000000 rw-p 00000000 00:00 0 
7fe4d4000000-7fe4d4021000 rw-p 00000000 00:00 0 
7fe4d4021000-7fe4d8000000 ---p 00000000 00:00 0 
7fe4d8000000-7fe4d8021000 rw-p 00000000 00:00 0 
7fe4d8021000-7fe4dc000000 ---p 00000000 00:00 0 
7fe4dd000000-7fe4e0000000 ---p 00000000 00:00 0 
7fe4e0000000-7fe4e0021000 rw-p 00000000 00:00 0 
7fe4e0021000-7fe4e4000000 ---p 00000000 00:00 0 
7fe4e4000000-7fe4e4021000 rw-p 00000000 00:00 0 
7fe4e4021000-7fe4e8000000 ---p 00000000 00:00 0 
7fe4e8000000-7fe4e8021000 rw-p 00000000 00:00 0 
7fe4e8021000-7fe4ec000000 ---p 00000000 00:00 0 
7fe4ecb25000-7fe4efb25000 ---p 00000000 00:00 0 
7fe4efb25000-7fe4efd95000 rwxp 00000000 00:00 0 
7fe4efd95000-7fe4f00b5000 ---p 00000000 00:00 0 
7fe4f00b5000-7fe4f0325000 rwxp 00000000 00:00 0 
7fe4f0325000-7fe4f75ed000 ---p 00000000 00:00 0 
7fe4f75ed000-7fe4f785d000 rwxp 00000000 00:00 0 
7fe4f785d000-7fe4feb25000 ---p 00000000 00:00 0 
7fe4feb25000-7fe508000000 r--s 00000000 fd:00 20186057                   /usr/lib/jvm/java-11-openjdk-amd64/lib/modules
7fe508000000-7fe508083000 rw-p 00000000 00:00 0 
7fe508083000-7fe50c000000 ---p 00000000 00:00 0 
7fe50c3d2000-7fe50c7d6000 rw-p 00000000 00:00 0 
7fe50c7d6000-7fe50c7d7000 ---p 00000000 00:00 0 
7fe50c7d7000-7fe50c8d8000 rw-p 00000000 00:00 0 
7fe50c8d8000-7fe50c8d9000 ---p 00000000 00:00 0 
7fe50c8d9000-7fe50ca9a000 rw-p 00000000 00:00 0 
7fe50ca9a000-7fe50dc9a000 ---p 00000000 00:00 0 
7fe50dc9a000-7fe50e09e000 rw-p 00000000 00:00 0 
7fe50e09e000-7fe50e09f000 ---p 00000000 00:00 0 
7fe50e09f000-7fe50e1a0000 rw-p 00000000 00:00 0 
7fe50e1a0000-7fe50e1a1000 ---p 00000000 00:00 0 
7fe50e1a1000-7fe50e2a2000 rw-p 00000000 00:00 0 
7fe50e2a2000-7fe50e2a3000 ---p 00000000 00:00 0 
7fe50e2a3000-7fe50e3a4000 rw-p 00000000 00:00 0 
7fe50e3a4000-7fe50e3a5000 ---p 00000000 00:00 0 
7fe50e3a5000-7fe50e4ab000 rw-p 00000000 00:00 0 
7fe50e4ab000-7fe50e591000 ---p 00000000 00:00 0 
7fe50e591000-7fe50e596000 rw-p 00000000 00:00 0 
7fe50e596000-7fe50e67c000 ---p 00000000 00:00 0 
7fe50e67c000-7fe50e681000 r-xp 00000000 fd:00 20186039                   /usr/lib/jvm/java-11-openjdk-amd64/lib/libjimage.so
7fe50e681000-7fe50e880000 ---p 00005000 fd:00 20186039                   /usr/lib/jvm/java-11-openjdk-amd64/lib/libjimage.so
7fe50e880000-7fe50e881000 r--p 00004000 fd:00 20186039                   /usr/lib/jvm/java-11-openjdk-amd64/lib/libjimage.so
7fe50e881000-7fe50e882000 rw-p 00005000 fd:00 20186039                   /usr/lib/jvm/java-11-openjdk-amd64/lib/libjimage.so
7fe50e882000-7fe50e889000 r-xp 00000000 fd:00 20186056                   /usr/lib/jvm/java-11-openjdk-amd64/lib/libzip.so
7fe50e889000-7fe50ea88000 ---p 00007000 fd:00 20186056                   /usr/lib/jvm/java-11-openjdk-amd64/lib/libzip.so
7fe50ea88000-7fe50ea89000 r--p 00006000 fd:00 20186056                   /usr/lib/jvm/java-11-openjdk-amd64/lib/libzip.so
7fe50ea89000-7fe50ea8a000 rw-p 00007000 fd:00 20186056                   /usr/lib/jvm/java-11-openjdk-amd64/lib/libzip.so
7fe50ea8a000-7fe50ea95000 r-xp 00000000 fd:00 44176093                   /lib/x86_64-linux-gnu/libnss_files-2.27.so
7fe50ea95000-7fe50ec94000 ---p 0000b000 fd:00 44176093                   /lib/x86_64-linux-gnu/libnss_files-2.27.so
7fe50ec94000-7fe50ec95000 r--p 0000a000 fd:00 44176093                   /lib/x86_64-linux-gnu/libnss_files-2.27.so
7fe50ec95000-7fe50ec96000 rw-p 0000b000 fd:00 44176093                   /lib/x86_64-linux-gnu/libnss_files-2.27.so
7fe50ec96000-7fe50ec9c000 rw-p 00000000 00:00 0 
7fe50ec9c000-7fe50ecb3000 r-xp 00000000 fd:00 44176087                   /lib/x86_64-linux-gnu/libnsl-2.27.so
7fe50ecb3000-7fe50eeb2000 ---p 00017000 fd:00 44176087                   /lib/x86_64-linux-gnu/libnsl-2.27.so
7fe50eeb2000-7fe50eeb3000 r--p 00016000 fd:00 44176087                   /lib/x86_64-linux-gnu/libnsl-2.27.so
7fe50eeb3000-7fe50eeb4000 rw-p 00017000 fd:00 44176087                   /lib/x86_64-linux-gnu/libnsl-2.27.so
7fe50eeb4000-7fe50eeb6000 rw-p 00000000 00:00 0 
7fe50eeb6000-7fe50eec1000 r-xp 00000000 fd:00 44176104                   /lib/x86_64-linux-gnu/libnss_nis-2.27.so
7fe50eec1000-7fe50f0c0000 ---p 0000b000 fd:00 44176104                   /lib/x86_64-linux-gnu/libnss_nis-2.27.so
7fe50f0c0000-7fe50f0c1000 r--p 0000a000 fd:00 44176104                   /lib/x86_64-linux-gnu/libnss_nis-2.27.so
7fe50f0c1000-7fe50f0c2000 rw-p 0000b000 fd:00 44176104                   /lib/x86_64-linux-gnu/libnss_nis-2.27.so
7fe50f0c2000-7fe50f0ca000 r-xp 00000000 fd:00 44176089                   /lib/x86_64-linux-gnu/libnss_compat-2.27.so
7fe50f0ca000-7fe50f2ca000 ---p 00008000 fd:00 44176089                   /lib/x86_64-linux-gnu/libnss_compat-2.27.so
7fe50f2ca000-7fe50f2cb000 r--p 00008000 fd:00 44176089                   /lib/x86_64-linux-gnu/libnss_compat-2.27.so
7fe50f2cb000-7fe50f2cc000 rw-p 00009000 fd:00 44176089                   /lib/x86_64-linux-gnu/libnss_compat-2.27.so
7fe50f2cc000-7fe50f2f8000 r-xp 00000000 fd:00 20186035                   /usr/lib/jvm/java-11-openjdk-amd64/lib/libjava.so
7fe50f2f8000-7fe50f4f7000 ---p 0002c000 fd:00 20186035                   /usr/lib/jvm/java-11-openjdk-amd64/lib/libjava.so
7fe50f4f7000-7fe50f4f8000 r--p 0002b000 fd:00 20186035                   /usr/lib/jvm/java-11-openjdk-amd64/lib/libjava.so
7fe50f4f8000-7fe50f4fa000 rw-p 0002c000 fd:00 20186035                   /usr/lib/jvm/java-11-openjdk-amd64/lib/libjava.so
7fe50f4fa000-7fe50f507000 r-xp 00000000 fd:00 20186055                   /usr/lib/jvm/java-11-openjdk-amd64/lib/libverify.so
7fe50f507000-7fe50f706000 ---p 0000d000 fd:00 20186055                   /usr/lib/jvm/java-11-openjdk-amd64/lib/libverify.so
7fe50f706000-7fe50f708000 r--p 0000c000 fd:00 20186055                   /usr/lib/jvm/java-11-openjdk-amd64/lib/libverify.so
7fe50f708000-7fe50f709000 rw-p 0000e000 fd:00 20186055                   /usr/lib/jvm/java-11-openjdk-amd64/lib/libverify.so
7fe50f709000-7fe50f710000 r-xp 00000000 fd:00 44176144                   /lib/x86_64-linux-gnu/librt-2.27.so
7fe50f710000-7fe50f90f000 ---p 00007000 fd:00 44176144                   /lib/x86_64-linux-gnu/librt-2.27.so
7fe50f90f000-7fe50f910000 r--p 00006000 fd:00 44176144                   /lib/x86_64-linux-gnu/librt-2.27.so
7fe50f910000-7fe50f911000 rw-p 00007000 fd:00 44176144                   /lib/x86_64-linux-gnu/librt-2.27.so
7fe50f911000-7fe50f928000 r-xp 00000000 fd:00 44175907                   /lib/x86_64-linux-gnu/libgcc_s.so.1
7fe50f928000-7fe50fb27000 ---p 00017000 fd:00 44175907                   /lib/x86_64-linux-gnu/libgcc_s.so.1
7fe50fb27000-7fe50fb28000 r--p 00016000 fd:00 44175907                   /lib/x86_64-linux-gnu/libgcc_s.so.1
7fe50fb28000-7fe50fb29000 rw-p 00017000 fd:00 44175907                   /lib/x86_64-linux-gnu/libgcc_s.so.1
7fe50fb29000-7fe50fcc6000 r-xp 00000000 fd:00 44176066                   /lib/x86_64-linux-gnu/libm-2.27.so
7fe50fcc6000-7fe50fec5000 ---p 0019d000 fd:00 44176066                   /lib/x86_64-linux-gnu/libm-2.27.so
7fe50fec5000-7fe50fec6000 r--p 0019c000 fd:00 44176066                   /lib/x86_64-linux-gnu/libm-2.27.so
7fe50fec6000-7fe50fec7000 rw-p 0019d000 fd:00 44176066                   /lib/x86_64-linux-gnu/libm-2.27.so
7fe50fec7000-7fe510040000 r-xp 00000000 fd:00 18090134                   /usr/lib/x86_64-linux-gnu/libstdc++.so.6.0.25
7fe510040000-7fe510240000 ---p 00179000 fd:00 18090134                   /usr/lib/x86_64-linux-gnu/libstdc++.so.6.0.25
7fe510240000-7fe51024a000 r--p 00179000 fd:00 18090134                   /usr/lib/x86_64-linux-gnu/libstdc++.so.6.0.25
7fe51024a000-7fe51024c000 rw-p 00183000 fd:00 18090134                   /usr/lib/x86_64-linux-gnu/libstdc++.so.6.0.25
7fe51024c000-7fe510250000 rw-p 00000000 00:00 0 
7fe510250000-7fe5111ed000 r-xp 00000000 fd:00 20186062                   /usr/lib/jvm/java-11-openjdk-amd64/lib/server/libjvm.so
7fe5111ed000-7fe5113ed000 ---p 00f9d000 fd:00 20186062                   /usr/lib/jvm/java-11-openjdk-amd64/lib/server/libjvm.so
7fe5113ed000-7fe5114b1000 r--p 00f9d000 fd:00 20186062                   /usr/lib/jvm/java-11-openjdk-amd64/lib/server/libjvm.so
7fe5114b1000-7fe5114e9000 rw-p 01061000 fd:00 20186062                   /usr/lib/jvm/java-11-openjdk-amd64/lib/server/libjvm.so
7fe5114e9000-7fe511532000 rw-p 00000000 00:00 0 
7fe511532000-7fe51154c000 r-xp 00000000 fd:00 44176136                   /lib/x86_64-linux-gnu/libpthread-2.27.so
7fe51154c000-7fe51174b000 ---p 0001a000 fd:00 44176136                   /lib/x86_64-linux-gnu/libpthread-2.27.so
7fe51174b000-7fe51174c000 r--p 00019000 fd:00 44176136                   /lib/x86_64-linux-gnu/libpthread-2.27.so
7fe51174c000-7fe51174d000 rw-p 0001a000 fd:00 44176136                   /lib/x86_64-linux-gnu/libpthread-2.27.so
7fe51174d000-7fe511751000 rw-p 00000000 00:00 0 
7fe511751000-7fe511754000 r-xp 00000000 fd:00 44176026                   /lib/x86_64-linux-gnu/libdl-2.27.so
7fe511754000-7fe511953000 ---p 00003000 fd:00 44176026                   /lib/x86_64-linux-gnu/libdl-2.27.so
7fe511953000-7fe511954000 r--p 00002000 fd:00 44176026                   /lib/x86_64-linux-gnu/libdl-2.27.so
7fe511954000-7fe511955000 rw-p 00003000 fd:00 44176026                   /lib/x86_64-linux-gnu/libdl-2.27.so
7fe511955000-7fe511971000 r-xp 00000000 fd:00 44176175                   /lib/x86_64-linux-gnu/libz.so.1.2.11
7fe511971000-7fe511b70000 ---p 0001c000 fd:00 44176175                   /lib/x86_64-linux-gnu/libz.so.1.2.11
7fe511b70000-7fe511b71000 r--p 0001b000 fd:00 44176175                   /lib/x86_64-linux-gnu/libz.so.1.2.11
7fe511b71000-7fe511b72000 rw-p 0001c000 fd:00 44176175                   /lib/x86_64-linux-gnu/libz.so.1.2.11
7fe511b72000-7fe511d59000 r-xp 00000000 fd:00 44176003                   /lib/x86_64-linux-gnu/libc-2.27.so
7fe511d59000-7fe511f59000 ---p 001e7000 fd:00 44176003                   /lib/x86_64-linux-gnu/libc-2.27.so
7fe511f59000-7fe511f5d000 r--p 001e7000 fd:00 44176003                   /lib/x86_64-linux-gnu/libc-2.27.so
7fe511f5d000-7fe511f5f000 rw-p 001eb000 fd:00 44176003                   /lib/x86_64-linux-gnu/libc-2.27.so
7fe511f5f000-7fe511f63000 rw-p 00000000 00:00 0 
7fe511f63000-7fe511f72000 r-xp 00000000 fd:00 20186020                   /usr/lib/jvm/java-11-openjdk-amd64/lib/jli/libjli.so
7fe511f72000-7fe512171000 ---p 0000f000 fd:00 20186020                   /usr/lib/jvm/java-11-openjdk-amd64/lib/jli/libjli.so
7fe512171000-7fe512172000 r--p 0000e000 fd:00 20186020                   /usr/lib/jvm/java-11-openjdk-amd64/lib/jli/libjli.so
7fe512172000-7fe512173000 rw-p 0000f000 fd:00 20186020                   /usr/lib/jvm/java-11-openjdk-amd64/lib/jli/libjli.so
7fe512173000-7fe51219a000 r-xp 00000000 fd:00 44175975                   /lib/x86_64-linux-gnu/ld-2.27.so
7fe512216000-7fe51227d000 rw-p 00000000 00:00 0 
7fe51227d000-7fe512281000 ---p 00000000 00:00 0 
7fe512281000-7fe512380000 rw-p 00000000 00:00 0 
7fe512381000-7fe512387000 rw-p 00000000 00:00 0 
7fe512387000-7fe51238e000 ---p 00000000 00:00 0 
7fe51238e000-7fe512396000 rw-s 00000000 fd:00 16121869                   /tmp/hsperfdata_minecraft/18466
7fe512396000-7fe512397000 ---p 00000000 00:00 0 
7fe512397000-7fe512398000 r--p 00000000 00:00 0 
7fe512398000-7fe51239a000 rw-p 00000000 00:00 0 
7fe51239a000-7fe51239b000 r--p 00027000 fd:00 44175975                   /lib/x86_64-linux-gnu/ld-2.27.so
7fe51239b000-7fe51239c000 rw-p 00028000 fd:00 44175975                   /lib/x86_64-linux-gnu/ld-2.27.so
7fe51239c000-7fe51239d000 rw-p 00000000 00:00 0 
7ffd967b5000-7ffd967d6000 rw-p 00000000 00:00 0                          [stack]
7ffd967e2000-7ffd967e5000 r--p 00000000 00:00 0                          [vvar]
7ffd967e5000-7ffd967e7000 r-xp 00000000 00:00 0                          [vdso]
ffffffffff600000-ffffffffff601000 r-xp 00000000 00:00 0                  [vsyscall]


VM Arguments:
jvm_args: -Xms3g -Xmx3g 
java_command: server.jar nogui
java_class_path (initial): server.jar
Launcher Type: SUN_STANDARD

Logging:
Log output configuration:
#0: stdout all=warning uptime,level,tags
#1: stderr all=off uptime,level,tags

Environment Variables:
PATH=/usr/local/sbin:/usr/local/bin:/usr/sbin:/usr/bin:/sbin:/bin
SHELL=/bin/sh

Signal Handlers:
SIGSEGV: [libjvm.so+0xd28b70], sa_mask[0]=11111111011111111101111111111110, sa_flags=SA_RESTART|SA_SIGINFO
SIGBUS: [libjvm.so+0xd28b70], sa_mask[0]=11111111011111111101111111111110, sa_flags=SA_RESTART|SA_SIGINFO
SIGFPE: [libjvm.so+0xd28b70], sa_mask[0]=11111111011111111101111111111110, sa_flags=SA_RESTART|SA_SIGINFO
SIGPIPE: [libjvm.so+0xb2a1f0], sa_mask[0]=11111111011111111101111111111110, sa_flags=SA_RESTART|SA_SIGINFO
SIGXFSZ: [libjvm.so+0xb2a1f0], sa_mask[0]=11111111011111111101111111111110, sa_flags=SA_RESTART|SA_SIGINFO
SIGILL: [libjvm.so+0xd28b70], sa_mask[0]=11111111011111111101111111111110, sa_flags=SA_RESTART|SA_SIGINFO
SIGUSR2: [libjvm.so+0xb2a030], sa_mask[0]=00000000000000000000000000000000, sa_flags=SA_RESTART|SA_SIGINFO
SIGHUP: SIG_DFL, sa_mask[0]=00000000000000000000000000000000, sa_flags=none
SIGINT: SIG_DFL, sa_mask[0]=00000000000000000000000000000000, sa_flags=none
SIGTERM: SIG_DFL, sa_mask[0]=00000000000000000000000000000000, sa_flags=none
SIGQUIT: SIG_DFL, sa_mask[0]=00000000000000000000000000000000, sa_flags=none


---------------  S Y S T E M  ---------------

OS:DISTRIB_ID=Ubuntu
DISTRIB_RELEASE=18.04
DISTRIB_CODENAME=bionic
DISTRIB_DESCRIPTION="Ubuntu 18.04.2 LTS"
uname:Linux 4.15.0-46-generic #49-Ubuntu SMP Wed Feb 6 09:33:07 UTC 2019 x86_64
libc:glibc 2.27 NPTL 2.27 
rlimit: STACK 8192k, CORE 0k, NPROC 15099, NOFILE 4096, AS infinity, DATA infinity, FSIZE infinity
load average:1.12 1.18 1.25

/proc/meminfo:
MemTotal:        3943748 kB
MemFree:          135300 kB
MemAvailable:    1090112 kB
Buffers:           34440 kB
Cached:          1119544 kB
SwapCached:        10512 kB
Active:          2797136 kB
Inactive:         817204 kB
Active(anon):    1989188 kB
Inactive(anon):   501236 kB
Active(file):     807948 kB
Inactive(file):   315968 kB
Unevictable:           0 kB
Mlocked:               0 kB
SwapTotal:        999420 kB
SwapFree:         608432 kB
Dirty:             10836 kB
Writeback:             0 kB
AnonPages:       2457128 kB
Mapped:           168620 kB
Shmem:             30068 kB
Slab:             108096 kB
SReclaimable:      67328 kB
SUnreclaim:        40768 kB
KernelStack:        5944 kB
PageTables:        24000 kB
NFS_Unstable:          0 kB
Bounce:                0 kB
WritebackTmp:          0 kB
CommitLimit:     2971292 kB
Committed_AS:    3239608 kB
VmallocTotal:   34359738367 kB
VmallocUsed:           0 kB
VmallocChunk:          0 kB
HardwareCorrupted:     0 kB
AnonHugePages:         0 kB
ShmemHugePages:        0 kB
ShmemPmdMapped:        0 kB
CmaTotal:              0 kB
CmaFree:               0 kB
HugePages_Total:       0
HugePages_Free:        0
HugePages_Rsvd:        0
HugePages_Surp:        0
Hugepagesize:       2048 kB
DirectMap4k:      158320 kB
DirectMap2M:     3940352 kB
DirectMap1G:           0 kB

container (cgroup) information:
container_type: cgroupv1
cpu_cpuset_cpus: 0-3
cpu_memory_nodes: 0
active_processor_count: 4
cpu_quota: -1
cpu_period: 100000
cpu_shares: -1
memory_limit_in_bytes: -1
memory_and_swap_limit_in_bytes: -2
memory_soft_limit_in_bytes: -1
memory_usage_in_bytes: 3698982912
memory_max_usage_in_bytes: 2048000


CPU:total 4 (initial active 4) (2 cores per cpu, 2 threads per core) family 6 model 69 stepping 1, cmov, cx8, fxsr, mmx, sse, sse2, sse3, ssse3, sse4.1, sse4.2, popcnt, avx, avx2, aes, clmul, erms, lzcnt, ht, tsc, tscinvbit, bmi1, bmi2, fma
CPU Model and flags from /proc/cpuinfo:
model name	: Intel(R) Core(TM) i7-4500U CPU @ 1.80GHz
flags		: fpu vme de pse tsc msr pae mce cx8 apic sep mtrr pge mca cmov pat pse36 clflush dts acpi mmx fxsr sse sse2 ss ht tm pbe syscall nx pdpe1gb rdtscp lm constant_tsc arch_perfmon pebs bts rep_good nopl xtopology nonstop_tsc cpuid aperfmperf pni pclmulqdq dtes64 monitor ds_cpl vmx est tm2 ssse3 sdbg fma cx16 xtpr pdcm pcid sse4_1 sse4_2 movbe popcnt tsc_deadline_timer aes xsave avx f16c rdrand lahf_lm abm cpuid_fault epb invpcid_single pti ssbd ibrs ibpb stibp tpr_shadow vnmi flexpriority ept vpid fsgsbase tsc_adjust bmi1 avx2 smep bmi2 erms invpcid xsaveopt dtherm ida arat pln pts flush_l1d

Memory: 4k page, physical 3943748k(135300k free), swap 999420k(608432k free)

vm_info: OpenJDK 64-Bit Server VM (10.0.2+13-Ubuntu-1ubuntu0.18.04.4) for linux-amd64 JRE (10.0.2+13-Ubuntu-1ubuntu0.18.04.4), built on Nov 13 2018 12:53:39 by "buildd" with gcc 7.3.0

END.
