#
# There is insufficient memory for the Java Runtime Environment to continue.
# Native memory allocation (mmap) failed to map 3221225472 bytes for committing reserved memory.
# Possible reasons:
#   The system is out of physical RAM or swap space
#   The process is running with CompressedOops enabled, and the Java Heap may be blocking the growth of the native heap
# Possible solutions:
#   Reduce memory load on the system
#   Increase physical memory or swap space
#   Check if swap backing store is full
#   Decrease Java heap size (-Xmx/-Xms)
#   Decrease number of Java threads
#   Decrease Java thread stack sizes (-Xss)
#   Set larger code cache with -XX:ReservedCodeCacheSize=
# This output file may be truncated or incomplete.
#
#  Out of Memory Error (os_linux.cpp:2706), pid=22939, tid=22941
#
# JRE version:  (10.0.2+13) (build )
# Java VM: OpenJDK 64-Bit Server VM (10.0.2+13-Ubuntu-1ubuntu0.18.04.4, mixed mode, aot, tiered, compressed oops, g1 gc, linux-amd64)
# Core dump will be written. Default location: Core dumps may be processed with "/usr/share/apport/apport %p %s %c %d %P" (or dumping to /opt/forno/minecraft/core.22939)
#

---------------  S U M M A R Y ------------

Command Line: -Xms3g -Xmx3g server.jar nogui

Host: Intel(R) Core(TM) i7-4500U CPU @ 1.80GHz, 4 cores, 3G, Ubuntu 18.04.2 LTS
Time: Thu Mar 21 11:42:14 2019 JST elapsed time: 0 seconds (0d 0h 0m 0s)

---------------  T H R E A D  ---------------

Current thread (0x00007f7d78011000):  JavaThread "Unknown thread" [_thread_in_vm, id=22941, stack(0x00007f7d7fd2e000,0x00007f7d7fe2f000)]

Stack: [0x00007f7d7fd2e000,0x00007f7d7fe2f000],  sp=0x00007f7d7fe2d2e0,  free space=1020k
Native frames: (J=compiled Java code, A=aot compiled Java code, j=interpreted, Vv=VM code, C=native code)
V  [libjvm.so+0xd27ea4]
V  [libjvm.so+0xd28a4b]
V  [libjvm.so+0x64d415]
V  [libjvm.so+0xb2d7c8]
V  [libjvm.so+0xb2601d]
V  [libjvm.so+0x7662ff]
V  [libjvm.so+0x76653e]
V  [libjvm.so+0x769500]
V  [libjvm.so+0x7efa1c]
V  [libjvm.so+0x7f06df]
V  [libjvm.so+0x7f0b59]
V  [libjvm.so+0x7162cf]
V  [libjvm.so+0x71afd3]
V  [libjvm.so+0xce5dc2]
V  [libjvm.so+0xce60c6]
V  [libjvm.so+0x807d57]
V  [libjvm.so+0xcc7ac4]
V  [libjvm.so+0x8601b1]  JNI_CreateJavaVM+0x51
C  [libjli.so+0x3d83]
C  [libjli.so+0x89dd]
C  [libpthread.so.0+0x76db]  start_thread+0xdb


---------------  P R O C E S S  ---------------

Threads class SMR info:
_java_thread_list=0x0000559aff86d6b0, length=0, elements={
}

Java Threads: ( => current thread )

Other Threads:
  0x00007f7d78028000 GCTaskThread "GC Thread#0" [stack: 0x00007f7d5f93a000,0x00007f7d5fa3a000] [id=22942]
  0x00007f7d78029000 GCTaskThread "GC Thread#1" [stack: 0x00007f7d5f838000,0x00007f7d5f938000] [id=22943]
  0x00007f7d7802b000 GCTaskThread "GC Thread#2" [stack: 0x00007f7d5f736000,0x00007f7d5f836000] [id=22944]
  0x00007f7d7802c800 GCTaskThread "GC Thread#3" [stack: 0x00007f7d5f634000,0x00007f7d5f734000] [id=22945]
  0x00007f7d7806a000 ConcurrentGCThread "G1 Main Marker" [stack: 0x00007f7d5de6e000,0x00007f7d5df6e000] [id=22946]
  0x00007f7d7806c000 ConcurrentGCThread "G1 Conc#0" [stack: 0x00007f7d5dd6c000,0x00007f7d5de6c000] [id=22947]

[error occurred during error reporting (printing all threads), id 0xe0000002]

VM state:not at safepoint (not fully initialized)

VM Mutex/Monitor currently owned by a thread:  ([mutex/lock_event])
[0x00007f7d7800df30] Heap_lock - owner thread: 0x00007f7d78011000

Heap address: 0x0000000700000000, size: 3072 MB, Compressed Oops mode: Non-zero based: 0x0000000700000000
Narrow klass base: 0x0000000000000000, Narrow klass shift: 0

GC Heap History (0 events):
No events

Deoptimization events (0 events):
No events

Classes redefined (0 events):
No events

Internal exceptions (0 events):
No events

Events (0 events):
No events


Dynamic libraries:
559afe7b1000-559afe7b2000 r-xp 00000000 fd:00 20185882                   /usr/lib/jvm/java-11-openjdk-amd64/bin/java
559afe9b2000-559afe9b3000 r--p 00001000 fd:00 20185882                   /usr/lib/jvm/java-11-openjdk-amd64/bin/java
559afe9b3000-559afe9b4000 rw-p 00002000 fd:00 20185882                   /usr/lib/jvm/java-11-openjdk-amd64/bin/java
559aff856000-559aff877000 rw-p 00000000 00:00 0                          [heap]
7f7d38000000-7f7d38021000 rw-p 00000000 00:00 0 
7f7d38021000-7f7d3c000000 ---p 00000000 00:00 0 
7f7d3e000000-7f7d40000000 rw-p 00000000 00:00 0 
7f7d40000000-7f7d40021000 rw-p 00000000 00:00 0 
7f7d40021000-7f7d44000000 ---p 00000000 00:00 0 
7f7d45000000-7f7d48000000 ---p 00000000 00:00 0 
7f7d48000000-7f7d48021000 rw-p 00000000 00:00 0 
7f7d48021000-7f7d4c000000 ---p 00000000 00:00 0 
7f7d4d000000-7f7d50000000 ---p 00000000 00:00 0 
7f7d50000000-7f7d50021000 rw-p 00000000 00:00 0 
7f7d50021000-7f7d54000000 ---p 00000000 00:00 0 
7f7d54000000-7f7d54021000 rw-p 00000000 00:00 0 
7f7d54021000-7f7d58000000 ---p 00000000 00:00 0 
7f7d58000000-7f7d58021000 rw-p 00000000 00:00 0 
7f7d58021000-7f7d5c000000 ---p 00000000 00:00 0 
7f7d5d966000-7f7d5dd6a000 rw-p 00000000 00:00 0 
7f7d5dd6a000-7f7d5dd6b000 ---p 00000000 00:00 0 
7f7d5dd6b000-7f7d5de6c000 rw-p 00000000 00:00 0 
7f7d5de6c000-7f7d5de6d000 ---p 00000000 00:00 0 
7f7d5de6d000-7f7d5e02e000 rw-p 00000000 00:00 0 
7f7d5e02e000-7f7d5f22e000 ---p 00000000 00:00 0 
7f7d5f22e000-7f7d5f632000 rw-p 00000000 00:00 0 
7f7d5f632000-7f7d5f633000 ---p 00000000 00:00 0 
7f7d5f633000-7f7d5f734000 rw-p 00000000 00:00 0 
7f7d5f734000-7f7d5f735000 ---p 00000000 00:00 0 
7f7d5f735000-7f7d5f836000 rw-p 00000000 00:00 0 
7f7d5f836000-7f7d5f837000 ---p 00000000 00:00 0 
7f7d5f837000-7f7d5f938000 rw-p 00000000 00:00 0 
7f7d5f938000-7f7d5f939000 ---p 00000000 00:00 0 
7f7d5f939000-7f7d5fa3f000 rw-p 00000000 00:00 0 
7f7d5fa3f000-7f7d5fb25000 ---p 00000000 00:00 0 
7f7d5fb25000-7f7d5fd95000 rwxp 00000000 00:00 0 
7f7d5fd95000-7f7d600b5000 ---p 00000000 00:00 0 
7f7d600b5000-7f7d60325000 rwxp 00000000 00:00 0 
7f7d60325000-7f7d675ed000 ---p 00000000 00:00 0 
7f7d675ed000-7f7d6785d000 rwxp 00000000 00:00 0 
7f7d6785d000-7f7d6eb25000 ---p 00000000 00:00 0 
7f7d6eb25000-7f7d78000000 r--s 00000000 fd:00 20186057                   /usr/lib/jvm/java-11-openjdk-amd64/lib/modules
7f7d78000000-7f7d78083000 rw-p 00000000 00:00 0 
7f7d78083000-7f7d7c000000 ---p 00000000 00:00 0 
7f7d7c042000-7f7d7c047000 rw-p 00000000 00:00 0 
7f7d7c047000-7f7d7c12d000 ---p 00000000 00:00 0 
7f7d7c12d000-7f7d7c132000 r-xp 00000000 fd:00 20186039                   /usr/lib/jvm/java-11-openjdk-amd64/lib/libjimage.so
7f7d7c132000-7f7d7c331000 ---p 00005000 fd:00 20186039                   /usr/lib/jvm/java-11-openjdk-amd64/lib/libjimage.so
7f7d7c331000-7f7d7c332000 r--p 00004000 fd:00 20186039                   /usr/lib/jvm/java-11-openjdk-amd64/lib/libjimage.so
7f7d7c332000-7f7d7c333000 rw-p 00005000 fd:00 20186039                   /usr/lib/jvm/java-11-openjdk-amd64/lib/libjimage.so
7f7d7c333000-7f7d7c33a000 r-xp 00000000 fd:00 20186056                   /usr/lib/jvm/java-11-openjdk-amd64/lib/libzip.so
7f7d7c33a000-7f7d7c539000 ---p 00007000 fd:00 20186056                   /usr/lib/jvm/java-11-openjdk-amd64/lib/libzip.so
7f7d7c539000-7f7d7c53a000 r--p 00006000 fd:00 20186056                   /usr/lib/jvm/java-11-openjdk-amd64/lib/libzip.so
7f7d7c53a000-7f7d7c53b000 rw-p 00007000 fd:00 20186056                   /usr/lib/jvm/java-11-openjdk-amd64/lib/libzip.so
7f7d7c53b000-7f7d7c546000 r-xp 00000000 fd:00 44176093                   /lib/x86_64-linux-gnu/libnss_files-2.27.so
7f7d7c546000-7f7d7c745000 ---p 0000b000 fd:00 44176093                   /lib/x86_64-linux-gnu/libnss_files-2.27.so
7f7d7c745000-7f7d7c746000 r--p 0000a000 fd:00 44176093                   /lib/x86_64-linux-gnu/libnss_files-2.27.so
7f7d7c746000-7f7d7c747000 rw-p 0000b000 fd:00 44176093                   /lib/x86_64-linux-gnu/libnss_files-2.27.so
7f7d7c747000-7f7d7c74d000 rw-p 00000000 00:00 0 
7f7d7c74d000-7f7d7c764000 r-xp 00000000 fd:00 44176087                   /lib/x86_64-linux-gnu/libnsl-2.27.so
7f7d7c764000-7f7d7c963000 ---p 00017000 fd:00 44176087                   /lib/x86_64-linux-gnu/libnsl-2.27.so
7f7d7c963000-7f7d7c964000 r--p 00016000 fd:00 44176087                   /lib/x86_64-linux-gnu/libnsl-2.27.so
7f7d7c964000-7f7d7c965000 rw-p 00017000 fd:00 44176087                   /lib/x86_64-linux-gnu/libnsl-2.27.so
7f7d7c965000-7f7d7c967000 rw-p 00000000 00:00 0 
7f7d7c967000-7f7d7c972000 r-xp 00000000 fd:00 44176104                   /lib/x86_64-linux-gnu/libnss_nis-2.27.so
7f7d7c972000-7f7d7cb71000 ---p 0000b000 fd:00 44176104                   /lib/x86_64-linux-gnu/libnss_nis-2.27.so
7f7d7cb71000-7f7d7cb72000 r--p 0000a000 fd:00 44176104                   /lib/x86_64-linux-gnu/libnss_nis-2.27.so
7f7d7cb72000-7f7d7cb73000 rw-p 0000b000 fd:00 44176104                   /lib/x86_64-linux-gnu/libnss_nis-2.27.so
7f7d7cb73000-7f7d7cb7b000 r-xp 00000000 fd:00 44176089                   /lib/x86_64-linux-gnu/libnss_compat-2.27.so
7f7d7cb7b000-7f7d7cd7b000 ---p 00008000 fd:00 44176089                   /lib/x86_64-linux-gnu/libnss_compat-2.27.so
7f7d7cd7b000-7f7d7cd7c000 r--p 00008000 fd:00 44176089                   /lib/x86_64-linux-gnu/libnss_compat-2.27.so
7f7d7cd7c000-7f7d7cd7d000 rw-p 00009000 fd:00 44176089                   /lib/x86_64-linux-gnu/libnss_compat-2.27.so
7f7d7cd7d000-7f7d7cda9000 r-xp 00000000 fd:00 20186035                   /usr/lib/jvm/java-11-openjdk-amd64/lib/libjava.so
7f7d7cda9000-7f7d7cfa8000 ---p 0002c000 fd:00 20186035                   /usr/lib/jvm/java-11-openjdk-amd64/lib/libjava.so
7f7d7cfa8000-7f7d7cfa9000 r--p 0002b000 fd:00 20186035                   /usr/lib/jvm/java-11-openjdk-amd64/lib/libjava.so
7f7d7cfa9000-7f7d7cfab000 rw-p 0002c000 fd:00 20186035                   /usr/lib/jvm/java-11-openjdk-amd64/lib/libjava.so
7f7d7cfab000-7f7d7cfb8000 r-xp 00000000 fd:00 20186055                   /usr/lib/jvm/java-11-openjdk-amd64/lib/libverify.so
7f7d7cfb8000-7f7d7d1b7000 ---p 0000d000 fd:00 20186055                   /usr/lib/jvm/java-11-openjdk-amd64/lib/libverify.so
7f7d7d1b7000-7f7d7d1b9000 r--p 0000c000 fd:00 20186055                   /usr/lib/jvm/java-11-openjdk-amd64/lib/libverify.so
7f7d7d1b9000-7f7d7d1ba000 rw-p 0000e000 fd:00 20186055                   /usr/lib/jvm/java-11-openjdk-amd64/lib/libverify.so
7f7d7d1ba000-7f7d7d1c1000 r-xp 00000000 fd:00 44176144                   /lib/x86_64-linux-gnu/librt-2.27.so
7f7d7d1c1000-7f7d7d3c0000 ---p 00007000 fd:00 44176144                   /lib/x86_64-linux-gnu/librt-2.27.so
7f7d7d3c0000-7f7d7d3c1000 r--p 00006000 fd:00 44176144                   /lib/x86_64-linux-gnu/librt-2.27.so
7f7d7d3c1000-7f7d7d3c2000 rw-p 00007000 fd:00 44176144                   /lib/x86_64-linux-gnu/librt-2.27.so
7f7d7d3c2000-7f7d7d3d9000 r-xp 00000000 fd:00 44175907                   /lib/x86_64-linux-gnu/libgcc_s.so.1
7f7d7d3d9000-7f7d7d5d8000 ---p 00017000 fd:00 44175907                   /lib/x86_64-linux-gnu/libgcc_s.so.1
7f7d7d5d8000-7f7d7d5d9000 r--p 00016000 fd:00 44175907                   /lib/x86_64-linux-gnu/libgcc_s.so.1
7f7d7d5d9000-7f7d7d5da000 rw-p 00017000 fd:00 44175907                   /lib/x86_64-linux-gnu/libgcc_s.so.1
7f7d7d5da000-7f7d7d777000 r-xp 00000000 fd:00 44176066                   /lib/x86_64-linux-gnu/libm-2.27.so
7f7d7d777000-7f7d7d976000 ---p 0019d000 fd:00 44176066                   /lib/x86_64-linux-gnu/libm-2.27.so
7f7d7d976000-7f7d7d977000 r--p 0019c000 fd:00 44176066                   /lib/x86_64-linux-gnu/libm-2.27.so
7f7d7d977000-7f7d7d978000 rw-p 0019d000 fd:00 44176066                   /lib/x86_64-linux-gnu/libm-2.27.so
7f7d7d978000-7f7d7daf1000 r-xp 00000000 fd:00 18090134                   /usr/lib/x86_64-linux-gnu/libstdc++.so.6.0.25
7f7d7daf1000-7f7d7dcf1000 ---p 00179000 fd:00 18090134                   /usr/lib/x86_64-linux-gnu/libstdc++.so.6.0.25
7f7d7dcf1000-7f7d7dcfb000 r--p 00179000 fd:00 18090134                   /usr/lib/x86_64-linux-gnu/libstdc++.so.6.0.25
7f7d7dcfb000-7f7d7dcfd000 rw-p 00183000 fd:00 18090134                   /usr/lib/x86_64-linux-gnu/libstdc++.so.6.0.25
7f7d7dcfd000-7f7d7dd01000 rw-p 00000000 00:00 0 
7f7d7dd01000-7f7d7ec9e000 r-xp 00000000 fd:00 20186062                   /usr/lib/jvm/java-11-openjdk-amd64/lib/server/libjvm.so
7f7d7ec9e000-7f7d7ee9e000 ---p 00f9d000 fd:00 20186062                   /usr/lib/jvm/java-11-openjdk-amd64/lib/server/libjvm.so
7f7d7ee9e000-7f7d7ef62000 r--p 00f9d000 fd:00 20186062                   /usr/lib/jvm/java-11-openjdk-amd64/lib/server/libjvm.so
7f7d7ef62000-7f7d7ef9a000 rw-p 01061000 fd:00 20186062                   /usr/lib/jvm/java-11-openjdk-amd64/lib/server/libjvm.so
7f7d7ef9a000-7f7d7efe3000 rw-p 00000000 00:00 0 
7f7d7efe3000-7f7d7effd000 r-xp 00000000 fd:00 44176136                   /lib/x86_64-linux-gnu/libpthread-2.27.so
7f7d7effd000-7f7d7f1fc000 ---p 0001a000 fd:00 44176136                   /lib/x86_64-linux-gnu/libpthread-2.27.so
7f7d7f1fc000-7f7d7f1fd000 r--p 00019000 fd:00 44176136                   /lib/x86_64-linux-gnu/libpthread-2.27.so
7f7d7f1fd000-7f7d7f1fe000 rw-p 0001a000 fd:00 44176136                   /lib/x86_64-linux-gnu/libpthread-2.27.so
7f7d7f1fe000-7f7d7f202000 rw-p 00000000 00:00 0 
7f7d7f202000-7f7d7f205000 r-xp 00000000 fd:00 44176026                   /lib/x86_64-linux-gnu/libdl-2.27.so
7f7d7f205000-7f7d7f404000 ---p 00003000 fd:00 44176026                   /lib/x86_64-linux-gnu/libdl-2.27.so
7f7d7f404000-7f7d7f405000 r--p 00002000 fd:00 44176026                   /lib/x86_64-linux-gnu/libdl-2.27.so
7f7d7f405000-7f7d7f406000 rw-p 00003000 fd:00 44176026                   /lib/x86_64-linux-gnu/libdl-2.27.so
7f7d7f406000-7f7d7f422000 r-xp 00000000 fd:00 44176175                   /lib/x86_64-linux-gnu/libz.so.1.2.11
7f7d7f422000-7f7d7f621000 ---p 0001c000 fd:00 44176175                   /lib/x86_64-linux-gnu/libz.so.1.2.11
7f7d7f621000-7f7d7f622000 r--p 0001b000 fd:00 44176175                   /lib/x86_64-linux-gnu/libz.so.1.2.11
7f7d7f622000-7f7d7f623000 rw-p 0001c000 fd:00 44176175                   /lib/x86_64-linux-gnu/libz.so.1.2.11
7f7d7f623000-7f7d7f80a000 r-xp 00000000 fd:00 44176003                   /lib/x86_64-linux-gnu/libc-2.27.so
7f7d7f80a000-7f7d7fa0a000 ---p 001e7000 fd:00 44176003                   /lib/x86_64-linux-gnu/libc-2.27.so
7f7d7fa0a000-7f7d7fa0e000 r--p 001e7000 fd:00 44176003                   /lib/x86_64-linux-gnu/libc-2.27.so
7f7d7fa0e000-7f7d7fa10000 rw-p 001eb000 fd:00 44176003                   /lib/x86_64-linux-gnu/libc-2.27.so
7f7d7fa10000-7f7d7fa14000 rw-p 00000000 00:00 0 
7f7d7fa14000-7f7d7fa23000 r-xp 00000000 fd:00 20186020                   /usr/lib/jvm/java-11-openjdk-amd64/lib/jli/libjli.so
7f7d7fa23000-7f7d7fc22000 ---p 0000f000 fd:00 20186020                   /usr/lib/jvm/java-11-openjdk-amd64/lib/jli/libjli.so
7f7d7fc22000-7f7d7fc23000 r--p 0000e000 fd:00 20186020                   /usr/lib/jvm/java-11-openjdk-amd64/lib/jli/libjli.so
7f7d7fc23000-7f7d7fc24000 rw-p 0000f000 fd:00 20186020                   /usr/lib/jvm/java-11-openjdk-amd64/lib/jli/libjli.so
7f7d7fc24000-7f7d7fc4b000 r-xp 00000000 fd:00 44175975                   /lib/x86_64-linux-gnu/ld-2.27.so
7f7d7fcc7000-7f7d7fd2e000 rw-p 00000000 00:00 0 
7f7d7fd2e000-7f7d7fd32000 ---p 00000000 00:00 0 
7f7d7fd32000-7f7d7fe31000 rw-p 00000000 00:00 0 
7f7d7fe32000-7f7d7fe38000 rw-p 00000000 00:00 0 
7f7d7fe38000-7f7d7fe3f000 ---p 00000000 00:00 0 
7f7d7fe3f000-7f7d7fe47000 rw-s 00000000 fd:00 16121869                   /tmp/hsperfdata_minecraft/22939
7f7d7fe47000-7f7d7fe48000 ---p 00000000 00:00 0 
7f7d7fe48000-7f7d7fe49000 r--p 00000000 00:00 0 
7f7d7fe49000-7f7d7fe4b000 rw-p 00000000 00:00 0 
7f7d7fe4b000-7f7d7fe4c000 r--p 00027000 fd:00 44175975                   /lib/x86_64-linux-gnu/ld-2.27.so
7f7d7fe4c000-7f7d7fe4d000 rw-p 00028000 fd:00 44175975                   /lib/x86_64-linux-gnu/ld-2.27.so
7f7d7fe4d000-7f7d7fe4e000 rw-p 00000000 00:00 0 
7ffebc038000-7ffebc059000 rw-p 00000000 00:00 0                          [stack]
7ffebc152000-7ffebc155000 r--p 00000000 00:00 0                          [vvar]
7ffebc155000-7ffebc157000 r-xp 00000000 00:00 0                          [vdso]
ffffffffff600000-ffffffffff601000 r-xp 00000000 00:00 0                  [vsyscall]


VM Arguments:
jvm_args: -Xms3g -Xmx3g 
java_command: server.jar nogui
java_class_path (initial): server.jar
Launcher Type: SUN_STANDARD

Logging:
Log output configuration:
#0: stdout all=warning uptime,level,tags
#1: stderr all=off uptime,level,tags

Environment Variables:
PATH=/usr/local/sbin:/usr/local/bin:/usr/sbin:/usr/bin:/sbin:/bin
SHELL=/bin/sh

Signal Handlers:
SIGSEGV: [libjvm.so+0xd28b70], sa_mask[0]=11111111011111111101111111111110, sa_flags=SA_RESTART|SA_SIGINFO
SIGBUS: [libjvm.so+0xd28b70], sa_mask[0]=11111111011111111101111111111110, sa_flags=SA_RESTART|SA_SIGINFO
SIGFPE: [libjvm.so+0xd28b70], sa_mask[0]=11111111011111111101111111111110, sa_flags=SA_RESTART|SA_SIGINFO
SIGPIPE: [libjvm.so+0xb2a1f0], sa_mask[0]=11111111011111111101111111111110, sa_flags=SA_RESTART|SA_SIGINFO
SIGXFSZ: [libjvm.so+0xb2a1f0], sa_mask[0]=11111111011111111101111111111110, sa_flags=SA_RESTART|SA_SIGINFO
SIGILL: [libjvm.so+0xd28b70], sa_mask[0]=11111111011111111101111111111110, sa_flags=SA_RESTART|SA_SIGINFO
SIGUSR2: [libjvm.so+0xb2a030], sa_mask[0]=00000000000000000000000000000000, sa_flags=SA_RESTART|SA_SIGINFO
SIGHUP: SIG_DFL, sa_mask[0]=00000000000000000000000000000000, sa_flags=none
SIGINT: SIG_DFL, sa_mask[0]=00000000000000000000000000000000, sa_flags=none
SIGTERM: SIG_DFL, sa_mask[0]=00000000000000000000000000000000, sa_flags=none
SIGQUIT: SIG_DFL, sa_mask[0]=00000000000000000000000000000000, sa_flags=none


---------------  S Y S T E M  ---------------

OS:DISTRIB_ID=Ubuntu
DISTRIB_RELEASE=18.04
DISTRIB_CODENAME=bionic
DISTRIB_DESCRIPTION="Ubuntu 18.04.2 LTS"
uname:Linux 4.15.0-46-generic #49-Ubuntu SMP Wed Feb 6 09:33:07 UTC 2019 x86_64
libc:glibc 2.27 NPTL 2.27 
rlimit: STACK 8192k, CORE 0k, NPROC 15099, NOFILE 4096, AS infinity, DATA infinity, FSIZE infinity
load average:1.29 1.38 1.40

/proc/meminfo:
MemTotal:        3943748 kB
MemFree:          120636 kB
MemAvailable:     901508 kB
Buffers:           28380 kB
Cached:           951280 kB
SwapCached:        12544 kB
Active:          2614840 kB
Inactive:        1013200 kB
Active(anon):    2141740 kB
Inactive(anon):   536712 kB
Active(file):     473100 kB
Inactive(file):   476488 kB
Unevictable:           0 kB
Mlocked:               0 kB
SwapTotal:        999420 kB
SwapFree:         616112 kB
Dirty:              8284 kB
Writeback:             0 kB
AnonPages:       2644600 kB
Mapped:           115104 kB
Shmem:             30072 kB
Slab:             108912 kB
SReclaimable:      68100 kB
SUnreclaim:        40812 kB
KernelStack:        6064 kB
PageTables:        24992 kB
NFS_Unstable:          0 kB
Bounce:                0 kB
WritebackTmp:          0 kB
CommitLimit:     2971292 kB
Committed_AS:    3338860 kB
VmallocTotal:   34359738367 kB
VmallocUsed:           0 kB
VmallocChunk:          0 kB
HardwareCorrupted:     0 kB
AnonHugePages:         0 kB
ShmemHugePages:        0 kB
ShmemPmdMapped:        0 kB
CmaTotal:              0 kB
CmaFree:               0 kB
HugePages_Total:       0
HugePages_Free:        0
HugePages_Rsvd:        0
HugePages_Surp:        0
Hugepagesize:       2048 kB
DirectMap4k:      158320 kB
DirectMap2M:     3940352 kB
DirectMap1G:           0 kB

container (cgroup) information:
container_type: cgroupv1
cpu_cpuset_cpus: 0-3
cpu_memory_nodes: 0
active_processor_count: 4
cpu_quota: -1
cpu_period: 100000
cpu_shares: -1
memory_limit_in_bytes: -1
memory_and_swap_limit_in_bytes: -2
memory_soft_limit_in_bytes: -1
memory_usage_in_bytes: 3713081344
memory_max_usage_in_bytes: 2048000


CPU:total 4 (initial active 4) (2 cores per cpu, 2 threads per core) family 6 model 69 stepping 1, cmov, cx8, fxsr, mmx, sse, sse2, sse3, ssse3, sse4.1, sse4.2, popcnt, avx, avx2, aes, clmul, erms, lzcnt, ht, tsc, tscinvbit, bmi1, bmi2, fma
CPU Model and flags from /proc/cpuinfo:
model name	: Intel(R) Core(TM) i7-4500U CPU @ 1.80GHz
flags		: fpu vme de pse tsc msr pae mce cx8 apic sep mtrr pge mca cmov pat pse36 clflush dts acpi mmx fxsr sse sse2 ss ht tm pbe syscall nx pdpe1gb rdtscp lm constant_tsc arch_perfmon pebs bts rep_good nopl xtopology nonstop_tsc cpuid aperfmperf pni pclmulqdq dtes64 monitor ds_cpl vmx est tm2 ssse3 sdbg fma cx16 xtpr pdcm pcid sse4_1 sse4_2 movbe popcnt tsc_deadline_timer aes xsave avx f16c rdrand lahf_lm abm cpuid_fault epb invpcid_single pti ssbd ibrs ibpb stibp tpr_shadow vnmi flexpriority ept vpid fsgsbase tsc_adjust bmi1 avx2 smep bmi2 erms invpcid xsaveopt dtherm ida arat pln pts flush_l1d

Memory: 4k page, physical 3943748k(119892k free), swap 999420k(616112k free)

vm_info: OpenJDK 64-Bit Server VM (10.0.2+13-Ubuntu-1ubuntu0.18.04.4) for linux-amd64 JRE (10.0.2+13-Ubuntu-1ubuntu0.18.04.4), built on Nov 13 2018 12:53:39 by "buildd" with gcc 7.3.0

END.
