#
# There is insufficient memory for the Java Runtime Environment to continue.
# Native memory allocation (mmap) failed to map 3221225472 bytes for committing reserved memory.
# Possible reasons:
#   The system is out of physical RAM or swap space
#   The process is running with CompressedOops enabled, and the Java Heap may be blocking the growth of the native heap
# Possible solutions:
#   Reduce memory load on the system
#   Increase physical memory or swap space
#   Check if swap backing store is full
#   Decrease Java heap size (-Xmx/-Xms)
#   Decrease number of Java threads
#   Decrease Java thread stack sizes (-Xss)
#   Set larger code cache with -XX:ReservedCodeCacheSize=
# This output file may be truncated or incomplete.
#
#  Out of Memory Error (os_linux.cpp:2706), pid=12102, tid=12103
#
# JRE version:  (10.0.2+13) (build )
# Java VM: OpenJDK 64-Bit Server VM (10.0.2+13-Ubuntu-1ubuntu0.18.04.4, mixed mode, aot, tiered, compressed oops, g1 gc, linux-amd64)
# Core dump will be written. Default location: Core dumps may be processed with "/usr/share/apport/apport %p %s %c %d %P" (or dumping to /opt/forno/minecraft/core.12102)
#

---------------  S U M M A R Y ------------

Command Line: -Xms3g -Xmx3g server.jar nogui

Host: Intel(R) Core(TM) i7-4500U CPU @ 1.80GHz, 4 cores, 3G, Ubuntu 18.04.2 LTS
Time: Thu Mar 21 06:04:50 2019 JST elapsed time: 0 seconds (0d 0h 0m 0s)

---------------  T H R E A D  ---------------

Current thread (0x00007f899c011000):  JavaThread "Unknown thread" [_thread_in_vm, id=12103, stack(0x00007f89a2ffe000,0x00007f89a30ff000)]

Stack: [0x00007f89a2ffe000,0x00007f89a30ff000],  sp=0x00007f89a30fd2e0,  free space=1020k
Native frames: (J=compiled Java code, A=aot compiled Java code, j=interpreted, Vv=VM code, C=native code)
V  [libjvm.so+0xd27ea4]
V  [libjvm.so+0xd28a4b]
V  [libjvm.so+0x64d415]
V  [libjvm.so+0xb2d7c8]
V  [libjvm.so+0xb2601d]
V  [libjvm.so+0x7662ff]
V  [libjvm.so+0x76653e]
V  [libjvm.so+0x769500]
V  [libjvm.so+0x7efa1c]
V  [libjvm.so+0x7f06df]
V  [libjvm.so+0x7f0b59]
V  [libjvm.so+0x7162cf]
V  [libjvm.so+0x71afd3]
V  [libjvm.so+0xce5dc2]
V  [libjvm.so+0xce60c6]
V  [libjvm.so+0x807d57]
V  [libjvm.so+0xcc7ac4]
V  [libjvm.so+0x8601b1]  JNI_CreateJavaVM+0x51
C  [libjli.so+0x3d83]
C  [libjli.so+0x89dd]
C  [libpthread.so.0+0x76db]  start_thread+0xdb


---------------  P R O C E S S  ---------------

Threads class SMR info:
_java_thread_list=0x000056421581f6b0, length=0, elements={
}

Java Threads: ( => current thread )

Other Threads:
  0x00007f899c028000 GCTaskThread "GC Thread#0" [stack: 0x00007f8982bff000,0x00007f8982cff000] [id=12104]
  0x00007f899c029000 GCTaskThread "GC Thread#1" [stack: 0x00007f8982afd000,0x00007f8982bfd000] [id=12105]
  0x00007f899c02b000 GCTaskThread "GC Thread#2" [stack: 0x00007f89829fb000,0x00007f8982afb000] [id=12106]
  0x00007f899c02c800 GCTaskThread "GC Thread#3" [stack: 0x00007f89828f9000,0x00007f89829f9000] [id=12107]
  0x00007f899c06a000 ConcurrentGCThread "G1 Main Marker" [stack: 0x00007f8981133000,0x00007f8981233000] [id=12108]
  0x00007f899c06c000 ConcurrentGCThread "G1 Conc#0" [stack: 0x00007f8981031000,0x00007f8981131000] [id=12109]

[error occurred during error reporting (printing all threads), id 0xe0000002]

VM state:not at safepoint (not fully initialized)

VM Mutex/Monitor currently owned by a thread:  ([mutex/lock_event])
[0x00007f899c00df30] Heap_lock - owner thread: 0x00007f899c011000

Heap address: 0x0000000700000000, size: 3072 MB, Compressed Oops mode: Non-zero based: 0x0000000700000000
Narrow klass base: 0x0000000000000000, Narrow klass shift: 0

GC Heap History (0 events):
No events

Deoptimization events (0 events):
No events

Classes redefined (0 events):
No events

Internal exceptions (0 events):
No events

Events (0 events):
No events


Dynamic libraries:
564214b8d000-564214b8e000 r-xp 00000000 fd:00 20185882                   /usr/lib/jvm/java-11-openjdk-amd64/bin/java
564214d8e000-564214d8f000 r--p 00001000 fd:00 20185882                   /usr/lib/jvm/java-11-openjdk-amd64/bin/java
564214d8f000-564214d90000 rw-p 00002000 fd:00 20185882                   /usr/lib/jvm/java-11-openjdk-amd64/bin/java
564215808000-564215829000 rw-p 00000000 00:00 0                          [heap]
7f895c000000-7f895c021000 rw-p 00000000 00:00 0 
7f895c021000-7f8960000000 ---p 00000000 00:00 0 
7f8962000000-7f8964000000 rw-p 00000000 00:00 0 
7f8964000000-7f8964021000 rw-p 00000000 00:00 0 
7f8964021000-7f8968000000 ---p 00000000 00:00 0 
7f8969000000-7f896c000000 ---p 00000000 00:00 0 
7f896c000000-7f896c021000 rw-p 00000000 00:00 0 
7f896c021000-7f8970000000 ---p 00000000 00:00 0 
7f8971000000-7f8974000000 ---p 00000000 00:00 0 
7f8974000000-7f8974021000 rw-p 00000000 00:00 0 
7f8974021000-7f8978000000 ---p 00000000 00:00 0 
7f8978000000-7f8978021000 rw-p 00000000 00:00 0 
7f8978021000-7f897c000000 ---p 00000000 00:00 0 
7f897c000000-7f897c021000 rw-p 00000000 00:00 0 
7f897c021000-7f8980000000 ---p 00000000 00:00 0 
7f8980c2b000-7f898102f000 rw-p 00000000 00:00 0 
7f898102f000-7f8981030000 ---p 00000000 00:00 0 
7f8981030000-7f8981131000 rw-p 00000000 00:00 0 
7f8981131000-7f8981132000 ---p 00000000 00:00 0 
7f8981132000-7f89812f3000 rw-p 00000000 00:00 0 
7f89812f3000-7f89824f3000 ---p 00000000 00:00 0 
7f89824f3000-7f89828f7000 rw-p 00000000 00:00 0 
7f89828f7000-7f89828f8000 ---p 00000000 00:00 0 
7f89828f8000-7f89829f9000 rw-p 00000000 00:00 0 
7f89829f9000-7f89829fa000 ---p 00000000 00:00 0 
7f89829fa000-7f8982afb000 rw-p 00000000 00:00 0 
7f8982afb000-7f8982afc000 ---p 00000000 00:00 0 
7f8982afc000-7f8982bfd000 rw-p 00000000 00:00 0 
7f8982bfd000-7f8982bfe000 ---p 00000000 00:00 0 
7f8982bfe000-7f8982d04000 rw-p 00000000 00:00 0 
7f8982d04000-7f8982dea000 ---p 00000000 00:00 0 
7f8982dea000-7f8982def000 rw-p 00000000 00:00 0 
7f8982def000-7f8982ed5000 ---p 00000000 00:00 0 
7f8982ed5000-7f8983145000 rwxp 00000000 00:00 0 
7f8983145000-7f8983465000 ---p 00000000 00:00 0 
7f8983465000-7f89836d5000 rwxp 00000000 00:00 0 
7f89836d5000-7f898a99d000 ---p 00000000 00:00 0 
7f898a99d000-7f898ac0d000 rwxp 00000000 00:00 0 
7f898ac0d000-7f8991ed5000 ---p 00000000 00:00 0 
7f8991ed5000-7f899b3b0000 r--s 00000000 fd:00 20186057                   /usr/lib/jvm/java-11-openjdk-amd64/lib/modules
7f899b3b0000-7f899b3b5000 r-xp 00000000 fd:00 20186039                   /usr/lib/jvm/java-11-openjdk-amd64/lib/libjimage.so
7f899b3b5000-7f899b5b4000 ---p 00005000 fd:00 20186039                   /usr/lib/jvm/java-11-openjdk-amd64/lib/libjimage.so
7f899b5b4000-7f899b5b5000 r--p 00004000 fd:00 20186039                   /usr/lib/jvm/java-11-openjdk-amd64/lib/libjimage.so
7f899b5b5000-7f899b5b6000 rw-p 00005000 fd:00 20186039                   /usr/lib/jvm/java-11-openjdk-amd64/lib/libjimage.so
7f899b5b6000-7f899b5bd000 r-xp 00000000 fd:00 20186056                   /usr/lib/jvm/java-11-openjdk-amd64/lib/libzip.so
7f899b5bd000-7f899b7bc000 ---p 00007000 fd:00 20186056                   /usr/lib/jvm/java-11-openjdk-amd64/lib/libzip.so
7f899b7bc000-7f899b7bd000 r--p 00006000 fd:00 20186056                   /usr/lib/jvm/java-11-openjdk-amd64/lib/libzip.so
7f899b7bd000-7f899b7be000 rw-p 00007000 fd:00 20186056                   /usr/lib/jvm/java-11-openjdk-amd64/lib/libzip.so
7f899b7be000-7f899b7c9000 r-xp 00000000 fd:00 44176093                   /lib/x86_64-linux-gnu/libnss_files-2.27.so
7f899b7c9000-7f899b9c8000 ---p 0000b000 fd:00 44176093                   /lib/x86_64-linux-gnu/libnss_files-2.27.so
7f899b9c8000-7f899b9c9000 r--p 0000a000 fd:00 44176093                   /lib/x86_64-linux-gnu/libnss_files-2.27.so
7f899b9c9000-7f899b9ca000 rw-p 0000b000 fd:00 44176093                   /lib/x86_64-linux-gnu/libnss_files-2.27.so
7f899b9ca000-7f899b9d0000 rw-p 00000000 00:00 0 
7f899b9d0000-7f899b9e7000 r-xp 00000000 fd:00 44176087                   /lib/x86_64-linux-gnu/libnsl-2.27.so
7f899b9e7000-7f899bbe6000 ---p 00017000 fd:00 44176087                   /lib/x86_64-linux-gnu/libnsl-2.27.so
7f899bbe6000-7f899bbe7000 r--p 00016000 fd:00 44176087                   /lib/x86_64-linux-gnu/libnsl-2.27.so
7f899bbe7000-7f899bbe8000 rw-p 00017000 fd:00 44176087                   /lib/x86_64-linux-gnu/libnsl-2.27.so
7f899bbe8000-7f899bbea000 rw-p 00000000 00:00 0 
7f899bbea000-7f899bbf5000 r-xp 00000000 fd:00 44176104                   /lib/x86_64-linux-gnu/libnss_nis-2.27.so
7f899bbf5000-7f899bdf4000 ---p 0000b000 fd:00 44176104                   /lib/x86_64-linux-gnu/libnss_nis-2.27.so
7f899bdf4000-7f899bdf5000 r--p 0000a000 fd:00 44176104                   /lib/x86_64-linux-gnu/libnss_nis-2.27.so
7f899bdf5000-7f899bdf6000 rw-p 0000b000 fd:00 44176104                   /lib/x86_64-linux-gnu/libnss_nis-2.27.so
7f899bdf6000-7f899bdfe000 r-xp 00000000 fd:00 44176089                   /lib/x86_64-linux-gnu/libnss_compat-2.27.so
7f899bdfe000-7f899bffe000 ---p 00008000 fd:00 44176089                   /lib/x86_64-linux-gnu/libnss_compat-2.27.so
7f899bffe000-7f899bfff000 r--p 00008000 fd:00 44176089                   /lib/x86_64-linux-gnu/libnss_compat-2.27.so
7f899bfff000-7f899c000000 rw-p 00009000 fd:00 44176089                   /lib/x86_64-linux-gnu/libnss_compat-2.27.so
7f899c000000-7f899c083000 rw-p 00000000 00:00 0 
7f899c083000-7f89a0000000 ---p 00000000 00:00 0 
7f89a004d000-7f89a0079000 r-xp 00000000 fd:00 20186035                   /usr/lib/jvm/java-11-openjdk-amd64/lib/libjava.so
7f89a0079000-7f89a0278000 ---p 0002c000 fd:00 20186035                   /usr/lib/jvm/java-11-openjdk-amd64/lib/libjava.so
7f89a0278000-7f89a0279000 r--p 0002b000 fd:00 20186035                   /usr/lib/jvm/java-11-openjdk-amd64/lib/libjava.so
7f89a0279000-7f89a027b000 rw-p 0002c000 fd:00 20186035                   /usr/lib/jvm/java-11-openjdk-amd64/lib/libjava.so
7f89a027b000-7f89a0288000 r-xp 00000000 fd:00 20186055                   /usr/lib/jvm/java-11-openjdk-amd64/lib/libverify.so
7f89a0288000-7f89a0487000 ---p 0000d000 fd:00 20186055                   /usr/lib/jvm/java-11-openjdk-amd64/lib/libverify.so
7f89a0487000-7f89a0489000 r--p 0000c000 fd:00 20186055                   /usr/lib/jvm/java-11-openjdk-amd64/lib/libverify.so
7f89a0489000-7f89a048a000 rw-p 0000e000 fd:00 20186055                   /usr/lib/jvm/java-11-openjdk-amd64/lib/libverify.so
7f89a048a000-7f89a0491000 r-xp 00000000 fd:00 44176144                   /lib/x86_64-linux-gnu/librt-2.27.so
7f89a0491000-7f89a0690000 ---p 00007000 fd:00 44176144                   /lib/x86_64-linux-gnu/librt-2.27.so
7f89a0690000-7f89a0691000 r--p 00006000 fd:00 44176144                   /lib/x86_64-linux-gnu/librt-2.27.so
7f89a0691000-7f89a0692000 rw-p 00007000 fd:00 44176144                   /lib/x86_64-linux-gnu/librt-2.27.so
7f89a0692000-7f89a06a9000 r-xp 00000000 fd:00 44175907                   /lib/x86_64-linux-gnu/libgcc_s.so.1
7f89a06a9000-7f89a08a8000 ---p 00017000 fd:00 44175907                   /lib/x86_64-linux-gnu/libgcc_s.so.1
7f89a08a8000-7f89a08a9000 r--p 00016000 fd:00 44175907                   /lib/x86_64-linux-gnu/libgcc_s.so.1
7f89a08a9000-7f89a08aa000 rw-p 00017000 fd:00 44175907                   /lib/x86_64-linux-gnu/libgcc_s.so.1
7f89a08aa000-7f89a0a47000 r-xp 00000000 fd:00 44176066                   /lib/x86_64-linux-gnu/libm-2.27.so
7f89a0a47000-7f89a0c46000 ---p 0019d000 fd:00 44176066                   /lib/x86_64-linux-gnu/libm-2.27.so
7f89a0c46000-7f89a0c47000 r--p 0019c000 fd:00 44176066                   /lib/x86_64-linux-gnu/libm-2.27.so
7f89a0c47000-7f89a0c48000 rw-p 0019d000 fd:00 44176066                   /lib/x86_64-linux-gnu/libm-2.27.so
7f89a0c48000-7f89a0dc1000 r-xp 00000000 fd:00 18090134                   /usr/lib/x86_64-linux-gnu/libstdc++.so.6.0.25
7f89a0dc1000-7f89a0fc1000 ---p 00179000 fd:00 18090134                   /usr/lib/x86_64-linux-gnu/libstdc++.so.6.0.25
7f89a0fc1000-7f89a0fcb000 r--p 00179000 fd:00 18090134                   /usr/lib/x86_64-linux-gnu/libstdc++.so.6.0.25
7f89a0fcb000-7f89a0fcd000 rw-p 00183000 fd:00 18090134                   /usr/lib/x86_64-linux-gnu/libstdc++.so.6.0.25
7f89a0fcd000-7f89a0fd1000 rw-p 00000000 00:00 0 
7f89a0fd1000-7f89a1f6e000 r-xp 00000000 fd:00 20186062                   /usr/lib/jvm/java-11-openjdk-amd64/lib/server/libjvm.so
7f89a1f6e000-7f89a216e000 ---p 00f9d000 fd:00 20186062                   /usr/lib/jvm/java-11-openjdk-amd64/lib/server/libjvm.so
7f89a216e000-7f89a2232000 r--p 00f9d000 fd:00 20186062                   /usr/lib/jvm/java-11-openjdk-amd64/lib/server/libjvm.so
7f89a2232000-7f89a226a000 rw-p 01061000 fd:00 20186062                   /usr/lib/jvm/java-11-openjdk-amd64/lib/server/libjvm.so
7f89a226a000-7f89a22b3000 rw-p 00000000 00:00 0 
7f89a22b3000-7f89a22cd000 r-xp 00000000 fd:00 44176136                   /lib/x86_64-linux-gnu/libpthread-2.27.so
7f89a22cd000-7f89a24cc000 ---p 0001a000 fd:00 44176136                   /lib/x86_64-linux-gnu/libpthread-2.27.so
7f89a24cc000-7f89a24cd000 r--p 00019000 fd:00 44176136                   /lib/x86_64-linux-gnu/libpthread-2.27.so
7f89a24cd000-7f89a24ce000 rw-p 0001a000 fd:00 44176136                   /lib/x86_64-linux-gnu/libpthread-2.27.so
7f89a24ce000-7f89a24d2000 rw-p 00000000 00:00 0 
7f89a24d2000-7f89a24d5000 r-xp 00000000 fd:00 44176026                   /lib/x86_64-linux-gnu/libdl-2.27.so
7f89a24d5000-7f89a26d4000 ---p 00003000 fd:00 44176026                   /lib/x86_64-linux-gnu/libdl-2.27.so
7f89a26d4000-7f89a26d5000 r--p 00002000 fd:00 44176026                   /lib/x86_64-linux-gnu/libdl-2.27.so
7f89a26d5000-7f89a26d6000 rw-p 00003000 fd:00 44176026                   /lib/x86_64-linux-gnu/libdl-2.27.so
7f89a26d6000-7f89a26f2000 r-xp 00000000 fd:00 44176175                   /lib/x86_64-linux-gnu/libz.so.1.2.11
7f89a26f2000-7f89a28f1000 ---p 0001c000 fd:00 44176175                   /lib/x86_64-linux-gnu/libz.so.1.2.11
7f89a28f1000-7f89a28f2000 r--p 0001b000 fd:00 44176175                   /lib/x86_64-linux-gnu/libz.so.1.2.11
7f89a28f2000-7f89a28f3000 rw-p 0001c000 fd:00 44176175                   /lib/x86_64-linux-gnu/libz.so.1.2.11
7f89a28f3000-7f89a2ada000 r-xp 00000000 fd:00 44176003                   /lib/x86_64-linux-gnu/libc-2.27.so
7f89a2ada000-7f89a2cda000 ---p 001e7000 fd:00 44176003                   /lib/x86_64-linux-gnu/libc-2.27.so
7f89a2cda000-7f89a2cde000 r--p 001e7000 fd:00 44176003                   /lib/x86_64-linux-gnu/libc-2.27.so
7f89a2cde000-7f89a2ce0000 rw-p 001eb000 fd:00 44176003                   /lib/x86_64-linux-gnu/libc-2.27.so
7f89a2ce0000-7f89a2ce4000 rw-p 00000000 00:00 0 
7f89a2ce4000-7f89a2cf3000 r-xp 00000000 fd:00 20186020                   /usr/lib/jvm/java-11-openjdk-amd64/lib/jli/libjli.so
7f89a2cf3000-7f89a2ef2000 ---p 0000f000 fd:00 20186020                   /usr/lib/jvm/java-11-openjdk-amd64/lib/jli/libjli.so
7f89a2ef2000-7f89a2ef3000 r--p 0000e000 fd:00 20186020                   /usr/lib/jvm/java-11-openjdk-amd64/lib/jli/libjli.so
7f89a2ef3000-7f89a2ef4000 rw-p 0000f000 fd:00 20186020                   /usr/lib/jvm/java-11-openjdk-amd64/lib/jli/libjli.so
7f89a2ef4000-7f89a2f1b000 r-xp 00000000 fd:00 44175975                   /lib/x86_64-linux-gnu/ld-2.27.so
7f89a2f97000-7f89a2ffe000 rw-p 00000000 00:00 0 
7f89a2ffe000-7f89a3002000 ---p 00000000 00:00 0 
7f89a3002000-7f89a3101000 rw-p 00000000 00:00 0 
7f89a3102000-7f89a3108000 rw-p 00000000 00:00 0 
7f89a3108000-7f89a310f000 ---p 00000000 00:00 0 
7f89a310f000-7f89a3117000 rw-s 00000000 fd:00 16121869                   /tmp/hsperfdata_minecraft/12102
7f89a3117000-7f89a3118000 ---p 00000000 00:00 0 
7f89a3118000-7f89a3119000 r--p 00000000 00:00 0 
7f89a3119000-7f89a311b000 rw-p 00000000 00:00 0 
7f89a311b000-7f89a311c000 r--p 00027000 fd:00 44175975                   /lib/x86_64-linux-gnu/ld-2.27.so
7f89a311c000-7f89a311d000 rw-p 00028000 fd:00 44175975                   /lib/x86_64-linux-gnu/ld-2.27.so
7f89a311d000-7f89a311e000 rw-p 00000000 00:00 0 
7ffe60db5000-7ffe60dd6000 rw-p 00000000 00:00 0                          [stack]
7ffe60de6000-7ffe60de9000 r--p 00000000 00:00 0                          [vvar]
7ffe60de9000-7ffe60deb000 r-xp 00000000 00:00 0                          [vdso]
ffffffffff600000-ffffffffff601000 r-xp 00000000 00:00 0                  [vsyscall]


VM Arguments:
jvm_args: -Xms3g -Xmx3g 
java_command: server.jar nogui
java_class_path (initial): server.jar
Launcher Type: SUN_STANDARD

Logging:
Log output configuration:
#0: stdout all=warning uptime,level,tags
#1: stderr all=off uptime,level,tags

Environment Variables:
PATH=/usr/local/sbin:/usr/local/bin:/usr/sbin:/usr/bin:/sbin:/bin
SHELL=/bin/sh

Signal Handlers:
SIGSEGV: [libjvm.so+0xd28b70], sa_mask[0]=11111111011111111101111111111110, sa_flags=SA_RESTART|SA_SIGINFO
SIGBUS: [libjvm.so+0xd28b70], sa_mask[0]=11111111011111111101111111111110, sa_flags=SA_RESTART|SA_SIGINFO
SIGFPE: [libjvm.so+0xd28b70], sa_mask[0]=11111111011111111101111111111110, sa_flags=SA_RESTART|SA_SIGINFO
SIGPIPE: [libjvm.so+0xb2a1f0], sa_mask[0]=11111111011111111101111111111110, sa_flags=SA_RESTART|SA_SIGINFO
SIGXFSZ: [libjvm.so+0xb2a1f0], sa_mask[0]=11111111011111111101111111111110, sa_flags=SA_RESTART|SA_SIGINFO
SIGILL: [libjvm.so+0xd28b70], sa_mask[0]=11111111011111111101111111111110, sa_flags=SA_RESTART|SA_SIGINFO
SIGUSR2: [libjvm.so+0xb2a030], sa_mask[0]=00000000000000000000000000000000, sa_flags=SA_RESTART|SA_SIGINFO
SIGHUP: SIG_DFL, sa_mask[0]=00000000000000000000000000000000, sa_flags=none
SIGINT: SIG_DFL, sa_mask[0]=00000000000000000000000000000000, sa_flags=none
SIGTERM: SIG_DFL, sa_mask[0]=00000000000000000000000000000000, sa_flags=none
SIGQUIT: SIG_DFL, sa_mask[0]=00000000000000000000000000000000, sa_flags=none


---------------  S Y S T E M  ---------------

OS:DISTRIB_ID=Ubuntu
DISTRIB_RELEASE=18.04
DISTRIB_CODENAME=bionic
DISTRIB_DESCRIPTION="Ubuntu 18.04.2 LTS"
uname:Linux 4.15.0-46-generic #49-Ubuntu SMP Wed Feb 6 09:33:07 UTC 2019 x86_64
libc:glibc 2.27 NPTL 2.27 
rlimit: STACK 8192k, CORE 0k, NPROC 15099, NOFILE 4096, AS infinity, DATA infinity, FSIZE infinity
load average:1.33 1.39 1.38

/proc/meminfo:
MemTotal:        3943748 kB
MemFree:          127764 kB
MemAvailable:    1547064 kB
Buffers:           41432 kB
Cached:          1577664 kB
SwapCached:         5500 kB
Active:          2538352 kB
Inactive:        1085212 kB
Active(anon):    1701068 kB
Inactive(anon):   333472 kB
Active(file):     837284 kB
Inactive(file):   751740 kB
Unevictable:           0 kB
Mlocked:               0 kB
SwapTotal:        999420 kB
SwapFree:         582064 kB
Dirty:              4760 kB
Writeback:             0 kB
AnonPages:       2002456 kB
Mapped:           102632 kB
Shmem:             30072 kB
Slab:             107180 kB
SReclaimable:      66084 kB
SUnreclaim:        41096 kB
KernelStack:        5984 kB
PageTables:        22768 kB
NFS_Unstable:          0 kB
Bounce:                0 kB
WritebackTmp:          0 kB
CommitLimit:     2971292 kB
Committed_AS:    2987500 kB
VmallocTotal:   34359738367 kB
VmallocUsed:           0 kB
VmallocChunk:          0 kB
HardwareCorrupted:     0 kB
AnonHugePages:         0 kB
ShmemHugePages:        0 kB
ShmemPmdMapped:        0 kB
CmaTotal:              0 kB
CmaFree:               0 kB
HugePages_Total:       0
HugePages_Free:        0
HugePages_Rsvd:        0
HugePages_Surp:        0
Hugepagesize:       2048 kB
DirectMap4k:      158320 kB
DirectMap2M:     3940352 kB
DirectMap1G:           0 kB

container (cgroup) information:
container_type: cgroupv1
cpu_cpuset_cpus: 0-3
cpu_memory_nodes: 0
active_processor_count: 4
cpu_quota: -1
cpu_period: 100000
cpu_shares: -1
memory_limit_in_bytes: -1
memory_and_swap_limit_in_bytes: -2
memory_soft_limit_in_bytes: -1
memory_usage_in_bytes: 3709550592
memory_max_usage_in_bytes: 2048000


CPU:total 4 (initial active 4) (2 cores per cpu, 2 threads per core) family 6 model 69 stepping 1, cmov, cx8, fxsr, mmx, sse, sse2, sse3, ssse3, sse4.1, sse4.2, popcnt, avx, avx2, aes, clmul, erms, lzcnt, ht, tsc, tscinvbit, bmi1, bmi2, fma
CPU Model and flags from /proc/cpuinfo:
model name	: Intel(R) Core(TM) i7-4500U CPU @ 1.80GHz
flags		: fpu vme de pse tsc msr pae mce cx8 apic sep mtrr pge mca cmov pat pse36 clflush dts acpi mmx fxsr sse sse2 ss ht tm pbe syscall nx pdpe1gb rdtscp lm constant_tsc arch_perfmon pebs bts rep_good nopl xtopology nonstop_tsc cpuid aperfmperf pni pclmulqdq dtes64 monitor ds_cpl vmx est tm2 ssse3 sdbg fma cx16 xtpr pdcm pcid sse4_1 sse4_2 movbe popcnt tsc_deadline_timer aes xsave avx f16c rdrand lahf_lm abm cpuid_fault epb invpcid_single pti ssbd ibrs ibpb stibp tpr_shadow vnmi flexpriority ept vpid fsgsbase tsc_adjust bmi1 avx2 smep bmi2 erms invpcid xsaveopt dtherm ida arat pln pts flush_l1d

Memory: 4k page, physical 3943748k(127764k free), swap 999420k(582064k free)

vm_info: OpenJDK 64-Bit Server VM (10.0.2+13-Ubuntu-1ubuntu0.18.04.4) for linux-amd64 JRE (10.0.2+13-Ubuntu-1ubuntu0.18.04.4), built on Nov 13 2018 12:53:39 by "buildd" with gcc 7.3.0

END.
