#
# There is insufficient memory for the Java Runtime Environment to continue.
# Native memory allocation (mmap) failed to map 3221225472 bytes for committing reserved memory.
# Possible reasons:
#   The system is out of physical RAM or swap space
#   The process is running with CompressedOops enabled, and the Java Heap may be blocking the growth of the native heap
# Possible solutions:
#   Reduce memory load on the system
#   Increase physical memory or swap space
#   Check if swap backing store is full
#   Decrease Java heap size (-Xmx/-Xms)
#   Decrease number of Java threads
#   Decrease Java thread stack sizes (-Xss)
#   Set larger code cache with -XX:ReservedCodeCacheSize=
# This output file may be truncated or incomplete.
#
#  Out of Memory Error (os_linux.cpp:2706), pid=8482, tid=8484
#
# JRE version:  (10.0.2+13) (build )
# Java VM: OpenJDK 64-Bit Server VM (10.0.2+13-Ubuntu-1ubuntu0.18.04.4, mixed mode, aot, tiered, compressed oops, g1 gc, linux-amd64)
# Core dump will be written. Default location: Core dumps may be processed with "/usr/share/apport/apport %p %s %c %d %P" (or dumping to /opt/forno/minecraft/core.8482)
#

---------------  S U M M A R Y ------------

Command Line: -Xms3g -Xmx3g server.jar nogui

Host: Intel(R) Core(TM) i7-4500U CPU @ 1.80GHz, 4 cores, 3G, Ubuntu 18.04.2 LTS
Time: Thu Mar 21 10:47:00 2019 JST elapsed time: 0 seconds (0d 0h 0m 0s)

---------------  T H R E A D  ---------------

Current thread (0x00007f7df8011000):  JavaThread "Unknown thread" [_thread_in_vm, id=8484, stack(0x00007f7e01aab000,0x00007f7e01bac000)]

Stack: [0x00007f7e01aab000,0x00007f7e01bac000],  sp=0x00007f7e01baa2e0,  free space=1020k
Native frames: (J=compiled Java code, A=aot compiled Java code, j=interpreted, Vv=VM code, C=native code)
V  [libjvm.so+0xd27ea4]
V  [libjvm.so+0xd28a4b]
V  [libjvm.so+0x64d415]
V  [libjvm.so+0xb2d7c8]
V  [libjvm.so+0xb2601d]
V  [libjvm.so+0x7662ff]
V  [libjvm.so+0x76653e]
V  [libjvm.so+0x769500]
V  [libjvm.so+0x7efa1c]
V  [libjvm.so+0x7f06df]
V  [libjvm.so+0x7f0b59]
V  [libjvm.so+0x7162cf]
V  [libjvm.so+0x71afd3]
V  [libjvm.so+0xce5dc2]
V  [libjvm.so+0xce60c6]
V  [libjvm.so+0x807d57]
V  [libjvm.so+0xcc7ac4]
V  [libjvm.so+0x8601b1]  JNI_CreateJavaVM+0x51
C  [libjli.so+0x3d83]
C  [libjli.so+0x89dd]
C  [libpthread.so.0+0x76db]  start_thread+0xdb


---------------  P R O C E S S  ---------------

Threads class SMR info:
_java_thread_list=0x0000555bda5a96b0, length=0, elements={
}

Java Threads: ( => current thread )

Other Threads:
  0x00007f7df8028000 GCTaskThread "GC Thread#0" [stack: 0x00007f7dfdbd4000,0x00007f7dfdcd4000] [id=8485]
  0x00007f7df8029000 GCTaskThread "GC Thread#1" [stack: 0x00007f7dfdad2000,0x00007f7dfdbd2000] [id=8486]
  0x00007f7df802b000 GCTaskThread "GC Thread#2" [stack: 0x00007f7dfd9d0000,0x00007f7dfdad0000] [id=8487]
  0x00007f7df802c800 GCTaskThread "GC Thread#3" [stack: 0x00007f7dfd8ce000,0x00007f7dfd9ce000] [id=8488]
  0x00007f7df806a000 ConcurrentGCThread "G1 Main Marker" [stack: 0x00007f7dfc108000,0x00007f7dfc208000] [id=8489]
  0x00007f7df806c000 ConcurrentGCThread "G1 Conc#0" [stack: 0x00007f7dfc006000,0x00007f7dfc106000] [id=8490]

[error occurred during error reporting (printing all threads), id 0xe0000002]

VM state:not at safepoint (not fully initialized)

VM Mutex/Monitor currently owned by a thread:  ([mutex/lock_event])
[0x00007f7df800df30] Heap_lock - owner thread: 0x00007f7df8011000

Heap address: 0x0000000700000000, size: 3072 MB, Compressed Oops mode: Non-zero based: 0x0000000700000000
Narrow klass base: 0x0000000000000000, Narrow klass shift: 0

GC Heap History (0 events):
No events

Deoptimization events (0 events):
No events

Classes redefined (0 events):
No events

Internal exceptions (0 events):
No events

Events (0 events):
No events


Dynamic libraries:
555bda26c000-555bda26d000 r-xp 00000000 fd:00 20185882                   /usr/lib/jvm/java-11-openjdk-amd64/bin/java
555bda46d000-555bda46e000 r--p 00001000 fd:00 20185882                   /usr/lib/jvm/java-11-openjdk-amd64/bin/java
555bda46e000-555bda46f000 rw-p 00002000 fd:00 20185882                   /usr/lib/jvm/java-11-openjdk-amd64/bin/java
555bda592000-555bda5b3000 rw-p 00000000 00:00 0                          [heap]
7f7dbc000000-7f7dbc021000 rw-p 00000000 00:00 0 
7f7dbc021000-7f7dc0000000 ---p 00000000 00:00 0 
7f7dc2000000-7f7dc4000000 rw-p 00000000 00:00 0 
7f7dc4000000-7f7dc4021000 rw-p 00000000 00:00 0 
7f7dc4021000-7f7dc8000000 ---p 00000000 00:00 0 
7f7dc8000000-7f7dc8021000 rw-p 00000000 00:00 0 
7f7dc8021000-7f7dcc000000 ---p 00000000 00:00 0 
7f7dcd000000-7f7dd0000000 ---p 00000000 00:00 0 
7f7dd0000000-7f7dd0021000 rw-p 00000000 00:00 0 
7f7dd0021000-7f7dd4000000 ---p 00000000 00:00 0 
7f7dd4000000-7f7dd4021000 rw-p 00000000 00:00 0 
7f7dd4021000-7f7dd8000000 ---p 00000000 00:00 0 
7f7dd8000000-7f7dd8021000 rw-p 00000000 00:00 0 
7f7dd8021000-7f7ddc000000 ---p 00000000 00:00 0 
7f7ddc721000-7f7ddcb25000 rw-p 00000000 00:00 0 
7f7ddcb25000-7f7ddfb25000 ---p 00000000 00:00 0 
7f7ddfb25000-7f7ddfd95000 rwxp 00000000 00:00 0 
7f7ddfd95000-7f7de00b5000 ---p 00000000 00:00 0 
7f7de00b5000-7f7de0325000 rwxp 00000000 00:00 0 
7f7de0325000-7f7de75ed000 ---p 00000000 00:00 0 
7f7de75ed000-7f7de785d000 rwxp 00000000 00:00 0 
7f7de785d000-7f7deeb25000 ---p 00000000 00:00 0 
7f7deeb25000-7f7df8000000 r--s 00000000 fd:00 20186057                   /usr/lib/jvm/java-11-openjdk-amd64/lib/modules
7f7df8000000-7f7df8083000 rw-p 00000000 00:00 0 
7f7df8083000-7f7dfc000000 ---p 00000000 00:00 0 
7f7dfc004000-7f7dfc005000 ---p 00000000 00:00 0 
7f7dfc005000-7f7dfc106000 rw-p 00000000 00:00 0 
7f7dfc106000-7f7dfc107000 ---p 00000000 00:00 0 
7f7dfc107000-7f7dfc2c8000 rw-p 00000000 00:00 0 
7f7dfc2c8000-7f7dfd4c8000 ---p 00000000 00:00 0 
7f7dfd4c8000-7f7dfd8cc000 rw-p 00000000 00:00 0 
7f7dfd8cc000-7f7dfd8cd000 ---p 00000000 00:00 0 
7f7dfd8cd000-7f7dfd9ce000 rw-p 00000000 00:00 0 
7f7dfd9ce000-7f7dfd9cf000 ---p 00000000 00:00 0 
7f7dfd9cf000-7f7dfdad0000 rw-p 00000000 00:00 0 
7f7dfdad0000-7f7dfdad1000 ---p 00000000 00:00 0 
7f7dfdad1000-7f7dfdbd2000 rw-p 00000000 00:00 0 
7f7dfdbd2000-7f7dfdbd3000 ---p 00000000 00:00 0 
7f7dfdbd3000-7f7dfdcd9000 rw-p 00000000 00:00 0 
7f7dfdcd9000-7f7dfddbf000 ---p 00000000 00:00 0 
7f7dfddbf000-7f7dfddc4000 rw-p 00000000 00:00 0 
7f7dfddc4000-7f7dfdeaa000 ---p 00000000 00:00 0 
7f7dfdeaa000-7f7dfdeaf000 r-xp 00000000 fd:00 20186039                   /usr/lib/jvm/java-11-openjdk-amd64/lib/libjimage.so
7f7dfdeaf000-7f7dfe0ae000 ---p 00005000 fd:00 20186039                   /usr/lib/jvm/java-11-openjdk-amd64/lib/libjimage.so
7f7dfe0ae000-7f7dfe0af000 r--p 00004000 fd:00 20186039                   /usr/lib/jvm/java-11-openjdk-amd64/lib/libjimage.so
7f7dfe0af000-7f7dfe0b0000 rw-p 00005000 fd:00 20186039                   /usr/lib/jvm/java-11-openjdk-amd64/lib/libjimage.so
7f7dfe0b0000-7f7dfe0b7000 r-xp 00000000 fd:00 20186056                   /usr/lib/jvm/java-11-openjdk-amd64/lib/libzip.so
7f7dfe0b7000-7f7dfe2b6000 ---p 00007000 fd:00 20186056                   /usr/lib/jvm/java-11-openjdk-amd64/lib/libzip.so
7f7dfe2b6000-7f7dfe2b7000 r--p 00006000 fd:00 20186056                   /usr/lib/jvm/java-11-openjdk-amd64/lib/libzip.so
7f7dfe2b7000-7f7dfe2b8000 rw-p 00007000 fd:00 20186056                   /usr/lib/jvm/java-11-openjdk-amd64/lib/libzip.so
7f7dfe2b8000-7f7dfe2c3000 r-xp 00000000 fd:00 44176093                   /lib/x86_64-linux-gnu/libnss_files-2.27.so
7f7dfe2c3000-7f7dfe4c2000 ---p 0000b000 fd:00 44176093                   /lib/x86_64-linux-gnu/libnss_files-2.27.so
7f7dfe4c2000-7f7dfe4c3000 r--p 0000a000 fd:00 44176093                   /lib/x86_64-linux-gnu/libnss_files-2.27.so
7f7dfe4c3000-7f7dfe4c4000 rw-p 0000b000 fd:00 44176093                   /lib/x86_64-linux-gnu/libnss_files-2.27.so
7f7dfe4c4000-7f7dfe4ca000 rw-p 00000000 00:00 0 
7f7dfe4ca000-7f7dfe4e1000 r-xp 00000000 fd:00 44176087                   /lib/x86_64-linux-gnu/libnsl-2.27.so
7f7dfe4e1000-7f7dfe6e0000 ---p 00017000 fd:00 44176087                   /lib/x86_64-linux-gnu/libnsl-2.27.so
7f7dfe6e0000-7f7dfe6e1000 r--p 00016000 fd:00 44176087                   /lib/x86_64-linux-gnu/libnsl-2.27.so
7f7dfe6e1000-7f7dfe6e2000 rw-p 00017000 fd:00 44176087                   /lib/x86_64-linux-gnu/libnsl-2.27.so
7f7dfe6e2000-7f7dfe6e4000 rw-p 00000000 00:00 0 
7f7dfe6e4000-7f7dfe6ef000 r-xp 00000000 fd:00 44176104                   /lib/x86_64-linux-gnu/libnss_nis-2.27.so
7f7dfe6ef000-7f7dfe8ee000 ---p 0000b000 fd:00 44176104                   /lib/x86_64-linux-gnu/libnss_nis-2.27.so
7f7dfe8ee000-7f7dfe8ef000 r--p 0000a000 fd:00 44176104                   /lib/x86_64-linux-gnu/libnss_nis-2.27.so
7f7dfe8ef000-7f7dfe8f0000 rw-p 0000b000 fd:00 44176104                   /lib/x86_64-linux-gnu/libnss_nis-2.27.so
7f7dfe8f0000-7f7dfe8f8000 r-xp 00000000 fd:00 44176089                   /lib/x86_64-linux-gnu/libnss_compat-2.27.so
7f7dfe8f8000-7f7dfeaf8000 ---p 00008000 fd:00 44176089                   /lib/x86_64-linux-gnu/libnss_compat-2.27.so
7f7dfeaf8000-7f7dfeaf9000 r--p 00008000 fd:00 44176089                   /lib/x86_64-linux-gnu/libnss_compat-2.27.so
7f7dfeaf9000-7f7dfeafa000 rw-p 00009000 fd:00 44176089                   /lib/x86_64-linux-gnu/libnss_compat-2.27.so
7f7dfeafa000-7f7dfeb26000 r-xp 00000000 fd:00 20186035                   /usr/lib/jvm/java-11-openjdk-amd64/lib/libjava.so
7f7dfeb26000-7f7dfed25000 ---p 0002c000 fd:00 20186035                   /usr/lib/jvm/java-11-openjdk-amd64/lib/libjava.so
7f7dfed25000-7f7dfed26000 r--p 0002b000 fd:00 20186035                   /usr/lib/jvm/java-11-openjdk-amd64/lib/libjava.so
7f7dfed26000-7f7dfed28000 rw-p 0002c000 fd:00 20186035                   /usr/lib/jvm/java-11-openjdk-amd64/lib/libjava.so
7f7dfed28000-7f7dfed35000 r-xp 00000000 fd:00 20186055                   /usr/lib/jvm/java-11-openjdk-amd64/lib/libverify.so
7f7dfed35000-7f7dfef34000 ---p 0000d000 fd:00 20186055                   /usr/lib/jvm/java-11-openjdk-amd64/lib/libverify.so
7f7dfef34000-7f7dfef36000 r--p 0000c000 fd:00 20186055                   /usr/lib/jvm/java-11-openjdk-amd64/lib/libverify.so
7f7dfef36000-7f7dfef37000 rw-p 0000e000 fd:00 20186055                   /usr/lib/jvm/java-11-openjdk-amd64/lib/libverify.so
7f7dfef37000-7f7dfef3e000 r-xp 00000000 fd:00 44176144                   /lib/x86_64-linux-gnu/librt-2.27.so
7f7dfef3e000-7f7dff13d000 ---p 00007000 fd:00 44176144                   /lib/x86_64-linux-gnu/librt-2.27.so
7f7dff13d000-7f7dff13e000 r--p 00006000 fd:00 44176144                   /lib/x86_64-linux-gnu/librt-2.27.so
7f7dff13e000-7f7dff13f000 rw-p 00007000 fd:00 44176144                   /lib/x86_64-linux-gnu/librt-2.27.so
7f7dff13f000-7f7dff156000 r-xp 00000000 fd:00 44175907                   /lib/x86_64-linux-gnu/libgcc_s.so.1
7f7dff156000-7f7dff355000 ---p 00017000 fd:00 44175907                   /lib/x86_64-linux-gnu/libgcc_s.so.1
7f7dff355000-7f7dff356000 r--p 00016000 fd:00 44175907                   /lib/x86_64-linux-gnu/libgcc_s.so.1
7f7dff356000-7f7dff357000 rw-p 00017000 fd:00 44175907                   /lib/x86_64-linux-gnu/libgcc_s.so.1
7f7dff357000-7f7dff4f4000 r-xp 00000000 fd:00 44176066                   /lib/x86_64-linux-gnu/libm-2.27.so
7f7dff4f4000-7f7dff6f3000 ---p 0019d000 fd:00 44176066                   /lib/x86_64-linux-gnu/libm-2.27.so
7f7dff6f3000-7f7dff6f4000 r--p 0019c000 fd:00 44176066                   /lib/x86_64-linux-gnu/libm-2.27.so
7f7dff6f4000-7f7dff6f5000 rw-p 0019d000 fd:00 44176066                   /lib/x86_64-linux-gnu/libm-2.27.so
7f7dff6f5000-7f7dff86e000 r-xp 00000000 fd:00 18090134                   /usr/lib/x86_64-linux-gnu/libstdc++.so.6.0.25
7f7dff86e000-7f7dffa6e000 ---p 00179000 fd:00 18090134                   /usr/lib/x86_64-linux-gnu/libstdc++.so.6.0.25
7f7dffa6e000-7f7dffa78000 r--p 00179000 fd:00 18090134                   /usr/lib/x86_64-linux-gnu/libstdc++.so.6.0.25
7f7dffa78000-7f7dffa7a000 rw-p 00183000 fd:00 18090134                   /usr/lib/x86_64-linux-gnu/libstdc++.so.6.0.25
7f7dffa7a000-7f7dffa7e000 rw-p 00000000 00:00 0 
7f7dffa7e000-7f7e00a1b000 r-xp 00000000 fd:00 20186062                   /usr/lib/jvm/java-11-openjdk-amd64/lib/server/libjvm.so
7f7e00a1b000-7f7e00c1b000 ---p 00f9d000 fd:00 20186062                   /usr/lib/jvm/java-11-openjdk-amd64/lib/server/libjvm.so
7f7e00c1b000-7f7e00cdf000 r--p 00f9d000 fd:00 20186062                   /usr/lib/jvm/java-11-openjdk-amd64/lib/server/libjvm.so
7f7e00cdf000-7f7e00d17000 rw-p 01061000 fd:00 20186062                   /usr/lib/jvm/java-11-openjdk-amd64/lib/server/libjvm.so
7f7e00d17000-7f7e00d60000 rw-p 00000000 00:00 0 
7f7e00d60000-7f7e00d7a000 r-xp 00000000 fd:00 44176136                   /lib/x86_64-linux-gnu/libpthread-2.27.so
7f7e00d7a000-7f7e00f79000 ---p 0001a000 fd:00 44176136                   /lib/x86_64-linux-gnu/libpthread-2.27.so
7f7e00f79000-7f7e00f7a000 r--p 00019000 fd:00 44176136                   /lib/x86_64-linux-gnu/libpthread-2.27.so
7f7e00f7a000-7f7e00f7b000 rw-p 0001a000 fd:00 44176136                   /lib/x86_64-linux-gnu/libpthread-2.27.so
7f7e00f7b000-7f7e00f7f000 rw-p 00000000 00:00 0 
7f7e00f7f000-7f7e00f82000 r-xp 00000000 fd:00 44176026                   /lib/x86_64-linux-gnu/libdl-2.27.so
7f7e00f82000-7f7e01181000 ---p 00003000 fd:00 44176026                   /lib/x86_64-linux-gnu/libdl-2.27.so
7f7e01181000-7f7e01182000 r--p 00002000 fd:00 44176026                   /lib/x86_64-linux-gnu/libdl-2.27.so
7f7e01182000-7f7e01183000 rw-p 00003000 fd:00 44176026                   /lib/x86_64-linux-gnu/libdl-2.27.so
7f7e01183000-7f7e0119f000 r-xp 00000000 fd:00 44176175                   /lib/x86_64-linux-gnu/libz.so.1.2.11
7f7e0119f000-7f7e0139e000 ---p 0001c000 fd:00 44176175                   /lib/x86_64-linux-gnu/libz.so.1.2.11
7f7e0139e000-7f7e0139f000 r--p 0001b000 fd:00 44176175                   /lib/x86_64-linux-gnu/libz.so.1.2.11
7f7e0139f000-7f7e013a0000 rw-p 0001c000 fd:00 44176175                   /lib/x86_64-linux-gnu/libz.so.1.2.11
7f7e013a0000-7f7e01587000 r-xp 00000000 fd:00 44176003                   /lib/x86_64-linux-gnu/libc-2.27.so
7f7e01587000-7f7e01787000 ---p 001e7000 fd:00 44176003                   /lib/x86_64-linux-gnu/libc-2.27.so
7f7e01787000-7f7e0178b000 r--p 001e7000 fd:00 44176003                   /lib/x86_64-linux-gnu/libc-2.27.so
7f7e0178b000-7f7e0178d000 rw-p 001eb000 fd:00 44176003                   /lib/x86_64-linux-gnu/libc-2.27.so
7f7e0178d000-7f7e01791000 rw-p 00000000 00:00 0 
7f7e01791000-7f7e017a0000 r-xp 00000000 fd:00 20186020                   /usr/lib/jvm/java-11-openjdk-amd64/lib/jli/libjli.so
7f7e017a0000-7f7e0199f000 ---p 0000f000 fd:00 20186020                   /usr/lib/jvm/java-11-openjdk-amd64/lib/jli/libjli.so
7f7e0199f000-7f7e019a0000 r--p 0000e000 fd:00 20186020                   /usr/lib/jvm/java-11-openjdk-amd64/lib/jli/libjli.so
7f7e019a0000-7f7e019a1000 rw-p 0000f000 fd:00 20186020                   /usr/lib/jvm/java-11-openjdk-amd64/lib/jli/libjli.so
7f7e019a1000-7f7e019c8000 r-xp 00000000 fd:00 44175975                   /lib/x86_64-linux-gnu/ld-2.27.so
7f7e01a44000-7f7e01aab000 rw-p 00000000 00:00 0 
7f7e01aab000-7f7e01aaf000 ---p 00000000 00:00 0 
7f7e01aaf000-7f7e01bae000 rw-p 00000000 00:00 0 
7f7e01baf000-7f7e01bb5000 rw-p 00000000 00:00 0 
7f7e01bb5000-7f7e01bbc000 ---p 00000000 00:00 0 
7f7e01bbc000-7f7e01bc4000 rw-s 00000000 fd:00 16121869                   /tmp/hsperfdata_minecraft/8482
7f7e01bc4000-7f7e01bc5000 ---p 00000000 00:00 0 
7f7e01bc5000-7f7e01bc6000 r--p 00000000 00:00 0 
7f7e01bc6000-7f7e01bc8000 rw-p 00000000 00:00 0 
7f7e01bc8000-7f7e01bc9000 r--p 00027000 fd:00 44175975                   /lib/x86_64-linux-gnu/ld-2.27.so
7f7e01bc9000-7f7e01bca000 rw-p 00028000 fd:00 44175975                   /lib/x86_64-linux-gnu/ld-2.27.so
7f7e01bca000-7f7e01bcb000 rw-p 00000000 00:00 0 
7ffd6f081000-7ffd6f0a2000 rw-p 00000000 00:00 0                          [stack]
7ffd6f0c5000-7ffd6f0c8000 r--p 00000000 00:00 0                          [vvar]
7ffd6f0c8000-7ffd6f0ca000 r-xp 00000000 00:00 0                          [vdso]
ffffffffff600000-ffffffffff601000 r-xp 00000000 00:00 0                  [vsyscall]


VM Arguments:
jvm_args: -Xms3g -Xmx3g 
java_command: server.jar nogui
java_class_path (initial): server.jar
Launcher Type: SUN_STANDARD

Logging:
Log output configuration:
#0: stdout all=warning uptime,level,tags
#1: stderr all=off uptime,level,tags

Environment Variables:
PATH=/usr/local/sbin:/usr/local/bin:/usr/sbin:/usr/bin:/sbin:/bin
SHELL=/bin/sh

Signal Handlers:
SIGSEGV: [libjvm.so+0xd28b70], sa_mask[0]=11111111011111111101111111111110, sa_flags=SA_RESTART|SA_SIGINFO
SIGBUS: [libjvm.so+0xd28b70], sa_mask[0]=11111111011111111101111111111110, sa_flags=SA_RESTART|SA_SIGINFO
SIGFPE: [libjvm.so+0xd28b70], sa_mask[0]=11111111011111111101111111111110, sa_flags=SA_RESTART|SA_SIGINFO
SIGPIPE: [libjvm.so+0xb2a1f0], sa_mask[0]=11111111011111111101111111111110, sa_flags=SA_RESTART|SA_SIGINFO
SIGXFSZ: [libjvm.so+0xb2a1f0], sa_mask[0]=11111111011111111101111111111110, sa_flags=SA_RESTART|SA_SIGINFO
SIGILL: [libjvm.so+0xd28b70], sa_mask[0]=11111111011111111101111111111110, sa_flags=SA_RESTART|SA_SIGINFO
SIGUSR2: [libjvm.so+0xb2a030], sa_mask[0]=00000000000000000000000000000000, sa_flags=SA_RESTART|SA_SIGINFO
SIGHUP: SIG_DFL, sa_mask[0]=00000000000000000000000000000000, sa_flags=none
SIGINT: SIG_DFL, sa_mask[0]=00000000000000000000000000000000, sa_flags=none
SIGTERM: SIG_DFL, sa_mask[0]=00000000000000000000000000000000, sa_flags=none
SIGQUIT: SIG_DFL, sa_mask[0]=00000000000000000000000000000000, sa_flags=none


---------------  S Y S T E M  ---------------

OS:DISTRIB_ID=Ubuntu
DISTRIB_RELEASE=18.04
DISTRIB_CODENAME=bionic
DISTRIB_DESCRIPTION="Ubuntu 18.04.2 LTS"
uname:Linux 4.15.0-46-generic #49-Ubuntu SMP Wed Feb 6 09:33:07 UTC 2019 x86_64
libc:glibc 2.27 NPTL 2.27 
rlimit: STACK 8192k, CORE 0k, NPROC 15099, NOFILE 4096, AS infinity, DATA infinity, FSIZE infinity
load average:1.30 1.33 1.31

/proc/meminfo:
MemTotal:        3943748 kB
MemFree:          115700 kB
MemAvailable:    1004156 kB
Buffers:           34380 kB
Cached:          1053724 kB
SwapCached:        11484 kB
Active:          2809524 kB
Inactive:         823096 kB
Active(anon):    2057908 kB
Inactive(anon):   517316 kB
Active(file):     751616 kB
Inactive(file):   305780 kB
Unevictable:           0 kB
Mlocked:               0 kB
SwapTotal:        999420 kB
SwapFree:         612784 kB
Dirty:              3520 kB
Writeback:             0 kB
AnonPages:       2541088 kB
Mapped:           113064 kB
Shmem:             30708 kB
Slab:             108464 kB
SReclaimable:      67656 kB
SUnreclaim:        40808 kB
KernelStack:        6048 kB
PageTables:        24764 kB
NFS_Unstable:          0 kB
Bounce:                0 kB
WritebackTmp:          0 kB
CommitLimit:     2971292 kB
Committed_AS:    3302788 kB
VmallocTotal:   34359738367 kB
VmallocUsed:           0 kB
VmallocChunk:          0 kB
HardwareCorrupted:     0 kB
AnonHugePages:         0 kB
ShmemHugePages:        0 kB
ShmemPmdMapped:        0 kB
CmaTotal:              0 kB
CmaFree:               0 kB
HugePages_Total:       0
HugePages_Free:        0
HugePages_Rsvd:        0
HugePages_Surp:        0
Hugepagesize:       2048 kB
DirectMap4k:      158320 kB
DirectMap2M:     3940352 kB
DirectMap1G:           0 kB

container (cgroup) information:
container_type: cgroupv1
cpu_cpuset_cpus: 0-3
cpu_memory_nodes: 0
active_processor_count: 4
cpu_quota: -1
cpu_period: 100000
cpu_shares: -1
memory_limit_in_bytes: -1
memory_and_swap_limit_in_bytes: -2
memory_soft_limit_in_bytes: -1
memory_usage_in_bytes: 3717652480
memory_max_usage_in_bytes: 2048000


CPU:total 4 (initial active 4) (2 cores per cpu, 2 threads per core) family 6 model 69 stepping 1, cmov, cx8, fxsr, mmx, sse, sse2, sse3, ssse3, sse4.1, sse4.2, popcnt, avx, avx2, aes, clmul, erms, lzcnt, ht, tsc, tscinvbit, bmi1, bmi2, fma
CPU Model and flags from /proc/cpuinfo:
model name	: Intel(R) Core(TM) i7-4500U CPU @ 1.80GHz
flags		: fpu vme de pse tsc msr pae mce cx8 apic sep mtrr pge mca cmov pat pse36 clflush dts acpi mmx fxsr sse sse2 ss ht tm pbe syscall nx pdpe1gb rdtscp lm constant_tsc arch_perfmon pebs bts rep_good nopl xtopology nonstop_tsc cpuid aperfmperf pni pclmulqdq dtes64 monitor ds_cpl vmx est tm2 ssse3 sdbg fma cx16 xtpr pdcm pcid sse4_1 sse4_2 movbe popcnt tsc_deadline_timer aes xsave avx f16c rdrand lahf_lm abm cpuid_fault epb invpcid_single pti ssbd ibrs ibpb stibp tpr_shadow vnmi flexpriority ept vpid fsgsbase tsc_adjust bmi1 avx2 smep bmi2 erms invpcid xsaveopt dtherm ida arat pln pts flush_l1d

Memory: 4k page, physical 3943748k(115700k free), swap 999420k(612784k free)

vm_info: OpenJDK 64-Bit Server VM (10.0.2+13-Ubuntu-1ubuntu0.18.04.4) for linux-amd64 JRE (10.0.2+13-Ubuntu-1ubuntu0.18.04.4), built on Nov 13 2018 12:53:39 by "buildd" with gcc 7.3.0

END.
