#
# There is insufficient memory for the Java Runtime Environment to continue.
# Native memory allocation (mmap) failed to map 3221225472 bytes for committing reserved memory.
# Possible reasons:
#   The system is out of physical RAM or swap space
#   The process is running with CompressedOops enabled, and the Java Heap may be blocking the growth of the native heap
# Possible solutions:
#   Reduce memory load on the system
#   Increase physical memory or swap space
#   Check if swap backing store is full
#   Decrease Java heap size (-Xmx/-Xms)
#   Decrease number of Java threads
#   Decrease Java thread stack sizes (-Xss)
#   Set larger code cache with -XX:ReservedCodeCacheSize=
# This output file may be truncated or incomplete.
#
#  Out of Memory Error (os_linux.cpp:2706), pid=29706, tid=29707
#
# JRE version:  (10.0.2+13) (build )
# Java VM: OpenJDK 64-Bit Server VM (10.0.2+13-Ubuntu-1ubuntu0.18.04.4, mixed mode, aot, tiered, compressed oops, g1 gc, linux-amd64)
# Core dump will be written. Default location: Core dumps may be processed with "/usr/share/apport/apport %p %s %c %d %P" (or dumping to /opt/forno/minecraft/core.29706)
#

---------------  S U M M A R Y ------------

Command Line: -Xms3g -Xmx3g server.jar nogui

Host: Intel(R) Core(TM) i7-4500U CPU @ 1.80GHz, 4 cores, 3G, Ubuntu 18.04.2 LTS
Time: Thu Mar 21 11:08:05 2019 JST elapsed time: 0 seconds (0d 0h 0m 0s)

---------------  T H R E A D  ---------------

Current thread (0x00007f27d8011000):  JavaThread "Unknown thread" [_thread_in_vm, id=29707, stack(0x00007f27e1a67000,0x00007f27e1b68000)]

Stack: [0x00007f27e1a67000,0x00007f27e1b68000],  sp=0x00007f27e1b662e0,  free space=1020k
Native frames: (J=compiled Java code, A=aot compiled Java code, j=interpreted, Vv=VM code, C=native code)
V  [libjvm.so+0xd27ea4]
V  [libjvm.so+0xd28a4b]
V  [libjvm.so+0x64d415]
V  [libjvm.so+0xb2d7c8]
V  [libjvm.so+0xb2601d]
V  [libjvm.so+0x7662ff]
V  [libjvm.so+0x76653e]
V  [libjvm.so+0x769500]
V  [libjvm.so+0x7efa1c]
V  [libjvm.so+0x7f06df]
V  [libjvm.so+0x7f0b59]
V  [libjvm.so+0x7162cf]
V  [libjvm.so+0x71afd3]
V  [libjvm.so+0xce5dc2]
V  [libjvm.so+0xce60c6]
V  [libjvm.so+0x807d57]
V  [libjvm.so+0xcc7ac4]
V  [libjvm.so+0x8601b1]  JNI_CreateJavaVM+0x51
C  [libjli.so+0x3d83]
C  [libjli.so+0x89dd]
C  [libpthread.so.0+0x76db]  start_thread+0xdb


---------------  P R O C E S S  ---------------

Threads class SMR info:
_java_thread_list=0x000055f0015376b0, length=0, elements={
}

Java Threads: ( => current thread )

Other Threads:
  0x00007f27d8028000 GCTaskThread "GC Thread#0" [stack: 0x00007f27ddb90000,0x00007f27ddc90000] [id=29708]
  0x00007f27d8029000 GCTaskThread "GC Thread#1" [stack: 0x00007f27dda8e000,0x00007f27ddb8e000] [id=29709]
  0x00007f27d802b000 GCTaskThread "GC Thread#2" [stack: 0x00007f27dd98c000,0x00007f27dda8c000] [id=29710]
  0x00007f27d802c800 GCTaskThread "GC Thread#3" [stack: 0x00007f27dd88a000,0x00007f27dd98a000] [id=29711]
  0x00007f27d806a000 ConcurrentGCThread "G1 Main Marker" [stack: 0x00007f27dc0c4000,0x00007f27dc1c4000] [id=29712]
  0x00007f27d806c000 ConcurrentGCThread "G1 Conc#0" [stack: 0x00007f27bca25000,0x00007f27bcb25000] [id=29713]

[error occurred during error reporting (printing all threads), id 0xe0000002]

VM state:not at safepoint (not fully initialized)

VM Mutex/Monitor currently owned by a thread:  ([mutex/lock_event])
[0x00007f27d800df30] Heap_lock - owner thread: 0x00007f27d8011000

Heap address: 0x0000000700000000, size: 3072 MB, Compressed Oops mode: Non-zero based: 0x0000000700000000
Narrow klass base: 0x0000000000000000, Narrow klass shift: 0

GC Heap History (0 events):
No events

Deoptimization events (0 events):
No events

Classes redefined (0 events):
No events

Internal exceptions (0 events):
No events

Events (0 events):
No events


Dynamic libraries:
55efffc07000-55efffc08000 r-xp 00000000 fd:00 20185882                   /usr/lib/jvm/java-11-openjdk-amd64/bin/java
55efffe08000-55efffe09000 r--p 00001000 fd:00 20185882                   /usr/lib/jvm/java-11-openjdk-amd64/bin/java
55efffe09000-55efffe0a000 rw-p 00002000 fd:00 20185882                   /usr/lib/jvm/java-11-openjdk-amd64/bin/java
55f001520000-55f001541000 rw-p 00000000 00:00 0                          [heap]
7f279c000000-7f279c021000 rw-p 00000000 00:00 0 
7f279c021000-7f27a0000000 ---p 00000000 00:00 0 
7f27a2000000-7f27a4000000 rw-p 00000000 00:00 0 
7f27a4000000-7f27a4021000 rw-p 00000000 00:00 0 
7f27a4021000-7f27a8000000 ---p 00000000 00:00 0 
7f27a8000000-7f27a8021000 rw-p 00000000 00:00 0 
7f27a8021000-7f27ac000000 ---p 00000000 00:00 0 
7f27ad000000-7f27b0000000 ---p 00000000 00:00 0 
7f27b0000000-7f27b0021000 rw-p 00000000 00:00 0 
7f27b0021000-7f27b4000000 ---p 00000000 00:00 0 
7f27b4000000-7f27b4021000 rw-p 00000000 00:00 0 
7f27b4021000-7f27b8000000 ---p 00000000 00:00 0 
7f27b8000000-7f27b8021000 rw-p 00000000 00:00 0 
7f27b8021000-7f27bc000000 ---p 00000000 00:00 0 
7f27bc61f000-7f27bca23000 rw-p 00000000 00:00 0 
7f27bca23000-7f27bca24000 ---p 00000000 00:00 0 
7f27bca24000-7f27bcb25000 rw-p 00000000 00:00 0 
7f27bcb25000-7f27bfb25000 ---p 00000000 00:00 0 
7f27bfb25000-7f27bfd95000 rwxp 00000000 00:00 0 
7f27bfd95000-7f27c00b5000 ---p 00000000 00:00 0 
7f27c00b5000-7f27c0325000 rwxp 00000000 00:00 0 
7f27c0325000-7f27c75ed000 ---p 00000000 00:00 0 
7f27c75ed000-7f27c785d000 rwxp 00000000 00:00 0 
7f27c785d000-7f27ceb25000 ---p 00000000 00:00 0 
7f27ceb25000-7f27d8000000 r--s 00000000 fd:00 20186057                   /usr/lib/jvm/java-11-openjdk-amd64/lib/modules
7f27d8000000-7f27d8083000 rw-p 00000000 00:00 0 
7f27d8083000-7f27dc000000 ---p 00000000 00:00 0 
7f27dc0c2000-7f27dc0c3000 ---p 00000000 00:00 0 
7f27dc0c3000-7f27dc284000 rw-p 00000000 00:00 0 
7f27dc284000-7f27dd484000 ---p 00000000 00:00 0 
7f27dd484000-7f27dd888000 rw-p 00000000 00:00 0 
7f27dd888000-7f27dd889000 ---p 00000000 00:00 0 
7f27dd889000-7f27dd98a000 rw-p 00000000 00:00 0 
7f27dd98a000-7f27dd98b000 ---p 00000000 00:00 0 
7f27dd98b000-7f27dda8c000 rw-p 00000000 00:00 0 
7f27dda8c000-7f27dda8d000 ---p 00000000 00:00 0 
7f27dda8d000-7f27ddb8e000 rw-p 00000000 00:00 0 
7f27ddb8e000-7f27ddb8f000 ---p 00000000 00:00 0 
7f27ddb8f000-7f27ddc95000 rw-p 00000000 00:00 0 
7f27ddc95000-7f27ddd7b000 ---p 00000000 00:00 0 
7f27ddd7b000-7f27ddd80000 rw-p 00000000 00:00 0 
7f27ddd80000-7f27dde66000 ---p 00000000 00:00 0 
7f27dde66000-7f27dde6b000 r-xp 00000000 fd:00 20186039                   /usr/lib/jvm/java-11-openjdk-amd64/lib/libjimage.so
7f27dde6b000-7f27de06a000 ---p 00005000 fd:00 20186039                   /usr/lib/jvm/java-11-openjdk-amd64/lib/libjimage.so
7f27de06a000-7f27de06b000 r--p 00004000 fd:00 20186039                   /usr/lib/jvm/java-11-openjdk-amd64/lib/libjimage.so
7f27de06b000-7f27de06c000 rw-p 00005000 fd:00 20186039                   /usr/lib/jvm/java-11-openjdk-amd64/lib/libjimage.so
7f27de06c000-7f27de073000 r-xp 00000000 fd:00 20186056                   /usr/lib/jvm/java-11-openjdk-amd64/lib/libzip.so
7f27de073000-7f27de272000 ---p 00007000 fd:00 20186056                   /usr/lib/jvm/java-11-openjdk-amd64/lib/libzip.so
7f27de272000-7f27de273000 r--p 00006000 fd:00 20186056                   /usr/lib/jvm/java-11-openjdk-amd64/lib/libzip.so
7f27de273000-7f27de274000 rw-p 00007000 fd:00 20186056                   /usr/lib/jvm/java-11-openjdk-amd64/lib/libzip.so
7f27de274000-7f27de27f000 r-xp 00000000 fd:00 44176093                   /lib/x86_64-linux-gnu/libnss_files-2.27.so
7f27de27f000-7f27de47e000 ---p 0000b000 fd:00 44176093                   /lib/x86_64-linux-gnu/libnss_files-2.27.so
7f27de47e000-7f27de47f000 r--p 0000a000 fd:00 44176093                   /lib/x86_64-linux-gnu/libnss_files-2.27.so
7f27de47f000-7f27de480000 rw-p 0000b000 fd:00 44176093                   /lib/x86_64-linux-gnu/libnss_files-2.27.so
7f27de480000-7f27de486000 rw-p 00000000 00:00 0 
7f27de486000-7f27de49d000 r-xp 00000000 fd:00 44176087                   /lib/x86_64-linux-gnu/libnsl-2.27.so
7f27de49d000-7f27de69c000 ---p 00017000 fd:00 44176087                   /lib/x86_64-linux-gnu/libnsl-2.27.so
7f27de69c000-7f27de69d000 r--p 00016000 fd:00 44176087                   /lib/x86_64-linux-gnu/libnsl-2.27.so
7f27de69d000-7f27de69e000 rw-p 00017000 fd:00 44176087                   /lib/x86_64-linux-gnu/libnsl-2.27.so
7f27de69e000-7f27de6a0000 rw-p 00000000 00:00 0 
7f27de6a0000-7f27de6ab000 r-xp 00000000 fd:00 44176104                   /lib/x86_64-linux-gnu/libnss_nis-2.27.so
7f27de6ab000-7f27de8aa000 ---p 0000b000 fd:00 44176104                   /lib/x86_64-linux-gnu/libnss_nis-2.27.so
7f27de8aa000-7f27de8ab000 r--p 0000a000 fd:00 44176104                   /lib/x86_64-linux-gnu/libnss_nis-2.27.so
7f27de8ab000-7f27de8ac000 rw-p 0000b000 fd:00 44176104                   /lib/x86_64-linux-gnu/libnss_nis-2.27.so
7f27de8ac000-7f27de8b4000 r-xp 00000000 fd:00 44176089                   /lib/x86_64-linux-gnu/libnss_compat-2.27.so
7f27de8b4000-7f27deab4000 ---p 00008000 fd:00 44176089                   /lib/x86_64-linux-gnu/libnss_compat-2.27.so
7f27deab4000-7f27deab5000 r--p 00008000 fd:00 44176089                   /lib/x86_64-linux-gnu/libnss_compat-2.27.so
7f27deab5000-7f27deab6000 rw-p 00009000 fd:00 44176089                   /lib/x86_64-linux-gnu/libnss_compat-2.27.so
7f27deab6000-7f27deae2000 r-xp 00000000 fd:00 20186035                   /usr/lib/jvm/java-11-openjdk-amd64/lib/libjava.so
7f27deae2000-7f27dece1000 ---p 0002c000 fd:00 20186035                   /usr/lib/jvm/java-11-openjdk-amd64/lib/libjava.so
7f27dece1000-7f27dece2000 r--p 0002b000 fd:00 20186035                   /usr/lib/jvm/java-11-openjdk-amd64/lib/libjava.so
7f27dece2000-7f27dece4000 rw-p 0002c000 fd:00 20186035                   /usr/lib/jvm/java-11-openjdk-amd64/lib/libjava.so
7f27dece4000-7f27decf1000 r-xp 00000000 fd:00 20186055                   /usr/lib/jvm/java-11-openjdk-amd64/lib/libverify.so
7f27decf1000-7f27deef0000 ---p 0000d000 fd:00 20186055                   /usr/lib/jvm/java-11-openjdk-amd64/lib/libverify.so
7f27deef0000-7f27deef2000 r--p 0000c000 fd:00 20186055                   /usr/lib/jvm/java-11-openjdk-amd64/lib/libverify.so
7f27deef2000-7f27deef3000 rw-p 0000e000 fd:00 20186055                   /usr/lib/jvm/java-11-openjdk-amd64/lib/libverify.so
7f27deef3000-7f27deefa000 r-xp 00000000 fd:00 44176144                   /lib/x86_64-linux-gnu/librt-2.27.so
7f27deefa000-7f27df0f9000 ---p 00007000 fd:00 44176144                   /lib/x86_64-linux-gnu/librt-2.27.so
7f27df0f9000-7f27df0fa000 r--p 00006000 fd:00 44176144                   /lib/x86_64-linux-gnu/librt-2.27.so
7f27df0fa000-7f27df0fb000 rw-p 00007000 fd:00 44176144                   /lib/x86_64-linux-gnu/librt-2.27.so
7f27df0fb000-7f27df112000 r-xp 00000000 fd:00 44175907                   /lib/x86_64-linux-gnu/libgcc_s.so.1
7f27df112000-7f27df311000 ---p 00017000 fd:00 44175907                   /lib/x86_64-linux-gnu/libgcc_s.so.1
7f27df311000-7f27df312000 r--p 00016000 fd:00 44175907                   /lib/x86_64-linux-gnu/libgcc_s.so.1
7f27df312000-7f27df313000 rw-p 00017000 fd:00 44175907                   /lib/x86_64-linux-gnu/libgcc_s.so.1
7f27df313000-7f27df4b0000 r-xp 00000000 fd:00 44176066                   /lib/x86_64-linux-gnu/libm-2.27.so
7f27df4b0000-7f27df6af000 ---p 0019d000 fd:00 44176066                   /lib/x86_64-linux-gnu/libm-2.27.so
7f27df6af000-7f27df6b0000 r--p 0019c000 fd:00 44176066                   /lib/x86_64-linux-gnu/libm-2.27.so
7f27df6b0000-7f27df6b1000 rw-p 0019d000 fd:00 44176066                   /lib/x86_64-linux-gnu/libm-2.27.so
7f27df6b1000-7f27df82a000 r-xp 00000000 fd:00 18090134                   /usr/lib/x86_64-linux-gnu/libstdc++.so.6.0.25
7f27df82a000-7f27dfa2a000 ---p 00179000 fd:00 18090134                   /usr/lib/x86_64-linux-gnu/libstdc++.so.6.0.25
7f27dfa2a000-7f27dfa34000 r--p 00179000 fd:00 18090134                   /usr/lib/x86_64-linux-gnu/libstdc++.so.6.0.25
7f27dfa34000-7f27dfa36000 rw-p 00183000 fd:00 18090134                   /usr/lib/x86_64-linux-gnu/libstdc++.so.6.0.25
7f27dfa36000-7f27dfa3a000 rw-p 00000000 00:00 0 
7f27dfa3a000-7f27e09d7000 r-xp 00000000 fd:00 20186062                   /usr/lib/jvm/java-11-openjdk-amd64/lib/server/libjvm.so
7f27e09d7000-7f27e0bd7000 ---p 00f9d000 fd:00 20186062                   /usr/lib/jvm/java-11-openjdk-amd64/lib/server/libjvm.so
7f27e0bd7000-7f27e0c9b000 r--p 00f9d000 fd:00 20186062                   /usr/lib/jvm/java-11-openjdk-amd64/lib/server/libjvm.so
7f27e0c9b000-7f27e0cd3000 rw-p 01061000 fd:00 20186062                   /usr/lib/jvm/java-11-openjdk-amd64/lib/server/libjvm.so
7f27e0cd3000-7f27e0d1c000 rw-p 00000000 00:00 0 
7f27e0d1c000-7f27e0d36000 r-xp 00000000 fd:00 44176136                   /lib/x86_64-linux-gnu/libpthread-2.27.so
7f27e0d36000-7f27e0f35000 ---p 0001a000 fd:00 44176136                   /lib/x86_64-linux-gnu/libpthread-2.27.so
7f27e0f35000-7f27e0f36000 r--p 00019000 fd:00 44176136                   /lib/x86_64-linux-gnu/libpthread-2.27.so
7f27e0f36000-7f27e0f37000 rw-p 0001a000 fd:00 44176136                   /lib/x86_64-linux-gnu/libpthread-2.27.so
7f27e0f37000-7f27e0f3b000 rw-p 00000000 00:00 0 
7f27e0f3b000-7f27e0f3e000 r-xp 00000000 fd:00 44176026                   /lib/x86_64-linux-gnu/libdl-2.27.so
7f27e0f3e000-7f27e113d000 ---p 00003000 fd:00 44176026                   /lib/x86_64-linux-gnu/libdl-2.27.so
7f27e113d000-7f27e113e000 r--p 00002000 fd:00 44176026                   /lib/x86_64-linux-gnu/libdl-2.27.so
7f27e113e000-7f27e113f000 rw-p 00003000 fd:00 44176026                   /lib/x86_64-linux-gnu/libdl-2.27.so
7f27e113f000-7f27e115b000 r-xp 00000000 fd:00 44176175                   /lib/x86_64-linux-gnu/libz.so.1.2.11
7f27e115b000-7f27e135a000 ---p 0001c000 fd:00 44176175                   /lib/x86_64-linux-gnu/libz.so.1.2.11
7f27e135a000-7f27e135b000 r--p 0001b000 fd:00 44176175                   /lib/x86_64-linux-gnu/libz.so.1.2.11
7f27e135b000-7f27e135c000 rw-p 0001c000 fd:00 44176175                   /lib/x86_64-linux-gnu/libz.so.1.2.11
7f27e135c000-7f27e1543000 r-xp 00000000 fd:00 44176003                   /lib/x86_64-linux-gnu/libc-2.27.so
7f27e1543000-7f27e1743000 ---p 001e7000 fd:00 44176003                   /lib/x86_64-linux-gnu/libc-2.27.so
7f27e1743000-7f27e1747000 r--p 001e7000 fd:00 44176003                   /lib/x86_64-linux-gnu/libc-2.27.so
7f27e1747000-7f27e1749000 rw-p 001eb000 fd:00 44176003                   /lib/x86_64-linux-gnu/libc-2.27.so
7f27e1749000-7f27e174d000 rw-p 00000000 00:00 0 
7f27e174d000-7f27e175c000 r-xp 00000000 fd:00 20186020                   /usr/lib/jvm/java-11-openjdk-amd64/lib/jli/libjli.so
7f27e175c000-7f27e195b000 ---p 0000f000 fd:00 20186020                   /usr/lib/jvm/java-11-openjdk-amd64/lib/jli/libjli.so
7f27e195b000-7f27e195c000 r--p 0000e000 fd:00 20186020                   /usr/lib/jvm/java-11-openjdk-amd64/lib/jli/libjli.so
7f27e195c000-7f27e195d000 rw-p 0000f000 fd:00 20186020                   /usr/lib/jvm/java-11-openjdk-amd64/lib/jli/libjli.so
7f27e195d000-7f27e1984000 r-xp 00000000 fd:00 44175975                   /lib/x86_64-linux-gnu/ld-2.27.so
7f27e1a00000-7f27e1a67000 rw-p 00000000 00:00 0 
7f27e1a67000-7f27e1a6b000 ---p 00000000 00:00 0 
7f27e1a6b000-7f27e1b6a000 rw-p 00000000 00:00 0 
7f27e1b6b000-7f27e1b71000 rw-p 00000000 00:00 0 
7f27e1b71000-7f27e1b78000 ---p 00000000 00:00 0 
7f27e1b78000-7f27e1b80000 rw-s 00000000 fd:00 16121869                   /tmp/hsperfdata_minecraft/29706
7f27e1b80000-7f27e1b81000 ---p 00000000 00:00 0 
7f27e1b81000-7f27e1b82000 r--p 00000000 00:00 0 
7f27e1b82000-7f27e1b84000 rw-p 00000000 00:00 0 
7f27e1b84000-7f27e1b85000 r--p 00027000 fd:00 44175975                   /lib/x86_64-linux-gnu/ld-2.27.so
7f27e1b85000-7f27e1b86000 rw-p 00028000 fd:00 44175975                   /lib/x86_64-linux-gnu/ld-2.27.so
7f27e1b86000-7f27e1b87000 rw-p 00000000 00:00 0 
7fff7ec4b000-7fff7ec6c000 rw-p 00000000 00:00 0                          [stack]
7fff7ecbe000-7fff7ecc1000 r--p 00000000 00:00 0                          [vvar]
7fff7ecc1000-7fff7ecc3000 r-xp 00000000 00:00 0                          [vdso]
ffffffffff600000-ffffffffff601000 r-xp 00000000 00:00 0                  [vsyscall]


VM Arguments:
jvm_args: -Xms3g -Xmx3g 
java_command: server.jar nogui
java_class_path (initial): server.jar
Launcher Type: SUN_STANDARD

Logging:
Log output configuration:
#0: stdout all=warning uptime,level,tags
#1: stderr all=off uptime,level,tags

Environment Variables:
PATH=/usr/local/sbin:/usr/local/bin:/usr/sbin:/usr/bin:/sbin:/bin
SHELL=/bin/sh

Signal Handlers:
SIGSEGV: [libjvm.so+0xd28b70], sa_mask[0]=11111111011111111101111111111110, sa_flags=SA_RESTART|SA_SIGINFO
SIGBUS: [libjvm.so+0xd28b70], sa_mask[0]=11111111011111111101111111111110, sa_flags=SA_RESTART|SA_SIGINFO
SIGFPE: [libjvm.so+0xd28b70], sa_mask[0]=11111111011111111101111111111110, sa_flags=SA_RESTART|SA_SIGINFO
SIGPIPE: [libjvm.so+0xb2a1f0], sa_mask[0]=11111111011111111101111111111110, sa_flags=SA_RESTART|SA_SIGINFO
SIGXFSZ: [libjvm.so+0xb2a1f0], sa_mask[0]=11111111011111111101111111111110, sa_flags=SA_RESTART|SA_SIGINFO
SIGILL: [libjvm.so+0xd28b70], sa_mask[0]=11111111011111111101111111111110, sa_flags=SA_RESTART|SA_SIGINFO
SIGUSR2: [libjvm.so+0xb2a030], sa_mask[0]=00000000000000000000000000000000, sa_flags=SA_RESTART|SA_SIGINFO
SIGHUP: SIG_DFL, sa_mask[0]=00000000000000000000000000000000, sa_flags=none
SIGINT: SIG_DFL, sa_mask[0]=00000000000000000000000000000000, sa_flags=none
SIGTERM: SIG_DFL, sa_mask[0]=00000000000000000000000000000000, sa_flags=none
SIGQUIT: SIG_DFL, sa_mask[0]=00000000000000000000000000000000, sa_flags=none


---------------  S Y S T E M  ---------------

OS:DISTRIB_ID=Ubuntu
DISTRIB_RELEASE=18.04
DISTRIB_CODENAME=bionic
DISTRIB_DESCRIPTION="Ubuntu 18.04.2 LTS"
uname:Linux 4.15.0-46-generic #49-Ubuntu SMP Wed Feb 6 09:33:07 UTC 2019 x86_64
libc:glibc 2.27 NPTL 2.27 
rlimit: STACK 8192k, CORE 0k, NPROC 15099, NOFILE 4096, AS infinity, DATA infinity, FSIZE infinity
load average:1.20 1.44 1.46

/proc/meminfo:
MemTotal:        3943748 kB
MemFree:          129120 kB
MemAvailable:     964228 kB
Buffers:           31620 kB
Cached:          1002488 kB
SwapCached:        12160 kB
Active:          2655260 kB
Inactive:         963804 kB
Active(anon):    2091156 kB
Inactive(anon):   523940 kB
Active(file):     564104 kB
Inactive(file):   439864 kB
Unevictable:           0 kB
Mlocked:               0 kB
SwapTotal:        999420 kB
SwapFree:         614064 kB
Dirty:              7612 kB
Writeback:             0 kB
AnonPages:       2581296 kB
Mapped:            90688 kB
Shmem:             30068 kB
Slab:             108660 kB
SReclaimable:      67812 kB
SUnreclaim:        40848 kB
KernelStack:        6032 kB
PageTables:        24016 kB
NFS_Unstable:          0 kB
Bounce:                0 kB
WritebackTmp:          0 kB
CommitLimit:     2971292 kB
Committed_AS:    3284332 kB
VmallocTotal:   34359738367 kB
VmallocUsed:           0 kB
VmallocChunk:          0 kB
HardwareCorrupted:     0 kB
AnonHugePages:         0 kB
ShmemHugePages:        0 kB
ShmemPmdMapped:        0 kB
CmaTotal:              0 kB
CmaFree:               0 kB
HugePages_Total:       0
HugePages_Free:        0
HugePages_Rsvd:        0
HugePages_Surp:        0
Hugepagesize:       2048 kB
DirectMap4k:      158320 kB
DirectMap2M:     3940352 kB
DirectMap1G:           0 kB

container (cgroup) information:
container_type: cgroupv1
cpu_cpuset_cpus: 0-3
cpu_memory_nodes: 0
active_processor_count: 4
cpu_quota: -1
cpu_period: 100000
cpu_shares: -1
memory_limit_in_bytes: -1
memory_and_swap_limit_in_bytes: -2
memory_soft_limit_in_bytes: -1
memory_usage_in_bytes: 3703173120
memory_max_usage_in_bytes: 2048000


CPU:total 4 (initial active 4) (2 cores per cpu, 2 threads per core) family 6 model 69 stepping 1, cmov, cx8, fxsr, mmx, sse, sse2, sse3, ssse3, sse4.1, sse4.2, popcnt, avx, avx2, aes, clmul, erms, lzcnt, ht, tsc, tscinvbit, bmi1, bmi2, fma
CPU Model and flags from /proc/cpuinfo:
model name	: Intel(R) Core(TM) i7-4500U CPU @ 1.80GHz
flags		: fpu vme de pse tsc msr pae mce cx8 apic sep mtrr pge mca cmov pat pse36 clflush dts acpi mmx fxsr sse sse2 ss ht tm pbe syscall nx pdpe1gb rdtscp lm constant_tsc arch_perfmon pebs bts rep_good nopl xtopology nonstop_tsc cpuid aperfmperf pni pclmulqdq dtes64 monitor ds_cpl vmx est tm2 ssse3 sdbg fma cx16 xtpr pdcm pcid sse4_1 sse4_2 movbe popcnt tsc_deadline_timer aes xsave avx f16c rdrand lahf_lm abm cpuid_fault epb invpcid_single pti ssbd ibrs ibpb stibp tpr_shadow vnmi flexpriority ept vpid fsgsbase tsc_adjust bmi1 avx2 smep bmi2 erms invpcid xsaveopt dtherm ida arat pln pts flush_l1d

Memory: 4k page, physical 3943748k(129120k free), swap 999420k(614064k free)

vm_info: OpenJDK 64-Bit Server VM (10.0.2+13-Ubuntu-1ubuntu0.18.04.4) for linux-amd64 JRE (10.0.2+13-Ubuntu-1ubuntu0.18.04.4), built on Nov 13 2018 12:53:39 by "buildd" with gcc 7.3.0

END.
