#
# There is insufficient memory for the Java Runtime Environment to continue.
# Native memory allocation (mmap) failed to map 3221225472 bytes for committing reserved memory.
# Possible reasons:
#   The system is out of physical RAM or swap space
#   The process is running with CompressedOops enabled, and the Java Heap may be blocking the growth of the native heap
# Possible solutions:
#   Reduce memory load on the system
#   Increase physical memory or swap space
#   Check if swap backing store is full
#   Decrease Java heap size (-Xmx/-Xms)
#   Decrease number of Java threads
#   Decrease Java thread stack sizes (-Xss)
#   Set larger code cache with -XX:ReservedCodeCacheSize=
# This output file may be truncated or incomplete.
#
#  Out of Memory Error (os_linux.cpp:2706), pid=2073, tid=2075
#
# JRE version:  (10.0.2+13) (build )
# Java VM: OpenJDK 64-Bit Server VM (10.0.2+13-Ubuntu-1ubuntu0.18.04.4, mixed mode, aot, tiered, compressed oops, g1 gc, linux-amd64)
# Core dump will be written. Default location: Core dumps may be processed with "/usr/share/apport/apport %p %s %c %d %P" (or dumping to /opt/forno/minecraft/core.2073)
#

---------------  S U M M A R Y ------------

Command Line: -Xms3g -Xmx3g server.jar nogui

Host: Intel(R) Core(TM) i7-4500U CPU @ 1.80GHz, 4 cores, 3G, Ubuntu 18.04.2 LTS
Time: Thu Mar 21 05:48:46 2019 JST elapsed time: 0 seconds (0d 0h 0m 0s)

---------------  T H R E A D  ---------------

Current thread (0x00007fe4cc011000):  JavaThread "Unknown thread" [_thread_in_vm, id=2075, stack(0x00007fe4d5ca8000,0x00007fe4d5da9000)]

Stack: [0x00007fe4d5ca8000,0x00007fe4d5da9000],  sp=0x00007fe4d5da72e0,  free space=1020k
Native frames: (J=compiled Java code, A=aot compiled Java code, j=interpreted, Vv=VM code, C=native code)
V  [libjvm.so+0xd27ea4]
V  [libjvm.so+0xd28a4b]
V  [libjvm.so+0x64d415]
V  [libjvm.so+0xb2d7c8]
V  [libjvm.so+0xb2601d]
V  [libjvm.so+0x7662ff]
V  [libjvm.so+0x76653e]
V  [libjvm.so+0x769500]
V  [libjvm.so+0x7efa1c]
V  [libjvm.so+0x7f06df]
V  [libjvm.so+0x7f0b59]
V  [libjvm.so+0x7162cf]
V  [libjvm.so+0x71afd3]
V  [libjvm.so+0xce5dc2]
V  [libjvm.so+0xce60c6]
V  [libjvm.so+0x807d57]
V  [libjvm.so+0xcc7ac4]
V  [libjvm.so+0x8601b1]  JNI_CreateJavaVM+0x51
C  [libjli.so+0x3d83]
C  [libjli.so+0x89dd]
C  [libpthread.so.0+0x76db]  start_thread+0xdb


---------------  P R O C E S S  ---------------

Threads class SMR info:
_java_thread_list=0x0000559ec00066b0, length=0, elements={
}

Java Threads: ( => current thread )

Other Threads:
  0x00007fe4cc028000 GCTaskThread "GC Thread#0" [stack: 0x00007fe4d1dd1000,0x00007fe4d1ed1000] [id=2076]
  0x00007fe4cc029000 GCTaskThread "GC Thread#1" [stack: 0x00007fe4d1ccf000,0x00007fe4d1dcf000] [id=2077]
  0x00007fe4cc02b000 GCTaskThread "GC Thread#2" [stack: 0x00007fe4d1bcd000,0x00007fe4d1ccd000] [id=2078]
  0x00007fe4cc02c800 GCTaskThread "GC Thread#3" [stack: 0x00007fe4d1acb000,0x00007fe4d1bcb000] [id=2079]
  0x00007fe4cc06a000 ConcurrentGCThread "G1 Main Marker" [stack: 0x00007fe4d0305000,0x00007fe4d0405000] [id=2080]
  0x00007fe4cc06c000 ConcurrentGCThread "G1 Conc#0" [stack: 0x00007fe4d0203000,0x00007fe4d0303000] [id=2081]

[error occurred during error reporting (printing all threads), id 0xe0000002]

VM state:not at safepoint (not fully initialized)

VM Mutex/Monitor currently owned by a thread:  ([mutex/lock_event])
[0x00007fe4cc00df30] Heap_lock - owner thread: 0x00007fe4cc011000

Heap address: 0x0000000700000000, size: 3072 MB, Compressed Oops mode: Non-zero based: 0x0000000700000000
Narrow klass base: 0x0000000000000000, Narrow klass shift: 0

GC Heap History (0 events):
No events

Deoptimization events (0 events):
No events

Classes redefined (0 events):
No events

Internal exceptions (0 events):
No events

Events (0 events):
No events


Dynamic libraries:
559ebe59c000-559ebe59d000 r-xp 00000000 fd:00 20185882                   /usr/lib/jvm/java-11-openjdk-amd64/bin/java
559ebe79d000-559ebe79e000 r--p 00001000 fd:00 20185882                   /usr/lib/jvm/java-11-openjdk-amd64/bin/java
559ebe79e000-559ebe79f000 rw-p 00002000 fd:00 20185882                   /usr/lib/jvm/java-11-openjdk-amd64/bin/java
559ebffef000-559ec0010000 rw-p 00000000 00:00 0                          [heap]
7fe490000000-7fe490021000 rw-p 00000000 00:00 0 
7fe490021000-7fe494000000 ---p 00000000 00:00 0 
7fe496000000-7fe498000000 rw-p 00000000 00:00 0 
7fe498000000-7fe498021000 rw-p 00000000 00:00 0 
7fe498021000-7fe49c000000 ---p 00000000 00:00 0 
7fe49c000000-7fe49c021000 rw-p 00000000 00:00 0 
7fe49c021000-7fe4a0000000 ---p 00000000 00:00 0 
7fe4a1000000-7fe4a4000000 ---p 00000000 00:00 0 
7fe4a4000000-7fe4a4021000 rw-p 00000000 00:00 0 
7fe4a4021000-7fe4a8000000 ---p 00000000 00:00 0 
7fe4a8000000-7fe4a8021000 rw-p 00000000 00:00 0 
7fe4a8021000-7fe4ac000000 ---p 00000000 00:00 0 
7fe4ac000000-7fe4ac021000 rw-p 00000000 00:00 0 
7fe4ac021000-7fe4b0000000 ---p 00000000 00:00 0 
7fe4b0822000-7fe4b0b25000 rw-p 00000000 00:00 0 
7fe4b0b25000-7fe4b3b25000 ---p 00000000 00:00 0 
7fe4b3b25000-7fe4b3d95000 rwxp 00000000 00:00 0 
7fe4b3d95000-7fe4b40b5000 ---p 00000000 00:00 0 
7fe4b40b5000-7fe4b4325000 rwxp 00000000 00:00 0 
7fe4b4325000-7fe4bb5ed000 ---p 00000000 00:00 0 
7fe4bb5ed000-7fe4bb85d000 rwxp 00000000 00:00 0 
7fe4bb85d000-7fe4c2b25000 ---p 00000000 00:00 0 
7fe4c2b25000-7fe4cc000000 r--s 00000000 fd:00 20186057                   /usr/lib/jvm/java-11-openjdk-amd64/lib/modules
7fe4cc000000-7fe4cc083000 rw-p 00000000 00:00 0 
7fe4cc083000-7fe4d0000000 ---p 00000000 00:00 0 
7fe4d0100000-7fe4d0201000 rw-p 00000000 00:00 0 
7fe4d0201000-7fe4d0202000 ---p 00000000 00:00 0 
7fe4d0202000-7fe4d0303000 rw-p 00000000 00:00 0 
7fe4d0303000-7fe4d0304000 ---p 00000000 00:00 0 
7fe4d0304000-7fe4d04c5000 rw-p 00000000 00:00 0 
7fe4d04c5000-7fe4d16c5000 ---p 00000000 00:00 0 
7fe4d16c5000-7fe4d1ac9000 rw-p 00000000 00:00 0 
7fe4d1ac9000-7fe4d1aca000 ---p 00000000 00:00 0 
7fe4d1aca000-7fe4d1bcb000 rw-p 00000000 00:00 0 
7fe4d1bcb000-7fe4d1bcc000 ---p 00000000 00:00 0 
7fe4d1bcc000-7fe4d1ccd000 rw-p 00000000 00:00 0 
7fe4d1ccd000-7fe4d1cce000 ---p 00000000 00:00 0 
7fe4d1cce000-7fe4d1dcf000 rw-p 00000000 00:00 0 
7fe4d1dcf000-7fe4d1dd0000 ---p 00000000 00:00 0 
7fe4d1dd0000-7fe4d1ed6000 rw-p 00000000 00:00 0 
7fe4d1ed6000-7fe4d1fbc000 ---p 00000000 00:00 0 
7fe4d1fbc000-7fe4d1fc1000 rw-p 00000000 00:00 0 
7fe4d1fc1000-7fe4d20a7000 ---p 00000000 00:00 0 
7fe4d20a7000-7fe4d20ac000 r-xp 00000000 fd:00 20186039                   /usr/lib/jvm/java-11-openjdk-amd64/lib/libjimage.so
7fe4d20ac000-7fe4d22ab000 ---p 00005000 fd:00 20186039                   /usr/lib/jvm/java-11-openjdk-amd64/lib/libjimage.so
7fe4d22ab000-7fe4d22ac000 r--p 00004000 fd:00 20186039                   /usr/lib/jvm/java-11-openjdk-amd64/lib/libjimage.so
7fe4d22ac000-7fe4d22ad000 rw-p 00005000 fd:00 20186039                   /usr/lib/jvm/java-11-openjdk-amd64/lib/libjimage.so
7fe4d22ad000-7fe4d22b4000 r-xp 00000000 fd:00 20186056                   /usr/lib/jvm/java-11-openjdk-amd64/lib/libzip.so
7fe4d22b4000-7fe4d24b3000 ---p 00007000 fd:00 20186056                   /usr/lib/jvm/java-11-openjdk-amd64/lib/libzip.so
7fe4d24b3000-7fe4d24b4000 r--p 00006000 fd:00 20186056                   /usr/lib/jvm/java-11-openjdk-amd64/lib/libzip.so
7fe4d24b4000-7fe4d24b5000 rw-p 00007000 fd:00 20186056                   /usr/lib/jvm/java-11-openjdk-amd64/lib/libzip.so
7fe4d24b5000-7fe4d24c0000 r-xp 00000000 fd:00 44176093                   /lib/x86_64-linux-gnu/libnss_files-2.27.so
7fe4d24c0000-7fe4d26bf000 ---p 0000b000 fd:00 44176093                   /lib/x86_64-linux-gnu/libnss_files-2.27.so
7fe4d26bf000-7fe4d26c0000 r--p 0000a000 fd:00 44176093                   /lib/x86_64-linux-gnu/libnss_files-2.27.so
7fe4d26c0000-7fe4d26c1000 rw-p 0000b000 fd:00 44176093                   /lib/x86_64-linux-gnu/libnss_files-2.27.so
7fe4d26c1000-7fe4d26c7000 rw-p 00000000 00:00 0 
7fe4d26c7000-7fe4d26de000 r-xp 00000000 fd:00 44176087                   /lib/x86_64-linux-gnu/libnsl-2.27.so
7fe4d26de000-7fe4d28dd000 ---p 00017000 fd:00 44176087                   /lib/x86_64-linux-gnu/libnsl-2.27.so
7fe4d28dd000-7fe4d28de000 r--p 00016000 fd:00 44176087                   /lib/x86_64-linux-gnu/libnsl-2.27.so
7fe4d28de000-7fe4d28df000 rw-p 00017000 fd:00 44176087                   /lib/x86_64-linux-gnu/libnsl-2.27.so
7fe4d28df000-7fe4d28e1000 rw-p 00000000 00:00 0 
7fe4d28e1000-7fe4d28ec000 r-xp 00000000 fd:00 44176104                   /lib/x86_64-linux-gnu/libnss_nis-2.27.so
7fe4d28ec000-7fe4d2aeb000 ---p 0000b000 fd:00 44176104                   /lib/x86_64-linux-gnu/libnss_nis-2.27.so
7fe4d2aeb000-7fe4d2aec000 r--p 0000a000 fd:00 44176104                   /lib/x86_64-linux-gnu/libnss_nis-2.27.so
7fe4d2aec000-7fe4d2aed000 rw-p 0000b000 fd:00 44176104                   /lib/x86_64-linux-gnu/libnss_nis-2.27.so
7fe4d2aed000-7fe4d2af5000 r-xp 00000000 fd:00 44176089                   /lib/x86_64-linux-gnu/libnss_compat-2.27.so
7fe4d2af5000-7fe4d2cf5000 ---p 00008000 fd:00 44176089                   /lib/x86_64-linux-gnu/libnss_compat-2.27.so
7fe4d2cf5000-7fe4d2cf6000 r--p 00008000 fd:00 44176089                   /lib/x86_64-linux-gnu/libnss_compat-2.27.so
7fe4d2cf6000-7fe4d2cf7000 rw-p 00009000 fd:00 44176089                   /lib/x86_64-linux-gnu/libnss_compat-2.27.so
7fe4d2cf7000-7fe4d2d23000 r-xp 00000000 fd:00 20186035                   /usr/lib/jvm/java-11-openjdk-amd64/lib/libjava.so
7fe4d2d23000-7fe4d2f22000 ---p 0002c000 fd:00 20186035                   /usr/lib/jvm/java-11-openjdk-amd64/lib/libjava.so
7fe4d2f22000-7fe4d2f23000 r--p 0002b000 fd:00 20186035                   /usr/lib/jvm/java-11-openjdk-amd64/lib/libjava.so
7fe4d2f23000-7fe4d2f25000 rw-p 0002c000 fd:00 20186035                   /usr/lib/jvm/java-11-openjdk-amd64/lib/libjava.so
7fe4d2f25000-7fe4d2f32000 r-xp 00000000 fd:00 20186055                   /usr/lib/jvm/java-11-openjdk-amd64/lib/libverify.so
7fe4d2f32000-7fe4d3131000 ---p 0000d000 fd:00 20186055                   /usr/lib/jvm/java-11-openjdk-amd64/lib/libverify.so
7fe4d3131000-7fe4d3133000 r--p 0000c000 fd:00 20186055                   /usr/lib/jvm/java-11-openjdk-amd64/lib/libverify.so
7fe4d3133000-7fe4d3134000 rw-p 0000e000 fd:00 20186055                   /usr/lib/jvm/java-11-openjdk-amd64/lib/libverify.so
7fe4d3134000-7fe4d313b000 r-xp 00000000 fd:00 44176144                   /lib/x86_64-linux-gnu/librt-2.27.so
7fe4d313b000-7fe4d333a000 ---p 00007000 fd:00 44176144                   /lib/x86_64-linux-gnu/librt-2.27.so
7fe4d333a000-7fe4d333b000 r--p 00006000 fd:00 44176144                   /lib/x86_64-linux-gnu/librt-2.27.so
7fe4d333b000-7fe4d333c000 rw-p 00007000 fd:00 44176144                   /lib/x86_64-linux-gnu/librt-2.27.so
7fe4d333c000-7fe4d3353000 r-xp 00000000 fd:00 44175907                   /lib/x86_64-linux-gnu/libgcc_s.so.1
7fe4d3353000-7fe4d3552000 ---p 00017000 fd:00 44175907                   /lib/x86_64-linux-gnu/libgcc_s.so.1
7fe4d3552000-7fe4d3553000 r--p 00016000 fd:00 44175907                   /lib/x86_64-linux-gnu/libgcc_s.so.1
7fe4d3553000-7fe4d3554000 rw-p 00017000 fd:00 44175907                   /lib/x86_64-linux-gnu/libgcc_s.so.1
7fe4d3554000-7fe4d36f1000 r-xp 00000000 fd:00 44176066                   /lib/x86_64-linux-gnu/libm-2.27.so
7fe4d36f1000-7fe4d38f0000 ---p 0019d000 fd:00 44176066                   /lib/x86_64-linux-gnu/libm-2.27.so
7fe4d38f0000-7fe4d38f1000 r--p 0019c000 fd:00 44176066                   /lib/x86_64-linux-gnu/libm-2.27.so
7fe4d38f1000-7fe4d38f2000 rw-p 0019d000 fd:00 44176066                   /lib/x86_64-linux-gnu/libm-2.27.so
7fe4d38f2000-7fe4d3a6b000 r-xp 00000000 fd:00 18090134                   /usr/lib/x86_64-linux-gnu/libstdc++.so.6.0.25
7fe4d3a6b000-7fe4d3c6b000 ---p 00179000 fd:00 18090134                   /usr/lib/x86_64-linux-gnu/libstdc++.so.6.0.25
7fe4d3c6b000-7fe4d3c75000 r--p 00179000 fd:00 18090134                   /usr/lib/x86_64-linux-gnu/libstdc++.so.6.0.25
7fe4d3c75000-7fe4d3c77000 rw-p 00183000 fd:00 18090134                   /usr/lib/x86_64-linux-gnu/libstdc++.so.6.0.25
7fe4d3c77000-7fe4d3c7b000 rw-p 00000000 00:00 0 
7fe4d3c7b000-7fe4d4c18000 r-xp 00000000 fd:00 20186062                   /usr/lib/jvm/java-11-openjdk-amd64/lib/server/libjvm.so
7fe4d4c18000-7fe4d4e18000 ---p 00f9d000 fd:00 20186062                   /usr/lib/jvm/java-11-openjdk-amd64/lib/server/libjvm.so
7fe4d4e18000-7fe4d4edc000 r--p 00f9d000 fd:00 20186062                   /usr/lib/jvm/java-11-openjdk-amd64/lib/server/libjvm.so
7fe4d4edc000-7fe4d4f14000 rw-p 01061000 fd:00 20186062                   /usr/lib/jvm/java-11-openjdk-amd64/lib/server/libjvm.so
7fe4d4f14000-7fe4d4f5d000 rw-p 00000000 00:00 0 
7fe4d4f5d000-7fe4d4f77000 r-xp 00000000 fd:00 44176136                   /lib/x86_64-linux-gnu/libpthread-2.27.so
7fe4d4f77000-7fe4d5176000 ---p 0001a000 fd:00 44176136                   /lib/x86_64-linux-gnu/libpthread-2.27.so
7fe4d5176000-7fe4d5177000 r--p 00019000 fd:00 44176136                   /lib/x86_64-linux-gnu/libpthread-2.27.so
7fe4d5177000-7fe4d5178000 rw-p 0001a000 fd:00 44176136                   /lib/x86_64-linux-gnu/libpthread-2.27.so
7fe4d5178000-7fe4d517c000 rw-p 00000000 00:00 0 
7fe4d517c000-7fe4d517f000 r-xp 00000000 fd:00 44176026                   /lib/x86_64-linux-gnu/libdl-2.27.so
7fe4d517f000-7fe4d537e000 ---p 00003000 fd:00 44176026                   /lib/x86_64-linux-gnu/libdl-2.27.so
7fe4d537e000-7fe4d537f000 r--p 00002000 fd:00 44176026                   /lib/x86_64-linux-gnu/libdl-2.27.so
7fe4d537f000-7fe4d5380000 rw-p 00003000 fd:00 44176026                   /lib/x86_64-linux-gnu/libdl-2.27.so
7fe4d5380000-7fe4d539c000 r-xp 00000000 fd:00 44176175                   /lib/x86_64-linux-gnu/libz.so.1.2.11
7fe4d539c000-7fe4d559b000 ---p 0001c000 fd:00 44176175                   /lib/x86_64-linux-gnu/libz.so.1.2.11
7fe4d559b000-7fe4d559c000 r--p 0001b000 fd:00 44176175                   /lib/x86_64-linux-gnu/libz.so.1.2.11
7fe4d559c000-7fe4d559d000 rw-p 0001c000 fd:00 44176175                   /lib/x86_64-linux-gnu/libz.so.1.2.11
7fe4d559d000-7fe4d5784000 r-xp 00000000 fd:00 44176003                   /lib/x86_64-linux-gnu/libc-2.27.so
7fe4d5784000-7fe4d5984000 ---p 001e7000 fd:00 44176003                   /lib/x86_64-linux-gnu/libc-2.27.so
7fe4d5984000-7fe4d5988000 r--p 001e7000 fd:00 44176003                   /lib/x86_64-linux-gnu/libc-2.27.so
7fe4d5988000-7fe4d598a000 rw-p 001eb000 fd:00 44176003                   /lib/x86_64-linux-gnu/libc-2.27.so
7fe4d598a000-7fe4d598e000 rw-p 00000000 00:00 0 
7fe4d598e000-7fe4d599d000 r-xp 00000000 fd:00 20186020                   /usr/lib/jvm/java-11-openjdk-amd64/lib/jli/libjli.so
7fe4d599d000-7fe4d5b9c000 ---p 0000f000 fd:00 20186020                   /usr/lib/jvm/java-11-openjdk-amd64/lib/jli/libjli.so
7fe4d5b9c000-7fe4d5b9d000 r--p 0000e000 fd:00 20186020                   /usr/lib/jvm/java-11-openjdk-amd64/lib/jli/libjli.so
7fe4d5b9d000-7fe4d5b9e000 rw-p 0000f000 fd:00 20186020                   /usr/lib/jvm/java-11-openjdk-amd64/lib/jli/libjli.so
7fe4d5b9e000-7fe4d5bc5000 r-xp 00000000 fd:00 44175975                   /lib/x86_64-linux-gnu/ld-2.27.so
7fe4d5c41000-7fe4d5ca8000 rw-p 00000000 00:00 0 
7fe4d5ca8000-7fe4d5cac000 ---p 00000000 00:00 0 
7fe4d5cac000-7fe4d5dab000 rw-p 00000000 00:00 0 
7fe4d5dac000-7fe4d5db2000 rw-p 00000000 00:00 0 
7fe4d5db2000-7fe4d5db9000 ---p 00000000 00:00 0 
7fe4d5db9000-7fe4d5dc1000 rw-s 00000000 fd:00 16121869                   /tmp/hsperfdata_minecraft/2073
7fe4d5dc1000-7fe4d5dc2000 ---p 00000000 00:00 0 
7fe4d5dc2000-7fe4d5dc3000 r--p 00000000 00:00 0 
7fe4d5dc3000-7fe4d5dc5000 rw-p 00000000 00:00 0 
7fe4d5dc5000-7fe4d5dc6000 r--p 00027000 fd:00 44175975                   /lib/x86_64-linux-gnu/ld-2.27.so
7fe4d5dc6000-7fe4d5dc7000 rw-p 00028000 fd:00 44175975                   /lib/x86_64-linux-gnu/ld-2.27.so
7fe4d5dc7000-7fe4d5dc8000 rw-p 00000000 00:00 0 
7fffb21fc000-7fffb221d000 rw-p 00000000 00:00 0                          [stack]
7fffb235e000-7fffb2361000 r--p 00000000 00:00 0                          [vvar]
7fffb2361000-7fffb2363000 r-xp 00000000 00:00 0                          [vdso]
ffffffffff600000-ffffffffff601000 r-xp 00000000 00:00 0                  [vsyscall]


VM Arguments:
jvm_args: -Xms3g -Xmx3g 
java_command: server.jar nogui
java_class_path (initial): server.jar
Launcher Type: SUN_STANDARD

Logging:
Log output configuration:
#0: stdout all=warning uptime,level,tags
#1: stderr all=off uptime,level,tags

Environment Variables:
PATH=/usr/local/sbin:/usr/local/bin:/usr/sbin:/usr/bin:/sbin:/bin
SHELL=/bin/sh

Signal Handlers:
SIGSEGV: [libjvm.so+0xd28b70], sa_mask[0]=11111111011111111101111111111110, sa_flags=SA_RESTART|SA_SIGINFO
SIGBUS: [libjvm.so+0xd28b70], sa_mask[0]=11111111011111111101111111111110, sa_flags=SA_RESTART|SA_SIGINFO
SIGFPE: [libjvm.so+0xd28b70], sa_mask[0]=11111111011111111101111111111110, sa_flags=SA_RESTART|SA_SIGINFO
SIGPIPE: [libjvm.so+0xb2a1f0], sa_mask[0]=11111111011111111101111111111110, sa_flags=SA_RESTART|SA_SIGINFO
SIGXFSZ: [libjvm.so+0xb2a1f0], sa_mask[0]=11111111011111111101111111111110, sa_flags=SA_RESTART|SA_SIGINFO
SIGILL: [libjvm.so+0xd28b70], sa_mask[0]=11111111011111111101111111111110, sa_flags=SA_RESTART|SA_SIGINFO
SIGUSR2: [libjvm.so+0xb2a030], sa_mask[0]=00000000000000000000000000000000, sa_flags=SA_RESTART|SA_SIGINFO
SIGHUP: SIG_DFL, sa_mask[0]=00000000000000000000000000000000, sa_flags=none
SIGINT: SIG_DFL, sa_mask[0]=00000000000000000000000000000000, sa_flags=none
SIGTERM: SIG_DFL, sa_mask[0]=00000000000000000000000000000000, sa_flags=none
SIGQUIT: SIG_DFL, sa_mask[0]=00000000000000000000000000000000, sa_flags=none


---------------  S Y S T E M  ---------------

OS:DISTRIB_ID=Ubuntu
DISTRIB_RELEASE=18.04
DISTRIB_CODENAME=bionic
DISTRIB_DESCRIPTION="Ubuntu 18.04.2 LTS"
uname:Linux 4.15.0-46-generic #49-Ubuntu SMP Wed Feb 6 09:33:07 UTC 2019 x86_64
libc:glibc 2.27 NPTL 2.27 
rlimit: STACK 8192k, CORE 0k, NPROC 15099, NOFILE 4096, AS infinity, DATA infinity, FSIZE infinity
load average:1.29 1.39 1.43

/proc/meminfo:
MemTotal:        3943748 kB
MemFree:          133740 kB
MemAvailable:    1579644 kB
Buffers:           39720 kB
Cached:          1605852 kB
SwapCached:         5212 kB
Active:          2487668 kB
Inactive:        1130308 kB
Active(anon):    1679572 kB
Inactive(anon):   322912 kB
Active(file):     808096 kB
Inactive(file):   807396 kB
Unevictable:           0 kB
Mlocked:               0 kB
SwapTotal:        999420 kB
SwapFree:         579760 kB
Dirty:               988 kB
Writeback:             0 kB
AnonPages:       1970188 kB
Mapped:           145452 kB
Shmem:             30068 kB
Slab:             107340 kB
SReclaimable:      66360 kB
SUnreclaim:        40980 kB
KernelStack:        5984 kB
PageTables:        22632 kB
NFS_Unstable:          0 kB
Bounce:                0 kB
WritebackTmp:          0 kB
CommitLimit:     2971292 kB
Committed_AS:    2961364 kB
VmallocTotal:   34359738367 kB
VmallocUsed:           0 kB
VmallocChunk:          0 kB
HardwareCorrupted:     0 kB
AnonHugePages:         0 kB
ShmemHugePages:        0 kB
ShmemPmdMapped:        0 kB
CmaTotal:              0 kB
CmaFree:               0 kB
HugePages_Total:       0
HugePages_Free:        0
HugePages_Rsvd:        0
HugePages_Surp:        0
Hugepagesize:       2048 kB
DirectMap4k:      156272 kB
DirectMap2M:     3942400 kB
DirectMap1G:           0 kB

container (cgroup) information:
container_type: cgroupv1
cpu_cpuset_cpus: 0-3
cpu_memory_nodes: 0
active_processor_count: 4
cpu_quota: -1
cpu_period: 100000
cpu_shares: -1
memory_limit_in_bytes: -1
memory_and_swap_limit_in_bytes: -2
memory_soft_limit_in_bytes: -1
memory_usage_in_bytes: 3703623680
memory_max_usage_in_bytes: 2048000


CPU:total 4 (initial active 4) (2 cores per cpu, 2 threads per core) family 6 model 69 stepping 1, cmov, cx8, fxsr, mmx, sse, sse2, sse3, ssse3, sse4.1, sse4.2, popcnt, avx, avx2, aes, clmul, erms, lzcnt, ht, tsc, tscinvbit, bmi1, bmi2, fma
CPU Model and flags from /proc/cpuinfo:
model name	: Intel(R) Core(TM) i7-4500U CPU @ 1.80GHz
flags		: fpu vme de pse tsc msr pae mce cx8 apic sep mtrr pge mca cmov pat pse36 clflush dts acpi mmx fxsr sse sse2 ss ht tm pbe syscall nx pdpe1gb rdtscp lm constant_tsc arch_perfmon pebs bts rep_good nopl xtopology nonstop_tsc cpuid aperfmperf pni pclmulqdq dtes64 monitor ds_cpl vmx est tm2 ssse3 sdbg fma cx16 xtpr pdcm pcid sse4_1 sse4_2 movbe popcnt tsc_deadline_timer aes xsave avx f16c rdrand lahf_lm abm cpuid_fault epb invpcid_single pti ssbd ibrs ibpb stibp tpr_shadow vnmi flexpriority ept vpid fsgsbase tsc_adjust bmi1 avx2 smep bmi2 erms invpcid xsaveopt dtherm ida arat pln pts flush_l1d

Memory: 4k page, physical 3943748k(133632k free), swap 999420k(579760k free)

vm_info: OpenJDK 64-Bit Server VM (10.0.2+13-Ubuntu-1ubuntu0.18.04.4) for linux-amd64 JRE (10.0.2+13-Ubuntu-1ubuntu0.18.04.4), built on Nov 13 2018 12:53:39 by "buildd" with gcc 7.3.0

END.
