#
# There is insufficient memory for the Java Runtime Environment to continue.
# Native memory allocation (mmap) failed to map 3221225472 bytes for committing reserved memory.
# Possible reasons:
#   The system is out of physical RAM or swap space
#   The process is running with CompressedOops enabled, and the Java Heap may be blocking the growth of the native heap
# Possible solutions:
#   Reduce memory load on the system
#   Increase physical memory or swap space
#   Check if swap backing store is full
#   Decrease Java heap size (-Xmx/-Xms)
#   Decrease number of Java threads
#   Decrease Java thread stack sizes (-Xss)
#   Set larger code cache with -XX:ReservedCodeCacheSize=
# This output file may be truncated or incomplete.
#
#  Out of Memory Error (os_linux.cpp:2706), pid=30346, tid=30347
#
# JRE version:  (10.0.2+13) (build )
# Java VM: OpenJDK 64-Bit Server VM (10.0.2+13-Ubuntu-1ubuntu0.18.04.4, mixed mode, aot, tiered, compressed oops, g1 gc, linux-amd64)
# Core dump will be written. Default location: Core dumps may be processed with "/usr/share/apport/apport %p %s %c %d %P" (or dumping to /opt/forno/minecraft/core.30346)
#

---------------  S U M M A R Y ------------

Command Line: -Xms3g -Xmx3g server.jar nogui

Host: Intel(R) Core(TM) i7-4500U CPU @ 1.80GHz, 4 cores, 3G, Ubuntu 18.04.2 LTS
Time: Thu Mar 21 11:25:10 2019 JST elapsed time: 0 seconds (0d 0h 0m 0s)

---------------  T H R E A D  ---------------

Current thread (0x00007f3ca8011000):  JavaThread "Unknown thread" [_thread_in_vm, id=30347, stack(0x00007f3cb1a1e000,0x00007f3cb1b1f000)]

Stack: [0x00007f3cb1a1e000,0x00007f3cb1b1f000],  sp=0x00007f3cb1b1d2e0,  free space=1020k
Native frames: (J=compiled Java code, A=aot compiled Java code, j=interpreted, Vv=VM code, C=native code)
V  [libjvm.so+0xd27ea4]
V  [libjvm.so+0xd28a4b]
V  [libjvm.so+0x64d415]
V  [libjvm.so+0xb2d7c8]
V  [libjvm.so+0xb2601d]
V  [libjvm.so+0x7662ff]
V  [libjvm.so+0x76653e]
V  [libjvm.so+0x769500]
V  [libjvm.so+0x7efa1c]
V  [libjvm.so+0x7f06df]
V  [libjvm.so+0x7f0b59]
V  [libjvm.so+0x7162cf]
V  [libjvm.so+0x71afd3]
V  [libjvm.so+0xce5dc2]
V  [libjvm.so+0xce60c6]
V  [libjvm.so+0x807d57]
V  [libjvm.so+0xcc7ac4]
V  [libjvm.so+0x8601b1]  JNI_CreateJavaVM+0x51
C  [libjli.so+0x3d83]
C  [libjli.so+0x89dd]
C  [libpthread.so.0+0x76db]  start_thread+0xdb


---------------  P R O C E S S  ---------------

Threads class SMR info:
_java_thread_list=0x0000555560d416b0, length=0, elements={
}

Java Threads: ( => current thread )

Other Threads:
  0x00007f3ca8028000 GCTaskThread "GC Thread#0" [stack: 0x00007f3cadb47000,0x00007f3cadc47000] [id=30349]
  0x00007f3ca8029000 GCTaskThread "GC Thread#1" [stack: 0x00007f3cada45000,0x00007f3cadb45000] [id=30350]
  0x00007f3ca802b000 GCTaskThread "GC Thread#2" [stack: 0x00007f3cad943000,0x00007f3cada43000] [id=30351]
  0x00007f3ca802c800 GCTaskThread "GC Thread#3" [stack: 0x00007f3cad841000,0x00007f3cad941000] [id=30352]
  0x00007f3ca806a000 ConcurrentGCThread "G1 Main Marker" [stack: 0x00007f3cac07b000,0x00007f3cac17b000] [id=30353]
  0x00007f3ca806c000 ConcurrentGCThread "G1 Conc#0" [stack: 0x00007f3c8ca25000,0x00007f3c8cb25000] [id=30354]

[error occurred during error reporting (printing all threads), id 0xe0000002]

VM state:not at safepoint (not fully initialized)

VM Mutex/Monitor currently owned by a thread:  ([mutex/lock_event])
[0x00007f3ca800df30] Heap_lock - owner thread: 0x00007f3ca8011000

Heap address: 0x0000000700000000, size: 3072 MB, Compressed Oops mode: Non-zero based: 0x0000000700000000
Narrow klass base: 0x0000000000000000, Narrow klass shift: 0

GC Heap History (0 events):
No events

Deoptimization events (0 events):
No events

Classes redefined (0 events):
No events

Internal exceptions (0 events):
No events

Events (0 events):
No events


Dynamic libraries:
55555f5bc000-55555f5bd000 r-xp 00000000 fd:00 20185882                   /usr/lib/jvm/java-11-openjdk-amd64/bin/java
55555f7bd000-55555f7be000 r--p 00001000 fd:00 20185882                   /usr/lib/jvm/java-11-openjdk-amd64/bin/java
55555f7be000-55555f7bf000 rw-p 00002000 fd:00 20185882                   /usr/lib/jvm/java-11-openjdk-amd64/bin/java
555560d2a000-555560d4b000 rw-p 00000000 00:00 0                          [heap]
7f3c6c000000-7f3c6c021000 rw-p 00000000 00:00 0 
7f3c6c021000-7f3c70000000 ---p 00000000 00:00 0 
7f3c72000000-7f3c74000000 rw-p 00000000 00:00 0 
7f3c74000000-7f3c74021000 rw-p 00000000 00:00 0 
7f3c74021000-7f3c78000000 ---p 00000000 00:00 0 
7f3c78000000-7f3c78021000 rw-p 00000000 00:00 0 
7f3c78021000-7f3c7c000000 ---p 00000000 00:00 0 
7f3c7d000000-7f3c80000000 ---p 00000000 00:00 0 
7f3c80000000-7f3c80021000 rw-p 00000000 00:00 0 
7f3c80021000-7f3c84000000 ---p 00000000 00:00 0 
7f3c84000000-7f3c84021000 rw-p 00000000 00:00 0 
7f3c84021000-7f3c88000000 ---p 00000000 00:00 0 
7f3c88000000-7f3c88021000 rw-p 00000000 00:00 0 
7f3c88021000-7f3c8c000000 ---p 00000000 00:00 0 
7f3c8c61f000-7f3c8ca23000 rw-p 00000000 00:00 0 
7f3c8ca23000-7f3c8ca24000 ---p 00000000 00:00 0 
7f3c8ca24000-7f3c8cb25000 rw-p 00000000 00:00 0 
7f3c8cb25000-7f3c8fb25000 ---p 00000000 00:00 0 
7f3c8fb25000-7f3c8fd95000 rwxp 00000000 00:00 0 
7f3c8fd95000-7f3c900b5000 ---p 00000000 00:00 0 
7f3c900b5000-7f3c90325000 rwxp 00000000 00:00 0 
7f3c90325000-7f3c975ed000 ---p 00000000 00:00 0 
7f3c975ed000-7f3c9785d000 rwxp 00000000 00:00 0 
7f3c9785d000-7f3c9eb25000 ---p 00000000 00:00 0 
7f3c9eb25000-7f3ca8000000 r--s 00000000 fd:00 20186057                   /usr/lib/jvm/java-11-openjdk-amd64/lib/modules
7f3ca8000000-7f3ca8083000 rw-p 00000000 00:00 0 
7f3ca8083000-7f3cac000000 ---p 00000000 00:00 0 
7f3cac079000-7f3cac07a000 ---p 00000000 00:00 0 
7f3cac07a000-7f3cac23b000 rw-p 00000000 00:00 0 
7f3cac23b000-7f3cad43b000 ---p 00000000 00:00 0 
7f3cad43b000-7f3cad83f000 rw-p 00000000 00:00 0 
7f3cad83f000-7f3cad840000 ---p 00000000 00:00 0 
7f3cad840000-7f3cad941000 rw-p 00000000 00:00 0 
7f3cad941000-7f3cad942000 ---p 00000000 00:00 0 
7f3cad942000-7f3cada43000 rw-p 00000000 00:00 0 
7f3cada43000-7f3cada44000 ---p 00000000 00:00 0 
7f3cada44000-7f3cadb45000 rw-p 00000000 00:00 0 
7f3cadb45000-7f3cadb46000 ---p 00000000 00:00 0 
7f3cadb46000-7f3cadc4c000 rw-p 00000000 00:00 0 
7f3cadc4c000-7f3cadd32000 ---p 00000000 00:00 0 
7f3cadd32000-7f3cadd37000 rw-p 00000000 00:00 0 
7f3cadd37000-7f3cade1d000 ---p 00000000 00:00 0 
7f3cade1d000-7f3cade22000 r-xp 00000000 fd:00 20186039                   /usr/lib/jvm/java-11-openjdk-amd64/lib/libjimage.so
7f3cade22000-7f3cae021000 ---p 00005000 fd:00 20186039                   /usr/lib/jvm/java-11-openjdk-amd64/lib/libjimage.so
7f3cae021000-7f3cae022000 r--p 00004000 fd:00 20186039                   /usr/lib/jvm/java-11-openjdk-amd64/lib/libjimage.so
7f3cae022000-7f3cae023000 rw-p 00005000 fd:00 20186039                   /usr/lib/jvm/java-11-openjdk-amd64/lib/libjimage.so
7f3cae023000-7f3cae02a000 r-xp 00000000 fd:00 20186056                   /usr/lib/jvm/java-11-openjdk-amd64/lib/libzip.so
7f3cae02a000-7f3cae229000 ---p 00007000 fd:00 20186056                   /usr/lib/jvm/java-11-openjdk-amd64/lib/libzip.so
7f3cae229000-7f3cae22a000 r--p 00006000 fd:00 20186056                   /usr/lib/jvm/java-11-openjdk-amd64/lib/libzip.so
7f3cae22a000-7f3cae22b000 rw-p 00007000 fd:00 20186056                   /usr/lib/jvm/java-11-openjdk-amd64/lib/libzip.so
7f3cae22b000-7f3cae236000 r-xp 00000000 fd:00 44176093                   /lib/x86_64-linux-gnu/libnss_files-2.27.so
7f3cae236000-7f3cae435000 ---p 0000b000 fd:00 44176093                   /lib/x86_64-linux-gnu/libnss_files-2.27.so
7f3cae435000-7f3cae436000 r--p 0000a000 fd:00 44176093                   /lib/x86_64-linux-gnu/libnss_files-2.27.so
7f3cae436000-7f3cae437000 rw-p 0000b000 fd:00 44176093                   /lib/x86_64-linux-gnu/libnss_files-2.27.so
7f3cae437000-7f3cae43d000 rw-p 00000000 00:00 0 
7f3cae43d000-7f3cae454000 r-xp 00000000 fd:00 44176087                   /lib/x86_64-linux-gnu/libnsl-2.27.so
7f3cae454000-7f3cae653000 ---p 00017000 fd:00 44176087                   /lib/x86_64-linux-gnu/libnsl-2.27.so
7f3cae653000-7f3cae654000 r--p 00016000 fd:00 44176087                   /lib/x86_64-linux-gnu/libnsl-2.27.so
7f3cae654000-7f3cae655000 rw-p 00017000 fd:00 44176087                   /lib/x86_64-linux-gnu/libnsl-2.27.so
7f3cae655000-7f3cae657000 rw-p 00000000 00:00 0 
7f3cae657000-7f3cae662000 r-xp 00000000 fd:00 44176104                   /lib/x86_64-linux-gnu/libnss_nis-2.27.so
7f3cae662000-7f3cae861000 ---p 0000b000 fd:00 44176104                   /lib/x86_64-linux-gnu/libnss_nis-2.27.so
7f3cae861000-7f3cae862000 r--p 0000a000 fd:00 44176104                   /lib/x86_64-linux-gnu/libnss_nis-2.27.so
7f3cae862000-7f3cae863000 rw-p 0000b000 fd:00 44176104                   /lib/x86_64-linux-gnu/libnss_nis-2.27.so
7f3cae863000-7f3cae86b000 r-xp 00000000 fd:00 44176089                   /lib/x86_64-linux-gnu/libnss_compat-2.27.so
7f3cae86b000-7f3caea6b000 ---p 00008000 fd:00 44176089                   /lib/x86_64-linux-gnu/libnss_compat-2.27.so
7f3caea6b000-7f3caea6c000 r--p 00008000 fd:00 44176089                   /lib/x86_64-linux-gnu/libnss_compat-2.27.so
7f3caea6c000-7f3caea6d000 rw-p 00009000 fd:00 44176089                   /lib/x86_64-linux-gnu/libnss_compat-2.27.so
7f3caea6d000-7f3caea99000 r-xp 00000000 fd:00 20186035                   /usr/lib/jvm/java-11-openjdk-amd64/lib/libjava.so
7f3caea99000-7f3caec98000 ---p 0002c000 fd:00 20186035                   /usr/lib/jvm/java-11-openjdk-amd64/lib/libjava.so
7f3caec98000-7f3caec99000 r--p 0002b000 fd:00 20186035                   /usr/lib/jvm/java-11-openjdk-amd64/lib/libjava.so
7f3caec99000-7f3caec9b000 rw-p 0002c000 fd:00 20186035                   /usr/lib/jvm/java-11-openjdk-amd64/lib/libjava.so
7f3caec9b000-7f3caeca8000 r-xp 00000000 fd:00 20186055                   /usr/lib/jvm/java-11-openjdk-amd64/lib/libverify.so
7f3caeca8000-7f3caeea7000 ---p 0000d000 fd:00 20186055                   /usr/lib/jvm/java-11-openjdk-amd64/lib/libverify.so
7f3caeea7000-7f3caeea9000 r--p 0000c000 fd:00 20186055                   /usr/lib/jvm/java-11-openjdk-amd64/lib/libverify.so
7f3caeea9000-7f3caeeaa000 rw-p 0000e000 fd:00 20186055                   /usr/lib/jvm/java-11-openjdk-amd64/lib/libverify.so
7f3caeeaa000-7f3caeeb1000 r-xp 00000000 fd:00 44176144                   /lib/x86_64-linux-gnu/librt-2.27.so
7f3caeeb1000-7f3caf0b0000 ---p 00007000 fd:00 44176144                   /lib/x86_64-linux-gnu/librt-2.27.so
7f3caf0b0000-7f3caf0b1000 r--p 00006000 fd:00 44176144                   /lib/x86_64-linux-gnu/librt-2.27.so
7f3caf0b1000-7f3caf0b2000 rw-p 00007000 fd:00 44176144                   /lib/x86_64-linux-gnu/librt-2.27.so
7f3caf0b2000-7f3caf0c9000 r-xp 00000000 fd:00 44175907                   /lib/x86_64-linux-gnu/libgcc_s.so.1
7f3caf0c9000-7f3caf2c8000 ---p 00017000 fd:00 44175907                   /lib/x86_64-linux-gnu/libgcc_s.so.1
7f3caf2c8000-7f3caf2c9000 r--p 00016000 fd:00 44175907                   /lib/x86_64-linux-gnu/libgcc_s.so.1
7f3caf2c9000-7f3caf2ca000 rw-p 00017000 fd:00 44175907                   /lib/x86_64-linux-gnu/libgcc_s.so.1
7f3caf2ca000-7f3caf467000 r-xp 00000000 fd:00 44176066                   /lib/x86_64-linux-gnu/libm-2.27.so
7f3caf467000-7f3caf666000 ---p 0019d000 fd:00 44176066                   /lib/x86_64-linux-gnu/libm-2.27.so
7f3caf666000-7f3caf667000 r--p 0019c000 fd:00 44176066                   /lib/x86_64-linux-gnu/libm-2.27.so
7f3caf667000-7f3caf668000 rw-p 0019d000 fd:00 44176066                   /lib/x86_64-linux-gnu/libm-2.27.so
7f3caf668000-7f3caf7e1000 r-xp 00000000 fd:00 18090134                   /usr/lib/x86_64-linux-gnu/libstdc++.so.6.0.25
7f3caf7e1000-7f3caf9e1000 ---p 00179000 fd:00 18090134                   /usr/lib/x86_64-linux-gnu/libstdc++.so.6.0.25
7f3caf9e1000-7f3caf9eb000 r--p 00179000 fd:00 18090134                   /usr/lib/x86_64-linux-gnu/libstdc++.so.6.0.25
7f3caf9eb000-7f3caf9ed000 rw-p 00183000 fd:00 18090134                   /usr/lib/x86_64-linux-gnu/libstdc++.so.6.0.25
7f3caf9ed000-7f3caf9f1000 rw-p 00000000 00:00 0 
7f3caf9f1000-7f3cb098e000 r-xp 00000000 fd:00 20186062                   /usr/lib/jvm/java-11-openjdk-amd64/lib/server/libjvm.so
7f3cb098e000-7f3cb0b8e000 ---p 00f9d000 fd:00 20186062                   /usr/lib/jvm/java-11-openjdk-amd64/lib/server/libjvm.so
7f3cb0b8e000-7f3cb0c52000 r--p 00f9d000 fd:00 20186062                   /usr/lib/jvm/java-11-openjdk-amd64/lib/server/libjvm.so
7f3cb0c52000-7f3cb0c8a000 rw-p 01061000 fd:00 20186062                   /usr/lib/jvm/java-11-openjdk-amd64/lib/server/libjvm.so
7f3cb0c8a000-7f3cb0cd3000 rw-p 00000000 00:00 0 
7f3cb0cd3000-7f3cb0ced000 r-xp 00000000 fd:00 44176136                   /lib/x86_64-linux-gnu/libpthread-2.27.so
7f3cb0ced000-7f3cb0eec000 ---p 0001a000 fd:00 44176136                   /lib/x86_64-linux-gnu/libpthread-2.27.so
7f3cb0eec000-7f3cb0eed000 r--p 00019000 fd:00 44176136                   /lib/x86_64-linux-gnu/libpthread-2.27.so
7f3cb0eed000-7f3cb0eee000 rw-p 0001a000 fd:00 44176136                   /lib/x86_64-linux-gnu/libpthread-2.27.so
7f3cb0eee000-7f3cb0ef2000 rw-p 00000000 00:00 0 
7f3cb0ef2000-7f3cb0ef5000 r-xp 00000000 fd:00 44176026                   /lib/x86_64-linux-gnu/libdl-2.27.so
7f3cb0ef5000-7f3cb10f4000 ---p 00003000 fd:00 44176026                   /lib/x86_64-linux-gnu/libdl-2.27.so
7f3cb10f4000-7f3cb10f5000 r--p 00002000 fd:00 44176026                   /lib/x86_64-linux-gnu/libdl-2.27.so
7f3cb10f5000-7f3cb10f6000 rw-p 00003000 fd:00 44176026                   /lib/x86_64-linux-gnu/libdl-2.27.so
7f3cb10f6000-7f3cb1112000 r-xp 00000000 fd:00 44176175                   /lib/x86_64-linux-gnu/libz.so.1.2.11
7f3cb1112000-7f3cb1311000 ---p 0001c000 fd:00 44176175                   /lib/x86_64-linux-gnu/libz.so.1.2.11
7f3cb1311000-7f3cb1312000 r--p 0001b000 fd:00 44176175                   /lib/x86_64-linux-gnu/libz.so.1.2.11
7f3cb1312000-7f3cb1313000 rw-p 0001c000 fd:00 44176175                   /lib/x86_64-linux-gnu/libz.so.1.2.11
7f3cb1313000-7f3cb14fa000 r-xp 00000000 fd:00 44176003                   /lib/x86_64-linux-gnu/libc-2.27.so
7f3cb14fa000-7f3cb16fa000 ---p 001e7000 fd:00 44176003                   /lib/x86_64-linux-gnu/libc-2.27.so
7f3cb16fa000-7f3cb16fe000 r--p 001e7000 fd:00 44176003                   /lib/x86_64-linux-gnu/libc-2.27.so
7f3cb16fe000-7f3cb1700000 rw-p 001eb000 fd:00 44176003                   /lib/x86_64-linux-gnu/libc-2.27.so
7f3cb1700000-7f3cb1704000 rw-p 00000000 00:00 0 
7f3cb1704000-7f3cb1713000 r-xp 00000000 fd:00 20186020                   /usr/lib/jvm/java-11-openjdk-amd64/lib/jli/libjli.so
7f3cb1713000-7f3cb1912000 ---p 0000f000 fd:00 20186020                   /usr/lib/jvm/java-11-openjdk-amd64/lib/jli/libjli.so
7f3cb1912000-7f3cb1913000 r--p 0000e000 fd:00 20186020                   /usr/lib/jvm/java-11-openjdk-amd64/lib/jli/libjli.so
7f3cb1913000-7f3cb1914000 rw-p 0000f000 fd:00 20186020                   /usr/lib/jvm/java-11-openjdk-amd64/lib/jli/libjli.so
7f3cb1914000-7f3cb193b000 r-xp 00000000 fd:00 44175975                   /lib/x86_64-linux-gnu/ld-2.27.so
7f3cb19b7000-7f3cb1a1e000 rw-p 00000000 00:00 0 
7f3cb1a1e000-7f3cb1a22000 ---p 00000000 00:00 0 
7f3cb1a22000-7f3cb1b21000 rw-p 00000000 00:00 0 
7f3cb1b22000-7f3cb1b28000 rw-p 00000000 00:00 0 
7f3cb1b28000-7f3cb1b2f000 ---p 00000000 00:00 0 
7f3cb1b2f000-7f3cb1b37000 rw-s 00000000 fd:00 16121869                   /tmp/hsperfdata_minecraft/30346
7f3cb1b37000-7f3cb1b38000 ---p 00000000 00:00 0 
7f3cb1b38000-7f3cb1b39000 r--p 00000000 00:00 0 
7f3cb1b39000-7f3cb1b3b000 rw-p 00000000 00:00 0 
7f3cb1b3b000-7f3cb1b3c000 r--p 00027000 fd:00 44175975                   /lib/x86_64-linux-gnu/ld-2.27.so
7f3cb1b3c000-7f3cb1b3d000 rw-p 00028000 fd:00 44175975                   /lib/x86_64-linux-gnu/ld-2.27.so
7f3cb1b3d000-7f3cb1b3e000 rw-p 00000000 00:00 0 
7fff14687000-7fff146a8000 rw-p 00000000 00:00 0                          [stack]
7fff1478d000-7fff14790000 r--p 00000000 00:00 0                          [vvar]
7fff14790000-7fff14792000 r-xp 00000000 00:00 0                          [vdso]
ffffffffff600000-ffffffffff601000 r-xp 00000000 00:00 0                  [vsyscall]


VM Arguments:
jvm_args: -Xms3g -Xmx3g 
java_command: server.jar nogui
java_class_path (initial): server.jar
Launcher Type: SUN_STANDARD

Logging:
Log output configuration:
#0: stdout all=warning uptime,level,tags
#1: stderr all=off uptime,level,tags

Environment Variables:
PATH=/usr/local/sbin:/usr/local/bin:/usr/sbin:/usr/bin:/sbin:/bin
SHELL=/bin/sh

Signal Handlers:
SIGSEGV: [libjvm.so+0xd28b70], sa_mask[0]=11111111011111111101111111111110, sa_flags=SA_RESTART|SA_SIGINFO
SIGBUS: [libjvm.so+0xd28b70], sa_mask[0]=11111111011111111101111111111110, sa_flags=SA_RESTART|SA_SIGINFO
SIGFPE: [libjvm.so+0xd28b70], sa_mask[0]=11111111011111111101111111111110, sa_flags=SA_RESTART|SA_SIGINFO
SIGPIPE: [libjvm.so+0xb2a1f0], sa_mask[0]=11111111011111111101111111111110, sa_flags=SA_RESTART|SA_SIGINFO
SIGXFSZ: [libjvm.so+0xb2a1f0], sa_mask[0]=11111111011111111101111111111110, sa_flags=SA_RESTART|SA_SIGINFO
SIGILL: [libjvm.so+0xd28b70], sa_mask[0]=11111111011111111101111111111110, sa_flags=SA_RESTART|SA_SIGINFO
SIGUSR2: [libjvm.so+0xb2a030], sa_mask[0]=00000000000000000000000000000000, sa_flags=SA_RESTART|SA_SIGINFO
SIGHUP: SIG_DFL, sa_mask[0]=00000000000000000000000000000000, sa_flags=none
SIGINT: SIG_DFL, sa_mask[0]=00000000000000000000000000000000, sa_flags=none
SIGTERM: SIG_DFL, sa_mask[0]=00000000000000000000000000000000, sa_flags=none
SIGQUIT: SIG_DFL, sa_mask[0]=00000000000000000000000000000000, sa_flags=none


---------------  S Y S T E M  ---------------

OS:DISTRIB_ID=Ubuntu
DISTRIB_RELEASE=18.04
DISTRIB_CODENAME=bionic
DISTRIB_DESCRIPTION="Ubuntu 18.04.2 LTS"
uname:Linux 4.15.0-46-generic #49-Ubuntu SMP Wed Feb 6 09:33:07 UTC 2019 x86_64
libc:glibc 2.27 NPTL 2.27 
rlimit: STACK 8192k, CORE 0k, NPROC 15099, NOFILE 4096, AS infinity, DATA infinity, FSIZE infinity
load average:1.42 1.45 1.44

/proc/meminfo:
MemTotal:        3943748 kB
MemFree:          110432 kB
MemAvailable:     926524 kB
Buffers:           30504 kB
Cached:           984532 kB
SwapCached:        12320 kB
Active:          2580888 kB
Inactive:        1056964 kB
Active(anon):    2122936 kB
Inactive(anon):   530020 kB
Active(file):     457952 kB
Inactive(file):   526944 kB
Unevictable:           0 kB
Mlocked:               0 kB
SwapTotal:        999420 kB
SwapFree:         614832 kB
Dirty:              1380 kB
Writeback:             0 kB
AnonPages:       2619500 kB
Mapped:           154872 kB
Shmem:             30068 kB
Slab:             108696 kB
SReclaimable:      67928 kB
SUnreclaim:        40768 kB
KernelStack:        5956 kB
PageTables:        25240 kB
NFS_Unstable:          0 kB
Bounce:                0 kB
WritebackTmp:          0 kB
CommitLimit:     2971292 kB
Committed_AS:    3328760 kB
VmallocTotal:   34359738367 kB
VmallocUsed:           0 kB
VmallocChunk:          0 kB
HardwareCorrupted:     0 kB
AnonHugePages:         0 kB
ShmemHugePages:        0 kB
ShmemPmdMapped:        0 kB
CmaTotal:              0 kB
CmaFree:               0 kB
HugePages_Total:       0
HugePages_Free:        0
HugePages_Rsvd:        0
HugePages_Surp:        0
Hugepagesize:       2048 kB
DirectMap4k:      158320 kB
DirectMap2M:     3940352 kB
DirectMap1G:           0 kB

container (cgroup) information:
container_type: cgroupv1
cpu_cpuset_cpus: 0-3
cpu_memory_nodes: 0
active_processor_count: 4
cpu_quota: -1
cpu_period: 100000
cpu_shares: -1
memory_limit_in_bytes: -1
memory_and_swap_limit_in_bytes: -2
memory_soft_limit_in_bytes: -1
memory_usage_in_bytes: 3722735616
memory_max_usage_in_bytes: 2048000


CPU:total 4 (initial active 4) (2 cores per cpu, 2 threads per core) family 6 model 69 stepping 1, cmov, cx8, fxsr, mmx, sse, sse2, sse3, ssse3, sse4.1, sse4.2, popcnt, avx, avx2, aes, clmul, erms, lzcnt, ht, tsc, tscinvbit, bmi1, bmi2, fma
CPU Model and flags from /proc/cpuinfo:
model name	: Intel(R) Core(TM) i7-4500U CPU @ 1.80GHz
flags		: fpu vme de pse tsc msr pae mce cx8 apic sep mtrr pge mca cmov pat pse36 clflush dts acpi mmx fxsr sse sse2 ss ht tm pbe syscall nx pdpe1gb rdtscp lm constant_tsc arch_perfmon pebs bts rep_good nopl xtopology nonstop_tsc cpuid aperfmperf pni pclmulqdq dtes64 monitor ds_cpl vmx est tm2 ssse3 sdbg fma cx16 xtpr pdcm pcid sse4_1 sse4_2 movbe popcnt tsc_deadline_timer aes xsave avx f16c rdrand lahf_lm abm cpuid_fault epb invpcid_single pti ssbd ibrs ibpb stibp tpr_shadow vnmi flexpriority ept vpid fsgsbase tsc_adjust bmi1 avx2 smep bmi2 erms invpcid xsaveopt dtherm ida arat pln pts flush_l1d

Memory: 4k page, physical 3943748k(110432k free), swap 999420k(614832k free)

vm_info: OpenJDK 64-Bit Server VM (10.0.2+13-Ubuntu-1ubuntu0.18.04.4) for linux-amd64 JRE (10.0.2+13-Ubuntu-1ubuntu0.18.04.4), built on Nov 13 2018 12:53:39 by "buildd" with gcc 7.3.0

END.
