#
# There is insufficient memory for the Java Runtime Environment to continue.
# Native memory allocation (mmap) failed to map 3221225472 bytes for committing reserved memory.
# Possible reasons:
#   The system is out of physical RAM or swap space
#   The process is running with CompressedOops enabled, and the Java Heap may be blocking the growth of the native heap
# Possible solutions:
#   Reduce memory load on the system
#   Increase physical memory or swap space
#   Check if swap backing store is full
#   Decrease Java heap size (-Xmx/-Xms)
#   Decrease number of Java threads
#   Decrease Java thread stack sizes (-Xss)
#   Set larger code cache with -XX:ReservedCodeCacheSize=
# This output file may be truncated or incomplete.
#
#  Out of Memory Error (os_linux.cpp:2706), pid=29974, tid=29976
#
# JRE version:  (10.0.2+13) (build )
# Java VM: OpenJDK 64-Bit Server VM (10.0.2+13-Ubuntu-1ubuntu0.18.04.4, mixed mode, aot, tiered, compressed oops, g1 gc, linux-amd64)
# Core dump will be written. Default location: Core dumps may be processed with "/usr/share/apport/apport %p %s %c %d %P" (or dumping to /opt/forno/minecraft/core.29974)
#

---------------  S U M M A R Y ------------

Command Line: -Xms3g -Xmx3g server.jar nogui

Host: Intel(R) Core(TM) i7-4500U CPU @ 1.80GHz, 4 cores, 3G, Ubuntu 18.04.2 LTS
Time: Thu Mar 21 10:57:03 2019 JST elapsed time: 0 seconds (0d 0h 0m 0s)

---------------  T H R E A D  ---------------

Current thread (0x00007f76ec011000):  JavaThread "Unknown thread" [_thread_in_vm, id=29976, stack(0x00007f76f2edf000,0x00007f76f2fe0000)]

Stack: [0x00007f76f2edf000,0x00007f76f2fe0000],  sp=0x00007f76f2fde2e0,  free space=1020k
Native frames: (J=compiled Java code, A=aot compiled Java code, j=interpreted, Vv=VM code, C=native code)
V  [libjvm.so+0xd27ea4]
V  [libjvm.so+0xd28a4b]
V  [libjvm.so+0x64d415]
V  [libjvm.so+0xb2d7c8]
V  [libjvm.so+0xb2601d]
V  [libjvm.so+0x7662ff]
V  [libjvm.so+0x76653e]
V  [libjvm.so+0x769500]
V  [libjvm.so+0x7efa1c]
V  [libjvm.so+0x7f06df]
V  [libjvm.so+0x7f0b59]
V  [libjvm.so+0x7162cf]
V  [libjvm.so+0x71afd3]
V  [libjvm.so+0xce5dc2]
V  [libjvm.so+0xce60c6]
V  [libjvm.so+0x807d57]
V  [libjvm.so+0xcc7ac4]
V  [libjvm.so+0x8601b1]  JNI_CreateJavaVM+0x51
C  [libjli.so+0x3d83]
C  [libjli.so+0x89dd]
C  [libpthread.so.0+0x76db]  start_thread+0xdb


---------------  P R O C E S S  ---------------

Threads class SMR info:
_java_thread_list=0x0000563d5afcd6b0, length=0, elements={
}

Java Threads: ( => current thread )

Other Threads:
  0x00007f76ec028000 GCTaskThread "GC Thread#0" [stack: 0x00007f76d2abc000,0x00007f76d2bbc000] [id=29977]
  0x00007f76ec029000 GCTaskThread "GC Thread#1" [stack: 0x00007f76d29ba000,0x00007f76d2aba000] [id=29978]
  0x00007f76ec02b000 GCTaskThread "GC Thread#2" [stack: 0x00007f76d28b8000,0x00007f76d29b8000] [id=29979]
  0x00007f76ec02c800 GCTaskThread "GC Thread#3" [stack: 0x00007f76d27b6000,0x00007f76d28b6000] [id=29980]
  0x00007f76ec06a000 ConcurrentGCThread "G1 Main Marker" [stack: 0x00007f76d0ff0000,0x00007f76d10f0000] [id=29981]
  0x00007f76ec06c000 ConcurrentGCThread "G1 Conc#0" [stack: 0x00007f76d0eee000,0x00007f76d0fee000] [id=29982]

[error occurred during error reporting (printing all threads), id 0xe0000002]

VM state:not at safepoint (not fully initialized)

VM Mutex/Monitor currently owned by a thread:  ([mutex/lock_event])
[0x00007f76ec00df30] Heap_lock - owner thread: 0x00007f76ec011000

Heap address: 0x0000000700000000, size: 3072 MB, Compressed Oops mode: Non-zero based: 0x0000000700000000
Narrow klass base: 0x0000000000000000, Narrow klass shift: 0

GC Heap History (0 events):
No events

Deoptimization events (0 events):
No events

Classes redefined (0 events):
No events

Internal exceptions (0 events):
No events

Events (0 events):
No events


Dynamic libraries:
563d59239000-563d5923a000 r-xp 00000000 fd:00 20185882                   /usr/lib/jvm/java-11-openjdk-amd64/bin/java
563d5943a000-563d5943b000 r--p 00001000 fd:00 20185882                   /usr/lib/jvm/java-11-openjdk-amd64/bin/java
563d5943b000-563d5943c000 rw-p 00002000 fd:00 20185882                   /usr/lib/jvm/java-11-openjdk-amd64/bin/java
563d5afb6000-563d5afd7000 rw-p 00000000 00:00 0                          [heap]
7f76ac000000-7f76ac021000 rw-p 00000000 00:00 0 
7f76ac021000-7f76b0000000 ---p 00000000 00:00 0 
7f76b2000000-7f76b4000000 rw-p 00000000 00:00 0 
7f76b4000000-7f76b4021000 rw-p 00000000 00:00 0 
7f76b4021000-7f76b8000000 ---p 00000000 00:00 0 
7f76b9000000-7f76bc000000 ---p 00000000 00:00 0 
7f76bc000000-7f76bc021000 rw-p 00000000 00:00 0 
7f76bc021000-7f76c0000000 ---p 00000000 00:00 0 
7f76c1000000-7f76c4000000 ---p 00000000 00:00 0 
7f76c4000000-7f76c4021000 rw-p 00000000 00:00 0 
7f76c4021000-7f76c8000000 ---p 00000000 00:00 0 
7f76c8000000-7f76c8021000 rw-p 00000000 00:00 0 
7f76c8021000-7f76cc000000 ---p 00000000 00:00 0 
7f76cc000000-7f76cc021000 rw-p 00000000 00:00 0 
7f76cc021000-7f76d0000000 ---p 00000000 00:00 0 
7f76d0ae8000-7f76d0eec000 rw-p 00000000 00:00 0 
7f76d0eec000-7f76d0eed000 ---p 00000000 00:00 0 
7f76d0eed000-7f76d0fee000 rw-p 00000000 00:00 0 
7f76d0fee000-7f76d0fef000 ---p 00000000 00:00 0 
7f76d0fef000-7f76d11b0000 rw-p 00000000 00:00 0 
7f76d11b0000-7f76d23b0000 ---p 00000000 00:00 0 
7f76d23b0000-7f76d27b4000 rw-p 00000000 00:00 0 
7f76d27b4000-7f76d27b5000 ---p 00000000 00:00 0 
7f76d27b5000-7f76d28b6000 rw-p 00000000 00:00 0 
7f76d28b6000-7f76d28b7000 ---p 00000000 00:00 0 
7f76d28b7000-7f76d29b8000 rw-p 00000000 00:00 0 
7f76d29b8000-7f76d29b9000 ---p 00000000 00:00 0 
7f76d29b9000-7f76d2aba000 rw-p 00000000 00:00 0 
7f76d2aba000-7f76d2abb000 ---p 00000000 00:00 0 
7f76d2abb000-7f76d2bc1000 rw-p 00000000 00:00 0 
7f76d2bc1000-7f76d2ca7000 ---p 00000000 00:00 0 
7f76d2ca7000-7f76d2f17000 rwxp 00000000 00:00 0 
7f76d2f17000-7f76d3237000 ---p 00000000 00:00 0 
7f76d3237000-7f76d34a7000 rwxp 00000000 00:00 0 
7f76d34a7000-7f76da76f000 ---p 00000000 00:00 0 
7f76da76f000-7f76da9df000 rwxp 00000000 00:00 0 
7f76da9df000-7f76e1ca7000 ---p 00000000 00:00 0 
7f76e1ca7000-7f76eb182000 r--s 00000000 fd:00 20186057                   /usr/lib/jvm/java-11-openjdk-amd64/lib/modules
7f76eb182000-7f76eb187000 r-xp 00000000 fd:00 20186039                   /usr/lib/jvm/java-11-openjdk-amd64/lib/libjimage.so
7f76eb187000-7f76eb386000 ---p 00005000 fd:00 20186039                   /usr/lib/jvm/java-11-openjdk-amd64/lib/libjimage.so
7f76eb386000-7f76eb387000 r--p 00004000 fd:00 20186039                   /usr/lib/jvm/java-11-openjdk-amd64/lib/libjimage.so
7f76eb387000-7f76eb388000 rw-p 00005000 fd:00 20186039                   /usr/lib/jvm/java-11-openjdk-amd64/lib/libjimage.so
7f76eb388000-7f76eb38f000 r-xp 00000000 fd:00 20186056                   /usr/lib/jvm/java-11-openjdk-amd64/lib/libzip.so
7f76eb38f000-7f76eb58e000 ---p 00007000 fd:00 20186056                   /usr/lib/jvm/java-11-openjdk-amd64/lib/libzip.so
7f76eb58e000-7f76eb58f000 r--p 00006000 fd:00 20186056                   /usr/lib/jvm/java-11-openjdk-amd64/lib/libzip.so
7f76eb58f000-7f76eb590000 rw-p 00007000 fd:00 20186056                   /usr/lib/jvm/java-11-openjdk-amd64/lib/libzip.so
7f76eb590000-7f76eb59b000 r-xp 00000000 fd:00 44176093                   /lib/x86_64-linux-gnu/libnss_files-2.27.so
7f76eb59b000-7f76eb79a000 ---p 0000b000 fd:00 44176093                   /lib/x86_64-linux-gnu/libnss_files-2.27.so
7f76eb79a000-7f76eb79b000 r--p 0000a000 fd:00 44176093                   /lib/x86_64-linux-gnu/libnss_files-2.27.so
7f76eb79b000-7f76eb79c000 rw-p 0000b000 fd:00 44176093                   /lib/x86_64-linux-gnu/libnss_files-2.27.so
7f76eb79c000-7f76eb7a2000 rw-p 00000000 00:00 0 
7f76eb7a2000-7f76eb7b9000 r-xp 00000000 fd:00 44176087                   /lib/x86_64-linux-gnu/libnsl-2.27.so
7f76eb7b9000-7f76eb9b8000 ---p 00017000 fd:00 44176087                   /lib/x86_64-linux-gnu/libnsl-2.27.so
7f76eb9b8000-7f76eb9b9000 r--p 00016000 fd:00 44176087                   /lib/x86_64-linux-gnu/libnsl-2.27.so
7f76eb9b9000-7f76eb9ba000 rw-p 00017000 fd:00 44176087                   /lib/x86_64-linux-gnu/libnsl-2.27.so
7f76eb9ba000-7f76eb9bc000 rw-p 00000000 00:00 0 
7f76eb9bc000-7f76eb9c7000 r-xp 00000000 fd:00 44176104                   /lib/x86_64-linux-gnu/libnss_nis-2.27.so
7f76eb9c7000-7f76ebbc6000 ---p 0000b000 fd:00 44176104                   /lib/x86_64-linux-gnu/libnss_nis-2.27.so
7f76ebbc6000-7f76ebbc7000 r--p 0000a000 fd:00 44176104                   /lib/x86_64-linux-gnu/libnss_nis-2.27.so
7f76ebbc7000-7f76ebbc8000 rw-p 0000b000 fd:00 44176104                   /lib/x86_64-linux-gnu/libnss_nis-2.27.so
7f76ebbc8000-7f76ebbd0000 r-xp 00000000 fd:00 44176089                   /lib/x86_64-linux-gnu/libnss_compat-2.27.so
7f76ebbd0000-7f76ebdd0000 ---p 00008000 fd:00 44176089                   /lib/x86_64-linux-gnu/libnss_compat-2.27.so
7f76ebdd0000-7f76ebdd1000 r--p 00008000 fd:00 44176089                   /lib/x86_64-linux-gnu/libnss_compat-2.27.so
7f76ebdd1000-7f76ebdd2000 rw-p 00009000 fd:00 44176089                   /lib/x86_64-linux-gnu/libnss_compat-2.27.so
7f76ebdd2000-7f76ebdfe000 r-xp 00000000 fd:00 20186035                   /usr/lib/jvm/java-11-openjdk-amd64/lib/libjava.so
7f76ebdfe000-7f76ebffd000 ---p 0002c000 fd:00 20186035                   /usr/lib/jvm/java-11-openjdk-amd64/lib/libjava.so
7f76ebffd000-7f76ebffe000 r--p 0002b000 fd:00 20186035                   /usr/lib/jvm/java-11-openjdk-amd64/lib/libjava.so
7f76ebffe000-7f76ec000000 rw-p 0002c000 fd:00 20186035                   /usr/lib/jvm/java-11-openjdk-amd64/lib/libjava.so
7f76ec000000-7f76ec083000 rw-p 00000000 00:00 0 
7f76ec083000-7f76f0000000 ---p 00000000 00:00 0 
7f76f0071000-7f76f0076000 rw-p 00000000 00:00 0 
7f76f0076000-7f76f015c000 ---p 00000000 00:00 0 
7f76f015c000-7f76f0169000 r-xp 00000000 fd:00 20186055                   /usr/lib/jvm/java-11-openjdk-amd64/lib/libverify.so
7f76f0169000-7f76f0368000 ---p 0000d000 fd:00 20186055                   /usr/lib/jvm/java-11-openjdk-amd64/lib/libverify.so
7f76f0368000-7f76f036a000 r--p 0000c000 fd:00 20186055                   /usr/lib/jvm/java-11-openjdk-amd64/lib/libverify.so
7f76f036a000-7f76f036b000 rw-p 0000e000 fd:00 20186055                   /usr/lib/jvm/java-11-openjdk-amd64/lib/libverify.so
7f76f036b000-7f76f0372000 r-xp 00000000 fd:00 44176144                   /lib/x86_64-linux-gnu/librt-2.27.so
7f76f0372000-7f76f0571000 ---p 00007000 fd:00 44176144                   /lib/x86_64-linux-gnu/librt-2.27.so
7f76f0571000-7f76f0572000 r--p 00006000 fd:00 44176144                   /lib/x86_64-linux-gnu/librt-2.27.so
7f76f0572000-7f76f0573000 rw-p 00007000 fd:00 44176144                   /lib/x86_64-linux-gnu/librt-2.27.so
7f76f0573000-7f76f058a000 r-xp 00000000 fd:00 44175907                   /lib/x86_64-linux-gnu/libgcc_s.so.1
7f76f058a000-7f76f0789000 ---p 00017000 fd:00 44175907                   /lib/x86_64-linux-gnu/libgcc_s.so.1
7f76f0789000-7f76f078a000 r--p 00016000 fd:00 44175907                   /lib/x86_64-linux-gnu/libgcc_s.so.1
7f76f078a000-7f76f078b000 rw-p 00017000 fd:00 44175907                   /lib/x86_64-linux-gnu/libgcc_s.so.1
7f76f078b000-7f76f0928000 r-xp 00000000 fd:00 44176066                   /lib/x86_64-linux-gnu/libm-2.27.so
7f76f0928000-7f76f0b27000 ---p 0019d000 fd:00 44176066                   /lib/x86_64-linux-gnu/libm-2.27.so
7f76f0b27000-7f76f0b28000 r--p 0019c000 fd:00 44176066                   /lib/x86_64-linux-gnu/libm-2.27.so
7f76f0b28000-7f76f0b29000 rw-p 0019d000 fd:00 44176066                   /lib/x86_64-linux-gnu/libm-2.27.so
7f76f0b29000-7f76f0ca2000 r-xp 00000000 fd:00 18090134                   /usr/lib/x86_64-linux-gnu/libstdc++.so.6.0.25
7f76f0ca2000-7f76f0ea2000 ---p 00179000 fd:00 18090134                   /usr/lib/x86_64-linux-gnu/libstdc++.so.6.0.25
7f76f0ea2000-7f76f0eac000 r--p 00179000 fd:00 18090134                   /usr/lib/x86_64-linux-gnu/libstdc++.so.6.0.25
7f76f0eac000-7f76f0eae000 rw-p 00183000 fd:00 18090134                   /usr/lib/x86_64-linux-gnu/libstdc++.so.6.0.25
7f76f0eae000-7f76f0eb2000 rw-p 00000000 00:00 0 
7f76f0eb2000-7f76f1e4f000 r-xp 00000000 fd:00 20186062                   /usr/lib/jvm/java-11-openjdk-amd64/lib/server/libjvm.so
7f76f1e4f000-7f76f204f000 ---p 00f9d000 fd:00 20186062                   /usr/lib/jvm/java-11-openjdk-amd64/lib/server/libjvm.so
7f76f204f000-7f76f2113000 r--p 00f9d000 fd:00 20186062                   /usr/lib/jvm/java-11-openjdk-amd64/lib/server/libjvm.so
7f76f2113000-7f76f214b000 rw-p 01061000 fd:00 20186062                   /usr/lib/jvm/java-11-openjdk-amd64/lib/server/libjvm.so
7f76f214b000-7f76f2194000 rw-p 00000000 00:00 0 
7f76f2194000-7f76f21ae000 r-xp 00000000 fd:00 44176136                   /lib/x86_64-linux-gnu/libpthread-2.27.so
7f76f21ae000-7f76f23ad000 ---p 0001a000 fd:00 44176136                   /lib/x86_64-linux-gnu/libpthread-2.27.so
7f76f23ad000-7f76f23ae000 r--p 00019000 fd:00 44176136                   /lib/x86_64-linux-gnu/libpthread-2.27.so
7f76f23ae000-7f76f23af000 rw-p 0001a000 fd:00 44176136                   /lib/x86_64-linux-gnu/libpthread-2.27.so
7f76f23af000-7f76f23b3000 rw-p 00000000 00:00 0 
7f76f23b3000-7f76f23b6000 r-xp 00000000 fd:00 44176026                   /lib/x86_64-linux-gnu/libdl-2.27.so
7f76f23b6000-7f76f25b5000 ---p 00003000 fd:00 44176026                   /lib/x86_64-linux-gnu/libdl-2.27.so
7f76f25b5000-7f76f25b6000 r--p 00002000 fd:00 44176026                   /lib/x86_64-linux-gnu/libdl-2.27.so
7f76f25b6000-7f76f25b7000 rw-p 00003000 fd:00 44176026                   /lib/x86_64-linux-gnu/libdl-2.27.so
7f76f25b7000-7f76f25d3000 r-xp 00000000 fd:00 44176175                   /lib/x86_64-linux-gnu/libz.so.1.2.11
7f76f25d3000-7f76f27d2000 ---p 0001c000 fd:00 44176175                   /lib/x86_64-linux-gnu/libz.so.1.2.11
7f76f27d2000-7f76f27d3000 r--p 0001b000 fd:00 44176175                   /lib/x86_64-linux-gnu/libz.so.1.2.11
7f76f27d3000-7f76f27d4000 rw-p 0001c000 fd:00 44176175                   /lib/x86_64-linux-gnu/libz.so.1.2.11
7f76f27d4000-7f76f29bb000 r-xp 00000000 fd:00 44176003                   /lib/x86_64-linux-gnu/libc-2.27.so
7f76f29bb000-7f76f2bbb000 ---p 001e7000 fd:00 44176003                   /lib/x86_64-linux-gnu/libc-2.27.so
7f76f2bbb000-7f76f2bbf000 r--p 001e7000 fd:00 44176003                   /lib/x86_64-linux-gnu/libc-2.27.so
7f76f2bbf000-7f76f2bc1000 rw-p 001eb000 fd:00 44176003                   /lib/x86_64-linux-gnu/libc-2.27.so
7f76f2bc1000-7f76f2bc5000 rw-p 00000000 00:00 0 
7f76f2bc5000-7f76f2bd4000 r-xp 00000000 fd:00 20186020                   /usr/lib/jvm/java-11-openjdk-amd64/lib/jli/libjli.so
7f76f2bd4000-7f76f2dd3000 ---p 0000f000 fd:00 20186020                   /usr/lib/jvm/java-11-openjdk-amd64/lib/jli/libjli.so
7f76f2dd3000-7f76f2dd4000 r--p 0000e000 fd:00 20186020                   /usr/lib/jvm/java-11-openjdk-amd64/lib/jli/libjli.so
7f76f2dd4000-7f76f2dd5000 rw-p 0000f000 fd:00 20186020                   /usr/lib/jvm/java-11-openjdk-amd64/lib/jli/libjli.so
7f76f2dd5000-7f76f2dfc000 r-xp 00000000 fd:00 44175975                   /lib/x86_64-linux-gnu/ld-2.27.so
7f76f2e78000-7f76f2edf000 rw-p 00000000 00:00 0 
7f76f2edf000-7f76f2ee3000 ---p 00000000 00:00 0 
7f76f2ee3000-7f76f2fe2000 rw-p 00000000 00:00 0 
7f76f2fe3000-7f76f2fe9000 rw-p 00000000 00:00 0 
7f76f2fe9000-7f76f2ff0000 ---p 00000000 00:00 0 
7f76f2ff0000-7f76f2ff8000 rw-s 00000000 fd:00 16121869                   /tmp/hsperfdata_minecraft/29974
7f76f2ff8000-7f76f2ff9000 ---p 00000000 00:00 0 
7f76f2ff9000-7f76f2ffa000 r--p 00000000 00:00 0 
7f76f2ffa000-7f76f2ffc000 rw-p 00000000 00:00 0 
7f76f2ffc000-7f76f2ffd000 r--p 00027000 fd:00 44175975                   /lib/x86_64-linux-gnu/ld-2.27.so
7f76f2ffd000-7f76f2ffe000 rw-p 00028000 fd:00 44175975                   /lib/x86_64-linux-gnu/ld-2.27.so
7f76f2ffe000-7f76f2fff000 rw-p 00000000 00:00 0 
7fffd4dbe000-7fffd4ddf000 rw-p 00000000 00:00 0                          [stack]
7fffd4de2000-7fffd4de5000 r--p 00000000 00:00 0                          [vvar]
7fffd4de5000-7fffd4de7000 r-xp 00000000 00:00 0                          [vdso]
ffffffffff600000-ffffffffff601000 r-xp 00000000 00:00 0                  [vsyscall]


VM Arguments:
jvm_args: -Xms3g -Xmx3g 
java_command: server.jar nogui
java_class_path (initial): server.jar
Launcher Type: SUN_STANDARD

Logging:
Log output configuration:
#0: stdout all=warning uptime,level,tags
#1: stderr all=off uptime,level,tags

Environment Variables:
PATH=/usr/local/sbin:/usr/local/bin:/usr/sbin:/usr/bin:/sbin:/bin
SHELL=/bin/sh

Signal Handlers:
SIGSEGV: [libjvm.so+0xd28b70], sa_mask[0]=11111111011111111101111111111110, sa_flags=SA_RESTART|SA_SIGINFO
SIGBUS: [libjvm.so+0xd28b70], sa_mask[0]=11111111011111111101111111111110, sa_flags=SA_RESTART|SA_SIGINFO
SIGFPE: [libjvm.so+0xd28b70], sa_mask[0]=11111111011111111101111111111110, sa_flags=SA_RESTART|SA_SIGINFO
SIGPIPE: [libjvm.so+0xb2a1f0], sa_mask[0]=11111111011111111101111111111110, sa_flags=SA_RESTART|SA_SIGINFO
SIGXFSZ: [libjvm.so+0xb2a1f0], sa_mask[0]=11111111011111111101111111111110, sa_flags=SA_RESTART|SA_SIGINFO
SIGILL: [libjvm.so+0xd28b70], sa_mask[0]=11111111011111111101111111111110, sa_flags=SA_RESTART|SA_SIGINFO
SIGUSR2: [libjvm.so+0xb2a030], sa_mask[0]=00000000000000000000000000000000, sa_flags=SA_RESTART|SA_SIGINFO
SIGHUP: SIG_DFL, sa_mask[0]=00000000000000000000000000000000, sa_flags=none
SIGINT: SIG_DFL, sa_mask[0]=00000000000000000000000000000000, sa_flags=none
SIGTERM: SIG_DFL, sa_mask[0]=00000000000000000000000000000000, sa_flags=none
SIGQUIT: SIG_DFL, sa_mask[0]=00000000000000000000000000000000, sa_flags=none


---------------  S Y S T E M  ---------------

OS:DISTRIB_ID=Ubuntu
DISTRIB_RELEASE=18.04
DISTRIB_CODENAME=bionic
DISTRIB_DESCRIPTION="Ubuntu 18.04.2 LTS"
uname:Linux 4.15.0-46-generic #49-Ubuntu SMP Wed Feb 6 09:33:07 UTC 2019 x86_64
libc:glibc 2.27 NPTL 2.27 
rlimit: STACK 8192k, CORE 0k, NPROC 15099, NOFILE 4096, AS infinity, DATA infinity, FSIZE infinity
load average:1.34 1.51 1.44

/proc/meminfo:
MemTotal:        3943748 kB
MemFree:          129736 kB
MemAvailable:     985112 kB
Buffers:           32948 kB
Cached:          1021304 kB
SwapCached:        11788 kB
Active:          2706116 kB
Inactive:         912436 kB
Active(anon):    2073584 kB
Inactive(anon):   520784 kB
Active(file):     632532 kB
Inactive(file):   391652 kB
Unevictable:           0 kB
Mlocked:               0 kB
SwapTotal:        999420 kB
SwapFree:         614064 kB
Dirty:             10600 kB
Writeback:             0 kB
AnonPages:       2560632 kB
Mapped:           150948 kB
Shmem:             30068 kB
Slab:             108676 kB
SReclaimable:      67920 kB
SUnreclaim:        40756 kB
KernelStack:        6024 kB
PageTables:        24200 kB
NFS_Unstable:          0 kB
Bounce:                0 kB
WritebackTmp:          0 kB
CommitLimit:     2971292 kB
Committed_AS:    3152404 kB
VmallocTotal:   34359738367 kB
VmallocUsed:           0 kB
VmallocChunk:          0 kB
HardwareCorrupted:     0 kB
AnonHugePages:         0 kB
ShmemHugePages:        0 kB
ShmemPmdMapped:        0 kB
CmaTotal:              0 kB
CmaFree:               0 kB
HugePages_Total:       0
HugePages_Free:        0
HugePages_Rsvd:        0
HugePages_Surp:        0
Hugepagesize:       2048 kB
DirectMap4k:      158320 kB
DirectMap2M:     3940352 kB
DirectMap1G:           0 kB

container (cgroup) information:
container_type: cgroupv1
cpu_cpuset_cpus: 0-3
cpu_memory_nodes: 0
active_processor_count: 4
cpu_quota: -1
cpu_period: 100000
cpu_shares: -1
memory_limit_in_bytes: -1
memory_and_swap_limit_in_bytes: -2
memory_soft_limit_in_bytes: -1
memory_usage_in_bytes: 3702931456
memory_max_usage_in_bytes: 2048000


CPU:total 4 (initial active 4) (2 cores per cpu, 2 threads per core) family 6 model 69 stepping 1, cmov, cx8, fxsr, mmx, sse, sse2, sse3, ssse3, sse4.1, sse4.2, popcnt, avx, avx2, aes, clmul, erms, lzcnt, ht, tsc, tscinvbit, bmi1, bmi2, fma
CPU Model and flags from /proc/cpuinfo:
model name	: Intel(R) Core(TM) i7-4500U CPU @ 1.80GHz
flags		: fpu vme de pse tsc msr pae mce cx8 apic sep mtrr pge mca cmov pat pse36 clflush dts acpi mmx fxsr sse sse2 ss ht tm pbe syscall nx pdpe1gb rdtscp lm constant_tsc arch_perfmon pebs bts rep_good nopl xtopology nonstop_tsc cpuid aperfmperf pni pclmulqdq dtes64 monitor ds_cpl vmx est tm2 ssse3 sdbg fma cx16 xtpr pdcm pcid sse4_1 sse4_2 movbe popcnt tsc_deadline_timer aes xsave avx f16c rdrand lahf_lm abm cpuid_fault epb invpcid_single pti ssbd ibrs ibpb stibp tpr_shadow vnmi flexpriority ept vpid fsgsbase tsc_adjust bmi1 avx2 smep bmi2 erms invpcid xsaveopt dtherm ida arat pln pts flush_l1d

Memory: 4k page, physical 3943748k(129736k free), swap 999420k(614064k free)

vm_info: OpenJDK 64-Bit Server VM (10.0.2+13-Ubuntu-1ubuntu0.18.04.4) for linux-amd64 JRE (10.0.2+13-Ubuntu-1ubuntu0.18.04.4), built on Nov 13 2018 12:53:39 by "buildd" with gcc 7.3.0

END.
