#
# There is insufficient memory for the Java Runtime Environment to continue.
# Native memory allocation (mmap) failed to map 3221225472 bytes for committing reserved memory.
# Possible reasons:
#   The system is out of physical RAM or swap space
#   The process is running with CompressedOops enabled, and the Java Heap may be blocking the growth of the native heap
# Possible solutions:
#   Reduce memory load on the system
#   Increase physical memory or swap space
#   Check if swap backing store is full
#   Decrease Java heap size (-Xmx/-Xms)
#   Decrease number of Java threads
#   Decrease Java thread stack sizes (-Xss)
#   Set larger code cache with -XX:ReservedCodeCacheSize=
# This output file may be truncated or incomplete.
#
#  Out of Memory Error (os_linux.cpp:2706), pid=2319, tid=2320
#
# JRE version:  (10.0.2+13) (build )
# Java VM: OpenJDK 64-Bit Server VM (10.0.2+13-Ubuntu-1ubuntu0.18.04.4, mixed mode, aot, tiered, compressed oops, g1 gc, linux-amd64)
# Core dump will be written. Default location: Core dumps may be processed with "/usr/share/apport/apport %p %s %c %d %P" (or dumping to /opt/forno/minecraft/core.2319)
#

---------------  S U M M A R Y ------------

Command Line: -Xms3g -Xmx3g server.jar nogui

Host: Intel(R) Core(TM) i7-4500U CPU @ 1.80GHz, 4 cores, 3G, Ubuntu 18.04.2 LTS
Time: Thu Mar 21 11:38:13 2019 JST elapsed time: 0 seconds (0d 0h 0m 0s)

---------------  T H R E A D  ---------------

Current thread (0x00007fe008011000):  JavaThread "Unknown thread" [_thread_in_vm, id=2320, stack(0x00007fe011d99000,0x00007fe011e9a000)]

Stack: [0x00007fe011d99000,0x00007fe011e9a000],  sp=0x00007fe011e982e0,  free space=1020k
Native frames: (J=compiled Java code, A=aot compiled Java code, j=interpreted, Vv=VM code, C=native code)
V  [libjvm.so+0xd27ea4]
V  [libjvm.so+0xd28a4b]
V  [libjvm.so+0x64d415]
V  [libjvm.so+0xb2d7c8]
V  [libjvm.so+0xb2601d]
V  [libjvm.so+0x7662ff]
V  [libjvm.so+0x76653e]
V  [libjvm.so+0x769500]
V  [libjvm.so+0x7efa1c]
V  [libjvm.so+0x7f06df]
V  [libjvm.so+0x7f0b59]
V  [libjvm.so+0x7162cf]
V  [libjvm.so+0x71afd3]
V  [libjvm.so+0xce5dc2]
V  [libjvm.so+0xce60c6]
V  [libjvm.so+0x807d57]
V  [libjvm.so+0xcc7ac4]
V  [libjvm.so+0x8601b1]  JNI_CreateJavaVM+0x51
C  [libjli.so+0x3d83]
C  [libjli.so+0x89dd]
C  [libpthread.so.0+0x76db]  start_thread+0xdb


---------------  P R O C E S S  ---------------

Threads class SMR info:
_java_thread_list=0x0000557b36eae6b0, length=0, elements={
}

Java Threads: ( => current thread )

Other Threads:
  0x00007fe008028000 GCTaskThread "GC Thread#0" [stack: 0x00007fe00dec2000,0x00007fe00dfc2000] [id=2321]
  0x00007fe008029000 GCTaskThread "GC Thread#1" [stack: 0x00007fe00ddc0000,0x00007fe00dec0000] [id=2322]
  0x00007fe00802b000 GCTaskThread "GC Thread#2" [stack: 0x00007fe00dcbe000,0x00007fe00ddbe000] [id=2323]
  0x00007fe00802c800 GCTaskThread "GC Thread#3" [stack: 0x00007fe00dbbc000,0x00007fe00dcbc000] [id=2324]
  0x00007fe00806a000 ConcurrentGCThread "G1 Main Marker" [stack: 0x00007fe00c3f6000,0x00007fe00c4f6000] [id=2325]
  0x00007fe00806c000 ConcurrentGCThread "G1 Conc#0" [stack: 0x00007fe00c2f4000,0x00007fe00c3f4000] [id=2326]

[error occurred during error reporting (printing all threads), id 0xe0000002]

VM state:not at safepoint (not fully initialized)

VM Mutex/Monitor currently owned by a thread:  ([mutex/lock_event])
[0x00007fe00800df30] Heap_lock - owner thread: 0x00007fe008011000

Heap address: 0x0000000700000000, size: 3072 MB, Compressed Oops mode: Non-zero based: 0x0000000700000000
Narrow klass base: 0x0000000000000000, Narrow klass shift: 0

GC Heap History (0 events):
No events

Deoptimization events (0 events):
No events

Classes redefined (0 events):
No events

Internal exceptions (0 events):
No events

Events (0 events):
No events


Dynamic libraries:
557b35fec000-557b35fed000 r-xp 00000000 fd:00 20185882                   /usr/lib/jvm/java-11-openjdk-amd64/bin/java
557b361ed000-557b361ee000 r--p 00001000 fd:00 20185882                   /usr/lib/jvm/java-11-openjdk-amd64/bin/java
557b361ee000-557b361ef000 rw-p 00002000 fd:00 20185882                   /usr/lib/jvm/java-11-openjdk-amd64/bin/java
557b36e97000-557b36eb8000 rw-p 00000000 00:00 0                          [heap]
7fdfcc000000-7fdfcc021000 rw-p 00000000 00:00 0 
7fdfcc021000-7fdfd0000000 ---p 00000000 00:00 0 
7fdfd2000000-7fdfd4000000 rw-p 00000000 00:00 0 
7fdfd4000000-7fdfd4021000 rw-p 00000000 00:00 0 
7fdfd4021000-7fdfd8000000 ---p 00000000 00:00 0 
7fdfd8000000-7fdfd8021000 rw-p 00000000 00:00 0 
7fdfd8021000-7fdfdc000000 ---p 00000000 00:00 0 
7fdfdd000000-7fdfe0000000 ---p 00000000 00:00 0 
7fdfe0000000-7fdfe0021000 rw-p 00000000 00:00 0 
7fdfe0021000-7fdfe4000000 ---p 00000000 00:00 0 
7fdfe4000000-7fdfe4021000 rw-p 00000000 00:00 0 
7fdfe4021000-7fdfe8000000 ---p 00000000 00:00 0 
7fdfe8000000-7fdfe8021000 rw-p 00000000 00:00 0 
7fdfe8021000-7fdfec000000 ---p 00000000 00:00 0 
7fdfec923000-7fdfecb25000 rw-p 00000000 00:00 0 
7fdfecb25000-7fdfefb25000 ---p 00000000 00:00 0 
7fdfefb25000-7fdfefd95000 rwxp 00000000 00:00 0 
7fdfefd95000-7fdff00b5000 ---p 00000000 00:00 0 
7fdff00b5000-7fdff0325000 rwxp 00000000 00:00 0 
7fdff0325000-7fdff75ed000 ---p 00000000 00:00 0 
7fdff75ed000-7fdff785d000 rwxp 00000000 00:00 0 
7fdff785d000-7fdffeb25000 ---p 00000000 00:00 0 
7fdffeb25000-7fe008000000 r--s 00000000 fd:00 20186057                   /usr/lib/jvm/java-11-openjdk-amd64/lib/modules
7fe008000000-7fe008083000 rw-p 00000000 00:00 0 
7fe008083000-7fe00c000000 ---p 00000000 00:00 0 
7fe00c0f0000-7fe00c2f2000 rw-p 00000000 00:00 0 
7fe00c2f2000-7fe00c2f3000 ---p 00000000 00:00 0 
7fe00c2f3000-7fe00c3f4000 rw-p 00000000 00:00 0 
7fe00c3f4000-7fe00c3f5000 ---p 00000000 00:00 0 
7fe00c3f5000-7fe00c5b6000 rw-p 00000000 00:00 0 
7fe00c5b6000-7fe00d7b6000 ---p 00000000 00:00 0 
7fe00d7b6000-7fe00dbba000 rw-p 00000000 00:00 0 
7fe00dbba000-7fe00dbbb000 ---p 00000000 00:00 0 
7fe00dbbb000-7fe00dcbc000 rw-p 00000000 00:00 0 
7fe00dcbc000-7fe00dcbd000 ---p 00000000 00:00 0 
7fe00dcbd000-7fe00ddbe000 rw-p 00000000 00:00 0 
7fe00ddbe000-7fe00ddbf000 ---p 00000000 00:00 0 
7fe00ddbf000-7fe00dec0000 rw-p 00000000 00:00 0 
7fe00dec0000-7fe00dec1000 ---p 00000000 00:00 0 
7fe00dec1000-7fe00dfc7000 rw-p 00000000 00:00 0 
7fe00dfc7000-7fe00e0ad000 ---p 00000000 00:00 0 
7fe00e0ad000-7fe00e0b2000 rw-p 00000000 00:00 0 
7fe00e0b2000-7fe00e198000 ---p 00000000 00:00 0 
7fe00e198000-7fe00e19d000 r-xp 00000000 fd:00 20186039                   /usr/lib/jvm/java-11-openjdk-amd64/lib/libjimage.so
7fe00e19d000-7fe00e39c000 ---p 00005000 fd:00 20186039                   /usr/lib/jvm/java-11-openjdk-amd64/lib/libjimage.so
7fe00e39c000-7fe00e39d000 r--p 00004000 fd:00 20186039                   /usr/lib/jvm/java-11-openjdk-amd64/lib/libjimage.so
7fe00e39d000-7fe00e39e000 rw-p 00005000 fd:00 20186039                   /usr/lib/jvm/java-11-openjdk-amd64/lib/libjimage.so
7fe00e39e000-7fe00e3a5000 r-xp 00000000 fd:00 20186056                   /usr/lib/jvm/java-11-openjdk-amd64/lib/libzip.so
7fe00e3a5000-7fe00e5a4000 ---p 00007000 fd:00 20186056                   /usr/lib/jvm/java-11-openjdk-amd64/lib/libzip.so
7fe00e5a4000-7fe00e5a5000 r--p 00006000 fd:00 20186056                   /usr/lib/jvm/java-11-openjdk-amd64/lib/libzip.so
7fe00e5a5000-7fe00e5a6000 rw-p 00007000 fd:00 20186056                   /usr/lib/jvm/java-11-openjdk-amd64/lib/libzip.so
7fe00e5a6000-7fe00e5b1000 r-xp 00000000 fd:00 44176093                   /lib/x86_64-linux-gnu/libnss_files-2.27.so
7fe00e5b1000-7fe00e7b0000 ---p 0000b000 fd:00 44176093                   /lib/x86_64-linux-gnu/libnss_files-2.27.so
7fe00e7b0000-7fe00e7b1000 r--p 0000a000 fd:00 44176093                   /lib/x86_64-linux-gnu/libnss_files-2.27.so
7fe00e7b1000-7fe00e7b2000 rw-p 0000b000 fd:00 44176093                   /lib/x86_64-linux-gnu/libnss_files-2.27.so
7fe00e7b2000-7fe00e7b8000 rw-p 00000000 00:00 0 
7fe00e7b8000-7fe00e7cf000 r-xp 00000000 fd:00 44176087                   /lib/x86_64-linux-gnu/libnsl-2.27.so
7fe00e7cf000-7fe00e9ce000 ---p 00017000 fd:00 44176087                   /lib/x86_64-linux-gnu/libnsl-2.27.so
7fe00e9ce000-7fe00e9cf000 r--p 00016000 fd:00 44176087                   /lib/x86_64-linux-gnu/libnsl-2.27.so
7fe00e9cf000-7fe00e9d0000 rw-p 00017000 fd:00 44176087                   /lib/x86_64-linux-gnu/libnsl-2.27.so
7fe00e9d0000-7fe00e9d2000 rw-p 00000000 00:00 0 
7fe00e9d2000-7fe00e9dd000 r-xp 00000000 fd:00 44176104                   /lib/x86_64-linux-gnu/libnss_nis-2.27.so
7fe00e9dd000-7fe00ebdc000 ---p 0000b000 fd:00 44176104                   /lib/x86_64-linux-gnu/libnss_nis-2.27.so
7fe00ebdc000-7fe00ebdd000 r--p 0000a000 fd:00 44176104                   /lib/x86_64-linux-gnu/libnss_nis-2.27.so
7fe00ebdd000-7fe00ebde000 rw-p 0000b000 fd:00 44176104                   /lib/x86_64-linux-gnu/libnss_nis-2.27.so
7fe00ebde000-7fe00ebe6000 r-xp 00000000 fd:00 44176089                   /lib/x86_64-linux-gnu/libnss_compat-2.27.so
7fe00ebe6000-7fe00ede6000 ---p 00008000 fd:00 44176089                   /lib/x86_64-linux-gnu/libnss_compat-2.27.so
7fe00ede6000-7fe00ede7000 r--p 00008000 fd:00 44176089                   /lib/x86_64-linux-gnu/libnss_compat-2.27.so
7fe00ede7000-7fe00ede8000 rw-p 00009000 fd:00 44176089                   /lib/x86_64-linux-gnu/libnss_compat-2.27.so
7fe00ede8000-7fe00ee14000 r-xp 00000000 fd:00 20186035                   /usr/lib/jvm/java-11-openjdk-amd64/lib/libjava.so
7fe00ee14000-7fe00f013000 ---p 0002c000 fd:00 20186035                   /usr/lib/jvm/java-11-openjdk-amd64/lib/libjava.so
7fe00f013000-7fe00f014000 r--p 0002b000 fd:00 20186035                   /usr/lib/jvm/java-11-openjdk-amd64/lib/libjava.so
7fe00f014000-7fe00f016000 rw-p 0002c000 fd:00 20186035                   /usr/lib/jvm/java-11-openjdk-amd64/lib/libjava.so
7fe00f016000-7fe00f023000 r-xp 00000000 fd:00 20186055                   /usr/lib/jvm/java-11-openjdk-amd64/lib/libverify.so
7fe00f023000-7fe00f222000 ---p 0000d000 fd:00 20186055                   /usr/lib/jvm/java-11-openjdk-amd64/lib/libverify.so
7fe00f222000-7fe00f224000 r--p 0000c000 fd:00 20186055                   /usr/lib/jvm/java-11-openjdk-amd64/lib/libverify.so
7fe00f224000-7fe00f225000 rw-p 0000e000 fd:00 20186055                   /usr/lib/jvm/java-11-openjdk-amd64/lib/libverify.so
7fe00f225000-7fe00f22c000 r-xp 00000000 fd:00 44176144                   /lib/x86_64-linux-gnu/librt-2.27.so
7fe00f22c000-7fe00f42b000 ---p 00007000 fd:00 44176144                   /lib/x86_64-linux-gnu/librt-2.27.so
7fe00f42b000-7fe00f42c000 r--p 00006000 fd:00 44176144                   /lib/x86_64-linux-gnu/librt-2.27.so
7fe00f42c000-7fe00f42d000 rw-p 00007000 fd:00 44176144                   /lib/x86_64-linux-gnu/librt-2.27.so
7fe00f42d000-7fe00f444000 r-xp 00000000 fd:00 44175907                   /lib/x86_64-linux-gnu/libgcc_s.so.1
7fe00f444000-7fe00f643000 ---p 00017000 fd:00 44175907                   /lib/x86_64-linux-gnu/libgcc_s.so.1
7fe00f643000-7fe00f644000 r--p 00016000 fd:00 44175907                   /lib/x86_64-linux-gnu/libgcc_s.so.1
7fe00f644000-7fe00f645000 rw-p 00017000 fd:00 44175907                   /lib/x86_64-linux-gnu/libgcc_s.so.1
7fe00f645000-7fe00f7e2000 r-xp 00000000 fd:00 44176066                   /lib/x86_64-linux-gnu/libm-2.27.so
7fe00f7e2000-7fe00f9e1000 ---p 0019d000 fd:00 44176066                   /lib/x86_64-linux-gnu/libm-2.27.so
7fe00f9e1000-7fe00f9e2000 r--p 0019c000 fd:00 44176066                   /lib/x86_64-linux-gnu/libm-2.27.so
7fe00f9e2000-7fe00f9e3000 rw-p 0019d000 fd:00 44176066                   /lib/x86_64-linux-gnu/libm-2.27.so
7fe00f9e3000-7fe00fb5c000 r-xp 00000000 fd:00 18090134                   /usr/lib/x86_64-linux-gnu/libstdc++.so.6.0.25
7fe00fb5c000-7fe00fd5c000 ---p 00179000 fd:00 18090134                   /usr/lib/x86_64-linux-gnu/libstdc++.so.6.0.25
7fe00fd5c000-7fe00fd66000 r--p 00179000 fd:00 18090134                   /usr/lib/x86_64-linux-gnu/libstdc++.so.6.0.25
7fe00fd66000-7fe00fd68000 rw-p 00183000 fd:00 18090134                   /usr/lib/x86_64-linux-gnu/libstdc++.so.6.0.25
7fe00fd68000-7fe00fd6c000 rw-p 00000000 00:00 0 
7fe00fd6c000-7fe010d09000 r-xp 00000000 fd:00 20186062                   /usr/lib/jvm/java-11-openjdk-amd64/lib/server/libjvm.so
7fe010d09000-7fe010f09000 ---p 00f9d000 fd:00 20186062                   /usr/lib/jvm/java-11-openjdk-amd64/lib/server/libjvm.so
7fe010f09000-7fe010fcd000 r--p 00f9d000 fd:00 20186062                   /usr/lib/jvm/java-11-openjdk-amd64/lib/server/libjvm.so
7fe010fcd000-7fe011005000 rw-p 01061000 fd:00 20186062                   /usr/lib/jvm/java-11-openjdk-amd64/lib/server/libjvm.so
7fe011005000-7fe01104e000 rw-p 00000000 00:00 0 
7fe01104e000-7fe011068000 r-xp 00000000 fd:00 44176136                   /lib/x86_64-linux-gnu/libpthread-2.27.so
7fe011068000-7fe011267000 ---p 0001a000 fd:00 44176136                   /lib/x86_64-linux-gnu/libpthread-2.27.so
7fe011267000-7fe011268000 r--p 00019000 fd:00 44176136                   /lib/x86_64-linux-gnu/libpthread-2.27.so
7fe011268000-7fe011269000 rw-p 0001a000 fd:00 44176136                   /lib/x86_64-linux-gnu/libpthread-2.27.so
7fe011269000-7fe01126d000 rw-p 00000000 00:00 0 
7fe01126d000-7fe011270000 r-xp 00000000 fd:00 44176026                   /lib/x86_64-linux-gnu/libdl-2.27.so
7fe011270000-7fe01146f000 ---p 00003000 fd:00 44176026                   /lib/x86_64-linux-gnu/libdl-2.27.so
7fe01146f000-7fe011470000 r--p 00002000 fd:00 44176026                   /lib/x86_64-linux-gnu/libdl-2.27.so
7fe011470000-7fe011471000 rw-p 00003000 fd:00 44176026                   /lib/x86_64-linux-gnu/libdl-2.27.so
7fe011471000-7fe01148d000 r-xp 00000000 fd:00 44176175                   /lib/x86_64-linux-gnu/libz.so.1.2.11
7fe01148d000-7fe01168c000 ---p 0001c000 fd:00 44176175                   /lib/x86_64-linux-gnu/libz.so.1.2.11
7fe01168c000-7fe01168d000 r--p 0001b000 fd:00 44176175                   /lib/x86_64-linux-gnu/libz.so.1.2.11
7fe01168d000-7fe01168e000 rw-p 0001c000 fd:00 44176175                   /lib/x86_64-linux-gnu/libz.so.1.2.11
7fe01168e000-7fe011875000 r-xp 00000000 fd:00 44176003                   /lib/x86_64-linux-gnu/libc-2.27.so
7fe011875000-7fe011a75000 ---p 001e7000 fd:00 44176003                   /lib/x86_64-linux-gnu/libc-2.27.so
7fe011a75000-7fe011a79000 r--p 001e7000 fd:00 44176003                   /lib/x86_64-linux-gnu/libc-2.27.so
7fe011a79000-7fe011a7b000 rw-p 001eb000 fd:00 44176003                   /lib/x86_64-linux-gnu/libc-2.27.so
7fe011a7b000-7fe011a7f000 rw-p 00000000 00:00 0 
7fe011a7f000-7fe011a8e000 r-xp 00000000 fd:00 20186020                   /usr/lib/jvm/java-11-openjdk-amd64/lib/jli/libjli.so
7fe011a8e000-7fe011c8d000 ---p 0000f000 fd:00 20186020                   /usr/lib/jvm/java-11-openjdk-amd64/lib/jli/libjli.so
7fe011c8d000-7fe011c8e000 r--p 0000e000 fd:00 20186020                   /usr/lib/jvm/java-11-openjdk-amd64/lib/jli/libjli.so
7fe011c8e000-7fe011c8f000 rw-p 0000f000 fd:00 20186020                   /usr/lib/jvm/java-11-openjdk-amd64/lib/jli/libjli.so
7fe011c8f000-7fe011cb6000 r-xp 00000000 fd:00 44175975                   /lib/x86_64-linux-gnu/ld-2.27.so
7fe011d32000-7fe011d99000 rw-p 00000000 00:00 0 
7fe011d99000-7fe011d9d000 ---p 00000000 00:00 0 
7fe011d9d000-7fe011e9c000 rw-p 00000000 00:00 0 
7fe011e9d000-7fe011ea3000 rw-p 00000000 00:00 0 
7fe011ea3000-7fe011eaa000 ---p 00000000 00:00 0 
7fe011eaa000-7fe011eb2000 rw-s 00000000 fd:00 16121869                   /tmp/hsperfdata_minecraft/2319
7fe011eb2000-7fe011eb3000 ---p 00000000 00:00 0 
7fe011eb3000-7fe011eb4000 r--p 00000000 00:00 0 
7fe011eb4000-7fe011eb6000 rw-p 00000000 00:00 0 
7fe011eb6000-7fe011eb7000 r--p 00027000 fd:00 44175975                   /lib/x86_64-linux-gnu/ld-2.27.so
7fe011eb7000-7fe011eb8000 rw-p 00028000 fd:00 44175975                   /lib/x86_64-linux-gnu/ld-2.27.so
7fe011eb8000-7fe011eb9000 rw-p 00000000 00:00 0 
7ffcc16c5000-7ffcc16e6000 rw-p 00000000 00:00 0                          [stack]
7ffcc1778000-7ffcc177b000 r--p 00000000 00:00 0                          [vvar]
7ffcc177b000-7ffcc177d000 r-xp 00000000 00:00 0                          [vdso]
ffffffffff600000-ffffffffff601000 r-xp 00000000 00:00 0                  [vsyscall]


VM Arguments:
jvm_args: -Xms3g -Xmx3g 
java_command: server.jar nogui
java_class_path (initial): server.jar
Launcher Type: SUN_STANDARD

Logging:
Log output configuration:
#0: stdout all=warning uptime,level,tags
#1: stderr all=off uptime,level,tags

Environment Variables:
PATH=/usr/local/sbin:/usr/local/bin:/usr/sbin:/usr/bin:/sbin:/bin
SHELL=/bin/sh

Signal Handlers:
SIGSEGV: [libjvm.so+0xd28b70], sa_mask[0]=11111111011111111101111111111110, sa_flags=SA_RESTART|SA_SIGINFO
SIGBUS: [libjvm.so+0xd28b70], sa_mask[0]=11111111011111111101111111111110, sa_flags=SA_RESTART|SA_SIGINFO
SIGFPE: [libjvm.so+0xd28b70], sa_mask[0]=11111111011111111101111111111110, sa_flags=SA_RESTART|SA_SIGINFO
SIGPIPE: [libjvm.so+0xb2a1f0], sa_mask[0]=11111111011111111101111111111110, sa_flags=SA_RESTART|SA_SIGINFO
SIGXFSZ: [libjvm.so+0xb2a1f0], sa_mask[0]=11111111011111111101111111111110, sa_flags=SA_RESTART|SA_SIGINFO
SIGILL: [libjvm.so+0xd28b70], sa_mask[0]=11111111011111111101111111111110, sa_flags=SA_RESTART|SA_SIGINFO
SIGUSR2: [libjvm.so+0xb2a030], sa_mask[0]=00000000000000000000000000000000, sa_flags=SA_RESTART|SA_SIGINFO
SIGHUP: SIG_DFL, sa_mask[0]=00000000000000000000000000000000, sa_flags=none
SIGINT: SIG_DFL, sa_mask[0]=00000000000000000000000000000000, sa_flags=none
SIGTERM: SIG_DFL, sa_mask[0]=00000000000000000000000000000000, sa_flags=none
SIGQUIT: SIG_DFL, sa_mask[0]=00000000000000000000000000000000, sa_flags=none


---------------  S Y S T E M  ---------------

OS:DISTRIB_ID=Ubuntu
DISTRIB_RELEASE=18.04
DISTRIB_CODENAME=bionic
DISTRIB_DESCRIPTION="Ubuntu 18.04.2 LTS"
uname:Linux 4.15.0-46-generic #49-Ubuntu SMP Wed Feb 6 09:33:07 UTC 2019 x86_64
libc:glibc 2.27 NPTL 2.27 
rlimit: STACK 8192k, CORE 0k, NPROC 15099, NOFILE 4096, AS infinity, DATA infinity, FSIZE infinity
load average:1.37 1.37 1.41

/proc/meminfo:
MemTotal:        3943748 kB
MemFree:          116032 kB
MemAvailable:     909448 kB
Buffers:           27984 kB
Cached:           964232 kB
SwapCached:        12452 kB
Active:          2608900 kB
Inactive:        1023376 kB
Active(anon):    2136204 kB
Inactive(anon):   533924 kB
Active(file):     472696 kB
Inactive(file):   489452 kB
Unevictable:           0 kB
Mlocked:               0 kB
SwapTotal:        999420 kB
SwapFree:         615344 kB
Dirty:              7528 kB
Writeback:             0 kB
AnonPages:       2636604 kB
Mapped:           100580 kB
Shmem:             30068 kB
Slab:             108884 kB
SReclaimable:      68072 kB
SUnreclaim:        40812 kB
KernelStack:        6064 kB
PageTables:        24028 kB
NFS_Unstable:          0 kB
Bounce:                0 kB
WritebackTmp:          0 kB
CommitLimit:     2971292 kB
Committed_AS:    3166096 kB
VmallocTotal:   34359738367 kB
VmallocUsed:           0 kB
VmallocChunk:          0 kB
HardwareCorrupted:     0 kB
AnonHugePages:         0 kB
ShmemHugePages:        0 kB
ShmemPmdMapped:        0 kB
CmaTotal:              0 kB
CmaFree:               0 kB
HugePages_Total:       0
HugePages_Free:        0
HugePages_Rsvd:        0
HugePages_Surp:        0
Hugepagesize:       2048 kB
DirectMap4k:      158320 kB
DirectMap2M:     3940352 kB
DirectMap1G:           0 kB

container (cgroup) information:
container_type: cgroupv1
cpu_cpuset_cpus: 0-3
cpu_memory_nodes: 0
active_processor_count: 4
cpu_quota: -1
cpu_period: 100000
cpu_shares: -1
memory_limit_in_bytes: -1
memory_and_swap_limit_in_bytes: -2
memory_soft_limit_in_bytes: -1
memory_usage_in_bytes: 3716972544
memory_max_usage_in_bytes: 2048000


CPU:total 4 (initial active 4) (2 cores per cpu, 2 threads per core) family 6 model 69 stepping 1, cmov, cx8, fxsr, mmx, sse, sse2, sse3, ssse3, sse4.1, sse4.2, popcnt, avx, avx2, aes, clmul, erms, lzcnt, ht, tsc, tscinvbit, bmi1, bmi2, fma
CPU Model and flags from /proc/cpuinfo:
model name	: Intel(R) Core(TM) i7-4500U CPU @ 1.80GHz
flags		: fpu vme de pse tsc msr pae mce cx8 apic sep mtrr pge mca cmov pat pse36 clflush dts acpi mmx fxsr sse sse2 ss ht tm pbe syscall nx pdpe1gb rdtscp lm constant_tsc arch_perfmon pebs bts rep_good nopl xtopology nonstop_tsc cpuid aperfmperf pni pclmulqdq dtes64 monitor ds_cpl vmx est tm2 ssse3 sdbg fma cx16 xtpr pdcm pcid sse4_1 sse4_2 movbe popcnt tsc_deadline_timer aes xsave avx f16c rdrand lahf_lm abm cpuid_fault epb invpcid_single pti ssbd ibrs ibpb stibp tpr_shadow vnmi flexpriority ept vpid fsgsbase tsc_adjust bmi1 avx2 smep bmi2 erms invpcid xsaveopt dtherm ida arat pln pts flush_l1d

Memory: 4k page, physical 3943748k(116032k free), swap 999420k(615344k free)

vm_info: OpenJDK 64-Bit Server VM (10.0.2+13-Ubuntu-1ubuntu0.18.04.4) for linux-amd64 JRE (10.0.2+13-Ubuntu-1ubuntu0.18.04.4), built on Nov 13 2018 12:53:39 by "buildd" with gcc 7.3.0

END.
