#
# There is insufficient memory for the Java Runtime Environment to continue.
# Native memory allocation (mmap) failed to map 3221225472 bytes for committing reserved memory.
# Possible reasons:
#   The system is out of physical RAM or swap space
#   The process is running with CompressedOops enabled, and the Java Heap may be blocking the growth of the native heap
# Possible solutions:
#   Reduce memory load on the system
#   Increase physical memory or swap space
#   Check if swap backing store is full
#   Decrease Java heap size (-Xmx/-Xms)
#   Decrease number of Java threads
#   Decrease Java thread stack sizes (-Xss)
#   Set larger code cache with -XX:ReservedCodeCacheSize=
# This output file may be truncated or incomplete.
#
#  Out of Memory Error (os_linux.cpp:2706), pid=9511, tid=9513
#
# JRE version:  (10.0.2+13) (build )
# Java VM: OpenJDK 64-Bit Server VM (10.0.2+13-Ubuntu-1ubuntu0.18.04.4, mixed mode, aot, tiered, compressed oops, g1 gc, linux-amd64)
# Core dump will be written. Default location: Core dumps may be processed with "/usr/share/apport/apport %p %s %c %d %P" (or dumping to /opt/forno/minecraft/core.9511)
#

---------------  S U M M A R Y ------------

Command Line: -Xms3g -Xmx3g server.jar nogui

Host: Intel(R) Core(TM) i7-4500U CPU @ 1.80GHz, 4 cores, 3G, Ubuntu 18.04.2 LTS
Time: Thu Mar 21 05:43:45 2019 JST elapsed time: 0 seconds (0d 0h 0m 0s)

---------------  T H R E A D  ---------------

Current thread (0x00007fe7d0011000):  JavaThread "Unknown thread" [_thread_in_vm, id=9513, stack(0x00007fe7d7113000,0x00007fe7d7214000)]

Stack: [0x00007fe7d7113000,0x00007fe7d7214000],  sp=0x00007fe7d72122e0,  free space=1020k
Native frames: (J=compiled Java code, A=aot compiled Java code, j=interpreted, Vv=VM code, C=native code)
V  [libjvm.so+0xd27ea4]
V  [libjvm.so+0xd28a4b]
V  [libjvm.so+0x64d415]
V  [libjvm.so+0xb2d7c8]
V  [libjvm.so+0xb2601d]
V  [libjvm.so+0x7662ff]
V  [libjvm.so+0x76653e]
V  [libjvm.so+0x769500]
V  [libjvm.so+0x7efa1c]
V  [libjvm.so+0x7f06df]
V  [libjvm.so+0x7f0b59]
V  [libjvm.so+0x7162cf]
V  [libjvm.so+0x71afd3]
V  [libjvm.so+0xce5dc2]
V  [libjvm.so+0xce60c6]
V  [libjvm.so+0x807d57]
V  [libjvm.so+0xcc7ac4]
V  [libjvm.so+0x8601b1]  JNI_CreateJavaVM+0x51
C  [libjli.so+0x3d83]
C  [libjli.so+0x89dd]
C  [libpthread.so.0+0x76db]  start_thread+0xdb


---------------  P R O C E S S  ---------------

Threads class SMR info:
_java_thread_list=0x000055cb1f8c46b0, length=0, elements={
}

Java Threads: ( => current thread )

Other Threads:
  0x00007fe7d0028000 GCTaskThread "GC Thread#0" [stack: 0x00007fe7b6cea000,0x00007fe7b6dea000] [id=9514]
  0x00007fe7d0029000 GCTaskThread "GC Thread#1" [stack: 0x00007fe7b6be8000,0x00007fe7b6ce8000] [id=9515]
  0x00007fe7d002b000 GCTaskThread "GC Thread#2" [stack: 0x00007fe7b6ae6000,0x00007fe7b6be6000] [id=9516]
  0x00007fe7d002c800 GCTaskThread "GC Thread#3" [stack: 0x00007fe7b69e4000,0x00007fe7b6ae4000] [id=9517]
  0x00007fe7d006a000 ConcurrentGCThread "G1 Main Marker" [stack: 0x00007fe7b521e000,0x00007fe7b531e000] [id=9518]
  0x00007fe7d006c000 ConcurrentGCThread "G1 Conc#0" [stack: 0x00007fe7b511c000,0x00007fe7b521c000] [id=9519]

[error occurred during error reporting (printing all threads), id 0xe0000002]

VM state:not at safepoint (not fully initialized)

VM Mutex/Monitor currently owned by a thread:  ([mutex/lock_event])
[0x00007fe7d000df30] Heap_lock - owner thread: 0x00007fe7d0011000

Heap address: 0x0000000700000000, size: 3072 MB, Compressed Oops mode: Non-zero based: 0x0000000700000000
Narrow klass base: 0x0000000000000000, Narrow klass shift: 0

GC Heap History (0 events):
No events

Deoptimization events (0 events):
No events

Classes redefined (0 events):
No events

Internal exceptions (0 events):
No events

Events (0 events):
No events


Dynamic libraries:
55cb1e5ae000-55cb1e5af000 r-xp 00000000 fd:00 20185882                   /usr/lib/jvm/java-11-openjdk-amd64/bin/java
55cb1e7af000-55cb1e7b0000 r--p 00001000 fd:00 20185882                   /usr/lib/jvm/java-11-openjdk-amd64/bin/java
55cb1e7b0000-55cb1e7b1000 rw-p 00002000 fd:00 20185882                   /usr/lib/jvm/java-11-openjdk-amd64/bin/java
55cb1f8ad000-55cb1f8ce000 rw-p 00000000 00:00 0                          [heap]
7fe790000000-7fe790021000 rw-p 00000000 00:00 0 
7fe790021000-7fe794000000 ---p 00000000 00:00 0 
7fe796000000-7fe798000000 rw-p 00000000 00:00 0 
7fe798000000-7fe798021000 rw-p 00000000 00:00 0 
7fe798021000-7fe79c000000 ---p 00000000 00:00 0 
7fe79d000000-7fe7a0000000 ---p 00000000 00:00 0 
7fe7a0000000-7fe7a0021000 rw-p 00000000 00:00 0 
7fe7a0021000-7fe7a4000000 ---p 00000000 00:00 0 
7fe7a5000000-7fe7a8000000 ---p 00000000 00:00 0 
7fe7a8000000-7fe7a8021000 rw-p 00000000 00:00 0 
7fe7a8021000-7fe7ac000000 ---p 00000000 00:00 0 
7fe7ac000000-7fe7ac021000 rw-p 00000000 00:00 0 
7fe7ac021000-7fe7b0000000 ---p 00000000 00:00 0 
7fe7b0000000-7fe7b0021000 rw-p 00000000 00:00 0 
7fe7b0021000-7fe7b4000000 ---p 00000000 00:00 0 
7fe7b4d16000-7fe7b511a000 rw-p 00000000 00:00 0 
7fe7b511a000-7fe7b511b000 ---p 00000000 00:00 0 
7fe7b511b000-7fe7b521c000 rw-p 00000000 00:00 0 
7fe7b521c000-7fe7b521d000 ---p 00000000 00:00 0 
7fe7b521d000-7fe7b53de000 rw-p 00000000 00:00 0 
7fe7b53de000-7fe7b65de000 ---p 00000000 00:00 0 
7fe7b65de000-7fe7b69e2000 rw-p 00000000 00:00 0 
7fe7b69e2000-7fe7b69e3000 ---p 00000000 00:00 0 
7fe7b69e3000-7fe7b6ae4000 rw-p 00000000 00:00 0 
7fe7b6ae4000-7fe7b6ae5000 ---p 00000000 00:00 0 
7fe7b6ae5000-7fe7b6be6000 rw-p 00000000 00:00 0 
7fe7b6be6000-7fe7b6be7000 ---p 00000000 00:00 0 
7fe7b6be7000-7fe7b6ce8000 rw-p 00000000 00:00 0 
7fe7b6ce8000-7fe7b6ce9000 ---p 00000000 00:00 0 
7fe7b6ce9000-7fe7b6def000 rw-p 00000000 00:00 0 
7fe7b6def000-7fe7b6ed5000 ---p 00000000 00:00 0 
7fe7b6ed5000-7fe7b7145000 rwxp 00000000 00:00 0 
7fe7b7145000-7fe7b7465000 ---p 00000000 00:00 0 
7fe7b7465000-7fe7b76d5000 rwxp 00000000 00:00 0 
7fe7b76d5000-7fe7be99d000 ---p 00000000 00:00 0 
7fe7be99d000-7fe7bec0d000 rwxp 00000000 00:00 0 
7fe7bec0d000-7fe7c5ed5000 ---p 00000000 00:00 0 
7fe7c5ed5000-7fe7cf3b0000 r--s 00000000 fd:00 20186057                   /usr/lib/jvm/java-11-openjdk-amd64/lib/modules
7fe7cf3b0000-7fe7cf3b5000 r-xp 00000000 fd:00 20186039                   /usr/lib/jvm/java-11-openjdk-amd64/lib/libjimage.so
7fe7cf3b5000-7fe7cf5b4000 ---p 00005000 fd:00 20186039                   /usr/lib/jvm/java-11-openjdk-amd64/lib/libjimage.so
7fe7cf5b4000-7fe7cf5b5000 r--p 00004000 fd:00 20186039                   /usr/lib/jvm/java-11-openjdk-amd64/lib/libjimage.so
7fe7cf5b5000-7fe7cf5b6000 rw-p 00005000 fd:00 20186039                   /usr/lib/jvm/java-11-openjdk-amd64/lib/libjimage.so
7fe7cf5b6000-7fe7cf5bd000 r-xp 00000000 fd:00 20186056                   /usr/lib/jvm/java-11-openjdk-amd64/lib/libzip.so
7fe7cf5bd000-7fe7cf7bc000 ---p 00007000 fd:00 20186056                   /usr/lib/jvm/java-11-openjdk-amd64/lib/libzip.so
7fe7cf7bc000-7fe7cf7bd000 r--p 00006000 fd:00 20186056                   /usr/lib/jvm/java-11-openjdk-amd64/lib/libzip.so
7fe7cf7bd000-7fe7cf7be000 rw-p 00007000 fd:00 20186056                   /usr/lib/jvm/java-11-openjdk-amd64/lib/libzip.so
7fe7cf7be000-7fe7cf7c9000 r-xp 00000000 fd:00 44176093                   /lib/x86_64-linux-gnu/libnss_files-2.27.so
7fe7cf7c9000-7fe7cf9c8000 ---p 0000b000 fd:00 44176093                   /lib/x86_64-linux-gnu/libnss_files-2.27.so
7fe7cf9c8000-7fe7cf9c9000 r--p 0000a000 fd:00 44176093                   /lib/x86_64-linux-gnu/libnss_files-2.27.so
7fe7cf9c9000-7fe7cf9ca000 rw-p 0000b000 fd:00 44176093                   /lib/x86_64-linux-gnu/libnss_files-2.27.so
7fe7cf9ca000-7fe7cf9d0000 rw-p 00000000 00:00 0 
7fe7cf9d0000-7fe7cf9e7000 r-xp 00000000 fd:00 44176087                   /lib/x86_64-linux-gnu/libnsl-2.27.so
7fe7cf9e7000-7fe7cfbe6000 ---p 00017000 fd:00 44176087                   /lib/x86_64-linux-gnu/libnsl-2.27.so
7fe7cfbe6000-7fe7cfbe7000 r--p 00016000 fd:00 44176087                   /lib/x86_64-linux-gnu/libnsl-2.27.so
7fe7cfbe7000-7fe7cfbe8000 rw-p 00017000 fd:00 44176087                   /lib/x86_64-linux-gnu/libnsl-2.27.so
7fe7cfbe8000-7fe7cfbea000 rw-p 00000000 00:00 0 
7fe7cfbea000-7fe7cfbf5000 r-xp 00000000 fd:00 44176104                   /lib/x86_64-linux-gnu/libnss_nis-2.27.so
7fe7cfbf5000-7fe7cfdf4000 ---p 0000b000 fd:00 44176104                   /lib/x86_64-linux-gnu/libnss_nis-2.27.so
7fe7cfdf4000-7fe7cfdf5000 r--p 0000a000 fd:00 44176104                   /lib/x86_64-linux-gnu/libnss_nis-2.27.so
7fe7cfdf5000-7fe7cfdf6000 rw-p 0000b000 fd:00 44176104                   /lib/x86_64-linux-gnu/libnss_nis-2.27.so
7fe7cfdf6000-7fe7cfdfe000 r-xp 00000000 fd:00 44176089                   /lib/x86_64-linux-gnu/libnss_compat-2.27.so
7fe7cfdfe000-7fe7cfffe000 ---p 00008000 fd:00 44176089                   /lib/x86_64-linux-gnu/libnss_compat-2.27.so
7fe7cfffe000-7fe7cffff000 r--p 00008000 fd:00 44176089                   /lib/x86_64-linux-gnu/libnss_compat-2.27.so
7fe7cffff000-7fe7d0000000 rw-p 00009000 fd:00 44176089                   /lib/x86_64-linux-gnu/libnss_compat-2.27.so
7fe7d0000000-7fe7d0083000 rw-p 00000000 00:00 0 
7fe7d0083000-7fe7d4000000 ---p 00000000 00:00 0 
7fe7d4077000-7fe7d407c000 rw-p 00000000 00:00 0 
7fe7d407c000-7fe7d4162000 ---p 00000000 00:00 0 
7fe7d4162000-7fe7d418e000 r-xp 00000000 fd:00 20186035                   /usr/lib/jvm/java-11-openjdk-amd64/lib/libjava.so
7fe7d418e000-7fe7d438d000 ---p 0002c000 fd:00 20186035                   /usr/lib/jvm/java-11-openjdk-amd64/lib/libjava.so
7fe7d438d000-7fe7d438e000 r--p 0002b000 fd:00 20186035                   /usr/lib/jvm/java-11-openjdk-amd64/lib/libjava.so
7fe7d438e000-7fe7d4390000 rw-p 0002c000 fd:00 20186035                   /usr/lib/jvm/java-11-openjdk-amd64/lib/libjava.so
7fe7d4390000-7fe7d439d000 r-xp 00000000 fd:00 20186055                   /usr/lib/jvm/java-11-openjdk-amd64/lib/libverify.so
7fe7d439d000-7fe7d459c000 ---p 0000d000 fd:00 20186055                   /usr/lib/jvm/java-11-openjdk-amd64/lib/libverify.so
7fe7d459c000-7fe7d459e000 r--p 0000c000 fd:00 20186055                   /usr/lib/jvm/java-11-openjdk-amd64/lib/libverify.so
7fe7d459e000-7fe7d459f000 rw-p 0000e000 fd:00 20186055                   /usr/lib/jvm/java-11-openjdk-amd64/lib/libverify.so
7fe7d459f000-7fe7d45a6000 r-xp 00000000 fd:00 44176144                   /lib/x86_64-linux-gnu/librt-2.27.so
7fe7d45a6000-7fe7d47a5000 ---p 00007000 fd:00 44176144                   /lib/x86_64-linux-gnu/librt-2.27.so
7fe7d47a5000-7fe7d47a6000 r--p 00006000 fd:00 44176144                   /lib/x86_64-linux-gnu/librt-2.27.so
7fe7d47a6000-7fe7d47a7000 rw-p 00007000 fd:00 44176144                   /lib/x86_64-linux-gnu/librt-2.27.so
7fe7d47a7000-7fe7d47be000 r-xp 00000000 fd:00 44175907                   /lib/x86_64-linux-gnu/libgcc_s.so.1
7fe7d47be000-7fe7d49bd000 ---p 00017000 fd:00 44175907                   /lib/x86_64-linux-gnu/libgcc_s.so.1
7fe7d49bd000-7fe7d49be000 r--p 00016000 fd:00 44175907                   /lib/x86_64-linux-gnu/libgcc_s.so.1
7fe7d49be000-7fe7d49bf000 rw-p 00017000 fd:00 44175907                   /lib/x86_64-linux-gnu/libgcc_s.so.1
7fe7d49bf000-7fe7d4b5c000 r-xp 00000000 fd:00 44176066                   /lib/x86_64-linux-gnu/libm-2.27.so
7fe7d4b5c000-7fe7d4d5b000 ---p 0019d000 fd:00 44176066                   /lib/x86_64-linux-gnu/libm-2.27.so
7fe7d4d5b000-7fe7d4d5c000 r--p 0019c000 fd:00 44176066                   /lib/x86_64-linux-gnu/libm-2.27.so
7fe7d4d5c000-7fe7d4d5d000 rw-p 0019d000 fd:00 44176066                   /lib/x86_64-linux-gnu/libm-2.27.so
7fe7d4d5d000-7fe7d4ed6000 r-xp 00000000 fd:00 18090134                   /usr/lib/x86_64-linux-gnu/libstdc++.so.6.0.25
7fe7d4ed6000-7fe7d50d6000 ---p 00179000 fd:00 18090134                   /usr/lib/x86_64-linux-gnu/libstdc++.so.6.0.25
7fe7d50d6000-7fe7d50e0000 r--p 00179000 fd:00 18090134                   /usr/lib/x86_64-linux-gnu/libstdc++.so.6.0.25
7fe7d50e0000-7fe7d50e2000 rw-p 00183000 fd:00 18090134                   /usr/lib/x86_64-linux-gnu/libstdc++.so.6.0.25
7fe7d50e2000-7fe7d50e6000 rw-p 00000000 00:00 0 
7fe7d50e6000-7fe7d6083000 r-xp 00000000 fd:00 20186062                   /usr/lib/jvm/java-11-openjdk-amd64/lib/server/libjvm.so
7fe7d6083000-7fe7d6283000 ---p 00f9d000 fd:00 20186062                   /usr/lib/jvm/java-11-openjdk-amd64/lib/server/libjvm.so
7fe7d6283000-7fe7d6347000 r--p 00f9d000 fd:00 20186062                   /usr/lib/jvm/java-11-openjdk-amd64/lib/server/libjvm.so
7fe7d6347000-7fe7d637f000 rw-p 01061000 fd:00 20186062                   /usr/lib/jvm/java-11-openjdk-amd64/lib/server/libjvm.so
7fe7d637f000-7fe7d63c8000 rw-p 00000000 00:00 0 
7fe7d63c8000-7fe7d63e2000 r-xp 00000000 fd:00 44176136                   /lib/x86_64-linux-gnu/libpthread-2.27.so
7fe7d63e2000-7fe7d65e1000 ---p 0001a000 fd:00 44176136                   /lib/x86_64-linux-gnu/libpthread-2.27.so
7fe7d65e1000-7fe7d65e2000 r--p 00019000 fd:00 44176136                   /lib/x86_64-linux-gnu/libpthread-2.27.so
7fe7d65e2000-7fe7d65e3000 rw-p 0001a000 fd:00 44176136                   /lib/x86_64-linux-gnu/libpthread-2.27.so
7fe7d65e3000-7fe7d65e7000 rw-p 00000000 00:00 0 
7fe7d65e7000-7fe7d65ea000 r-xp 00000000 fd:00 44176026                   /lib/x86_64-linux-gnu/libdl-2.27.so
7fe7d65ea000-7fe7d67e9000 ---p 00003000 fd:00 44176026                   /lib/x86_64-linux-gnu/libdl-2.27.so
7fe7d67e9000-7fe7d67ea000 r--p 00002000 fd:00 44176026                   /lib/x86_64-linux-gnu/libdl-2.27.so
7fe7d67ea000-7fe7d67eb000 rw-p 00003000 fd:00 44176026                   /lib/x86_64-linux-gnu/libdl-2.27.so
7fe7d67eb000-7fe7d6807000 r-xp 00000000 fd:00 44176175                   /lib/x86_64-linux-gnu/libz.so.1.2.11
7fe7d6807000-7fe7d6a06000 ---p 0001c000 fd:00 44176175                   /lib/x86_64-linux-gnu/libz.so.1.2.11
7fe7d6a06000-7fe7d6a07000 r--p 0001b000 fd:00 44176175                   /lib/x86_64-linux-gnu/libz.so.1.2.11
7fe7d6a07000-7fe7d6a08000 rw-p 0001c000 fd:00 44176175                   /lib/x86_64-linux-gnu/libz.so.1.2.11
7fe7d6a08000-7fe7d6bef000 r-xp 00000000 fd:00 44176003                   /lib/x86_64-linux-gnu/libc-2.27.so
7fe7d6bef000-7fe7d6def000 ---p 001e7000 fd:00 44176003                   /lib/x86_64-linux-gnu/libc-2.27.so
7fe7d6def000-7fe7d6df3000 r--p 001e7000 fd:00 44176003                   /lib/x86_64-linux-gnu/libc-2.27.so
7fe7d6df3000-7fe7d6df5000 rw-p 001eb000 fd:00 44176003                   /lib/x86_64-linux-gnu/libc-2.27.so
7fe7d6df5000-7fe7d6df9000 rw-p 00000000 00:00 0 
7fe7d6df9000-7fe7d6e08000 r-xp 00000000 fd:00 20186020                   /usr/lib/jvm/java-11-openjdk-amd64/lib/jli/libjli.so
7fe7d6e08000-7fe7d7007000 ---p 0000f000 fd:00 20186020                   /usr/lib/jvm/java-11-openjdk-amd64/lib/jli/libjli.so
7fe7d7007000-7fe7d7008000 r--p 0000e000 fd:00 20186020                   /usr/lib/jvm/java-11-openjdk-amd64/lib/jli/libjli.so
7fe7d7008000-7fe7d7009000 rw-p 0000f000 fd:00 20186020                   /usr/lib/jvm/java-11-openjdk-amd64/lib/jli/libjli.so
7fe7d7009000-7fe7d7030000 r-xp 00000000 fd:00 44175975                   /lib/x86_64-linux-gnu/ld-2.27.so
7fe7d70ac000-7fe7d7113000 rw-p 00000000 00:00 0 
7fe7d7113000-7fe7d7117000 ---p 00000000 00:00 0 
7fe7d7117000-7fe7d7216000 rw-p 00000000 00:00 0 
7fe7d7217000-7fe7d721d000 rw-p 00000000 00:00 0 
7fe7d721d000-7fe7d7224000 ---p 00000000 00:00 0 
7fe7d7224000-7fe7d722c000 rw-s 00000000 fd:00 16121869                   /tmp/hsperfdata_minecraft/9511
7fe7d722c000-7fe7d722d000 ---p 00000000 00:00 0 
7fe7d722d000-7fe7d722e000 r--p 00000000 00:00 0 
7fe7d722e000-7fe7d7230000 rw-p 00000000 00:00 0 
7fe7d7230000-7fe7d7231000 r--p 00027000 fd:00 44175975                   /lib/x86_64-linux-gnu/ld-2.27.so
7fe7d7231000-7fe7d7232000 rw-p 00028000 fd:00 44175975                   /lib/x86_64-linux-gnu/ld-2.27.so
7fe7d7232000-7fe7d7233000 rw-p 00000000 00:00 0 
7ffe72f3f000-7ffe72f60000 rw-p 00000000 00:00 0                          [stack]
7ffe72f90000-7ffe72f93000 r--p 00000000 00:00 0                          [vvar]
7ffe72f93000-7ffe72f95000 r-xp 00000000 00:00 0                          [vdso]
ffffffffff600000-ffffffffff601000 r-xp 00000000 00:00 0                  [vsyscall]


VM Arguments:
jvm_args: -Xms3g -Xmx3g 
java_command: server.jar nogui
java_class_path (initial): server.jar
Launcher Type: SUN_STANDARD

Logging:
Log output configuration:
#0: stdout all=warning uptime,level,tags
#1: stderr all=off uptime,level,tags

Environment Variables:
PATH=/usr/local/sbin:/usr/local/bin:/usr/sbin:/usr/bin:/sbin:/bin
SHELL=/bin/sh

Signal Handlers:
SIGSEGV: [libjvm.so+0xd28b70], sa_mask[0]=11111111011111111101111111111110, sa_flags=SA_RESTART|SA_SIGINFO
SIGBUS: [libjvm.so+0xd28b70], sa_mask[0]=11111111011111111101111111111110, sa_flags=SA_RESTART|SA_SIGINFO
SIGFPE: [libjvm.so+0xd28b70], sa_mask[0]=11111111011111111101111111111110, sa_flags=SA_RESTART|SA_SIGINFO
SIGPIPE: [libjvm.so+0xb2a1f0], sa_mask[0]=11111111011111111101111111111110, sa_flags=SA_RESTART|SA_SIGINFO
SIGXFSZ: [libjvm.so+0xb2a1f0], sa_mask[0]=11111111011111111101111111111110, sa_flags=SA_RESTART|SA_SIGINFO
SIGILL: [libjvm.so+0xd28b70], sa_mask[0]=11111111011111111101111111111110, sa_flags=SA_RESTART|SA_SIGINFO
SIGUSR2: [libjvm.so+0xb2a030], sa_mask[0]=00000000000000000000000000000000, sa_flags=SA_RESTART|SA_SIGINFO
SIGHUP: SIG_DFL, sa_mask[0]=00000000000000000000000000000000, sa_flags=none
SIGINT: SIG_DFL, sa_mask[0]=00000000000000000000000000000000, sa_flags=none
SIGTERM: SIG_DFL, sa_mask[0]=00000000000000000000000000000000, sa_flags=none
SIGQUIT: SIG_DFL, sa_mask[0]=00000000000000000000000000000000, sa_flags=none


---------------  S Y S T E M  ---------------

OS:DISTRIB_ID=Ubuntu
DISTRIB_RELEASE=18.04
DISTRIB_CODENAME=bionic
DISTRIB_DESCRIPTION="Ubuntu 18.04.2 LTS"
uname:Linux 4.15.0-46-generic #49-Ubuntu SMP Wed Feb 6 09:33:07 UTC 2019 x86_64
libc:glibc 2.27 NPTL 2.27 
rlimit: STACK 8192k, CORE 0k, NPROC 15099, NOFILE 4096, AS infinity, DATA infinity, FSIZE infinity
load average:1.35 1.43 1.44

/proc/meminfo:
MemTotal:        3943748 kB
MemFree:          143420 kB
MemAvailable:    1589644 kB
Buffers:           39224 kB
Cached:          1606792 kB
SwapCached:         5136 kB
Active:          2504372 kB
Inactive:        1104312 kB
Active(anon):    1672200 kB
Inactive(anon):   320672 kB
Active(file):     832172 kB
Inactive(file):   783640 kB
Unevictable:           0 kB
Mlocked:               0 kB
SwapTotal:        999420 kB
SwapFree:         579248 kB
Dirty:              3404 kB
Writeback:             0 kB
AnonPages:       1960656 kB
Mapped:           126640 kB
Shmem:             30068 kB
Slab:             107400 kB
SReclaimable:      66356 kB
SUnreclaim:        41044 kB
KernelStack:        5932 kB
PageTables:        22828 kB
NFS_Unstable:          0 kB
Bounce:                0 kB
WritebackTmp:          0 kB
CommitLimit:     2971292 kB
Committed_AS:    2955700 kB
VmallocTotal:   34359738367 kB
VmallocUsed:           0 kB
VmallocChunk:          0 kB
HardwareCorrupted:     0 kB
AnonHugePages:         0 kB
ShmemHugePages:        0 kB
ShmemPmdMapped:        0 kB
CmaTotal:              0 kB
CmaFree:               0 kB
HugePages_Total:       0
HugePages_Free:        0
HugePages_Rsvd:        0
HugePages_Surp:        0
Hugepagesize:       2048 kB
DirectMap4k:      154224 kB
DirectMap2M:     3944448 kB
DirectMap1G:           0 kB

container (cgroup) information:
container_type: cgroupv1
cpu_cpuset_cpus: 0-3
cpu_memory_nodes: 0
active_processor_count: 4
cpu_quota: -1
cpu_period: 100000
cpu_shares: -1
memory_limit_in_bytes: -1
memory_and_swap_limit_in_bytes: -2
memory_soft_limit_in_bytes: -1
memory_usage_in_bytes: 3694419968
memory_max_usage_in_bytes: 2048000


CPU:total 4 (initial active 4) (2 cores per cpu, 2 threads per core) family 6 model 69 stepping 1, cmov, cx8, fxsr, mmx, sse, sse2, sse3, ssse3, sse4.1, sse4.2, popcnt, avx, avx2, aes, clmul, erms, lzcnt, ht, tsc, tscinvbit, bmi1, bmi2, fma
CPU Model and flags from /proc/cpuinfo:
model name	: Intel(R) Core(TM) i7-4500U CPU @ 1.80GHz
flags		: fpu vme de pse tsc msr pae mce cx8 apic sep mtrr pge mca cmov pat pse36 clflush dts acpi mmx fxsr sse sse2 ss ht tm pbe syscall nx pdpe1gb rdtscp lm constant_tsc arch_perfmon pebs bts rep_good nopl xtopology nonstop_tsc cpuid aperfmperf pni pclmulqdq dtes64 monitor ds_cpl vmx est tm2 ssse3 sdbg fma cx16 xtpr pdcm pcid sse4_1 sse4_2 movbe popcnt tsc_deadline_timer aes xsave avx f16c rdrand lahf_lm abm cpuid_fault epb invpcid_single pti ssbd ibrs ibpb stibp tpr_shadow vnmi flexpriority ept vpid fsgsbase tsc_adjust bmi1 avx2 smep bmi2 erms invpcid xsaveopt dtherm ida arat pln pts flush_l1d

Memory: 4k page, physical 3943748k(143420k free), swap 999420k(579248k free)

vm_info: OpenJDK 64-Bit Server VM (10.0.2+13-Ubuntu-1ubuntu0.18.04.4) for linux-amd64 JRE (10.0.2+13-Ubuntu-1ubuntu0.18.04.4), built on Nov 13 2018 12:53:39 by "buildd" with gcc 7.3.0

END.
