#
# There is insufficient memory for the Java Runtime Environment to continue.
# Native memory allocation (mmap) failed to map 3221225472 bytes for committing reserved memory.
# Possible reasons:
#   The system is out of physical RAM or swap space
#   The process is running with CompressedOops enabled, and the Java Heap may be blocking the growth of the native heap
# Possible solutions:
#   Reduce memory load on the system
#   Increase physical memory or swap space
#   Check if swap backing store is full
#   Decrease Java heap size (-Xmx/-Xms)
#   Decrease number of Java threads
#   Decrease Java thread stack sizes (-Xss)
#   Set larger code cache with -XX:ReservedCodeCacheSize=
# This output file may be truncated or incomplete.
#
#  Out of Memory Error (os_linux.cpp:2706), pid=3594, tid=3595
#
# JRE version:  (10.0.2+13) (build )
# Java VM: OpenJDK 64-Bit Server VM (10.0.2+13-Ubuntu-1ubuntu0.18.04.4, mixed mode, aot, tiered, compressed oops, g1 gc, linux-amd64)
# Core dump will be written. Default location: Core dumps may be processed with "/usr/share/apport/apport %p %s %c %d %P" (or dumping to /opt/forno/minecraft/core.3594)
#

---------------  S U M M A R Y ------------

Command Line: -Xms3g -Xmx3g server.jar nogui

Host: Intel(R) Core(TM) i7-4500U CPU @ 1.80GHz, 4 cores, 3G, Ubuntu 18.04.2 LTS
Time: Thu Mar 21 04:33:27 2019 JST elapsed time: 0 seconds (0d 0h 0m 0s)

---------------  T H R E A D  ---------------

Current thread (0x00007fc3c4011000):  JavaThread "Unknown thread" [_thread_in_vm, id=3595, stack(0x00007fc3cc911000,0x00007fc3cca12000)]

Stack: [0x00007fc3cc911000,0x00007fc3cca12000],  sp=0x00007fc3cca102e0,  free space=1020k
Native frames: (J=compiled Java code, A=aot compiled Java code, j=interpreted, Vv=VM code, C=native code)
V  [libjvm.so+0xd27ea4]
V  [libjvm.so+0xd28a4b]
V  [libjvm.so+0x64d415]
V  [libjvm.so+0xb2d7c8]
V  [libjvm.so+0xb2601d]
V  [libjvm.so+0x7662ff]
V  [libjvm.so+0x76653e]
V  [libjvm.so+0x769500]
V  [libjvm.so+0x7efa1c]
V  [libjvm.so+0x7f06df]
V  [libjvm.so+0x7f0b59]
V  [libjvm.so+0x7162cf]
V  [libjvm.so+0x71afd3]
V  [libjvm.so+0xce5dc2]
V  [libjvm.so+0xce60c6]
V  [libjvm.so+0x807d57]
V  [libjvm.so+0xcc7ac4]
V  [libjvm.so+0x8601b1]  JNI_CreateJavaVM+0x51
C  [libjli.so+0x3d83]
C  [libjli.so+0x89dd]
C  [libpthread.so.0+0x76db]  start_thread+0xdb


---------------  P R O C E S S  ---------------

Threads class SMR info:
_java_thread_list=0x000056554968b6b0, length=0, elements={
}

Java Threads: ( => current thread )

Other Threads:
  0x00007fc3c4028000 GCTaskThread "GC Thread#0" [stack: 0x00007fc3c8a3a000,0x00007fc3c8b3a000] [id=3597]
  0x00007fc3c4029000 GCTaskThread "GC Thread#1" [stack: 0x00007fc3c8938000,0x00007fc3c8a38000] [id=3598]
  0x00007fc3c402b000 GCTaskThread "GC Thread#2" [stack: 0x00007fc3c8836000,0x00007fc3c8936000] [id=3599]
  0x00007fc3c402c800 GCTaskThread "GC Thread#3" [stack: 0x00007fc3c8734000,0x00007fc3c8834000] [id=3600]
  0x00007fc3c406a000 ConcurrentGCThread "G1 Main Marker" [stack: 0x00007fc3c816e000,0x00007fc3c826e000] [id=3601]
  0x00007fc3c406c000 ConcurrentGCThread "G1 Conc#0" [stack: 0x00007fc3c806c000,0x00007fc3c816c000] [id=3602]

[error occurred during error reporting (printing all threads), id 0xe0000002]

VM state:not at safepoint (not fully initialized)

VM Mutex/Monitor currently owned by a thread:  ([mutex/lock_event])
[0x00007fc3c400df30] Heap_lock - owner thread: 0x00007fc3c4011000

Heap address: 0x0000000700000000, size: 3072 MB, Compressed Oops mode: Non-zero based: 0x0000000700000000
Narrow klass base: 0x0000000000000000, Narrow klass shift: 0

GC Heap History (0 events):
No events

Deoptimization events (0 events):
No events

Classes redefined (0 events):
No events

Internal exceptions (0 events):
No events

Events (0 events):
No events


Dynamic libraries:
565548e85000-565548e86000 r-xp 00000000 fd:00 20185882                   /usr/lib/jvm/java-11-openjdk-amd64/bin/java
565549086000-565549087000 r--p 00001000 fd:00 20185882                   /usr/lib/jvm/java-11-openjdk-amd64/bin/java
565549087000-565549088000 rw-p 00002000 fd:00 20185882                   /usr/lib/jvm/java-11-openjdk-amd64/bin/java
565549674000-565549695000 rw-p 00000000 00:00 0                          [heap]
7fc384000000-7fc384021000 rw-p 00000000 00:00 0 
7fc384021000-7fc388000000 ---p 00000000 00:00 0 
7fc38c000000-7fc38c021000 rw-p 00000000 00:00 0 
7fc38c021000-7fc390000000 ---p 00000000 00:00 0 
7fc391000000-7fc394000000 ---p 00000000 00:00 0 
7fc394000000-7fc394021000 rw-p 00000000 00:00 0 
7fc394021000-7fc398000000 ---p 00000000 00:00 0 
7fc399000000-7fc39c000000 ---p 00000000 00:00 0 
7fc39c000000-7fc39c021000 rw-p 00000000 00:00 0 
7fc39c021000-7fc3a0000000 ---p 00000000 00:00 0 
7fc3a0000000-7fc3a0021000 rw-p 00000000 00:00 0 
7fc3a0021000-7fc3a4000000 ---p 00000000 00:00 0 
7fc3a4000000-7fc3a4021000 rw-p 00000000 00:00 0 
7fc3a4021000-7fc3a8000000 ---p 00000000 00:00 0 
7fc3a8521000-7fc3aa925000 rw-p 00000000 00:00 0 
7fc3aa925000-7fc3abb25000 ---p 00000000 00:00 0 
7fc3abb25000-7fc3abd95000 rwxp 00000000 00:00 0 
7fc3abd95000-7fc3ac0b5000 ---p 00000000 00:00 0 
7fc3ac0b5000-7fc3ac325000 rwxp 00000000 00:00 0 
7fc3ac325000-7fc3b35ed000 ---p 00000000 00:00 0 
7fc3b35ed000-7fc3b385d000 rwxp 00000000 00:00 0 
7fc3b385d000-7fc3bab25000 ---p 00000000 00:00 0 
7fc3bab25000-7fc3c4000000 r--s 00000000 fd:00 20186057                   /usr/lib/jvm/java-11-openjdk-amd64/lib/modules
7fc3c4000000-7fc3c4083000 rw-p 00000000 00:00 0 
7fc3c4083000-7fc3c8000000 ---p 00000000 00:00 0 
7fc3c806a000-7fc3c806b000 ---p 00000000 00:00 0 
7fc3c806b000-7fc3c816c000 rw-p 00000000 00:00 0 
7fc3c816c000-7fc3c816d000 ---p 00000000 00:00 0 
7fc3c816d000-7fc3c8732000 rw-p 00000000 00:00 0 
7fc3c8732000-7fc3c8733000 ---p 00000000 00:00 0 
7fc3c8733000-7fc3c8834000 rw-p 00000000 00:00 0 
7fc3c8834000-7fc3c8835000 ---p 00000000 00:00 0 
7fc3c8835000-7fc3c8936000 rw-p 00000000 00:00 0 
7fc3c8936000-7fc3c8937000 ---p 00000000 00:00 0 
7fc3c8937000-7fc3c8a38000 rw-p 00000000 00:00 0 
7fc3c8a38000-7fc3c8a39000 ---p 00000000 00:00 0 
7fc3c8a39000-7fc3c8b3f000 rw-p 00000000 00:00 0 
7fc3c8b3f000-7fc3c8c25000 ---p 00000000 00:00 0 
7fc3c8c25000-7fc3c8c2a000 rw-p 00000000 00:00 0 
7fc3c8c2a000-7fc3c8d10000 ---p 00000000 00:00 0 
7fc3c8d10000-7fc3c8d15000 r-xp 00000000 fd:00 20186039                   /usr/lib/jvm/java-11-openjdk-amd64/lib/libjimage.so
7fc3c8d15000-7fc3c8f14000 ---p 00005000 fd:00 20186039                   /usr/lib/jvm/java-11-openjdk-amd64/lib/libjimage.so
7fc3c8f14000-7fc3c8f15000 r--p 00004000 fd:00 20186039                   /usr/lib/jvm/java-11-openjdk-amd64/lib/libjimage.so
7fc3c8f15000-7fc3c8f16000 rw-p 00005000 fd:00 20186039                   /usr/lib/jvm/java-11-openjdk-amd64/lib/libjimage.so
7fc3c8f16000-7fc3c8f1d000 r-xp 00000000 fd:00 20186056                   /usr/lib/jvm/java-11-openjdk-amd64/lib/libzip.so
7fc3c8f1d000-7fc3c911c000 ---p 00007000 fd:00 20186056                   /usr/lib/jvm/java-11-openjdk-amd64/lib/libzip.so
7fc3c911c000-7fc3c911d000 r--p 00006000 fd:00 20186056                   /usr/lib/jvm/java-11-openjdk-amd64/lib/libzip.so
7fc3c911d000-7fc3c911e000 rw-p 00007000 fd:00 20186056                   /usr/lib/jvm/java-11-openjdk-amd64/lib/libzip.so
7fc3c911e000-7fc3c9129000 r-xp 00000000 fd:00 44176093                   /lib/x86_64-linux-gnu/libnss_files-2.27.so
7fc3c9129000-7fc3c9328000 ---p 0000b000 fd:00 44176093                   /lib/x86_64-linux-gnu/libnss_files-2.27.so
7fc3c9328000-7fc3c9329000 r--p 0000a000 fd:00 44176093                   /lib/x86_64-linux-gnu/libnss_files-2.27.so
7fc3c9329000-7fc3c932a000 rw-p 0000b000 fd:00 44176093                   /lib/x86_64-linux-gnu/libnss_files-2.27.so
7fc3c932a000-7fc3c9330000 rw-p 00000000 00:00 0 
7fc3c9330000-7fc3c9347000 r-xp 00000000 fd:00 44176087                   /lib/x86_64-linux-gnu/libnsl-2.27.so
7fc3c9347000-7fc3c9546000 ---p 00017000 fd:00 44176087                   /lib/x86_64-linux-gnu/libnsl-2.27.so
7fc3c9546000-7fc3c9547000 r--p 00016000 fd:00 44176087                   /lib/x86_64-linux-gnu/libnsl-2.27.so
7fc3c9547000-7fc3c9548000 rw-p 00017000 fd:00 44176087                   /lib/x86_64-linux-gnu/libnsl-2.27.so
7fc3c9548000-7fc3c954a000 rw-p 00000000 00:00 0 
7fc3c954a000-7fc3c9555000 r-xp 00000000 fd:00 44176104                   /lib/x86_64-linux-gnu/libnss_nis-2.27.so
7fc3c9555000-7fc3c9754000 ---p 0000b000 fd:00 44176104                   /lib/x86_64-linux-gnu/libnss_nis-2.27.so
7fc3c9754000-7fc3c9755000 r--p 0000a000 fd:00 44176104                   /lib/x86_64-linux-gnu/libnss_nis-2.27.so
7fc3c9755000-7fc3c9756000 rw-p 0000b000 fd:00 44176104                   /lib/x86_64-linux-gnu/libnss_nis-2.27.so
7fc3c9756000-7fc3c975e000 r-xp 00000000 fd:00 44176089                   /lib/x86_64-linux-gnu/libnss_compat-2.27.so
7fc3c975e000-7fc3c995e000 ---p 00008000 fd:00 44176089                   /lib/x86_64-linux-gnu/libnss_compat-2.27.so
7fc3c995e000-7fc3c995f000 r--p 00008000 fd:00 44176089                   /lib/x86_64-linux-gnu/libnss_compat-2.27.so
7fc3c995f000-7fc3c9960000 rw-p 00009000 fd:00 44176089                   /lib/x86_64-linux-gnu/libnss_compat-2.27.so
7fc3c9960000-7fc3c998c000 r-xp 00000000 fd:00 20186035                   /usr/lib/jvm/java-11-openjdk-amd64/lib/libjava.so
7fc3c998c000-7fc3c9b8b000 ---p 0002c000 fd:00 20186035                   /usr/lib/jvm/java-11-openjdk-amd64/lib/libjava.so
7fc3c9b8b000-7fc3c9b8c000 r--p 0002b000 fd:00 20186035                   /usr/lib/jvm/java-11-openjdk-amd64/lib/libjava.so
7fc3c9b8c000-7fc3c9b8e000 rw-p 0002c000 fd:00 20186035                   /usr/lib/jvm/java-11-openjdk-amd64/lib/libjava.so
7fc3c9b8e000-7fc3c9b9b000 r-xp 00000000 fd:00 20186055                   /usr/lib/jvm/java-11-openjdk-amd64/lib/libverify.so
7fc3c9b9b000-7fc3c9d9a000 ---p 0000d000 fd:00 20186055                   /usr/lib/jvm/java-11-openjdk-amd64/lib/libverify.so
7fc3c9d9a000-7fc3c9d9c000 r--p 0000c000 fd:00 20186055                   /usr/lib/jvm/java-11-openjdk-amd64/lib/libverify.so
7fc3c9d9c000-7fc3c9d9d000 rw-p 0000e000 fd:00 20186055                   /usr/lib/jvm/java-11-openjdk-amd64/lib/libverify.so
7fc3c9d9d000-7fc3c9da4000 r-xp 00000000 fd:00 44176144                   /lib/x86_64-linux-gnu/librt-2.27.so
7fc3c9da4000-7fc3c9fa3000 ---p 00007000 fd:00 44176144                   /lib/x86_64-linux-gnu/librt-2.27.so
7fc3c9fa3000-7fc3c9fa4000 r--p 00006000 fd:00 44176144                   /lib/x86_64-linux-gnu/librt-2.27.so
7fc3c9fa4000-7fc3c9fa5000 rw-p 00007000 fd:00 44176144                   /lib/x86_64-linux-gnu/librt-2.27.so
7fc3c9fa5000-7fc3c9fbc000 r-xp 00000000 fd:00 44175907                   /lib/x86_64-linux-gnu/libgcc_s.so.1
7fc3c9fbc000-7fc3ca1bb000 ---p 00017000 fd:00 44175907                   /lib/x86_64-linux-gnu/libgcc_s.so.1
7fc3ca1bb000-7fc3ca1bc000 r--p 00016000 fd:00 44175907                   /lib/x86_64-linux-gnu/libgcc_s.so.1
7fc3ca1bc000-7fc3ca1bd000 rw-p 00017000 fd:00 44175907                   /lib/x86_64-linux-gnu/libgcc_s.so.1
7fc3ca1bd000-7fc3ca35a000 r-xp 00000000 fd:00 44176066                   /lib/x86_64-linux-gnu/libm-2.27.so
7fc3ca35a000-7fc3ca559000 ---p 0019d000 fd:00 44176066                   /lib/x86_64-linux-gnu/libm-2.27.so
7fc3ca559000-7fc3ca55a000 r--p 0019c000 fd:00 44176066                   /lib/x86_64-linux-gnu/libm-2.27.so
7fc3ca55a000-7fc3ca55b000 rw-p 0019d000 fd:00 44176066                   /lib/x86_64-linux-gnu/libm-2.27.so
7fc3ca55b000-7fc3ca6d4000 r-xp 00000000 fd:00 18090134                   /usr/lib/x86_64-linux-gnu/libstdc++.so.6.0.25
7fc3ca6d4000-7fc3ca8d4000 ---p 00179000 fd:00 18090134                   /usr/lib/x86_64-linux-gnu/libstdc++.so.6.0.25
7fc3ca8d4000-7fc3ca8de000 r--p 00179000 fd:00 18090134                   /usr/lib/x86_64-linux-gnu/libstdc++.so.6.0.25
7fc3ca8de000-7fc3ca8e0000 rw-p 00183000 fd:00 18090134                   /usr/lib/x86_64-linux-gnu/libstdc++.so.6.0.25
7fc3ca8e0000-7fc3ca8e4000 rw-p 00000000 00:00 0 
7fc3ca8e4000-7fc3cb881000 r-xp 00000000 fd:00 20186062                   /usr/lib/jvm/java-11-openjdk-amd64/lib/server/libjvm.so
7fc3cb881000-7fc3cba81000 ---p 00f9d000 fd:00 20186062                   /usr/lib/jvm/java-11-openjdk-amd64/lib/server/libjvm.so
7fc3cba81000-7fc3cbb45000 r--p 00f9d000 fd:00 20186062                   /usr/lib/jvm/java-11-openjdk-amd64/lib/server/libjvm.so
7fc3cbb45000-7fc3cbb7d000 rw-p 01061000 fd:00 20186062                   /usr/lib/jvm/java-11-openjdk-amd64/lib/server/libjvm.so
7fc3cbb7d000-7fc3cbbc6000 rw-p 00000000 00:00 0 
7fc3cbbc6000-7fc3cbbe0000 r-xp 00000000 fd:00 44176136                   /lib/x86_64-linux-gnu/libpthread-2.27.so
7fc3cbbe0000-7fc3cbddf000 ---p 0001a000 fd:00 44176136                   /lib/x86_64-linux-gnu/libpthread-2.27.so
7fc3cbddf000-7fc3cbde0000 r--p 00019000 fd:00 44176136                   /lib/x86_64-linux-gnu/libpthread-2.27.so
7fc3cbde0000-7fc3cbde1000 rw-p 0001a000 fd:00 44176136                   /lib/x86_64-linux-gnu/libpthread-2.27.so
7fc3cbde1000-7fc3cbde5000 rw-p 00000000 00:00 0 
7fc3cbde5000-7fc3cbde8000 r-xp 00000000 fd:00 44176026                   /lib/x86_64-linux-gnu/libdl-2.27.so
7fc3cbde8000-7fc3cbfe7000 ---p 00003000 fd:00 44176026                   /lib/x86_64-linux-gnu/libdl-2.27.so
7fc3cbfe7000-7fc3cbfe8000 r--p 00002000 fd:00 44176026                   /lib/x86_64-linux-gnu/libdl-2.27.so
7fc3cbfe8000-7fc3cbfe9000 rw-p 00003000 fd:00 44176026                   /lib/x86_64-linux-gnu/libdl-2.27.so
7fc3cbfe9000-7fc3cc005000 r-xp 00000000 fd:00 44176175                   /lib/x86_64-linux-gnu/libz.so.1.2.11
7fc3cc005000-7fc3cc204000 ---p 0001c000 fd:00 44176175                   /lib/x86_64-linux-gnu/libz.so.1.2.11
7fc3cc204000-7fc3cc205000 r--p 0001b000 fd:00 44176175                   /lib/x86_64-linux-gnu/libz.so.1.2.11
7fc3cc205000-7fc3cc206000 rw-p 0001c000 fd:00 44176175                   /lib/x86_64-linux-gnu/libz.so.1.2.11
7fc3cc206000-7fc3cc3ed000 r-xp 00000000 fd:00 44176003                   /lib/x86_64-linux-gnu/libc-2.27.so
7fc3cc3ed000-7fc3cc5ed000 ---p 001e7000 fd:00 44176003                   /lib/x86_64-linux-gnu/libc-2.27.so
7fc3cc5ed000-7fc3cc5f1000 r--p 001e7000 fd:00 44176003                   /lib/x86_64-linux-gnu/libc-2.27.so
7fc3cc5f1000-7fc3cc5f3000 rw-p 001eb000 fd:00 44176003                   /lib/x86_64-linux-gnu/libc-2.27.so
7fc3cc5f3000-7fc3cc5f7000 rw-p 00000000 00:00 0 
7fc3cc5f7000-7fc3cc606000 r-xp 00000000 fd:00 20186020                   /usr/lib/jvm/java-11-openjdk-amd64/lib/jli/libjli.so
7fc3cc606000-7fc3cc805000 ---p 0000f000 fd:00 20186020                   /usr/lib/jvm/java-11-openjdk-amd64/lib/jli/libjli.so
7fc3cc805000-7fc3cc806000 r--p 0000e000 fd:00 20186020                   /usr/lib/jvm/java-11-openjdk-amd64/lib/jli/libjli.so
7fc3cc806000-7fc3cc807000 rw-p 0000f000 fd:00 20186020                   /usr/lib/jvm/java-11-openjdk-amd64/lib/jli/libjli.so
7fc3cc807000-7fc3cc82e000 r-xp 00000000 fd:00 44175975                   /lib/x86_64-linux-gnu/ld-2.27.so
7fc3cc8aa000-7fc3cc911000 rw-p 00000000 00:00 0 
7fc3cc911000-7fc3cc915000 ---p 00000000 00:00 0 
7fc3cc915000-7fc3cca14000 rw-p 00000000 00:00 0 
7fc3cca15000-7fc3cca1b000 rw-p 00000000 00:00 0 
7fc3cca1b000-7fc3cca22000 ---p 00000000 00:00 0 
7fc3cca22000-7fc3cca2a000 rw-s 00000000 fd:00 16121869                   /tmp/hsperfdata_minecraft/3594
7fc3cca2a000-7fc3cca2b000 ---p 00000000 00:00 0 
7fc3cca2b000-7fc3cca2c000 r--p 00000000 00:00 0 
7fc3cca2c000-7fc3cca2e000 rw-p 00000000 00:00 0 
7fc3cca2e000-7fc3cca2f000 r--p 00027000 fd:00 44175975                   /lib/x86_64-linux-gnu/ld-2.27.so
7fc3cca2f000-7fc3cca30000 rw-p 00028000 fd:00 44175975                   /lib/x86_64-linux-gnu/ld-2.27.so
7fc3cca30000-7fc3cca31000 rw-p 00000000 00:00 0 
7fff4e8c8000-7fff4e8e9000 rw-p 00000000 00:00 0                          [stack]
7fff4e96b000-7fff4e96e000 r--p 00000000 00:00 0                          [vvar]
7fff4e96e000-7fff4e970000 r-xp 00000000 00:00 0                          [vdso]
ffffffffff600000-ffffffffff601000 r-xp 00000000 00:00 0                  [vsyscall]


VM Arguments:
jvm_args: -Xms3g -Xmx3g 
java_command: server.jar nogui
java_class_path (initial): server.jar
Launcher Type: SUN_STANDARD

Logging:
Log output configuration:
#0: stdout all=warning uptime,level,tags
#1: stderr all=off uptime,level,tags

Environment Variables:
PATH=/usr/local/sbin:/usr/local/bin:/usr/sbin:/usr/bin:/sbin:/bin
SHELL=/bin/sh

Signal Handlers:
SIGSEGV: [libjvm.so+0xd28b70], sa_mask[0]=11111111011111111101111111111110, sa_flags=SA_RESTART|SA_SIGINFO
SIGBUS: [libjvm.so+0xd28b70], sa_mask[0]=11111111011111111101111111111110, sa_flags=SA_RESTART|SA_SIGINFO
SIGFPE: [libjvm.so+0xd28b70], sa_mask[0]=11111111011111111101111111111110, sa_flags=SA_RESTART|SA_SIGINFO
SIGPIPE: [libjvm.so+0xb2a1f0], sa_mask[0]=11111111011111111101111111111110, sa_flags=SA_RESTART|SA_SIGINFO
SIGXFSZ: [libjvm.so+0xb2a1f0], sa_mask[0]=11111111011111111101111111111110, sa_flags=SA_RESTART|SA_SIGINFO
SIGILL: [libjvm.so+0xd28b70], sa_mask[0]=11111111011111111101111111111110, sa_flags=SA_RESTART|SA_SIGINFO
SIGUSR2: [libjvm.so+0xb2a030], sa_mask[0]=00000000000000000000000000000000, sa_flags=SA_RESTART|SA_SIGINFO
SIGHUP: SIG_DFL, sa_mask[0]=00000000000000000000000000000000, sa_flags=none
SIGINT: SIG_DFL, sa_mask[0]=00000000000000000000000000000000, sa_flags=none
SIGTERM: SIG_DFL, sa_mask[0]=00000000000000000000000000000000, sa_flags=none
SIGQUIT: SIG_DFL, sa_mask[0]=00000000000000000000000000000000, sa_flags=none


---------------  S Y S T E M  ---------------

OS:DISTRIB_ID=Ubuntu
DISTRIB_RELEASE=18.04
DISTRIB_CODENAME=bionic
DISTRIB_DESCRIPTION="Ubuntu 18.04.2 LTS"
uname:Linux 4.15.0-46-generic #49-Ubuntu SMP Wed Feb 6 09:33:07 UTC 2019 x86_64
libc:glibc 2.27 NPTL 2.27 
rlimit: STACK 8192k, CORE 0k, NPROC 15099, NOFILE 4096, AS infinity, DATA infinity, FSIZE infinity
load average:1.48 1.43 1.41

/proc/meminfo:
MemTotal:        3943748 kB
MemFree:          597732 kB
MemAvailable:    1727268 kB
Buffers:           32112 kB
Cached:          1301936 kB
SwapCached:         3704 kB
Active:          2204036 kB
Inactive:         958592 kB
Active(anon):    1553360 kB
Inactive(anon):   305348 kB
Active(file):     650676 kB
Inactive(file):   653244 kB
Unevictable:           0 kB
Mlocked:               0 kB
SwapTotal:        999420 kB
SwapFree:         569264 kB
Dirty:              2536 kB
Writeback:             0 kB
AnonPages:       1826720 kB
Mapped:           178972 kB
Shmem:             30128 kB
Slab:              97924 kB
SReclaimable:      56764 kB
SUnreclaim:        41160 kB
KernelStack:        6032 kB
PageTables:        23508 kB
NFS_Unstable:          0 kB
Bounce:                0 kB
WritebackTmp:          0 kB
CommitLimit:     2971292 kB
Committed_AS:    3096340 kB
VmallocTotal:   34359738367 kB
VmallocUsed:           0 kB
VmallocChunk:          0 kB
HardwareCorrupted:     0 kB
AnonHugePages:         0 kB
ShmemHugePages:        0 kB
ShmemPmdMapped:        0 kB
CmaTotal:              0 kB
CmaFree:               0 kB
HugePages_Total:       0
HugePages_Free:        0
HugePages_Rsvd:        0
HugePages_Surp:        0
Hugepagesize:       2048 kB
DirectMap4k:      154224 kB
DirectMap2M:     3944448 kB
DirectMap1G:           0 kB

container (cgroup) information:
container_type: cgroupv1
cpu_cpuset_cpus: 0-3
cpu_memory_nodes: 0
active_processor_count: 4
cpu_quota: -1
cpu_period: 100000
cpu_shares: -1
memory_limit_in_bytes: -1
memory_and_swap_limit_in_bytes: -2
memory_soft_limit_in_bytes: -1
memory_usage_in_bytes: 3237945344
memory_max_usage_in_bytes: 2048000


CPU:total 4 (initial active 4) (2 cores per cpu, 2 threads per core) family 6 model 69 stepping 1, cmov, cx8, fxsr, mmx, sse, sse2, sse3, ssse3, sse4.1, sse4.2, popcnt, avx, avx2, aes, clmul, erms, lzcnt, ht, tsc, tscinvbit, bmi1, bmi2, fma
CPU Model and flags from /proc/cpuinfo:
model name	: Intel(R) Core(TM) i7-4500U CPU @ 1.80GHz
flags		: fpu vme de pse tsc msr pae mce cx8 apic sep mtrr pge mca cmov pat pse36 clflush dts acpi mmx fxsr sse sse2 ss ht tm pbe syscall nx pdpe1gb rdtscp lm constant_tsc arch_perfmon pebs bts rep_good nopl xtopology nonstop_tsc cpuid aperfmperf pni pclmulqdq dtes64 monitor ds_cpl vmx est tm2 ssse3 sdbg fma cx16 xtpr pdcm pcid sse4_1 sse4_2 movbe popcnt tsc_deadline_timer aes xsave avx f16c rdrand lahf_lm abm cpuid_fault epb invpcid_single pti ssbd ibrs ibpb stibp tpr_shadow vnmi flexpriority ept vpid fsgsbase tsc_adjust bmi1 avx2 smep bmi2 erms invpcid xsaveopt dtherm ida arat pln pts flush_l1d

Memory: 4k page, physical 3943748k(597732k free), swap 999420k(569264k free)

vm_info: OpenJDK 64-Bit Server VM (10.0.2+13-Ubuntu-1ubuntu0.18.04.4) for linux-amd64 JRE (10.0.2+13-Ubuntu-1ubuntu0.18.04.4), built on Nov 13 2018 12:53:39 by "buildd" with gcc 7.3.0

END.
