#
# There is insufficient memory for the Java Runtime Environment to continue.
# Native memory allocation (mmap) failed to map 3221225472 bytes for committing reserved memory.
# Possible reasons:
#   The system is out of physical RAM or swap space
#   The process is running with CompressedOops enabled, and the Java Heap may be blocking the growth of the native heap
# Possible solutions:
#   Reduce memory load on the system
#   Increase physical memory or swap space
#   Check if swap backing store is full
#   Decrease Java heap size (-Xmx/-Xms)
#   Decrease number of Java threads
#   Decrease Java thread stack sizes (-Xss)
#   Set larger code cache with -XX:ReservedCodeCacheSize=
# This output file may be truncated or incomplete.
#
#  Out of Memory Error (os_linux.cpp:2706), pid=10819, tid=10820
#
# JRE version:  (10.0.2+13) (build )
# Java VM: OpenJDK 64-Bit Server VM (10.0.2+13-Ubuntu-1ubuntu0.18.04.4, mixed mode, aot, tiered, compressed oops, g1 gc, linux-amd64)
# Core dump will be written. Default location: Core dumps may be processed with "/usr/share/apport/apport %p %s %c %d %P" (or dumping to /opt/forno/minecraft/core.10819)
#

---------------  S U M M A R Y ------------

Command Line: -Xms3g -Xmx3g server.jar nogui

Host: Intel(R) Core(TM) i7-4500U CPU @ 1.80GHz, 4 cores, 3G, Ubuntu 18.04.2 LTS
Time: Thu Mar 21 06:18:53 2019 JST elapsed time: 0 seconds (0d 0h 0m 0s)

---------------  T H R E A D  ---------------

Current thread (0x00007f05ac011000):  JavaThread "Unknown thread" [_thread_in_vm, id=10820, stack(0x00007f05b3456000,0x00007f05b3557000)]

Stack: [0x00007f05b3456000,0x00007f05b3557000],  sp=0x00007f05b35552e0,  free space=1020k
Native frames: (J=compiled Java code, A=aot compiled Java code, j=interpreted, Vv=VM code, C=native code)
V  [libjvm.so+0xd27ea4]
V  [libjvm.so+0xd28a4b]
V  [libjvm.so+0x64d415]
V  [libjvm.so+0xb2d7c8]
V  [libjvm.so+0xb2601d]
V  [libjvm.so+0x7662ff]
V  [libjvm.so+0x76653e]
V  [libjvm.so+0x769500]
V  [libjvm.so+0x7efa1c]
V  [libjvm.so+0x7f06df]
V  [libjvm.so+0x7f0b59]
V  [libjvm.so+0x7162cf]
V  [libjvm.so+0x71afd3]
V  [libjvm.so+0xce5dc2]
V  [libjvm.so+0xce60c6]
V  [libjvm.so+0x807d57]
V  [libjvm.so+0xcc7ac4]
V  [libjvm.so+0x8601b1]  JNI_CreateJavaVM+0x51
C  [libjli.so+0x3d83]
C  [libjli.so+0x89dd]
C  [libpthread.so.0+0x76db]  start_thread+0xdb


---------------  P R O C E S S  ---------------

Threads class SMR info:
_java_thread_list=0x000055efefc046b0, length=0, elements={
}

Java Threads: ( => current thread )

Other Threads:
  0x00007f05ac028000 GCTaskThread "GC Thread#0" [stack: 0x00007f0593015000,0x00007f0593115000] [id=10821]
  0x00007f05ac029000 GCTaskThread "GC Thread#1" [stack: 0x00007f0592f13000,0x00007f0593013000] [id=10822]
  0x00007f05ac02b000 GCTaskThread "GC Thread#2" [stack: 0x00007f0592e11000,0x00007f0592f11000] [id=10823]
  0x00007f05ac02c800 GCTaskThread "GC Thread#3" [stack: 0x00007f0592d0f000,0x00007f0592e0f000] [id=10824]
  0x00007f05ac06a000 ConcurrentGCThread "G1 Main Marker" [stack: 0x00007f0591549000,0x00007f0591649000] [id=10825]
  0x00007f05ac06c000 ConcurrentGCThread "G1 Conc#0" [stack: 0x00007f0591447000,0x00007f0591547000] [id=10826]

[error occurred during error reporting (printing all threads), id 0xe0000002]

VM state:not at safepoint (not fully initialized)

VM Mutex/Monitor currently owned by a thread:  ([mutex/lock_event])
[0x00007f05ac00df30] Heap_lock - owner thread: 0x00007f05ac011000

Heap address: 0x0000000700000000, size: 3072 MB, Compressed Oops mode: Non-zero based: 0x0000000700000000
Narrow klass base: 0x0000000000000000, Narrow klass shift: 0

GC Heap History (0 events):
No events

Deoptimization events (0 events):
No events

Classes redefined (0 events):
No events

Internal exceptions (0 events):
No events

Events (0 events):
No events


Dynamic libraries:
55efeea4f000-55efeea50000 r-xp 00000000 fd:00 20185882                   /usr/lib/jvm/java-11-openjdk-amd64/bin/java
55efeec50000-55efeec51000 r--p 00001000 fd:00 20185882                   /usr/lib/jvm/java-11-openjdk-amd64/bin/java
55efeec51000-55efeec52000 rw-p 00002000 fd:00 20185882                   /usr/lib/jvm/java-11-openjdk-amd64/bin/java
55efefbed000-55efefc0e000 rw-p 00000000 00:00 0                          [heap]
7f056c000000-7f056c021000 rw-p 00000000 00:00 0 
7f056c021000-7f0570000000 ---p 00000000 00:00 0 
7f0572000000-7f0574000000 rw-p 00000000 00:00 0 
7f0574000000-7f0574021000 rw-p 00000000 00:00 0 
7f0574021000-7f0578000000 ---p 00000000 00:00 0 
7f0579000000-7f057c000000 ---p 00000000 00:00 0 
7f057c000000-7f057c021000 rw-p 00000000 00:00 0 
7f057c021000-7f0580000000 ---p 00000000 00:00 0 
7f0581000000-7f0584000000 ---p 00000000 00:00 0 
7f0584000000-7f0584021000 rw-p 00000000 00:00 0 
7f0584021000-7f0588000000 ---p 00000000 00:00 0 
7f0588000000-7f0588021000 rw-p 00000000 00:00 0 
7f0588021000-7f058c000000 ---p 00000000 00:00 0 
7f058c000000-7f058c021000 rw-p 00000000 00:00 0 
7f058c021000-7f0590000000 ---p 00000000 00:00 0 
7f0591041000-7f0591445000 rw-p 00000000 00:00 0 
7f0591445000-7f0591446000 ---p 00000000 00:00 0 
7f0591446000-7f0591547000 rw-p 00000000 00:00 0 
7f0591547000-7f0591548000 ---p 00000000 00:00 0 
7f0591548000-7f0591709000 rw-p 00000000 00:00 0 
7f0591709000-7f0592909000 ---p 00000000 00:00 0 
7f0592909000-7f0592d0d000 rw-p 00000000 00:00 0 
7f0592d0d000-7f0592d0e000 ---p 00000000 00:00 0 
7f0592d0e000-7f0592e0f000 rw-p 00000000 00:00 0 
7f0592e0f000-7f0592e10000 ---p 00000000 00:00 0 
7f0592e10000-7f0592f11000 rw-p 00000000 00:00 0 
7f0592f11000-7f0592f12000 ---p 00000000 00:00 0 
7f0592f12000-7f0593013000 rw-p 00000000 00:00 0 
7f0593013000-7f0593014000 ---p 00000000 00:00 0 
7f0593014000-7f059311a000 rw-p 00000000 00:00 0 
7f059311a000-7f0593200000 ---p 00000000 00:00 0 
7f0593200000-7f0593205000 rw-p 00000000 00:00 0 
7f0593205000-7f05932eb000 ---p 00000000 00:00 0 
7f05932eb000-7f059355b000 rwxp 00000000 00:00 0 
7f059355b000-7f059387b000 ---p 00000000 00:00 0 
7f059387b000-7f0593aeb000 rwxp 00000000 00:00 0 
7f0593aeb000-7f059adb3000 ---p 00000000 00:00 0 
7f059adb3000-7f059b023000 rwxp 00000000 00:00 0 
7f059b023000-7f05a22eb000 ---p 00000000 00:00 0 
7f05a22eb000-7f05ab7c6000 r--s 00000000 fd:00 20186057                   /usr/lib/jvm/java-11-openjdk-amd64/lib/modules
7f05ab7c6000-7f05ab7cb000 r-xp 00000000 fd:00 20186039                   /usr/lib/jvm/java-11-openjdk-amd64/lib/libjimage.so
7f05ab7cb000-7f05ab9ca000 ---p 00005000 fd:00 20186039                   /usr/lib/jvm/java-11-openjdk-amd64/lib/libjimage.so
7f05ab9ca000-7f05ab9cb000 r--p 00004000 fd:00 20186039                   /usr/lib/jvm/java-11-openjdk-amd64/lib/libjimage.so
7f05ab9cb000-7f05ab9cc000 rw-p 00005000 fd:00 20186039                   /usr/lib/jvm/java-11-openjdk-amd64/lib/libjimage.so
7f05ab9cc000-7f05ab9d3000 r-xp 00000000 fd:00 20186056                   /usr/lib/jvm/java-11-openjdk-amd64/lib/libzip.so
7f05ab9d3000-7f05abbd2000 ---p 00007000 fd:00 20186056                   /usr/lib/jvm/java-11-openjdk-amd64/lib/libzip.so
7f05abbd2000-7f05abbd3000 r--p 00006000 fd:00 20186056                   /usr/lib/jvm/java-11-openjdk-amd64/lib/libzip.so
7f05abbd3000-7f05abbd4000 rw-p 00007000 fd:00 20186056                   /usr/lib/jvm/java-11-openjdk-amd64/lib/libzip.so
7f05abbd4000-7f05abbdf000 r-xp 00000000 fd:00 44176093                   /lib/x86_64-linux-gnu/libnss_files-2.27.so
7f05abbdf000-7f05abdde000 ---p 0000b000 fd:00 44176093                   /lib/x86_64-linux-gnu/libnss_files-2.27.so
7f05abdde000-7f05abddf000 r--p 0000a000 fd:00 44176093                   /lib/x86_64-linux-gnu/libnss_files-2.27.so
7f05abddf000-7f05abde0000 rw-p 0000b000 fd:00 44176093                   /lib/x86_64-linux-gnu/libnss_files-2.27.so
7f05abde0000-7f05abde6000 rw-p 00000000 00:00 0 
7f05abde6000-7f05abdfd000 r-xp 00000000 fd:00 44176087                   /lib/x86_64-linux-gnu/libnsl-2.27.so
7f05abdfd000-7f05abffc000 ---p 00017000 fd:00 44176087                   /lib/x86_64-linux-gnu/libnsl-2.27.so
7f05abffc000-7f05abffd000 r--p 00016000 fd:00 44176087                   /lib/x86_64-linux-gnu/libnsl-2.27.so
7f05abffd000-7f05abffe000 rw-p 00017000 fd:00 44176087                   /lib/x86_64-linux-gnu/libnsl-2.27.so
7f05abffe000-7f05ac000000 rw-p 00000000 00:00 0 
7f05ac000000-7f05ac083000 rw-p 00000000 00:00 0 
7f05ac083000-7f05b0000000 ---p 00000000 00:00 0 
7f05b008f000-7f05b009a000 r-xp 00000000 fd:00 44176104                   /lib/x86_64-linux-gnu/libnss_nis-2.27.so
7f05b009a000-7f05b0299000 ---p 0000b000 fd:00 44176104                   /lib/x86_64-linux-gnu/libnss_nis-2.27.so
7f05b0299000-7f05b029a000 r--p 0000a000 fd:00 44176104                   /lib/x86_64-linux-gnu/libnss_nis-2.27.so
7f05b029a000-7f05b029b000 rw-p 0000b000 fd:00 44176104                   /lib/x86_64-linux-gnu/libnss_nis-2.27.so
7f05b029b000-7f05b02a3000 r-xp 00000000 fd:00 44176089                   /lib/x86_64-linux-gnu/libnss_compat-2.27.so
7f05b02a3000-7f05b04a3000 ---p 00008000 fd:00 44176089                   /lib/x86_64-linux-gnu/libnss_compat-2.27.so
7f05b04a3000-7f05b04a4000 r--p 00008000 fd:00 44176089                   /lib/x86_64-linux-gnu/libnss_compat-2.27.so
7f05b04a4000-7f05b04a5000 rw-p 00009000 fd:00 44176089                   /lib/x86_64-linux-gnu/libnss_compat-2.27.so
7f05b04a5000-7f05b04d1000 r-xp 00000000 fd:00 20186035                   /usr/lib/jvm/java-11-openjdk-amd64/lib/libjava.so
7f05b04d1000-7f05b06d0000 ---p 0002c000 fd:00 20186035                   /usr/lib/jvm/java-11-openjdk-amd64/lib/libjava.so
7f05b06d0000-7f05b06d1000 r--p 0002b000 fd:00 20186035                   /usr/lib/jvm/java-11-openjdk-amd64/lib/libjava.so
7f05b06d1000-7f05b06d3000 rw-p 0002c000 fd:00 20186035                   /usr/lib/jvm/java-11-openjdk-amd64/lib/libjava.so
7f05b06d3000-7f05b06e0000 r-xp 00000000 fd:00 20186055                   /usr/lib/jvm/java-11-openjdk-amd64/lib/libverify.so
7f05b06e0000-7f05b08df000 ---p 0000d000 fd:00 20186055                   /usr/lib/jvm/java-11-openjdk-amd64/lib/libverify.so
7f05b08df000-7f05b08e1000 r--p 0000c000 fd:00 20186055                   /usr/lib/jvm/java-11-openjdk-amd64/lib/libverify.so
7f05b08e1000-7f05b08e2000 rw-p 0000e000 fd:00 20186055                   /usr/lib/jvm/java-11-openjdk-amd64/lib/libverify.so
7f05b08e2000-7f05b08e9000 r-xp 00000000 fd:00 44176144                   /lib/x86_64-linux-gnu/librt-2.27.so
7f05b08e9000-7f05b0ae8000 ---p 00007000 fd:00 44176144                   /lib/x86_64-linux-gnu/librt-2.27.so
7f05b0ae8000-7f05b0ae9000 r--p 00006000 fd:00 44176144                   /lib/x86_64-linux-gnu/librt-2.27.so
7f05b0ae9000-7f05b0aea000 rw-p 00007000 fd:00 44176144                   /lib/x86_64-linux-gnu/librt-2.27.so
7f05b0aea000-7f05b0b01000 r-xp 00000000 fd:00 44175907                   /lib/x86_64-linux-gnu/libgcc_s.so.1
7f05b0b01000-7f05b0d00000 ---p 00017000 fd:00 44175907                   /lib/x86_64-linux-gnu/libgcc_s.so.1
7f05b0d00000-7f05b0d01000 r--p 00016000 fd:00 44175907                   /lib/x86_64-linux-gnu/libgcc_s.so.1
7f05b0d01000-7f05b0d02000 rw-p 00017000 fd:00 44175907                   /lib/x86_64-linux-gnu/libgcc_s.so.1
7f05b0d02000-7f05b0e9f000 r-xp 00000000 fd:00 44176066                   /lib/x86_64-linux-gnu/libm-2.27.so
7f05b0e9f000-7f05b109e000 ---p 0019d000 fd:00 44176066                   /lib/x86_64-linux-gnu/libm-2.27.so
7f05b109e000-7f05b109f000 r--p 0019c000 fd:00 44176066                   /lib/x86_64-linux-gnu/libm-2.27.so
7f05b109f000-7f05b10a0000 rw-p 0019d000 fd:00 44176066                   /lib/x86_64-linux-gnu/libm-2.27.so
7f05b10a0000-7f05b1219000 r-xp 00000000 fd:00 18090134                   /usr/lib/x86_64-linux-gnu/libstdc++.so.6.0.25
7f05b1219000-7f05b1419000 ---p 00179000 fd:00 18090134                   /usr/lib/x86_64-linux-gnu/libstdc++.so.6.0.25
7f05b1419000-7f05b1423000 r--p 00179000 fd:00 18090134                   /usr/lib/x86_64-linux-gnu/libstdc++.so.6.0.25
7f05b1423000-7f05b1425000 rw-p 00183000 fd:00 18090134                   /usr/lib/x86_64-linux-gnu/libstdc++.so.6.0.25
7f05b1425000-7f05b1429000 rw-p 00000000 00:00 0 
7f05b1429000-7f05b23c6000 r-xp 00000000 fd:00 20186062                   /usr/lib/jvm/java-11-openjdk-amd64/lib/server/libjvm.so
7f05b23c6000-7f05b25c6000 ---p 00f9d000 fd:00 20186062                   /usr/lib/jvm/java-11-openjdk-amd64/lib/server/libjvm.so
7f05b25c6000-7f05b268a000 r--p 00f9d000 fd:00 20186062                   /usr/lib/jvm/java-11-openjdk-amd64/lib/server/libjvm.so
7f05b268a000-7f05b26c2000 rw-p 01061000 fd:00 20186062                   /usr/lib/jvm/java-11-openjdk-amd64/lib/server/libjvm.so
7f05b26c2000-7f05b270b000 rw-p 00000000 00:00 0 
7f05b270b000-7f05b2725000 r-xp 00000000 fd:00 44176136                   /lib/x86_64-linux-gnu/libpthread-2.27.so
7f05b2725000-7f05b2924000 ---p 0001a000 fd:00 44176136                   /lib/x86_64-linux-gnu/libpthread-2.27.so
7f05b2924000-7f05b2925000 r--p 00019000 fd:00 44176136                   /lib/x86_64-linux-gnu/libpthread-2.27.so
7f05b2925000-7f05b2926000 rw-p 0001a000 fd:00 44176136                   /lib/x86_64-linux-gnu/libpthread-2.27.so
7f05b2926000-7f05b292a000 rw-p 00000000 00:00 0 
7f05b292a000-7f05b292d000 r-xp 00000000 fd:00 44176026                   /lib/x86_64-linux-gnu/libdl-2.27.so
7f05b292d000-7f05b2b2c000 ---p 00003000 fd:00 44176026                   /lib/x86_64-linux-gnu/libdl-2.27.so
7f05b2b2c000-7f05b2b2d000 r--p 00002000 fd:00 44176026                   /lib/x86_64-linux-gnu/libdl-2.27.so
7f05b2b2d000-7f05b2b2e000 rw-p 00003000 fd:00 44176026                   /lib/x86_64-linux-gnu/libdl-2.27.so
7f05b2b2e000-7f05b2b4a000 r-xp 00000000 fd:00 44176175                   /lib/x86_64-linux-gnu/libz.so.1.2.11
7f05b2b4a000-7f05b2d49000 ---p 0001c000 fd:00 44176175                   /lib/x86_64-linux-gnu/libz.so.1.2.11
7f05b2d49000-7f05b2d4a000 r--p 0001b000 fd:00 44176175                   /lib/x86_64-linux-gnu/libz.so.1.2.11
7f05b2d4a000-7f05b2d4b000 rw-p 0001c000 fd:00 44176175                   /lib/x86_64-linux-gnu/libz.so.1.2.11
7f05b2d4b000-7f05b2f32000 r-xp 00000000 fd:00 44176003                   /lib/x86_64-linux-gnu/libc-2.27.so
7f05b2f32000-7f05b3132000 ---p 001e7000 fd:00 44176003                   /lib/x86_64-linux-gnu/libc-2.27.so
7f05b3132000-7f05b3136000 r--p 001e7000 fd:00 44176003                   /lib/x86_64-linux-gnu/libc-2.27.so
7f05b3136000-7f05b3138000 rw-p 001eb000 fd:00 44176003                   /lib/x86_64-linux-gnu/libc-2.27.so
7f05b3138000-7f05b313c000 rw-p 00000000 00:00 0 
7f05b313c000-7f05b314b000 r-xp 00000000 fd:00 20186020                   /usr/lib/jvm/java-11-openjdk-amd64/lib/jli/libjli.so
7f05b314b000-7f05b334a000 ---p 0000f000 fd:00 20186020                   /usr/lib/jvm/java-11-openjdk-amd64/lib/jli/libjli.so
7f05b334a000-7f05b334b000 r--p 0000e000 fd:00 20186020                   /usr/lib/jvm/java-11-openjdk-amd64/lib/jli/libjli.so
7f05b334b000-7f05b334c000 rw-p 0000f000 fd:00 20186020                   /usr/lib/jvm/java-11-openjdk-amd64/lib/jli/libjli.so
7f05b334c000-7f05b3373000 r-xp 00000000 fd:00 44175975                   /lib/x86_64-linux-gnu/ld-2.27.so
7f05b33ef000-7f05b3456000 rw-p 00000000 00:00 0 
7f05b3456000-7f05b345a000 ---p 00000000 00:00 0 
7f05b345a000-7f05b3559000 rw-p 00000000 00:00 0 
7f05b355a000-7f05b3560000 rw-p 00000000 00:00 0 
7f05b3560000-7f05b3567000 ---p 00000000 00:00 0 
7f05b3567000-7f05b356f000 rw-s 00000000 fd:00 16121869                   /tmp/hsperfdata_minecraft/10819
7f05b356f000-7f05b3570000 ---p 00000000 00:00 0 
7f05b3570000-7f05b3571000 r--p 00000000 00:00 0 
7f05b3571000-7f05b3573000 rw-p 00000000 00:00 0 
7f05b3573000-7f05b3574000 r--p 00027000 fd:00 44175975                   /lib/x86_64-linux-gnu/ld-2.27.so
7f05b3574000-7f05b3575000 rw-p 00028000 fd:00 44175975                   /lib/x86_64-linux-gnu/ld-2.27.so
7f05b3575000-7f05b3576000 rw-p 00000000 00:00 0 
7ffe14200000-7ffe14221000 rw-p 00000000 00:00 0                          [stack]
7ffe1437f000-7ffe14382000 r--p 00000000 00:00 0                          [vvar]
7ffe14382000-7ffe14384000 r-xp 00000000 00:00 0                          [vdso]
ffffffffff600000-ffffffffff601000 r-xp 00000000 00:00 0                  [vsyscall]


VM Arguments:
jvm_args: -Xms3g -Xmx3g 
java_command: server.jar nogui
java_class_path (initial): server.jar
Launcher Type: SUN_STANDARD

Logging:
Log output configuration:
#0: stdout all=warning uptime,level,tags
#1: stderr all=off uptime,level,tags

Environment Variables:
PATH=/usr/local/sbin:/usr/local/bin:/usr/sbin:/usr/bin:/sbin:/bin
SHELL=/bin/sh

Signal Handlers:
SIGSEGV: [libjvm.so+0xd28b70], sa_mask[0]=11111111011111111101111111111110, sa_flags=SA_RESTART|SA_SIGINFO
SIGBUS: [libjvm.so+0xd28b70], sa_mask[0]=11111111011111111101111111111110, sa_flags=SA_RESTART|SA_SIGINFO
SIGFPE: [libjvm.so+0xd28b70], sa_mask[0]=11111111011111111101111111111110, sa_flags=SA_RESTART|SA_SIGINFO
SIGPIPE: [libjvm.so+0xb2a1f0], sa_mask[0]=11111111011111111101111111111110, sa_flags=SA_RESTART|SA_SIGINFO
SIGXFSZ: [libjvm.so+0xb2a1f0], sa_mask[0]=11111111011111111101111111111110, sa_flags=SA_RESTART|SA_SIGINFO
SIGILL: [libjvm.so+0xd28b70], sa_mask[0]=11111111011111111101111111111110, sa_flags=SA_RESTART|SA_SIGINFO
SIGUSR2: [libjvm.so+0xb2a030], sa_mask[0]=00000000000000000000000000000000, sa_flags=SA_RESTART|SA_SIGINFO
SIGHUP: SIG_DFL, sa_mask[0]=00000000000000000000000000000000, sa_flags=none
SIGINT: SIG_DFL, sa_mask[0]=00000000000000000000000000000000, sa_flags=none
SIGTERM: SIG_DFL, sa_mask[0]=00000000000000000000000000000000, sa_flags=none
SIGQUIT: SIG_DFL, sa_mask[0]=00000000000000000000000000000000, sa_flags=none


---------------  S Y S T E M  ---------------

OS:DISTRIB_ID=Ubuntu
DISTRIB_RELEASE=18.04
DISTRIB_CODENAME=bionic
DISTRIB_DESCRIPTION="Ubuntu 18.04.2 LTS"
uname:Linux 4.15.0-46-generic #49-Ubuntu SMP Wed Feb 6 09:33:07 UTC 2019 x86_64
libc:glibc 2.27 NPTL 2.27 
rlimit: STACK 8192k, CORE 0k, NPROC 15099, NOFILE 4096, AS infinity, DATA infinity, FSIZE infinity
load average:1.34 1.34 1.38

/proc/meminfo:
MemTotal:        3943748 kB
MemFree:          113988 kB
MemAvailable:    1508324 kB
Buffers:           42804 kB
Cached:          1551432 kB
SwapCached:         5728 kB
Active:          2569964 kB
Inactive:        1067612 kB
Active(anon):    1731252 kB
Inactive(anon):   342156 kB
Active(file):     838712 kB
Inactive(file):   725456 kB
Unevictable:           0 kB
Mlocked:               0 kB
SwapTotal:        999420 kB
SwapFree:         583856 kB
Dirty:              9872 kB
Writeback:             0 kB
AnonPages:       2041464 kB
Mapped:           153580 kB
Shmem:             30068 kB
Slab:             106972 kB
SReclaimable:      65872 kB
SUnreclaim:        41100 kB
KernelStack:        6008 kB
PageTables:        23760 kB
NFS_Unstable:          0 kB
Bounce:                0 kB
WritebackTmp:          0 kB
CommitLimit:     2971292 kB
Committed_AS:    3148168 kB
VmallocTotal:   34359738367 kB
VmallocUsed:           0 kB
VmallocChunk:          0 kB
HardwareCorrupted:     0 kB
AnonHugePages:         0 kB
ShmemHugePages:        0 kB
ShmemPmdMapped:        0 kB
CmaTotal:              0 kB
CmaFree:               0 kB
HugePages_Total:       0
HugePages_Free:        0
HugePages_Rsvd:        0
HugePages_Surp:        0
Hugepagesize:       2048 kB
DirectMap4k:      158320 kB
DirectMap2M:     3940352 kB
DirectMap1G:           0 kB

container (cgroup) information:
container_type: cgroupv1
cpu_cpuset_cpus: 0-3
cpu_memory_nodes: 0
active_processor_count: 4
cpu_quota: -1
cpu_period: 100000
cpu_shares: -1
memory_limit_in_bytes: -1
memory_and_swap_limit_in_bytes: -2
memory_soft_limit_in_bytes: -1
memory_usage_in_bytes: 3723980800
memory_max_usage_in_bytes: 2048000


CPU:total 4 (initial active 4) (2 cores per cpu, 2 threads per core) family 6 model 69 stepping 1, cmov, cx8, fxsr, mmx, sse, sse2, sse3, ssse3, sse4.1, sse4.2, popcnt, avx, avx2, aes, clmul, erms, lzcnt, ht, tsc, tscinvbit, bmi1, bmi2, fma
CPU Model and flags from /proc/cpuinfo:
model name	: Intel(R) Core(TM) i7-4500U CPU @ 1.80GHz
flags		: fpu vme de pse tsc msr pae mce cx8 apic sep mtrr pge mca cmov pat pse36 clflush dts acpi mmx fxsr sse sse2 ss ht tm pbe syscall nx pdpe1gb rdtscp lm constant_tsc arch_perfmon pebs bts rep_good nopl xtopology nonstop_tsc cpuid aperfmperf pni pclmulqdq dtes64 monitor ds_cpl vmx est tm2 ssse3 sdbg fma cx16 xtpr pdcm pcid sse4_1 sse4_2 movbe popcnt tsc_deadline_timer aes xsave avx f16c rdrand lahf_lm abm cpuid_fault epb invpcid_single pti ssbd ibrs ibpb stibp tpr_shadow vnmi flexpriority ept vpid fsgsbase tsc_adjust bmi1 avx2 smep bmi2 erms invpcid xsaveopt dtherm ida arat pln pts flush_l1d

Memory: 4k page, physical 3943748k(113988k free), swap 999420k(583856k free)

vm_info: OpenJDK 64-Bit Server VM (10.0.2+13-Ubuntu-1ubuntu0.18.04.4) for linux-amd64 JRE (10.0.2+13-Ubuntu-1ubuntu0.18.04.4), built on Nov 13 2018 12:53:39 by "buildd" with gcc 7.3.0

END.
