#
# There is insufficient memory for the Java Runtime Environment to continue.
# Native memory allocation (mmap) failed to map 3221225472 bytes for committing reserved memory.
# Possible reasons:
#   The system is out of physical RAM or swap space
#   The process is running with CompressedOops enabled, and the Java Heap may be blocking the growth of the native heap
# Possible solutions:
#   Reduce memory load on the system
#   Increase physical memory or swap space
#   Check if swap backing store is full
#   Decrease Java heap size (-Xmx/-Xms)
#   Decrease number of Java threads
#   Decrease Java thread stack sizes (-Xss)
#   Set larger code cache with -XX:ReservedCodeCacheSize=
# This output file may be truncated or incomplete.
#
#  Out of Memory Error (os_linux.cpp:2706), pid=15830, tid=15831
#
# JRE version:  (10.0.2+13) (build )
# Java VM: OpenJDK 64-Bit Server VM (10.0.2+13-Ubuntu-1ubuntu0.18.04.4, mixed mode, aot, tiered, compressed oops, g1 gc, linux-amd64)
# Core dump will be written. Default location: Core dumps may be processed with "/usr/share/apport/apport %p %s %c %d %P" (or dumping to /opt/forno/minecraft/core.15830)
#

---------------  S U M M A R Y ------------

Command Line: -Xms3g -Xmx3g server.jar nogui

Host: Intel(R) Core(TM) i7-4500U CPU @ 1.80GHz, 4 cores, 3G, Ubuntu 18.04.2 LTS
Time: Thu Mar 21 08:28:26 2019 JST elapsed time: 0 seconds (0d 0h 0m 0s)

---------------  T H R E A D  ---------------

Current thread (0x00007fb4e4011000):  JavaThread "Unknown thread" [_thread_in_vm, id=15831, stack(0x00007fb4ee83b000,0x00007fb4ee93c000)]

Stack: [0x00007fb4ee83b000,0x00007fb4ee93c000],  sp=0x00007fb4ee93a2e0,  free space=1020k
Native frames: (J=compiled Java code, A=aot compiled Java code, j=interpreted, Vv=VM code, C=native code)
V  [libjvm.so+0xd27ea4]
V  [libjvm.so+0xd28a4b]
V  [libjvm.so+0x64d415]
V  [libjvm.so+0xb2d7c8]
V  [libjvm.so+0xb2601d]
V  [libjvm.so+0x7662ff]
V  [libjvm.so+0x76653e]
V  [libjvm.so+0x769500]
V  [libjvm.so+0x7efa1c]
V  [libjvm.so+0x7f06df]
V  [libjvm.so+0x7f0b59]
V  [libjvm.so+0x7162cf]
V  [libjvm.so+0x71afd3]
V  [libjvm.so+0xce5dc2]
V  [libjvm.so+0xce60c6]
V  [libjvm.so+0x807d57]
V  [libjvm.so+0xcc7ac4]
V  [libjvm.so+0x8601b1]  JNI_CreateJavaVM+0x51
C  [libjli.so+0x3d83]
C  [libjli.so+0x89dd]
C  [libpthread.so.0+0x76db]  start_thread+0xdb


---------------  P R O C E S S  ---------------

Threads class SMR info:
_java_thread_list=0x0000563320fcf6b0, length=0, elements={
}

Java Threads: ( => current thread )

Other Threads:
  0x00007fb4e4028000 GCTaskThread "GC Thread#0" [stack: 0x00007fb4ea964000,0x00007fb4eaa64000] [id=15833]
  0x00007fb4e4029000 GCTaskThread "GC Thread#1" [stack: 0x00007fb4ea862000,0x00007fb4ea962000] [id=15834]
  0x00007fb4e402b000 GCTaskThread "GC Thread#2" [stack: 0x00007fb4ea760000,0x00007fb4ea860000] [id=15835]
  0x00007fb4e402c800 GCTaskThread "GC Thread#3" [stack: 0x00007fb4ea65e000,0x00007fb4ea75e000] [id=15836]
  0x00007fb4e406a000 ConcurrentGCThread "G1 Main Marker" [stack: 0x00007fb4e8e98000,0x00007fb4e8f98000] [id=15837]
  0x00007fb4e406c000 ConcurrentGCThread "G1 Conc#0" [stack: 0x00007fb4e8d96000,0x00007fb4e8e96000] [id=15838]

[error occurred during error reporting (printing all threads), id 0xe0000002]

VM state:not at safepoint (not fully initialized)

VM Mutex/Monitor currently owned by a thread:  ([mutex/lock_event])
[0x00007fb4e400df30] Heap_lock - owner thread: 0x00007fb4e4011000

Heap address: 0x0000000700000000, size: 3072 MB, Compressed Oops mode: Non-zero based: 0x0000000700000000
Narrow klass base: 0x0000000000000000, Narrow klass shift: 0

GC Heap History (0 events):
No events

Deoptimization events (0 events):
No events

Classes redefined (0 events):
No events

Internal exceptions (0 events):
No events

Events (0 events):
No events


Dynamic libraries:
56331f661000-56331f662000 r-xp 00000000 fd:00 20185882                   /usr/lib/jvm/java-11-openjdk-amd64/bin/java
56331f862000-56331f863000 r--p 00001000 fd:00 20185882                   /usr/lib/jvm/java-11-openjdk-amd64/bin/java
56331f863000-56331f864000 rw-p 00002000 fd:00 20185882                   /usr/lib/jvm/java-11-openjdk-amd64/bin/java
563320fb8000-563320fd9000 rw-p 00000000 00:00 0                          [heap]
7fb4a8000000-7fb4a8021000 rw-p 00000000 00:00 0 
7fb4a8021000-7fb4ac000000 ---p 00000000 00:00 0 
7fb4ae000000-7fb4b0000000 rw-p 00000000 00:00 0 
7fb4b0000000-7fb4b0021000 rw-p 00000000 00:00 0 
7fb4b0021000-7fb4b4000000 ---p 00000000 00:00 0 
7fb4b4000000-7fb4b4021000 rw-p 00000000 00:00 0 
7fb4b4021000-7fb4b8000000 ---p 00000000 00:00 0 
7fb4b9000000-7fb4bc000000 ---p 00000000 00:00 0 
7fb4bc000000-7fb4bc021000 rw-p 00000000 00:00 0 
7fb4bc021000-7fb4c0000000 ---p 00000000 00:00 0 
7fb4c0000000-7fb4c0021000 rw-p 00000000 00:00 0 
7fb4c0021000-7fb4c4000000 ---p 00000000 00:00 0 
7fb4c4000000-7fb4c4021000 rw-p 00000000 00:00 0 
7fb4c4021000-7fb4c8000000 ---p 00000000 00:00 0 
7fb4c8b25000-7fb4cbb25000 ---p 00000000 00:00 0 
7fb4cbb25000-7fb4cbd95000 rwxp 00000000 00:00 0 
7fb4cbd95000-7fb4cc0b5000 ---p 00000000 00:00 0 
7fb4cc0b5000-7fb4cc325000 rwxp 00000000 00:00 0 
7fb4cc325000-7fb4d35ed000 ---p 00000000 00:00 0 
7fb4d35ed000-7fb4d385d000 rwxp 00000000 00:00 0 
7fb4d385d000-7fb4dab25000 ---p 00000000 00:00 0 
7fb4dab25000-7fb4e4000000 r--s 00000000 fd:00 20186057                   /usr/lib/jvm/java-11-openjdk-amd64/lib/modules
7fb4e4000000-7fb4e4083000 rw-p 00000000 00:00 0 
7fb4e4083000-7fb4e8000000 ---p 00000000 00:00 0 
7fb4e8990000-7fb4e8d94000 rw-p 00000000 00:00 0 
7fb4e8d94000-7fb4e8d95000 ---p 00000000 00:00 0 
7fb4e8d95000-7fb4e8e96000 rw-p 00000000 00:00 0 
7fb4e8e96000-7fb4e8e97000 ---p 00000000 00:00 0 
7fb4e8e97000-7fb4e9058000 rw-p 00000000 00:00 0 
7fb4e9058000-7fb4ea258000 ---p 00000000 00:00 0 
7fb4ea258000-7fb4ea65c000 rw-p 00000000 00:00 0 
7fb4ea65c000-7fb4ea65d000 ---p 00000000 00:00 0 
7fb4ea65d000-7fb4ea75e000 rw-p 00000000 00:00 0 
7fb4ea75e000-7fb4ea75f000 ---p 00000000 00:00 0 
7fb4ea75f000-7fb4ea860000 rw-p 00000000 00:00 0 
7fb4ea860000-7fb4ea861000 ---p 00000000 00:00 0 
7fb4ea861000-7fb4ea962000 rw-p 00000000 00:00 0 
7fb4ea962000-7fb4ea963000 ---p 00000000 00:00 0 
7fb4ea963000-7fb4eaa69000 rw-p 00000000 00:00 0 
7fb4eaa69000-7fb4eab4f000 ---p 00000000 00:00 0 
7fb4eab4f000-7fb4eab54000 rw-p 00000000 00:00 0 
7fb4eab54000-7fb4eac3a000 ---p 00000000 00:00 0 
7fb4eac3a000-7fb4eac3f000 r-xp 00000000 fd:00 20186039                   /usr/lib/jvm/java-11-openjdk-amd64/lib/libjimage.so
7fb4eac3f000-7fb4eae3e000 ---p 00005000 fd:00 20186039                   /usr/lib/jvm/java-11-openjdk-amd64/lib/libjimage.so
7fb4eae3e000-7fb4eae3f000 r--p 00004000 fd:00 20186039                   /usr/lib/jvm/java-11-openjdk-amd64/lib/libjimage.so
7fb4eae3f000-7fb4eae40000 rw-p 00005000 fd:00 20186039                   /usr/lib/jvm/java-11-openjdk-amd64/lib/libjimage.so
7fb4eae40000-7fb4eae47000 r-xp 00000000 fd:00 20186056                   /usr/lib/jvm/java-11-openjdk-amd64/lib/libzip.so
7fb4eae47000-7fb4eb046000 ---p 00007000 fd:00 20186056                   /usr/lib/jvm/java-11-openjdk-amd64/lib/libzip.so
7fb4eb046000-7fb4eb047000 r--p 00006000 fd:00 20186056                   /usr/lib/jvm/java-11-openjdk-amd64/lib/libzip.so
7fb4eb047000-7fb4eb048000 rw-p 00007000 fd:00 20186056                   /usr/lib/jvm/java-11-openjdk-amd64/lib/libzip.so
7fb4eb048000-7fb4eb053000 r-xp 00000000 fd:00 44176093                   /lib/x86_64-linux-gnu/libnss_files-2.27.so
7fb4eb053000-7fb4eb252000 ---p 0000b000 fd:00 44176093                   /lib/x86_64-linux-gnu/libnss_files-2.27.so
7fb4eb252000-7fb4eb253000 r--p 0000a000 fd:00 44176093                   /lib/x86_64-linux-gnu/libnss_files-2.27.so
7fb4eb253000-7fb4eb254000 rw-p 0000b000 fd:00 44176093                   /lib/x86_64-linux-gnu/libnss_files-2.27.so
7fb4eb254000-7fb4eb25a000 rw-p 00000000 00:00 0 
7fb4eb25a000-7fb4eb271000 r-xp 00000000 fd:00 44176087                   /lib/x86_64-linux-gnu/libnsl-2.27.so
7fb4eb271000-7fb4eb470000 ---p 00017000 fd:00 44176087                   /lib/x86_64-linux-gnu/libnsl-2.27.so
7fb4eb470000-7fb4eb471000 r--p 00016000 fd:00 44176087                   /lib/x86_64-linux-gnu/libnsl-2.27.so
7fb4eb471000-7fb4eb472000 rw-p 00017000 fd:00 44176087                   /lib/x86_64-linux-gnu/libnsl-2.27.so
7fb4eb472000-7fb4eb474000 rw-p 00000000 00:00 0 
7fb4eb474000-7fb4eb47f000 r-xp 00000000 fd:00 44176104                   /lib/x86_64-linux-gnu/libnss_nis-2.27.so
7fb4eb47f000-7fb4eb67e000 ---p 0000b000 fd:00 44176104                   /lib/x86_64-linux-gnu/libnss_nis-2.27.so
7fb4eb67e000-7fb4eb67f000 r--p 0000a000 fd:00 44176104                   /lib/x86_64-linux-gnu/libnss_nis-2.27.so
7fb4eb67f000-7fb4eb680000 rw-p 0000b000 fd:00 44176104                   /lib/x86_64-linux-gnu/libnss_nis-2.27.so
7fb4eb680000-7fb4eb688000 r-xp 00000000 fd:00 44176089                   /lib/x86_64-linux-gnu/libnss_compat-2.27.so
7fb4eb688000-7fb4eb888000 ---p 00008000 fd:00 44176089                   /lib/x86_64-linux-gnu/libnss_compat-2.27.so
7fb4eb888000-7fb4eb889000 r--p 00008000 fd:00 44176089                   /lib/x86_64-linux-gnu/libnss_compat-2.27.so
7fb4eb889000-7fb4eb88a000 rw-p 00009000 fd:00 44176089                   /lib/x86_64-linux-gnu/libnss_compat-2.27.so
7fb4eb88a000-7fb4eb8b6000 r-xp 00000000 fd:00 20186035                   /usr/lib/jvm/java-11-openjdk-amd64/lib/libjava.so
7fb4eb8b6000-7fb4ebab5000 ---p 0002c000 fd:00 20186035                   /usr/lib/jvm/java-11-openjdk-amd64/lib/libjava.so
7fb4ebab5000-7fb4ebab6000 r--p 0002b000 fd:00 20186035                   /usr/lib/jvm/java-11-openjdk-amd64/lib/libjava.so
7fb4ebab6000-7fb4ebab8000 rw-p 0002c000 fd:00 20186035                   /usr/lib/jvm/java-11-openjdk-amd64/lib/libjava.so
7fb4ebab8000-7fb4ebac5000 r-xp 00000000 fd:00 20186055                   /usr/lib/jvm/java-11-openjdk-amd64/lib/libverify.so
7fb4ebac5000-7fb4ebcc4000 ---p 0000d000 fd:00 20186055                   /usr/lib/jvm/java-11-openjdk-amd64/lib/libverify.so
7fb4ebcc4000-7fb4ebcc6000 r--p 0000c000 fd:00 20186055                   /usr/lib/jvm/java-11-openjdk-amd64/lib/libverify.so
7fb4ebcc6000-7fb4ebcc7000 rw-p 0000e000 fd:00 20186055                   /usr/lib/jvm/java-11-openjdk-amd64/lib/libverify.so
7fb4ebcc7000-7fb4ebcce000 r-xp 00000000 fd:00 44176144                   /lib/x86_64-linux-gnu/librt-2.27.so
7fb4ebcce000-7fb4ebecd000 ---p 00007000 fd:00 44176144                   /lib/x86_64-linux-gnu/librt-2.27.so
7fb4ebecd000-7fb4ebece000 r--p 00006000 fd:00 44176144                   /lib/x86_64-linux-gnu/librt-2.27.so
7fb4ebece000-7fb4ebecf000 rw-p 00007000 fd:00 44176144                   /lib/x86_64-linux-gnu/librt-2.27.so
7fb4ebecf000-7fb4ebee6000 r-xp 00000000 fd:00 44175907                   /lib/x86_64-linux-gnu/libgcc_s.so.1
7fb4ebee6000-7fb4ec0e5000 ---p 00017000 fd:00 44175907                   /lib/x86_64-linux-gnu/libgcc_s.so.1
7fb4ec0e5000-7fb4ec0e6000 r--p 00016000 fd:00 44175907                   /lib/x86_64-linux-gnu/libgcc_s.so.1
7fb4ec0e6000-7fb4ec0e7000 rw-p 00017000 fd:00 44175907                   /lib/x86_64-linux-gnu/libgcc_s.so.1
7fb4ec0e7000-7fb4ec284000 r-xp 00000000 fd:00 44176066                   /lib/x86_64-linux-gnu/libm-2.27.so
7fb4ec284000-7fb4ec483000 ---p 0019d000 fd:00 44176066                   /lib/x86_64-linux-gnu/libm-2.27.so
7fb4ec483000-7fb4ec484000 r--p 0019c000 fd:00 44176066                   /lib/x86_64-linux-gnu/libm-2.27.so
7fb4ec484000-7fb4ec485000 rw-p 0019d000 fd:00 44176066                   /lib/x86_64-linux-gnu/libm-2.27.so
7fb4ec485000-7fb4ec5fe000 r-xp 00000000 fd:00 18090134                   /usr/lib/x86_64-linux-gnu/libstdc++.so.6.0.25
7fb4ec5fe000-7fb4ec7fe000 ---p 00179000 fd:00 18090134                   /usr/lib/x86_64-linux-gnu/libstdc++.so.6.0.25
7fb4ec7fe000-7fb4ec808000 r--p 00179000 fd:00 18090134                   /usr/lib/x86_64-linux-gnu/libstdc++.so.6.0.25
7fb4ec808000-7fb4ec80a000 rw-p 00183000 fd:00 18090134                   /usr/lib/x86_64-linux-gnu/libstdc++.so.6.0.25
7fb4ec80a000-7fb4ec80e000 rw-p 00000000 00:00 0 
7fb4ec80e000-7fb4ed7ab000 r-xp 00000000 fd:00 20186062                   /usr/lib/jvm/java-11-openjdk-amd64/lib/server/libjvm.so
7fb4ed7ab000-7fb4ed9ab000 ---p 00f9d000 fd:00 20186062                   /usr/lib/jvm/java-11-openjdk-amd64/lib/server/libjvm.so
7fb4ed9ab000-7fb4eda6f000 r--p 00f9d000 fd:00 20186062                   /usr/lib/jvm/java-11-openjdk-amd64/lib/server/libjvm.so
7fb4eda6f000-7fb4edaa7000 rw-p 01061000 fd:00 20186062                   /usr/lib/jvm/java-11-openjdk-amd64/lib/server/libjvm.so
7fb4edaa7000-7fb4edaf0000 rw-p 00000000 00:00 0 
7fb4edaf0000-7fb4edb0a000 r-xp 00000000 fd:00 44176136                   /lib/x86_64-linux-gnu/libpthread-2.27.so
7fb4edb0a000-7fb4edd09000 ---p 0001a000 fd:00 44176136                   /lib/x86_64-linux-gnu/libpthread-2.27.so
7fb4edd09000-7fb4edd0a000 r--p 00019000 fd:00 44176136                   /lib/x86_64-linux-gnu/libpthread-2.27.so
7fb4edd0a000-7fb4edd0b000 rw-p 0001a000 fd:00 44176136                   /lib/x86_64-linux-gnu/libpthread-2.27.so
7fb4edd0b000-7fb4edd0f000 rw-p 00000000 00:00 0 
7fb4edd0f000-7fb4edd12000 r-xp 00000000 fd:00 44176026                   /lib/x86_64-linux-gnu/libdl-2.27.so
7fb4edd12000-7fb4edf11000 ---p 00003000 fd:00 44176026                   /lib/x86_64-linux-gnu/libdl-2.27.so
7fb4edf11000-7fb4edf12000 r--p 00002000 fd:00 44176026                   /lib/x86_64-linux-gnu/libdl-2.27.so
7fb4edf12000-7fb4edf13000 rw-p 00003000 fd:00 44176026                   /lib/x86_64-linux-gnu/libdl-2.27.so
7fb4edf13000-7fb4edf2f000 r-xp 00000000 fd:00 44176175                   /lib/x86_64-linux-gnu/libz.so.1.2.11
7fb4edf2f000-7fb4ee12e000 ---p 0001c000 fd:00 44176175                   /lib/x86_64-linux-gnu/libz.so.1.2.11
7fb4ee12e000-7fb4ee12f000 r--p 0001b000 fd:00 44176175                   /lib/x86_64-linux-gnu/libz.so.1.2.11
7fb4ee12f000-7fb4ee130000 rw-p 0001c000 fd:00 44176175                   /lib/x86_64-linux-gnu/libz.so.1.2.11
7fb4ee130000-7fb4ee317000 r-xp 00000000 fd:00 44176003                   /lib/x86_64-linux-gnu/libc-2.27.so
7fb4ee317000-7fb4ee517000 ---p 001e7000 fd:00 44176003                   /lib/x86_64-linux-gnu/libc-2.27.so
7fb4ee517000-7fb4ee51b000 r--p 001e7000 fd:00 44176003                   /lib/x86_64-linux-gnu/libc-2.27.so
7fb4ee51b000-7fb4ee51d000 rw-p 001eb000 fd:00 44176003                   /lib/x86_64-linux-gnu/libc-2.27.so
7fb4ee51d000-7fb4ee521000 rw-p 00000000 00:00 0 
7fb4ee521000-7fb4ee530000 r-xp 00000000 fd:00 20186020                   /usr/lib/jvm/java-11-openjdk-amd64/lib/jli/libjli.so
7fb4ee530000-7fb4ee72f000 ---p 0000f000 fd:00 20186020                   /usr/lib/jvm/java-11-openjdk-amd64/lib/jli/libjli.so
7fb4ee72f000-7fb4ee730000 r--p 0000e000 fd:00 20186020                   /usr/lib/jvm/java-11-openjdk-amd64/lib/jli/libjli.so
7fb4ee730000-7fb4ee731000 rw-p 0000f000 fd:00 20186020                   /usr/lib/jvm/java-11-openjdk-amd64/lib/jli/libjli.so
7fb4ee731000-7fb4ee758000 r-xp 00000000 fd:00 44175975                   /lib/x86_64-linux-gnu/ld-2.27.so
7fb4ee7d4000-7fb4ee83b000 rw-p 00000000 00:00 0 
7fb4ee83b000-7fb4ee83f000 ---p 00000000 00:00 0 
7fb4ee83f000-7fb4ee93e000 rw-p 00000000 00:00 0 
7fb4ee93f000-7fb4ee945000 rw-p 00000000 00:00 0 
7fb4ee945000-7fb4ee94c000 ---p 00000000 00:00 0 
7fb4ee94c000-7fb4ee954000 rw-s 00000000 fd:00 16121869                   /tmp/hsperfdata_minecraft/15830
7fb4ee954000-7fb4ee955000 ---p 00000000 00:00 0 
7fb4ee955000-7fb4ee956000 r--p 00000000 00:00 0 
7fb4ee956000-7fb4ee958000 rw-p 00000000 00:00 0 
7fb4ee958000-7fb4ee959000 r--p 00027000 fd:00 44175975                   /lib/x86_64-linux-gnu/ld-2.27.so
7fb4ee959000-7fb4ee95a000 rw-p 00028000 fd:00 44175975                   /lib/x86_64-linux-gnu/ld-2.27.so
7fb4ee95a000-7fb4ee95b000 rw-p 00000000 00:00 0 
7fff6c8ff000-7fff6c920000 rw-p 00000000 00:00 0                          [stack]
7fff6c949000-7fff6c94c000 r--p 00000000 00:00 0                          [vvar]
7fff6c94c000-7fff6c94e000 r-xp 00000000 00:00 0                          [vdso]
ffffffffff600000-ffffffffff601000 r-xp 00000000 00:00 0                  [vsyscall]


VM Arguments:
jvm_args: -Xms3g -Xmx3g 
java_command: server.jar nogui
java_class_path (initial): server.jar
Launcher Type: SUN_STANDARD

Logging:
Log output configuration:
#0: stdout all=warning uptime,level,tags
#1: stderr all=off uptime,level,tags

Environment Variables:
PATH=/usr/local/sbin:/usr/local/bin:/usr/sbin:/usr/bin:/sbin:/bin
SHELL=/bin/sh

Signal Handlers:
SIGSEGV: [libjvm.so+0xd28b70], sa_mask[0]=11111111011111111101111111111110, sa_flags=SA_RESTART|SA_SIGINFO
SIGBUS: [libjvm.so+0xd28b70], sa_mask[0]=11111111011111111101111111111110, sa_flags=SA_RESTART|SA_SIGINFO
SIGFPE: [libjvm.so+0xd28b70], sa_mask[0]=11111111011111111101111111111110, sa_flags=SA_RESTART|SA_SIGINFO
SIGPIPE: [libjvm.so+0xb2a1f0], sa_mask[0]=11111111011111111101111111111110, sa_flags=SA_RESTART|SA_SIGINFO
SIGXFSZ: [libjvm.so+0xb2a1f0], sa_mask[0]=11111111011111111101111111111110, sa_flags=SA_RESTART|SA_SIGINFO
SIGILL: [libjvm.so+0xd28b70], sa_mask[0]=11111111011111111101111111111110, sa_flags=SA_RESTART|SA_SIGINFO
SIGUSR2: [libjvm.so+0xb2a030], sa_mask[0]=00000000000000000000000000000000, sa_flags=SA_RESTART|SA_SIGINFO
SIGHUP: SIG_DFL, sa_mask[0]=00000000000000000000000000000000, sa_flags=none
SIGINT: SIG_DFL, sa_mask[0]=00000000000000000000000000000000, sa_flags=none
SIGTERM: SIG_DFL, sa_mask[0]=00000000000000000000000000000000, sa_flags=none
SIGQUIT: SIG_DFL, sa_mask[0]=00000000000000000000000000000000, sa_flags=none


---------------  S Y S T E M  ---------------

OS:DISTRIB_ID=Ubuntu
DISTRIB_RELEASE=18.04
DISTRIB_CODENAME=bionic
DISTRIB_DESCRIPTION="Ubuntu 18.04.2 LTS"
uname:Linux 4.15.0-46-generic #49-Ubuntu SMP Wed Feb 6 09:33:07 UTC 2019 x86_64
libc:glibc 2.27 NPTL 2.27 
rlimit: STACK 8192k, CORE 0k, NPROC 15099, NOFILE 4096, AS infinity, DATA infinity, FSIZE infinity
load average:1.24 1.37 1.36

/proc/meminfo:
MemTotal:        3943748 kB
MemFree:          114292 kB
MemAvailable:    1261964 kB
Buffers:           35152 kB
Cached:          1312160 kB
SwapCached:         8268 kB
Active:          2727356 kB
Inactive:         908856 kB
Active(anon):    1872508 kB
Inactive(anon):   446460 kB
Active(file):     854848 kB
Inactive(file):   462396 kB
Unevictable:           0 kB
Mlocked:               0 kB
SwapTotal:        999420 kB
SwapFree:         598960 kB
Dirty:              6904 kB
Writeback:             0 kB
AnonPages:       2286620 kB
Mapped:           132844 kB
Shmem:             30068 kB
Slab:             107204 kB
SReclaimable:      66388 kB
SUnreclaim:        40816 kB
KernelStack:        5976 kB
PageTables:        24200 kB
NFS_Unstable:          0 kB
Bounce:                0 kB
WritebackTmp:          0 kB
CommitLimit:     2971292 kB
Committed_AS:    3225272 kB
VmallocTotal:   34359738367 kB
VmallocUsed:           0 kB
VmallocChunk:          0 kB
HardwareCorrupted:     0 kB
AnonHugePages:         0 kB
ShmemHugePages:        0 kB
ShmemPmdMapped:        0 kB
CmaTotal:              0 kB
CmaFree:               0 kB
HugePages_Total:       0
HugePages_Free:        0
HugePages_Rsvd:        0
HugePages_Surp:        0
Hugepagesize:       2048 kB
DirectMap4k:      158320 kB
DirectMap2M:     3940352 kB
DirectMap1G:           0 kB

container (cgroup) information:
container_type: cgroupv1
cpu_cpuset_cpus: 0-3
cpu_memory_nodes: 0
active_processor_count: 4
cpu_quota: -1
cpu_period: 100000
cpu_shares: -1
memory_limit_in_bytes: -1
memory_and_swap_limit_in_bytes: -2
memory_soft_limit_in_bytes: -1
memory_usage_in_bytes: 3722272768
memory_max_usage_in_bytes: 2048000


CPU:total 4 (initial active 4) (2 cores per cpu, 2 threads per core) family 6 model 69 stepping 1, cmov, cx8, fxsr, mmx, sse, sse2, sse3, ssse3, sse4.1, sse4.2, popcnt, avx, avx2, aes, clmul, erms, lzcnt, ht, tsc, tscinvbit, bmi1, bmi2, fma
CPU Model and flags from /proc/cpuinfo:
model name	: Intel(R) Core(TM) i7-4500U CPU @ 1.80GHz
flags		: fpu vme de pse tsc msr pae mce cx8 apic sep mtrr pge mca cmov pat pse36 clflush dts acpi mmx fxsr sse sse2 ss ht tm pbe syscall nx pdpe1gb rdtscp lm constant_tsc arch_perfmon pebs bts rep_good nopl xtopology nonstop_tsc cpuid aperfmperf pni pclmulqdq dtes64 monitor ds_cpl vmx est tm2 ssse3 sdbg fma cx16 xtpr pdcm pcid sse4_1 sse4_2 movbe popcnt tsc_deadline_timer aes xsave avx f16c rdrand lahf_lm abm cpuid_fault epb invpcid_single pti ssbd ibrs ibpb stibp tpr_shadow vnmi flexpriority ept vpid fsgsbase tsc_adjust bmi1 avx2 smep bmi2 erms invpcid xsaveopt dtherm ida arat pln pts flush_l1d

Memory: 4k page, physical 3943748k(114292k free), swap 999420k(598960k free)

vm_info: OpenJDK 64-Bit Server VM (10.0.2+13-Ubuntu-1ubuntu0.18.04.4) for linux-amd64 JRE (10.0.2+13-Ubuntu-1ubuntu0.18.04.4), built on Nov 13 2018 12:53:39 by "buildd" with gcc 7.3.0

END.
