#
# There is insufficient memory for the Java Runtime Environment to continue.
# Native memory allocation (mmap) failed to map 3221225472 bytes for committing reserved memory.
# Possible reasons:
#   The system is out of physical RAM or swap space
#   The process is running with CompressedOops enabled, and the Java Heap may be blocking the growth of the native heap
# Possible solutions:
#   Reduce memory load on the system
#   Increase physical memory or swap space
#   Check if swap backing store is full
#   Decrease Java heap size (-Xmx/-Xms)
#   Decrease number of Java threads
#   Decrease Java thread stack sizes (-Xss)
#   Set larger code cache with -XX:ReservedCodeCacheSize=
# This output file may be truncated or incomplete.
#
#  Out of Memory Error (os_linux.cpp:2706), pid=3282, tid=3283
#
# JRE version:  (10.0.2+13) (build )
# Java VM: OpenJDK 64-Bit Server VM (10.0.2+13-Ubuntu-1ubuntu0.18.04.4, mixed mode, aot, tiered, compressed oops, g1 gc, linux-amd64)
# Core dump will be written. Default location: Core dumps may be processed with "/usr/share/apport/apport %p %s %c %d %P" (or dumping to /opt/forno/minecraft/core.3282)
#

---------------  S U M M A R Y ------------

Command Line: -Xms3g -Xmx3g server.jar nogui

Host: Intel(R) Core(TM) i7-4500U CPU @ 1.80GHz, 4 cores, 3G, Ubuntu 18.04.2 LTS
Time: Thu Mar 21 04:07:21 2019 JST elapsed time: 0 seconds (0d 0h 0m 0s)

---------------  T H R E A D  ---------------

Current thread (0x00007fc0e0011000):  JavaThread "Unknown thread" [_thread_in_vm, id=3283, stack(0x00007fc0e9776000,0x00007fc0e9877000)]

Stack: [0x00007fc0e9776000,0x00007fc0e9877000],  sp=0x00007fc0e98752e0,  free space=1020k
Native frames: (J=compiled Java code, A=aot compiled Java code, j=interpreted, Vv=VM code, C=native code)
V  [libjvm.so+0xd27ea4]
V  [libjvm.so+0xd28a4b]
V  [libjvm.so+0x64d415]
V  [libjvm.so+0xb2d7c8]
V  [libjvm.so+0xb2601d]
V  [libjvm.so+0x7662ff]
V  [libjvm.so+0x76653e]
V  [libjvm.so+0x769500]
V  [libjvm.so+0x7efa1c]
V  [libjvm.so+0x7f06df]
V  [libjvm.so+0x7f0b59]
V  [libjvm.so+0x7162cf]
V  [libjvm.so+0x71afd3]
V  [libjvm.so+0xce5dc2]
V  [libjvm.so+0xce60c6]
V  [libjvm.so+0x807d57]
V  [libjvm.so+0xcc7ac4]
V  [libjvm.so+0x8601b1]  JNI_CreateJavaVM+0x51
C  [libjli.so+0x3d83]
C  [libjli.so+0x89dd]
C  [libpthread.so.0+0x76db]  start_thread+0xdb


---------------  P R O C E S S  ---------------

Threads class SMR info:
_java_thread_list=0x0000555803ba46b0, length=0, elements={
}

Java Threads: ( => current thread )

Other Threads:
  0x00007fc0e0028000 GCTaskThread "GC Thread#0" [stack: 0x00007fc0e589f000,0x00007fc0e599f000] [id=3284]
  0x00007fc0e0029000 GCTaskThread "GC Thread#1" [stack: 0x00007fc0e579d000,0x00007fc0e589d000] [id=3285]
  0x00007fc0e002b000 GCTaskThread "GC Thread#2" [stack: 0x00007fc0e569b000,0x00007fc0e579b000] [id=3286]
  0x00007fc0e002c800 GCTaskThread "GC Thread#3" [stack: 0x00007fc0e5599000,0x00007fc0e5699000] [id=3287]
  0x00007fc0e006a000 ConcurrentGCThread "G1 Main Marker" [stack: 0x00007fc0e43d3000,0x00007fc0e44d3000] [id=3288]
  0x00007fc0e006c000 ConcurrentGCThread "G1 Conc#0" [stack: 0x00007fc0e42d1000,0x00007fc0e43d1000] [id=3289]

[error occurred during error reporting (printing all threads), id 0xe0000002]

VM state:not at safepoint (not fully initialized)

VM Mutex/Monitor currently owned by a thread:  ([mutex/lock_event])
[0x00007fc0e000df30] Heap_lock - owner thread: 0x00007fc0e0011000

Heap address: 0x0000000700000000, size: 3072 MB, Compressed Oops mode: Non-zero based: 0x0000000700000000
Narrow klass base: 0x0000000000000000, Narrow klass shift: 0

GC Heap History (0 events):
No events

Deoptimization events (0 events):
No events

Classes redefined (0 events):
No events

Internal exceptions (0 events):
No events

Events (0 events):
No events


Dynamic libraries:
5558038e4000-5558038e5000 r-xp 00000000 fd:00 20185882                   /usr/lib/jvm/java-11-openjdk-amd64/bin/java
555803ae5000-555803ae6000 r--p 00001000 fd:00 20185882                   /usr/lib/jvm/java-11-openjdk-amd64/bin/java
555803ae6000-555803ae7000 rw-p 00002000 fd:00 20185882                   /usr/lib/jvm/java-11-openjdk-amd64/bin/java
555803b8d000-555803bae000 rw-p 00000000 00:00 0                          [heap]
7fc0a4000000-7fc0a4021000 rw-p 00000000 00:00 0 
7fc0a4021000-7fc0a8000000 ---p 00000000 00:00 0 
7fc0aa000000-7fc0ac000000 rw-p 00000000 00:00 0 
7fc0ac000000-7fc0ac021000 rw-p 00000000 00:00 0 
7fc0ac021000-7fc0b0000000 ---p 00000000 00:00 0 
7fc0b0000000-7fc0b0021000 rw-p 00000000 00:00 0 
7fc0b0021000-7fc0b4000000 ---p 00000000 00:00 0 
7fc0b5000000-7fc0b8000000 ---p 00000000 00:00 0 
7fc0b8000000-7fc0b8021000 rw-p 00000000 00:00 0 
7fc0b8021000-7fc0bc000000 ---p 00000000 00:00 0 
7fc0bc000000-7fc0bc021000 rw-p 00000000 00:00 0 
7fc0bc021000-7fc0c0000000 ---p 00000000 00:00 0 
7fc0c0000000-7fc0c0021000 rw-p 00000000 00:00 0 
7fc0c0021000-7fc0c4000000 ---p 00000000 00:00 0 
7fc0c4323000-7fc0c4525000 rw-p 00000000 00:00 0 
7fc0c4525000-7fc0c7b25000 ---p 00000000 00:00 0 
7fc0c7b25000-7fc0c7d95000 rwxp 00000000 00:00 0 
7fc0c7d95000-7fc0c80b5000 ---p 00000000 00:00 0 
7fc0c80b5000-7fc0c8325000 rwxp 00000000 00:00 0 
7fc0c8325000-7fc0cf5ed000 ---p 00000000 00:00 0 
7fc0cf5ed000-7fc0cf85d000 rwxp 00000000 00:00 0 
7fc0cf85d000-7fc0d6b25000 ---p 00000000 00:00 0 
7fc0d6b25000-7fc0e0000000 r--s 00000000 fd:00 20186057                   /usr/lib/jvm/java-11-openjdk-amd64/lib/modules
7fc0e0000000-7fc0e0083000 rw-p 00000000 00:00 0 
7fc0e0083000-7fc0e4000000 ---p 00000000 00:00 0 
7fc0e40cd000-7fc0e42cf000 rw-p 00000000 00:00 0 
7fc0e42cf000-7fc0e42d0000 ---p 00000000 00:00 0 
7fc0e42d0000-7fc0e43d1000 rw-p 00000000 00:00 0 
7fc0e43d1000-7fc0e43d2000 ---p 00000000 00:00 0 
7fc0e43d2000-7fc0e4593000 rw-p 00000000 00:00 0 
7fc0e4593000-7fc0e5193000 ---p 00000000 00:00 0 
7fc0e5193000-7fc0e5597000 rw-p 00000000 00:00 0 
7fc0e5597000-7fc0e5598000 ---p 00000000 00:00 0 
7fc0e5598000-7fc0e5699000 rw-p 00000000 00:00 0 
7fc0e5699000-7fc0e569a000 ---p 00000000 00:00 0 
7fc0e569a000-7fc0e579b000 rw-p 00000000 00:00 0 
7fc0e579b000-7fc0e579c000 ---p 00000000 00:00 0 
7fc0e579c000-7fc0e589d000 rw-p 00000000 00:00 0 
7fc0e589d000-7fc0e589e000 ---p 00000000 00:00 0 
7fc0e589e000-7fc0e59a4000 rw-p 00000000 00:00 0 
7fc0e59a4000-7fc0e5a8a000 ---p 00000000 00:00 0 
7fc0e5a8a000-7fc0e5a8f000 rw-p 00000000 00:00 0 
7fc0e5a8f000-7fc0e5b75000 ---p 00000000 00:00 0 
7fc0e5b75000-7fc0e5b7a000 r-xp 00000000 fd:00 20186039                   /usr/lib/jvm/java-11-openjdk-amd64/lib/libjimage.so
7fc0e5b7a000-7fc0e5d79000 ---p 00005000 fd:00 20186039                   /usr/lib/jvm/java-11-openjdk-amd64/lib/libjimage.so
7fc0e5d79000-7fc0e5d7a000 r--p 00004000 fd:00 20186039                   /usr/lib/jvm/java-11-openjdk-amd64/lib/libjimage.so
7fc0e5d7a000-7fc0e5d7b000 rw-p 00005000 fd:00 20186039                   /usr/lib/jvm/java-11-openjdk-amd64/lib/libjimage.so
7fc0e5d7b000-7fc0e5d82000 r-xp 00000000 fd:00 20186056                   /usr/lib/jvm/java-11-openjdk-amd64/lib/libzip.so
7fc0e5d82000-7fc0e5f81000 ---p 00007000 fd:00 20186056                   /usr/lib/jvm/java-11-openjdk-amd64/lib/libzip.so
7fc0e5f81000-7fc0e5f82000 r--p 00006000 fd:00 20186056                   /usr/lib/jvm/java-11-openjdk-amd64/lib/libzip.so
7fc0e5f82000-7fc0e5f83000 rw-p 00007000 fd:00 20186056                   /usr/lib/jvm/java-11-openjdk-amd64/lib/libzip.so
7fc0e5f83000-7fc0e5f8e000 r-xp 00000000 fd:00 44176093                   /lib/x86_64-linux-gnu/libnss_files-2.27.so
7fc0e5f8e000-7fc0e618d000 ---p 0000b000 fd:00 44176093                   /lib/x86_64-linux-gnu/libnss_files-2.27.so
7fc0e618d000-7fc0e618e000 r--p 0000a000 fd:00 44176093                   /lib/x86_64-linux-gnu/libnss_files-2.27.so
7fc0e618e000-7fc0e618f000 rw-p 0000b000 fd:00 44176093                   /lib/x86_64-linux-gnu/libnss_files-2.27.so
7fc0e618f000-7fc0e6195000 rw-p 00000000 00:00 0 
7fc0e6195000-7fc0e61ac000 r-xp 00000000 fd:00 44176087                   /lib/x86_64-linux-gnu/libnsl-2.27.so
7fc0e61ac000-7fc0e63ab000 ---p 00017000 fd:00 44176087                   /lib/x86_64-linux-gnu/libnsl-2.27.so
7fc0e63ab000-7fc0e63ac000 r--p 00016000 fd:00 44176087                   /lib/x86_64-linux-gnu/libnsl-2.27.so
7fc0e63ac000-7fc0e63ad000 rw-p 00017000 fd:00 44176087                   /lib/x86_64-linux-gnu/libnsl-2.27.so
7fc0e63ad000-7fc0e63af000 rw-p 00000000 00:00 0 
7fc0e63af000-7fc0e63ba000 r-xp 00000000 fd:00 44176104                   /lib/x86_64-linux-gnu/libnss_nis-2.27.so
7fc0e63ba000-7fc0e65b9000 ---p 0000b000 fd:00 44176104                   /lib/x86_64-linux-gnu/libnss_nis-2.27.so
7fc0e65b9000-7fc0e65ba000 r--p 0000a000 fd:00 44176104                   /lib/x86_64-linux-gnu/libnss_nis-2.27.so
7fc0e65ba000-7fc0e65bb000 rw-p 0000b000 fd:00 44176104                   /lib/x86_64-linux-gnu/libnss_nis-2.27.so
7fc0e65bb000-7fc0e65c3000 r-xp 00000000 fd:00 44176089                   /lib/x86_64-linux-gnu/libnss_compat-2.27.so
7fc0e65c3000-7fc0e67c3000 ---p 00008000 fd:00 44176089                   /lib/x86_64-linux-gnu/libnss_compat-2.27.so
7fc0e67c3000-7fc0e67c4000 r--p 00008000 fd:00 44176089                   /lib/x86_64-linux-gnu/libnss_compat-2.27.so
7fc0e67c4000-7fc0e67c5000 rw-p 00009000 fd:00 44176089                   /lib/x86_64-linux-gnu/libnss_compat-2.27.so
7fc0e67c5000-7fc0e67f1000 r-xp 00000000 fd:00 20186035                   /usr/lib/jvm/java-11-openjdk-amd64/lib/libjava.so
7fc0e67f1000-7fc0e69f0000 ---p 0002c000 fd:00 20186035                   /usr/lib/jvm/java-11-openjdk-amd64/lib/libjava.so
7fc0e69f0000-7fc0e69f1000 r--p 0002b000 fd:00 20186035                   /usr/lib/jvm/java-11-openjdk-amd64/lib/libjava.so
7fc0e69f1000-7fc0e69f3000 rw-p 0002c000 fd:00 20186035                   /usr/lib/jvm/java-11-openjdk-amd64/lib/libjava.so
7fc0e69f3000-7fc0e6a00000 r-xp 00000000 fd:00 20186055                   /usr/lib/jvm/java-11-openjdk-amd64/lib/libverify.so
7fc0e6a00000-7fc0e6bff000 ---p 0000d000 fd:00 20186055                   /usr/lib/jvm/java-11-openjdk-amd64/lib/libverify.so
7fc0e6bff000-7fc0e6c01000 r--p 0000c000 fd:00 20186055                   /usr/lib/jvm/java-11-openjdk-amd64/lib/libverify.so
7fc0e6c01000-7fc0e6c02000 rw-p 0000e000 fd:00 20186055                   /usr/lib/jvm/java-11-openjdk-amd64/lib/libverify.so
7fc0e6c02000-7fc0e6c09000 r-xp 00000000 fd:00 44176144                   /lib/x86_64-linux-gnu/librt-2.27.so
7fc0e6c09000-7fc0e6e08000 ---p 00007000 fd:00 44176144                   /lib/x86_64-linux-gnu/librt-2.27.so
7fc0e6e08000-7fc0e6e09000 r--p 00006000 fd:00 44176144                   /lib/x86_64-linux-gnu/librt-2.27.so
7fc0e6e09000-7fc0e6e0a000 rw-p 00007000 fd:00 44176144                   /lib/x86_64-linux-gnu/librt-2.27.so
7fc0e6e0a000-7fc0e6e21000 r-xp 00000000 fd:00 44175907                   /lib/x86_64-linux-gnu/libgcc_s.so.1
7fc0e6e21000-7fc0e7020000 ---p 00017000 fd:00 44175907                   /lib/x86_64-linux-gnu/libgcc_s.so.1
7fc0e7020000-7fc0e7021000 r--p 00016000 fd:00 44175907                   /lib/x86_64-linux-gnu/libgcc_s.so.1
7fc0e7021000-7fc0e7022000 rw-p 00017000 fd:00 44175907                   /lib/x86_64-linux-gnu/libgcc_s.so.1
7fc0e7022000-7fc0e71bf000 r-xp 00000000 fd:00 44176066                   /lib/x86_64-linux-gnu/libm-2.27.so
7fc0e71bf000-7fc0e73be000 ---p 0019d000 fd:00 44176066                   /lib/x86_64-linux-gnu/libm-2.27.so
7fc0e73be000-7fc0e73bf000 r--p 0019c000 fd:00 44176066                   /lib/x86_64-linux-gnu/libm-2.27.so
7fc0e73bf000-7fc0e73c0000 rw-p 0019d000 fd:00 44176066                   /lib/x86_64-linux-gnu/libm-2.27.so
7fc0e73c0000-7fc0e7539000 r-xp 00000000 fd:00 18090134                   /usr/lib/x86_64-linux-gnu/libstdc++.so.6.0.25
7fc0e7539000-7fc0e7739000 ---p 00179000 fd:00 18090134                   /usr/lib/x86_64-linux-gnu/libstdc++.so.6.0.25
7fc0e7739000-7fc0e7743000 r--p 00179000 fd:00 18090134                   /usr/lib/x86_64-linux-gnu/libstdc++.so.6.0.25
7fc0e7743000-7fc0e7745000 rw-p 00183000 fd:00 18090134                   /usr/lib/x86_64-linux-gnu/libstdc++.so.6.0.25
7fc0e7745000-7fc0e7749000 rw-p 00000000 00:00 0 
7fc0e7749000-7fc0e86e6000 r-xp 00000000 fd:00 20186062                   /usr/lib/jvm/java-11-openjdk-amd64/lib/server/libjvm.so
7fc0e86e6000-7fc0e88e6000 ---p 00f9d000 fd:00 20186062                   /usr/lib/jvm/java-11-openjdk-amd64/lib/server/libjvm.so
7fc0e88e6000-7fc0e89aa000 r--p 00f9d000 fd:00 20186062                   /usr/lib/jvm/java-11-openjdk-amd64/lib/server/libjvm.so
7fc0e89aa000-7fc0e89e2000 rw-p 01061000 fd:00 20186062                   /usr/lib/jvm/java-11-openjdk-amd64/lib/server/libjvm.so
7fc0e89e2000-7fc0e8a2b000 rw-p 00000000 00:00 0 
7fc0e8a2b000-7fc0e8a45000 r-xp 00000000 fd:00 44176136                   /lib/x86_64-linux-gnu/libpthread-2.27.so
7fc0e8a45000-7fc0e8c44000 ---p 0001a000 fd:00 44176136                   /lib/x86_64-linux-gnu/libpthread-2.27.so
7fc0e8c44000-7fc0e8c45000 r--p 00019000 fd:00 44176136                   /lib/x86_64-linux-gnu/libpthread-2.27.so
7fc0e8c45000-7fc0e8c46000 rw-p 0001a000 fd:00 44176136                   /lib/x86_64-linux-gnu/libpthread-2.27.so
7fc0e8c46000-7fc0e8c4a000 rw-p 00000000 00:00 0 
7fc0e8c4a000-7fc0e8c4d000 r-xp 00000000 fd:00 44176026                   /lib/x86_64-linux-gnu/libdl-2.27.so
7fc0e8c4d000-7fc0e8e4c000 ---p 00003000 fd:00 44176026                   /lib/x86_64-linux-gnu/libdl-2.27.so
7fc0e8e4c000-7fc0e8e4d000 r--p 00002000 fd:00 44176026                   /lib/x86_64-linux-gnu/libdl-2.27.so
7fc0e8e4d000-7fc0e8e4e000 rw-p 00003000 fd:00 44176026                   /lib/x86_64-linux-gnu/libdl-2.27.so
7fc0e8e4e000-7fc0e8e6a000 r-xp 00000000 fd:00 44176175                   /lib/x86_64-linux-gnu/libz.so.1.2.11
7fc0e8e6a000-7fc0e9069000 ---p 0001c000 fd:00 44176175                   /lib/x86_64-linux-gnu/libz.so.1.2.11
7fc0e9069000-7fc0e906a000 r--p 0001b000 fd:00 44176175                   /lib/x86_64-linux-gnu/libz.so.1.2.11
7fc0e906a000-7fc0e906b000 rw-p 0001c000 fd:00 44176175                   /lib/x86_64-linux-gnu/libz.so.1.2.11
7fc0e906b000-7fc0e9252000 r-xp 00000000 fd:00 44176003                   /lib/x86_64-linux-gnu/libc-2.27.so
7fc0e9252000-7fc0e9452000 ---p 001e7000 fd:00 44176003                   /lib/x86_64-linux-gnu/libc-2.27.so
7fc0e9452000-7fc0e9456000 r--p 001e7000 fd:00 44176003                   /lib/x86_64-linux-gnu/libc-2.27.so
7fc0e9456000-7fc0e9458000 rw-p 001eb000 fd:00 44176003                   /lib/x86_64-linux-gnu/libc-2.27.so
7fc0e9458000-7fc0e945c000 rw-p 00000000 00:00 0 
7fc0e945c000-7fc0e946b000 r-xp 00000000 fd:00 20186020                   /usr/lib/jvm/java-11-openjdk-amd64/lib/jli/libjli.so
7fc0e946b000-7fc0e966a000 ---p 0000f000 fd:00 20186020                   /usr/lib/jvm/java-11-openjdk-amd64/lib/jli/libjli.so
7fc0e966a000-7fc0e966b000 r--p 0000e000 fd:00 20186020                   /usr/lib/jvm/java-11-openjdk-amd64/lib/jli/libjli.so
7fc0e966b000-7fc0e966c000 rw-p 0000f000 fd:00 20186020                   /usr/lib/jvm/java-11-openjdk-amd64/lib/jli/libjli.so
7fc0e966c000-7fc0e9693000 r-xp 00000000 fd:00 44175975                   /lib/x86_64-linux-gnu/ld-2.27.so
7fc0e970f000-7fc0e9776000 rw-p 00000000 00:00 0 
7fc0e9776000-7fc0e977a000 ---p 00000000 00:00 0 
7fc0e977a000-7fc0e9879000 rw-p 00000000 00:00 0 
7fc0e987a000-7fc0e9880000 rw-p 00000000 00:00 0 
7fc0e9880000-7fc0e9887000 ---p 00000000 00:00 0 
7fc0e9887000-7fc0e988f000 rw-s 00000000 fd:00 16121869                   /tmp/hsperfdata_minecraft/3282
7fc0e988f000-7fc0e9890000 ---p 00000000 00:00 0 
7fc0e9890000-7fc0e9891000 r--p 00000000 00:00 0 
7fc0e9891000-7fc0e9893000 rw-p 00000000 00:00 0 
7fc0e9893000-7fc0e9894000 r--p 00027000 fd:00 44175975                   /lib/x86_64-linux-gnu/ld-2.27.so
7fc0e9894000-7fc0e9895000 rw-p 00028000 fd:00 44175975                   /lib/x86_64-linux-gnu/ld-2.27.so
7fc0e9895000-7fc0e9896000 rw-p 00000000 00:00 0 
7fff5e14e000-7fff5e16f000 rw-p 00000000 00:00 0                          [stack]
7fff5e17c000-7fff5e17f000 r--p 00000000 00:00 0                          [vvar]
7fff5e17f000-7fff5e181000 r-xp 00000000 00:00 0                          [vdso]
ffffffffff600000-ffffffffff601000 r-xp 00000000 00:00 0                  [vsyscall]


VM Arguments:
jvm_args: -Xms3g -Xmx3g 
java_command: server.jar nogui
java_class_path (initial): server.jar
Launcher Type: SUN_STANDARD

Logging:
Log output configuration:
#0: stdout all=warning uptime,level,tags
#1: stderr all=off uptime,level,tags

Environment Variables:
PATH=/usr/local/sbin:/usr/local/bin:/usr/sbin:/usr/bin:/sbin:/bin
SHELL=/bin/sh

Signal Handlers:
SIGSEGV: [libjvm.so+0xd28b70], sa_mask[0]=11111111011111111101111111111110, sa_flags=SA_RESTART|SA_SIGINFO
SIGBUS: [libjvm.so+0xd28b70], sa_mask[0]=11111111011111111101111111111110, sa_flags=SA_RESTART|SA_SIGINFO
SIGFPE: [libjvm.so+0xd28b70], sa_mask[0]=11111111011111111101111111111110, sa_flags=SA_RESTART|SA_SIGINFO
SIGPIPE: [libjvm.so+0xb2a1f0], sa_mask[0]=11111111011111111101111111111110, sa_flags=SA_RESTART|SA_SIGINFO
SIGXFSZ: [libjvm.so+0xb2a1f0], sa_mask[0]=11111111011111111101111111111110, sa_flags=SA_RESTART|SA_SIGINFO
SIGILL: [libjvm.so+0xd28b70], sa_mask[0]=11111111011111111101111111111110, sa_flags=SA_RESTART|SA_SIGINFO
SIGUSR2: [libjvm.so+0xb2a030], sa_mask[0]=00000000000000000000000000000000, sa_flags=SA_RESTART|SA_SIGINFO
SIGHUP: SIG_DFL, sa_mask[0]=00000000000000000000000000000000, sa_flags=none
SIGINT: SIG_DFL, sa_mask[0]=00000000000000000000000000000000, sa_flags=none
SIGTERM: SIG_DFL, sa_mask[0]=00000000000000000000000000000000, sa_flags=none
SIGQUIT: SIG_DFL, sa_mask[0]=00000000000000000000000000000000, sa_flags=none


---------------  S Y S T E M  ---------------

OS:DISTRIB_ID=Ubuntu
DISTRIB_RELEASE=18.04
DISTRIB_CODENAME=bionic
DISTRIB_DESCRIPTION="Ubuntu 18.04.2 LTS"
uname:Linux 4.15.0-46-generic #49-Ubuntu SMP Wed Feb 6 09:33:07 UTC 2019 x86_64
libc:glibc 2.27 NPTL 2.27 
rlimit: STACK 8192k, CORE 0k, NPROC 15099, NOFILE 4096, AS infinity, DATA infinity, FSIZE infinity
load average:1.63 1.50 1.43

/proc/meminfo:
MemTotal:        3943748 kB
MemFree:          792096 kB
MemAvailable:    1783000 kB
Buffers:           29456 kB
Cached:          1167860 kB
SwapCached:         3300 kB
Active:          2069804 kB
Inactive:         903312 kB
Active(anon):    1502940 kB
Inactive(anon):   302988 kB
Active(file):     566864 kB
Inactive(file):   600324 kB
Unevictable:           0 kB
Mlocked:               0 kB
SwapTotal:        999420 kB
SwapFree:         565168 kB
Dirty:             12488 kB
Writeback:             0 kB
AnonPages:       1774052 kB
Mapped:           184168 kB
Shmem:             30128 kB
Slab:              93928 kB
SReclaimable:      52968 kB
SUnreclaim:        40960 kB
KernelStack:        5992 kB
PageTables:        23504 kB
NFS_Unstable:          0 kB
Bounce:                0 kB
WritebackTmp:          0 kB
CommitLimit:     2971292 kB
Committed_AS:    3081340 kB
VmallocTotal:   34359738367 kB
VmallocUsed:           0 kB
VmallocChunk:          0 kB
HardwareCorrupted:     0 kB
AnonHugePages:         0 kB
ShmemHugePages:        0 kB
ShmemPmdMapped:        0 kB
CmaTotal:              0 kB
CmaFree:               0 kB
HugePages_Total:       0
HugePages_Free:        0
HugePages_Rsvd:        0
HugePages_Surp:        0
Hugepagesize:       2048 kB
DirectMap4k:      154224 kB
DirectMap2M:     3944448 kB
DirectMap1G:           0 kB

container (cgroup) information:
container_type: cgroupv1
cpu_cpuset_cpus: 0-3
cpu_memory_nodes: 0
active_processor_count: 4
cpu_quota: -1
cpu_period: 100000
cpu_shares: -1
memory_limit_in_bytes: -1
memory_and_swap_limit_in_bytes: -2
memory_soft_limit_in_bytes: -1
memory_usage_in_bytes: 3044196352
memory_max_usage_in_bytes: 2048000


CPU:total 4 (initial active 4) (2 cores per cpu, 2 threads per core) family 6 model 69 stepping 1, cmov, cx8, fxsr, mmx, sse, sse2, sse3, ssse3, sse4.1, sse4.2, popcnt, avx, avx2, aes, clmul, erms, lzcnt, ht, tsc, tscinvbit, bmi1, bmi2, fma
CPU Model and flags from /proc/cpuinfo:
model name	: Intel(R) Core(TM) i7-4500U CPU @ 1.80GHz
flags		: fpu vme de pse tsc msr pae mce cx8 apic sep mtrr pge mca cmov pat pse36 clflush dts acpi mmx fxsr sse sse2 ss ht tm pbe syscall nx pdpe1gb rdtscp lm constant_tsc arch_perfmon pebs bts rep_good nopl xtopology nonstop_tsc cpuid aperfmperf pni pclmulqdq dtes64 monitor ds_cpl vmx est tm2 ssse3 sdbg fma cx16 xtpr pdcm pcid sse4_1 sse4_2 movbe popcnt tsc_deadline_timer aes xsave avx f16c rdrand lahf_lm abm cpuid_fault epb invpcid_single pti ssbd ibrs ibpb stibp tpr_shadow vnmi flexpriority ept vpid fsgsbase tsc_adjust bmi1 avx2 smep bmi2 erms invpcid xsaveopt dtherm ida arat pln pts flush_l1d

Memory: 4k page, physical 3943748k(791628k free), swap 999420k(565168k free)

vm_info: OpenJDK 64-Bit Server VM (10.0.2+13-Ubuntu-1ubuntu0.18.04.4) for linux-amd64 JRE (10.0.2+13-Ubuntu-1ubuntu0.18.04.4), built on Nov 13 2018 12:53:39 by "buildd" with gcc 7.3.0

END.
