#
# There is insufficient memory for the Java Runtime Environment to continue.
# Native memory allocation (mmap) failed to map 3221225472 bytes for committing reserved memory.
# Possible reasons:
#   The system is out of physical RAM or swap space
#   The process is running with CompressedOops enabled, and the Java Heap may be blocking the growth of the native heap
# Possible solutions:
#   Reduce memory load on the system
#   Increase physical memory or swap space
#   Check if swap backing store is full
#   Decrease Java heap size (-Xmx/-Xms)
#   Decrease number of Java threads
#   Decrease Java thread stack sizes (-Xss)
#   Set larger code cache with -XX:ReservedCodeCacheSize=
# This output file may be truncated or incomplete.
#
#  Out of Memory Error (os_linux.cpp:2706), pid=5363, tid=5364
#
# JRE version:  (10.0.2+13) (build )
# Java VM: OpenJDK 64-Bit Server VM (10.0.2+13-Ubuntu-1ubuntu0.18.04.4, mixed mode, aot, tiered, compressed oops, g1 gc, linux-amd64)
# Core dump will be written. Default location: Core dumps may be processed with "/usr/share/apport/apport %p %s %c %d %P" (or dumping to /opt/forno/minecraft/core.5363)
#

---------------  S U M M A R Y ------------

Command Line: -Xms3g -Xmx3g server.jar nogui

Host: Intel(R) Core(TM) i7-4500U CPU @ 1.80GHz, 4 cores, 3G, Ubuntu 18.04.2 LTS
Time: Thu Mar 21 04:28:26 2019 JST elapsed time: 0 seconds (0d 0h 0m 0s)

---------------  T H R E A D  ---------------

Current thread (0x00007f91b4011000):  JavaThread "Unknown thread" [_thread_in_vm, id=5364, stack(0x00007f91baa44000,0x00007f91bab45000)]

Stack: [0x00007f91baa44000,0x00007f91bab45000],  sp=0x00007f91bab432e0,  free space=1020k
Native frames: (J=compiled Java code, A=aot compiled Java code, j=interpreted, Vv=VM code, C=native code)
V  [libjvm.so+0xd27ea4]
V  [libjvm.so+0xd28a4b]
V  [libjvm.so+0x64d415]
V  [libjvm.so+0xb2d7c8]
V  [libjvm.so+0xb2601d]
V  [libjvm.so+0x7662ff]
V  [libjvm.so+0x76653e]
V  [libjvm.so+0x769500]
V  [libjvm.so+0x7efa1c]
V  [libjvm.so+0x7f06df]
V  [libjvm.so+0x7f0b59]
V  [libjvm.so+0x7162cf]
V  [libjvm.so+0x71afd3]
V  [libjvm.so+0xce5dc2]
V  [libjvm.so+0xce60c6]
V  [libjvm.so+0x807d57]
V  [libjvm.so+0xcc7ac4]
V  [libjvm.so+0x8601b1]  JNI_CreateJavaVM+0x51
C  [libjli.so+0x3d83]
C  [libjli.so+0x89dd]
C  [libpthread.so.0+0x76db]  start_thread+0xdb


---------------  P R O C E S S  ---------------

Threads class SMR info:
_java_thread_list=0x0000559f197776b0, length=0, elements={
}

Java Threads: ( => current thread )

Other Threads:
  0x00007f91b4028000 GCTaskThread "GC Thread#0" [stack: 0x00007f919a5ba000,0x00007f919a6ba000] [id=5365]
  0x00007f91b4029000 GCTaskThread "GC Thread#1" [stack: 0x00007f919a4b8000,0x00007f919a5b8000] [id=5366]
  0x00007f91b402b000 GCTaskThread "GC Thread#2" [stack: 0x00007f919a3b6000,0x00007f919a4b6000] [id=5367]
  0x00007f91b402c800 GCTaskThread "GC Thread#3" [stack: 0x00007f919a2b4000,0x00007f919a3b4000] [id=5368]
  0x00007f91b406a000 ConcurrentGCThread "G1 Main Marker" [stack: 0x00007f9198bae000,0x00007f9198cae000] [id=5369]
  0x00007f91b406c000 ConcurrentGCThread "G1 Conc#0" [stack: 0x00007f9198aac000,0x00007f9198bac000] [id=5370]

[error occurred during error reporting (printing all threads), id 0xe0000002]

VM state:not at safepoint (not fully initialized)

VM Mutex/Monitor currently owned by a thread:  ([mutex/lock_event])
[0x00007f91b400df30] Heap_lock - owner thread: 0x00007f91b4011000

Heap address: 0x0000000700000000, size: 3072 MB, Compressed Oops mode: Non-zero based: 0x0000000700000000
Narrow klass base: 0x0000000000000000, Narrow klass shift: 0

GC Heap History (0 events):
No events

Deoptimization events (0 events):
No events

Classes redefined (0 events):
No events

Internal exceptions (0 events):
No events

Events (0 events):
No events


Dynamic libraries:
559f18a9f000-559f18aa0000 r-xp 00000000 fd:00 20185882                   /usr/lib/jvm/java-11-openjdk-amd64/bin/java
559f18ca0000-559f18ca1000 r--p 00001000 fd:00 20185882                   /usr/lib/jvm/java-11-openjdk-amd64/bin/java
559f18ca1000-559f18ca2000 rw-p 00002000 fd:00 20185882                   /usr/lib/jvm/java-11-openjdk-amd64/bin/java
559f19760000-559f19781000 rw-p 00000000 00:00 0                          [heap]
7f9174000000-7f9174021000 rw-p 00000000 00:00 0 
7f9174021000-7f9178000000 ---p 00000000 00:00 0 
7f917a000000-7f917c000000 rw-p 00000000 00:00 0 
7f917c000000-7f917c021000 rw-p 00000000 00:00 0 
7f917c021000-7f9180000000 ---p 00000000 00:00 0 
7f9181000000-7f9184000000 ---p 00000000 00:00 0 
7f9184000000-7f9184021000 rw-p 00000000 00:00 0 
7f9184021000-7f9188000000 ---p 00000000 00:00 0 
7f9189000000-7f918c000000 ---p 00000000 00:00 0 
7f918c000000-7f918c021000 rw-p 00000000 00:00 0 
7f918c021000-7f9190000000 ---p 00000000 00:00 0 
7f9190000000-7f9190021000 rw-p 00000000 00:00 0 
7f9190021000-7f9194000000 ---p 00000000 00:00 0 
7f9194000000-7f9194021000 rw-p 00000000 00:00 0 
7f9194021000-7f9198000000 ---p 00000000 00:00 0 
7f91986a6000-7f9198aaa000 rw-p 00000000 00:00 0 
7f9198aaa000-7f9198aab000 ---p 00000000 00:00 0 
7f9198aab000-7f9198bac000 rw-p 00000000 00:00 0 
7f9198bac000-7f9198bad000 ---p 00000000 00:00 0 
7f9198bad000-7f9198cae000 rw-p 00000000 00:00 0 
7f9198cae000-7f9199eae000 ---p 00000000 00:00 0 
7f9199eae000-7f919a2b2000 rw-p 00000000 00:00 0 
7f919a2b2000-7f919a2b3000 ---p 00000000 00:00 0 
7f919a2b3000-7f919a3b4000 rw-p 00000000 00:00 0 
7f919a3b4000-7f919a3b5000 ---p 00000000 00:00 0 
7f919a3b5000-7f919a4b6000 rw-p 00000000 00:00 0 
7f919a4b6000-7f919a4b7000 ---p 00000000 00:00 0 
7f919a4b7000-7f919a5b8000 rw-p 00000000 00:00 0 
7f919a5b8000-7f919a5b9000 ---p 00000000 00:00 0 
7f919a5b9000-7f919a6bf000 rw-p 00000000 00:00 0 
7f919a6bf000-7f919a7a5000 ---p 00000000 00:00 0 
7f919a7a5000-7f919a7aa000 rw-p 00000000 00:00 0 
7f919a7aa000-7f919a890000 ---p 00000000 00:00 0 
7f919a890000-7f919ab00000 rwxp 00000000 00:00 0 
7f919ab00000-7f919ae20000 ---p 00000000 00:00 0 
7f919ae20000-7f919b090000 rwxp 00000000 00:00 0 
7f919b090000-7f91a2358000 ---p 00000000 00:00 0 
7f91a2358000-7f91a25c8000 rwxp 00000000 00:00 0 
7f91a25c8000-7f91a9890000 ---p 00000000 00:00 0 
7f91a9890000-7f91b2d6b000 r--s 00000000 fd:00 20186057                   /usr/lib/jvm/java-11-openjdk-amd64/lib/modules
7f91b2d6b000-7f91b2d70000 r-xp 00000000 fd:00 20186039                   /usr/lib/jvm/java-11-openjdk-amd64/lib/libjimage.so
7f91b2d70000-7f91b2f6f000 ---p 00005000 fd:00 20186039                   /usr/lib/jvm/java-11-openjdk-amd64/lib/libjimage.so
7f91b2f6f000-7f91b2f70000 r--p 00004000 fd:00 20186039                   /usr/lib/jvm/java-11-openjdk-amd64/lib/libjimage.so
7f91b2f70000-7f91b2f71000 rw-p 00005000 fd:00 20186039                   /usr/lib/jvm/java-11-openjdk-amd64/lib/libjimage.so
7f91b2f71000-7f91b2f78000 r-xp 00000000 fd:00 20186056                   /usr/lib/jvm/java-11-openjdk-amd64/lib/libzip.so
7f91b2f78000-7f91b3177000 ---p 00007000 fd:00 20186056                   /usr/lib/jvm/java-11-openjdk-amd64/lib/libzip.so
7f91b3177000-7f91b3178000 r--p 00006000 fd:00 20186056                   /usr/lib/jvm/java-11-openjdk-amd64/lib/libzip.so
7f91b3178000-7f91b3179000 rw-p 00007000 fd:00 20186056                   /usr/lib/jvm/java-11-openjdk-amd64/lib/libzip.so
7f91b3179000-7f91b3184000 r-xp 00000000 fd:00 44176093                   /lib/x86_64-linux-gnu/libnss_files-2.27.so
7f91b3184000-7f91b3383000 ---p 0000b000 fd:00 44176093                   /lib/x86_64-linux-gnu/libnss_files-2.27.so
7f91b3383000-7f91b3384000 r--p 0000a000 fd:00 44176093                   /lib/x86_64-linux-gnu/libnss_files-2.27.so
7f91b3384000-7f91b3385000 rw-p 0000b000 fd:00 44176093                   /lib/x86_64-linux-gnu/libnss_files-2.27.so
7f91b3385000-7f91b338b000 rw-p 00000000 00:00 0 
7f91b338b000-7f91b33a2000 r-xp 00000000 fd:00 44176087                   /lib/x86_64-linux-gnu/libnsl-2.27.so
7f91b33a2000-7f91b35a1000 ---p 00017000 fd:00 44176087                   /lib/x86_64-linux-gnu/libnsl-2.27.so
7f91b35a1000-7f91b35a2000 r--p 00016000 fd:00 44176087                   /lib/x86_64-linux-gnu/libnsl-2.27.so
7f91b35a2000-7f91b35a3000 rw-p 00017000 fd:00 44176087                   /lib/x86_64-linux-gnu/libnsl-2.27.so
7f91b35a3000-7f91b35a5000 rw-p 00000000 00:00 0 
7f91b35a5000-7f91b35b0000 r-xp 00000000 fd:00 44176104                   /lib/x86_64-linux-gnu/libnss_nis-2.27.so
7f91b35b0000-7f91b37af000 ---p 0000b000 fd:00 44176104                   /lib/x86_64-linux-gnu/libnss_nis-2.27.so
7f91b37af000-7f91b37b0000 r--p 0000a000 fd:00 44176104                   /lib/x86_64-linux-gnu/libnss_nis-2.27.so
7f91b37b0000-7f91b37b1000 rw-p 0000b000 fd:00 44176104                   /lib/x86_64-linux-gnu/libnss_nis-2.27.so
7f91b37b1000-7f91b37b9000 r-xp 00000000 fd:00 44176089                   /lib/x86_64-linux-gnu/libnss_compat-2.27.so
7f91b37b9000-7f91b39b9000 ---p 00008000 fd:00 44176089                   /lib/x86_64-linux-gnu/libnss_compat-2.27.so
7f91b39b9000-7f91b39ba000 r--p 00008000 fd:00 44176089                   /lib/x86_64-linux-gnu/libnss_compat-2.27.so
7f91b39ba000-7f91b39bb000 rw-p 00009000 fd:00 44176089                   /lib/x86_64-linux-gnu/libnss_compat-2.27.so
7f91b39bb000-7f91b39e7000 r-xp 00000000 fd:00 20186035                   /usr/lib/jvm/java-11-openjdk-amd64/lib/libjava.so
7f91b39e7000-7f91b3be6000 ---p 0002c000 fd:00 20186035                   /usr/lib/jvm/java-11-openjdk-amd64/lib/libjava.so
7f91b3be6000-7f91b3be7000 r--p 0002b000 fd:00 20186035                   /usr/lib/jvm/java-11-openjdk-amd64/lib/libjava.so
7f91b3be7000-7f91b3be9000 rw-p 0002c000 fd:00 20186035                   /usr/lib/jvm/java-11-openjdk-amd64/lib/libjava.so
7f91b3be9000-7f91b3bf6000 r-xp 00000000 fd:00 20186055                   /usr/lib/jvm/java-11-openjdk-amd64/lib/libverify.so
7f91b3bf6000-7f91b3df5000 ---p 0000d000 fd:00 20186055                   /usr/lib/jvm/java-11-openjdk-amd64/lib/libverify.so
7f91b3df5000-7f91b3df7000 r--p 0000c000 fd:00 20186055                   /usr/lib/jvm/java-11-openjdk-amd64/lib/libverify.so
7f91b3df7000-7f91b3df8000 rw-p 0000e000 fd:00 20186055                   /usr/lib/jvm/java-11-openjdk-amd64/lib/libverify.so
7f91b3df8000-7f91b3dff000 r-xp 00000000 fd:00 44176144                   /lib/x86_64-linux-gnu/librt-2.27.so
7f91b3dff000-7f91b3ffe000 ---p 00007000 fd:00 44176144                   /lib/x86_64-linux-gnu/librt-2.27.so
7f91b3ffe000-7f91b3fff000 r--p 00006000 fd:00 44176144                   /lib/x86_64-linux-gnu/librt-2.27.so
7f91b3fff000-7f91b4000000 rw-p 00007000 fd:00 44176144                   /lib/x86_64-linux-gnu/librt-2.27.so
7f91b4000000-7f91b4083000 rw-p 00000000 00:00 0 
7f91b4083000-7f91b8000000 ---p 00000000 00:00 0 
7f91b8018000-7f91b80d8000 rw-p 00000000 00:00 0 
7f91b80d8000-7f91b80ef000 r-xp 00000000 fd:00 44175907                   /lib/x86_64-linux-gnu/libgcc_s.so.1
7f91b80ef000-7f91b82ee000 ---p 00017000 fd:00 44175907                   /lib/x86_64-linux-gnu/libgcc_s.so.1
7f91b82ee000-7f91b82ef000 r--p 00016000 fd:00 44175907                   /lib/x86_64-linux-gnu/libgcc_s.so.1
7f91b82ef000-7f91b82f0000 rw-p 00017000 fd:00 44175907                   /lib/x86_64-linux-gnu/libgcc_s.so.1
7f91b82f0000-7f91b848d000 r-xp 00000000 fd:00 44176066                   /lib/x86_64-linux-gnu/libm-2.27.so
7f91b848d000-7f91b868c000 ---p 0019d000 fd:00 44176066                   /lib/x86_64-linux-gnu/libm-2.27.so
7f91b868c000-7f91b868d000 r--p 0019c000 fd:00 44176066                   /lib/x86_64-linux-gnu/libm-2.27.so
7f91b868d000-7f91b868e000 rw-p 0019d000 fd:00 44176066                   /lib/x86_64-linux-gnu/libm-2.27.so
7f91b868e000-7f91b8807000 r-xp 00000000 fd:00 18090134                   /usr/lib/x86_64-linux-gnu/libstdc++.so.6.0.25
7f91b8807000-7f91b8a07000 ---p 00179000 fd:00 18090134                   /usr/lib/x86_64-linux-gnu/libstdc++.so.6.0.25
7f91b8a07000-7f91b8a11000 r--p 00179000 fd:00 18090134                   /usr/lib/x86_64-linux-gnu/libstdc++.so.6.0.25
7f91b8a11000-7f91b8a13000 rw-p 00183000 fd:00 18090134                   /usr/lib/x86_64-linux-gnu/libstdc++.so.6.0.25
7f91b8a13000-7f91b8a17000 rw-p 00000000 00:00 0 
7f91b8a17000-7f91b99b4000 r-xp 00000000 fd:00 20186062                   /usr/lib/jvm/java-11-openjdk-amd64/lib/server/libjvm.so
7f91b99b4000-7f91b9bb4000 ---p 00f9d000 fd:00 20186062                   /usr/lib/jvm/java-11-openjdk-amd64/lib/server/libjvm.so
7f91b9bb4000-7f91b9c78000 r--p 00f9d000 fd:00 20186062                   /usr/lib/jvm/java-11-openjdk-amd64/lib/server/libjvm.so
7f91b9c78000-7f91b9cb0000 rw-p 01061000 fd:00 20186062                   /usr/lib/jvm/java-11-openjdk-amd64/lib/server/libjvm.so
7f91b9cb0000-7f91b9cf9000 rw-p 00000000 00:00 0 
7f91b9cf9000-7f91b9d13000 r-xp 00000000 fd:00 44176136                   /lib/x86_64-linux-gnu/libpthread-2.27.so
7f91b9d13000-7f91b9f12000 ---p 0001a000 fd:00 44176136                   /lib/x86_64-linux-gnu/libpthread-2.27.so
7f91b9f12000-7f91b9f13000 r--p 00019000 fd:00 44176136                   /lib/x86_64-linux-gnu/libpthread-2.27.so
7f91b9f13000-7f91b9f14000 rw-p 0001a000 fd:00 44176136                   /lib/x86_64-linux-gnu/libpthread-2.27.so
7f91b9f14000-7f91b9f18000 rw-p 00000000 00:00 0 
7f91b9f18000-7f91b9f1b000 r-xp 00000000 fd:00 44176026                   /lib/x86_64-linux-gnu/libdl-2.27.so
7f91b9f1b000-7f91ba11a000 ---p 00003000 fd:00 44176026                   /lib/x86_64-linux-gnu/libdl-2.27.so
7f91ba11a000-7f91ba11b000 r--p 00002000 fd:00 44176026                   /lib/x86_64-linux-gnu/libdl-2.27.so
7f91ba11b000-7f91ba11c000 rw-p 00003000 fd:00 44176026                   /lib/x86_64-linux-gnu/libdl-2.27.so
7f91ba11c000-7f91ba138000 r-xp 00000000 fd:00 44176175                   /lib/x86_64-linux-gnu/libz.so.1.2.11
7f91ba138000-7f91ba337000 ---p 0001c000 fd:00 44176175                   /lib/x86_64-linux-gnu/libz.so.1.2.11
7f91ba337000-7f91ba338000 r--p 0001b000 fd:00 44176175                   /lib/x86_64-linux-gnu/libz.so.1.2.11
7f91ba338000-7f91ba339000 rw-p 0001c000 fd:00 44176175                   /lib/x86_64-linux-gnu/libz.so.1.2.11
7f91ba339000-7f91ba520000 r-xp 00000000 fd:00 44176003                   /lib/x86_64-linux-gnu/libc-2.27.so
7f91ba520000-7f91ba720000 ---p 001e7000 fd:00 44176003                   /lib/x86_64-linux-gnu/libc-2.27.so
7f91ba720000-7f91ba724000 r--p 001e7000 fd:00 44176003                   /lib/x86_64-linux-gnu/libc-2.27.so
7f91ba724000-7f91ba726000 rw-p 001eb000 fd:00 44176003                   /lib/x86_64-linux-gnu/libc-2.27.so
7f91ba726000-7f91ba72a000 rw-p 00000000 00:00 0 
7f91ba72a000-7f91ba739000 r-xp 00000000 fd:00 20186020                   /usr/lib/jvm/java-11-openjdk-amd64/lib/jli/libjli.so
7f91ba739000-7f91ba938000 ---p 0000f000 fd:00 20186020                   /usr/lib/jvm/java-11-openjdk-amd64/lib/jli/libjli.so
7f91ba938000-7f91ba939000 r--p 0000e000 fd:00 20186020                   /usr/lib/jvm/java-11-openjdk-amd64/lib/jli/libjli.so
7f91ba939000-7f91ba93a000 rw-p 0000f000 fd:00 20186020                   /usr/lib/jvm/java-11-openjdk-amd64/lib/jli/libjli.so
7f91ba93a000-7f91ba961000 r-xp 00000000 fd:00 44175975                   /lib/x86_64-linux-gnu/ld-2.27.so
7f91ba9dd000-7f91baa44000 rw-p 00000000 00:00 0 
7f91baa44000-7f91baa48000 ---p 00000000 00:00 0 
7f91baa48000-7f91bab47000 rw-p 00000000 00:00 0 
7f91bab48000-7f91bab4e000 rw-p 00000000 00:00 0 
7f91bab4e000-7f91bab55000 ---p 00000000 00:00 0 
7f91bab55000-7f91bab5d000 rw-s 00000000 fd:00 16121869                   /tmp/hsperfdata_minecraft/5363
7f91bab5d000-7f91bab5e000 ---p 00000000 00:00 0 
7f91bab5e000-7f91bab5f000 r--p 00000000 00:00 0 
7f91bab5f000-7f91bab61000 rw-p 00000000 00:00 0 
7f91bab61000-7f91bab62000 r--p 00027000 fd:00 44175975                   /lib/x86_64-linux-gnu/ld-2.27.so
7f91bab62000-7f91bab63000 rw-p 00028000 fd:00 44175975                   /lib/x86_64-linux-gnu/ld-2.27.so
7f91bab63000-7f91bab64000 rw-p 00000000 00:00 0 
7ffdd874c000-7ffdd876d000 rw-p 00000000 00:00 0                          [stack]
7ffdd877f000-7ffdd8782000 r--p 00000000 00:00 0                          [vvar]
7ffdd8782000-7ffdd8784000 r-xp 00000000 00:00 0                          [vdso]
ffffffffff600000-ffffffffff601000 r-xp 00000000 00:00 0                  [vsyscall]


VM Arguments:
jvm_args: -Xms3g -Xmx3g 
java_command: server.jar nogui
java_class_path (initial): server.jar
Launcher Type: SUN_STANDARD

Logging:
Log output configuration:
#0: stdout all=warning uptime,level,tags
#1: stderr all=off uptime,level,tags

Environment Variables:
PATH=/usr/local/sbin:/usr/local/bin:/usr/sbin:/usr/bin:/sbin:/bin
SHELL=/bin/sh

Signal Handlers:
SIGSEGV: [libjvm.so+0xd28b70], sa_mask[0]=11111111011111111101111111111110, sa_flags=SA_RESTART|SA_SIGINFO
SIGBUS: [libjvm.so+0xd28b70], sa_mask[0]=11111111011111111101111111111110, sa_flags=SA_RESTART|SA_SIGINFO
SIGFPE: [libjvm.so+0xd28b70], sa_mask[0]=11111111011111111101111111111110, sa_flags=SA_RESTART|SA_SIGINFO
SIGPIPE: [libjvm.so+0xb2a1f0], sa_mask[0]=11111111011111111101111111111110, sa_flags=SA_RESTART|SA_SIGINFO
SIGXFSZ: [libjvm.so+0xb2a1f0], sa_mask[0]=11111111011111111101111111111110, sa_flags=SA_RESTART|SA_SIGINFO
SIGILL: [libjvm.so+0xd28b70], sa_mask[0]=11111111011111111101111111111110, sa_flags=SA_RESTART|SA_SIGINFO
SIGUSR2: [libjvm.so+0xb2a030], sa_mask[0]=00000000000000000000000000000000, sa_flags=SA_RESTART|SA_SIGINFO
SIGHUP: SIG_DFL, sa_mask[0]=00000000000000000000000000000000, sa_flags=none
SIGINT: SIG_DFL, sa_mask[0]=00000000000000000000000000000000, sa_flags=none
SIGTERM: SIG_DFL, sa_mask[0]=00000000000000000000000000000000, sa_flags=none
SIGQUIT: SIG_DFL, sa_mask[0]=00000000000000000000000000000000, sa_flags=none


---------------  S Y S T E M  ---------------

OS:DISTRIB_ID=Ubuntu
DISTRIB_RELEASE=18.04
DISTRIB_CODENAME=bionic
DISTRIB_DESCRIPTION="Ubuntu 18.04.2 LTS"
uname:Linux 4.15.0-46-generic #49-Ubuntu SMP Wed Feb 6 09:33:07 UTC 2019 x86_64
libc:glibc 2.27 NPTL 2.27 
rlimit: STACK 8192k, CORE 0k, NPROC 15099, NOFILE 4096, AS infinity, DATA infinity, FSIZE infinity
load average:1.14 1.27 1.37

/proc/meminfo:
MemTotal:        3943748 kB
MemFree:          631876 kB
MemAvailable:    1737548 kB
Buffers:           31620 kB
Cached:          1278904 kB
SwapCached:         3612 kB
Active:          2193048 kB
Inactive:         935112 kB
Active(anon):    1542860 kB
Inactive(anon):   304908 kB
Active(file):     650188 kB
Inactive(file):   630204 kB
Unevictable:           0 kB
Mlocked:               0 kB
SwapTotal:        999420 kB
SwapFree:         568240 kB
Dirty:              4740 kB
Writeback:             0 kB
AnonPages:       1816144 kB
Mapped:           160784 kB
Shmem:             30132 kB
Slab:              97048 kB
SReclaimable:      56092 kB
SUnreclaim:        40956 kB
KernelStack:        5984 kB
PageTables:        22688 kB
NFS_Unstable:          0 kB
Bounce:                0 kB
WritebackTmp:          0 kB
CommitLimit:     2971292 kB
Committed_AS:    2935348 kB
VmallocTotal:   34359738367 kB
VmallocUsed:           0 kB
VmallocChunk:          0 kB
HardwareCorrupted:     0 kB
AnonHugePages:         0 kB
ShmemHugePages:        0 kB
ShmemPmdMapped:        0 kB
CmaTotal:              0 kB
CmaFree:               0 kB
HugePages_Total:       0
HugePages_Free:        0
HugePages_Rsvd:        0
HugePages_Surp:        0
Hugepagesize:       2048 kB
DirectMap4k:      154224 kB
DirectMap2M:     3944448 kB
DirectMap1G:           0 kB

container (cgroup) information:
container_type: cgroupv1
cpu_cpuset_cpus: 0-3
cpu_memory_nodes: 0
active_processor_count: 4
cpu_quota: -1
cpu_period: 100000
cpu_shares: -1
memory_limit_in_bytes: -1
memory_and_swap_limit_in_bytes: -2
memory_soft_limit_in_bytes: -1
memory_usage_in_bytes: 3202977792
memory_max_usage_in_bytes: 2048000


CPU:total 4 (initial active 4) (2 cores per cpu, 2 threads per core) family 6 model 69 stepping 1, cmov, cx8, fxsr, mmx, sse, sse2, sse3, ssse3, sse4.1, sse4.2, popcnt, avx, avx2, aes, clmul, erms, lzcnt, ht, tsc, tscinvbit, bmi1, bmi2, fma
CPU Model and flags from /proc/cpuinfo:
model name	: Intel(R) Core(TM) i7-4500U CPU @ 1.80GHz
flags		: fpu vme de pse tsc msr pae mce cx8 apic sep mtrr pge mca cmov pat pse36 clflush dts acpi mmx fxsr sse sse2 ss ht tm pbe syscall nx pdpe1gb rdtscp lm constant_tsc arch_perfmon pebs bts rep_good nopl xtopology nonstop_tsc cpuid aperfmperf pni pclmulqdq dtes64 monitor ds_cpl vmx est tm2 ssse3 sdbg fma cx16 xtpr pdcm pcid sse4_1 sse4_2 movbe popcnt tsc_deadline_timer aes xsave avx f16c rdrand lahf_lm abm cpuid_fault epb invpcid_single pti ssbd ibrs ibpb stibp tpr_shadow vnmi flexpriority ept vpid fsgsbase tsc_adjust bmi1 avx2 smep bmi2 erms invpcid xsaveopt dtherm ida arat pln pts flush_l1d

Memory: 4k page, physical 3943748k(631876k free), swap 999420k(568240k free)

vm_info: OpenJDK 64-Bit Server VM (10.0.2+13-Ubuntu-1ubuntu0.18.04.4) for linux-amd64 JRE (10.0.2+13-Ubuntu-1ubuntu0.18.04.4), built on Nov 13 2018 12:53:39 by "buildd" with gcc 7.3.0

END.
