#
# There is insufficient memory for the Java Runtime Environment to continue.
# Native memory allocation (mmap) failed to map 3221225472 bytes for committing reserved memory.
# Possible reasons:
#   The system is out of physical RAM or swap space
#   The process is running with CompressedOops enabled, and the Java Heap may be blocking the growth of the native heap
# Possible solutions:
#   Reduce memory load on the system
#   Increase physical memory or swap space
#   Check if swap backing store is full
#   Decrease Java heap size (-Xmx/-Xms)
#   Decrease number of Java threads
#   Decrease Java thread stack sizes (-Xss)
#   Set larger code cache with -XX:ReservedCodeCacheSize=
# This output file may be truncated or incomplete.
#
#  Out of Memory Error (os_linux.cpp:2706), pid=16780, tid=16781
#
# JRE version:  (10.0.2+13) (build )
# Java VM: OpenJDK 64-Bit Server VM (10.0.2+13-Ubuntu-1ubuntu0.18.04.4, mixed mode, aot, tiered, compressed oops, g1 gc, linux-amd64)
# Core dump will be written. Default location: Core dumps may be processed with "/usr/share/apport/apport %p %s %c %d %P" (or dumping to /opt/forno/minecraft/core.16780)
#

---------------  S U M M A R Y ------------

Command Line: -Xms3g -Xmx3g server.jar nogui

Host: Intel(R) Core(TM) i7-4500U CPU @ 1.80GHz, 4 cores, 3G, Ubuntu 18.04.2 LTS
Time: Thu Mar 21 03:44:15 2019 JST elapsed time: 0 seconds (0d 0h 0m 0s)

---------------  T H R E A D  ---------------

Current thread (0x00007fe9c4011000):  JavaThread "Unknown thread" [_thread_in_vm, id=16781, stack(0x00007fe9cdb1f000,0x00007fe9cdc20000)]

Stack: [0x00007fe9cdb1f000,0x00007fe9cdc20000],  sp=0x00007fe9cdc1e2e0,  free space=1020k
Native frames: (J=compiled Java code, A=aot compiled Java code, j=interpreted, Vv=VM code, C=native code)
V  [libjvm.so+0xd27ea4]
V  [libjvm.so+0xd28a4b]
V  [libjvm.so+0x64d415]
V  [libjvm.so+0xb2d7c8]
V  [libjvm.so+0xb2601d]
V  [libjvm.so+0x7662ff]
V  [libjvm.so+0x76653e]
V  [libjvm.so+0x769500]
V  [libjvm.so+0x7efa1c]
V  [libjvm.so+0x7f06df]
V  [libjvm.so+0x7f0b59]
V  [libjvm.so+0x7162cf]
V  [libjvm.so+0x71afd3]
V  [libjvm.so+0xce5dc2]
V  [libjvm.so+0xce60c6]
V  [libjvm.so+0x807d57]
V  [libjvm.so+0xcc7ac4]
V  [libjvm.so+0x8601b1]  JNI_CreateJavaVM+0x51
C  [libjli.so+0x3d83]
C  [libjli.so+0x89dd]
C  [libpthread.so.0+0x76db]  start_thread+0xdb


---------------  P R O C E S S  ---------------

Threads class SMR info:
_java_thread_list=0x000055e8d5d346b0, length=0, elements={
}

Java Threads: ( => current thread )

Other Threads:
  0x00007fe9c4028000 GCTaskThread "GC Thread#0" [stack: 0x00007fe9c9c48000,0x00007fe9c9d48000] [id=16782]
  0x00007fe9c4029000 GCTaskThread "GC Thread#1" [stack: 0x00007fe9c9b46000,0x00007fe9c9c46000] [id=16783]
  0x00007fe9c402b000 GCTaskThread "GC Thread#2" [stack: 0x00007fe9c9a44000,0x00007fe9c9b44000] [id=16784]
  0x00007fe9c402c800 GCTaskThread "GC Thread#3" [stack: 0x00007fe9c9942000,0x00007fe9c9a42000] [id=16785]
  0x00007fe9c406a000 ConcurrentGCThread "G1 Main Marker" [stack: 0x00007fe9c817c000,0x00007fe9c827c000] [id=16786]
  0x00007fe9c406c000 ConcurrentGCThread "G1 Conc#0" [stack: 0x00007fe9c807a000,0x00007fe9c817a000] [id=16787]

[error occurred during error reporting (printing all threads), id 0xe0000002]

VM state:not at safepoint (not fully initialized)

VM Mutex/Monitor currently owned by a thread:  ([mutex/lock_event])
[0x00007fe9c400df30] Heap_lock - owner thread: 0x00007fe9c4011000

Heap address: 0x0000000700000000, size: 3072 MB, Compressed Oops mode: Non-zero based: 0x0000000700000000
Narrow klass base: 0x0000000000000000, Narrow klass shift: 0

GC Heap History (0 events):
No events

Deoptimization events (0 events):
No events

Classes redefined (0 events):
No events

Internal exceptions (0 events):
No events

Events (0 events):
No events


Dynamic libraries:
55e8d44e9000-55e8d44ea000 r-xp 00000000 fd:00 20185882                   /usr/lib/jvm/java-11-openjdk-amd64/bin/java
55e8d46ea000-55e8d46eb000 r--p 00001000 fd:00 20185882                   /usr/lib/jvm/java-11-openjdk-amd64/bin/java
55e8d46eb000-55e8d46ec000 rw-p 00002000 fd:00 20185882                   /usr/lib/jvm/java-11-openjdk-amd64/bin/java
55e8d5d1d000-55e8d5d3e000 rw-p 00000000 00:00 0                          [heap]
7fe988000000-7fe988021000 rw-p 00000000 00:00 0 
7fe988021000-7fe98c000000 ---p 00000000 00:00 0 
7fe98e000000-7fe990000000 rw-p 00000000 00:00 0 
7fe990000000-7fe990021000 rw-p 00000000 00:00 0 
7fe990021000-7fe994000000 ---p 00000000 00:00 0 
7fe994000000-7fe994021000 rw-p 00000000 00:00 0 
7fe994021000-7fe998000000 ---p 00000000 00:00 0 
7fe999000000-7fe99c000000 ---p 00000000 00:00 0 
7fe99c000000-7fe99c021000 rw-p 00000000 00:00 0 
7fe99c021000-7fe9a0000000 ---p 00000000 00:00 0 
7fe9a0000000-7fe9a0021000 rw-p 00000000 00:00 0 
7fe9a0021000-7fe9a4000000 ---p 00000000 00:00 0 
7fe9a4000000-7fe9a4021000 rw-p 00000000 00:00 0 
7fe9a4021000-7fe9a8000000 ---p 00000000 00:00 0 
7fe9a8721000-7fe9a8b25000 rw-p 00000000 00:00 0 
7fe9a8b25000-7fe9abb25000 ---p 00000000 00:00 0 
7fe9abb25000-7fe9abd95000 rwxp 00000000 00:00 0 
7fe9abd95000-7fe9ac0b5000 ---p 00000000 00:00 0 
7fe9ac0b5000-7fe9ac325000 rwxp 00000000 00:00 0 
7fe9ac325000-7fe9b35ed000 ---p 00000000 00:00 0 
7fe9b35ed000-7fe9b385d000 rwxp 00000000 00:00 0 
7fe9b385d000-7fe9bab25000 ---p 00000000 00:00 0 
7fe9bab25000-7fe9c4000000 r--s 00000000 fd:00 20186057                   /usr/lib/jvm/java-11-openjdk-amd64/lib/modules
7fe9c4000000-7fe9c4083000 rw-p 00000000 00:00 0 
7fe9c4083000-7fe9c8000000 ---p 00000000 00:00 0 
7fe9c8078000-7fe9c8079000 ---p 00000000 00:00 0 
7fe9c8079000-7fe9c817a000 rw-p 00000000 00:00 0 
7fe9c817a000-7fe9c817b000 ---p 00000000 00:00 0 
7fe9c817b000-7fe9c833c000 rw-p 00000000 00:00 0 
7fe9c833c000-7fe9c953c000 ---p 00000000 00:00 0 
7fe9c953c000-7fe9c9940000 rw-p 00000000 00:00 0 
7fe9c9940000-7fe9c9941000 ---p 00000000 00:00 0 
7fe9c9941000-7fe9c9a42000 rw-p 00000000 00:00 0 
7fe9c9a42000-7fe9c9a43000 ---p 00000000 00:00 0 
7fe9c9a43000-7fe9c9b44000 rw-p 00000000 00:00 0 
7fe9c9b44000-7fe9c9b45000 ---p 00000000 00:00 0 
7fe9c9b45000-7fe9c9c46000 rw-p 00000000 00:00 0 
7fe9c9c46000-7fe9c9c47000 ---p 00000000 00:00 0 
7fe9c9c47000-7fe9c9d4d000 rw-p 00000000 00:00 0 
7fe9c9d4d000-7fe9c9e33000 ---p 00000000 00:00 0 
7fe9c9e33000-7fe9c9e38000 rw-p 00000000 00:00 0 
7fe9c9e38000-7fe9c9f1e000 ---p 00000000 00:00 0 
7fe9c9f1e000-7fe9c9f23000 r-xp 00000000 fd:00 20186039                   /usr/lib/jvm/java-11-openjdk-amd64/lib/libjimage.so
7fe9c9f23000-7fe9ca122000 ---p 00005000 fd:00 20186039                   /usr/lib/jvm/java-11-openjdk-amd64/lib/libjimage.so
7fe9ca122000-7fe9ca123000 r--p 00004000 fd:00 20186039                   /usr/lib/jvm/java-11-openjdk-amd64/lib/libjimage.so
7fe9ca123000-7fe9ca124000 rw-p 00005000 fd:00 20186039                   /usr/lib/jvm/java-11-openjdk-amd64/lib/libjimage.so
7fe9ca124000-7fe9ca12b000 r-xp 00000000 fd:00 20186056                   /usr/lib/jvm/java-11-openjdk-amd64/lib/libzip.so
7fe9ca12b000-7fe9ca32a000 ---p 00007000 fd:00 20186056                   /usr/lib/jvm/java-11-openjdk-amd64/lib/libzip.so
7fe9ca32a000-7fe9ca32b000 r--p 00006000 fd:00 20186056                   /usr/lib/jvm/java-11-openjdk-amd64/lib/libzip.so
7fe9ca32b000-7fe9ca32c000 rw-p 00007000 fd:00 20186056                   /usr/lib/jvm/java-11-openjdk-amd64/lib/libzip.so
7fe9ca32c000-7fe9ca337000 r-xp 00000000 fd:00 44176093                   /lib/x86_64-linux-gnu/libnss_files-2.27.so
7fe9ca337000-7fe9ca536000 ---p 0000b000 fd:00 44176093                   /lib/x86_64-linux-gnu/libnss_files-2.27.so
7fe9ca536000-7fe9ca537000 r--p 0000a000 fd:00 44176093                   /lib/x86_64-linux-gnu/libnss_files-2.27.so
7fe9ca537000-7fe9ca538000 rw-p 0000b000 fd:00 44176093                   /lib/x86_64-linux-gnu/libnss_files-2.27.so
7fe9ca538000-7fe9ca53e000 rw-p 00000000 00:00 0 
7fe9ca53e000-7fe9ca555000 r-xp 00000000 fd:00 44176087                   /lib/x86_64-linux-gnu/libnsl-2.27.so
7fe9ca555000-7fe9ca754000 ---p 00017000 fd:00 44176087                   /lib/x86_64-linux-gnu/libnsl-2.27.so
7fe9ca754000-7fe9ca755000 r--p 00016000 fd:00 44176087                   /lib/x86_64-linux-gnu/libnsl-2.27.so
7fe9ca755000-7fe9ca756000 rw-p 00017000 fd:00 44176087                   /lib/x86_64-linux-gnu/libnsl-2.27.so
7fe9ca756000-7fe9ca758000 rw-p 00000000 00:00 0 
7fe9ca758000-7fe9ca763000 r-xp 00000000 fd:00 44176104                   /lib/x86_64-linux-gnu/libnss_nis-2.27.so
7fe9ca763000-7fe9ca962000 ---p 0000b000 fd:00 44176104                   /lib/x86_64-linux-gnu/libnss_nis-2.27.so
7fe9ca962000-7fe9ca963000 r--p 0000a000 fd:00 44176104                   /lib/x86_64-linux-gnu/libnss_nis-2.27.so
7fe9ca963000-7fe9ca964000 rw-p 0000b000 fd:00 44176104                   /lib/x86_64-linux-gnu/libnss_nis-2.27.so
7fe9ca964000-7fe9ca96c000 r-xp 00000000 fd:00 44176089                   /lib/x86_64-linux-gnu/libnss_compat-2.27.so
7fe9ca96c000-7fe9cab6c000 ---p 00008000 fd:00 44176089                   /lib/x86_64-linux-gnu/libnss_compat-2.27.so
7fe9cab6c000-7fe9cab6d000 r--p 00008000 fd:00 44176089                   /lib/x86_64-linux-gnu/libnss_compat-2.27.so
7fe9cab6d000-7fe9cab6e000 rw-p 00009000 fd:00 44176089                   /lib/x86_64-linux-gnu/libnss_compat-2.27.so
7fe9cab6e000-7fe9cab9a000 r-xp 00000000 fd:00 20186035                   /usr/lib/jvm/java-11-openjdk-amd64/lib/libjava.so
7fe9cab9a000-7fe9cad99000 ---p 0002c000 fd:00 20186035                   /usr/lib/jvm/java-11-openjdk-amd64/lib/libjava.so
7fe9cad99000-7fe9cad9a000 r--p 0002b000 fd:00 20186035                   /usr/lib/jvm/java-11-openjdk-amd64/lib/libjava.so
7fe9cad9a000-7fe9cad9c000 rw-p 0002c000 fd:00 20186035                   /usr/lib/jvm/java-11-openjdk-amd64/lib/libjava.so
7fe9cad9c000-7fe9cada9000 r-xp 00000000 fd:00 20186055                   /usr/lib/jvm/java-11-openjdk-amd64/lib/libverify.so
7fe9cada9000-7fe9cafa8000 ---p 0000d000 fd:00 20186055                   /usr/lib/jvm/java-11-openjdk-amd64/lib/libverify.so
7fe9cafa8000-7fe9cafaa000 r--p 0000c000 fd:00 20186055                   /usr/lib/jvm/java-11-openjdk-amd64/lib/libverify.so
7fe9cafaa000-7fe9cafab000 rw-p 0000e000 fd:00 20186055                   /usr/lib/jvm/java-11-openjdk-amd64/lib/libverify.so
7fe9cafab000-7fe9cafb2000 r-xp 00000000 fd:00 44176144                   /lib/x86_64-linux-gnu/librt-2.27.so
7fe9cafb2000-7fe9cb1b1000 ---p 00007000 fd:00 44176144                   /lib/x86_64-linux-gnu/librt-2.27.so
7fe9cb1b1000-7fe9cb1b2000 r--p 00006000 fd:00 44176144                   /lib/x86_64-linux-gnu/librt-2.27.so
7fe9cb1b2000-7fe9cb1b3000 rw-p 00007000 fd:00 44176144                   /lib/x86_64-linux-gnu/librt-2.27.so
7fe9cb1b3000-7fe9cb1ca000 r-xp 00000000 fd:00 44175907                   /lib/x86_64-linux-gnu/libgcc_s.so.1
7fe9cb1ca000-7fe9cb3c9000 ---p 00017000 fd:00 44175907                   /lib/x86_64-linux-gnu/libgcc_s.so.1
7fe9cb3c9000-7fe9cb3ca000 r--p 00016000 fd:00 44175907                   /lib/x86_64-linux-gnu/libgcc_s.so.1
7fe9cb3ca000-7fe9cb3cb000 rw-p 00017000 fd:00 44175907                   /lib/x86_64-linux-gnu/libgcc_s.so.1
7fe9cb3cb000-7fe9cb568000 r-xp 00000000 fd:00 44176066                   /lib/x86_64-linux-gnu/libm-2.27.so
7fe9cb568000-7fe9cb767000 ---p 0019d000 fd:00 44176066                   /lib/x86_64-linux-gnu/libm-2.27.so
7fe9cb767000-7fe9cb768000 r--p 0019c000 fd:00 44176066                   /lib/x86_64-linux-gnu/libm-2.27.so
7fe9cb768000-7fe9cb769000 rw-p 0019d000 fd:00 44176066                   /lib/x86_64-linux-gnu/libm-2.27.so
7fe9cb769000-7fe9cb8e2000 r-xp 00000000 fd:00 18090134                   /usr/lib/x86_64-linux-gnu/libstdc++.so.6.0.25
7fe9cb8e2000-7fe9cbae2000 ---p 00179000 fd:00 18090134                   /usr/lib/x86_64-linux-gnu/libstdc++.so.6.0.25
7fe9cbae2000-7fe9cbaec000 r--p 00179000 fd:00 18090134                   /usr/lib/x86_64-linux-gnu/libstdc++.so.6.0.25
7fe9cbaec000-7fe9cbaee000 rw-p 00183000 fd:00 18090134                   /usr/lib/x86_64-linux-gnu/libstdc++.so.6.0.25
7fe9cbaee000-7fe9cbaf2000 rw-p 00000000 00:00 0 
7fe9cbaf2000-7fe9cca8f000 r-xp 00000000 fd:00 20186062                   /usr/lib/jvm/java-11-openjdk-amd64/lib/server/libjvm.so
7fe9cca8f000-7fe9ccc8f000 ---p 00f9d000 fd:00 20186062                   /usr/lib/jvm/java-11-openjdk-amd64/lib/server/libjvm.so
7fe9ccc8f000-7fe9ccd53000 r--p 00f9d000 fd:00 20186062                   /usr/lib/jvm/java-11-openjdk-amd64/lib/server/libjvm.so
7fe9ccd53000-7fe9ccd8b000 rw-p 01061000 fd:00 20186062                   /usr/lib/jvm/java-11-openjdk-amd64/lib/server/libjvm.so
7fe9ccd8b000-7fe9ccdd4000 rw-p 00000000 00:00 0 
7fe9ccdd4000-7fe9ccdee000 r-xp 00000000 fd:00 44176136                   /lib/x86_64-linux-gnu/libpthread-2.27.so
7fe9ccdee000-7fe9ccfed000 ---p 0001a000 fd:00 44176136                   /lib/x86_64-linux-gnu/libpthread-2.27.so
7fe9ccfed000-7fe9ccfee000 r--p 00019000 fd:00 44176136                   /lib/x86_64-linux-gnu/libpthread-2.27.so
7fe9ccfee000-7fe9ccfef000 rw-p 0001a000 fd:00 44176136                   /lib/x86_64-linux-gnu/libpthread-2.27.so
7fe9ccfef000-7fe9ccff3000 rw-p 00000000 00:00 0 
7fe9ccff3000-7fe9ccff6000 r-xp 00000000 fd:00 44176026                   /lib/x86_64-linux-gnu/libdl-2.27.so
7fe9ccff6000-7fe9cd1f5000 ---p 00003000 fd:00 44176026                   /lib/x86_64-linux-gnu/libdl-2.27.so
7fe9cd1f5000-7fe9cd1f6000 r--p 00002000 fd:00 44176026                   /lib/x86_64-linux-gnu/libdl-2.27.so
7fe9cd1f6000-7fe9cd1f7000 rw-p 00003000 fd:00 44176026                   /lib/x86_64-linux-gnu/libdl-2.27.so
7fe9cd1f7000-7fe9cd213000 r-xp 00000000 fd:00 44176175                   /lib/x86_64-linux-gnu/libz.so.1.2.11
7fe9cd213000-7fe9cd412000 ---p 0001c000 fd:00 44176175                   /lib/x86_64-linux-gnu/libz.so.1.2.11
7fe9cd412000-7fe9cd413000 r--p 0001b000 fd:00 44176175                   /lib/x86_64-linux-gnu/libz.so.1.2.11
7fe9cd413000-7fe9cd414000 rw-p 0001c000 fd:00 44176175                   /lib/x86_64-linux-gnu/libz.so.1.2.11
7fe9cd414000-7fe9cd5fb000 r-xp 00000000 fd:00 44176003                   /lib/x86_64-linux-gnu/libc-2.27.so
7fe9cd5fb000-7fe9cd7fb000 ---p 001e7000 fd:00 44176003                   /lib/x86_64-linux-gnu/libc-2.27.so
7fe9cd7fb000-7fe9cd7ff000 r--p 001e7000 fd:00 44176003                   /lib/x86_64-linux-gnu/libc-2.27.so
7fe9cd7ff000-7fe9cd801000 rw-p 001eb000 fd:00 44176003                   /lib/x86_64-linux-gnu/libc-2.27.so
7fe9cd801000-7fe9cd805000 rw-p 00000000 00:00 0 
7fe9cd805000-7fe9cd814000 r-xp 00000000 fd:00 20186020                   /usr/lib/jvm/java-11-openjdk-amd64/lib/jli/libjli.so
7fe9cd814000-7fe9cda13000 ---p 0000f000 fd:00 20186020                   /usr/lib/jvm/java-11-openjdk-amd64/lib/jli/libjli.so
7fe9cda13000-7fe9cda14000 r--p 0000e000 fd:00 20186020                   /usr/lib/jvm/java-11-openjdk-amd64/lib/jli/libjli.so
7fe9cda14000-7fe9cda15000 rw-p 0000f000 fd:00 20186020                   /usr/lib/jvm/java-11-openjdk-amd64/lib/jli/libjli.so
7fe9cda15000-7fe9cda3c000 r-xp 00000000 fd:00 44175975                   /lib/x86_64-linux-gnu/ld-2.27.so
7fe9cdab8000-7fe9cdb1f000 rw-p 00000000 00:00 0 
7fe9cdb1f000-7fe9cdb23000 ---p 00000000 00:00 0 
7fe9cdb23000-7fe9cdc22000 rw-p 00000000 00:00 0 
7fe9cdc23000-7fe9cdc29000 rw-p 00000000 00:00 0 
7fe9cdc29000-7fe9cdc30000 ---p 00000000 00:00 0 
7fe9cdc30000-7fe9cdc38000 rw-s 00000000 fd:00 16121869                   /tmp/hsperfdata_minecraft/16780
7fe9cdc38000-7fe9cdc39000 ---p 00000000 00:00 0 
7fe9cdc39000-7fe9cdc3a000 r--p 00000000 00:00 0 
7fe9cdc3a000-7fe9cdc3c000 rw-p 00000000 00:00 0 
7fe9cdc3c000-7fe9cdc3d000 r--p 00027000 fd:00 44175975                   /lib/x86_64-linux-gnu/ld-2.27.so
7fe9cdc3d000-7fe9cdc3e000 rw-p 00028000 fd:00 44175975                   /lib/x86_64-linux-gnu/ld-2.27.so
7fe9cdc3e000-7fe9cdc3f000 rw-p 00000000 00:00 0 
7ffe0f8cf000-7ffe0f8f0000 rw-p 00000000 00:00 0                          [stack]
7ffe0f9f8000-7ffe0f9fb000 r--p 00000000 00:00 0                          [vvar]
7ffe0f9fb000-7ffe0f9fd000 r-xp 00000000 00:00 0                          [vdso]
ffffffffff600000-ffffffffff601000 r-xp 00000000 00:00 0                  [vsyscall]


VM Arguments:
jvm_args: -Xms3g -Xmx3g 
java_command: server.jar nogui
java_class_path (initial): server.jar
Launcher Type: SUN_STANDARD

Logging:
Log output configuration:
#0: stdout all=warning uptime,level,tags
#1: stderr all=off uptime,level,tags

Environment Variables:
PATH=/usr/local/sbin:/usr/local/bin:/usr/sbin:/usr/bin:/sbin:/bin
SHELL=/bin/sh

Signal Handlers:
SIGSEGV: [libjvm.so+0xd28b70], sa_mask[0]=11111111011111111101111111111110, sa_flags=SA_RESTART|SA_SIGINFO
SIGBUS: [libjvm.so+0xd28b70], sa_mask[0]=11111111011111111101111111111110, sa_flags=SA_RESTART|SA_SIGINFO
SIGFPE: [libjvm.so+0xd28b70], sa_mask[0]=11111111011111111101111111111110, sa_flags=SA_RESTART|SA_SIGINFO
SIGPIPE: [libjvm.so+0xb2a1f0], sa_mask[0]=11111111011111111101111111111110, sa_flags=SA_RESTART|SA_SIGINFO
SIGXFSZ: [libjvm.so+0xb2a1f0], sa_mask[0]=11111111011111111101111111111110, sa_flags=SA_RESTART|SA_SIGINFO
SIGILL: [libjvm.so+0xd28b70], sa_mask[0]=11111111011111111101111111111110, sa_flags=SA_RESTART|SA_SIGINFO
SIGUSR2: [libjvm.so+0xb2a030], sa_mask[0]=00000000000000000000000000000000, sa_flags=SA_RESTART|SA_SIGINFO
SIGHUP: SIG_DFL, sa_mask[0]=00000000000000000000000000000000, sa_flags=none
SIGINT: SIG_DFL, sa_mask[0]=00000000000000000000000000000000, sa_flags=none
SIGTERM: SIG_DFL, sa_mask[0]=00000000000000000000000000000000, sa_flags=none
SIGQUIT: SIG_DFL, sa_mask[0]=00000000000000000000000000000000, sa_flags=none


---------------  S Y S T E M  ---------------

OS:DISTRIB_ID=Ubuntu
DISTRIB_RELEASE=18.04
DISTRIB_CODENAME=bionic
DISTRIB_DESCRIPTION="Ubuntu 18.04.2 LTS"
uname:Linux 4.15.0-46-generic #49-Ubuntu SMP Wed Feb 6 09:33:07 UTC 2019 x86_64
libc:glibc 2.27 NPTL 2.27 
rlimit: STACK 8192k, CORE 0k, NPROC 15099, NOFILE 4096, AS infinity, DATA infinity, FSIZE infinity
load average:1.98 1.59 1.49

/proc/meminfo:
MemTotal:        3943748 kB
MemFree:          955608 kB
MemAvailable:    1830196 kB
Buffers:           27208 kB
Cached:          1055384 kB
SwapCached:         2968 kB
Active:          2023464 kB
Inactive:         789072 kB
Active(anon):    1459108 kB
Inactive(anon):   300964 kB
Active(file):     564356 kB
Inactive(file):   488108 kB
Unevictable:           0 kB
Mlocked:               0 kB
SwapTotal:        999420 kB
SwapFree:         562608 kB
Dirty:              4800 kB
Writeback:             0 kB
AnonPages:       1728548 kB
Mapped:            96972 kB
Shmem:             30132 kB
Slab:              90816 kB
SReclaimable:      49784 kB
SUnreclaim:        41032 kB
KernelStack:        5968 kB
PageTables:        23244 kB
NFS_Unstable:          0 kB
Bounce:                0 kB
WritebackTmp:          0 kB
CommitLimit:     2971292 kB
Committed_AS:    3067272 kB
VmallocTotal:   34359738367 kB
VmallocUsed:           0 kB
VmallocChunk:          0 kB
HardwareCorrupted:     0 kB
AnonHugePages:         0 kB
ShmemHugePages:        0 kB
ShmemPmdMapped:        0 kB
CmaTotal:              0 kB
CmaFree:               0 kB
HugePages_Total:       0
HugePages_Free:        0
HugePages_Rsvd:        0
HugePages_Surp:        0
Hugepagesize:       2048 kB
DirectMap4k:      154224 kB
DirectMap2M:     3944448 kB
DirectMap1G:           0 kB

container (cgroup) information:
container_type: cgroupv1
cpu_cpuset_cpus: 0-3
cpu_memory_nodes: 0
active_processor_count: 4
cpu_quota: -1
cpu_period: 100000
cpu_shares: -1
memory_limit_in_bytes: -1
memory_and_swap_limit_in_bytes: -2
memory_soft_limit_in_bytes: -1
memory_usage_in_bytes: 2879774720
memory_max_usage_in_bytes: 2048000


CPU:total 4 (initial active 4) (2 cores per cpu, 2 threads per core) family 6 model 69 stepping 1, cmov, cx8, fxsr, mmx, sse, sse2, sse3, ssse3, sse4.1, sse4.2, popcnt, avx, avx2, aes, clmul, erms, lzcnt, ht, tsc, tscinvbit, bmi1, bmi2, fma
CPU Model and flags from /proc/cpuinfo:
model name	: Intel(R) Core(TM) i7-4500U CPU @ 1.80GHz
flags		: fpu vme de pse tsc msr pae mce cx8 apic sep mtrr pge mca cmov pat pse36 clflush dts acpi mmx fxsr sse sse2 ss ht tm pbe syscall nx pdpe1gb rdtscp lm constant_tsc arch_perfmon pebs bts rep_good nopl xtopology nonstop_tsc cpuid aperfmperf pni pclmulqdq dtes64 monitor ds_cpl vmx est tm2 ssse3 sdbg fma cx16 xtpr pdcm pcid sse4_1 sse4_2 movbe popcnt tsc_deadline_timer aes xsave avx f16c rdrand lahf_lm abm cpuid_fault epb invpcid_single pti ssbd ibrs ibpb stibp tpr_shadow vnmi flexpriority ept vpid fsgsbase tsc_adjust bmi1 avx2 smep bmi2 erms invpcid xsaveopt dtherm ida arat pln pts flush_l1d

Memory: 4k page, physical 3943748k(955608k free), swap 999420k(562608k free)

vm_info: OpenJDK 64-Bit Server VM (10.0.2+13-Ubuntu-1ubuntu0.18.04.4) for linux-amd64 JRE (10.0.2+13-Ubuntu-1ubuntu0.18.04.4), built on Nov 13 2018 12:53:39 by "buildd" with gcc 7.3.0

END.
