#
# There is insufficient memory for the Java Runtime Environment to continue.
# Native memory allocation (mmap) failed to map 3221225472 bytes for committing reserved memory.
# Possible reasons:
#   The system is out of physical RAM or swap space
#   The process is running with CompressedOops enabled, and the Java Heap may be blocking the growth of the native heap
# Possible solutions:
#   Reduce memory load on the system
#   Increase physical memory or swap space
#   Check if swap backing store is full
#   Decrease Java heap size (-Xmx/-Xms)
#   Decrease number of Java threads
#   Decrease Java thread stack sizes (-Xss)
#   Set larger code cache with -XX:ReservedCodeCacheSize=
# This output file may be truncated or incomplete.
#
#  Out of Memory Error (os_linux.cpp:2706), pid=24871, tid=24873
#
# JRE version:  (10.0.2+13) (build )
# Java VM: OpenJDK 64-Bit Server VM (10.0.2+13-Ubuntu-1ubuntu0.18.04.4, mixed mode, aot, tiered, compressed oops, g1 gc, linux-amd64)
# Core dump will be written. Default location: Core dumps may be processed with "/usr/share/apport/apport %p %s %c %d %P" (or dumping to /opt/forno/minecraft/core.24871)
#

---------------  S U M M A R Y ------------

Command Line: -Xms3g -Xmx3g server.jar nogui

Host: Intel(R) Core(TM) i7-4500U CPU @ 1.80GHz, 4 cores, 3G, Ubuntu 18.04.2 LTS
Time: Thu Mar 21 11:24:10 2019 JST elapsed time: 0 seconds (0d 0h 0m 0s)

---------------  T H R E A D  ---------------

Current thread (0x00007fc09c011000):  JavaThread "Unknown thread" [_thread_in_vm, id=24873, stack(0x00007fc0a3e3d000,0x00007fc0a3f3e000)]

Stack: [0x00007fc0a3e3d000,0x00007fc0a3f3e000],  sp=0x00007fc0a3f3c2e0,  free space=1020k
Native frames: (J=compiled Java code, A=aot compiled Java code, j=interpreted, Vv=VM code, C=native code)
V  [libjvm.so+0xd27ea4]
V  [libjvm.so+0xd28a4b]
V  [libjvm.so+0x64d415]
V  [libjvm.so+0xb2d7c8]
V  [libjvm.so+0xb2601d]
V  [libjvm.so+0x7662ff]
V  [libjvm.so+0x76653e]
V  [libjvm.so+0x769500]
V  [libjvm.so+0x7efa1c]
V  [libjvm.so+0x7f06df]
V  [libjvm.so+0x7f0b59]
V  [libjvm.so+0x7162cf]
V  [libjvm.so+0x71afd3]
V  [libjvm.so+0xce5dc2]
V  [libjvm.so+0xce60c6]
V  [libjvm.so+0x807d57]
V  [libjvm.so+0xcc7ac4]
V  [libjvm.so+0x8601b1]  JNI_CreateJavaVM+0x51
C  [libjli.so+0x3d83]
C  [libjli.so+0x89dd]
C  [libpthread.so.0+0x76db]  start_thread+0xdb


---------------  P R O C E S S  ---------------

Threads class SMR info:
_java_thread_list=0x0000564c4e3586b0, length=0, elements={
}

Java Threads: ( => current thread )

Other Threads:
  0x00007fc09c028000 GCTaskThread "GC Thread#0" [stack: 0x00007fc083a25000,0x00007fc083b25000] [id=24874]
  0x00007fc09c029000 GCTaskThread "GC Thread#1" [stack: 0x00007fc083923000,0x00007fc083a23000] [id=24875]
  0x00007fc09c02b000 GCTaskThread "GC Thread#2" [stack: 0x00007fc083821000,0x00007fc083921000] [id=24876]
  0x00007fc09c02c800 GCTaskThread "GC Thread#3" [stack: 0x00007fc08371f000,0x00007fc08381f000] [id=24877]
  0x00007fc09c06a000 ConcurrentGCThread "G1 Main Marker" [stack: 0x00007fc081f59000,0x00007fc082059000] [id=24878]
  0x00007fc09c06c000 ConcurrentGCThread "G1 Conc#0" [stack: 0x00007fc081e57000,0x00007fc081f57000] [id=24879]

[error occurred during error reporting (printing all threads), id 0xe0000002]

VM state:not at safepoint (not fully initialized)

VM Mutex/Monitor currently owned by a thread:  ([mutex/lock_event])
[0x00007fc09c00df30] Heap_lock - owner thread: 0x00007fc09c011000

Heap address: 0x0000000700000000, size: 3072 MB, Compressed Oops mode: Non-zero based: 0x0000000700000000
Narrow klass base: 0x0000000000000000, Narrow klass shift: 0

GC Heap History (0 events):
No events

Deoptimization events (0 events):
No events

Classes redefined (0 events):
No events

Internal exceptions (0 events):
No events

Events (0 events):
No events


Dynamic libraries:
564c4c575000-564c4c576000 r-xp 00000000 fd:00 20185882                   /usr/lib/jvm/java-11-openjdk-amd64/bin/java
564c4c776000-564c4c777000 r--p 00001000 fd:00 20185882                   /usr/lib/jvm/java-11-openjdk-amd64/bin/java
564c4c777000-564c4c778000 rw-p 00002000 fd:00 20185882                   /usr/lib/jvm/java-11-openjdk-amd64/bin/java
564c4e341000-564c4e362000 rw-p 00000000 00:00 0                          [heap]
7fc05c000000-7fc05c021000 rw-p 00000000 00:00 0 
7fc05c021000-7fc060000000 ---p 00000000 00:00 0 
7fc062000000-7fc064000000 rw-p 00000000 00:00 0 
7fc064000000-7fc064021000 rw-p 00000000 00:00 0 
7fc064021000-7fc068000000 ---p 00000000 00:00 0 
7fc069000000-7fc06c000000 ---p 00000000 00:00 0 
7fc06c000000-7fc06c021000 rw-p 00000000 00:00 0 
7fc06c021000-7fc070000000 ---p 00000000 00:00 0 
7fc071000000-7fc074000000 ---p 00000000 00:00 0 
7fc074000000-7fc074021000 rw-p 00000000 00:00 0 
7fc074021000-7fc078000000 ---p 00000000 00:00 0 
7fc078000000-7fc078021000 rw-p 00000000 00:00 0 
7fc078021000-7fc07c000000 ---p 00000000 00:00 0 
7fc07c000000-7fc07c021000 rw-p 00000000 00:00 0 
7fc07c021000-7fc080000000 ---p 00000000 00:00 0 
7fc081a51000-7fc081e55000 rw-p 00000000 00:00 0 
7fc081e55000-7fc081e56000 ---p 00000000 00:00 0 
7fc081e56000-7fc081f57000 rw-p 00000000 00:00 0 
7fc081f57000-7fc081f58000 ---p 00000000 00:00 0 
7fc081f58000-7fc082119000 rw-p 00000000 00:00 0 
7fc082119000-7fc083319000 ---p 00000000 00:00 0 
7fc083319000-7fc08371d000 rw-p 00000000 00:00 0 
7fc08371d000-7fc08371e000 ---p 00000000 00:00 0 
7fc08371e000-7fc08381f000 rw-p 00000000 00:00 0 
7fc08381f000-7fc083820000 ---p 00000000 00:00 0 
7fc083820000-7fc083921000 rw-p 00000000 00:00 0 
7fc083921000-7fc083922000 ---p 00000000 00:00 0 
7fc083922000-7fc083a23000 rw-p 00000000 00:00 0 
7fc083a23000-7fc083a24000 ---p 00000000 00:00 0 
7fc083a24000-7fc083b25000 rw-p 00000000 00:00 0 
7fc083b25000-7fc083d95000 rwxp 00000000 00:00 0 
7fc083d95000-7fc0840b5000 ---p 00000000 00:00 0 
7fc0840b5000-7fc084325000 rwxp 00000000 00:00 0 
7fc084325000-7fc08b5ed000 ---p 00000000 00:00 0 
7fc08b5ed000-7fc08b85d000 rwxp 00000000 00:00 0 
7fc08b85d000-7fc092b25000 ---p 00000000 00:00 0 
7fc092b25000-7fc09c000000 r--s 00000000 fd:00 20186057                   /usr/lib/jvm/java-11-openjdk-amd64/lib/modules
7fc09c000000-7fc09c083000 rw-p 00000000 00:00 0 
7fc09c083000-7fc0a0000000 ---p 00000000 00:00 0 
7fc0a0066000-7fc0a006b000 rw-p 00000000 00:00 0 
7fc0a006b000-7fc0a0151000 ---p 00000000 00:00 0 
7fc0a0151000-7fc0a0156000 rw-p 00000000 00:00 0 
7fc0a0156000-7fc0a023c000 ---p 00000000 00:00 0 
7fc0a023c000-7fc0a0241000 r-xp 00000000 fd:00 20186039                   /usr/lib/jvm/java-11-openjdk-amd64/lib/libjimage.so
7fc0a0241000-7fc0a0440000 ---p 00005000 fd:00 20186039                   /usr/lib/jvm/java-11-openjdk-amd64/lib/libjimage.so
7fc0a0440000-7fc0a0441000 r--p 00004000 fd:00 20186039                   /usr/lib/jvm/java-11-openjdk-amd64/lib/libjimage.so
7fc0a0441000-7fc0a0442000 rw-p 00005000 fd:00 20186039                   /usr/lib/jvm/java-11-openjdk-amd64/lib/libjimage.so
7fc0a0442000-7fc0a0449000 r-xp 00000000 fd:00 20186056                   /usr/lib/jvm/java-11-openjdk-amd64/lib/libzip.so
7fc0a0449000-7fc0a0648000 ---p 00007000 fd:00 20186056                   /usr/lib/jvm/java-11-openjdk-amd64/lib/libzip.so
7fc0a0648000-7fc0a0649000 r--p 00006000 fd:00 20186056                   /usr/lib/jvm/java-11-openjdk-amd64/lib/libzip.so
7fc0a0649000-7fc0a064a000 rw-p 00007000 fd:00 20186056                   /usr/lib/jvm/java-11-openjdk-amd64/lib/libzip.so
7fc0a064a000-7fc0a0655000 r-xp 00000000 fd:00 44176093                   /lib/x86_64-linux-gnu/libnss_files-2.27.so
7fc0a0655000-7fc0a0854000 ---p 0000b000 fd:00 44176093                   /lib/x86_64-linux-gnu/libnss_files-2.27.so
7fc0a0854000-7fc0a0855000 r--p 0000a000 fd:00 44176093                   /lib/x86_64-linux-gnu/libnss_files-2.27.so
7fc0a0855000-7fc0a0856000 rw-p 0000b000 fd:00 44176093                   /lib/x86_64-linux-gnu/libnss_files-2.27.so
7fc0a0856000-7fc0a085c000 rw-p 00000000 00:00 0 
7fc0a085c000-7fc0a0873000 r-xp 00000000 fd:00 44176087                   /lib/x86_64-linux-gnu/libnsl-2.27.so
7fc0a0873000-7fc0a0a72000 ---p 00017000 fd:00 44176087                   /lib/x86_64-linux-gnu/libnsl-2.27.so
7fc0a0a72000-7fc0a0a73000 r--p 00016000 fd:00 44176087                   /lib/x86_64-linux-gnu/libnsl-2.27.so
7fc0a0a73000-7fc0a0a74000 rw-p 00017000 fd:00 44176087                   /lib/x86_64-linux-gnu/libnsl-2.27.so
7fc0a0a74000-7fc0a0a76000 rw-p 00000000 00:00 0 
7fc0a0a76000-7fc0a0a81000 r-xp 00000000 fd:00 44176104                   /lib/x86_64-linux-gnu/libnss_nis-2.27.so
7fc0a0a81000-7fc0a0c80000 ---p 0000b000 fd:00 44176104                   /lib/x86_64-linux-gnu/libnss_nis-2.27.so
7fc0a0c80000-7fc0a0c81000 r--p 0000a000 fd:00 44176104                   /lib/x86_64-linux-gnu/libnss_nis-2.27.so
7fc0a0c81000-7fc0a0c82000 rw-p 0000b000 fd:00 44176104                   /lib/x86_64-linux-gnu/libnss_nis-2.27.so
7fc0a0c82000-7fc0a0c8a000 r-xp 00000000 fd:00 44176089                   /lib/x86_64-linux-gnu/libnss_compat-2.27.so
7fc0a0c8a000-7fc0a0e8a000 ---p 00008000 fd:00 44176089                   /lib/x86_64-linux-gnu/libnss_compat-2.27.so
7fc0a0e8a000-7fc0a0e8b000 r--p 00008000 fd:00 44176089                   /lib/x86_64-linux-gnu/libnss_compat-2.27.so
7fc0a0e8b000-7fc0a0e8c000 rw-p 00009000 fd:00 44176089                   /lib/x86_64-linux-gnu/libnss_compat-2.27.so
7fc0a0e8c000-7fc0a0eb8000 r-xp 00000000 fd:00 20186035                   /usr/lib/jvm/java-11-openjdk-amd64/lib/libjava.so
7fc0a0eb8000-7fc0a10b7000 ---p 0002c000 fd:00 20186035                   /usr/lib/jvm/java-11-openjdk-amd64/lib/libjava.so
7fc0a10b7000-7fc0a10b8000 r--p 0002b000 fd:00 20186035                   /usr/lib/jvm/java-11-openjdk-amd64/lib/libjava.so
7fc0a10b8000-7fc0a10ba000 rw-p 0002c000 fd:00 20186035                   /usr/lib/jvm/java-11-openjdk-amd64/lib/libjava.so
7fc0a10ba000-7fc0a10c7000 r-xp 00000000 fd:00 20186055                   /usr/lib/jvm/java-11-openjdk-amd64/lib/libverify.so
7fc0a10c7000-7fc0a12c6000 ---p 0000d000 fd:00 20186055                   /usr/lib/jvm/java-11-openjdk-amd64/lib/libverify.so
7fc0a12c6000-7fc0a12c8000 r--p 0000c000 fd:00 20186055                   /usr/lib/jvm/java-11-openjdk-amd64/lib/libverify.so
7fc0a12c8000-7fc0a12c9000 rw-p 0000e000 fd:00 20186055                   /usr/lib/jvm/java-11-openjdk-amd64/lib/libverify.so
7fc0a12c9000-7fc0a12d0000 r-xp 00000000 fd:00 44176144                   /lib/x86_64-linux-gnu/librt-2.27.so
7fc0a12d0000-7fc0a14cf000 ---p 00007000 fd:00 44176144                   /lib/x86_64-linux-gnu/librt-2.27.so
7fc0a14cf000-7fc0a14d0000 r--p 00006000 fd:00 44176144                   /lib/x86_64-linux-gnu/librt-2.27.so
7fc0a14d0000-7fc0a14d1000 rw-p 00007000 fd:00 44176144                   /lib/x86_64-linux-gnu/librt-2.27.so
7fc0a14d1000-7fc0a14e8000 r-xp 00000000 fd:00 44175907                   /lib/x86_64-linux-gnu/libgcc_s.so.1
7fc0a14e8000-7fc0a16e7000 ---p 00017000 fd:00 44175907                   /lib/x86_64-linux-gnu/libgcc_s.so.1
7fc0a16e7000-7fc0a16e8000 r--p 00016000 fd:00 44175907                   /lib/x86_64-linux-gnu/libgcc_s.so.1
7fc0a16e8000-7fc0a16e9000 rw-p 00017000 fd:00 44175907                   /lib/x86_64-linux-gnu/libgcc_s.so.1
7fc0a16e9000-7fc0a1886000 r-xp 00000000 fd:00 44176066                   /lib/x86_64-linux-gnu/libm-2.27.so
7fc0a1886000-7fc0a1a85000 ---p 0019d000 fd:00 44176066                   /lib/x86_64-linux-gnu/libm-2.27.so
7fc0a1a85000-7fc0a1a86000 r--p 0019c000 fd:00 44176066                   /lib/x86_64-linux-gnu/libm-2.27.so
7fc0a1a86000-7fc0a1a87000 rw-p 0019d000 fd:00 44176066                   /lib/x86_64-linux-gnu/libm-2.27.so
7fc0a1a87000-7fc0a1c00000 r-xp 00000000 fd:00 18090134                   /usr/lib/x86_64-linux-gnu/libstdc++.so.6.0.25
7fc0a1c00000-7fc0a1e00000 ---p 00179000 fd:00 18090134                   /usr/lib/x86_64-linux-gnu/libstdc++.so.6.0.25
7fc0a1e00000-7fc0a1e0a000 r--p 00179000 fd:00 18090134                   /usr/lib/x86_64-linux-gnu/libstdc++.so.6.0.25
7fc0a1e0a000-7fc0a1e0c000 rw-p 00183000 fd:00 18090134                   /usr/lib/x86_64-linux-gnu/libstdc++.so.6.0.25
7fc0a1e0c000-7fc0a1e10000 rw-p 00000000 00:00 0 
7fc0a1e10000-7fc0a2dad000 r-xp 00000000 fd:00 20186062                   /usr/lib/jvm/java-11-openjdk-amd64/lib/server/libjvm.so
7fc0a2dad000-7fc0a2fad000 ---p 00f9d000 fd:00 20186062                   /usr/lib/jvm/java-11-openjdk-amd64/lib/server/libjvm.so
7fc0a2fad000-7fc0a3071000 r--p 00f9d000 fd:00 20186062                   /usr/lib/jvm/java-11-openjdk-amd64/lib/server/libjvm.so
7fc0a3071000-7fc0a30a9000 rw-p 01061000 fd:00 20186062                   /usr/lib/jvm/java-11-openjdk-amd64/lib/server/libjvm.so
7fc0a30a9000-7fc0a30f2000 rw-p 00000000 00:00 0 
7fc0a30f2000-7fc0a310c000 r-xp 00000000 fd:00 44176136                   /lib/x86_64-linux-gnu/libpthread-2.27.so
7fc0a310c000-7fc0a330b000 ---p 0001a000 fd:00 44176136                   /lib/x86_64-linux-gnu/libpthread-2.27.so
7fc0a330b000-7fc0a330c000 r--p 00019000 fd:00 44176136                   /lib/x86_64-linux-gnu/libpthread-2.27.so
7fc0a330c000-7fc0a330d000 rw-p 0001a000 fd:00 44176136                   /lib/x86_64-linux-gnu/libpthread-2.27.so
7fc0a330d000-7fc0a3311000 rw-p 00000000 00:00 0 
7fc0a3311000-7fc0a3314000 r-xp 00000000 fd:00 44176026                   /lib/x86_64-linux-gnu/libdl-2.27.so
7fc0a3314000-7fc0a3513000 ---p 00003000 fd:00 44176026                   /lib/x86_64-linux-gnu/libdl-2.27.so
7fc0a3513000-7fc0a3514000 r--p 00002000 fd:00 44176026                   /lib/x86_64-linux-gnu/libdl-2.27.so
7fc0a3514000-7fc0a3515000 rw-p 00003000 fd:00 44176026                   /lib/x86_64-linux-gnu/libdl-2.27.so
7fc0a3515000-7fc0a3531000 r-xp 00000000 fd:00 44176175                   /lib/x86_64-linux-gnu/libz.so.1.2.11
7fc0a3531000-7fc0a3730000 ---p 0001c000 fd:00 44176175                   /lib/x86_64-linux-gnu/libz.so.1.2.11
7fc0a3730000-7fc0a3731000 r--p 0001b000 fd:00 44176175                   /lib/x86_64-linux-gnu/libz.so.1.2.11
7fc0a3731000-7fc0a3732000 rw-p 0001c000 fd:00 44176175                   /lib/x86_64-linux-gnu/libz.so.1.2.11
7fc0a3732000-7fc0a3919000 r-xp 00000000 fd:00 44176003                   /lib/x86_64-linux-gnu/libc-2.27.so
7fc0a3919000-7fc0a3b19000 ---p 001e7000 fd:00 44176003                   /lib/x86_64-linux-gnu/libc-2.27.so
7fc0a3b19000-7fc0a3b1d000 r--p 001e7000 fd:00 44176003                   /lib/x86_64-linux-gnu/libc-2.27.so
7fc0a3b1d000-7fc0a3b1f000 rw-p 001eb000 fd:00 44176003                   /lib/x86_64-linux-gnu/libc-2.27.so
7fc0a3b1f000-7fc0a3b23000 rw-p 00000000 00:00 0 
7fc0a3b23000-7fc0a3b32000 r-xp 00000000 fd:00 20186020                   /usr/lib/jvm/java-11-openjdk-amd64/lib/jli/libjli.so
7fc0a3b32000-7fc0a3d31000 ---p 0000f000 fd:00 20186020                   /usr/lib/jvm/java-11-openjdk-amd64/lib/jli/libjli.so
7fc0a3d31000-7fc0a3d32000 r--p 0000e000 fd:00 20186020                   /usr/lib/jvm/java-11-openjdk-amd64/lib/jli/libjli.so
7fc0a3d32000-7fc0a3d33000 rw-p 0000f000 fd:00 20186020                   /usr/lib/jvm/java-11-openjdk-amd64/lib/jli/libjli.so
7fc0a3d33000-7fc0a3d5a000 r-xp 00000000 fd:00 44175975                   /lib/x86_64-linux-gnu/ld-2.27.so
7fc0a3dd6000-7fc0a3e3d000 rw-p 00000000 00:00 0 
7fc0a3e3d000-7fc0a3e41000 ---p 00000000 00:00 0 
7fc0a3e41000-7fc0a3f40000 rw-p 00000000 00:00 0 
7fc0a3f41000-7fc0a3f47000 rw-p 00000000 00:00 0 
7fc0a3f47000-7fc0a3f4e000 ---p 00000000 00:00 0 
7fc0a3f4e000-7fc0a3f56000 rw-s 00000000 fd:00 16121869                   /tmp/hsperfdata_minecraft/24871
7fc0a3f56000-7fc0a3f57000 ---p 00000000 00:00 0 
7fc0a3f57000-7fc0a3f58000 r--p 00000000 00:00 0 
7fc0a3f58000-7fc0a3f5a000 rw-p 00000000 00:00 0 
7fc0a3f5a000-7fc0a3f5b000 r--p 00027000 fd:00 44175975                   /lib/x86_64-linux-gnu/ld-2.27.so
7fc0a3f5b000-7fc0a3f5c000 rw-p 00028000 fd:00 44175975                   /lib/x86_64-linux-gnu/ld-2.27.so
7fc0a3f5c000-7fc0a3f5d000 rw-p 00000000 00:00 0 
7ffff3284000-7ffff32a5000 rw-p 00000000 00:00 0                          [stack]
7ffff3368000-7ffff336b000 r--p 00000000 00:00 0                          [vvar]
7ffff336b000-7ffff336d000 r-xp 00000000 00:00 0                          [vdso]
ffffffffff600000-ffffffffff601000 r-xp 00000000 00:00 0                  [vsyscall]


VM Arguments:
jvm_args: -Xms3g -Xmx3g 
java_command: server.jar nogui
java_class_path (initial): server.jar
Launcher Type: SUN_STANDARD

Logging:
Log output configuration:
#0: stdout all=warning uptime,level,tags
#1: stderr all=off uptime,level,tags

Environment Variables:
PATH=/usr/local/sbin:/usr/local/bin:/usr/sbin:/usr/bin:/sbin:/bin
SHELL=/bin/sh

Signal Handlers:
SIGSEGV: [libjvm.so+0xd28b70], sa_mask[0]=11111111011111111101111111111110, sa_flags=SA_RESTART|SA_SIGINFO
SIGBUS: [libjvm.so+0xd28b70], sa_mask[0]=11111111011111111101111111111110, sa_flags=SA_RESTART|SA_SIGINFO
SIGFPE: [libjvm.so+0xd28b70], sa_mask[0]=11111111011111111101111111111110, sa_flags=SA_RESTART|SA_SIGINFO
SIGPIPE: [libjvm.so+0xb2a1f0], sa_mask[0]=11111111011111111101111111111110, sa_flags=SA_RESTART|SA_SIGINFO
SIGXFSZ: [libjvm.so+0xb2a1f0], sa_mask[0]=11111111011111111101111111111110, sa_flags=SA_RESTART|SA_SIGINFO
SIGILL: [libjvm.so+0xd28b70], sa_mask[0]=11111111011111111101111111111110, sa_flags=SA_RESTART|SA_SIGINFO
SIGUSR2: [libjvm.so+0xb2a030], sa_mask[0]=00000000000000000000000000000000, sa_flags=SA_RESTART|SA_SIGINFO
SIGHUP: SIG_DFL, sa_mask[0]=00000000000000000000000000000000, sa_flags=none
SIGINT: SIG_DFL, sa_mask[0]=00000000000000000000000000000000, sa_flags=none
SIGTERM: SIG_DFL, sa_mask[0]=00000000000000000000000000000000, sa_flags=none
SIGQUIT: SIG_DFL, sa_mask[0]=00000000000000000000000000000000, sa_flags=none


---------------  S Y S T E M  ---------------

OS:DISTRIB_ID=Ubuntu
DISTRIB_RELEASE=18.04
DISTRIB_CODENAME=bionic
DISTRIB_DESCRIPTION="Ubuntu 18.04.2 LTS"
uname:Linux 4.15.0-46-generic #49-Ubuntu SMP Wed Feb 6 09:33:07 UTC 2019 x86_64
libc:glibc 2.27 NPTL 2.27 
rlimit: STACK 8192k, CORE 0k, NPROC 15099, NOFILE 4096, AS infinity, DATA infinity, FSIZE infinity
load average:1.47 1.49 1.46

/proc/meminfo:
MemTotal:        3943748 kB
MemFree:          122540 kB
MemAvailable:     933872 kB
Buffers:           30408 kB
Cached:           979812 kB
SwapCached:        12312 kB
Active:          2574608 kB
Inactive:        1052236 kB
Active(anon):    2116744 kB
Inactive(anon):   529948 kB
Active(file):     457864 kB
Inactive(file):   522288 kB
Unevictable:           0 kB
Mlocked:               0 kB
SwapTotal:        999420 kB
SwapFree:         614832 kB
Dirty:              1880 kB
Writeback:             0 kB
AnonPages:       2613036 kB
Mapped:           151260 kB
Shmem:             30068 kB
Slab:             108744 kB
SReclaimable:      67896 kB
SUnreclaim:        40848 kB
KernelStack:        5972 kB
PageTables:        24952 kB
NFS_Unstable:          0 kB
Bounce:                0 kB
WritebackTmp:          0 kB
CommitLimit:     2971292 kB
Committed_AS:    3329488 kB
VmallocTotal:   34359738367 kB
VmallocUsed:           0 kB
VmallocChunk:          0 kB
HardwareCorrupted:     0 kB
AnonHugePages:         0 kB
ShmemHugePages:        0 kB
ShmemPmdMapped:        0 kB
CmaTotal:              0 kB
CmaFree:               0 kB
HugePages_Total:       0
HugePages_Free:        0
HugePages_Rsvd:        0
HugePages_Surp:        0
Hugepagesize:       2048 kB
DirectMap4k:      158320 kB
DirectMap2M:     3940352 kB
DirectMap1G:           0 kB

container (cgroup) information:
container_type: cgroupv1
cpu_cpuset_cpus: 0-3
cpu_memory_nodes: 0
active_processor_count: 4
cpu_quota: -1
cpu_period: 100000
cpu_shares: -1
memory_limit_in_bytes: -1
memory_and_swap_limit_in_bytes: -2
memory_soft_limit_in_bytes: -1
memory_usage_in_bytes: 3712004096
memory_max_usage_in_bytes: 2048000


CPU:total 4 (initial active 4) (2 cores per cpu, 2 threads per core) family 6 model 69 stepping 1, cmov, cx8, fxsr, mmx, sse, sse2, sse3, ssse3, sse4.1, sse4.2, popcnt, avx, avx2, aes, clmul, erms, lzcnt, ht, tsc, tscinvbit, bmi1, bmi2, fma
CPU Model and flags from /proc/cpuinfo:
model name	: Intel(R) Core(TM) i7-4500U CPU @ 1.80GHz
flags		: fpu vme de pse tsc msr pae mce cx8 apic sep mtrr pge mca cmov pat pse36 clflush dts acpi mmx fxsr sse sse2 ss ht tm pbe syscall nx pdpe1gb rdtscp lm constant_tsc arch_perfmon pebs bts rep_good nopl xtopology nonstop_tsc cpuid aperfmperf pni pclmulqdq dtes64 monitor ds_cpl vmx est tm2 ssse3 sdbg fma cx16 xtpr pdcm pcid sse4_1 sse4_2 movbe popcnt tsc_deadline_timer aes xsave avx f16c rdrand lahf_lm abm cpuid_fault epb invpcid_single pti ssbd ibrs ibpb stibp tpr_shadow vnmi flexpriority ept vpid fsgsbase tsc_adjust bmi1 avx2 smep bmi2 erms invpcid xsaveopt dtherm ida arat pln pts flush_l1d

Memory: 4k page, physical 3943748k(121796k free), swap 999420k(614832k free)

vm_info: OpenJDK 64-Bit Server VM (10.0.2+13-Ubuntu-1ubuntu0.18.04.4) for linux-amd64 JRE (10.0.2+13-Ubuntu-1ubuntu0.18.04.4), built on Nov 13 2018 12:53:39 by "buildd" with gcc 7.3.0

END.
