#
# There is insufficient memory for the Java Runtime Environment to continue.
# Native memory allocation (mmap) failed to map 3221225472 bytes for committing reserved memory.
# Possible reasons:
#   The system is out of physical RAM or swap space
#   The process is running with CompressedOops enabled, and the Java Heap may be blocking the growth of the native heap
# Possible solutions:
#   Reduce memory load on the system
#   Increase physical memory or swap space
#   Check if swap backing store is full
#   Decrease Java heap size (-Xmx/-Xms)
#   Decrease number of Java threads
#   Decrease Java thread stack sizes (-Xss)
#   Set larger code cache with -XX:ReservedCodeCacheSize=
# This output file may be truncated or incomplete.
#
#  Out of Memory Error (os_linux.cpp:2706), pid=24846, tid=24847
#
# JRE version:  (10.0.2+13) (build )
# Java VM: OpenJDK 64-Bit Server VM (10.0.2+13-Ubuntu-1ubuntu0.18.04.4, mixed mode, aot, tiered, compressed oops, g1 gc, linux-amd64)
# Core dump will be written. Default location: Core dumps may be processed with "/usr/share/apport/apport %p %s %c %d %P" (or dumping to /opt/forno/minecraft/core.24846)
#

---------------  S U M M A R Y ------------

Command Line: -Xms3g -Xmx3g server.jar nogui

Host: Intel(R) Core(TM) i7-4500U CPU @ 1.80GHz, 4 cores, 3G, Ubuntu 18.04.2 LTS
Time: Thu Mar 21 06:51:01 2019 JST elapsed time: 0 seconds (0d 0h 0m 0s)

---------------  T H R E A D  ---------------

Current thread (0x00007f0f3c011000):  JavaThread "Unknown thread" [_thread_in_vm, id=24847, stack(0x00007f0f42da9000,0x00007f0f42eaa000)]

Stack: [0x00007f0f42da9000,0x00007f0f42eaa000],  sp=0x00007f0f42ea82e0,  free space=1020k
Native frames: (J=compiled Java code, A=aot compiled Java code, j=interpreted, Vv=VM code, C=native code)
V  [libjvm.so+0xd27ea4]
V  [libjvm.so+0xd28a4b]
V  [libjvm.so+0x64d415]
V  [libjvm.so+0xb2d7c8]
V  [libjvm.so+0xb2601d]
V  [libjvm.so+0x7662ff]
V  [libjvm.so+0x76653e]
V  [libjvm.so+0x769500]
V  [libjvm.so+0x7efa1c]
V  [libjvm.so+0x7f06df]
V  [libjvm.so+0x7f0b59]
V  [libjvm.so+0x7162cf]
V  [libjvm.so+0x71afd3]
V  [libjvm.so+0xce5dc2]
V  [libjvm.so+0xce60c6]
V  [libjvm.so+0x807d57]
V  [libjvm.so+0xcc7ac4]
V  [libjvm.so+0x8601b1]  JNI_CreateJavaVM+0x51
C  [libjli.so+0x3d83]
C  [libjli.so+0x89dd]
C  [libpthread.so.0+0x76db]  start_thread+0xdb


---------------  P R O C E S S  ---------------

Threads class SMR info:
_java_thread_list=0x00005555568896b0, length=0, elements={
}

Java Threads: ( => current thread )

Other Threads:
  0x00007f0f3c028000 GCTaskThread "GC Thread#0" [stack: 0x00007f0f229d1000,0x00007f0f22ad1000] [id=24849]
  0x00007f0f3c029000 GCTaskThread "GC Thread#1" [stack: 0x00007f0f228cf000,0x00007f0f229cf000] [id=24850]
  0x00007f0f3c02b000 GCTaskThread "GC Thread#2" [stack: 0x00007f0f227cd000,0x00007f0f228cd000] [id=24851]
  0x00007f0f3c02c800 GCTaskThread "GC Thread#3" [stack: 0x00007f0f226cb000,0x00007f0f227cb000] [id=24852]
  0x00007f0f3c06a000 ConcurrentGCThread "G1 Main Marker" [stack: 0x00007f0f20f05000,0x00007f0f21005000] [id=24853]
  0x00007f0f3c06c000 ConcurrentGCThread "G1 Conc#0" [stack: 0x00007f0f20e03000,0x00007f0f20f03000] [id=24854]

[error occurred during error reporting (printing all threads), id 0xe0000002]

VM state:not at safepoint (not fully initialized)

VM Mutex/Monitor currently owned by a thread:  ([mutex/lock_event])
[0x00007f0f3c00df30] Heap_lock - owner thread: 0x00007f0f3c011000

Heap address: 0x0000000700000000, size: 3072 MB, Compressed Oops mode: Non-zero based: 0x0000000700000000
Narrow klass base: 0x0000000000000000, Narrow klass shift: 0

GC Heap History (0 events):
No events

Deoptimization events (0 events):
No events

Classes redefined (0 events):
No events

Internal exceptions (0 events):
No events

Events (0 events):
No events


Dynamic libraries:
555556403000-555556404000 r-xp 00000000 fd:00 20185882                   /usr/lib/jvm/java-11-openjdk-amd64/bin/java
555556604000-555556605000 r--p 00001000 fd:00 20185882                   /usr/lib/jvm/java-11-openjdk-amd64/bin/java
555556605000-555556606000 rw-p 00002000 fd:00 20185882                   /usr/lib/jvm/java-11-openjdk-amd64/bin/java
555556872000-555556893000 rw-p 00000000 00:00 0                          [heap]
7f0efc000000-7f0efc021000 rw-p 00000000 00:00 0 
7f0efc021000-7f0f00000000 ---p 00000000 00:00 0 
7f0f02000000-7f0f04000000 rw-p 00000000 00:00 0 
7f0f04000000-7f0f04021000 rw-p 00000000 00:00 0 
7f0f04021000-7f0f08000000 ---p 00000000 00:00 0 
7f0f09000000-7f0f0c000000 ---p 00000000 00:00 0 
7f0f0c000000-7f0f0c021000 rw-p 00000000 00:00 0 
7f0f0c021000-7f0f10000000 ---p 00000000 00:00 0 
7f0f11000000-7f0f14000000 ---p 00000000 00:00 0 
7f0f14000000-7f0f14021000 rw-p 00000000 00:00 0 
7f0f14021000-7f0f18000000 ---p 00000000 00:00 0 
7f0f18000000-7f0f18021000 rw-p 00000000 00:00 0 
7f0f18021000-7f0f1c000000 ---p 00000000 00:00 0 
7f0f1c000000-7f0f1c021000 rw-p 00000000 00:00 0 
7f0f1c021000-7f0f20000000 ---p 00000000 00:00 0 
7f0f209fd000-7f0f20e01000 rw-p 00000000 00:00 0 
7f0f20e01000-7f0f20e02000 ---p 00000000 00:00 0 
7f0f20e02000-7f0f20f03000 rw-p 00000000 00:00 0 
7f0f20f03000-7f0f20f04000 ---p 00000000 00:00 0 
7f0f20f04000-7f0f210c5000 rw-p 00000000 00:00 0 
7f0f210c5000-7f0f222c5000 ---p 00000000 00:00 0 
7f0f222c5000-7f0f226c9000 rw-p 00000000 00:00 0 
7f0f226c9000-7f0f226ca000 ---p 00000000 00:00 0 
7f0f226ca000-7f0f227cb000 rw-p 00000000 00:00 0 
7f0f227cb000-7f0f227cc000 ---p 00000000 00:00 0 
7f0f227cc000-7f0f228cd000 rw-p 00000000 00:00 0 
7f0f228cd000-7f0f228ce000 ---p 00000000 00:00 0 
7f0f228ce000-7f0f229cf000 rw-p 00000000 00:00 0 
7f0f229cf000-7f0f229d0000 ---p 00000000 00:00 0 
7f0f229d0000-7f0f22ad6000 rw-p 00000000 00:00 0 
7f0f22ad6000-7f0f22bbc000 ---p 00000000 00:00 0 
7f0f22bbc000-7f0f22bc1000 rw-p 00000000 00:00 0 
7f0f22bc1000-7f0f22ca7000 ---p 00000000 00:00 0 
7f0f22ca7000-7f0f22f17000 rwxp 00000000 00:00 0 
7f0f22f17000-7f0f23237000 ---p 00000000 00:00 0 
7f0f23237000-7f0f234a7000 rwxp 00000000 00:00 0 
7f0f234a7000-7f0f2a76f000 ---p 00000000 00:00 0 
7f0f2a76f000-7f0f2a9df000 rwxp 00000000 00:00 0 
7f0f2a9df000-7f0f31ca7000 ---p 00000000 00:00 0 
7f0f31ca7000-7f0f3b182000 r--s 00000000 fd:00 20186057                   /usr/lib/jvm/java-11-openjdk-amd64/lib/modules
7f0f3b182000-7f0f3b187000 r-xp 00000000 fd:00 20186039                   /usr/lib/jvm/java-11-openjdk-amd64/lib/libjimage.so
7f0f3b187000-7f0f3b386000 ---p 00005000 fd:00 20186039                   /usr/lib/jvm/java-11-openjdk-amd64/lib/libjimage.so
7f0f3b386000-7f0f3b387000 r--p 00004000 fd:00 20186039                   /usr/lib/jvm/java-11-openjdk-amd64/lib/libjimage.so
7f0f3b387000-7f0f3b388000 rw-p 00005000 fd:00 20186039                   /usr/lib/jvm/java-11-openjdk-amd64/lib/libjimage.so
7f0f3b388000-7f0f3b38f000 r-xp 00000000 fd:00 20186056                   /usr/lib/jvm/java-11-openjdk-amd64/lib/libzip.so
7f0f3b38f000-7f0f3b58e000 ---p 00007000 fd:00 20186056                   /usr/lib/jvm/java-11-openjdk-amd64/lib/libzip.so
7f0f3b58e000-7f0f3b58f000 r--p 00006000 fd:00 20186056                   /usr/lib/jvm/java-11-openjdk-amd64/lib/libzip.so
7f0f3b58f000-7f0f3b590000 rw-p 00007000 fd:00 20186056                   /usr/lib/jvm/java-11-openjdk-amd64/lib/libzip.so
7f0f3b590000-7f0f3b59b000 r-xp 00000000 fd:00 44176093                   /lib/x86_64-linux-gnu/libnss_files-2.27.so
7f0f3b59b000-7f0f3b79a000 ---p 0000b000 fd:00 44176093                   /lib/x86_64-linux-gnu/libnss_files-2.27.so
7f0f3b79a000-7f0f3b79b000 r--p 0000a000 fd:00 44176093                   /lib/x86_64-linux-gnu/libnss_files-2.27.so
7f0f3b79b000-7f0f3b79c000 rw-p 0000b000 fd:00 44176093                   /lib/x86_64-linux-gnu/libnss_files-2.27.so
7f0f3b79c000-7f0f3b7a2000 rw-p 00000000 00:00 0 
7f0f3b7a2000-7f0f3b7b9000 r-xp 00000000 fd:00 44176087                   /lib/x86_64-linux-gnu/libnsl-2.27.so
7f0f3b7b9000-7f0f3b9b8000 ---p 00017000 fd:00 44176087                   /lib/x86_64-linux-gnu/libnsl-2.27.so
7f0f3b9b8000-7f0f3b9b9000 r--p 00016000 fd:00 44176087                   /lib/x86_64-linux-gnu/libnsl-2.27.so
7f0f3b9b9000-7f0f3b9ba000 rw-p 00017000 fd:00 44176087                   /lib/x86_64-linux-gnu/libnsl-2.27.so
7f0f3b9ba000-7f0f3b9bc000 rw-p 00000000 00:00 0 
7f0f3b9bc000-7f0f3b9c7000 r-xp 00000000 fd:00 44176104                   /lib/x86_64-linux-gnu/libnss_nis-2.27.so
7f0f3b9c7000-7f0f3bbc6000 ---p 0000b000 fd:00 44176104                   /lib/x86_64-linux-gnu/libnss_nis-2.27.so
7f0f3bbc6000-7f0f3bbc7000 r--p 0000a000 fd:00 44176104                   /lib/x86_64-linux-gnu/libnss_nis-2.27.so
7f0f3bbc7000-7f0f3bbc8000 rw-p 0000b000 fd:00 44176104                   /lib/x86_64-linux-gnu/libnss_nis-2.27.so
7f0f3bbc8000-7f0f3bbd0000 r-xp 00000000 fd:00 44176089                   /lib/x86_64-linux-gnu/libnss_compat-2.27.so
7f0f3bbd0000-7f0f3bdd0000 ---p 00008000 fd:00 44176089                   /lib/x86_64-linux-gnu/libnss_compat-2.27.so
7f0f3bdd0000-7f0f3bdd1000 r--p 00008000 fd:00 44176089                   /lib/x86_64-linux-gnu/libnss_compat-2.27.so
7f0f3bdd1000-7f0f3bdd2000 rw-p 00009000 fd:00 44176089                   /lib/x86_64-linux-gnu/libnss_compat-2.27.so
7f0f3bdd2000-7f0f3bdfe000 r-xp 00000000 fd:00 20186035                   /usr/lib/jvm/java-11-openjdk-amd64/lib/libjava.so
7f0f3bdfe000-7f0f3bffd000 ---p 0002c000 fd:00 20186035                   /usr/lib/jvm/java-11-openjdk-amd64/lib/libjava.so
7f0f3bffd000-7f0f3bffe000 r--p 0002b000 fd:00 20186035                   /usr/lib/jvm/java-11-openjdk-amd64/lib/libjava.so
7f0f3bffe000-7f0f3c000000 rw-p 0002c000 fd:00 20186035                   /usr/lib/jvm/java-11-openjdk-amd64/lib/libjava.so
7f0f3c000000-7f0f3c083000 rw-p 00000000 00:00 0 
7f0f3c083000-7f0f40000000 ---p 00000000 00:00 0 
7f0f40026000-7f0f40033000 r-xp 00000000 fd:00 20186055                   /usr/lib/jvm/java-11-openjdk-amd64/lib/libverify.so
7f0f40033000-7f0f40232000 ---p 0000d000 fd:00 20186055                   /usr/lib/jvm/java-11-openjdk-amd64/lib/libverify.so
7f0f40232000-7f0f40234000 r--p 0000c000 fd:00 20186055                   /usr/lib/jvm/java-11-openjdk-amd64/lib/libverify.so
7f0f40234000-7f0f40235000 rw-p 0000e000 fd:00 20186055                   /usr/lib/jvm/java-11-openjdk-amd64/lib/libverify.so
7f0f40235000-7f0f4023c000 r-xp 00000000 fd:00 44176144                   /lib/x86_64-linux-gnu/librt-2.27.so
7f0f4023c000-7f0f4043b000 ---p 00007000 fd:00 44176144                   /lib/x86_64-linux-gnu/librt-2.27.so
7f0f4043b000-7f0f4043c000 r--p 00006000 fd:00 44176144                   /lib/x86_64-linux-gnu/librt-2.27.so
7f0f4043c000-7f0f4043d000 rw-p 00007000 fd:00 44176144                   /lib/x86_64-linux-gnu/librt-2.27.so
7f0f4043d000-7f0f40454000 r-xp 00000000 fd:00 44175907                   /lib/x86_64-linux-gnu/libgcc_s.so.1
7f0f40454000-7f0f40653000 ---p 00017000 fd:00 44175907                   /lib/x86_64-linux-gnu/libgcc_s.so.1
7f0f40653000-7f0f40654000 r--p 00016000 fd:00 44175907                   /lib/x86_64-linux-gnu/libgcc_s.so.1
7f0f40654000-7f0f40655000 rw-p 00017000 fd:00 44175907                   /lib/x86_64-linux-gnu/libgcc_s.so.1
7f0f40655000-7f0f407f2000 r-xp 00000000 fd:00 44176066                   /lib/x86_64-linux-gnu/libm-2.27.so
7f0f407f2000-7f0f409f1000 ---p 0019d000 fd:00 44176066                   /lib/x86_64-linux-gnu/libm-2.27.so
7f0f409f1000-7f0f409f2000 r--p 0019c000 fd:00 44176066                   /lib/x86_64-linux-gnu/libm-2.27.so
7f0f409f2000-7f0f409f3000 rw-p 0019d000 fd:00 44176066                   /lib/x86_64-linux-gnu/libm-2.27.so
7f0f409f3000-7f0f40b6c000 r-xp 00000000 fd:00 18090134                   /usr/lib/x86_64-linux-gnu/libstdc++.so.6.0.25
7f0f40b6c000-7f0f40d6c000 ---p 00179000 fd:00 18090134                   /usr/lib/x86_64-linux-gnu/libstdc++.so.6.0.25
7f0f40d6c000-7f0f40d76000 r--p 00179000 fd:00 18090134                   /usr/lib/x86_64-linux-gnu/libstdc++.so.6.0.25
7f0f40d76000-7f0f40d78000 rw-p 00183000 fd:00 18090134                   /usr/lib/x86_64-linux-gnu/libstdc++.so.6.0.25
7f0f40d78000-7f0f40d7c000 rw-p 00000000 00:00 0 
7f0f40d7c000-7f0f41d19000 r-xp 00000000 fd:00 20186062                   /usr/lib/jvm/java-11-openjdk-amd64/lib/server/libjvm.so
7f0f41d19000-7f0f41f19000 ---p 00f9d000 fd:00 20186062                   /usr/lib/jvm/java-11-openjdk-amd64/lib/server/libjvm.so
7f0f41f19000-7f0f41fdd000 r--p 00f9d000 fd:00 20186062                   /usr/lib/jvm/java-11-openjdk-amd64/lib/server/libjvm.so
7f0f41fdd000-7f0f42015000 rw-p 01061000 fd:00 20186062                   /usr/lib/jvm/java-11-openjdk-amd64/lib/server/libjvm.so
7f0f42015000-7f0f4205e000 rw-p 00000000 00:00 0 
7f0f4205e000-7f0f42078000 r-xp 00000000 fd:00 44176136                   /lib/x86_64-linux-gnu/libpthread-2.27.so
7f0f42078000-7f0f42277000 ---p 0001a000 fd:00 44176136                   /lib/x86_64-linux-gnu/libpthread-2.27.so
7f0f42277000-7f0f42278000 r--p 00019000 fd:00 44176136                   /lib/x86_64-linux-gnu/libpthread-2.27.so
7f0f42278000-7f0f42279000 rw-p 0001a000 fd:00 44176136                   /lib/x86_64-linux-gnu/libpthread-2.27.so
7f0f42279000-7f0f4227d000 rw-p 00000000 00:00 0 
7f0f4227d000-7f0f42280000 r-xp 00000000 fd:00 44176026                   /lib/x86_64-linux-gnu/libdl-2.27.so
7f0f42280000-7f0f4247f000 ---p 00003000 fd:00 44176026                   /lib/x86_64-linux-gnu/libdl-2.27.so
7f0f4247f000-7f0f42480000 r--p 00002000 fd:00 44176026                   /lib/x86_64-linux-gnu/libdl-2.27.so
7f0f42480000-7f0f42481000 rw-p 00003000 fd:00 44176026                   /lib/x86_64-linux-gnu/libdl-2.27.so
7f0f42481000-7f0f4249d000 r-xp 00000000 fd:00 44176175                   /lib/x86_64-linux-gnu/libz.so.1.2.11
7f0f4249d000-7f0f4269c000 ---p 0001c000 fd:00 44176175                   /lib/x86_64-linux-gnu/libz.so.1.2.11
7f0f4269c000-7f0f4269d000 r--p 0001b000 fd:00 44176175                   /lib/x86_64-linux-gnu/libz.so.1.2.11
7f0f4269d000-7f0f4269e000 rw-p 0001c000 fd:00 44176175                   /lib/x86_64-linux-gnu/libz.so.1.2.11
7f0f4269e000-7f0f42885000 r-xp 00000000 fd:00 44176003                   /lib/x86_64-linux-gnu/libc-2.27.so
7f0f42885000-7f0f42a85000 ---p 001e7000 fd:00 44176003                   /lib/x86_64-linux-gnu/libc-2.27.so
7f0f42a85000-7f0f42a89000 r--p 001e7000 fd:00 44176003                   /lib/x86_64-linux-gnu/libc-2.27.so
7f0f42a89000-7f0f42a8b000 rw-p 001eb000 fd:00 44176003                   /lib/x86_64-linux-gnu/libc-2.27.so
7f0f42a8b000-7f0f42a8f000 rw-p 00000000 00:00 0 
7f0f42a8f000-7f0f42a9e000 r-xp 00000000 fd:00 20186020                   /usr/lib/jvm/java-11-openjdk-amd64/lib/jli/libjli.so
7f0f42a9e000-7f0f42c9d000 ---p 0000f000 fd:00 20186020                   /usr/lib/jvm/java-11-openjdk-amd64/lib/jli/libjli.so
7f0f42c9d000-7f0f42c9e000 r--p 0000e000 fd:00 20186020                   /usr/lib/jvm/java-11-openjdk-amd64/lib/jli/libjli.so
7f0f42c9e000-7f0f42c9f000 rw-p 0000f000 fd:00 20186020                   /usr/lib/jvm/java-11-openjdk-amd64/lib/jli/libjli.so
7f0f42c9f000-7f0f42cc6000 r-xp 00000000 fd:00 44175975                   /lib/x86_64-linux-gnu/ld-2.27.so
7f0f42d42000-7f0f42da9000 rw-p 00000000 00:00 0 
7f0f42da9000-7f0f42dad000 ---p 00000000 00:00 0 
7f0f42dad000-7f0f42eac000 rw-p 00000000 00:00 0 
7f0f42ead000-7f0f42eb3000 rw-p 00000000 00:00 0 
7f0f42eb3000-7f0f42eba000 ---p 00000000 00:00 0 
7f0f42eba000-7f0f42ec2000 rw-s 00000000 fd:00 16121869                   /tmp/hsperfdata_minecraft/24846
7f0f42ec2000-7f0f42ec3000 ---p 00000000 00:00 0 
7f0f42ec3000-7f0f42ec4000 r--p 00000000 00:00 0 
7f0f42ec4000-7f0f42ec6000 rw-p 00000000 00:00 0 
7f0f42ec6000-7f0f42ec7000 r--p 00027000 fd:00 44175975                   /lib/x86_64-linux-gnu/ld-2.27.so
7f0f42ec7000-7f0f42ec8000 rw-p 00028000 fd:00 44175975                   /lib/x86_64-linux-gnu/ld-2.27.so
7f0f42ec8000-7f0f42ec9000 rw-p 00000000 00:00 0 
7fff4d202000-7fff4d223000 rw-p 00000000 00:00 0                          [stack]
7fff4d336000-7fff4d339000 r--p 00000000 00:00 0                          [vvar]
7fff4d339000-7fff4d33b000 r-xp 00000000 00:00 0                          [vdso]
ffffffffff600000-ffffffffff601000 r-xp 00000000 00:00 0                  [vsyscall]


VM Arguments:
jvm_args: -Xms3g -Xmx3g 
java_command: server.jar nogui
java_class_path (initial): server.jar
Launcher Type: SUN_STANDARD

Logging:
Log output configuration:
#0: stdout all=warning uptime,level,tags
#1: stderr all=off uptime,level,tags

Environment Variables:
PATH=/usr/local/sbin:/usr/local/bin:/usr/sbin:/usr/bin:/sbin:/bin
SHELL=/bin/sh

Signal Handlers:
SIGSEGV: [libjvm.so+0xd28b70], sa_mask[0]=11111111011111111101111111111110, sa_flags=SA_RESTART|SA_SIGINFO
SIGBUS: [libjvm.so+0xd28b70], sa_mask[0]=11111111011111111101111111111110, sa_flags=SA_RESTART|SA_SIGINFO
SIGFPE: [libjvm.so+0xd28b70], sa_mask[0]=11111111011111111101111111111110, sa_flags=SA_RESTART|SA_SIGINFO
SIGPIPE: [libjvm.so+0xb2a1f0], sa_mask[0]=11111111011111111101111111111110, sa_flags=SA_RESTART|SA_SIGINFO
SIGXFSZ: [libjvm.so+0xb2a1f0], sa_mask[0]=11111111011111111101111111111110, sa_flags=SA_RESTART|SA_SIGINFO
SIGILL: [libjvm.so+0xd28b70], sa_mask[0]=11111111011111111101111111111110, sa_flags=SA_RESTART|SA_SIGINFO
SIGUSR2: [libjvm.so+0xb2a030], sa_mask[0]=00000000000000000000000000000000, sa_flags=SA_RESTART|SA_SIGINFO
SIGHUP: SIG_DFL, sa_mask[0]=00000000000000000000000000000000, sa_flags=none
SIGINT: SIG_DFL, sa_mask[0]=00000000000000000000000000000000, sa_flags=none
SIGTERM: SIG_DFL, sa_mask[0]=00000000000000000000000000000000, sa_flags=none
SIGQUIT: SIG_DFL, sa_mask[0]=00000000000000000000000000000000, sa_flags=none


---------------  S Y S T E M  ---------------

OS:DISTRIB_ID=Ubuntu
DISTRIB_RELEASE=18.04
DISTRIB_CODENAME=bionic
DISTRIB_DESCRIPTION="Ubuntu 18.04.2 LTS"
uname:Linux 4.15.0-46-generic #49-Ubuntu SMP Wed Feb 6 09:33:07 UTC 2019 x86_64
libc:glibc 2.27 NPTL 2.27 
rlimit: STACK 8192k, CORE 0k, NPROC 15099, NOFILE 4096, AS infinity, DATA infinity, FSIZE infinity
load average:1.35 1.35 1.31

/proc/meminfo:
MemTotal:        3943748 kB
MemFree:          135260 kB
MemAvailable:    1455072 kB
Buffers:           46280 kB
Cached:          1473480 kB
SwapCached:         6432 kB
Active:          2536152 kB
Inactive:        1080396 kB
Active(anon):    1757456 kB
Inactive(anon):   369400 kB
Active(file):     778696 kB
Inactive(file):   710996 kB
Unevictable:           0 kB
Mlocked:               0 kB
SwapTotal:        999420 kB
SwapFree:         588208 kB
Dirty:              9908 kB
Writeback:             0 kB
AnonPages:       2094796 kB
Mapped:           173956 kB
Shmem:             30068 kB
Slab:             106744 kB
SReclaimable:      65772 kB
SUnreclaim:        40972 kB
KernelStack:        5936 kB
PageTables:        23304 kB
NFS_Unstable:          0 kB
Bounce:                0 kB
WritebackTmp:          0 kB
CommitLimit:     2971292 kB
Committed_AS:    3007636 kB
VmallocTotal:   34359738367 kB
VmallocUsed:           0 kB
VmallocChunk:          0 kB
HardwareCorrupted:     0 kB
AnonHugePages:         0 kB
ShmemHugePages:        0 kB
ShmemPmdMapped:        0 kB
CmaTotal:              0 kB
CmaFree:               0 kB
HugePages_Total:       0
HugePages_Free:        0
HugePages_Rsvd:        0
HugePages_Surp:        0
Hugepagesize:       2048 kB
DirectMap4k:      158320 kB
DirectMap2M:     3940352 kB
DirectMap1G:           0 kB

container (cgroup) information:
container_type: cgroupv1
cpu_cpuset_cpus: 0-3
cpu_memory_nodes: 0
active_processor_count: 4
cpu_quota: -1
cpu_period: 100000
cpu_shares: -1
memory_limit_in_bytes: -1
memory_and_swap_limit_in_bytes: -2
memory_soft_limit_in_bytes: -1
memory_usage_in_bytes: 3702456320
memory_max_usage_in_bytes: 2048000


CPU:total 4 (initial active 4) (2 cores per cpu, 2 threads per core) family 6 model 69 stepping 1, cmov, cx8, fxsr, mmx, sse, sse2, sse3, ssse3, sse4.1, sse4.2, popcnt, avx, avx2, aes, clmul, erms, lzcnt, ht, tsc, tscinvbit, bmi1, bmi2, fma
CPU Model and flags from /proc/cpuinfo:
model name	: Intel(R) Core(TM) i7-4500U CPU @ 1.80GHz
flags		: fpu vme de pse tsc msr pae mce cx8 apic sep mtrr pge mca cmov pat pse36 clflush dts acpi mmx fxsr sse sse2 ss ht tm pbe syscall nx pdpe1gb rdtscp lm constant_tsc arch_perfmon pebs bts rep_good nopl xtopology nonstop_tsc cpuid aperfmperf pni pclmulqdq dtes64 monitor ds_cpl vmx est tm2 ssse3 sdbg fma cx16 xtpr pdcm pcid sse4_1 sse4_2 movbe popcnt tsc_deadline_timer aes xsave avx f16c rdrand lahf_lm abm cpuid_fault epb invpcid_single pti ssbd ibrs ibpb stibp tpr_shadow vnmi flexpriority ept vpid fsgsbase tsc_adjust bmi1 avx2 smep bmi2 erms invpcid xsaveopt dtherm ida arat pln pts flush_l1d

Memory: 4k page, physical 3943748k(135260k free), swap 999420k(588208k free)

vm_info: OpenJDK 64-Bit Server VM (10.0.2+13-Ubuntu-1ubuntu0.18.04.4) for linux-amd64 JRE (10.0.2+13-Ubuntu-1ubuntu0.18.04.4), built on Nov 13 2018 12:53:39 by "buildd" with gcc 7.3.0

END.
