#
# There is insufficient memory for the Java Runtime Environment to continue.
# Native memory allocation (mmap) failed to map 3221225472 bytes for committing reserved memory.
# Possible reasons:
#   The system is out of physical RAM or swap space
#   The process is running with CompressedOops enabled, and the Java Heap may be blocking the growth of the native heap
# Possible solutions:
#   Reduce memory load on the system
#   Increase physical memory or swap space
#   Check if swap backing store is full
#   Decrease Java heap size (-Xmx/-Xms)
#   Decrease number of Java threads
#   Decrease Java thread stack sizes (-Xss)
#   Set larger code cache with -XX:ReservedCodeCacheSize=
# This output file may be truncated or incomplete.
#
#  Out of Memory Error (os_linux.cpp:2706), pid=10176, tid=10177
#
# JRE version:  (10.0.2+13) (build )
# Java VM: OpenJDK 64-Bit Server VM (10.0.2+13-Ubuntu-1ubuntu0.18.04.4, mixed mode, aot, tiered, compressed oops, g1 gc, linux-amd64)
# Core dump will be written. Default location: Core dumps may be processed with "/usr/share/apport/apport %p %s %c %d %P" (or dumping to /opt/forno/minecraft/core.10176)
#

---------------  S U M M A R Y ------------

Command Line: -Xms3g -Xmx3g server.jar nogui

Host: Intel(R) Core(TM) i7-4500U CPU @ 1.80GHz, 4 cores, 3G, Ubuntu 18.04.2 LTS
Time: Thu Mar 21 06:25:55 2019 JST elapsed time: 0 seconds (0d 0h 0m 0s)

---------------  T H R E A D  ---------------

Current thread (0x00007f22b4011000):  JavaThread "Unknown thread" [_thread_in_vm, id=10177, stack(0x00007f22bcea3000,0x00007f22bcfa4000)]

Stack: [0x00007f22bcea3000,0x00007f22bcfa4000],  sp=0x00007f22bcfa22e0,  free space=1020k
Native frames: (J=compiled Java code, A=aot compiled Java code, j=interpreted, Vv=VM code, C=native code)
V  [libjvm.so+0xd27ea4]
V  [libjvm.so+0xd28a4b]
V  [libjvm.so+0x64d415]
V  [libjvm.so+0xb2d7c8]
V  [libjvm.so+0xb2601d]
V  [libjvm.so+0x7662ff]
V  [libjvm.so+0x76653e]
V  [libjvm.so+0x769500]
V  [libjvm.so+0x7efa1c]
V  [libjvm.so+0x7f06df]
V  [libjvm.so+0x7f0b59]
V  [libjvm.so+0x7162cf]
V  [libjvm.so+0x71afd3]
V  [libjvm.so+0xce5dc2]
V  [libjvm.so+0xce60c6]
V  [libjvm.so+0x807d57]
V  [libjvm.so+0xcc7ac4]
V  [libjvm.so+0x8601b1]  JNI_CreateJavaVM+0x51
C  [libjli.so+0x3d83]
C  [libjli.so+0x89dd]
C  [libpthread.so.0+0x76db]  start_thread+0xdb


---------------  P R O C E S S  ---------------

Threads class SMR info:
_java_thread_list=0x000055731b84e6b0, length=0, elements={
}

Java Threads: ( => current thread )

Other Threads:
  0x00007f22b4028000 GCTaskThread "GC Thread#0" [stack: 0x00007f22b8fcc000,0x00007f22b90cc000] [id=10178]
  0x00007f22b4029000 GCTaskThread "GC Thread#1" [stack: 0x00007f22b8eca000,0x00007f22b8fca000] [id=10179]
  0x00007f22b402b000 GCTaskThread "GC Thread#2" [stack: 0x00007f22b8dc8000,0x00007f22b8ec8000] [id=10180]
  0x00007f22b402c800 GCTaskThread "GC Thread#3" [stack: 0x00007f22b8cc6000,0x00007f22b8dc6000] [id=10181]
  0x00007f22b406a000 ConcurrentGCThread "G1 Main Marker" [stack: 0x00007f22b8100000,0x00007f22b8200000] [id=10182]
  0x00007f22b406c000 ConcurrentGCThread "G1 Conc#0" [stack: 0x00007f229ae25000,0x00007f229af25000] [id=10183]

[error occurred during error reporting (printing all threads), id 0xe0000002]

VM state:not at safepoint (not fully initialized)

VM Mutex/Monitor currently owned by a thread:  ([mutex/lock_event])
[0x00007f22b400df30] Heap_lock - owner thread: 0x00007f22b4011000

Heap address: 0x0000000700000000, size: 3072 MB, Compressed Oops mode: Non-zero based: 0x0000000700000000
Narrow klass base: 0x0000000000000000, Narrow klass shift: 0

GC Heap History (0 events):
No events

Deoptimization events (0 events):
No events

Classes redefined (0 events):
No events

Internal exceptions (0 events):
No events

Events (0 events):
No events


Dynamic libraries:
55731aac9000-55731aaca000 r-xp 00000000 fd:00 20185882                   /usr/lib/jvm/java-11-openjdk-amd64/bin/java
55731acca000-55731accb000 r--p 00001000 fd:00 20185882                   /usr/lib/jvm/java-11-openjdk-amd64/bin/java
55731accb000-55731accc000 rw-p 00002000 fd:00 20185882                   /usr/lib/jvm/java-11-openjdk-amd64/bin/java
55731b837000-55731b858000 rw-p 00000000 00:00 0                          [heap]
7f2274000000-7f2274021000 rw-p 00000000 00:00 0 
7f2274021000-7f2278000000 ---p 00000000 00:00 0 
7f227c000000-7f227c021000 rw-p 00000000 00:00 0 
7f227c021000-7f2280000000 ---p 00000000 00:00 0 
7f2281000000-7f2284000000 ---p 00000000 00:00 0 
7f2284000000-7f2284021000 rw-p 00000000 00:00 0 
7f2284021000-7f2288000000 ---p 00000000 00:00 0 
7f2289000000-7f228c000000 ---p 00000000 00:00 0 
7f228c000000-7f228c021000 rw-p 00000000 00:00 0 
7f228c021000-7f2290000000 ---p 00000000 00:00 0 
7f2290000000-7f2290021000 rw-p 00000000 00:00 0 
7f2290021000-7f2294000000 ---p 00000000 00:00 0 
7f2294000000-7f2294021000 rw-p 00000000 00:00 0 
7f2294021000-7f2298000000 ---p 00000000 00:00 0 
7f2298a1f000-7f229ae23000 rw-p 00000000 00:00 0 
7f229ae23000-7f229ae24000 ---p 00000000 00:00 0 
7f229ae24000-7f229af25000 rw-p 00000000 00:00 0 
7f229af25000-7f229bb25000 ---p 00000000 00:00 0 
7f229bb25000-7f229bd95000 rwxp 00000000 00:00 0 
7f229bd95000-7f229c0b5000 ---p 00000000 00:00 0 
7f229c0b5000-7f229c325000 rwxp 00000000 00:00 0 
7f229c325000-7f22a35ed000 ---p 00000000 00:00 0 
7f22a35ed000-7f22a385d000 rwxp 00000000 00:00 0 
7f22a385d000-7f22aab25000 ---p 00000000 00:00 0 
7f22aab25000-7f22b4000000 r--s 00000000 fd:00 20186057                   /usr/lib/jvm/java-11-openjdk-amd64/lib/modules
7f22b4000000-7f22b4083000 rw-p 00000000 00:00 0 
7f22b4083000-7f22b8000000 ---p 00000000 00:00 0 
7f22b80fe000-7f22b80ff000 ---p 00000000 00:00 0 
7f22b80ff000-7f22b82c0000 rw-p 00000000 00:00 0 
7f22b82c0000-7f22b88c0000 ---p 00000000 00:00 0 
7f22b88c0000-7f22b8cc4000 rw-p 00000000 00:00 0 
7f22b8cc4000-7f22b8cc5000 ---p 00000000 00:00 0 
7f22b8cc5000-7f22b8dc6000 rw-p 00000000 00:00 0 
7f22b8dc6000-7f22b8dc7000 ---p 00000000 00:00 0 
7f22b8dc7000-7f22b8ec8000 rw-p 00000000 00:00 0 
7f22b8ec8000-7f22b8ec9000 ---p 00000000 00:00 0 
7f22b8ec9000-7f22b8fca000 rw-p 00000000 00:00 0 
7f22b8fca000-7f22b8fcb000 ---p 00000000 00:00 0 
7f22b8fcb000-7f22b90d1000 rw-p 00000000 00:00 0 
7f22b90d1000-7f22b91b7000 ---p 00000000 00:00 0 
7f22b91b7000-7f22b91bc000 rw-p 00000000 00:00 0 
7f22b91bc000-7f22b92a2000 ---p 00000000 00:00 0 
7f22b92a2000-7f22b92a7000 r-xp 00000000 fd:00 20186039                   /usr/lib/jvm/java-11-openjdk-amd64/lib/libjimage.so
7f22b92a7000-7f22b94a6000 ---p 00005000 fd:00 20186039                   /usr/lib/jvm/java-11-openjdk-amd64/lib/libjimage.so
7f22b94a6000-7f22b94a7000 r--p 00004000 fd:00 20186039                   /usr/lib/jvm/java-11-openjdk-amd64/lib/libjimage.so
7f22b94a7000-7f22b94a8000 rw-p 00005000 fd:00 20186039                   /usr/lib/jvm/java-11-openjdk-amd64/lib/libjimage.so
7f22b94a8000-7f22b94af000 r-xp 00000000 fd:00 20186056                   /usr/lib/jvm/java-11-openjdk-amd64/lib/libzip.so
7f22b94af000-7f22b96ae000 ---p 00007000 fd:00 20186056                   /usr/lib/jvm/java-11-openjdk-amd64/lib/libzip.so
7f22b96ae000-7f22b96af000 r--p 00006000 fd:00 20186056                   /usr/lib/jvm/java-11-openjdk-amd64/lib/libzip.so
7f22b96af000-7f22b96b0000 rw-p 00007000 fd:00 20186056                   /usr/lib/jvm/java-11-openjdk-amd64/lib/libzip.so
7f22b96b0000-7f22b96bb000 r-xp 00000000 fd:00 44176093                   /lib/x86_64-linux-gnu/libnss_files-2.27.so
7f22b96bb000-7f22b98ba000 ---p 0000b000 fd:00 44176093                   /lib/x86_64-linux-gnu/libnss_files-2.27.so
7f22b98ba000-7f22b98bb000 r--p 0000a000 fd:00 44176093                   /lib/x86_64-linux-gnu/libnss_files-2.27.so
7f22b98bb000-7f22b98bc000 rw-p 0000b000 fd:00 44176093                   /lib/x86_64-linux-gnu/libnss_files-2.27.so
7f22b98bc000-7f22b98c2000 rw-p 00000000 00:00 0 
7f22b98c2000-7f22b98d9000 r-xp 00000000 fd:00 44176087                   /lib/x86_64-linux-gnu/libnsl-2.27.so
7f22b98d9000-7f22b9ad8000 ---p 00017000 fd:00 44176087                   /lib/x86_64-linux-gnu/libnsl-2.27.so
7f22b9ad8000-7f22b9ad9000 r--p 00016000 fd:00 44176087                   /lib/x86_64-linux-gnu/libnsl-2.27.so
7f22b9ad9000-7f22b9ada000 rw-p 00017000 fd:00 44176087                   /lib/x86_64-linux-gnu/libnsl-2.27.so
7f22b9ada000-7f22b9adc000 rw-p 00000000 00:00 0 
7f22b9adc000-7f22b9ae7000 r-xp 00000000 fd:00 44176104                   /lib/x86_64-linux-gnu/libnss_nis-2.27.so
7f22b9ae7000-7f22b9ce6000 ---p 0000b000 fd:00 44176104                   /lib/x86_64-linux-gnu/libnss_nis-2.27.so
7f22b9ce6000-7f22b9ce7000 r--p 0000a000 fd:00 44176104                   /lib/x86_64-linux-gnu/libnss_nis-2.27.so
7f22b9ce7000-7f22b9ce8000 rw-p 0000b000 fd:00 44176104                   /lib/x86_64-linux-gnu/libnss_nis-2.27.so
7f22b9ce8000-7f22b9cf0000 r-xp 00000000 fd:00 44176089                   /lib/x86_64-linux-gnu/libnss_compat-2.27.so
7f22b9cf0000-7f22b9ef0000 ---p 00008000 fd:00 44176089                   /lib/x86_64-linux-gnu/libnss_compat-2.27.so
7f22b9ef0000-7f22b9ef1000 r--p 00008000 fd:00 44176089                   /lib/x86_64-linux-gnu/libnss_compat-2.27.so
7f22b9ef1000-7f22b9ef2000 rw-p 00009000 fd:00 44176089                   /lib/x86_64-linux-gnu/libnss_compat-2.27.so
7f22b9ef2000-7f22b9f1e000 r-xp 00000000 fd:00 20186035                   /usr/lib/jvm/java-11-openjdk-amd64/lib/libjava.so
7f22b9f1e000-7f22ba11d000 ---p 0002c000 fd:00 20186035                   /usr/lib/jvm/java-11-openjdk-amd64/lib/libjava.so
7f22ba11d000-7f22ba11e000 r--p 0002b000 fd:00 20186035                   /usr/lib/jvm/java-11-openjdk-amd64/lib/libjava.so
7f22ba11e000-7f22ba120000 rw-p 0002c000 fd:00 20186035                   /usr/lib/jvm/java-11-openjdk-amd64/lib/libjava.so
7f22ba120000-7f22ba12d000 r-xp 00000000 fd:00 20186055                   /usr/lib/jvm/java-11-openjdk-amd64/lib/libverify.so
7f22ba12d000-7f22ba32c000 ---p 0000d000 fd:00 20186055                   /usr/lib/jvm/java-11-openjdk-amd64/lib/libverify.so
7f22ba32c000-7f22ba32e000 r--p 0000c000 fd:00 20186055                   /usr/lib/jvm/java-11-openjdk-amd64/lib/libverify.so
7f22ba32e000-7f22ba32f000 rw-p 0000e000 fd:00 20186055                   /usr/lib/jvm/java-11-openjdk-amd64/lib/libverify.so
7f22ba32f000-7f22ba336000 r-xp 00000000 fd:00 44176144                   /lib/x86_64-linux-gnu/librt-2.27.so
7f22ba336000-7f22ba535000 ---p 00007000 fd:00 44176144                   /lib/x86_64-linux-gnu/librt-2.27.so
7f22ba535000-7f22ba536000 r--p 00006000 fd:00 44176144                   /lib/x86_64-linux-gnu/librt-2.27.so
7f22ba536000-7f22ba537000 rw-p 00007000 fd:00 44176144                   /lib/x86_64-linux-gnu/librt-2.27.so
7f22ba537000-7f22ba54e000 r-xp 00000000 fd:00 44175907                   /lib/x86_64-linux-gnu/libgcc_s.so.1
7f22ba54e000-7f22ba74d000 ---p 00017000 fd:00 44175907                   /lib/x86_64-linux-gnu/libgcc_s.so.1
7f22ba74d000-7f22ba74e000 r--p 00016000 fd:00 44175907                   /lib/x86_64-linux-gnu/libgcc_s.so.1
7f22ba74e000-7f22ba74f000 rw-p 00017000 fd:00 44175907                   /lib/x86_64-linux-gnu/libgcc_s.so.1
7f22ba74f000-7f22ba8ec000 r-xp 00000000 fd:00 44176066                   /lib/x86_64-linux-gnu/libm-2.27.so
7f22ba8ec000-7f22baaeb000 ---p 0019d000 fd:00 44176066                   /lib/x86_64-linux-gnu/libm-2.27.so
7f22baaeb000-7f22baaec000 r--p 0019c000 fd:00 44176066                   /lib/x86_64-linux-gnu/libm-2.27.so
7f22baaec000-7f22baaed000 rw-p 0019d000 fd:00 44176066                   /lib/x86_64-linux-gnu/libm-2.27.so
7f22baaed000-7f22bac66000 r-xp 00000000 fd:00 18090134                   /usr/lib/x86_64-linux-gnu/libstdc++.so.6.0.25
7f22bac66000-7f22bae66000 ---p 00179000 fd:00 18090134                   /usr/lib/x86_64-linux-gnu/libstdc++.so.6.0.25
7f22bae66000-7f22bae70000 r--p 00179000 fd:00 18090134                   /usr/lib/x86_64-linux-gnu/libstdc++.so.6.0.25
7f22bae70000-7f22bae72000 rw-p 00183000 fd:00 18090134                   /usr/lib/x86_64-linux-gnu/libstdc++.so.6.0.25
7f22bae72000-7f22bae76000 rw-p 00000000 00:00 0 
7f22bae76000-7f22bbe13000 r-xp 00000000 fd:00 20186062                   /usr/lib/jvm/java-11-openjdk-amd64/lib/server/libjvm.so
7f22bbe13000-7f22bc013000 ---p 00f9d000 fd:00 20186062                   /usr/lib/jvm/java-11-openjdk-amd64/lib/server/libjvm.so
7f22bc013000-7f22bc0d7000 r--p 00f9d000 fd:00 20186062                   /usr/lib/jvm/java-11-openjdk-amd64/lib/server/libjvm.so
7f22bc0d7000-7f22bc10f000 rw-p 01061000 fd:00 20186062                   /usr/lib/jvm/java-11-openjdk-amd64/lib/server/libjvm.so
7f22bc10f000-7f22bc158000 rw-p 00000000 00:00 0 
7f22bc158000-7f22bc172000 r-xp 00000000 fd:00 44176136                   /lib/x86_64-linux-gnu/libpthread-2.27.so
7f22bc172000-7f22bc371000 ---p 0001a000 fd:00 44176136                   /lib/x86_64-linux-gnu/libpthread-2.27.so
7f22bc371000-7f22bc372000 r--p 00019000 fd:00 44176136                   /lib/x86_64-linux-gnu/libpthread-2.27.so
7f22bc372000-7f22bc373000 rw-p 0001a000 fd:00 44176136                   /lib/x86_64-linux-gnu/libpthread-2.27.so
7f22bc373000-7f22bc377000 rw-p 00000000 00:00 0 
7f22bc377000-7f22bc37a000 r-xp 00000000 fd:00 44176026                   /lib/x86_64-linux-gnu/libdl-2.27.so
7f22bc37a000-7f22bc579000 ---p 00003000 fd:00 44176026                   /lib/x86_64-linux-gnu/libdl-2.27.so
7f22bc579000-7f22bc57a000 r--p 00002000 fd:00 44176026                   /lib/x86_64-linux-gnu/libdl-2.27.so
7f22bc57a000-7f22bc57b000 rw-p 00003000 fd:00 44176026                   /lib/x86_64-linux-gnu/libdl-2.27.so
7f22bc57b000-7f22bc597000 r-xp 00000000 fd:00 44176175                   /lib/x86_64-linux-gnu/libz.so.1.2.11
7f22bc597000-7f22bc796000 ---p 0001c000 fd:00 44176175                   /lib/x86_64-linux-gnu/libz.so.1.2.11
7f22bc796000-7f22bc797000 r--p 0001b000 fd:00 44176175                   /lib/x86_64-linux-gnu/libz.so.1.2.11
7f22bc797000-7f22bc798000 rw-p 0001c000 fd:00 44176175                   /lib/x86_64-linux-gnu/libz.so.1.2.11
7f22bc798000-7f22bc97f000 r-xp 00000000 fd:00 44176003                   /lib/x86_64-linux-gnu/libc-2.27.so
7f22bc97f000-7f22bcb7f000 ---p 001e7000 fd:00 44176003                   /lib/x86_64-linux-gnu/libc-2.27.so
7f22bcb7f000-7f22bcb83000 r--p 001e7000 fd:00 44176003                   /lib/x86_64-linux-gnu/libc-2.27.so
7f22bcb83000-7f22bcb85000 rw-p 001eb000 fd:00 44176003                   /lib/x86_64-linux-gnu/libc-2.27.so
7f22bcb85000-7f22bcb89000 rw-p 00000000 00:00 0 
7f22bcb89000-7f22bcb98000 r-xp 00000000 fd:00 20186020                   /usr/lib/jvm/java-11-openjdk-amd64/lib/jli/libjli.so
7f22bcb98000-7f22bcd97000 ---p 0000f000 fd:00 20186020                   /usr/lib/jvm/java-11-openjdk-amd64/lib/jli/libjli.so
7f22bcd97000-7f22bcd98000 r--p 0000e000 fd:00 20186020                   /usr/lib/jvm/java-11-openjdk-amd64/lib/jli/libjli.so
7f22bcd98000-7f22bcd99000 rw-p 0000f000 fd:00 20186020                   /usr/lib/jvm/java-11-openjdk-amd64/lib/jli/libjli.so
7f22bcd99000-7f22bcdc0000 r-xp 00000000 fd:00 44175975                   /lib/x86_64-linux-gnu/ld-2.27.so
7f22bce3c000-7f22bcea3000 rw-p 00000000 00:00 0 
7f22bcea3000-7f22bcea7000 ---p 00000000 00:00 0 
7f22bcea7000-7f22bcfa6000 rw-p 00000000 00:00 0 
7f22bcfa7000-7f22bcfad000 rw-p 00000000 00:00 0 
7f22bcfad000-7f22bcfb4000 ---p 00000000 00:00 0 
7f22bcfb4000-7f22bcfbc000 rw-s 00000000 fd:00 16121869                   /tmp/hsperfdata_minecraft/10176
7f22bcfbc000-7f22bcfbd000 ---p 00000000 00:00 0 
7f22bcfbd000-7f22bcfbe000 r--p 00000000 00:00 0 
7f22bcfbe000-7f22bcfc0000 rw-p 00000000 00:00 0 
7f22bcfc0000-7f22bcfc1000 r--p 00027000 fd:00 44175975                   /lib/x86_64-linux-gnu/ld-2.27.so
7f22bcfc1000-7f22bcfc2000 rw-p 00028000 fd:00 44175975                   /lib/x86_64-linux-gnu/ld-2.27.so
7f22bcfc2000-7f22bcfc3000 rw-p 00000000 00:00 0 
7ffee1bcd000-7ffee1bee000 rw-p 00000000 00:00 0                          [stack]
7ffee1bf5000-7ffee1bf8000 r--p 00000000 00:00 0                          [vvar]
7ffee1bf8000-7ffee1bfa000 r-xp 00000000 00:00 0                          [vdso]
ffffffffff600000-ffffffffff601000 r-xp 00000000 00:00 0                  [vsyscall]


VM Arguments:
jvm_args: -Xms3g -Xmx3g 
java_command: server.jar nogui
java_class_path (initial): server.jar
Launcher Type: SUN_STANDARD

Logging:
Log output configuration:
#0: stdout all=warning uptime,level,tags
#1: stderr all=off uptime,level,tags

Environment Variables:
PATH=/usr/local/sbin:/usr/local/bin:/usr/sbin:/usr/bin:/sbin:/bin
SHELL=/bin/sh

Signal Handlers:
SIGSEGV: [libjvm.so+0xd28b70], sa_mask[0]=11111111011111111101111111111110, sa_flags=SA_RESTART|SA_SIGINFO
SIGBUS: [libjvm.so+0xd28b70], sa_mask[0]=11111111011111111101111111111110, sa_flags=SA_RESTART|SA_SIGINFO
SIGFPE: [libjvm.so+0xd28b70], sa_mask[0]=11111111011111111101111111111110, sa_flags=SA_RESTART|SA_SIGINFO
SIGPIPE: [libjvm.so+0xb2a1f0], sa_mask[0]=11111111011111111101111111111110, sa_flags=SA_RESTART|SA_SIGINFO
SIGXFSZ: [libjvm.so+0xb2a1f0], sa_mask[0]=11111111011111111101111111111110, sa_flags=SA_RESTART|SA_SIGINFO
SIGILL: [libjvm.so+0xd28b70], sa_mask[0]=11111111011111111101111111111110, sa_flags=SA_RESTART|SA_SIGINFO
SIGUSR2: [libjvm.so+0xb2a030], sa_mask[0]=00000000000000000000000000000000, sa_flags=SA_RESTART|SA_SIGINFO
SIGHUP: SIG_DFL, sa_mask[0]=00000000000000000000000000000000, sa_flags=none
SIGINT: SIG_DFL, sa_mask[0]=00000000000000000000000000000000, sa_flags=none
SIGTERM: SIG_DFL, sa_mask[0]=00000000000000000000000000000000, sa_flags=none
SIGQUIT: SIG_DFL, sa_mask[0]=00000000000000000000000000000000, sa_flags=none


---------------  S Y S T E M  ---------------

OS:DISTRIB_ID=Ubuntu
DISTRIB_RELEASE=18.04
DISTRIB_CODENAME=bionic
DISTRIB_DESCRIPTION="Ubuntu 18.04.2 LTS"
uname:Linux 4.15.0-46-generic #49-Ubuntu SMP Wed Feb 6 09:33:07 UTC 2019 x86_64
libc:glibc 2.27 NPTL 2.27 
rlimit: STACK 8192k, CORE 0k, NPROC 15099, NOFILE 4096, AS infinity, DATA infinity, FSIZE infinity
load average:1.16 1.25 1.32

/proc/meminfo:
MemTotal:        3943748 kB
MemFree:          103068 kB
MemAvailable:    1495860 kB
Buffers:           43564 kB
Cached:          1549036 kB
SwapCached:         5848 kB
Active:          2628276 kB
Inactive:        1019840 kB
Active(anon):    1739240 kB
Inactive(anon):   346344 kB
Active(file):     889036 kB
Inactive(file):   673496 kB
Unevictable:           0 kB
Mlocked:               0 kB
SwapTotal:        999420 kB
SwapFree:         584880 kB
Dirty:              4508 kB
Writeback:             0 kB
AnonPages:       2053820 kB
Mapped:            78752 kB
Shmem:             30068 kB
Slab:             107048 kB
SReclaimable:      66052 kB
SUnreclaim:        40996 kB
KernelStack:        6040 kB
PageTables:        23596 kB
NFS_Unstable:          0 kB
Bounce:                0 kB
WritebackTmp:          0 kB
CommitLimit:     2971292 kB
Committed_AS:    3154872 kB
VmallocTotal:   34359738367 kB
VmallocUsed:           0 kB
VmallocChunk:          0 kB
HardwareCorrupted:     0 kB
AnonHugePages:         0 kB
ShmemHugePages:        0 kB
ShmemPmdMapped:        0 kB
CmaTotal:              0 kB
CmaFree:               0 kB
HugePages_Total:       0
HugePages_Free:        0
HugePages_Rsvd:        0
HugePages_Surp:        0
Hugepagesize:       2048 kB
DirectMap4k:      158320 kB
DirectMap2M:     3940352 kB
DirectMap1G:           0 kB

container (cgroup) information:
container_type: cgroupv1
cpu_cpuset_cpus: 0-3
cpu_memory_nodes: 0
active_processor_count: 4
cpu_quota: -1
cpu_period: 100000
cpu_shares: -1
memory_limit_in_bytes: -1
memory_and_swap_limit_in_bytes: -2
memory_soft_limit_in_bytes: -1
memory_usage_in_bytes: 3734929408
memory_max_usage_in_bytes: 2048000


CPU:total 4 (initial active 4) (2 cores per cpu, 2 threads per core) family 6 model 69 stepping 1, cmov, cx8, fxsr, mmx, sse, sse2, sse3, ssse3, sse4.1, sse4.2, popcnt, avx, avx2, aes, clmul, erms, lzcnt, ht, tsc, tscinvbit, bmi1, bmi2, fma
CPU Model and flags from /proc/cpuinfo:
model name	: Intel(R) Core(TM) i7-4500U CPU @ 1.80GHz
flags		: fpu vme de pse tsc msr pae mce cx8 apic sep mtrr pge mca cmov pat pse36 clflush dts acpi mmx fxsr sse sse2 ss ht tm pbe syscall nx pdpe1gb rdtscp lm constant_tsc arch_perfmon pebs bts rep_good nopl xtopology nonstop_tsc cpuid aperfmperf pni pclmulqdq dtes64 monitor ds_cpl vmx est tm2 ssse3 sdbg fma cx16 xtpr pdcm pcid sse4_1 sse4_2 movbe popcnt tsc_deadline_timer aes xsave avx f16c rdrand lahf_lm abm cpuid_fault epb invpcid_single pti ssbd ibrs ibpb stibp tpr_shadow vnmi flexpriority ept vpid fsgsbase tsc_adjust bmi1 avx2 smep bmi2 erms invpcid xsaveopt dtherm ida arat pln pts flush_l1d

Memory: 4k page, physical 3943748k(103068k free), swap 999420k(584880k free)

vm_info: OpenJDK 64-Bit Server VM (10.0.2+13-Ubuntu-1ubuntu0.18.04.4) for linux-amd64 JRE (10.0.2+13-Ubuntu-1ubuntu0.18.04.4), built on Nov 13 2018 12:53:39 by "buildd" with gcc 7.3.0

END.
