#
# There is insufficient memory for the Java Runtime Environment to continue.
# Native memory allocation (mmap) failed to map 3221225472 bytes for committing reserved memory.
# Possible reasons:
#   The system is out of physical RAM or swap space
#   The process is running with CompressedOops enabled, and the Java Heap may be blocking the growth of the native heap
# Possible solutions:
#   Reduce memory load on the system
#   Increase physical memory or swap space
#   Check if swap backing store is full
#   Decrease Java heap size (-Xmx/-Xms)
#   Decrease number of Java threads
#   Decrease Java thread stack sizes (-Xss)
#   Set larger code cache with -XX:ReservedCodeCacheSize=
# This output file may be truncated or incomplete.
#
#  Out of Memory Error (os_linux.cpp:2706), pid=27137, tid=27138
#
# JRE version:  (10.0.2+13) (build )
# Java VM: OpenJDK 64-Bit Server VM (10.0.2+13-Ubuntu-1ubuntu0.18.04.4, mixed mode, aot, tiered, compressed oops, g1 gc, linux-amd64)
# Core dump will be written. Default location: Core dumps may be processed with "/usr/share/apport/apport %p %s %c %d %P" (or dumping to /opt/forno/minecraft/core.27137)
#

---------------  S U M M A R Y ------------

Command Line: -Xms3g -Xmx3g server.jar nogui

Host: Intel(R) Core(TM) i7-4500U CPU @ 1.80GHz, 4 cores, 3G, Ubuntu 18.04.2 LTS
Time: Thu Mar 21 09:07:35 2019 JST elapsed time: 0 seconds (0d 0h 0m 0s)

---------------  T H R E A D  ---------------

Current thread (0x00007ff9fc011000):  JavaThread "Unknown thread" [_thread_in_vm, id=27138, stack(0x00007ffa056b8000,0x00007ffa057b9000)]

Stack: [0x00007ffa056b8000,0x00007ffa057b9000],  sp=0x00007ffa057b72e0,  free space=1020k
Native frames: (J=compiled Java code, A=aot compiled Java code, j=interpreted, Vv=VM code, C=native code)
V  [libjvm.so+0xd27ea4]
V  [libjvm.so+0xd28a4b]
V  [libjvm.so+0x64d415]
V  [libjvm.so+0xb2d7c8]
V  [libjvm.so+0xb2601d]
V  [libjvm.so+0x7662ff]
V  [libjvm.so+0x76653e]
V  [libjvm.so+0x769500]
V  [libjvm.so+0x7efa1c]
V  [libjvm.so+0x7f06df]
V  [libjvm.so+0x7f0b59]
V  [libjvm.so+0x7162cf]
V  [libjvm.so+0x71afd3]
V  [libjvm.so+0xce5dc2]
V  [libjvm.so+0xce60c6]
V  [libjvm.so+0x807d57]
V  [libjvm.so+0xcc7ac4]
V  [libjvm.so+0x8601b1]  JNI_CreateJavaVM+0x51
C  [libjli.so+0x3d83]
C  [libjli.so+0x89dd]
C  [libpthread.so.0+0x76db]  start_thread+0xdb


---------------  P R O C E S S  ---------------

Threads class SMR info:
_java_thread_list=0x000055ff278106b0, length=0, elements={
}

Java Threads: ( => current thread )

Other Threads:
  0x00007ff9fc028000 GCTaskThread "GC Thread#0" [stack: 0x00007ffa017e1000,0x00007ffa018e1000] [id=27139]
  0x00007ff9fc029000 GCTaskThread "GC Thread#1" [stack: 0x00007ffa016df000,0x00007ffa017df000] [id=27140]
  0x00007ff9fc02b000 GCTaskThread "GC Thread#2" [stack: 0x00007ffa015dd000,0x00007ffa016dd000] [id=27141]
  0x00007ff9fc02c800 GCTaskThread "GC Thread#3" [stack: 0x00007ffa014db000,0x00007ffa015db000] [id=27142]
  0x00007ff9fc06a000 ConcurrentGCThread "G1 Main Marker" [stack: 0x00007ffa00315000,0x00007ffa00415000] [id=27143]
  0x00007ff9fc06c000 ConcurrentGCThread "G1 Conc#0" [stack: 0x00007ffa00213000,0x00007ffa00313000] [id=27144]

[error occurred during error reporting (printing all threads), id 0xe0000002]

VM state:not at safepoint (not fully initialized)

VM Mutex/Monitor currently owned by a thread:  ([mutex/lock_event])
[0x00007ff9fc00df30] Heap_lock - owner thread: 0x00007ff9fc011000

Heap address: 0x0000000700000000, size: 3072 MB, Compressed Oops mode: Non-zero based: 0x0000000700000000
Narrow klass base: 0x0000000000000000, Narrow klass shift: 0

GC Heap History (0 events):
No events

Deoptimization events (0 events):
No events

Classes redefined (0 events):
No events

Internal exceptions (0 events):
No events

Events (0 events):
No events


Dynamic libraries:
55ff25fcd000-55ff25fce000 r-xp 00000000 fd:00 20185882                   /usr/lib/jvm/java-11-openjdk-amd64/bin/java
55ff261ce000-55ff261cf000 r--p 00001000 fd:00 20185882                   /usr/lib/jvm/java-11-openjdk-amd64/bin/java
55ff261cf000-55ff261d0000 rw-p 00002000 fd:00 20185882                   /usr/lib/jvm/java-11-openjdk-amd64/bin/java
55ff277f9000-55ff2781a000 rw-p 00000000 00:00 0                          [heap]
7ff9c0000000-7ff9c0021000 rw-p 00000000 00:00 0 
7ff9c0021000-7ff9c4000000 ---p 00000000 00:00 0 
7ff9c6000000-7ff9c8000000 rw-p 00000000 00:00 0 
7ff9c8000000-7ff9c8021000 rw-p 00000000 00:00 0 
7ff9c8021000-7ff9cc000000 ---p 00000000 00:00 0 
7ff9cc000000-7ff9cc021000 rw-p 00000000 00:00 0 
7ff9cc021000-7ff9d0000000 ---p 00000000 00:00 0 
7ff9d1000000-7ff9d4000000 ---p 00000000 00:00 0 
7ff9d4000000-7ff9d4021000 rw-p 00000000 00:00 0 
7ff9d4021000-7ff9d8000000 ---p 00000000 00:00 0 
7ff9d8000000-7ff9d8021000 rw-p 00000000 00:00 0 
7ff9d8021000-7ff9dc000000 ---p 00000000 00:00 0 
7ff9dc000000-7ff9dc021000 rw-p 00000000 00:00 0 
7ff9dc021000-7ff9e0000000 ---p 00000000 00:00 0 
7ff9e0323000-7ff9e0525000 rw-p 00000000 00:00 0 
7ff9e0525000-7ff9e3b25000 ---p 00000000 00:00 0 
7ff9e3b25000-7ff9e3d95000 rwxp 00000000 00:00 0 
7ff9e3d95000-7ff9e40b5000 ---p 00000000 00:00 0 
7ff9e40b5000-7ff9e4325000 rwxp 00000000 00:00 0 
7ff9e4325000-7ff9eb5ed000 ---p 00000000 00:00 0 
7ff9eb5ed000-7ff9eb85d000 rwxp 00000000 00:00 0 
7ff9eb85d000-7ff9f2b25000 ---p 00000000 00:00 0 
7ff9f2b25000-7ff9fc000000 r--s 00000000 fd:00 20186057                   /usr/lib/jvm/java-11-openjdk-amd64/lib/modules
7ff9fc000000-7ff9fc083000 rw-p 00000000 00:00 0 
7ff9fc083000-7ffa00000000 ---p 00000000 00:00 0 
7ffa0000f000-7ffa00211000 rw-p 00000000 00:00 0 
7ffa00211000-7ffa00212000 ---p 00000000 00:00 0 
7ffa00212000-7ffa00313000 rw-p 00000000 00:00 0 
7ffa00313000-7ffa00314000 ---p 00000000 00:00 0 
7ffa00314000-7ffa004d5000 rw-p 00000000 00:00 0 
7ffa004d5000-7ffa010d5000 ---p 00000000 00:00 0 
7ffa010d5000-7ffa014d9000 rw-p 00000000 00:00 0 
7ffa014d9000-7ffa014da000 ---p 00000000 00:00 0 
7ffa014da000-7ffa015db000 rw-p 00000000 00:00 0 
7ffa015db000-7ffa015dc000 ---p 00000000 00:00 0 
7ffa015dc000-7ffa016dd000 rw-p 00000000 00:00 0 
7ffa016dd000-7ffa016de000 ---p 00000000 00:00 0 
7ffa016de000-7ffa017df000 rw-p 00000000 00:00 0 
7ffa017df000-7ffa017e0000 ---p 00000000 00:00 0 
7ffa017e0000-7ffa018e6000 rw-p 00000000 00:00 0 
7ffa018e6000-7ffa019cc000 ---p 00000000 00:00 0 
7ffa019cc000-7ffa019d1000 rw-p 00000000 00:00 0 
7ffa019d1000-7ffa01ab7000 ---p 00000000 00:00 0 
7ffa01ab7000-7ffa01abc000 r-xp 00000000 fd:00 20186039                   /usr/lib/jvm/java-11-openjdk-amd64/lib/libjimage.so
7ffa01abc000-7ffa01cbb000 ---p 00005000 fd:00 20186039                   /usr/lib/jvm/java-11-openjdk-amd64/lib/libjimage.so
7ffa01cbb000-7ffa01cbc000 r--p 00004000 fd:00 20186039                   /usr/lib/jvm/java-11-openjdk-amd64/lib/libjimage.so
7ffa01cbc000-7ffa01cbd000 rw-p 00005000 fd:00 20186039                   /usr/lib/jvm/java-11-openjdk-amd64/lib/libjimage.so
7ffa01cbd000-7ffa01cc4000 r-xp 00000000 fd:00 20186056                   /usr/lib/jvm/java-11-openjdk-amd64/lib/libzip.so
7ffa01cc4000-7ffa01ec3000 ---p 00007000 fd:00 20186056                   /usr/lib/jvm/java-11-openjdk-amd64/lib/libzip.so
7ffa01ec3000-7ffa01ec4000 r--p 00006000 fd:00 20186056                   /usr/lib/jvm/java-11-openjdk-amd64/lib/libzip.so
7ffa01ec4000-7ffa01ec5000 rw-p 00007000 fd:00 20186056                   /usr/lib/jvm/java-11-openjdk-amd64/lib/libzip.so
7ffa01ec5000-7ffa01ed0000 r-xp 00000000 fd:00 44176093                   /lib/x86_64-linux-gnu/libnss_files-2.27.so
7ffa01ed0000-7ffa020cf000 ---p 0000b000 fd:00 44176093                   /lib/x86_64-linux-gnu/libnss_files-2.27.so
7ffa020cf000-7ffa020d0000 r--p 0000a000 fd:00 44176093                   /lib/x86_64-linux-gnu/libnss_files-2.27.so
7ffa020d0000-7ffa020d1000 rw-p 0000b000 fd:00 44176093                   /lib/x86_64-linux-gnu/libnss_files-2.27.so
7ffa020d1000-7ffa020d7000 rw-p 00000000 00:00 0 
7ffa020d7000-7ffa020ee000 r-xp 00000000 fd:00 44176087                   /lib/x86_64-linux-gnu/libnsl-2.27.so
7ffa020ee000-7ffa022ed000 ---p 00017000 fd:00 44176087                   /lib/x86_64-linux-gnu/libnsl-2.27.so
7ffa022ed000-7ffa022ee000 r--p 00016000 fd:00 44176087                   /lib/x86_64-linux-gnu/libnsl-2.27.so
7ffa022ee000-7ffa022ef000 rw-p 00017000 fd:00 44176087                   /lib/x86_64-linux-gnu/libnsl-2.27.so
7ffa022ef000-7ffa022f1000 rw-p 00000000 00:00 0 
7ffa022f1000-7ffa022fc000 r-xp 00000000 fd:00 44176104                   /lib/x86_64-linux-gnu/libnss_nis-2.27.so
7ffa022fc000-7ffa024fb000 ---p 0000b000 fd:00 44176104                   /lib/x86_64-linux-gnu/libnss_nis-2.27.so
7ffa024fb000-7ffa024fc000 r--p 0000a000 fd:00 44176104                   /lib/x86_64-linux-gnu/libnss_nis-2.27.so
7ffa024fc000-7ffa024fd000 rw-p 0000b000 fd:00 44176104                   /lib/x86_64-linux-gnu/libnss_nis-2.27.so
7ffa024fd000-7ffa02505000 r-xp 00000000 fd:00 44176089                   /lib/x86_64-linux-gnu/libnss_compat-2.27.so
7ffa02505000-7ffa02705000 ---p 00008000 fd:00 44176089                   /lib/x86_64-linux-gnu/libnss_compat-2.27.so
7ffa02705000-7ffa02706000 r--p 00008000 fd:00 44176089                   /lib/x86_64-linux-gnu/libnss_compat-2.27.so
7ffa02706000-7ffa02707000 rw-p 00009000 fd:00 44176089                   /lib/x86_64-linux-gnu/libnss_compat-2.27.so
7ffa02707000-7ffa02733000 r-xp 00000000 fd:00 20186035                   /usr/lib/jvm/java-11-openjdk-amd64/lib/libjava.so
7ffa02733000-7ffa02932000 ---p 0002c000 fd:00 20186035                   /usr/lib/jvm/java-11-openjdk-amd64/lib/libjava.so
7ffa02932000-7ffa02933000 r--p 0002b000 fd:00 20186035                   /usr/lib/jvm/java-11-openjdk-amd64/lib/libjava.so
7ffa02933000-7ffa02935000 rw-p 0002c000 fd:00 20186035                   /usr/lib/jvm/java-11-openjdk-amd64/lib/libjava.so
7ffa02935000-7ffa02942000 r-xp 00000000 fd:00 20186055                   /usr/lib/jvm/java-11-openjdk-amd64/lib/libverify.so
7ffa02942000-7ffa02b41000 ---p 0000d000 fd:00 20186055                   /usr/lib/jvm/java-11-openjdk-amd64/lib/libverify.so
7ffa02b41000-7ffa02b43000 r--p 0000c000 fd:00 20186055                   /usr/lib/jvm/java-11-openjdk-amd64/lib/libverify.so
7ffa02b43000-7ffa02b44000 rw-p 0000e000 fd:00 20186055                   /usr/lib/jvm/java-11-openjdk-amd64/lib/libverify.so
7ffa02b44000-7ffa02b4b000 r-xp 00000000 fd:00 44176144                   /lib/x86_64-linux-gnu/librt-2.27.so
7ffa02b4b000-7ffa02d4a000 ---p 00007000 fd:00 44176144                   /lib/x86_64-linux-gnu/librt-2.27.so
7ffa02d4a000-7ffa02d4b000 r--p 00006000 fd:00 44176144                   /lib/x86_64-linux-gnu/librt-2.27.so
7ffa02d4b000-7ffa02d4c000 rw-p 00007000 fd:00 44176144                   /lib/x86_64-linux-gnu/librt-2.27.so
7ffa02d4c000-7ffa02d63000 r-xp 00000000 fd:00 44175907                   /lib/x86_64-linux-gnu/libgcc_s.so.1
7ffa02d63000-7ffa02f62000 ---p 00017000 fd:00 44175907                   /lib/x86_64-linux-gnu/libgcc_s.so.1
7ffa02f62000-7ffa02f63000 r--p 00016000 fd:00 44175907                   /lib/x86_64-linux-gnu/libgcc_s.so.1
7ffa02f63000-7ffa02f64000 rw-p 00017000 fd:00 44175907                   /lib/x86_64-linux-gnu/libgcc_s.so.1
7ffa02f64000-7ffa03101000 r-xp 00000000 fd:00 44176066                   /lib/x86_64-linux-gnu/libm-2.27.so
7ffa03101000-7ffa03300000 ---p 0019d000 fd:00 44176066                   /lib/x86_64-linux-gnu/libm-2.27.so
7ffa03300000-7ffa03301000 r--p 0019c000 fd:00 44176066                   /lib/x86_64-linux-gnu/libm-2.27.so
7ffa03301000-7ffa03302000 rw-p 0019d000 fd:00 44176066                   /lib/x86_64-linux-gnu/libm-2.27.so
7ffa03302000-7ffa0347b000 r-xp 00000000 fd:00 18090134                   /usr/lib/x86_64-linux-gnu/libstdc++.so.6.0.25
7ffa0347b000-7ffa0367b000 ---p 00179000 fd:00 18090134                   /usr/lib/x86_64-linux-gnu/libstdc++.so.6.0.25
7ffa0367b000-7ffa03685000 r--p 00179000 fd:00 18090134                   /usr/lib/x86_64-linux-gnu/libstdc++.so.6.0.25
7ffa03685000-7ffa03687000 rw-p 00183000 fd:00 18090134                   /usr/lib/x86_64-linux-gnu/libstdc++.so.6.0.25
7ffa03687000-7ffa0368b000 rw-p 00000000 00:00 0 
7ffa0368b000-7ffa04628000 r-xp 00000000 fd:00 20186062                   /usr/lib/jvm/java-11-openjdk-amd64/lib/server/libjvm.so
7ffa04628000-7ffa04828000 ---p 00f9d000 fd:00 20186062                   /usr/lib/jvm/java-11-openjdk-amd64/lib/server/libjvm.so
7ffa04828000-7ffa048ec000 r--p 00f9d000 fd:00 20186062                   /usr/lib/jvm/java-11-openjdk-amd64/lib/server/libjvm.so
7ffa048ec000-7ffa04924000 rw-p 01061000 fd:00 20186062                   /usr/lib/jvm/java-11-openjdk-amd64/lib/server/libjvm.so
7ffa04924000-7ffa0496d000 rw-p 00000000 00:00 0 
7ffa0496d000-7ffa04987000 r-xp 00000000 fd:00 44176136                   /lib/x86_64-linux-gnu/libpthread-2.27.so
7ffa04987000-7ffa04b86000 ---p 0001a000 fd:00 44176136                   /lib/x86_64-linux-gnu/libpthread-2.27.so
7ffa04b86000-7ffa04b87000 r--p 00019000 fd:00 44176136                   /lib/x86_64-linux-gnu/libpthread-2.27.so
7ffa04b87000-7ffa04b88000 rw-p 0001a000 fd:00 44176136                   /lib/x86_64-linux-gnu/libpthread-2.27.so
7ffa04b88000-7ffa04b8c000 rw-p 00000000 00:00 0 
7ffa04b8c000-7ffa04b8f000 r-xp 00000000 fd:00 44176026                   /lib/x86_64-linux-gnu/libdl-2.27.so
7ffa04b8f000-7ffa04d8e000 ---p 00003000 fd:00 44176026                   /lib/x86_64-linux-gnu/libdl-2.27.so
7ffa04d8e000-7ffa04d8f000 r--p 00002000 fd:00 44176026                   /lib/x86_64-linux-gnu/libdl-2.27.so
7ffa04d8f000-7ffa04d90000 rw-p 00003000 fd:00 44176026                   /lib/x86_64-linux-gnu/libdl-2.27.so
7ffa04d90000-7ffa04dac000 r-xp 00000000 fd:00 44176175                   /lib/x86_64-linux-gnu/libz.so.1.2.11
7ffa04dac000-7ffa04fab000 ---p 0001c000 fd:00 44176175                   /lib/x86_64-linux-gnu/libz.so.1.2.11
7ffa04fab000-7ffa04fac000 r--p 0001b000 fd:00 44176175                   /lib/x86_64-linux-gnu/libz.so.1.2.11
7ffa04fac000-7ffa04fad000 rw-p 0001c000 fd:00 44176175                   /lib/x86_64-linux-gnu/libz.so.1.2.11
7ffa04fad000-7ffa05194000 r-xp 00000000 fd:00 44176003                   /lib/x86_64-linux-gnu/libc-2.27.so
7ffa05194000-7ffa05394000 ---p 001e7000 fd:00 44176003                   /lib/x86_64-linux-gnu/libc-2.27.so
7ffa05394000-7ffa05398000 r--p 001e7000 fd:00 44176003                   /lib/x86_64-linux-gnu/libc-2.27.so
7ffa05398000-7ffa0539a000 rw-p 001eb000 fd:00 44176003                   /lib/x86_64-linux-gnu/libc-2.27.so
7ffa0539a000-7ffa0539e000 rw-p 00000000 00:00 0 
7ffa0539e000-7ffa053ad000 r-xp 00000000 fd:00 20186020                   /usr/lib/jvm/java-11-openjdk-amd64/lib/jli/libjli.so
7ffa053ad000-7ffa055ac000 ---p 0000f000 fd:00 20186020                   /usr/lib/jvm/java-11-openjdk-amd64/lib/jli/libjli.so
7ffa055ac000-7ffa055ad000 r--p 0000e000 fd:00 20186020                   /usr/lib/jvm/java-11-openjdk-amd64/lib/jli/libjli.so
7ffa055ad000-7ffa055ae000 rw-p 0000f000 fd:00 20186020                   /usr/lib/jvm/java-11-openjdk-amd64/lib/jli/libjli.so
7ffa055ae000-7ffa055d5000 r-xp 00000000 fd:00 44175975                   /lib/x86_64-linux-gnu/ld-2.27.so
7ffa05651000-7ffa056b8000 rw-p 00000000 00:00 0 
7ffa056b8000-7ffa056bc000 ---p 00000000 00:00 0 
7ffa056bc000-7ffa057bb000 rw-p 00000000 00:00 0 
7ffa057bc000-7ffa057c2000 rw-p 00000000 00:00 0 
7ffa057c2000-7ffa057c9000 ---p 00000000 00:00 0 
7ffa057c9000-7ffa057d1000 rw-s 00000000 fd:00 16121869                   /tmp/hsperfdata_minecraft/27137
7ffa057d1000-7ffa057d2000 ---p 00000000 00:00 0 
7ffa057d2000-7ffa057d3000 r--p 00000000 00:00 0 
7ffa057d3000-7ffa057d5000 rw-p 00000000 00:00 0 
7ffa057d5000-7ffa057d6000 r--p 00027000 fd:00 44175975                   /lib/x86_64-linux-gnu/ld-2.27.so
7ffa057d6000-7ffa057d7000 rw-p 00028000 fd:00 44175975                   /lib/x86_64-linux-gnu/ld-2.27.so
7ffa057d7000-7ffa057d8000 rw-p 00000000 00:00 0 
7ffd75520000-7ffd75541000 rw-p 00000000 00:00 0                          [stack]
7ffd75599000-7ffd7559c000 r--p 00000000 00:00 0                          [vvar]
7ffd7559c000-7ffd7559e000 r-xp 00000000 00:00 0                          [vdso]
ffffffffff600000-ffffffffff601000 r-xp 00000000 00:00 0                  [vsyscall]


VM Arguments:
jvm_args: -Xms3g -Xmx3g 
java_command: server.jar nogui
java_class_path (initial): server.jar
Launcher Type: SUN_STANDARD

Logging:
Log output configuration:
#0: stdout all=warning uptime,level,tags
#1: stderr all=off uptime,level,tags

Environment Variables:
PATH=/usr/local/sbin:/usr/local/bin:/usr/sbin:/usr/bin:/sbin:/bin
SHELL=/bin/sh

Signal Handlers:
SIGSEGV: [libjvm.so+0xd28b70], sa_mask[0]=11111111011111111101111111111110, sa_flags=SA_RESTART|SA_SIGINFO
SIGBUS: [libjvm.so+0xd28b70], sa_mask[0]=11111111011111111101111111111110, sa_flags=SA_RESTART|SA_SIGINFO
SIGFPE: [libjvm.so+0xd28b70], sa_mask[0]=11111111011111111101111111111110, sa_flags=SA_RESTART|SA_SIGINFO
SIGPIPE: [libjvm.so+0xb2a1f0], sa_mask[0]=11111111011111111101111111111110, sa_flags=SA_RESTART|SA_SIGINFO
SIGXFSZ: [libjvm.so+0xb2a1f0], sa_mask[0]=11111111011111111101111111111110, sa_flags=SA_RESTART|SA_SIGINFO
SIGILL: [libjvm.so+0xd28b70], sa_mask[0]=11111111011111111101111111111110, sa_flags=SA_RESTART|SA_SIGINFO
SIGUSR2: [libjvm.so+0xb2a030], sa_mask[0]=00000000000000000000000000000000, sa_flags=SA_RESTART|SA_SIGINFO
SIGHUP: SIG_DFL, sa_mask[0]=00000000000000000000000000000000, sa_flags=none
SIGINT: SIG_DFL, sa_mask[0]=00000000000000000000000000000000, sa_flags=none
SIGTERM: SIG_DFL, sa_mask[0]=00000000000000000000000000000000, sa_flags=none
SIGQUIT: SIG_DFL, sa_mask[0]=00000000000000000000000000000000, sa_flags=none


---------------  S Y S T E M  ---------------

OS:DISTRIB_ID=Ubuntu
DISTRIB_RELEASE=18.04
DISTRIB_CODENAME=bionic
DISTRIB_DESCRIPTION="Ubuntu 18.04.2 LTS"
uname:Linux 4.15.0-46-generic #49-Ubuntu SMP Wed Feb 6 09:33:07 UTC 2019 x86_64
libc:glibc 2.27 NPTL 2.27 
rlimit: STACK 8192k, CORE 0k, NPROC 15099, NOFILE 4096, AS infinity, DATA infinity, FSIZE infinity
load average:1.43 1.32 1.36

/proc/meminfo:
MemTotal:        3943748 kB
MemFree:          131512 kB
MemAvailable:    1192708 kB
Buffers:           36052 kB
Cached:          1224632 kB
SwapCached:         8884 kB
Active:          2795564 kB
Inactive:         822464 kB
Active(anon):    1913396 kB
Inactive(anon):   474020 kB
Active(file):     882168 kB
Inactive(file):   348444 kB
Unevictable:           0 kB
Mlocked:               0 kB
SwapTotal:        999420 kB
SwapFree:         603312 kB
Dirty:              3692 kB
Writeback:             0 kB
AnonPages:       2354812 kB
Mapped:           169308 kB
Shmem:             30072 kB
Slab:             107592 kB
SReclaimable:      66700 kB
SUnreclaim:        40892 kB
KernelStack:        5992 kB
PageTables:        23800 kB
NFS_Unstable:          0 kB
Bounce:                0 kB
WritebackTmp:          0 kB
CommitLimit:     2971292 kB
Committed_AS:    3075856 kB
VmallocTotal:   34359738367 kB
VmallocUsed:           0 kB
VmallocChunk:          0 kB
HardwareCorrupted:     0 kB
AnonHugePages:         0 kB
ShmemHugePages:        0 kB
ShmemPmdMapped:        0 kB
CmaTotal:              0 kB
CmaFree:               0 kB
HugePages_Total:       0
HugePages_Free:        0
HugePages_Rsvd:        0
HugePages_Surp:        0
Hugepagesize:       2048 kB
DirectMap4k:      158320 kB
DirectMap2M:     3940352 kB
DirectMap1G:           0 kB

container (cgroup) information:
container_type: cgroupv1
cpu_cpuset_cpus: 0-3
cpu_memory_nodes: 0
active_processor_count: 4
cpu_quota: -1
cpu_period: 100000
cpu_shares: -1
memory_limit_in_bytes: -1
memory_and_swap_limit_in_bytes: -2
memory_soft_limit_in_bytes: -1
memory_usage_in_bytes: 3703386112
memory_max_usage_in_bytes: 2048000


CPU:total 4 (initial active 4) (2 cores per cpu, 2 threads per core) family 6 model 69 stepping 1, cmov, cx8, fxsr, mmx, sse, sse2, sse3, ssse3, sse4.1, sse4.2, popcnt, avx, avx2, aes, clmul, erms, lzcnt, ht, tsc, tscinvbit, bmi1, bmi2, fma
CPU Model and flags from /proc/cpuinfo:
model name	: Intel(R) Core(TM) i7-4500U CPU @ 1.80GHz
flags		: fpu vme de pse tsc msr pae mce cx8 apic sep mtrr pge mca cmov pat pse36 clflush dts acpi mmx fxsr sse sse2 ss ht tm pbe syscall nx pdpe1gb rdtscp lm constant_tsc arch_perfmon pebs bts rep_good nopl xtopology nonstop_tsc cpuid aperfmperf pni pclmulqdq dtes64 monitor ds_cpl vmx est tm2 ssse3 sdbg fma cx16 xtpr pdcm pcid sse4_1 sse4_2 movbe popcnt tsc_deadline_timer aes xsave avx f16c rdrand lahf_lm abm cpuid_fault epb invpcid_single pti ssbd ibrs ibpb stibp tpr_shadow vnmi flexpriority ept vpid fsgsbase tsc_adjust bmi1 avx2 smep bmi2 erms invpcid xsaveopt dtherm ida arat pln pts flush_l1d

Memory: 4k page, physical 3943748k(131512k free), swap 999420k(603312k free)

vm_info: OpenJDK 64-Bit Server VM (10.0.2+13-Ubuntu-1ubuntu0.18.04.4) for linux-amd64 JRE (10.0.2+13-Ubuntu-1ubuntu0.18.04.4), built on Nov 13 2018 12:53:39 by "buildd" with gcc 7.3.0

END.
