#
# There is insufficient memory for the Java Runtime Environment to continue.
# Native memory allocation (mmap) failed to map 3221225472 bytes for committing reserved memory.
# Possible reasons:
#   The system is out of physical RAM or swap space
#   The process is running with CompressedOops enabled, and the Java Heap may be blocking the growth of the native heap
# Possible solutions:
#   Reduce memory load on the system
#   Increase physical memory or swap space
#   Check if swap backing store is full
#   Decrease Java heap size (-Xmx/-Xms)
#   Decrease number of Java threads
#   Decrease Java thread stack sizes (-Xss)
#   Set larger code cache with -XX:ReservedCodeCacheSize=
# This output file may be truncated or incomplete.
#
#  Out of Memory Error (os_linux.cpp:2706), pid=10617, tid=10618
#
# JRE version:  (10.0.2+13) (build )
# Java VM: OpenJDK 64-Bit Server VM (10.0.2+13-Ubuntu-1ubuntu0.18.04.4, mixed mode, aot, tiered, compressed oops, g1 gc, linux-amd64)
# Core dump will be written. Default location: Core dumps may be processed with "/usr/share/apport/apport %p %s %c %d %P" (or dumping to /opt/forno/minecraft/core.10617)
#

---------------  S U M M A R Y ------------

Command Line: -Xms3g -Xmx3g server.jar nogui

Host: Intel(R) Core(TM) i7-4500U CPU @ 1.80GHz, 4 cores, 3G, Ubuntu 18.04.2 LTS
Time: Thu Mar 21 03:18:08 2019 JST elapsed time: 0 seconds (0d 0h 0m 0s)

---------------  T H R E A D  ---------------

Current thread (0x00007f26b0011000):  JavaThread "Unknown thread" [_thread_in_vm, id=10618, stack(0x00007f26b9c7c000,0x00007f26b9d7d000)]

Stack: [0x00007f26b9c7c000,0x00007f26b9d7d000],  sp=0x00007f26b9d7b2e0,  free space=1020k
Native frames: (J=compiled Java code, A=aot compiled Java code, j=interpreted, Vv=VM code, C=native code)
V  [libjvm.so+0xd27ea4]
V  [libjvm.so+0xd28a4b]
V  [libjvm.so+0x64d415]
V  [libjvm.so+0xb2d7c8]
V  [libjvm.so+0xb2601d]
V  [libjvm.so+0x7662ff]
V  [libjvm.so+0x76653e]
V  [libjvm.so+0x769500]
V  [libjvm.so+0x7efa1c]
V  [libjvm.so+0x7f06df]
V  [libjvm.so+0x7f0b59]
V  [libjvm.so+0x7162cf]
V  [libjvm.so+0x71afd3]
V  [libjvm.so+0xce5dc2]
V  [libjvm.so+0xce60c6]
V  [libjvm.so+0x807d57]
V  [libjvm.so+0xcc7ac4]
V  [libjvm.so+0x8601b1]  JNI_CreateJavaVM+0x51
C  [libjli.so+0x3d83]
C  [libjli.so+0x89dd]
C  [libpthread.so.0+0x76db]  start_thread+0xdb


---------------  P R O C E S S  ---------------

Threads class SMR info:
_java_thread_list=0x000056073fbb26b0, length=0, elements={
}

Java Threads: ( => current thread )

Other Threads:
  0x00007f26b0028000 GCTaskThread "GC Thread#0" [stack: 0x00007f26b5da5000,0x00007f26b5ea5000] [id=10619]
  0x00007f26b0029000 GCTaskThread "GC Thread#1" [stack: 0x00007f26b5ca3000,0x00007f26b5da3000] [id=10620]
  0x00007f26b002b000 GCTaskThread "GC Thread#2" [stack: 0x00007f26b5ba1000,0x00007f26b5ca1000] [id=10621]
  0x00007f26b002c800 GCTaskThread "GC Thread#3" [stack: 0x00007f26b5a9f000,0x00007f26b5b9f000] [id=10622]
  0x00007f26b006a000 ConcurrentGCThread "G1 Main Marker" [stack: 0x00007f26b42d9000,0x00007f26b43d9000] [id=10623]
  0x00007f26b006c000 ConcurrentGCThread "G1 Conc#0" [stack: 0x00007f26b41d7000,0x00007f26b42d7000] [id=10624]

[error occurred during error reporting (printing all threads), id 0xe0000002]

VM state:not at safepoint (not fully initialized)

VM Mutex/Monitor currently owned by a thread:  ([mutex/lock_event])
[0x00007f26b000df30] Heap_lock - owner thread: 0x00007f26b0011000

Heap address: 0x0000000700000000, size: 3072 MB, Compressed Oops mode: Non-zero based: 0x0000000700000000
Narrow klass base: 0x0000000000000000, Narrow klass shift: 0

GC Heap History (0 events):
No events

Deoptimization events (0 events):
No events

Classes redefined (0 events):
No events

Internal exceptions (0 events):
No events

Events (0 events):
No events


Dynamic libraries:
56073ee1b000-56073ee1c000 r-xp 00000000 fd:00 20185882                   /usr/lib/jvm/java-11-openjdk-amd64/bin/java
56073f01c000-56073f01d000 r--p 00001000 fd:00 20185882                   /usr/lib/jvm/java-11-openjdk-amd64/bin/java
56073f01d000-56073f01e000 rw-p 00002000 fd:00 20185882                   /usr/lib/jvm/java-11-openjdk-amd64/bin/java
56073fb9b000-56073fbbc000 rw-p 00000000 00:00 0                          [heap]
7f2674000000-7f2674021000 rw-p 00000000 00:00 0 
7f2674021000-7f2678000000 ---p 00000000 00:00 0 
7f267a000000-7f267c000000 rw-p 00000000 00:00 0 
7f267c000000-7f267c021000 rw-p 00000000 00:00 0 
7f267c021000-7f2680000000 ---p 00000000 00:00 0 
7f2680000000-7f2680021000 rw-p 00000000 00:00 0 
7f2680021000-7f2684000000 ---p 00000000 00:00 0 
7f2685000000-7f2688000000 ---p 00000000 00:00 0 
7f2688000000-7f2688021000 rw-p 00000000 00:00 0 
7f2688021000-7f268c000000 ---p 00000000 00:00 0 
7f268c000000-7f268c021000 rw-p 00000000 00:00 0 
7f268c021000-7f2690000000 ---p 00000000 00:00 0 
7f2690000000-7f2690021000 rw-p 00000000 00:00 0 
7f2690021000-7f2694000000 ---p 00000000 00:00 0 
7f2694822000-7f2694b25000 rw-p 00000000 00:00 0 
7f2694b25000-7f2697b25000 ---p 00000000 00:00 0 
7f2697b25000-7f2697d95000 rwxp 00000000 00:00 0 
7f2697d95000-7f26980b5000 ---p 00000000 00:00 0 
7f26980b5000-7f2698325000 rwxp 00000000 00:00 0 
7f2698325000-7f269f5ed000 ---p 00000000 00:00 0 
7f269f5ed000-7f269f85d000 rwxp 00000000 00:00 0 
7f269f85d000-7f26a6b25000 ---p 00000000 00:00 0 
7f26a6b25000-7f26b0000000 r--s 00000000 fd:00 20186057                   /usr/lib/jvm/java-11-openjdk-amd64/lib/modules
7f26b0000000-7f26b0083000 rw-p 00000000 00:00 0 
7f26b0083000-7f26b4000000 ---p 00000000 00:00 0 
7f26b40d4000-7f26b41d5000 rw-p 00000000 00:00 0 
7f26b41d5000-7f26b41d6000 ---p 00000000 00:00 0 
7f26b41d6000-7f26b42d7000 rw-p 00000000 00:00 0 
7f26b42d7000-7f26b42d8000 ---p 00000000 00:00 0 
7f26b42d8000-7f26b4499000 rw-p 00000000 00:00 0 
7f26b4499000-7f26b5699000 ---p 00000000 00:00 0 
7f26b5699000-7f26b5a9d000 rw-p 00000000 00:00 0 
7f26b5a9d000-7f26b5a9e000 ---p 00000000 00:00 0 
7f26b5a9e000-7f26b5b9f000 rw-p 00000000 00:00 0 
7f26b5b9f000-7f26b5ba0000 ---p 00000000 00:00 0 
7f26b5ba0000-7f26b5ca1000 rw-p 00000000 00:00 0 
7f26b5ca1000-7f26b5ca2000 ---p 00000000 00:00 0 
7f26b5ca2000-7f26b5da3000 rw-p 00000000 00:00 0 
7f26b5da3000-7f26b5da4000 ---p 00000000 00:00 0 
7f26b5da4000-7f26b5eaa000 rw-p 00000000 00:00 0 
7f26b5eaa000-7f26b5f90000 ---p 00000000 00:00 0 
7f26b5f90000-7f26b5f95000 rw-p 00000000 00:00 0 
7f26b5f95000-7f26b607b000 ---p 00000000 00:00 0 
7f26b607b000-7f26b6080000 r-xp 00000000 fd:00 20186039                   /usr/lib/jvm/java-11-openjdk-amd64/lib/libjimage.so
7f26b6080000-7f26b627f000 ---p 00005000 fd:00 20186039                   /usr/lib/jvm/java-11-openjdk-amd64/lib/libjimage.so
7f26b627f000-7f26b6280000 r--p 00004000 fd:00 20186039                   /usr/lib/jvm/java-11-openjdk-amd64/lib/libjimage.so
7f26b6280000-7f26b6281000 rw-p 00005000 fd:00 20186039                   /usr/lib/jvm/java-11-openjdk-amd64/lib/libjimage.so
7f26b6281000-7f26b6288000 r-xp 00000000 fd:00 20186056                   /usr/lib/jvm/java-11-openjdk-amd64/lib/libzip.so
7f26b6288000-7f26b6487000 ---p 00007000 fd:00 20186056                   /usr/lib/jvm/java-11-openjdk-amd64/lib/libzip.so
7f26b6487000-7f26b6488000 r--p 00006000 fd:00 20186056                   /usr/lib/jvm/java-11-openjdk-amd64/lib/libzip.so
7f26b6488000-7f26b6489000 rw-p 00007000 fd:00 20186056                   /usr/lib/jvm/java-11-openjdk-amd64/lib/libzip.so
7f26b6489000-7f26b6494000 r-xp 00000000 fd:00 44176093                   /lib/x86_64-linux-gnu/libnss_files-2.27.so
7f26b6494000-7f26b6693000 ---p 0000b000 fd:00 44176093                   /lib/x86_64-linux-gnu/libnss_files-2.27.so
7f26b6693000-7f26b6694000 r--p 0000a000 fd:00 44176093                   /lib/x86_64-linux-gnu/libnss_files-2.27.so
7f26b6694000-7f26b6695000 rw-p 0000b000 fd:00 44176093                   /lib/x86_64-linux-gnu/libnss_files-2.27.so
7f26b6695000-7f26b669b000 rw-p 00000000 00:00 0 
7f26b669b000-7f26b66b2000 r-xp 00000000 fd:00 44176087                   /lib/x86_64-linux-gnu/libnsl-2.27.so
7f26b66b2000-7f26b68b1000 ---p 00017000 fd:00 44176087                   /lib/x86_64-linux-gnu/libnsl-2.27.so
7f26b68b1000-7f26b68b2000 r--p 00016000 fd:00 44176087                   /lib/x86_64-linux-gnu/libnsl-2.27.so
7f26b68b2000-7f26b68b3000 rw-p 00017000 fd:00 44176087                   /lib/x86_64-linux-gnu/libnsl-2.27.so
7f26b68b3000-7f26b68b5000 rw-p 00000000 00:00 0 
7f26b68b5000-7f26b68c0000 r-xp 00000000 fd:00 44176104                   /lib/x86_64-linux-gnu/libnss_nis-2.27.so
7f26b68c0000-7f26b6abf000 ---p 0000b000 fd:00 44176104                   /lib/x86_64-linux-gnu/libnss_nis-2.27.so
7f26b6abf000-7f26b6ac0000 r--p 0000a000 fd:00 44176104                   /lib/x86_64-linux-gnu/libnss_nis-2.27.so
7f26b6ac0000-7f26b6ac1000 rw-p 0000b000 fd:00 44176104                   /lib/x86_64-linux-gnu/libnss_nis-2.27.so
7f26b6ac1000-7f26b6ac9000 r-xp 00000000 fd:00 44176089                   /lib/x86_64-linux-gnu/libnss_compat-2.27.so
7f26b6ac9000-7f26b6cc9000 ---p 00008000 fd:00 44176089                   /lib/x86_64-linux-gnu/libnss_compat-2.27.so
7f26b6cc9000-7f26b6cca000 r--p 00008000 fd:00 44176089                   /lib/x86_64-linux-gnu/libnss_compat-2.27.so
7f26b6cca000-7f26b6ccb000 rw-p 00009000 fd:00 44176089                   /lib/x86_64-linux-gnu/libnss_compat-2.27.so
7f26b6ccb000-7f26b6cf7000 r-xp 00000000 fd:00 20186035                   /usr/lib/jvm/java-11-openjdk-amd64/lib/libjava.so
7f26b6cf7000-7f26b6ef6000 ---p 0002c000 fd:00 20186035                   /usr/lib/jvm/java-11-openjdk-amd64/lib/libjava.so
7f26b6ef6000-7f26b6ef7000 r--p 0002b000 fd:00 20186035                   /usr/lib/jvm/java-11-openjdk-amd64/lib/libjava.so
7f26b6ef7000-7f26b6ef9000 rw-p 0002c000 fd:00 20186035                   /usr/lib/jvm/java-11-openjdk-amd64/lib/libjava.so
7f26b6ef9000-7f26b6f06000 r-xp 00000000 fd:00 20186055                   /usr/lib/jvm/java-11-openjdk-amd64/lib/libverify.so
7f26b6f06000-7f26b7105000 ---p 0000d000 fd:00 20186055                   /usr/lib/jvm/java-11-openjdk-amd64/lib/libverify.so
7f26b7105000-7f26b7107000 r--p 0000c000 fd:00 20186055                   /usr/lib/jvm/java-11-openjdk-amd64/lib/libverify.so
7f26b7107000-7f26b7108000 rw-p 0000e000 fd:00 20186055                   /usr/lib/jvm/java-11-openjdk-amd64/lib/libverify.so
7f26b7108000-7f26b710f000 r-xp 00000000 fd:00 44176144                   /lib/x86_64-linux-gnu/librt-2.27.so
7f26b710f000-7f26b730e000 ---p 00007000 fd:00 44176144                   /lib/x86_64-linux-gnu/librt-2.27.so
7f26b730e000-7f26b730f000 r--p 00006000 fd:00 44176144                   /lib/x86_64-linux-gnu/librt-2.27.so
7f26b730f000-7f26b7310000 rw-p 00007000 fd:00 44176144                   /lib/x86_64-linux-gnu/librt-2.27.so
7f26b7310000-7f26b7327000 r-xp 00000000 fd:00 44175907                   /lib/x86_64-linux-gnu/libgcc_s.so.1
7f26b7327000-7f26b7526000 ---p 00017000 fd:00 44175907                   /lib/x86_64-linux-gnu/libgcc_s.so.1
7f26b7526000-7f26b7527000 r--p 00016000 fd:00 44175907                   /lib/x86_64-linux-gnu/libgcc_s.so.1
7f26b7527000-7f26b7528000 rw-p 00017000 fd:00 44175907                   /lib/x86_64-linux-gnu/libgcc_s.so.1
7f26b7528000-7f26b76c5000 r-xp 00000000 fd:00 44176066                   /lib/x86_64-linux-gnu/libm-2.27.so
7f26b76c5000-7f26b78c4000 ---p 0019d000 fd:00 44176066                   /lib/x86_64-linux-gnu/libm-2.27.so
7f26b78c4000-7f26b78c5000 r--p 0019c000 fd:00 44176066                   /lib/x86_64-linux-gnu/libm-2.27.so
7f26b78c5000-7f26b78c6000 rw-p 0019d000 fd:00 44176066                   /lib/x86_64-linux-gnu/libm-2.27.so
7f26b78c6000-7f26b7a3f000 r-xp 00000000 fd:00 18090134                   /usr/lib/x86_64-linux-gnu/libstdc++.so.6.0.25
7f26b7a3f000-7f26b7c3f000 ---p 00179000 fd:00 18090134                   /usr/lib/x86_64-linux-gnu/libstdc++.so.6.0.25
7f26b7c3f000-7f26b7c49000 r--p 00179000 fd:00 18090134                   /usr/lib/x86_64-linux-gnu/libstdc++.so.6.0.25
7f26b7c49000-7f26b7c4b000 rw-p 00183000 fd:00 18090134                   /usr/lib/x86_64-linux-gnu/libstdc++.so.6.0.25
7f26b7c4b000-7f26b7c4f000 rw-p 00000000 00:00 0 
7f26b7c4f000-7f26b8bec000 r-xp 00000000 fd:00 20186062                   /usr/lib/jvm/java-11-openjdk-amd64/lib/server/libjvm.so
7f26b8bec000-7f26b8dec000 ---p 00f9d000 fd:00 20186062                   /usr/lib/jvm/java-11-openjdk-amd64/lib/server/libjvm.so
7f26b8dec000-7f26b8eb0000 r--p 00f9d000 fd:00 20186062                   /usr/lib/jvm/java-11-openjdk-amd64/lib/server/libjvm.so
7f26b8eb0000-7f26b8ee8000 rw-p 01061000 fd:00 20186062                   /usr/lib/jvm/java-11-openjdk-amd64/lib/server/libjvm.so
7f26b8ee8000-7f26b8f31000 rw-p 00000000 00:00 0 
7f26b8f31000-7f26b8f4b000 r-xp 00000000 fd:00 44176136                   /lib/x86_64-linux-gnu/libpthread-2.27.so
7f26b8f4b000-7f26b914a000 ---p 0001a000 fd:00 44176136                   /lib/x86_64-linux-gnu/libpthread-2.27.so
7f26b914a000-7f26b914b000 r--p 00019000 fd:00 44176136                   /lib/x86_64-linux-gnu/libpthread-2.27.so
7f26b914b000-7f26b914c000 rw-p 0001a000 fd:00 44176136                   /lib/x86_64-linux-gnu/libpthread-2.27.so
7f26b914c000-7f26b9150000 rw-p 00000000 00:00 0 
7f26b9150000-7f26b9153000 r-xp 00000000 fd:00 44176026                   /lib/x86_64-linux-gnu/libdl-2.27.so
7f26b9153000-7f26b9352000 ---p 00003000 fd:00 44176026                   /lib/x86_64-linux-gnu/libdl-2.27.so
7f26b9352000-7f26b9353000 r--p 00002000 fd:00 44176026                   /lib/x86_64-linux-gnu/libdl-2.27.so
7f26b9353000-7f26b9354000 rw-p 00003000 fd:00 44176026                   /lib/x86_64-linux-gnu/libdl-2.27.so
7f26b9354000-7f26b9370000 r-xp 00000000 fd:00 44176175                   /lib/x86_64-linux-gnu/libz.so.1.2.11
7f26b9370000-7f26b956f000 ---p 0001c000 fd:00 44176175                   /lib/x86_64-linux-gnu/libz.so.1.2.11
7f26b956f000-7f26b9570000 r--p 0001b000 fd:00 44176175                   /lib/x86_64-linux-gnu/libz.so.1.2.11
7f26b9570000-7f26b9571000 rw-p 0001c000 fd:00 44176175                   /lib/x86_64-linux-gnu/libz.so.1.2.11
7f26b9571000-7f26b9758000 r-xp 00000000 fd:00 44176003                   /lib/x86_64-linux-gnu/libc-2.27.so
7f26b9758000-7f26b9958000 ---p 001e7000 fd:00 44176003                   /lib/x86_64-linux-gnu/libc-2.27.so
7f26b9958000-7f26b995c000 r--p 001e7000 fd:00 44176003                   /lib/x86_64-linux-gnu/libc-2.27.so
7f26b995c000-7f26b995e000 rw-p 001eb000 fd:00 44176003                   /lib/x86_64-linux-gnu/libc-2.27.so
7f26b995e000-7f26b9962000 rw-p 00000000 00:00 0 
7f26b9962000-7f26b9971000 r-xp 00000000 fd:00 20186020                   /usr/lib/jvm/java-11-openjdk-amd64/lib/jli/libjli.so
7f26b9971000-7f26b9b70000 ---p 0000f000 fd:00 20186020                   /usr/lib/jvm/java-11-openjdk-amd64/lib/jli/libjli.so
7f26b9b70000-7f26b9b71000 r--p 0000e000 fd:00 20186020                   /usr/lib/jvm/java-11-openjdk-amd64/lib/jli/libjli.so
7f26b9b71000-7f26b9b72000 rw-p 0000f000 fd:00 20186020                   /usr/lib/jvm/java-11-openjdk-amd64/lib/jli/libjli.so
7f26b9b72000-7f26b9b99000 r-xp 00000000 fd:00 44175975                   /lib/x86_64-linux-gnu/ld-2.27.so
7f26b9c15000-7f26b9c7c000 rw-p 00000000 00:00 0 
7f26b9c7c000-7f26b9c80000 ---p 00000000 00:00 0 
7f26b9c80000-7f26b9d7f000 rw-p 00000000 00:00 0 
7f26b9d80000-7f26b9d86000 rw-p 00000000 00:00 0 
7f26b9d86000-7f26b9d8d000 ---p 00000000 00:00 0 
7f26b9d8d000-7f26b9d95000 rw-s 00000000 fd:00 16121869                   /tmp/hsperfdata_minecraft/10617
7f26b9d95000-7f26b9d96000 ---p 00000000 00:00 0 
7f26b9d96000-7f26b9d97000 r--p 00000000 00:00 0 
7f26b9d97000-7f26b9d99000 rw-p 00000000 00:00 0 
7f26b9d99000-7f26b9d9a000 r--p 00027000 fd:00 44175975                   /lib/x86_64-linux-gnu/ld-2.27.so
7f26b9d9a000-7f26b9d9b000 rw-p 00028000 fd:00 44175975                   /lib/x86_64-linux-gnu/ld-2.27.so
7f26b9d9b000-7f26b9d9c000 rw-p 00000000 00:00 0 
7ffea02a8000-7ffea02c9000 rw-p 00000000 00:00 0                          [stack]
7ffea0301000-7ffea0304000 r--p 00000000 00:00 0                          [vvar]
7ffea0304000-7ffea0306000 r-xp 00000000 00:00 0                          [vdso]
ffffffffff600000-ffffffffff601000 r-xp 00000000 00:00 0                  [vsyscall]


VM Arguments:
jvm_args: -Xms3g -Xmx3g 
java_command: server.jar nogui
java_class_path (initial): server.jar
Launcher Type: SUN_STANDARD

Logging:
Log output configuration:
#0: stdout all=warning uptime,level,tags
#1: stderr all=off uptime,level,tags

Environment Variables:
PATH=/usr/local/sbin:/usr/local/bin:/usr/sbin:/usr/bin:/sbin:/bin
SHELL=/bin/sh

Signal Handlers:
SIGSEGV: [libjvm.so+0xd28b70], sa_mask[0]=11111111011111111101111111111110, sa_flags=SA_RESTART|SA_SIGINFO
SIGBUS: [libjvm.so+0xd28b70], sa_mask[0]=11111111011111111101111111111110, sa_flags=SA_RESTART|SA_SIGINFO
SIGFPE: [libjvm.so+0xd28b70], sa_mask[0]=11111111011111111101111111111110, sa_flags=SA_RESTART|SA_SIGINFO
SIGPIPE: [libjvm.so+0xb2a1f0], sa_mask[0]=11111111011111111101111111111110, sa_flags=SA_RESTART|SA_SIGINFO
SIGXFSZ: [libjvm.so+0xb2a1f0], sa_mask[0]=11111111011111111101111111111110, sa_flags=SA_RESTART|SA_SIGINFO
SIGILL: [libjvm.so+0xd28b70], sa_mask[0]=11111111011111111101111111111110, sa_flags=SA_RESTART|SA_SIGINFO
SIGUSR2: [libjvm.so+0xb2a030], sa_mask[0]=00000000000000000000000000000000, sa_flags=SA_RESTART|SA_SIGINFO
SIGHUP: SIG_DFL, sa_mask[0]=00000000000000000000000000000000, sa_flags=none
SIGINT: SIG_DFL, sa_mask[0]=00000000000000000000000000000000, sa_flags=none
SIGTERM: SIG_DFL, sa_mask[0]=00000000000000000000000000000000, sa_flags=none
SIGQUIT: SIG_DFL, sa_mask[0]=00000000000000000000000000000000, sa_flags=none


---------------  S Y S T E M  ---------------

OS:DISTRIB_ID=Ubuntu
DISTRIB_RELEASE=18.04
DISTRIB_CODENAME=bionic
DISTRIB_DESCRIPTION="Ubuntu 18.04.2 LTS"
uname:Linux 4.15.0-46-generic #49-Ubuntu SMP Wed Feb 6 09:33:07 UTC 2019 x86_64
libc:glibc 2.27 NPTL 2.27 
rlimit: STACK 8192k, CORE 0k, NPROC 15099, NOFILE 4096, AS infinity, DATA infinity, FSIZE infinity
load average:1.23 1.33 1.35

/proc/meminfo:
MemTotal:        3943748 kB
MemFree:         1151524 kB
MemAvailable:    1885400 kB
Buffers:           24540 kB
Cached:           919244 kB
SwapCached:         2368 kB
Active:          1890420 kB
Inactive:         730212 kB
Active(anon):    1408292 kB
Inactive(anon):   298684 kB
Active(file):     482128 kB
Inactive(file):   431528 kB
Unevictable:           0 kB
Mlocked:               0 kB
SwapTotal:        999420 kB
SwapFree:         559280 kB
Dirty:              4148 kB
Writeback:             0 kB
AnonPages:       1675876 kB
Mapped:           101908 kB
Shmem:             30128 kB
Slab:              87048 kB
SReclaimable:      45972 kB
SUnreclaim:        41076 kB
KernelStack:        5976 kB
PageTables:        21968 kB
NFS_Unstable:          0 kB
Bounce:                0 kB
WritebackTmp:          0 kB
CommitLimit:     2971292 kB
Committed_AS:    2897336 kB
VmallocTotal:   34359738367 kB
VmallocUsed:           0 kB
VmallocChunk:          0 kB
HardwareCorrupted:     0 kB
AnonHugePages:         0 kB
ShmemHugePages:        0 kB
ShmemPmdMapped:        0 kB
CmaTotal:              0 kB
CmaFree:               0 kB
HugePages_Total:       0
HugePages_Free:        0
HugePages_Rsvd:        0
HugePages_Surp:        0
Hugepagesize:       2048 kB
DirectMap4k:      154224 kB
DirectMap2M:     3944448 kB
DirectMap1G:           0 kB

container (cgroup) information:
container_type: cgroupv1
cpu_cpuset_cpus: 0-3
cpu_memory_nodes: 0
active_processor_count: 4
cpu_quota: -1
cpu_period: 100000
cpu_shares: -1
memory_limit_in_bytes: -1
memory_and_swap_limit_in_bytes: -2
memory_soft_limit_in_bytes: -1
memory_usage_in_bytes: 2683666432
memory_max_usage_in_bytes: 2048000


CPU:total 4 (initial active 4) (2 cores per cpu, 2 threads per core) family 6 model 69 stepping 1, cmov, cx8, fxsr, mmx, sse, sse2, sse3, ssse3, sse4.1, sse4.2, popcnt, avx, avx2, aes, clmul, erms, lzcnt, ht, tsc, tscinvbit, bmi1, bmi2, fma
CPU Model and flags from /proc/cpuinfo:
model name	: Intel(R) Core(TM) i7-4500U CPU @ 1.80GHz
flags		: fpu vme de pse tsc msr pae mce cx8 apic sep mtrr pge mca cmov pat pse36 clflush dts acpi mmx fxsr sse sse2 ss ht tm pbe syscall nx pdpe1gb rdtscp lm constant_tsc arch_perfmon pebs bts rep_good nopl xtopology nonstop_tsc cpuid aperfmperf pni pclmulqdq dtes64 monitor ds_cpl vmx est tm2 ssse3 sdbg fma cx16 xtpr pdcm pcid sse4_1 sse4_2 movbe popcnt tsc_deadline_timer aes xsave avx f16c rdrand lahf_lm abm cpuid_fault epb invpcid_single pti ssbd ibrs ibpb stibp tpr_shadow vnmi flexpriority ept vpid fsgsbase tsc_adjust bmi1 avx2 smep bmi2 erms invpcid xsaveopt dtherm ida arat pln pts flush_l1d

Memory: 4k page, physical 3943748k(1151524k free), swap 999420k(559280k free)

vm_info: OpenJDK 64-Bit Server VM (10.0.2+13-Ubuntu-1ubuntu0.18.04.4) for linux-amd64 JRE (10.0.2+13-Ubuntu-1ubuntu0.18.04.4), built on Nov 13 2018 12:53:39 by "buildd" with gcc 7.3.0

END.
