#
# There is insufficient memory for the Java Runtime Environment to continue.
# Native memory allocation (mmap) failed to map 3221225472 bytes for committing reserved memory.
# Possible reasons:
#   The system is out of physical RAM or swap space
#   The process is running with CompressedOops enabled, and the Java Heap may be blocking the growth of the native heap
# Possible solutions:
#   Reduce memory load on the system
#   Increase physical memory or swap space
#   Check if swap backing store is full
#   Decrease Java heap size (-Xmx/-Xms)
#   Decrease number of Java threads
#   Decrease Java thread stack sizes (-Xss)
#   Set larger code cache with -XX:ReservedCodeCacheSize=
# This output file may be truncated or incomplete.
#
#  Out of Memory Error (os_linux.cpp:2706), pid=22212, tid=22213
#
# JRE version:  (10.0.2+13) (build )
# Java VM: OpenJDK 64-Bit Server VM (10.0.2+13-Ubuntu-1ubuntu0.18.04.4, mixed mode, aot, tiered, compressed oops, g1 gc, linux-amd64)
# Core dump will be written. Default location: Core dumps may be processed with "/usr/share/apport/apport %p %s %c %d %P" (or dumping to /opt/forno/minecraft/core.22212)
#

---------------  S U M M A R Y ------------

Command Line: -Xms3g -Xmx3g server.jar nogui

Host: Intel(R) Core(TM) i7-4500U CPU @ 1.80GHz, 4 cores, 3G, Ubuntu 18.04.2 LTS
Time: Thu Mar 21 05:39:44 2019 JST elapsed time: 0 seconds (0d 0h 0m 0s)

---------------  T H R E A D  ---------------

Current thread (0x00007f33a0011000):  JavaThread "Unknown thread" [_thread_in_vm, id=22213, stack(0x00007f33a7809000,0x00007f33a790a000)]

Stack: [0x00007f33a7809000,0x00007f33a790a000],  sp=0x00007f33a79082e0,  free space=1020k
Native frames: (J=compiled Java code, A=aot compiled Java code, j=interpreted, Vv=VM code, C=native code)
V  [libjvm.so+0xd27ea4]
V  [libjvm.so+0xd28a4b]
V  [libjvm.so+0x64d415]
V  [libjvm.so+0xb2d7c8]
V  [libjvm.so+0xb2601d]
V  [libjvm.so+0x7662ff]
V  [libjvm.so+0x76653e]
V  [libjvm.so+0x769500]
V  [libjvm.so+0x7efa1c]
V  [libjvm.so+0x7f06df]
V  [libjvm.so+0x7f0b59]
V  [libjvm.so+0x7162cf]
V  [libjvm.so+0x71afd3]
V  [libjvm.so+0xce5dc2]
V  [libjvm.so+0xce60c6]
V  [libjvm.so+0x807d57]
V  [libjvm.so+0xcc7ac4]
V  [libjvm.so+0x8601b1]  JNI_CreateJavaVM+0x51
C  [libjli.so+0x3d83]
C  [libjli.so+0x89dd]
C  [libpthread.so.0+0x76db]  start_thread+0xdb


---------------  P R O C E S S  ---------------

Threads class SMR info:
_java_thread_list=0x0000560b0359b6b0, length=0, elements={
}

Java Threads: ( => current thread )

Other Threads:
  0x00007f33a0028000 GCTaskThread "GC Thread#0" [stack: 0x00007f3387441000,0x00007f3387541000] [id=22215]
  0x00007f33a0029000 GCTaskThread "GC Thread#1" [stack: 0x00007f338733f000,0x00007f338743f000] [id=22216]
  0x00007f33a002b000 GCTaskThread "GC Thread#2" [stack: 0x00007f338723d000,0x00007f338733d000] [id=22217]
  0x00007f33a002c800 GCTaskThread "GC Thread#3" [stack: 0x00007f338713b000,0x00007f338723b000] [id=22218]
  0x00007f33a006a000 ConcurrentGCThread "G1 Main Marker" [stack: 0x00007f3385975000,0x00007f3385a75000] [id=22220]
  0x00007f33a006c000 ConcurrentGCThread "G1 Conc#0" [stack: 0x00007f3385873000,0x00007f3385973000] [id=22221]

[error occurred during error reporting (printing all threads), id 0xe0000002]

VM state:not at safepoint (not fully initialized)

VM Mutex/Monitor currently owned by a thread:  ([mutex/lock_event])
[0x00007f33a000df30] Heap_lock - owner thread: 0x00007f33a0011000

Heap address: 0x0000000700000000, size: 3072 MB, Compressed Oops mode: Non-zero based: 0x0000000700000000
Narrow klass base: 0x0000000000000000, Narrow klass shift: 0

GC Heap History (0 events):
No events

Deoptimization events (0 events):
No events

Classes redefined (0 events):
No events

Internal exceptions (0 events):
No events

Events (0 events):
No events


Dynamic libraries:
560b01af5000-560b01af6000 r-xp 00000000 fd:00 20185882                   /usr/lib/jvm/java-11-openjdk-amd64/bin/java
560b01cf6000-560b01cf7000 r--p 00001000 fd:00 20185882                   /usr/lib/jvm/java-11-openjdk-amd64/bin/java
560b01cf7000-560b01cf8000 rw-p 00002000 fd:00 20185882                   /usr/lib/jvm/java-11-openjdk-amd64/bin/java
560b03584000-560b035a5000 rw-p 00000000 00:00 0                          [heap]
7f3360000000-7f3360021000 rw-p 00000000 00:00 0 
7f3360021000-7f3364000000 ---p 00000000 00:00 0 
7f3366000000-7f3368000000 rw-p 00000000 00:00 0 
7f3368000000-7f3368021000 rw-p 00000000 00:00 0 
7f3368021000-7f336c000000 ---p 00000000 00:00 0 
7f336d000000-7f3370000000 ---p 00000000 00:00 0 
7f3370000000-7f3370021000 rw-p 00000000 00:00 0 
7f3370021000-7f3374000000 ---p 00000000 00:00 0 
7f3375000000-7f3378000000 ---p 00000000 00:00 0 
7f3378000000-7f3378021000 rw-p 00000000 00:00 0 
7f3378021000-7f337c000000 ---p 00000000 00:00 0 
7f337c000000-7f337c021000 rw-p 00000000 00:00 0 
7f337c021000-7f3380000000 ---p 00000000 00:00 0 
7f3380000000-7f3380021000 rw-p 00000000 00:00 0 
7f3380021000-7f3384000000 ---p 00000000 00:00 0 
7f338546d000-7f3385871000 rw-p 00000000 00:00 0 
7f3385871000-7f3385872000 ---p 00000000 00:00 0 
7f3385872000-7f3385973000 rw-p 00000000 00:00 0 
7f3385973000-7f3385974000 ---p 00000000 00:00 0 
7f3385974000-7f3385b35000 rw-p 00000000 00:00 0 
7f3385b35000-7f3386d35000 ---p 00000000 00:00 0 
7f3386d35000-7f3387139000 rw-p 00000000 00:00 0 
7f3387139000-7f338713a000 ---p 00000000 00:00 0 
7f338713a000-7f338723b000 rw-p 00000000 00:00 0 
7f338723b000-7f338723c000 ---p 00000000 00:00 0 
7f338723c000-7f338733d000 rw-p 00000000 00:00 0 
7f338733d000-7f338733e000 ---p 00000000 00:00 0 
7f338733e000-7f338743f000 rw-p 00000000 00:00 0 
7f338743f000-7f3387440000 ---p 00000000 00:00 0 
7f3387440000-7f3387546000 rw-p 00000000 00:00 0 
7f3387546000-7f338762c000 ---p 00000000 00:00 0 
7f338762c000-7f3387631000 rw-p 00000000 00:00 0 
7f3387631000-7f3387717000 ---p 00000000 00:00 0 
7f3387717000-7f3387987000 rwxp 00000000 00:00 0 
7f3387987000-7f3387ca7000 ---p 00000000 00:00 0 
7f3387ca7000-7f3387f17000 rwxp 00000000 00:00 0 
7f3387f17000-7f338f1df000 ---p 00000000 00:00 0 
7f338f1df000-7f338f44f000 rwxp 00000000 00:00 0 
7f338f44f000-7f3396717000 ---p 00000000 00:00 0 
7f3396717000-7f339fbf2000 r--s 00000000 fd:00 20186057                   /usr/lib/jvm/java-11-openjdk-amd64/lib/modules
7f339fbf2000-7f339fbf7000 r-xp 00000000 fd:00 20186039                   /usr/lib/jvm/java-11-openjdk-amd64/lib/libjimage.so
7f339fbf7000-7f339fdf6000 ---p 00005000 fd:00 20186039                   /usr/lib/jvm/java-11-openjdk-amd64/lib/libjimage.so
7f339fdf6000-7f339fdf7000 r--p 00004000 fd:00 20186039                   /usr/lib/jvm/java-11-openjdk-amd64/lib/libjimage.so
7f339fdf7000-7f339fdf8000 rw-p 00005000 fd:00 20186039                   /usr/lib/jvm/java-11-openjdk-amd64/lib/libjimage.so
7f339fdf8000-7f339fdff000 r-xp 00000000 fd:00 20186056                   /usr/lib/jvm/java-11-openjdk-amd64/lib/libzip.so
7f339fdff000-7f339fffe000 ---p 00007000 fd:00 20186056                   /usr/lib/jvm/java-11-openjdk-amd64/lib/libzip.so
7f339fffe000-7f339ffff000 r--p 00006000 fd:00 20186056                   /usr/lib/jvm/java-11-openjdk-amd64/lib/libzip.so
7f339ffff000-7f33a0000000 rw-p 00007000 fd:00 20186056                   /usr/lib/jvm/java-11-openjdk-amd64/lib/libzip.so
7f33a0000000-7f33a0083000 rw-p 00000000 00:00 0 
7f33a0083000-7f33a4000000 ---p 00000000 00:00 0 
7f33a4016000-7f33a4021000 r-xp 00000000 fd:00 44176093                   /lib/x86_64-linux-gnu/libnss_files-2.27.so
7f33a4021000-7f33a4220000 ---p 0000b000 fd:00 44176093                   /lib/x86_64-linux-gnu/libnss_files-2.27.so
7f33a4220000-7f33a4221000 r--p 0000a000 fd:00 44176093                   /lib/x86_64-linux-gnu/libnss_files-2.27.so
7f33a4221000-7f33a4222000 rw-p 0000b000 fd:00 44176093                   /lib/x86_64-linux-gnu/libnss_files-2.27.so
7f33a4222000-7f33a4228000 rw-p 00000000 00:00 0 
7f33a4228000-7f33a423f000 r-xp 00000000 fd:00 44176087                   /lib/x86_64-linux-gnu/libnsl-2.27.so
7f33a423f000-7f33a443e000 ---p 00017000 fd:00 44176087                   /lib/x86_64-linux-gnu/libnsl-2.27.so
7f33a443e000-7f33a443f000 r--p 00016000 fd:00 44176087                   /lib/x86_64-linux-gnu/libnsl-2.27.so
7f33a443f000-7f33a4440000 rw-p 00017000 fd:00 44176087                   /lib/x86_64-linux-gnu/libnsl-2.27.so
7f33a4440000-7f33a4442000 rw-p 00000000 00:00 0 
7f33a4442000-7f33a444d000 r-xp 00000000 fd:00 44176104                   /lib/x86_64-linux-gnu/libnss_nis-2.27.so
7f33a444d000-7f33a464c000 ---p 0000b000 fd:00 44176104                   /lib/x86_64-linux-gnu/libnss_nis-2.27.so
7f33a464c000-7f33a464d000 r--p 0000a000 fd:00 44176104                   /lib/x86_64-linux-gnu/libnss_nis-2.27.so
7f33a464d000-7f33a464e000 rw-p 0000b000 fd:00 44176104                   /lib/x86_64-linux-gnu/libnss_nis-2.27.so
7f33a464e000-7f33a4656000 r-xp 00000000 fd:00 44176089                   /lib/x86_64-linux-gnu/libnss_compat-2.27.so
7f33a4656000-7f33a4856000 ---p 00008000 fd:00 44176089                   /lib/x86_64-linux-gnu/libnss_compat-2.27.so
7f33a4856000-7f33a4857000 r--p 00008000 fd:00 44176089                   /lib/x86_64-linux-gnu/libnss_compat-2.27.so
7f33a4857000-7f33a4858000 rw-p 00009000 fd:00 44176089                   /lib/x86_64-linux-gnu/libnss_compat-2.27.so
7f33a4858000-7f33a4884000 r-xp 00000000 fd:00 20186035                   /usr/lib/jvm/java-11-openjdk-amd64/lib/libjava.so
7f33a4884000-7f33a4a83000 ---p 0002c000 fd:00 20186035                   /usr/lib/jvm/java-11-openjdk-amd64/lib/libjava.so
7f33a4a83000-7f33a4a84000 r--p 0002b000 fd:00 20186035                   /usr/lib/jvm/java-11-openjdk-amd64/lib/libjava.so
7f33a4a84000-7f33a4a86000 rw-p 0002c000 fd:00 20186035                   /usr/lib/jvm/java-11-openjdk-amd64/lib/libjava.so
7f33a4a86000-7f33a4a93000 r-xp 00000000 fd:00 20186055                   /usr/lib/jvm/java-11-openjdk-amd64/lib/libverify.so
7f33a4a93000-7f33a4c92000 ---p 0000d000 fd:00 20186055                   /usr/lib/jvm/java-11-openjdk-amd64/lib/libverify.so
7f33a4c92000-7f33a4c94000 r--p 0000c000 fd:00 20186055                   /usr/lib/jvm/java-11-openjdk-amd64/lib/libverify.so
7f33a4c94000-7f33a4c95000 rw-p 0000e000 fd:00 20186055                   /usr/lib/jvm/java-11-openjdk-amd64/lib/libverify.so
7f33a4c95000-7f33a4c9c000 r-xp 00000000 fd:00 44176144                   /lib/x86_64-linux-gnu/librt-2.27.so
7f33a4c9c000-7f33a4e9b000 ---p 00007000 fd:00 44176144                   /lib/x86_64-linux-gnu/librt-2.27.so
7f33a4e9b000-7f33a4e9c000 r--p 00006000 fd:00 44176144                   /lib/x86_64-linux-gnu/librt-2.27.so
7f33a4e9c000-7f33a4e9d000 rw-p 00007000 fd:00 44176144                   /lib/x86_64-linux-gnu/librt-2.27.so
7f33a4e9d000-7f33a4eb4000 r-xp 00000000 fd:00 44175907                   /lib/x86_64-linux-gnu/libgcc_s.so.1
7f33a4eb4000-7f33a50b3000 ---p 00017000 fd:00 44175907                   /lib/x86_64-linux-gnu/libgcc_s.so.1
7f33a50b3000-7f33a50b4000 r--p 00016000 fd:00 44175907                   /lib/x86_64-linux-gnu/libgcc_s.so.1
7f33a50b4000-7f33a50b5000 rw-p 00017000 fd:00 44175907                   /lib/x86_64-linux-gnu/libgcc_s.so.1
7f33a50b5000-7f33a5252000 r-xp 00000000 fd:00 44176066                   /lib/x86_64-linux-gnu/libm-2.27.so
7f33a5252000-7f33a5451000 ---p 0019d000 fd:00 44176066                   /lib/x86_64-linux-gnu/libm-2.27.so
7f33a5451000-7f33a5452000 r--p 0019c000 fd:00 44176066                   /lib/x86_64-linux-gnu/libm-2.27.so
7f33a5452000-7f33a5453000 rw-p 0019d000 fd:00 44176066                   /lib/x86_64-linux-gnu/libm-2.27.so
7f33a5453000-7f33a55cc000 r-xp 00000000 fd:00 18090134                   /usr/lib/x86_64-linux-gnu/libstdc++.so.6.0.25
7f33a55cc000-7f33a57cc000 ---p 00179000 fd:00 18090134                   /usr/lib/x86_64-linux-gnu/libstdc++.so.6.0.25
7f33a57cc000-7f33a57d6000 r--p 00179000 fd:00 18090134                   /usr/lib/x86_64-linux-gnu/libstdc++.so.6.0.25
7f33a57d6000-7f33a57d8000 rw-p 00183000 fd:00 18090134                   /usr/lib/x86_64-linux-gnu/libstdc++.so.6.0.25
7f33a57d8000-7f33a57dc000 rw-p 00000000 00:00 0 
7f33a57dc000-7f33a6779000 r-xp 00000000 fd:00 20186062                   /usr/lib/jvm/java-11-openjdk-amd64/lib/server/libjvm.so
7f33a6779000-7f33a6979000 ---p 00f9d000 fd:00 20186062                   /usr/lib/jvm/java-11-openjdk-amd64/lib/server/libjvm.so
7f33a6979000-7f33a6a3d000 r--p 00f9d000 fd:00 20186062                   /usr/lib/jvm/java-11-openjdk-amd64/lib/server/libjvm.so
7f33a6a3d000-7f33a6a75000 rw-p 01061000 fd:00 20186062                   /usr/lib/jvm/java-11-openjdk-amd64/lib/server/libjvm.so
7f33a6a75000-7f33a6abe000 rw-p 00000000 00:00 0 
7f33a6abe000-7f33a6ad8000 r-xp 00000000 fd:00 44176136                   /lib/x86_64-linux-gnu/libpthread-2.27.so
7f33a6ad8000-7f33a6cd7000 ---p 0001a000 fd:00 44176136                   /lib/x86_64-linux-gnu/libpthread-2.27.so
7f33a6cd7000-7f33a6cd8000 r--p 00019000 fd:00 44176136                   /lib/x86_64-linux-gnu/libpthread-2.27.so
7f33a6cd8000-7f33a6cd9000 rw-p 0001a000 fd:00 44176136                   /lib/x86_64-linux-gnu/libpthread-2.27.so
7f33a6cd9000-7f33a6cdd000 rw-p 00000000 00:00 0 
7f33a6cdd000-7f33a6ce0000 r-xp 00000000 fd:00 44176026                   /lib/x86_64-linux-gnu/libdl-2.27.so
7f33a6ce0000-7f33a6edf000 ---p 00003000 fd:00 44176026                   /lib/x86_64-linux-gnu/libdl-2.27.so
7f33a6edf000-7f33a6ee0000 r--p 00002000 fd:00 44176026                   /lib/x86_64-linux-gnu/libdl-2.27.so
7f33a6ee0000-7f33a6ee1000 rw-p 00003000 fd:00 44176026                   /lib/x86_64-linux-gnu/libdl-2.27.so
7f33a6ee1000-7f33a6efd000 r-xp 00000000 fd:00 44176175                   /lib/x86_64-linux-gnu/libz.so.1.2.11
7f33a6efd000-7f33a70fc000 ---p 0001c000 fd:00 44176175                   /lib/x86_64-linux-gnu/libz.so.1.2.11
7f33a70fc000-7f33a70fd000 r--p 0001b000 fd:00 44176175                   /lib/x86_64-linux-gnu/libz.so.1.2.11
7f33a70fd000-7f33a70fe000 rw-p 0001c000 fd:00 44176175                   /lib/x86_64-linux-gnu/libz.so.1.2.11
7f33a70fe000-7f33a72e5000 r-xp 00000000 fd:00 44176003                   /lib/x86_64-linux-gnu/libc-2.27.so
7f33a72e5000-7f33a74e5000 ---p 001e7000 fd:00 44176003                   /lib/x86_64-linux-gnu/libc-2.27.so
7f33a74e5000-7f33a74e9000 r--p 001e7000 fd:00 44176003                   /lib/x86_64-linux-gnu/libc-2.27.so
7f33a74e9000-7f33a74eb000 rw-p 001eb000 fd:00 44176003                   /lib/x86_64-linux-gnu/libc-2.27.so
7f33a74eb000-7f33a74ef000 rw-p 00000000 00:00 0 
7f33a74ef000-7f33a74fe000 r-xp 00000000 fd:00 20186020                   /usr/lib/jvm/java-11-openjdk-amd64/lib/jli/libjli.so
7f33a74fe000-7f33a76fd000 ---p 0000f000 fd:00 20186020                   /usr/lib/jvm/java-11-openjdk-amd64/lib/jli/libjli.so
7f33a76fd000-7f33a76fe000 r--p 0000e000 fd:00 20186020                   /usr/lib/jvm/java-11-openjdk-amd64/lib/jli/libjli.so
7f33a76fe000-7f33a76ff000 rw-p 0000f000 fd:00 20186020                   /usr/lib/jvm/java-11-openjdk-amd64/lib/jli/libjli.so
7f33a76ff000-7f33a7726000 r-xp 00000000 fd:00 44175975                   /lib/x86_64-linux-gnu/ld-2.27.so
7f33a77a2000-7f33a7809000 rw-p 00000000 00:00 0 
7f33a7809000-7f33a780d000 ---p 00000000 00:00 0 
7f33a780d000-7f33a790c000 rw-p 00000000 00:00 0 
7f33a790d000-7f33a7913000 rw-p 00000000 00:00 0 
7f33a7913000-7f33a791a000 ---p 00000000 00:00 0 
7f33a791a000-7f33a7922000 rw-s 00000000 fd:00 16121869                   /tmp/hsperfdata_minecraft/22212
7f33a7922000-7f33a7923000 ---p 00000000 00:00 0 
7f33a7923000-7f33a7924000 r--p 00000000 00:00 0 
7f33a7924000-7f33a7926000 rw-p 00000000 00:00 0 
7f33a7926000-7f33a7927000 r--p 00027000 fd:00 44175975                   /lib/x86_64-linux-gnu/ld-2.27.so
7f33a7927000-7f33a7928000 rw-p 00028000 fd:00 44175975                   /lib/x86_64-linux-gnu/ld-2.27.so
7f33a7928000-7f33a7929000 rw-p 00000000 00:00 0 
7fff59124000-7fff59145000 rw-p 00000000 00:00 0                          [stack]
7fff591c1000-7fff591c4000 r--p 00000000 00:00 0                          [vvar]
7fff591c4000-7fff591c6000 r-xp 00000000 00:00 0                          [vdso]
ffffffffff600000-ffffffffff601000 r-xp 00000000 00:00 0                  [vsyscall]


VM Arguments:
jvm_args: -Xms3g -Xmx3g 
java_command: server.jar nogui
java_class_path (initial): server.jar
Launcher Type: SUN_STANDARD

Logging:
Log output configuration:
#0: stdout all=warning uptime,level,tags
#1: stderr all=off uptime,level,tags

Environment Variables:
PATH=/usr/local/sbin:/usr/local/bin:/usr/sbin:/usr/bin:/sbin:/bin
SHELL=/bin/sh

Signal Handlers:
SIGSEGV: [libjvm.so+0xd28b70], sa_mask[0]=11111111011111111101111111111110, sa_flags=SA_RESTART|SA_SIGINFO
SIGBUS: [libjvm.so+0xd28b70], sa_mask[0]=11111111011111111101111111111110, sa_flags=SA_RESTART|SA_SIGINFO
SIGFPE: [libjvm.so+0xd28b70], sa_mask[0]=11111111011111111101111111111110, sa_flags=SA_RESTART|SA_SIGINFO
SIGPIPE: [libjvm.so+0xb2a1f0], sa_mask[0]=11111111011111111101111111111110, sa_flags=SA_RESTART|SA_SIGINFO
SIGXFSZ: [libjvm.so+0xb2a1f0], sa_mask[0]=11111111011111111101111111111110, sa_flags=SA_RESTART|SA_SIGINFO
SIGILL: [libjvm.so+0xd28b70], sa_mask[0]=11111111011111111101111111111110, sa_flags=SA_RESTART|SA_SIGINFO
SIGUSR2: [libjvm.so+0xb2a030], sa_mask[0]=00000000000000000000000000000000, sa_flags=SA_RESTART|SA_SIGINFO
SIGHUP: SIG_DFL, sa_mask[0]=00000000000000000000000000000000, sa_flags=none
SIGINT: SIG_DFL, sa_mask[0]=00000000000000000000000000000000, sa_flags=none
SIGTERM: SIG_DFL, sa_mask[0]=00000000000000000000000000000000, sa_flags=none
SIGQUIT: SIG_DFL, sa_mask[0]=00000000000000000000000000000000, sa_flags=none


---------------  S Y S T E M  ---------------

OS:DISTRIB_ID=Ubuntu
DISTRIB_RELEASE=18.04
DISTRIB_CODENAME=bionic
DISTRIB_DESCRIPTION="Ubuntu 18.04.2 LTS"
uname:Linux 4.15.0-46-generic #49-Ubuntu SMP Wed Feb 6 09:33:07 UTC 2019 x86_64
libc:glibc 2.27 NPTL 2.27 
rlimit: STACK 8192k, CORE 0k, NPROC 15099, NOFILE 4096, AS infinity, DATA infinity, FSIZE infinity
load average:1.81 1.48 1.45

/proc/meminfo:
MemTotal:        3943748 kB
MemFree:          115144 kB
MemAvailable:    1598360 kB
Buffers:           38836 kB
Cached:          1644176 kB
SwapCached:         5032 kB
Active:          2560332 kB
Inactive:        1077604 kB
Active(anon):    1670060 kB
Inactive(anon):   314992 kB
Active(file):     890272 kB
Inactive(file):   762612 kB
Unevictable:           0 kB
Mlocked:               0 kB
SwapTotal:        999420 kB
SwapFree:         578736 kB
Dirty:              4796 kB
Writeback:             0 kB
AnonPages:       1952672 kB
Mapped:           112264 kB
Shmem:             30128 kB
Slab:             107368 kB
SReclaimable:      66196 kB
SUnreclaim:        41172 kB
KernelStack:        6024 kB
PageTables:        22688 kB
NFS_Unstable:          0 kB
Bounce:                0 kB
WritebackTmp:          0 kB
CommitLimit:     2971292 kB
Committed_AS:    3090112 kB
VmallocTotal:   34359738367 kB
VmallocUsed:           0 kB
VmallocChunk:          0 kB
HardwareCorrupted:     0 kB
AnonHugePages:         0 kB
ShmemHugePages:        0 kB
ShmemPmdMapped:        0 kB
CmaTotal:              0 kB
CmaFree:               0 kB
HugePages_Total:       0
HugePages_Free:        0
HugePages_Rsvd:        0
HugePages_Surp:        0
Hugepagesize:       2048 kB
DirectMap4k:      154224 kB
DirectMap2M:     3944448 kB
DirectMap1G:           0 kB

container (cgroup) information:
container_type: cgroupv1
cpu_cpuset_cpus: 0-3
cpu_memory_nodes: 0
active_processor_count: 4
cpu_quota: -1
cpu_period: 100000
cpu_shares: -1
memory_limit_in_bytes: -1
memory_and_swap_limit_in_bytes: -2
memory_soft_limit_in_bytes: -1
memory_usage_in_bytes: 3724075008
memory_max_usage_in_bytes: 2048000


CPU:total 4 (initial active 4) (2 cores per cpu, 2 threads per core) family 6 model 69 stepping 1, cmov, cx8, fxsr, mmx, sse, sse2, sse3, ssse3, sse4.1, sse4.2, popcnt, avx, avx2, aes, clmul, erms, lzcnt, ht, tsc, tscinvbit, bmi1, bmi2, fma
CPU Model and flags from /proc/cpuinfo:
model name	: Intel(R) Core(TM) i7-4500U CPU @ 1.80GHz
flags		: fpu vme de pse tsc msr pae mce cx8 apic sep mtrr pge mca cmov pat pse36 clflush dts acpi mmx fxsr sse sse2 ss ht tm pbe syscall nx pdpe1gb rdtscp lm constant_tsc arch_perfmon pebs bts rep_good nopl xtopology nonstop_tsc cpuid aperfmperf pni pclmulqdq dtes64 monitor ds_cpl vmx est tm2 ssse3 sdbg fma cx16 xtpr pdcm pcid sse4_1 sse4_2 movbe popcnt tsc_deadline_timer aes xsave avx f16c rdrand lahf_lm abm cpuid_fault epb invpcid_single pti ssbd ibrs ibpb stibp tpr_shadow vnmi flexpriority ept vpid fsgsbase tsc_adjust bmi1 avx2 smep bmi2 erms invpcid xsaveopt dtherm ida arat pln pts flush_l1d

Memory: 4k page, physical 3943748k(115144k free), swap 999420k(578736k free)

vm_info: OpenJDK 64-Bit Server VM (10.0.2+13-Ubuntu-1ubuntu0.18.04.4) for linux-amd64 JRE (10.0.2+13-Ubuntu-1ubuntu0.18.04.4), built on Nov 13 2018 12:53:39 by "buildd" with gcc 7.3.0

END.
