#
# There is insufficient memory for the Java Runtime Environment to continue.
# Native memory allocation (mmap) failed to map 3221225472 bytes for committing reserved memory.
# Possible reasons:
#   The system is out of physical RAM or swap space
#   The process is running with CompressedOops enabled, and the Java Heap may be blocking the growth of the native heap
# Possible solutions:
#   Reduce memory load on the system
#   Increase physical memory or swap space
#   Check if swap backing store is full
#   Decrease Java heap size (-Xmx/-Xms)
#   Decrease number of Java threads
#   Decrease Java thread stack sizes (-Xss)
#   Set larger code cache with -XX:ReservedCodeCacheSize=
# This output file may be truncated or incomplete.
#
#  Out of Memory Error (os_linux.cpp:2706), pid=6134, tid=6135
#
# JRE version:  (10.0.2+13) (build )
# Java VM: OpenJDK 64-Bit Server VM (10.0.2+13-Ubuntu-1ubuntu0.18.04.4, mixed mode, aot, tiered, compressed oops, g1 gc, linux-amd64)
# Core dump will be written. Default location: Core dumps may be processed with "/usr/share/apport/apport %p %s %c %d %P" (or dumping to /opt/forno/minecraft/core.6134)
#

---------------  S U M M A R Y ------------

Command Line: -Xms3g -Xmx3g server.jar nogui

Host: Intel(R) Core(TM) i7-4500U CPU @ 1.80GHz, 4 cores, 3G, Ubuntu 18.04.2 LTS
Time: Thu Mar 21 07:44:15 2019 JST elapsed time: 0 seconds (0d 0h 0m 0s)

---------------  T H R E A D  ---------------

Current thread (0x00007ff8a0011000):  JavaThread "Unknown thread" [_thread_in_vm, id=6135, stack(0x00007ff8a71ea000,0x00007ff8a72eb000)]

Stack: [0x00007ff8a71ea000,0x00007ff8a72eb000],  sp=0x00007ff8a72e92e0,  free space=1020k
Native frames: (J=compiled Java code, A=aot compiled Java code, j=interpreted, Vv=VM code, C=native code)
V  [libjvm.so+0xd27ea4]
V  [libjvm.so+0xd28a4b]
V  [libjvm.so+0x64d415]
V  [libjvm.so+0xb2d7c8]
V  [libjvm.so+0xb2601d]
V  [libjvm.so+0x7662ff]
V  [libjvm.so+0x76653e]
V  [libjvm.so+0x769500]
V  [libjvm.so+0x7efa1c]
V  [libjvm.so+0x7f06df]
V  [libjvm.so+0x7f0b59]
V  [libjvm.so+0x7162cf]
V  [libjvm.so+0x71afd3]
V  [libjvm.so+0xce5dc2]
V  [libjvm.so+0xce60c6]
V  [libjvm.so+0x807d57]
V  [libjvm.so+0xcc7ac4]
V  [libjvm.so+0x8601b1]  JNI_CreateJavaVM+0x51
C  [libjli.so+0x3d83]
C  [libjli.so+0x89dd]
C  [libpthread.so.0+0x76db]  start_thread+0xdb


---------------  P R O C E S S  ---------------

Threads class SMR info:
_java_thread_list=0x0000560b1465f6b0, length=0, elements={
}

Java Threads: ( => current thread )

Other Threads:
  0x00007ff8a0028000 GCTaskThread "GC Thread#0" [stack: 0x00007ff886e09000,0x00007ff886f09000] [id=6137]
  0x00007ff8a0029000 GCTaskThread "GC Thread#1" [stack: 0x00007ff886d07000,0x00007ff886e07000] [id=6138]
  0x00007ff8a002b000 GCTaskThread "GC Thread#2" [stack: 0x00007ff886c05000,0x00007ff886d05000] [id=6139]
  0x00007ff8a002c800 GCTaskThread "GC Thread#3" [stack: 0x00007ff886b03000,0x00007ff886c03000] [id=6140]
  0x00007ff8a006a000 ConcurrentGCThread "G1 Main Marker" [stack: 0x00007ff88533d000,0x00007ff88543d000] [id=6141]
  0x00007ff8a006c000 ConcurrentGCThread "G1 Conc#0" [stack: 0x00007ff88523b000,0x00007ff88533b000] [id=6142]

[error occurred during error reporting (printing all threads), id 0xe0000002]

VM state:not at safepoint (not fully initialized)

VM Mutex/Monitor currently owned by a thread:  ([mutex/lock_event])
[0x00007ff8a000df30] Heap_lock - owner thread: 0x00007ff8a0011000

Heap address: 0x0000000700000000, size: 3072 MB, Compressed Oops mode: Non-zero based: 0x0000000700000000
Narrow klass base: 0x0000000000000000, Narrow klass shift: 0

GC Heap History (0 events):
No events

Deoptimization events (0 events):
No events

Classes redefined (0 events):
No events

Internal exceptions (0 events):
No events

Events (0 events):
No events


Dynamic libraries:
560b1376c000-560b1376d000 r-xp 00000000 fd:00 20185882                   /usr/lib/jvm/java-11-openjdk-amd64/bin/java
560b1396d000-560b1396e000 r--p 00001000 fd:00 20185882                   /usr/lib/jvm/java-11-openjdk-amd64/bin/java
560b1396e000-560b1396f000 rw-p 00002000 fd:00 20185882                   /usr/lib/jvm/java-11-openjdk-amd64/bin/java
560b14648000-560b14669000 rw-p 00000000 00:00 0                          [heap]
7ff860000000-7ff860021000 rw-p 00000000 00:00 0 
7ff860021000-7ff864000000 ---p 00000000 00:00 0 
7ff866000000-7ff868000000 rw-p 00000000 00:00 0 
7ff868000000-7ff868021000 rw-p 00000000 00:00 0 
7ff868021000-7ff86c000000 ---p 00000000 00:00 0 
7ff86d000000-7ff870000000 ---p 00000000 00:00 0 
7ff870000000-7ff870021000 rw-p 00000000 00:00 0 
7ff870021000-7ff874000000 ---p 00000000 00:00 0 
7ff875000000-7ff878000000 ---p 00000000 00:00 0 
7ff878000000-7ff878021000 rw-p 00000000 00:00 0 
7ff878021000-7ff87c000000 ---p 00000000 00:00 0 
7ff87c000000-7ff87c021000 rw-p 00000000 00:00 0 
7ff87c021000-7ff880000000 ---p 00000000 00:00 0 
7ff880000000-7ff880021000 rw-p 00000000 00:00 0 
7ff880021000-7ff884000000 ---p 00000000 00:00 0 
7ff884e35000-7ff885239000 rw-p 00000000 00:00 0 
7ff885239000-7ff88523a000 ---p 00000000 00:00 0 
7ff88523a000-7ff88533b000 rw-p 00000000 00:00 0 
7ff88533b000-7ff88533c000 ---p 00000000 00:00 0 
7ff88533c000-7ff8854fd000 rw-p 00000000 00:00 0 
7ff8854fd000-7ff8866fd000 ---p 00000000 00:00 0 
7ff8866fd000-7ff886b01000 rw-p 00000000 00:00 0 
7ff886b01000-7ff886b02000 ---p 00000000 00:00 0 
7ff886b02000-7ff886c03000 rw-p 00000000 00:00 0 
7ff886c03000-7ff886c04000 ---p 00000000 00:00 0 
7ff886c04000-7ff886d05000 rw-p 00000000 00:00 0 
7ff886d05000-7ff886d06000 ---p 00000000 00:00 0 
7ff886d06000-7ff886e07000 rw-p 00000000 00:00 0 
7ff886e07000-7ff886e08000 ---p 00000000 00:00 0 
7ff886e08000-7ff886f0e000 rw-p 00000000 00:00 0 
7ff886f0e000-7ff886ff4000 ---p 00000000 00:00 0 
7ff886ff4000-7ff886ff9000 rw-p 00000000 00:00 0 
7ff886ff9000-7ff8870df000 ---p 00000000 00:00 0 
7ff8870df000-7ff88734f000 rwxp 00000000 00:00 0 
7ff88734f000-7ff88766f000 ---p 00000000 00:00 0 
7ff88766f000-7ff8878df000 rwxp 00000000 00:00 0 
7ff8878df000-7ff88eba7000 ---p 00000000 00:00 0 
7ff88eba7000-7ff88ee17000 rwxp 00000000 00:00 0 
7ff88ee17000-7ff8960df000 ---p 00000000 00:00 0 
7ff8960df000-7ff89f5ba000 r--s 00000000 fd:00 20186057                   /usr/lib/jvm/java-11-openjdk-amd64/lib/modules
7ff89f5ba000-7ff89f5bf000 r-xp 00000000 fd:00 20186039                   /usr/lib/jvm/java-11-openjdk-amd64/lib/libjimage.so
7ff89f5bf000-7ff89f7be000 ---p 00005000 fd:00 20186039                   /usr/lib/jvm/java-11-openjdk-amd64/lib/libjimage.so
7ff89f7be000-7ff89f7bf000 r--p 00004000 fd:00 20186039                   /usr/lib/jvm/java-11-openjdk-amd64/lib/libjimage.so
7ff89f7bf000-7ff89f7c0000 rw-p 00005000 fd:00 20186039                   /usr/lib/jvm/java-11-openjdk-amd64/lib/libjimage.so
7ff89f7c0000-7ff89f7c7000 r-xp 00000000 fd:00 20186056                   /usr/lib/jvm/java-11-openjdk-amd64/lib/libzip.so
7ff89f7c7000-7ff89f9c6000 ---p 00007000 fd:00 20186056                   /usr/lib/jvm/java-11-openjdk-amd64/lib/libzip.so
7ff89f9c6000-7ff89f9c7000 r--p 00006000 fd:00 20186056                   /usr/lib/jvm/java-11-openjdk-amd64/lib/libzip.so
7ff89f9c7000-7ff89f9c8000 rw-p 00007000 fd:00 20186056                   /usr/lib/jvm/java-11-openjdk-amd64/lib/libzip.so
7ff89f9c8000-7ff89f9d3000 r-xp 00000000 fd:00 44176093                   /lib/x86_64-linux-gnu/libnss_files-2.27.so
7ff89f9d3000-7ff89fbd2000 ---p 0000b000 fd:00 44176093                   /lib/x86_64-linux-gnu/libnss_files-2.27.so
7ff89fbd2000-7ff89fbd3000 r--p 0000a000 fd:00 44176093                   /lib/x86_64-linux-gnu/libnss_files-2.27.so
7ff89fbd3000-7ff89fbd4000 rw-p 0000b000 fd:00 44176093                   /lib/x86_64-linux-gnu/libnss_files-2.27.so
7ff89fbd4000-7ff89fbda000 rw-p 00000000 00:00 0 
7ff89fbda000-7ff89fbf1000 r-xp 00000000 fd:00 44176087                   /lib/x86_64-linux-gnu/libnsl-2.27.so
7ff89fbf1000-7ff89fdf0000 ---p 00017000 fd:00 44176087                   /lib/x86_64-linux-gnu/libnsl-2.27.so
7ff89fdf0000-7ff89fdf1000 r--p 00016000 fd:00 44176087                   /lib/x86_64-linux-gnu/libnsl-2.27.so
7ff89fdf1000-7ff89fdf2000 rw-p 00017000 fd:00 44176087                   /lib/x86_64-linux-gnu/libnsl-2.27.so
7ff89fdf2000-7ff89fdf4000 rw-p 00000000 00:00 0 
7ff89fdf4000-7ff89fdff000 r-xp 00000000 fd:00 44176104                   /lib/x86_64-linux-gnu/libnss_nis-2.27.so
7ff89fdff000-7ff89fffe000 ---p 0000b000 fd:00 44176104                   /lib/x86_64-linux-gnu/libnss_nis-2.27.so
7ff89fffe000-7ff89ffff000 r--p 0000a000 fd:00 44176104                   /lib/x86_64-linux-gnu/libnss_nis-2.27.so
7ff89ffff000-7ff8a0000000 rw-p 0000b000 fd:00 44176104                   /lib/x86_64-linux-gnu/libnss_nis-2.27.so
7ff8a0000000-7ff8a0083000 rw-p 00000000 00:00 0 
7ff8a0083000-7ff8a4000000 ---p 00000000 00:00 0 
7ff8a402f000-7ff8a4037000 r-xp 00000000 fd:00 44176089                   /lib/x86_64-linux-gnu/libnss_compat-2.27.so
7ff8a4037000-7ff8a4237000 ---p 00008000 fd:00 44176089                   /lib/x86_64-linux-gnu/libnss_compat-2.27.so
7ff8a4237000-7ff8a4238000 r--p 00008000 fd:00 44176089                   /lib/x86_64-linux-gnu/libnss_compat-2.27.so
7ff8a4238000-7ff8a4239000 rw-p 00009000 fd:00 44176089                   /lib/x86_64-linux-gnu/libnss_compat-2.27.so
7ff8a4239000-7ff8a4265000 r-xp 00000000 fd:00 20186035                   /usr/lib/jvm/java-11-openjdk-amd64/lib/libjava.so
7ff8a4265000-7ff8a4464000 ---p 0002c000 fd:00 20186035                   /usr/lib/jvm/java-11-openjdk-amd64/lib/libjava.so
7ff8a4464000-7ff8a4465000 r--p 0002b000 fd:00 20186035                   /usr/lib/jvm/java-11-openjdk-amd64/lib/libjava.so
7ff8a4465000-7ff8a4467000 rw-p 0002c000 fd:00 20186035                   /usr/lib/jvm/java-11-openjdk-amd64/lib/libjava.so
7ff8a4467000-7ff8a4474000 r-xp 00000000 fd:00 20186055                   /usr/lib/jvm/java-11-openjdk-amd64/lib/libverify.so
7ff8a4474000-7ff8a4673000 ---p 0000d000 fd:00 20186055                   /usr/lib/jvm/java-11-openjdk-amd64/lib/libverify.so
7ff8a4673000-7ff8a4675000 r--p 0000c000 fd:00 20186055                   /usr/lib/jvm/java-11-openjdk-amd64/lib/libverify.so
7ff8a4675000-7ff8a4676000 rw-p 0000e000 fd:00 20186055                   /usr/lib/jvm/java-11-openjdk-amd64/lib/libverify.so
7ff8a4676000-7ff8a467d000 r-xp 00000000 fd:00 44176144                   /lib/x86_64-linux-gnu/librt-2.27.so
7ff8a467d000-7ff8a487c000 ---p 00007000 fd:00 44176144                   /lib/x86_64-linux-gnu/librt-2.27.so
7ff8a487c000-7ff8a487d000 r--p 00006000 fd:00 44176144                   /lib/x86_64-linux-gnu/librt-2.27.so
7ff8a487d000-7ff8a487e000 rw-p 00007000 fd:00 44176144                   /lib/x86_64-linux-gnu/librt-2.27.so
7ff8a487e000-7ff8a4895000 r-xp 00000000 fd:00 44175907                   /lib/x86_64-linux-gnu/libgcc_s.so.1
7ff8a4895000-7ff8a4a94000 ---p 00017000 fd:00 44175907                   /lib/x86_64-linux-gnu/libgcc_s.so.1
7ff8a4a94000-7ff8a4a95000 r--p 00016000 fd:00 44175907                   /lib/x86_64-linux-gnu/libgcc_s.so.1
7ff8a4a95000-7ff8a4a96000 rw-p 00017000 fd:00 44175907                   /lib/x86_64-linux-gnu/libgcc_s.so.1
7ff8a4a96000-7ff8a4c33000 r-xp 00000000 fd:00 44176066                   /lib/x86_64-linux-gnu/libm-2.27.so
7ff8a4c33000-7ff8a4e32000 ---p 0019d000 fd:00 44176066                   /lib/x86_64-linux-gnu/libm-2.27.so
7ff8a4e32000-7ff8a4e33000 r--p 0019c000 fd:00 44176066                   /lib/x86_64-linux-gnu/libm-2.27.so
7ff8a4e33000-7ff8a4e34000 rw-p 0019d000 fd:00 44176066                   /lib/x86_64-linux-gnu/libm-2.27.so
7ff8a4e34000-7ff8a4fad000 r-xp 00000000 fd:00 18090134                   /usr/lib/x86_64-linux-gnu/libstdc++.so.6.0.25
7ff8a4fad000-7ff8a51ad000 ---p 00179000 fd:00 18090134                   /usr/lib/x86_64-linux-gnu/libstdc++.so.6.0.25
7ff8a51ad000-7ff8a51b7000 r--p 00179000 fd:00 18090134                   /usr/lib/x86_64-linux-gnu/libstdc++.so.6.0.25
7ff8a51b7000-7ff8a51b9000 rw-p 00183000 fd:00 18090134                   /usr/lib/x86_64-linux-gnu/libstdc++.so.6.0.25
7ff8a51b9000-7ff8a51bd000 rw-p 00000000 00:00 0 
7ff8a51bd000-7ff8a615a000 r-xp 00000000 fd:00 20186062                   /usr/lib/jvm/java-11-openjdk-amd64/lib/server/libjvm.so
7ff8a615a000-7ff8a635a000 ---p 00f9d000 fd:00 20186062                   /usr/lib/jvm/java-11-openjdk-amd64/lib/server/libjvm.so
7ff8a635a000-7ff8a641e000 r--p 00f9d000 fd:00 20186062                   /usr/lib/jvm/java-11-openjdk-amd64/lib/server/libjvm.so
7ff8a641e000-7ff8a6456000 rw-p 01061000 fd:00 20186062                   /usr/lib/jvm/java-11-openjdk-amd64/lib/server/libjvm.so
7ff8a6456000-7ff8a649f000 rw-p 00000000 00:00 0 
7ff8a649f000-7ff8a64b9000 r-xp 00000000 fd:00 44176136                   /lib/x86_64-linux-gnu/libpthread-2.27.so
7ff8a64b9000-7ff8a66b8000 ---p 0001a000 fd:00 44176136                   /lib/x86_64-linux-gnu/libpthread-2.27.so
7ff8a66b8000-7ff8a66b9000 r--p 00019000 fd:00 44176136                   /lib/x86_64-linux-gnu/libpthread-2.27.so
7ff8a66b9000-7ff8a66ba000 rw-p 0001a000 fd:00 44176136                   /lib/x86_64-linux-gnu/libpthread-2.27.so
7ff8a66ba000-7ff8a66be000 rw-p 00000000 00:00 0 
7ff8a66be000-7ff8a66c1000 r-xp 00000000 fd:00 44176026                   /lib/x86_64-linux-gnu/libdl-2.27.so
7ff8a66c1000-7ff8a68c0000 ---p 00003000 fd:00 44176026                   /lib/x86_64-linux-gnu/libdl-2.27.so
7ff8a68c0000-7ff8a68c1000 r--p 00002000 fd:00 44176026                   /lib/x86_64-linux-gnu/libdl-2.27.so
7ff8a68c1000-7ff8a68c2000 rw-p 00003000 fd:00 44176026                   /lib/x86_64-linux-gnu/libdl-2.27.so
7ff8a68c2000-7ff8a68de000 r-xp 00000000 fd:00 44176175                   /lib/x86_64-linux-gnu/libz.so.1.2.11
7ff8a68de000-7ff8a6add000 ---p 0001c000 fd:00 44176175                   /lib/x86_64-linux-gnu/libz.so.1.2.11
7ff8a6add000-7ff8a6ade000 r--p 0001b000 fd:00 44176175                   /lib/x86_64-linux-gnu/libz.so.1.2.11
7ff8a6ade000-7ff8a6adf000 rw-p 0001c000 fd:00 44176175                   /lib/x86_64-linux-gnu/libz.so.1.2.11
7ff8a6adf000-7ff8a6cc6000 r-xp 00000000 fd:00 44176003                   /lib/x86_64-linux-gnu/libc-2.27.so
7ff8a6cc6000-7ff8a6ec6000 ---p 001e7000 fd:00 44176003                   /lib/x86_64-linux-gnu/libc-2.27.so
7ff8a6ec6000-7ff8a6eca000 r--p 001e7000 fd:00 44176003                   /lib/x86_64-linux-gnu/libc-2.27.so
7ff8a6eca000-7ff8a6ecc000 rw-p 001eb000 fd:00 44176003                   /lib/x86_64-linux-gnu/libc-2.27.so
7ff8a6ecc000-7ff8a6ed0000 rw-p 00000000 00:00 0 
7ff8a6ed0000-7ff8a6edf000 r-xp 00000000 fd:00 20186020                   /usr/lib/jvm/java-11-openjdk-amd64/lib/jli/libjli.so
7ff8a6edf000-7ff8a70de000 ---p 0000f000 fd:00 20186020                   /usr/lib/jvm/java-11-openjdk-amd64/lib/jli/libjli.so
7ff8a70de000-7ff8a70df000 r--p 0000e000 fd:00 20186020                   /usr/lib/jvm/java-11-openjdk-amd64/lib/jli/libjli.so
7ff8a70df000-7ff8a70e0000 rw-p 0000f000 fd:00 20186020                   /usr/lib/jvm/java-11-openjdk-amd64/lib/jli/libjli.so
7ff8a70e0000-7ff8a7107000 r-xp 00000000 fd:00 44175975                   /lib/x86_64-linux-gnu/ld-2.27.so
7ff8a7183000-7ff8a71ea000 rw-p 00000000 00:00 0 
7ff8a71ea000-7ff8a71ee000 ---p 00000000 00:00 0 
7ff8a71ee000-7ff8a72ed000 rw-p 00000000 00:00 0 
7ff8a72ee000-7ff8a72f4000 rw-p 00000000 00:00 0 
7ff8a72f4000-7ff8a72fb000 ---p 00000000 00:00 0 
7ff8a72fb000-7ff8a7303000 rw-s 00000000 fd:00 16121869                   /tmp/hsperfdata_minecraft/6134
7ff8a7303000-7ff8a7304000 ---p 00000000 00:00 0 
7ff8a7304000-7ff8a7305000 r--p 00000000 00:00 0 
7ff8a7305000-7ff8a7307000 rw-p 00000000 00:00 0 
7ff8a7307000-7ff8a7308000 r--p 00027000 fd:00 44175975                   /lib/x86_64-linux-gnu/ld-2.27.so
7ff8a7308000-7ff8a7309000 rw-p 00028000 fd:00 44175975                   /lib/x86_64-linux-gnu/ld-2.27.so
7ff8a7309000-7ff8a730a000 rw-p 00000000 00:00 0 
7ffd81b9f000-7ffd81bc0000 rw-p 00000000 00:00 0                          [stack]
7ffd81bcd000-7ffd81bd0000 r--p 00000000 00:00 0                          [vvar]
7ffd81bd0000-7ffd81bd2000 r-xp 00000000 00:00 0                          [vdso]
ffffffffff600000-ffffffffff601000 r-xp 00000000 00:00 0                  [vsyscall]


VM Arguments:
jvm_args: -Xms3g -Xmx3g 
java_command: server.jar nogui
java_class_path (initial): server.jar
Launcher Type: SUN_STANDARD

Logging:
Log output configuration:
#0: stdout all=warning uptime,level,tags
#1: stderr all=off uptime,level,tags

Environment Variables:
PATH=/usr/local/sbin:/usr/local/bin:/usr/sbin:/usr/bin:/sbin:/bin
SHELL=/bin/sh

Signal Handlers:
SIGSEGV: [libjvm.so+0xd28b70], sa_mask[0]=11111111011111111101111111111110, sa_flags=SA_RESTART|SA_SIGINFO
SIGBUS: [libjvm.so+0xd28b70], sa_mask[0]=11111111011111111101111111111110, sa_flags=SA_RESTART|SA_SIGINFO
SIGFPE: [libjvm.so+0xd28b70], sa_mask[0]=11111111011111111101111111111110, sa_flags=SA_RESTART|SA_SIGINFO
SIGPIPE: [libjvm.so+0xb2a1f0], sa_mask[0]=11111111011111111101111111111110, sa_flags=SA_RESTART|SA_SIGINFO
SIGXFSZ: [libjvm.so+0xb2a1f0], sa_mask[0]=11111111011111111101111111111110, sa_flags=SA_RESTART|SA_SIGINFO
SIGILL: [libjvm.so+0xd28b70], sa_mask[0]=11111111011111111101111111111110, sa_flags=SA_RESTART|SA_SIGINFO
SIGUSR2: [libjvm.so+0xb2a030], sa_mask[0]=00000000000000000000000000000000, sa_flags=SA_RESTART|SA_SIGINFO
SIGHUP: SIG_DFL, sa_mask[0]=00000000000000000000000000000000, sa_flags=none
SIGINT: SIG_DFL, sa_mask[0]=00000000000000000000000000000000, sa_flags=none
SIGTERM: SIG_DFL, sa_mask[0]=00000000000000000000000000000000, sa_flags=none
SIGQUIT: SIG_DFL, sa_mask[0]=00000000000000000000000000000000, sa_flags=none


---------------  S Y S T E M  ---------------

OS:DISTRIB_ID=Ubuntu
DISTRIB_RELEASE=18.04
DISTRIB_CODENAME=bionic
DISTRIB_DESCRIPTION="Ubuntu 18.04.2 LTS"
uname:Linux 4.15.0-46-generic #49-Ubuntu SMP Wed Feb 6 09:33:07 UTC 2019 x86_64
libc:glibc 2.27 NPTL 2.27 
rlimit: STACK 8192k, CORE 0k, NPROC 15099, NOFILE 4096, AS infinity, DATA infinity, FSIZE infinity
load average:1.16 1.32 1.34

/proc/meminfo:
MemTotal:        3943748 kB
MemFree:          121564 kB
MemAvailable:    1352852 kB
Buffers:           35172 kB
Cached:          1396068 kB
SwapCached:         7584 kB
Active:          2624920 kB
Inactive:        1005092 kB
Active(anon):    1818616 kB
Inactive(anon):   410228 kB
Active(file):     806304 kB
Inactive(file):   594864 kB
Unevictable:           0 kB
Mlocked:               0 kB
SwapTotal:        999420 kB
SwapFree:         594608 kB
Dirty:              1800 kB
Writeback:             0 kB
AnonPages:       2196444 kB
Mapped:           166604 kB
Shmem:             30068 kB
Slab:             106644 kB
SReclaimable:      65772 kB
SUnreclaim:        40872 kB
KernelStack:        5968 kB
PageTables:        23600 kB
NFS_Unstable:          0 kB
Bounce:                0 kB
WritebackTmp:          0 kB
CommitLimit:     2971292 kB
Committed_AS:    3044288 kB
VmallocTotal:   34359738367 kB
VmallocUsed:           0 kB
VmallocChunk:          0 kB
HardwareCorrupted:     0 kB
AnonHugePages:         0 kB
ShmemHugePages:        0 kB
ShmemPmdMapped:        0 kB
CmaTotal:              0 kB
CmaFree:               0 kB
HugePages_Total:       0
HugePages_Free:        0
HugePages_Rsvd:        0
HugePages_Surp:        0
Hugepagesize:       2048 kB
DirectMap4k:      158320 kB
DirectMap2M:     3940352 kB
DirectMap1G:           0 kB

container (cgroup) information:
container_type: cgroupv1
cpu_cpuset_cpus: 0-3
cpu_memory_nodes: 0
active_processor_count: 4
cpu_quota: -1
cpu_period: 100000
cpu_shares: -1
memory_limit_in_bytes: -1
memory_and_swap_limit_in_bytes: -2
memory_soft_limit_in_bytes: -1
memory_usage_in_bytes: 3716141056
memory_max_usage_in_bytes: 2048000


CPU:total 4 (initial active 4) (2 cores per cpu, 2 threads per core) family 6 model 69 stepping 1, cmov, cx8, fxsr, mmx, sse, sse2, sse3, ssse3, sse4.1, sse4.2, popcnt, avx, avx2, aes, clmul, erms, lzcnt, ht, tsc, tscinvbit, bmi1, bmi2, fma
CPU Model and flags from /proc/cpuinfo:
model name	: Intel(R) Core(TM) i7-4500U CPU @ 1.80GHz
flags		: fpu vme de pse tsc msr pae mce cx8 apic sep mtrr pge mca cmov pat pse36 clflush dts acpi mmx fxsr sse sse2 ss ht tm pbe syscall nx pdpe1gb rdtscp lm constant_tsc arch_perfmon pebs bts rep_good nopl xtopology nonstop_tsc cpuid aperfmperf pni pclmulqdq dtes64 monitor ds_cpl vmx est tm2 ssse3 sdbg fma cx16 xtpr pdcm pcid sse4_1 sse4_2 movbe popcnt tsc_deadline_timer aes xsave avx f16c rdrand lahf_lm abm cpuid_fault epb invpcid_single pti ssbd ibrs ibpb stibp tpr_shadow vnmi flexpriority ept vpid fsgsbase tsc_adjust bmi1 avx2 smep bmi2 erms invpcid xsaveopt dtherm ida arat pln pts flush_l1d

Memory: 4k page, physical 3943748k(121564k free), swap 999420k(594608k free)

vm_info: OpenJDK 64-Bit Server VM (10.0.2+13-Ubuntu-1ubuntu0.18.04.4) for linux-amd64 JRE (10.0.2+13-Ubuntu-1ubuntu0.18.04.4), built on Nov 13 2018 12:53:39 by "buildd" with gcc 7.3.0

END.
