#
# There is insufficient memory for the Java Runtime Environment to continue.
# Native memory allocation (mmap) failed to map 3221225472 bytes for committing reserved memory.
# Possible reasons:
#   The system is out of physical RAM or swap space
#   The process is running with CompressedOops enabled, and the Java Heap may be blocking the growth of the native heap
# Possible solutions:
#   Reduce memory load on the system
#   Increase physical memory or swap space
#   Check if swap backing store is full
#   Decrease Java heap size (-Xmx/-Xms)
#   Decrease number of Java threads
#   Decrease Java thread stack sizes (-Xss)
#   Set larger code cache with -XX:ReservedCodeCacheSize=
# This output file may be truncated or incomplete.
#
#  Out of Memory Error (os_linux.cpp:2706), pid=20394, tid=20396
#
# JRE version:  (10.0.2+13) (build )
# Java VM: OpenJDK 64-Bit Server VM (10.0.2+13-Ubuntu-1ubuntu0.18.04.4, mixed mode, aot, tiered, compressed oops, g1 gc, linux-amd64)
# Core dump will be written. Default location: Core dumps may be processed with "/usr/share/apport/apport %p %s %c %d %P" (or dumping to /opt/forno/minecraft/core.20394)
#

---------------  S U M M A R Y ------------

Command Line: -Xms3g -Xmx3g server.jar nogui

Host: Intel(R) Core(TM) i7-4500U CPU @ 1.80GHz, 4 cores, 3G, Ubuntu 18.04.2 LTS
Time: Thu Mar 21 08:40:29 2019 JST elapsed time: 0 seconds (0d 0h 0m 0s)

---------------  T H R E A D  ---------------

Current thread (0x00007f3a24011000):  JavaThread "Unknown thread" [_thread_in_vm, id=20396, stack(0x00007f3a2b2c6000,0x00007f3a2b3c7000)]

Stack: [0x00007f3a2b2c6000,0x00007f3a2b3c7000],  sp=0x00007f3a2b3c52e0,  free space=1020k
Native frames: (J=compiled Java code, A=aot compiled Java code, j=interpreted, Vv=VM code, C=native code)
V  [libjvm.so+0xd27ea4]
V  [libjvm.so+0xd28a4b]
V  [libjvm.so+0x64d415]
V  [libjvm.so+0xb2d7c8]
V  [libjvm.so+0xb2601d]
V  [libjvm.so+0x7662ff]
V  [libjvm.so+0x76653e]
V  [libjvm.so+0x769500]
V  [libjvm.so+0x7efa1c]
V  [libjvm.so+0x7f06df]
V  [libjvm.so+0x7f0b59]
V  [libjvm.so+0x7162cf]
V  [libjvm.so+0x71afd3]
V  [libjvm.so+0xce5dc2]
V  [libjvm.so+0xce60c6]
V  [libjvm.so+0x807d57]
V  [libjvm.so+0xcc7ac4]
V  [libjvm.so+0x8601b1]  JNI_CreateJavaVM+0x51
C  [libjli.so+0x3d83]
C  [libjli.so+0x89dd]
C  [libpthread.so.0+0x76db]  start_thread+0xdb


---------------  P R O C E S S  ---------------

Threads class SMR info:
_java_thread_list=0x0000557fb39036b0, length=0, elements={
}

Java Threads: ( => current thread )

Other Threads:
  0x00007f3a24028000 GCTaskThread "GC Thread#0" [stack: 0x00007f3a0aef4000,0x00007f3a0aff4000] [id=20397]
  0x00007f3a24029000 GCTaskThread "GC Thread#1" [stack: 0x00007f3a0adf2000,0x00007f3a0aef2000] [id=20398]
  0x00007f3a2402b000 GCTaskThread "GC Thread#2" [stack: 0x00007f3a0acf0000,0x00007f3a0adf0000] [id=20399]
  0x00007f3a2402c800 GCTaskThread "GC Thread#3" [stack: 0x00007f3a0abee000,0x00007f3a0acee000] [id=20400]
  0x00007f3a2406a000 ConcurrentGCThread "G1 Main Marker" [stack: 0x00007f3a09428000,0x00007f3a09528000] [id=20401]
  0x00007f3a2406c000 ConcurrentGCThread "G1 Conc#0" [stack: 0x00007f3a09326000,0x00007f3a09426000] [id=20402]

[error occurred during error reporting (printing all threads), id 0xe0000002]

VM state:not at safepoint (not fully initialized)

VM Mutex/Monitor currently owned by a thread:  ([mutex/lock_event])
[0x00007f3a2400df30] Heap_lock - owner thread: 0x00007f3a24011000

Heap address: 0x0000000700000000, size: 3072 MB, Compressed Oops mode: Non-zero based: 0x0000000700000000
Narrow klass base: 0x0000000000000000, Narrow klass shift: 0

GC Heap History (0 events):
No events

Deoptimization events (0 events):
No events

Classes redefined (0 events):
No events

Internal exceptions (0 events):
No events

Events (0 events):
No events


Dynamic libraries:
557fb259f000-557fb25a0000 r-xp 00000000 fd:00 20185882                   /usr/lib/jvm/java-11-openjdk-amd64/bin/java
557fb27a0000-557fb27a1000 r--p 00001000 fd:00 20185882                   /usr/lib/jvm/java-11-openjdk-amd64/bin/java
557fb27a1000-557fb27a2000 rw-p 00002000 fd:00 20185882                   /usr/lib/jvm/java-11-openjdk-amd64/bin/java
557fb38ec000-557fb390d000 rw-p 00000000 00:00 0                          [heap]
7f39e4000000-7f39e4021000 rw-p 00000000 00:00 0 
7f39e4021000-7f39e8000000 ---p 00000000 00:00 0 
7f39ea000000-7f39ec000000 rw-p 00000000 00:00 0 
7f39ec000000-7f39ec021000 rw-p 00000000 00:00 0 
7f39ec021000-7f39f0000000 ---p 00000000 00:00 0 
7f39f1000000-7f39f4000000 ---p 00000000 00:00 0 
7f39f4000000-7f39f4021000 rw-p 00000000 00:00 0 
7f39f4021000-7f39f8000000 ---p 00000000 00:00 0 
7f39f9000000-7f39fc000000 ---p 00000000 00:00 0 
7f39fc000000-7f39fc021000 rw-p 00000000 00:00 0 
7f39fc021000-7f3a00000000 ---p 00000000 00:00 0 
7f3a00000000-7f3a00021000 rw-p 00000000 00:00 0 
7f3a00021000-7f3a04000000 ---p 00000000 00:00 0 
7f3a04000000-7f3a04021000 rw-p 00000000 00:00 0 
7f3a04021000-7f3a08000000 ---p 00000000 00:00 0 
7f3a08f20000-7f3a09324000 rw-p 00000000 00:00 0 
7f3a09324000-7f3a09325000 ---p 00000000 00:00 0 
7f3a09325000-7f3a09426000 rw-p 00000000 00:00 0 
7f3a09426000-7f3a09427000 ---p 00000000 00:00 0 
7f3a09427000-7f3a095e8000 rw-p 00000000 00:00 0 
7f3a095e8000-7f3a0a7e8000 ---p 00000000 00:00 0 
7f3a0a7e8000-7f3a0abec000 rw-p 00000000 00:00 0 
7f3a0abec000-7f3a0abed000 ---p 00000000 00:00 0 
7f3a0abed000-7f3a0acee000 rw-p 00000000 00:00 0 
7f3a0acee000-7f3a0acef000 ---p 00000000 00:00 0 
7f3a0acef000-7f3a0adf0000 rw-p 00000000 00:00 0 
7f3a0adf0000-7f3a0adf1000 ---p 00000000 00:00 0 
7f3a0adf1000-7f3a0aef2000 rw-p 00000000 00:00 0 
7f3a0aef2000-7f3a0aef3000 ---p 00000000 00:00 0 
7f3a0aef3000-7f3a0aff9000 rw-p 00000000 00:00 0 
7f3a0aff9000-7f3a0b0df000 ---p 00000000 00:00 0 
7f3a0b0df000-7f3a0b34f000 rwxp 00000000 00:00 0 
7f3a0b34f000-7f3a0b66f000 ---p 00000000 00:00 0 
7f3a0b66f000-7f3a0b8df000 rwxp 00000000 00:00 0 
7f3a0b8df000-7f3a12ba7000 ---p 00000000 00:00 0 
7f3a12ba7000-7f3a12e17000 rwxp 00000000 00:00 0 
7f3a12e17000-7f3a1a0df000 ---p 00000000 00:00 0 
7f3a1a0df000-7f3a235ba000 r--s 00000000 fd:00 20186057                   /usr/lib/jvm/java-11-openjdk-amd64/lib/modules
7f3a235ba000-7f3a235bf000 r-xp 00000000 fd:00 20186039                   /usr/lib/jvm/java-11-openjdk-amd64/lib/libjimage.so
7f3a235bf000-7f3a237be000 ---p 00005000 fd:00 20186039                   /usr/lib/jvm/java-11-openjdk-amd64/lib/libjimage.so
7f3a237be000-7f3a237bf000 r--p 00004000 fd:00 20186039                   /usr/lib/jvm/java-11-openjdk-amd64/lib/libjimage.so
7f3a237bf000-7f3a237c0000 rw-p 00005000 fd:00 20186039                   /usr/lib/jvm/java-11-openjdk-amd64/lib/libjimage.so
7f3a237c0000-7f3a237c7000 r-xp 00000000 fd:00 20186056                   /usr/lib/jvm/java-11-openjdk-amd64/lib/libzip.so
7f3a237c7000-7f3a239c6000 ---p 00007000 fd:00 20186056                   /usr/lib/jvm/java-11-openjdk-amd64/lib/libzip.so
7f3a239c6000-7f3a239c7000 r--p 00006000 fd:00 20186056                   /usr/lib/jvm/java-11-openjdk-amd64/lib/libzip.so
7f3a239c7000-7f3a239c8000 rw-p 00007000 fd:00 20186056                   /usr/lib/jvm/java-11-openjdk-amd64/lib/libzip.so
7f3a239c8000-7f3a239d3000 r-xp 00000000 fd:00 44176093                   /lib/x86_64-linux-gnu/libnss_files-2.27.so
7f3a239d3000-7f3a23bd2000 ---p 0000b000 fd:00 44176093                   /lib/x86_64-linux-gnu/libnss_files-2.27.so
7f3a23bd2000-7f3a23bd3000 r--p 0000a000 fd:00 44176093                   /lib/x86_64-linux-gnu/libnss_files-2.27.so
7f3a23bd3000-7f3a23bd4000 rw-p 0000b000 fd:00 44176093                   /lib/x86_64-linux-gnu/libnss_files-2.27.so
7f3a23bd4000-7f3a23bda000 rw-p 00000000 00:00 0 
7f3a23bda000-7f3a23bf1000 r-xp 00000000 fd:00 44176087                   /lib/x86_64-linux-gnu/libnsl-2.27.so
7f3a23bf1000-7f3a23df0000 ---p 00017000 fd:00 44176087                   /lib/x86_64-linux-gnu/libnsl-2.27.so
7f3a23df0000-7f3a23df1000 r--p 00016000 fd:00 44176087                   /lib/x86_64-linux-gnu/libnsl-2.27.so
7f3a23df1000-7f3a23df2000 rw-p 00017000 fd:00 44176087                   /lib/x86_64-linux-gnu/libnsl-2.27.so
7f3a23df2000-7f3a23df4000 rw-p 00000000 00:00 0 
7f3a23df4000-7f3a23dff000 r-xp 00000000 fd:00 44176104                   /lib/x86_64-linux-gnu/libnss_nis-2.27.so
7f3a23dff000-7f3a23ffe000 ---p 0000b000 fd:00 44176104                   /lib/x86_64-linux-gnu/libnss_nis-2.27.so
7f3a23ffe000-7f3a23fff000 r--p 0000a000 fd:00 44176104                   /lib/x86_64-linux-gnu/libnss_nis-2.27.so
7f3a23fff000-7f3a24000000 rw-p 0000b000 fd:00 44176104                   /lib/x86_64-linux-gnu/libnss_nis-2.27.so
7f3a24000000-7f3a24083000 rw-p 00000000 00:00 0 
7f3a24083000-7f3a28000000 ---p 00000000 00:00 0 
7f3a28020000-7f3a28025000 rw-p 00000000 00:00 0 
7f3a28025000-7f3a2810b000 ---p 00000000 00:00 0 
7f3a2810b000-7f3a28113000 r-xp 00000000 fd:00 44176089                   /lib/x86_64-linux-gnu/libnss_compat-2.27.so
7f3a28113000-7f3a28313000 ---p 00008000 fd:00 44176089                   /lib/x86_64-linux-gnu/libnss_compat-2.27.so
7f3a28313000-7f3a28314000 r--p 00008000 fd:00 44176089                   /lib/x86_64-linux-gnu/libnss_compat-2.27.so
7f3a28314000-7f3a28315000 rw-p 00009000 fd:00 44176089                   /lib/x86_64-linux-gnu/libnss_compat-2.27.so
7f3a28315000-7f3a28341000 r-xp 00000000 fd:00 20186035                   /usr/lib/jvm/java-11-openjdk-amd64/lib/libjava.so
7f3a28341000-7f3a28540000 ---p 0002c000 fd:00 20186035                   /usr/lib/jvm/java-11-openjdk-amd64/lib/libjava.so
7f3a28540000-7f3a28541000 r--p 0002b000 fd:00 20186035                   /usr/lib/jvm/java-11-openjdk-amd64/lib/libjava.so
7f3a28541000-7f3a28543000 rw-p 0002c000 fd:00 20186035                   /usr/lib/jvm/java-11-openjdk-amd64/lib/libjava.so
7f3a28543000-7f3a28550000 r-xp 00000000 fd:00 20186055                   /usr/lib/jvm/java-11-openjdk-amd64/lib/libverify.so
7f3a28550000-7f3a2874f000 ---p 0000d000 fd:00 20186055                   /usr/lib/jvm/java-11-openjdk-amd64/lib/libverify.so
7f3a2874f000-7f3a28751000 r--p 0000c000 fd:00 20186055                   /usr/lib/jvm/java-11-openjdk-amd64/lib/libverify.so
7f3a28751000-7f3a28752000 rw-p 0000e000 fd:00 20186055                   /usr/lib/jvm/java-11-openjdk-amd64/lib/libverify.so
7f3a28752000-7f3a28759000 r-xp 00000000 fd:00 44176144                   /lib/x86_64-linux-gnu/librt-2.27.so
7f3a28759000-7f3a28958000 ---p 00007000 fd:00 44176144                   /lib/x86_64-linux-gnu/librt-2.27.so
7f3a28958000-7f3a28959000 r--p 00006000 fd:00 44176144                   /lib/x86_64-linux-gnu/librt-2.27.so
7f3a28959000-7f3a2895a000 rw-p 00007000 fd:00 44176144                   /lib/x86_64-linux-gnu/librt-2.27.so
7f3a2895a000-7f3a28971000 r-xp 00000000 fd:00 44175907                   /lib/x86_64-linux-gnu/libgcc_s.so.1
7f3a28971000-7f3a28b70000 ---p 00017000 fd:00 44175907                   /lib/x86_64-linux-gnu/libgcc_s.so.1
7f3a28b70000-7f3a28b71000 r--p 00016000 fd:00 44175907                   /lib/x86_64-linux-gnu/libgcc_s.so.1
7f3a28b71000-7f3a28b72000 rw-p 00017000 fd:00 44175907                   /lib/x86_64-linux-gnu/libgcc_s.so.1
7f3a28b72000-7f3a28d0f000 r-xp 00000000 fd:00 44176066                   /lib/x86_64-linux-gnu/libm-2.27.so
7f3a28d0f000-7f3a28f0e000 ---p 0019d000 fd:00 44176066                   /lib/x86_64-linux-gnu/libm-2.27.so
7f3a28f0e000-7f3a28f0f000 r--p 0019c000 fd:00 44176066                   /lib/x86_64-linux-gnu/libm-2.27.so
7f3a28f0f000-7f3a28f10000 rw-p 0019d000 fd:00 44176066                   /lib/x86_64-linux-gnu/libm-2.27.so
7f3a28f10000-7f3a29089000 r-xp 00000000 fd:00 18090134                   /usr/lib/x86_64-linux-gnu/libstdc++.so.6.0.25
7f3a29089000-7f3a29289000 ---p 00179000 fd:00 18090134                   /usr/lib/x86_64-linux-gnu/libstdc++.so.6.0.25
7f3a29289000-7f3a29293000 r--p 00179000 fd:00 18090134                   /usr/lib/x86_64-linux-gnu/libstdc++.so.6.0.25
7f3a29293000-7f3a29295000 rw-p 00183000 fd:00 18090134                   /usr/lib/x86_64-linux-gnu/libstdc++.so.6.0.25
7f3a29295000-7f3a29299000 rw-p 00000000 00:00 0 
7f3a29299000-7f3a2a236000 r-xp 00000000 fd:00 20186062                   /usr/lib/jvm/java-11-openjdk-amd64/lib/server/libjvm.so
7f3a2a236000-7f3a2a436000 ---p 00f9d000 fd:00 20186062                   /usr/lib/jvm/java-11-openjdk-amd64/lib/server/libjvm.so
7f3a2a436000-7f3a2a4fa000 r--p 00f9d000 fd:00 20186062                   /usr/lib/jvm/java-11-openjdk-amd64/lib/server/libjvm.so
7f3a2a4fa000-7f3a2a532000 rw-p 01061000 fd:00 20186062                   /usr/lib/jvm/java-11-openjdk-amd64/lib/server/libjvm.so
7f3a2a532000-7f3a2a57b000 rw-p 00000000 00:00 0 
7f3a2a57b000-7f3a2a595000 r-xp 00000000 fd:00 44176136                   /lib/x86_64-linux-gnu/libpthread-2.27.so
7f3a2a595000-7f3a2a794000 ---p 0001a000 fd:00 44176136                   /lib/x86_64-linux-gnu/libpthread-2.27.so
7f3a2a794000-7f3a2a795000 r--p 00019000 fd:00 44176136                   /lib/x86_64-linux-gnu/libpthread-2.27.so
7f3a2a795000-7f3a2a796000 rw-p 0001a000 fd:00 44176136                   /lib/x86_64-linux-gnu/libpthread-2.27.so
7f3a2a796000-7f3a2a79a000 rw-p 00000000 00:00 0 
7f3a2a79a000-7f3a2a79d000 r-xp 00000000 fd:00 44176026                   /lib/x86_64-linux-gnu/libdl-2.27.so
7f3a2a79d000-7f3a2a99c000 ---p 00003000 fd:00 44176026                   /lib/x86_64-linux-gnu/libdl-2.27.so
7f3a2a99c000-7f3a2a99d000 r--p 00002000 fd:00 44176026                   /lib/x86_64-linux-gnu/libdl-2.27.so
7f3a2a99d000-7f3a2a99e000 rw-p 00003000 fd:00 44176026                   /lib/x86_64-linux-gnu/libdl-2.27.so
7f3a2a99e000-7f3a2a9ba000 r-xp 00000000 fd:00 44176175                   /lib/x86_64-linux-gnu/libz.so.1.2.11
7f3a2a9ba000-7f3a2abb9000 ---p 0001c000 fd:00 44176175                   /lib/x86_64-linux-gnu/libz.so.1.2.11
7f3a2abb9000-7f3a2abba000 r--p 0001b000 fd:00 44176175                   /lib/x86_64-linux-gnu/libz.so.1.2.11
7f3a2abba000-7f3a2abbb000 rw-p 0001c000 fd:00 44176175                   /lib/x86_64-linux-gnu/libz.so.1.2.11
7f3a2abbb000-7f3a2ada2000 r-xp 00000000 fd:00 44176003                   /lib/x86_64-linux-gnu/libc-2.27.so
7f3a2ada2000-7f3a2afa2000 ---p 001e7000 fd:00 44176003                   /lib/x86_64-linux-gnu/libc-2.27.so
7f3a2afa2000-7f3a2afa6000 r--p 001e7000 fd:00 44176003                   /lib/x86_64-linux-gnu/libc-2.27.so
7f3a2afa6000-7f3a2afa8000 rw-p 001eb000 fd:00 44176003                   /lib/x86_64-linux-gnu/libc-2.27.so
7f3a2afa8000-7f3a2afac000 rw-p 00000000 00:00 0 
7f3a2afac000-7f3a2afbb000 r-xp 00000000 fd:00 20186020                   /usr/lib/jvm/java-11-openjdk-amd64/lib/jli/libjli.so
7f3a2afbb000-7f3a2b1ba000 ---p 0000f000 fd:00 20186020                   /usr/lib/jvm/java-11-openjdk-amd64/lib/jli/libjli.so
7f3a2b1ba000-7f3a2b1bb000 r--p 0000e000 fd:00 20186020                   /usr/lib/jvm/java-11-openjdk-amd64/lib/jli/libjli.so
7f3a2b1bb000-7f3a2b1bc000 rw-p 0000f000 fd:00 20186020                   /usr/lib/jvm/java-11-openjdk-amd64/lib/jli/libjli.so
7f3a2b1bc000-7f3a2b1e3000 r-xp 00000000 fd:00 44175975                   /lib/x86_64-linux-gnu/ld-2.27.so
7f3a2b25f000-7f3a2b2c6000 rw-p 00000000 00:00 0 
7f3a2b2c6000-7f3a2b2ca000 ---p 00000000 00:00 0 
7f3a2b2ca000-7f3a2b3c9000 rw-p 00000000 00:00 0 
7f3a2b3ca000-7f3a2b3d0000 rw-p 00000000 00:00 0 
7f3a2b3d0000-7f3a2b3d7000 ---p 00000000 00:00 0 
7f3a2b3d7000-7f3a2b3df000 rw-s 00000000 fd:00 16121869                   /tmp/hsperfdata_minecraft/20394
7f3a2b3df000-7f3a2b3e0000 ---p 00000000 00:00 0 
7f3a2b3e0000-7f3a2b3e1000 r--p 00000000 00:00 0 
7f3a2b3e1000-7f3a2b3e3000 rw-p 00000000 00:00 0 
7f3a2b3e3000-7f3a2b3e4000 r--p 00027000 fd:00 44175975                   /lib/x86_64-linux-gnu/ld-2.27.so
7f3a2b3e4000-7f3a2b3e5000 rw-p 00028000 fd:00 44175975                   /lib/x86_64-linux-gnu/ld-2.27.so
7f3a2b3e5000-7f3a2b3e6000 rw-p 00000000 00:00 0 
7ffccfe9a000-7ffccfebb000 rw-p 00000000 00:00 0                          [stack]
7ffccffdd000-7ffccffe0000 r--p 00000000 00:00 0                          [vvar]
7ffccffe0000-7ffccffe2000 r-xp 00000000 00:00 0                          [vdso]
ffffffffff600000-ffffffffff601000 r-xp 00000000 00:00 0                  [vsyscall]


VM Arguments:
jvm_args: -Xms3g -Xmx3g 
java_command: server.jar nogui
java_class_path (initial): server.jar
Launcher Type: SUN_STANDARD

Logging:
Log output configuration:
#0: stdout all=warning uptime,level,tags
#1: stderr all=off uptime,level,tags

Environment Variables:
PATH=/usr/local/sbin:/usr/local/bin:/usr/sbin:/usr/bin:/sbin:/bin
SHELL=/bin/sh

Signal Handlers:
SIGSEGV: [libjvm.so+0xd28b70], sa_mask[0]=11111111011111111101111111111110, sa_flags=SA_RESTART|SA_SIGINFO
SIGBUS: [libjvm.so+0xd28b70], sa_mask[0]=11111111011111111101111111111110, sa_flags=SA_RESTART|SA_SIGINFO
SIGFPE: [libjvm.so+0xd28b70], sa_mask[0]=11111111011111111101111111111110, sa_flags=SA_RESTART|SA_SIGINFO
SIGPIPE: [libjvm.so+0xb2a1f0], sa_mask[0]=11111111011111111101111111111110, sa_flags=SA_RESTART|SA_SIGINFO
SIGXFSZ: [libjvm.so+0xb2a1f0], sa_mask[0]=11111111011111111101111111111110, sa_flags=SA_RESTART|SA_SIGINFO
SIGILL: [libjvm.so+0xd28b70], sa_mask[0]=11111111011111111101111111111110, sa_flags=SA_RESTART|SA_SIGINFO
SIGUSR2: [libjvm.so+0xb2a030], sa_mask[0]=00000000000000000000000000000000, sa_flags=SA_RESTART|SA_SIGINFO
SIGHUP: SIG_DFL, sa_mask[0]=00000000000000000000000000000000, sa_flags=none
SIGINT: SIG_DFL, sa_mask[0]=00000000000000000000000000000000, sa_flags=none
SIGTERM: SIG_DFL, sa_mask[0]=00000000000000000000000000000000, sa_flags=none
SIGQUIT: SIG_DFL, sa_mask[0]=00000000000000000000000000000000, sa_flags=none


---------------  S Y S T E M  ---------------

OS:DISTRIB_ID=Ubuntu
DISTRIB_RELEASE=18.04
DISTRIB_CODENAME=bionic
DISTRIB_DESCRIPTION="Ubuntu 18.04.2 LTS"
uname:Linux 4.15.0-46-generic #49-Ubuntu SMP Wed Feb 6 09:33:07 UTC 2019 x86_64
libc:glibc 2.27 NPTL 2.27 
rlimit: STACK 8192k, CORE 0k, NPROC 15099, NOFILE 4096, AS infinity, DATA infinity, FSIZE infinity
load average:1.24 1.39 1.38

/proc/meminfo:
MemTotal:        3943748 kB
MemFree:          137896 kB
MemAvailable:    1246436 kB
Buffers:           34224 kB
Cached:          1273940 kB
SwapCached:         8436 kB
Active:          2735812 kB
Inactive:         877136 kB
Active(anon):    1879404 kB
Inactive(anon):   455448 kB
Active(file):     856408 kB
Inactive(file):   421688 kB
Unevictable:           0 kB
Mlocked:               0 kB
SwapTotal:        999420 kB
SwapFree:         600240 kB
Dirty:              1776 kB
Writeback:             0 kB
AnonPages:       2302372 kB
Mapped:           178984 kB
Shmem:             30068 kB
Slab:             107288 kB
SReclaimable:      66420 kB
SUnreclaim:        40868 kB
KernelStack:        5968 kB
PageTables:        23432 kB
NFS_Unstable:          0 kB
Bounce:                0 kB
WritebackTmp:          0 kB
CommitLimit:     2971292 kB
Committed_AS:    3060612 kB
VmallocTotal:   34359738367 kB
VmallocUsed:           0 kB
VmallocChunk:          0 kB
HardwareCorrupted:     0 kB
AnonHugePages:         0 kB
ShmemHugePages:        0 kB
ShmemPmdMapped:        0 kB
CmaTotal:              0 kB
CmaFree:               0 kB
HugePages_Total:       0
HugePages_Free:        0
HugePages_Rsvd:        0
HugePages_Surp:        0
Hugepagesize:       2048 kB
DirectMap4k:      158320 kB
DirectMap2M:     3940352 kB
DirectMap1G:           0 kB

container (cgroup) information:
container_type: cgroupv1
cpu_cpuset_cpus: 0-3
cpu_memory_nodes: 0
active_processor_count: 4
cpu_quota: -1
cpu_period: 100000
cpu_shares: -1
memory_limit_in_bytes: -1
memory_and_swap_limit_in_bytes: -2
memory_soft_limit_in_bytes: -1
memory_usage_in_bytes: 3698601984
memory_max_usage_in_bytes: 2048000


CPU:total 4 (initial active 4) (2 cores per cpu, 2 threads per core) family 6 model 69 stepping 1, cmov, cx8, fxsr, mmx, sse, sse2, sse3, ssse3, sse4.1, sse4.2, popcnt, avx, avx2, aes, clmul, erms, lzcnt, ht, tsc, tscinvbit, bmi1, bmi2, fma
CPU Model and flags from /proc/cpuinfo:
model name	: Intel(R) Core(TM) i7-4500U CPU @ 1.80GHz
flags		: fpu vme de pse tsc msr pae mce cx8 apic sep mtrr pge mca cmov pat pse36 clflush dts acpi mmx fxsr sse sse2 ss ht tm pbe syscall nx pdpe1gb rdtscp lm constant_tsc arch_perfmon pebs bts rep_good nopl xtopology nonstop_tsc cpuid aperfmperf pni pclmulqdq dtes64 monitor ds_cpl vmx est tm2 ssse3 sdbg fma cx16 xtpr pdcm pcid sse4_1 sse4_2 movbe popcnt tsc_deadline_timer aes xsave avx f16c rdrand lahf_lm abm cpuid_fault epb invpcid_single pti ssbd ibrs ibpb stibp tpr_shadow vnmi flexpriority ept vpid fsgsbase tsc_adjust bmi1 avx2 smep bmi2 erms invpcid xsaveopt dtherm ida arat pln pts flush_l1d

Memory: 4k page, physical 3943748k(137896k free), swap 999420k(600240k free)

vm_info: OpenJDK 64-Bit Server VM (10.0.2+13-Ubuntu-1ubuntu0.18.04.4) for linux-amd64 JRE (10.0.2+13-Ubuntu-1ubuntu0.18.04.4), built on Nov 13 2018 12:53:39 by "buildd" with gcc 7.3.0

END.
