#
# There is insufficient memory for the Java Runtime Environment to continue.
# Native memory allocation (mmap) failed to map 3221225472 bytes for committing reserved memory.
# Possible reasons:
#   The system is out of physical RAM or swap space
#   The process is running with CompressedOops enabled, and the Java Heap may be blocking the growth of the native heap
# Possible solutions:
#   Reduce memory load on the system
#   Increase physical memory or swap space
#   Check if swap backing store is full
#   Decrease Java heap size (-Xmx/-Xms)
#   Decrease number of Java threads
#   Decrease Java thread stack sizes (-Xss)
#   Set larger code cache with -XX:ReservedCodeCacheSize=
# This output file may be truncated or incomplete.
#
#  Out of Memory Error (os_linux.cpp:2706), pid=12903, tid=12904
#
# JRE version:  (10.0.2+13) (build )
# Java VM: OpenJDK 64-Bit Server VM (10.0.2+13-Ubuntu-1ubuntu0.18.04.4, mixed mode, aot, tiered, compressed oops, g1 gc, linux-amd64)
# Core dump will be written. Default location: Core dumps may be processed with "/usr/share/apport/apport %p %s %c %d %P" (or dumping to /opt/forno/minecraft/core.12903)
#

---------------  S U M M A R Y ------------

Command Line: -Xms3g -Xmx3g server.jar nogui

Host: Intel(R) Core(TM) i7-4500U CPU @ 1.80GHz, 4 cores, 3G, Ubuntu 18.04.2 LTS
Time: Thu Mar 21 02:28:56 2019 JST elapsed time: 0 seconds (0d 0h 0m 0s)

---------------  T H R E A D  ---------------

Current thread (0x00007f0418011000):  JavaThread "Unknown thread" [_thread_in_vm, id=12904, stack(0x00007f041eee1000,0x00007f041efe2000)]

Stack: [0x00007f041eee1000,0x00007f041efe2000],  sp=0x00007f041efe02e0,  free space=1020k
Native frames: (J=compiled Java code, A=aot compiled Java code, j=interpreted, Vv=VM code, C=native code)
V  [libjvm.so+0xd27ea4]
V  [libjvm.so+0xd28a4b]
V  [libjvm.so+0x64d415]
V  [libjvm.so+0xb2d7c8]
V  [libjvm.so+0xb2601d]
V  [libjvm.so+0x7662ff]
V  [libjvm.so+0x76653e]
V  [libjvm.so+0x769500]
V  [libjvm.so+0x7efa1c]
V  [libjvm.so+0x7f06df]
V  [libjvm.so+0x7f0b59]
V  [libjvm.so+0x7162cf]
V  [libjvm.so+0x71afd3]
V  [libjvm.so+0xce5dc2]
V  [libjvm.so+0xce60c6]
V  [libjvm.so+0x807d57]
V  [libjvm.so+0xcc7ac4]
V  [libjvm.so+0x8601b1]  JNI_CreateJavaVM+0x51
C  [libjli.so+0x3d83]
C  [libjli.so+0x89dd]
C  [libpthread.so.0+0x76db]  start_thread+0xdb


---------------  P R O C E S S  ---------------

Threads class SMR info:
_java_thread_list=0x000055ee1fe106b0, length=0, elements={
}

Java Threads: ( => current thread )

Other Threads:
  0x00007f0418028000 GCTaskThread "GC Thread#0" [stack: 0x00007f03feabc000,0x00007f03febbc000] [id=12905]
  0x00007f0418029000 GCTaskThread "GC Thread#1" [stack: 0x00007f03fe9ba000,0x00007f03feaba000] [id=12906]
  0x00007f041802b000 GCTaskThread "GC Thread#2" [stack: 0x00007f03fe8b8000,0x00007f03fe9b8000] [id=12907]
  0x00007f041802c800 GCTaskThread "GC Thread#3" [stack: 0x00007f03fe7b6000,0x00007f03fe8b6000] [id=12908]
  0x00007f041806a000 ConcurrentGCThread "G1 Main Marker" [stack: 0x00007f03fcff0000,0x00007f03fd0f0000] [id=12909]
  0x00007f041806c000 ConcurrentGCThread "G1 Conc#0" [stack: 0x00007f03fceee000,0x00007f03fcfee000] [id=12910]

[error occurred during error reporting (printing all threads), id 0xe0000002]

VM state:not at safepoint (not fully initialized)

VM Mutex/Monitor currently owned by a thread:  ([mutex/lock_event])
[0x00007f041800df30] Heap_lock - owner thread: 0x00007f0418011000

Heap address: 0x0000000700000000, size: 3072 MB, Compressed Oops mode: Non-zero based: 0x0000000700000000
Narrow klass base: 0x0000000000000000, Narrow klass shift: 0

GC Heap History (0 events):
No events

Deoptimization events (0 events):
No events

Classes redefined (0 events):
No events

Internal exceptions (0 events):
No events

Events (0 events):
No events


Dynamic libraries:
55ee1e656000-55ee1e657000 r-xp 00000000 fd:00 20185882                   /usr/lib/jvm/java-11-openjdk-amd64/bin/java
55ee1e857000-55ee1e858000 r--p 00001000 fd:00 20185882                   /usr/lib/jvm/java-11-openjdk-amd64/bin/java
55ee1e858000-55ee1e859000 rw-p 00002000 fd:00 20185882                   /usr/lib/jvm/java-11-openjdk-amd64/bin/java
55ee1fdf9000-55ee1fe1a000 rw-p 00000000 00:00 0                          [heap]
7f03d8000000-7f03d8021000 rw-p 00000000 00:00 0 
7f03d8021000-7f03dc000000 ---p 00000000 00:00 0 
7f03de000000-7f03e0000000 rw-p 00000000 00:00 0 
7f03e0000000-7f03e0021000 rw-p 00000000 00:00 0 
7f03e0021000-7f03e4000000 ---p 00000000 00:00 0 
7f03e5000000-7f03e8000000 ---p 00000000 00:00 0 
7f03e8000000-7f03e8021000 rw-p 00000000 00:00 0 
7f03e8021000-7f03ec000000 ---p 00000000 00:00 0 
7f03ed000000-7f03f0000000 ---p 00000000 00:00 0 
7f03f0000000-7f03f0021000 rw-p 00000000 00:00 0 
7f03f0021000-7f03f4000000 ---p 00000000 00:00 0 
7f03f4000000-7f03f4021000 rw-p 00000000 00:00 0 
7f03f4021000-7f03f8000000 ---p 00000000 00:00 0 
7f03f8000000-7f03f8021000 rw-p 00000000 00:00 0 
7f03f8021000-7f03fc000000 ---p 00000000 00:00 0 
7f03fcae8000-7f03fceec000 rw-p 00000000 00:00 0 
7f03fceec000-7f03fceed000 ---p 00000000 00:00 0 
7f03fceed000-7f03fcfee000 rw-p 00000000 00:00 0 
7f03fcfee000-7f03fcfef000 ---p 00000000 00:00 0 
7f03fcfef000-7f03fd1b0000 rw-p 00000000 00:00 0 
7f03fd1b0000-7f03fe3b0000 ---p 00000000 00:00 0 
7f03fe3b0000-7f03fe7b4000 rw-p 00000000 00:00 0 
7f03fe7b4000-7f03fe7b5000 ---p 00000000 00:00 0 
7f03fe7b5000-7f03fe8b6000 rw-p 00000000 00:00 0 
7f03fe8b6000-7f03fe8b7000 ---p 00000000 00:00 0 
7f03fe8b7000-7f03fe9b8000 rw-p 00000000 00:00 0 
7f03fe9b8000-7f03fe9b9000 ---p 00000000 00:00 0 
7f03fe9b9000-7f03feaba000 rw-p 00000000 00:00 0 
7f03feaba000-7f03feabb000 ---p 00000000 00:00 0 
7f03feabb000-7f03febc1000 rw-p 00000000 00:00 0 
7f03febc1000-7f03feca7000 ---p 00000000 00:00 0 
7f03feca7000-7f03fef17000 rwxp 00000000 00:00 0 
7f03fef17000-7f03ff237000 ---p 00000000 00:00 0 
7f03ff237000-7f03ff4a7000 rwxp 00000000 00:00 0 
7f03ff4a7000-7f040676f000 ---p 00000000 00:00 0 
7f040676f000-7f04069df000 rwxp 00000000 00:00 0 
7f04069df000-7f040dca7000 ---p 00000000 00:00 0 
7f040dca7000-7f0417182000 r--s 00000000 fd:00 20186057                   /usr/lib/jvm/java-11-openjdk-amd64/lib/modules
7f0417182000-7f0417187000 r-xp 00000000 fd:00 20186039                   /usr/lib/jvm/java-11-openjdk-amd64/lib/libjimage.so
7f0417187000-7f0417386000 ---p 00005000 fd:00 20186039                   /usr/lib/jvm/java-11-openjdk-amd64/lib/libjimage.so
7f0417386000-7f0417387000 r--p 00004000 fd:00 20186039                   /usr/lib/jvm/java-11-openjdk-amd64/lib/libjimage.so
7f0417387000-7f0417388000 rw-p 00005000 fd:00 20186039                   /usr/lib/jvm/java-11-openjdk-amd64/lib/libjimage.so
7f0417388000-7f041738f000 r-xp 00000000 fd:00 20186056                   /usr/lib/jvm/java-11-openjdk-amd64/lib/libzip.so
7f041738f000-7f041758e000 ---p 00007000 fd:00 20186056                   /usr/lib/jvm/java-11-openjdk-amd64/lib/libzip.so
7f041758e000-7f041758f000 r--p 00006000 fd:00 20186056                   /usr/lib/jvm/java-11-openjdk-amd64/lib/libzip.so
7f041758f000-7f0417590000 rw-p 00007000 fd:00 20186056                   /usr/lib/jvm/java-11-openjdk-amd64/lib/libzip.so
7f0417590000-7f041759b000 r-xp 00000000 fd:00 44176093                   /lib/x86_64-linux-gnu/libnss_files-2.27.so
7f041759b000-7f041779a000 ---p 0000b000 fd:00 44176093                   /lib/x86_64-linux-gnu/libnss_files-2.27.so
7f041779a000-7f041779b000 r--p 0000a000 fd:00 44176093                   /lib/x86_64-linux-gnu/libnss_files-2.27.so
7f041779b000-7f041779c000 rw-p 0000b000 fd:00 44176093                   /lib/x86_64-linux-gnu/libnss_files-2.27.so
7f041779c000-7f04177a2000 rw-p 00000000 00:00 0 
7f04177a2000-7f04177b9000 r-xp 00000000 fd:00 44176087                   /lib/x86_64-linux-gnu/libnsl-2.27.so
7f04177b9000-7f04179b8000 ---p 00017000 fd:00 44176087                   /lib/x86_64-linux-gnu/libnsl-2.27.so
7f04179b8000-7f04179b9000 r--p 00016000 fd:00 44176087                   /lib/x86_64-linux-gnu/libnsl-2.27.so
7f04179b9000-7f04179ba000 rw-p 00017000 fd:00 44176087                   /lib/x86_64-linux-gnu/libnsl-2.27.so
7f04179ba000-7f04179bc000 rw-p 00000000 00:00 0 
7f04179bc000-7f04179c7000 r-xp 00000000 fd:00 44176104                   /lib/x86_64-linux-gnu/libnss_nis-2.27.so
7f04179c7000-7f0417bc6000 ---p 0000b000 fd:00 44176104                   /lib/x86_64-linux-gnu/libnss_nis-2.27.so
7f0417bc6000-7f0417bc7000 r--p 0000a000 fd:00 44176104                   /lib/x86_64-linux-gnu/libnss_nis-2.27.so
7f0417bc7000-7f0417bc8000 rw-p 0000b000 fd:00 44176104                   /lib/x86_64-linux-gnu/libnss_nis-2.27.so
7f0417bc8000-7f0417bd0000 r-xp 00000000 fd:00 44176089                   /lib/x86_64-linux-gnu/libnss_compat-2.27.so
7f0417bd0000-7f0417dd0000 ---p 00008000 fd:00 44176089                   /lib/x86_64-linux-gnu/libnss_compat-2.27.so
7f0417dd0000-7f0417dd1000 r--p 00008000 fd:00 44176089                   /lib/x86_64-linux-gnu/libnss_compat-2.27.so
7f0417dd1000-7f0417dd2000 rw-p 00009000 fd:00 44176089                   /lib/x86_64-linux-gnu/libnss_compat-2.27.so
7f0417dd2000-7f0417dfe000 r-xp 00000000 fd:00 20186035                   /usr/lib/jvm/java-11-openjdk-amd64/lib/libjava.so
7f0417dfe000-7f0417ffd000 ---p 0002c000 fd:00 20186035                   /usr/lib/jvm/java-11-openjdk-amd64/lib/libjava.so
7f0417ffd000-7f0417ffe000 r--p 0002b000 fd:00 20186035                   /usr/lib/jvm/java-11-openjdk-amd64/lib/libjava.so
7f0417ffe000-7f0418000000 rw-p 0002c000 fd:00 20186035                   /usr/lib/jvm/java-11-openjdk-amd64/lib/libjava.so
7f0418000000-7f0418083000 rw-p 00000000 00:00 0 
7f0418083000-7f041c000000 ---p 00000000 00:00 0 
7f041c073000-7f041c078000 rw-p 00000000 00:00 0 
7f041c078000-7f041c15e000 ---p 00000000 00:00 0 
7f041c15e000-7f041c16b000 r-xp 00000000 fd:00 20186055                   /usr/lib/jvm/java-11-openjdk-amd64/lib/libverify.so
7f041c16b000-7f041c36a000 ---p 0000d000 fd:00 20186055                   /usr/lib/jvm/java-11-openjdk-amd64/lib/libverify.so
7f041c36a000-7f041c36c000 r--p 0000c000 fd:00 20186055                   /usr/lib/jvm/java-11-openjdk-amd64/lib/libverify.so
7f041c36c000-7f041c36d000 rw-p 0000e000 fd:00 20186055                   /usr/lib/jvm/java-11-openjdk-amd64/lib/libverify.so
7f041c36d000-7f041c374000 r-xp 00000000 fd:00 44176144                   /lib/x86_64-linux-gnu/librt-2.27.so
7f041c374000-7f041c573000 ---p 00007000 fd:00 44176144                   /lib/x86_64-linux-gnu/librt-2.27.so
7f041c573000-7f041c574000 r--p 00006000 fd:00 44176144                   /lib/x86_64-linux-gnu/librt-2.27.so
7f041c574000-7f041c575000 rw-p 00007000 fd:00 44176144                   /lib/x86_64-linux-gnu/librt-2.27.so
7f041c575000-7f041c58c000 r-xp 00000000 fd:00 44175907                   /lib/x86_64-linux-gnu/libgcc_s.so.1
7f041c58c000-7f041c78b000 ---p 00017000 fd:00 44175907                   /lib/x86_64-linux-gnu/libgcc_s.so.1
7f041c78b000-7f041c78c000 r--p 00016000 fd:00 44175907                   /lib/x86_64-linux-gnu/libgcc_s.so.1
7f041c78c000-7f041c78d000 rw-p 00017000 fd:00 44175907                   /lib/x86_64-linux-gnu/libgcc_s.so.1
7f041c78d000-7f041c92a000 r-xp 00000000 fd:00 44176066                   /lib/x86_64-linux-gnu/libm-2.27.so
7f041c92a000-7f041cb29000 ---p 0019d000 fd:00 44176066                   /lib/x86_64-linux-gnu/libm-2.27.so
7f041cb29000-7f041cb2a000 r--p 0019c000 fd:00 44176066                   /lib/x86_64-linux-gnu/libm-2.27.so
7f041cb2a000-7f041cb2b000 rw-p 0019d000 fd:00 44176066                   /lib/x86_64-linux-gnu/libm-2.27.so
7f041cb2b000-7f041cca4000 r-xp 00000000 fd:00 18090134                   /usr/lib/x86_64-linux-gnu/libstdc++.so.6.0.25
7f041cca4000-7f041cea4000 ---p 00179000 fd:00 18090134                   /usr/lib/x86_64-linux-gnu/libstdc++.so.6.0.25
7f041cea4000-7f041ceae000 r--p 00179000 fd:00 18090134                   /usr/lib/x86_64-linux-gnu/libstdc++.so.6.0.25
7f041ceae000-7f041ceb0000 rw-p 00183000 fd:00 18090134                   /usr/lib/x86_64-linux-gnu/libstdc++.so.6.0.25
7f041ceb0000-7f041ceb4000 rw-p 00000000 00:00 0 
7f041ceb4000-7f041de51000 r-xp 00000000 fd:00 20186062                   /usr/lib/jvm/java-11-openjdk-amd64/lib/server/libjvm.so
7f041de51000-7f041e051000 ---p 00f9d000 fd:00 20186062                   /usr/lib/jvm/java-11-openjdk-amd64/lib/server/libjvm.so
7f041e051000-7f041e115000 r--p 00f9d000 fd:00 20186062                   /usr/lib/jvm/java-11-openjdk-amd64/lib/server/libjvm.so
7f041e115000-7f041e14d000 rw-p 01061000 fd:00 20186062                   /usr/lib/jvm/java-11-openjdk-amd64/lib/server/libjvm.so
7f041e14d000-7f041e196000 rw-p 00000000 00:00 0 
7f041e196000-7f041e1b0000 r-xp 00000000 fd:00 44176136                   /lib/x86_64-linux-gnu/libpthread-2.27.so
7f041e1b0000-7f041e3af000 ---p 0001a000 fd:00 44176136                   /lib/x86_64-linux-gnu/libpthread-2.27.so
7f041e3af000-7f041e3b0000 r--p 00019000 fd:00 44176136                   /lib/x86_64-linux-gnu/libpthread-2.27.so
7f041e3b0000-7f041e3b1000 rw-p 0001a000 fd:00 44176136                   /lib/x86_64-linux-gnu/libpthread-2.27.so
7f041e3b1000-7f041e3b5000 rw-p 00000000 00:00 0 
7f041e3b5000-7f041e3b8000 r-xp 00000000 fd:00 44176026                   /lib/x86_64-linux-gnu/libdl-2.27.so
7f041e3b8000-7f041e5b7000 ---p 00003000 fd:00 44176026                   /lib/x86_64-linux-gnu/libdl-2.27.so
7f041e5b7000-7f041e5b8000 r--p 00002000 fd:00 44176026                   /lib/x86_64-linux-gnu/libdl-2.27.so
7f041e5b8000-7f041e5b9000 rw-p 00003000 fd:00 44176026                   /lib/x86_64-linux-gnu/libdl-2.27.so
7f041e5b9000-7f041e5d5000 r-xp 00000000 fd:00 44176175                   /lib/x86_64-linux-gnu/libz.so.1.2.11
7f041e5d5000-7f041e7d4000 ---p 0001c000 fd:00 44176175                   /lib/x86_64-linux-gnu/libz.so.1.2.11
7f041e7d4000-7f041e7d5000 r--p 0001b000 fd:00 44176175                   /lib/x86_64-linux-gnu/libz.so.1.2.11
7f041e7d5000-7f041e7d6000 rw-p 0001c000 fd:00 44176175                   /lib/x86_64-linux-gnu/libz.so.1.2.11
7f041e7d6000-7f041e9bd000 r-xp 00000000 fd:00 44176003                   /lib/x86_64-linux-gnu/libc-2.27.so
7f041e9bd000-7f041ebbd000 ---p 001e7000 fd:00 44176003                   /lib/x86_64-linux-gnu/libc-2.27.so
7f041ebbd000-7f041ebc1000 r--p 001e7000 fd:00 44176003                   /lib/x86_64-linux-gnu/libc-2.27.so
7f041ebc1000-7f041ebc3000 rw-p 001eb000 fd:00 44176003                   /lib/x86_64-linux-gnu/libc-2.27.so
7f041ebc3000-7f041ebc7000 rw-p 00000000 00:00 0 
7f041ebc7000-7f041ebd6000 r-xp 00000000 fd:00 20186020                   /usr/lib/jvm/java-11-openjdk-amd64/lib/jli/libjli.so
7f041ebd6000-7f041edd5000 ---p 0000f000 fd:00 20186020                   /usr/lib/jvm/java-11-openjdk-amd64/lib/jli/libjli.so
7f041edd5000-7f041edd6000 r--p 0000e000 fd:00 20186020                   /usr/lib/jvm/java-11-openjdk-amd64/lib/jli/libjli.so
7f041edd6000-7f041edd7000 rw-p 0000f000 fd:00 20186020                   /usr/lib/jvm/java-11-openjdk-amd64/lib/jli/libjli.so
7f041edd7000-7f041edfe000 r-xp 00000000 fd:00 44175975                   /lib/x86_64-linux-gnu/ld-2.27.so
7f041ee7a000-7f041eee1000 rw-p 00000000 00:00 0 
7f041eee1000-7f041eee5000 ---p 00000000 00:00 0 
7f041eee5000-7f041efe4000 rw-p 00000000 00:00 0 
7f041efe5000-7f041efeb000 rw-p 00000000 00:00 0 
7f041efeb000-7f041eff2000 ---p 00000000 00:00 0 
7f041eff2000-7f041effa000 rw-s 00000000 fd:00 16121869                   /tmp/hsperfdata_minecraft/12903
7f041effa000-7f041effb000 ---p 00000000 00:00 0 
7f041effb000-7f041effc000 r--p 00000000 00:00 0 
7f041effc000-7f041effe000 rw-p 00000000 00:00 0 
7f041effe000-7f041efff000 r--p 00027000 fd:00 44175975                   /lib/x86_64-linux-gnu/ld-2.27.so
7f041efff000-7f041f000000 rw-p 00028000 fd:00 44175975                   /lib/x86_64-linux-gnu/ld-2.27.so
7f041f000000-7f041f001000 rw-p 00000000 00:00 0 
7ffda2204000-7ffda2225000 rw-p 00000000 00:00 0                          [stack]
7ffda2325000-7ffda2328000 r--p 00000000 00:00 0                          [vvar]
7ffda2328000-7ffda232a000 r-xp 00000000 00:00 0                          [vdso]
ffffffffff600000-ffffffffff601000 r-xp 00000000 00:00 0                  [vsyscall]


VM Arguments:
jvm_args: -Xms3g -Xmx3g 
java_command: server.jar nogui
java_class_path (initial): server.jar
Launcher Type: SUN_STANDARD

Logging:
Log output configuration:
#0: stdout all=warning uptime,level,tags
#1: stderr all=off uptime,level,tags

Environment Variables:
PATH=/usr/local/sbin:/usr/local/bin:/usr/sbin:/usr/bin:/sbin:/bin
SHELL=/bin/sh

Signal Handlers:
SIGSEGV: [libjvm.so+0xd28b70], sa_mask[0]=11111111011111111101111111111110, sa_flags=SA_RESTART|SA_SIGINFO
SIGBUS: [libjvm.so+0xd28b70], sa_mask[0]=11111111011111111101111111111110, sa_flags=SA_RESTART|SA_SIGINFO
SIGFPE: [libjvm.so+0xd28b70], sa_mask[0]=11111111011111111101111111111110, sa_flags=SA_RESTART|SA_SIGINFO
SIGPIPE: [libjvm.so+0xb2a1f0], sa_mask[0]=11111111011111111101111111111110, sa_flags=SA_RESTART|SA_SIGINFO
SIGXFSZ: [libjvm.so+0xb2a1f0], sa_mask[0]=11111111011111111101111111111110, sa_flags=SA_RESTART|SA_SIGINFO
SIGILL: [libjvm.so+0xd28b70], sa_mask[0]=11111111011111111101111111111110, sa_flags=SA_RESTART|SA_SIGINFO
SIGUSR2: [libjvm.so+0xb2a030], sa_mask[0]=00000000000000000000000000000000, sa_flags=SA_RESTART|SA_SIGINFO
SIGHUP: SIG_DFL, sa_mask[0]=00000000000000000000000000000000, sa_flags=none
SIGINT: SIG_DFL, sa_mask[0]=00000000000000000000000000000000, sa_flags=none
SIGTERM: SIG_DFL, sa_mask[0]=00000000000000000000000000000000, sa_flags=none
SIGQUIT: SIG_DFL, sa_mask[0]=00000000000000000000000000000000, sa_flags=none


---------------  S Y S T E M  ---------------

OS:DISTRIB_ID=Ubuntu
DISTRIB_RELEASE=18.04
DISTRIB_CODENAME=bionic
DISTRIB_DESCRIPTION="Ubuntu 18.04.2 LTS"
uname:Linux 4.15.0-46-generic #49-Ubuntu SMP Wed Feb 6 09:33:07 UTC 2019 x86_64
libc:glibc 2.27 NPTL 2.27 
rlimit: STACK 8192k, CORE 0k, NPROC 15099, NOFILE 4096, AS infinity, DATA infinity, FSIZE infinity
load average:1.43 1.42 1.42

/proc/meminfo:
MemTotal:        3943748 kB
MemFree:         1878212 kB
MemAvailable:    1998596 kB
Buffers:           12992 kB
Cached:           323572 kB
SwapCached:         1412 kB
Active:          1404244 kB
Inactive:         501568 kB
Active(anon):    1305564 kB
Inactive(anon):   293808 kB
Active(file):      98680 kB
Inactive(file):   207760 kB
Unevictable:           0 kB
Mlocked:               0 kB
SwapTotal:        999420 kB
SwapFree:         552368 kB
Dirty:              3100 kB
Writeback:             0 kB
AnonPages:       1567696 kB
Mapped:           129532 kB
Shmem:             30124 kB
Slab:              74452 kB
SReclaimable:      33424 kB
SUnreclaim:        41028 kB
KernelStack:        6032 kB
PageTables:        22540 kB
NFS_Unstable:          0 kB
Bounce:                0 kB
WritebackTmp:          0 kB
CommitLimit:     2971292 kB
Committed_AS:    3026408 kB
VmallocTotal:   34359738367 kB
VmallocUsed:           0 kB
VmallocChunk:          0 kB
HardwareCorrupted:     0 kB
AnonHugePages:         0 kB
ShmemHugePages:        0 kB
ShmemPmdMapped:        0 kB
CmaTotal:              0 kB
CmaFree:               0 kB
HugePages_Total:       0
HugePages_Free:        0
HugePages_Rsvd:        0
HugePages_Surp:        0
Hugepagesize:       2048 kB
DirectMap4k:      152176 kB
DirectMap2M:     3946496 kB
DirectMap1G:           0 kB

container (cgroup) information:
container_type: cgroupv1
cpu_cpuset_cpus: 0-3
cpu_memory_nodes: 0
active_processor_count: 4
cpu_quota: -1
cpu_period: 100000
cpu_shares: -1
memory_limit_in_bytes: -1
memory_and_swap_limit_in_bytes: -2
memory_soft_limit_in_bytes: -1
memory_usage_in_bytes: 1951117312
memory_max_usage_in_bytes: 2048000


CPU:total 4 (initial active 4) (2 cores per cpu, 2 threads per core) family 6 model 69 stepping 1, cmov, cx8, fxsr, mmx, sse, sse2, sse3, ssse3, sse4.1, sse4.2, popcnt, avx, avx2, aes, clmul, erms, lzcnt, ht, tsc, tscinvbit, bmi1, bmi2, fma
CPU Model and flags from /proc/cpuinfo:
model name	: Intel(R) Core(TM) i7-4500U CPU @ 1.80GHz
flags		: fpu vme de pse tsc msr pae mce cx8 apic sep mtrr pge mca cmov pat pse36 clflush dts acpi mmx fxsr sse sse2 ss ht tm pbe syscall nx pdpe1gb rdtscp lm constant_tsc arch_perfmon pebs bts rep_good nopl xtopology nonstop_tsc cpuid aperfmperf pni pclmulqdq dtes64 monitor ds_cpl vmx est tm2 ssse3 sdbg fma cx16 xtpr pdcm pcid sse4_1 sse4_2 movbe popcnt tsc_deadline_timer aes xsave avx f16c rdrand lahf_lm abm cpuid_fault epb invpcid_single pti ssbd ibrs ibpb stibp tpr_shadow vnmi flexpriority ept vpid fsgsbase tsc_adjust bmi1 avx2 smep bmi2 erms invpcid xsaveopt dtherm ida arat pln pts flush_l1d

Memory: 4k page, physical 3943748k(1878360k free), swap 999420k(552368k free)

vm_info: OpenJDK 64-Bit Server VM (10.0.2+13-Ubuntu-1ubuntu0.18.04.4) for linux-amd64 JRE (10.0.2+13-Ubuntu-1ubuntu0.18.04.4), built on Nov 13 2018 12:53:39 by "buildd" with gcc 7.3.0

END.
