#
# There is insufficient memory for the Java Runtime Environment to continue.
# Native memory allocation (mmap) failed to map 3221225472 bytes for committing reserved memory.
# Possible reasons:
#   The system is out of physical RAM or swap space
#   The process is running with CompressedOops enabled, and the Java Heap may be blocking the growth of the native heap
# Possible solutions:
#   Reduce memory load on the system
#   Increase physical memory or swap space
#   Check if swap backing store is full
#   Decrease Java heap size (-Xmx/-Xms)
#   Decrease number of Java threads
#   Decrease Java thread stack sizes (-Xss)
#   Set larger code cache with -XX:ReservedCodeCacheSize=
# This output file may be truncated or incomplete.
#
#  Out of Memory Error (os_linux.cpp:2706), pid=15866, tid=15867
#
# JRE version:  (10.0.2+13) (build )
# Java VM: OpenJDK 64-Bit Server VM (10.0.2+13-Ubuntu-1ubuntu0.18.04.4, mixed mode, aot, tiered, compressed oops, g1 gc, linux-amd64)
# Core dump will be written. Default location: Core dumps may be processed with "/usr/share/apport/apport %p %s %c %d %P" (or dumping to /opt/forno/minecraft/core.15866)
#

---------------  S U M M A R Y ------------

Command Line: -Xms3g -Xmx3g server.jar nogui

Host: Intel(R) Core(TM) i7-4500U CPU @ 1.80GHz, 4 cores, 3G, Ubuntu 18.04.2 LTS
Time: Thu Mar 21 06:49:01 2019 JST elapsed time: 0 seconds (0d 0h 0m 0s)

---------------  T H R E A D  ---------------

Current thread (0x00007f9b80011000):  JavaThread "Unknown thread" [_thread_in_vm, id=15867, stack(0x00007f9b874db000,0x00007f9b875dc000)]

Stack: [0x00007f9b874db000,0x00007f9b875dc000],  sp=0x00007f9b875da2e0,  free space=1020k
Native frames: (J=compiled Java code, A=aot compiled Java code, j=interpreted, Vv=VM code, C=native code)
V  [libjvm.so+0xd27ea4]
V  [libjvm.so+0xd28a4b]
V  [libjvm.so+0x64d415]
V  [libjvm.so+0xb2d7c8]
V  [libjvm.so+0xb2601d]
V  [libjvm.so+0x7662ff]
V  [libjvm.so+0x76653e]
V  [libjvm.so+0x769500]
V  [libjvm.so+0x7efa1c]
V  [libjvm.so+0x7f06df]
V  [libjvm.so+0x7f0b59]
V  [libjvm.so+0x7162cf]
V  [libjvm.so+0x71afd3]
V  [libjvm.so+0xce5dc2]
V  [libjvm.so+0xce60c6]
V  [libjvm.so+0x807d57]
V  [libjvm.so+0xcc7ac4]
V  [libjvm.so+0x8601b1]  JNI_CreateJavaVM+0x51
C  [libjli.so+0x3d83]
C  [libjli.so+0x89dd]
C  [libpthread.so.0+0x76db]  start_thread+0xdb


---------------  P R O C E S S  ---------------

Threads class SMR info:
_java_thread_list=0x0000558982b2f6b0, length=0, elements={
}

Java Threads: ( => current thread )

Other Threads:
  0x00007f9b80028000 GCTaskThread "GC Thread#0" [stack: 0x00007f9b67100000,0x00007f9b67200000] [id=15868]
  0x00007f9b80029000 GCTaskThread "GC Thread#1" [stack: 0x00007f9b66ffe000,0x00007f9b670fe000] [id=15869]
  0x00007f9b8002b000 GCTaskThread "GC Thread#2" [stack: 0x00007f9b66efc000,0x00007f9b66ffc000] [id=15870]
  0x00007f9b8002c800 GCTaskThread "GC Thread#3" [stack: 0x00007f9b66dfa000,0x00007f9b66efa000] [id=15871]
  0x00007f9b8006a000 ConcurrentGCThread "G1 Main Marker" [stack: 0x00007f9b65634000,0x00007f9b65734000] [id=15872]
  0x00007f9b8006c000 ConcurrentGCThread "G1 Conc#0" [stack: 0x00007f9b65532000,0x00007f9b65632000] [id=15873]

[error occurred during error reporting (printing all threads), id 0xe0000002]

VM state:not at safepoint (not fully initialized)

VM Mutex/Monitor currently owned by a thread:  ([mutex/lock_event])
[0x00007f9b8000df30] Heap_lock - owner thread: 0x00007f9b80011000

Heap address: 0x0000000700000000, size: 3072 MB, Compressed Oops mode: Non-zero based: 0x0000000700000000
Narrow klass base: 0x0000000000000000, Narrow klass shift: 0

GC Heap History (0 events):
No events

Deoptimization events (0 events):
No events

Classes redefined (0 events):
No events

Internal exceptions (0 events):
No events

Events (0 events):
No events


Dynamic libraries:
558981cf3000-558981cf4000 r-xp 00000000 fd:00 20185882                   /usr/lib/jvm/java-11-openjdk-amd64/bin/java
558981ef4000-558981ef5000 r--p 00001000 fd:00 20185882                   /usr/lib/jvm/java-11-openjdk-amd64/bin/java
558981ef5000-558981ef6000 rw-p 00002000 fd:00 20185882                   /usr/lib/jvm/java-11-openjdk-amd64/bin/java
558982b18000-558982b39000 rw-p 00000000 00:00 0                          [heap]
7f9b40000000-7f9b40021000 rw-p 00000000 00:00 0 
7f9b40021000-7f9b44000000 ---p 00000000 00:00 0 
7f9b46000000-7f9b48000000 rw-p 00000000 00:00 0 
7f9b48000000-7f9b48021000 rw-p 00000000 00:00 0 
7f9b48021000-7f9b4c000000 ---p 00000000 00:00 0 
7f9b4d000000-7f9b50000000 ---p 00000000 00:00 0 
7f9b50000000-7f9b50021000 rw-p 00000000 00:00 0 
7f9b50021000-7f9b54000000 ---p 00000000 00:00 0 
7f9b55000000-7f9b58000000 ---p 00000000 00:00 0 
7f9b58000000-7f9b58021000 rw-p 00000000 00:00 0 
7f9b58021000-7f9b5c000000 ---p 00000000 00:00 0 
7f9b5c000000-7f9b5c021000 rw-p 00000000 00:00 0 
7f9b5c021000-7f9b60000000 ---p 00000000 00:00 0 
7f9b60000000-7f9b60021000 rw-p 00000000 00:00 0 
7f9b60021000-7f9b64000000 ---p 00000000 00:00 0 
7f9b6512c000-7f9b65530000 rw-p 00000000 00:00 0 
7f9b65530000-7f9b65531000 ---p 00000000 00:00 0 
7f9b65531000-7f9b65632000 rw-p 00000000 00:00 0 
7f9b65632000-7f9b65633000 ---p 00000000 00:00 0 
7f9b65633000-7f9b657f4000 rw-p 00000000 00:00 0 
7f9b657f4000-7f9b669f4000 ---p 00000000 00:00 0 
7f9b669f4000-7f9b66df8000 rw-p 00000000 00:00 0 
7f9b66df8000-7f9b66df9000 ---p 00000000 00:00 0 
7f9b66df9000-7f9b66efa000 rw-p 00000000 00:00 0 
7f9b66efa000-7f9b66efb000 ---p 00000000 00:00 0 
7f9b66efb000-7f9b66ffc000 rw-p 00000000 00:00 0 
7f9b66ffc000-7f9b66ffd000 ---p 00000000 00:00 0 
7f9b66ffd000-7f9b670fe000 rw-p 00000000 00:00 0 
7f9b670fe000-7f9b670ff000 ---p 00000000 00:00 0 
7f9b670ff000-7f9b67205000 rw-p 00000000 00:00 0 
7f9b67205000-7f9b672eb000 ---p 00000000 00:00 0 
7f9b672eb000-7f9b6755b000 rwxp 00000000 00:00 0 
7f9b6755b000-7f9b6787b000 ---p 00000000 00:00 0 
7f9b6787b000-7f9b67aeb000 rwxp 00000000 00:00 0 
7f9b67aeb000-7f9b6edb3000 ---p 00000000 00:00 0 
7f9b6edb3000-7f9b6f023000 rwxp 00000000 00:00 0 
7f9b6f023000-7f9b762eb000 ---p 00000000 00:00 0 
7f9b762eb000-7f9b7f7c6000 r--s 00000000 fd:00 20186057                   /usr/lib/jvm/java-11-openjdk-amd64/lib/modules
7f9b7f7c6000-7f9b7f7cb000 r-xp 00000000 fd:00 20186039                   /usr/lib/jvm/java-11-openjdk-amd64/lib/libjimage.so
7f9b7f7cb000-7f9b7f9ca000 ---p 00005000 fd:00 20186039                   /usr/lib/jvm/java-11-openjdk-amd64/lib/libjimage.so
7f9b7f9ca000-7f9b7f9cb000 r--p 00004000 fd:00 20186039                   /usr/lib/jvm/java-11-openjdk-amd64/lib/libjimage.so
7f9b7f9cb000-7f9b7f9cc000 rw-p 00005000 fd:00 20186039                   /usr/lib/jvm/java-11-openjdk-amd64/lib/libjimage.so
7f9b7f9cc000-7f9b7f9d3000 r-xp 00000000 fd:00 20186056                   /usr/lib/jvm/java-11-openjdk-amd64/lib/libzip.so
7f9b7f9d3000-7f9b7fbd2000 ---p 00007000 fd:00 20186056                   /usr/lib/jvm/java-11-openjdk-amd64/lib/libzip.so
7f9b7fbd2000-7f9b7fbd3000 r--p 00006000 fd:00 20186056                   /usr/lib/jvm/java-11-openjdk-amd64/lib/libzip.so
7f9b7fbd3000-7f9b7fbd4000 rw-p 00007000 fd:00 20186056                   /usr/lib/jvm/java-11-openjdk-amd64/lib/libzip.so
7f9b7fbd4000-7f9b7fbdf000 r-xp 00000000 fd:00 44176093                   /lib/x86_64-linux-gnu/libnss_files-2.27.so
7f9b7fbdf000-7f9b7fdde000 ---p 0000b000 fd:00 44176093                   /lib/x86_64-linux-gnu/libnss_files-2.27.so
7f9b7fdde000-7f9b7fddf000 r--p 0000a000 fd:00 44176093                   /lib/x86_64-linux-gnu/libnss_files-2.27.so
7f9b7fddf000-7f9b7fde0000 rw-p 0000b000 fd:00 44176093                   /lib/x86_64-linux-gnu/libnss_files-2.27.so
7f9b7fde0000-7f9b7fde6000 rw-p 00000000 00:00 0 
7f9b7fde6000-7f9b7fdfd000 r-xp 00000000 fd:00 44176087                   /lib/x86_64-linux-gnu/libnsl-2.27.so
7f9b7fdfd000-7f9b7fffc000 ---p 00017000 fd:00 44176087                   /lib/x86_64-linux-gnu/libnsl-2.27.so
7f9b7fffc000-7f9b7fffd000 r--p 00016000 fd:00 44176087                   /lib/x86_64-linux-gnu/libnsl-2.27.so
7f9b7fffd000-7f9b7fffe000 rw-p 00017000 fd:00 44176087                   /lib/x86_64-linux-gnu/libnsl-2.27.so
7f9b7fffe000-7f9b80000000 rw-p 00000000 00:00 0 
7f9b80000000-7f9b80083000 rw-p 00000000 00:00 0 
7f9b80083000-7f9b84000000 ---p 00000000 00:00 0 
7f9b84029000-7f9b8402e000 rw-p 00000000 00:00 0 
7f9b8402e000-7f9b84114000 ---p 00000000 00:00 0 
7f9b84114000-7f9b8411f000 r-xp 00000000 fd:00 44176104                   /lib/x86_64-linux-gnu/libnss_nis-2.27.so
7f9b8411f000-7f9b8431e000 ---p 0000b000 fd:00 44176104                   /lib/x86_64-linux-gnu/libnss_nis-2.27.so
7f9b8431e000-7f9b8431f000 r--p 0000a000 fd:00 44176104                   /lib/x86_64-linux-gnu/libnss_nis-2.27.so
7f9b8431f000-7f9b84320000 rw-p 0000b000 fd:00 44176104                   /lib/x86_64-linux-gnu/libnss_nis-2.27.so
7f9b84320000-7f9b84328000 r-xp 00000000 fd:00 44176089                   /lib/x86_64-linux-gnu/libnss_compat-2.27.so
7f9b84328000-7f9b84528000 ---p 00008000 fd:00 44176089                   /lib/x86_64-linux-gnu/libnss_compat-2.27.so
7f9b84528000-7f9b84529000 r--p 00008000 fd:00 44176089                   /lib/x86_64-linux-gnu/libnss_compat-2.27.so
7f9b84529000-7f9b8452a000 rw-p 00009000 fd:00 44176089                   /lib/x86_64-linux-gnu/libnss_compat-2.27.so
7f9b8452a000-7f9b84556000 r-xp 00000000 fd:00 20186035                   /usr/lib/jvm/java-11-openjdk-amd64/lib/libjava.so
7f9b84556000-7f9b84755000 ---p 0002c000 fd:00 20186035                   /usr/lib/jvm/java-11-openjdk-amd64/lib/libjava.so
7f9b84755000-7f9b84756000 r--p 0002b000 fd:00 20186035                   /usr/lib/jvm/java-11-openjdk-amd64/lib/libjava.so
7f9b84756000-7f9b84758000 rw-p 0002c000 fd:00 20186035                   /usr/lib/jvm/java-11-openjdk-amd64/lib/libjava.so
7f9b84758000-7f9b84765000 r-xp 00000000 fd:00 20186055                   /usr/lib/jvm/java-11-openjdk-amd64/lib/libverify.so
7f9b84765000-7f9b84964000 ---p 0000d000 fd:00 20186055                   /usr/lib/jvm/java-11-openjdk-amd64/lib/libverify.so
7f9b84964000-7f9b84966000 r--p 0000c000 fd:00 20186055                   /usr/lib/jvm/java-11-openjdk-amd64/lib/libverify.so
7f9b84966000-7f9b84967000 rw-p 0000e000 fd:00 20186055                   /usr/lib/jvm/java-11-openjdk-amd64/lib/libverify.so
7f9b84967000-7f9b8496e000 r-xp 00000000 fd:00 44176144                   /lib/x86_64-linux-gnu/librt-2.27.so
7f9b8496e000-7f9b84b6d000 ---p 00007000 fd:00 44176144                   /lib/x86_64-linux-gnu/librt-2.27.so
7f9b84b6d000-7f9b84b6e000 r--p 00006000 fd:00 44176144                   /lib/x86_64-linux-gnu/librt-2.27.so
7f9b84b6e000-7f9b84b6f000 rw-p 00007000 fd:00 44176144                   /lib/x86_64-linux-gnu/librt-2.27.so
7f9b84b6f000-7f9b84b86000 r-xp 00000000 fd:00 44175907                   /lib/x86_64-linux-gnu/libgcc_s.so.1
7f9b84b86000-7f9b84d85000 ---p 00017000 fd:00 44175907                   /lib/x86_64-linux-gnu/libgcc_s.so.1
7f9b84d85000-7f9b84d86000 r--p 00016000 fd:00 44175907                   /lib/x86_64-linux-gnu/libgcc_s.so.1
7f9b84d86000-7f9b84d87000 rw-p 00017000 fd:00 44175907                   /lib/x86_64-linux-gnu/libgcc_s.so.1
7f9b84d87000-7f9b84f24000 r-xp 00000000 fd:00 44176066                   /lib/x86_64-linux-gnu/libm-2.27.so
7f9b84f24000-7f9b85123000 ---p 0019d000 fd:00 44176066                   /lib/x86_64-linux-gnu/libm-2.27.so
7f9b85123000-7f9b85124000 r--p 0019c000 fd:00 44176066                   /lib/x86_64-linux-gnu/libm-2.27.so
7f9b85124000-7f9b85125000 rw-p 0019d000 fd:00 44176066                   /lib/x86_64-linux-gnu/libm-2.27.so
7f9b85125000-7f9b8529e000 r-xp 00000000 fd:00 18090134                   /usr/lib/x86_64-linux-gnu/libstdc++.so.6.0.25
7f9b8529e000-7f9b8549e000 ---p 00179000 fd:00 18090134                   /usr/lib/x86_64-linux-gnu/libstdc++.so.6.0.25
7f9b8549e000-7f9b854a8000 r--p 00179000 fd:00 18090134                   /usr/lib/x86_64-linux-gnu/libstdc++.so.6.0.25
7f9b854a8000-7f9b854aa000 rw-p 00183000 fd:00 18090134                   /usr/lib/x86_64-linux-gnu/libstdc++.so.6.0.25
7f9b854aa000-7f9b854ae000 rw-p 00000000 00:00 0 
7f9b854ae000-7f9b8644b000 r-xp 00000000 fd:00 20186062                   /usr/lib/jvm/java-11-openjdk-amd64/lib/server/libjvm.so
7f9b8644b000-7f9b8664b000 ---p 00f9d000 fd:00 20186062                   /usr/lib/jvm/java-11-openjdk-amd64/lib/server/libjvm.so
7f9b8664b000-7f9b8670f000 r--p 00f9d000 fd:00 20186062                   /usr/lib/jvm/java-11-openjdk-amd64/lib/server/libjvm.so
7f9b8670f000-7f9b86747000 rw-p 01061000 fd:00 20186062                   /usr/lib/jvm/java-11-openjdk-amd64/lib/server/libjvm.so
7f9b86747000-7f9b86790000 rw-p 00000000 00:00 0 
7f9b86790000-7f9b867aa000 r-xp 00000000 fd:00 44176136                   /lib/x86_64-linux-gnu/libpthread-2.27.so
7f9b867aa000-7f9b869a9000 ---p 0001a000 fd:00 44176136                   /lib/x86_64-linux-gnu/libpthread-2.27.so
7f9b869a9000-7f9b869aa000 r--p 00019000 fd:00 44176136                   /lib/x86_64-linux-gnu/libpthread-2.27.so
7f9b869aa000-7f9b869ab000 rw-p 0001a000 fd:00 44176136                   /lib/x86_64-linux-gnu/libpthread-2.27.so
7f9b869ab000-7f9b869af000 rw-p 00000000 00:00 0 
7f9b869af000-7f9b869b2000 r-xp 00000000 fd:00 44176026                   /lib/x86_64-linux-gnu/libdl-2.27.so
7f9b869b2000-7f9b86bb1000 ---p 00003000 fd:00 44176026                   /lib/x86_64-linux-gnu/libdl-2.27.so
7f9b86bb1000-7f9b86bb2000 r--p 00002000 fd:00 44176026                   /lib/x86_64-linux-gnu/libdl-2.27.so
7f9b86bb2000-7f9b86bb3000 rw-p 00003000 fd:00 44176026                   /lib/x86_64-linux-gnu/libdl-2.27.so
7f9b86bb3000-7f9b86bcf000 r-xp 00000000 fd:00 44176175                   /lib/x86_64-linux-gnu/libz.so.1.2.11
7f9b86bcf000-7f9b86dce000 ---p 0001c000 fd:00 44176175                   /lib/x86_64-linux-gnu/libz.so.1.2.11
7f9b86dce000-7f9b86dcf000 r--p 0001b000 fd:00 44176175                   /lib/x86_64-linux-gnu/libz.so.1.2.11
7f9b86dcf000-7f9b86dd0000 rw-p 0001c000 fd:00 44176175                   /lib/x86_64-linux-gnu/libz.so.1.2.11
7f9b86dd0000-7f9b86fb7000 r-xp 00000000 fd:00 44176003                   /lib/x86_64-linux-gnu/libc-2.27.so
7f9b86fb7000-7f9b871b7000 ---p 001e7000 fd:00 44176003                   /lib/x86_64-linux-gnu/libc-2.27.so
7f9b871b7000-7f9b871bb000 r--p 001e7000 fd:00 44176003                   /lib/x86_64-linux-gnu/libc-2.27.so
7f9b871bb000-7f9b871bd000 rw-p 001eb000 fd:00 44176003                   /lib/x86_64-linux-gnu/libc-2.27.so
7f9b871bd000-7f9b871c1000 rw-p 00000000 00:00 0 
7f9b871c1000-7f9b871d0000 r-xp 00000000 fd:00 20186020                   /usr/lib/jvm/java-11-openjdk-amd64/lib/jli/libjli.so
7f9b871d0000-7f9b873cf000 ---p 0000f000 fd:00 20186020                   /usr/lib/jvm/java-11-openjdk-amd64/lib/jli/libjli.so
7f9b873cf000-7f9b873d0000 r--p 0000e000 fd:00 20186020                   /usr/lib/jvm/java-11-openjdk-amd64/lib/jli/libjli.so
7f9b873d0000-7f9b873d1000 rw-p 0000f000 fd:00 20186020                   /usr/lib/jvm/java-11-openjdk-amd64/lib/jli/libjli.so
7f9b873d1000-7f9b873f8000 r-xp 00000000 fd:00 44175975                   /lib/x86_64-linux-gnu/ld-2.27.so
7f9b87474000-7f9b874db000 rw-p 00000000 00:00 0 
7f9b874db000-7f9b874df000 ---p 00000000 00:00 0 
7f9b874df000-7f9b875de000 rw-p 00000000 00:00 0 
7f9b875df000-7f9b875e5000 rw-p 00000000 00:00 0 
7f9b875e5000-7f9b875ec000 ---p 00000000 00:00 0 
7f9b875ec000-7f9b875f4000 rw-s 00000000 fd:00 16121869                   /tmp/hsperfdata_minecraft/15866
7f9b875f4000-7f9b875f5000 ---p 00000000 00:00 0 
7f9b875f5000-7f9b875f6000 r--p 00000000 00:00 0 
7f9b875f6000-7f9b875f8000 rw-p 00000000 00:00 0 
7f9b875f8000-7f9b875f9000 r--p 00027000 fd:00 44175975                   /lib/x86_64-linux-gnu/ld-2.27.so
7f9b875f9000-7f9b875fa000 rw-p 00028000 fd:00 44175975                   /lib/x86_64-linux-gnu/ld-2.27.so
7f9b875fa000-7f9b875fb000 rw-p 00000000 00:00 0 
7ffe4c3aa000-7ffe4c3cb000 rw-p 00000000 00:00 0                          [stack]
7ffe4c3dc000-7ffe4c3df000 r--p 00000000 00:00 0                          [vvar]
7ffe4c3df000-7ffe4c3e1000 r-xp 00000000 00:00 0                          [vdso]
ffffffffff600000-ffffffffff601000 r-xp 00000000 00:00 0                  [vsyscall]


VM Arguments:
jvm_args: -Xms3g -Xmx3g 
java_command: server.jar nogui
java_class_path (initial): server.jar
Launcher Type: SUN_STANDARD

Logging:
Log output configuration:
#0: stdout all=warning uptime,level,tags
#1: stderr all=off uptime,level,tags

Environment Variables:
PATH=/usr/local/sbin:/usr/local/bin:/usr/sbin:/usr/bin:/sbin:/bin
SHELL=/bin/sh

Signal Handlers:
SIGSEGV: [libjvm.so+0xd28b70], sa_mask[0]=11111111011111111101111111111110, sa_flags=SA_RESTART|SA_SIGINFO
SIGBUS: [libjvm.so+0xd28b70], sa_mask[0]=11111111011111111101111111111110, sa_flags=SA_RESTART|SA_SIGINFO
SIGFPE: [libjvm.so+0xd28b70], sa_mask[0]=11111111011111111101111111111110, sa_flags=SA_RESTART|SA_SIGINFO
SIGPIPE: [libjvm.so+0xb2a1f0], sa_mask[0]=11111111011111111101111111111110, sa_flags=SA_RESTART|SA_SIGINFO
SIGXFSZ: [libjvm.so+0xb2a1f0], sa_mask[0]=11111111011111111101111111111110, sa_flags=SA_RESTART|SA_SIGINFO
SIGILL: [libjvm.so+0xd28b70], sa_mask[0]=11111111011111111101111111111110, sa_flags=SA_RESTART|SA_SIGINFO
SIGUSR2: [libjvm.so+0xb2a030], sa_mask[0]=00000000000000000000000000000000, sa_flags=SA_RESTART|SA_SIGINFO
SIGHUP: SIG_DFL, sa_mask[0]=00000000000000000000000000000000, sa_flags=none
SIGINT: SIG_DFL, sa_mask[0]=00000000000000000000000000000000, sa_flags=none
SIGTERM: SIG_DFL, sa_mask[0]=00000000000000000000000000000000, sa_flags=none
SIGQUIT: SIG_DFL, sa_mask[0]=00000000000000000000000000000000, sa_flags=none


---------------  S Y S T E M  ---------------

OS:DISTRIB_ID=Ubuntu
DISTRIB_RELEASE=18.04
DISTRIB_CODENAME=bionic
DISTRIB_DESCRIPTION="Ubuntu 18.04.2 LTS"
uname:Linux 4.15.0-46-generic #49-Ubuntu SMP Wed Feb 6 09:33:07 UTC 2019 x86_64
libc:glibc 2.27 NPTL 2.27 
rlimit: STACK 8192k, CORE 0k, NPROC 15099, NOFILE 4096, AS infinity, DATA infinity, FSIZE infinity
load average:1.23 1.29 1.29

/proc/meminfo:
MemTotal:        3943748 kB
MemFree:          124312 kB
MemAvailable:    1457228 kB
Buffers:           46072 kB
Cached:          1487440 kB
SwapCached:         6408 kB
Active:          2533688 kB
Inactive:        1092364 kB
Active(anon):    1755224 kB
Inactive(anon):   368036 kB
Active(file):     778464 kB
Inactive(file):   724328 kB
Unevictable:           0 kB
Mlocked:               0 kB
SwapTotal:        999420 kB
SwapFree:         588208 kB
Dirty:              8968 kB
Writeback:             0 kB
AnonPages:       2090364 kB
Mapped:           166184 kB
Shmem:             30712 kB
Slab:             106712 kB
SReclaimable:      65784 kB
SUnreclaim:        40928 kB
KernelStack:        6016 kB
PageTables:        23200 kB
NFS_Unstable:          0 kB
Bounce:                0 kB
WritebackTmp:          0 kB
CommitLimit:     2971292 kB
Committed_AS:    2996080 kB
VmallocTotal:   34359738367 kB
VmallocUsed:           0 kB
VmallocChunk:          0 kB
HardwareCorrupted:     0 kB
AnonHugePages:         0 kB
ShmemHugePages:        0 kB
ShmemPmdMapped:        0 kB
CmaTotal:              0 kB
CmaFree:               0 kB
HugePages_Total:       0
HugePages_Free:        0
HugePages_Rsvd:        0
HugePages_Surp:        0
Hugepagesize:       2048 kB
DirectMap4k:      158320 kB
DirectMap2M:     3940352 kB
DirectMap1G:           0 kB

container (cgroup) information:
container_type: cgroupv1
cpu_cpuset_cpus: 0-3
cpu_memory_nodes: 0
active_processor_count: 4
cpu_quota: -1
cpu_period: 100000
cpu_shares: -1
memory_limit_in_bytes: -1
memory_and_swap_limit_in_bytes: -2
memory_soft_limit_in_bytes: -1
memory_usage_in_bytes: 3712069632
memory_max_usage_in_bytes: 2048000


CPU:total 4 (initial active 4) (2 cores per cpu, 2 threads per core) family 6 model 69 stepping 1, cmov, cx8, fxsr, mmx, sse, sse2, sse3, ssse3, sse4.1, sse4.2, popcnt, avx, avx2, aes, clmul, erms, lzcnt, ht, tsc, tscinvbit, bmi1, bmi2, fma
CPU Model and flags from /proc/cpuinfo:
model name	: Intel(R) Core(TM) i7-4500U CPU @ 1.80GHz
flags		: fpu vme de pse tsc msr pae mce cx8 apic sep mtrr pge mca cmov pat pse36 clflush dts acpi mmx fxsr sse sse2 ss ht tm pbe syscall nx pdpe1gb rdtscp lm constant_tsc arch_perfmon pebs bts rep_good nopl xtopology nonstop_tsc cpuid aperfmperf pni pclmulqdq dtes64 monitor ds_cpl vmx est tm2 ssse3 sdbg fma cx16 xtpr pdcm pcid sse4_1 sse4_2 movbe popcnt tsc_deadline_timer aes xsave avx f16c rdrand lahf_lm abm cpuid_fault epb invpcid_single pti ssbd ibrs ibpb stibp tpr_shadow vnmi flexpriority ept vpid fsgsbase tsc_adjust bmi1 avx2 smep bmi2 erms invpcid xsaveopt dtherm ida arat pln pts flush_l1d

Memory: 4k page, physical 3943748k(124312k free), swap 999420k(588208k free)

vm_info: OpenJDK 64-Bit Server VM (10.0.2+13-Ubuntu-1ubuntu0.18.04.4) for linux-amd64 JRE (10.0.2+13-Ubuntu-1ubuntu0.18.04.4), built on Nov 13 2018 12:53:39 by "buildd" with gcc 7.3.0

END.
