#
# There is insufficient memory for the Java Runtime Environment to continue.
# Native memory allocation (mmap) failed to map 3221225472 bytes for committing reserved memory.
# Possible reasons:
#   The system is out of physical RAM or swap space
#   The process is running with CompressedOops enabled, and the Java Heap may be blocking the growth of the native heap
# Possible solutions:
#   Reduce memory load on the system
#   Increase physical memory or swap space
#   Check if swap backing store is full
#   Decrease Java heap size (-Xmx/-Xms)
#   Decrease number of Java threads
#   Decrease Java thread stack sizes (-Xss)
#   Set larger code cache with -XX:ReservedCodeCacheSize=
# This output file may be truncated or incomplete.
#
#  Out of Memory Error (os_linux.cpp:2706), pid=4026, tid=4027
#
# JRE version:  (10.0.2+13) (build )
# Java VM: OpenJDK 64-Bit Server VM (10.0.2+13-Ubuntu-1ubuntu0.18.04.4, mixed mode, aot, tiered, compressed oops, g1 gc, linux-amd64)
# Core dump will be written. Default location: Core dumps may be processed with "/usr/share/apport/apport %p %s %c %d %P" (or dumping to /opt/forno/minecraft/core.4026)
#

---------------  S U M M A R Y ------------

Command Line: -Xms3g -Xmx3g server.jar nogui

Host: Intel(R) Core(TM) i7-4500U CPU @ 1.80GHz, 4 cores, 3G, Ubuntu 18.04.2 LTS
Time: Thu Mar 21 03:42:14 2019 JST elapsed time: 0 seconds (0d 0h 0m 0s)

---------------  T H R E A D  ---------------

Current thread (0x00007f0858011000):  JavaThread "Unknown thread" [_thread_in_vm, id=4027, stack(0x00007f08617e9000,0x00007f08618ea000)]

Stack: [0x00007f08617e9000,0x00007f08618ea000],  sp=0x00007f08618e82e0,  free space=1020k
Native frames: (J=compiled Java code, A=aot compiled Java code, j=interpreted, Vv=VM code, C=native code)
V  [libjvm.so+0xd27ea4]
V  [libjvm.so+0xd28a4b]
V  [libjvm.so+0x64d415]
V  [libjvm.so+0xb2d7c8]
V  [libjvm.so+0xb2601d]
V  [libjvm.so+0x7662ff]
V  [libjvm.so+0x76653e]
V  [libjvm.so+0x769500]
V  [libjvm.so+0x7efa1c]
V  [libjvm.so+0x7f06df]
V  [libjvm.so+0x7f0b59]
V  [libjvm.so+0x7162cf]
V  [libjvm.so+0x71afd3]
V  [libjvm.so+0xce5dc2]
V  [libjvm.so+0xce60c6]
V  [libjvm.so+0x807d57]
V  [libjvm.so+0xcc7ac4]
V  [libjvm.so+0x8601b1]  JNI_CreateJavaVM+0x51
C  [libjli.so+0x3d83]
C  [libjli.so+0x89dd]
C  [libpthread.so.0+0x76db]  start_thread+0xdb


---------------  P R O C E S S  ---------------

Threads class SMR info:
_java_thread_list=0x0000560ef5e0e6b0, length=0, elements={
}

Java Threads: ( => current thread )

Other Threads:
  0x00007f0858028000 GCTaskThread "GC Thread#0" [stack: 0x00007f085d912000,0x00007f085da12000] [id=4028]
  0x00007f0858029000 GCTaskThread "GC Thread#1" [stack: 0x00007f085d810000,0x00007f085d910000] [id=4029]
  0x00007f085802b000 GCTaskThread "GC Thread#2" [stack: 0x00007f085d70e000,0x00007f085d80e000] [id=4030]
  0x00007f085802c800 GCTaskThread "GC Thread#3" [stack: 0x00007f085d60c000,0x00007f085d70c000] [id=4031]
  0x00007f085806a000 ConcurrentGCThread "G1 Main Marker" [stack: 0x00007f083c965000,0x00007f083ca65000] [id=4032]
  0x00007f085806c000 ConcurrentGCThread "G1 Conc#0" [stack: 0x00007f083c863000,0x00007f083c963000] [id=4033]

[error occurred during error reporting (printing all threads), id 0xe0000002]

VM state:not at safepoint (not fully initialized)

VM Mutex/Monitor currently owned by a thread:  ([mutex/lock_event])
[0x00007f085800df30] Heap_lock - owner thread: 0x00007f0858011000

Heap address: 0x0000000700000000, size: 3072 MB, Compressed Oops mode: Non-zero based: 0x0000000700000000
Narrow klass base: 0x0000000000000000, Narrow klass shift: 0

GC Heap History (0 events):
No events

Deoptimization events (0 events):
No events

Classes redefined (0 events):
No events

Internal exceptions (0 events):
No events

Events (0 events):
No events


Dynamic libraries:
560ef476b000-560ef476c000 r-xp 00000000 fd:00 20185882                   /usr/lib/jvm/java-11-openjdk-amd64/bin/java
560ef496c000-560ef496d000 r--p 00001000 fd:00 20185882                   /usr/lib/jvm/java-11-openjdk-amd64/bin/java
560ef496d000-560ef496e000 rw-p 00002000 fd:00 20185882                   /usr/lib/jvm/java-11-openjdk-amd64/bin/java
560ef5df7000-560ef5e18000 rw-p 00000000 00:00 0                          [heap]
7f081c000000-7f081c021000 rw-p 00000000 00:00 0 
7f081c021000-7f0820000000 ---p 00000000 00:00 0 
7f0822000000-7f0824000000 rw-p 00000000 00:00 0 
7f0824000000-7f0824021000 rw-p 00000000 00:00 0 
7f0824021000-7f0828000000 ---p 00000000 00:00 0 
7f0828000000-7f0828021000 rw-p 00000000 00:00 0 
7f0828021000-7f082c000000 ---p 00000000 00:00 0 
7f082d000000-7f0830000000 ---p 00000000 00:00 0 
7f0830000000-7f0830021000 rw-p 00000000 00:00 0 
7f0830021000-7f0834000000 ---p 00000000 00:00 0 
7f0834000000-7f0834021000 rw-p 00000000 00:00 0 
7f0834021000-7f0838000000 ---p 00000000 00:00 0 
7f0838000000-7f0838021000 rw-p 00000000 00:00 0 
7f0838021000-7f083c000000 ---p 00000000 00:00 0 
7f083c45d000-7f083c861000 rw-p 00000000 00:00 0 
7f083c861000-7f083c862000 ---p 00000000 00:00 0 
7f083c862000-7f083c963000 rw-p 00000000 00:00 0 
7f083c963000-7f083c964000 ---p 00000000 00:00 0 
7f083c964000-7f083cb25000 rw-p 00000000 00:00 0 
7f083cb25000-7f083fb25000 ---p 00000000 00:00 0 
7f083fb25000-7f083fd95000 rwxp 00000000 00:00 0 
7f083fd95000-7f08400b5000 ---p 00000000 00:00 0 
7f08400b5000-7f0840325000 rwxp 00000000 00:00 0 
7f0840325000-7f08475ed000 ---p 00000000 00:00 0 
7f08475ed000-7f084785d000 rwxp 00000000 00:00 0 
7f084785d000-7f084eb25000 ---p 00000000 00:00 0 
7f084eb25000-7f0858000000 r--s 00000000 fd:00 20186057                   /usr/lib/jvm/java-11-openjdk-amd64/lib/modules
7f0858000000-7f0858083000 rw-p 00000000 00:00 0 
7f0858083000-7f085c000000 ---p 00000000 00:00 0 
7f085c006000-7f085d206000 ---p 00000000 00:00 0 
7f085d206000-7f085d60a000 rw-p 00000000 00:00 0 
7f085d60a000-7f085d60b000 ---p 00000000 00:00 0 
7f085d60b000-7f085d70c000 rw-p 00000000 00:00 0 
7f085d70c000-7f085d70d000 ---p 00000000 00:00 0 
7f085d70d000-7f085d80e000 rw-p 00000000 00:00 0 
7f085d80e000-7f085d80f000 ---p 00000000 00:00 0 
7f085d80f000-7f085d910000 rw-p 00000000 00:00 0 
7f085d910000-7f085d911000 ---p 00000000 00:00 0 
7f085d911000-7f085da17000 rw-p 00000000 00:00 0 
7f085da17000-7f085dafd000 ---p 00000000 00:00 0 
7f085dafd000-7f085db02000 rw-p 00000000 00:00 0 
7f085db02000-7f085dbe8000 ---p 00000000 00:00 0 
7f085dbe8000-7f085dbed000 r-xp 00000000 fd:00 20186039                   /usr/lib/jvm/java-11-openjdk-amd64/lib/libjimage.so
7f085dbed000-7f085ddec000 ---p 00005000 fd:00 20186039                   /usr/lib/jvm/java-11-openjdk-amd64/lib/libjimage.so
7f085ddec000-7f085dded000 r--p 00004000 fd:00 20186039                   /usr/lib/jvm/java-11-openjdk-amd64/lib/libjimage.so
7f085dded000-7f085ddee000 rw-p 00005000 fd:00 20186039                   /usr/lib/jvm/java-11-openjdk-amd64/lib/libjimage.so
7f085ddee000-7f085ddf5000 r-xp 00000000 fd:00 20186056                   /usr/lib/jvm/java-11-openjdk-amd64/lib/libzip.so
7f085ddf5000-7f085dff4000 ---p 00007000 fd:00 20186056                   /usr/lib/jvm/java-11-openjdk-amd64/lib/libzip.so
7f085dff4000-7f085dff5000 r--p 00006000 fd:00 20186056                   /usr/lib/jvm/java-11-openjdk-amd64/lib/libzip.so
7f085dff5000-7f085dff6000 rw-p 00007000 fd:00 20186056                   /usr/lib/jvm/java-11-openjdk-amd64/lib/libzip.so
7f085dff6000-7f085e001000 r-xp 00000000 fd:00 44176093                   /lib/x86_64-linux-gnu/libnss_files-2.27.so
7f085e001000-7f085e200000 ---p 0000b000 fd:00 44176093                   /lib/x86_64-linux-gnu/libnss_files-2.27.so
7f085e200000-7f085e201000 r--p 0000a000 fd:00 44176093                   /lib/x86_64-linux-gnu/libnss_files-2.27.so
7f085e201000-7f085e202000 rw-p 0000b000 fd:00 44176093                   /lib/x86_64-linux-gnu/libnss_files-2.27.so
7f085e202000-7f085e208000 rw-p 00000000 00:00 0 
7f085e208000-7f085e21f000 r-xp 00000000 fd:00 44176087                   /lib/x86_64-linux-gnu/libnsl-2.27.so
7f085e21f000-7f085e41e000 ---p 00017000 fd:00 44176087                   /lib/x86_64-linux-gnu/libnsl-2.27.so
7f085e41e000-7f085e41f000 r--p 00016000 fd:00 44176087                   /lib/x86_64-linux-gnu/libnsl-2.27.so
7f085e41f000-7f085e420000 rw-p 00017000 fd:00 44176087                   /lib/x86_64-linux-gnu/libnsl-2.27.so
7f085e420000-7f085e422000 rw-p 00000000 00:00 0 
7f085e422000-7f085e42d000 r-xp 00000000 fd:00 44176104                   /lib/x86_64-linux-gnu/libnss_nis-2.27.so
7f085e42d000-7f085e62c000 ---p 0000b000 fd:00 44176104                   /lib/x86_64-linux-gnu/libnss_nis-2.27.so
7f085e62c000-7f085e62d000 r--p 0000a000 fd:00 44176104                   /lib/x86_64-linux-gnu/libnss_nis-2.27.so
7f085e62d000-7f085e62e000 rw-p 0000b000 fd:00 44176104                   /lib/x86_64-linux-gnu/libnss_nis-2.27.so
7f085e62e000-7f085e636000 r-xp 00000000 fd:00 44176089                   /lib/x86_64-linux-gnu/libnss_compat-2.27.so
7f085e636000-7f085e836000 ---p 00008000 fd:00 44176089                   /lib/x86_64-linux-gnu/libnss_compat-2.27.so
7f085e836000-7f085e837000 r--p 00008000 fd:00 44176089                   /lib/x86_64-linux-gnu/libnss_compat-2.27.so
7f085e837000-7f085e838000 rw-p 00009000 fd:00 44176089                   /lib/x86_64-linux-gnu/libnss_compat-2.27.so
7f085e838000-7f085e864000 r-xp 00000000 fd:00 20186035                   /usr/lib/jvm/java-11-openjdk-amd64/lib/libjava.so
7f085e864000-7f085ea63000 ---p 0002c000 fd:00 20186035                   /usr/lib/jvm/java-11-openjdk-amd64/lib/libjava.so
7f085ea63000-7f085ea64000 r--p 0002b000 fd:00 20186035                   /usr/lib/jvm/java-11-openjdk-amd64/lib/libjava.so
7f085ea64000-7f085ea66000 rw-p 0002c000 fd:00 20186035                   /usr/lib/jvm/java-11-openjdk-amd64/lib/libjava.so
7f085ea66000-7f085ea73000 r-xp 00000000 fd:00 20186055                   /usr/lib/jvm/java-11-openjdk-amd64/lib/libverify.so
7f085ea73000-7f085ec72000 ---p 0000d000 fd:00 20186055                   /usr/lib/jvm/java-11-openjdk-amd64/lib/libverify.so
7f085ec72000-7f085ec74000 r--p 0000c000 fd:00 20186055                   /usr/lib/jvm/java-11-openjdk-amd64/lib/libverify.so
7f085ec74000-7f085ec75000 rw-p 0000e000 fd:00 20186055                   /usr/lib/jvm/java-11-openjdk-amd64/lib/libverify.so
7f085ec75000-7f085ec7c000 r-xp 00000000 fd:00 44176144                   /lib/x86_64-linux-gnu/librt-2.27.so
7f085ec7c000-7f085ee7b000 ---p 00007000 fd:00 44176144                   /lib/x86_64-linux-gnu/librt-2.27.so
7f085ee7b000-7f085ee7c000 r--p 00006000 fd:00 44176144                   /lib/x86_64-linux-gnu/librt-2.27.so
7f085ee7c000-7f085ee7d000 rw-p 00007000 fd:00 44176144                   /lib/x86_64-linux-gnu/librt-2.27.so
7f085ee7d000-7f085ee94000 r-xp 00000000 fd:00 44175907                   /lib/x86_64-linux-gnu/libgcc_s.so.1
7f085ee94000-7f085f093000 ---p 00017000 fd:00 44175907                   /lib/x86_64-linux-gnu/libgcc_s.so.1
7f085f093000-7f085f094000 r--p 00016000 fd:00 44175907                   /lib/x86_64-linux-gnu/libgcc_s.so.1
7f085f094000-7f085f095000 rw-p 00017000 fd:00 44175907                   /lib/x86_64-linux-gnu/libgcc_s.so.1
7f085f095000-7f085f232000 r-xp 00000000 fd:00 44176066                   /lib/x86_64-linux-gnu/libm-2.27.so
7f085f232000-7f085f431000 ---p 0019d000 fd:00 44176066                   /lib/x86_64-linux-gnu/libm-2.27.so
7f085f431000-7f085f432000 r--p 0019c000 fd:00 44176066                   /lib/x86_64-linux-gnu/libm-2.27.so
7f085f432000-7f085f433000 rw-p 0019d000 fd:00 44176066                   /lib/x86_64-linux-gnu/libm-2.27.so
7f085f433000-7f085f5ac000 r-xp 00000000 fd:00 18090134                   /usr/lib/x86_64-linux-gnu/libstdc++.so.6.0.25
7f085f5ac000-7f085f7ac000 ---p 00179000 fd:00 18090134                   /usr/lib/x86_64-linux-gnu/libstdc++.so.6.0.25
7f085f7ac000-7f085f7b6000 r--p 00179000 fd:00 18090134                   /usr/lib/x86_64-linux-gnu/libstdc++.so.6.0.25
7f085f7b6000-7f085f7b8000 rw-p 00183000 fd:00 18090134                   /usr/lib/x86_64-linux-gnu/libstdc++.so.6.0.25
7f085f7b8000-7f085f7bc000 rw-p 00000000 00:00 0 
7f085f7bc000-7f0860759000 r-xp 00000000 fd:00 20186062                   /usr/lib/jvm/java-11-openjdk-amd64/lib/server/libjvm.so
7f0860759000-7f0860959000 ---p 00f9d000 fd:00 20186062                   /usr/lib/jvm/java-11-openjdk-amd64/lib/server/libjvm.so
7f0860959000-7f0860a1d000 r--p 00f9d000 fd:00 20186062                   /usr/lib/jvm/java-11-openjdk-amd64/lib/server/libjvm.so
7f0860a1d000-7f0860a55000 rw-p 01061000 fd:00 20186062                   /usr/lib/jvm/java-11-openjdk-amd64/lib/server/libjvm.so
7f0860a55000-7f0860a9e000 rw-p 00000000 00:00 0 
7f0860a9e000-7f0860ab8000 r-xp 00000000 fd:00 44176136                   /lib/x86_64-linux-gnu/libpthread-2.27.so
7f0860ab8000-7f0860cb7000 ---p 0001a000 fd:00 44176136                   /lib/x86_64-linux-gnu/libpthread-2.27.so
7f0860cb7000-7f0860cb8000 r--p 00019000 fd:00 44176136                   /lib/x86_64-linux-gnu/libpthread-2.27.so
7f0860cb8000-7f0860cb9000 rw-p 0001a000 fd:00 44176136                   /lib/x86_64-linux-gnu/libpthread-2.27.so
7f0860cb9000-7f0860cbd000 rw-p 00000000 00:00 0 
7f0860cbd000-7f0860cc0000 r-xp 00000000 fd:00 44176026                   /lib/x86_64-linux-gnu/libdl-2.27.so
7f0860cc0000-7f0860ebf000 ---p 00003000 fd:00 44176026                   /lib/x86_64-linux-gnu/libdl-2.27.so
7f0860ebf000-7f0860ec0000 r--p 00002000 fd:00 44176026                   /lib/x86_64-linux-gnu/libdl-2.27.so
7f0860ec0000-7f0860ec1000 rw-p 00003000 fd:00 44176026                   /lib/x86_64-linux-gnu/libdl-2.27.so
7f0860ec1000-7f0860edd000 r-xp 00000000 fd:00 44176175                   /lib/x86_64-linux-gnu/libz.so.1.2.11
7f0860edd000-7f08610dc000 ---p 0001c000 fd:00 44176175                   /lib/x86_64-linux-gnu/libz.so.1.2.11
7f08610dc000-7f08610dd000 r--p 0001b000 fd:00 44176175                   /lib/x86_64-linux-gnu/libz.so.1.2.11
7f08610dd000-7f08610de000 rw-p 0001c000 fd:00 44176175                   /lib/x86_64-linux-gnu/libz.so.1.2.11
7f08610de000-7f08612c5000 r-xp 00000000 fd:00 44176003                   /lib/x86_64-linux-gnu/libc-2.27.so
7f08612c5000-7f08614c5000 ---p 001e7000 fd:00 44176003                   /lib/x86_64-linux-gnu/libc-2.27.so
7f08614c5000-7f08614c9000 r--p 001e7000 fd:00 44176003                   /lib/x86_64-linux-gnu/libc-2.27.so
7f08614c9000-7f08614cb000 rw-p 001eb000 fd:00 44176003                   /lib/x86_64-linux-gnu/libc-2.27.so
7f08614cb000-7f08614cf000 rw-p 00000000 00:00 0 
7f08614cf000-7f08614de000 r-xp 00000000 fd:00 20186020                   /usr/lib/jvm/java-11-openjdk-amd64/lib/jli/libjli.so
7f08614de000-7f08616dd000 ---p 0000f000 fd:00 20186020                   /usr/lib/jvm/java-11-openjdk-amd64/lib/jli/libjli.so
7f08616dd000-7f08616de000 r--p 0000e000 fd:00 20186020                   /usr/lib/jvm/java-11-openjdk-amd64/lib/jli/libjli.so
7f08616de000-7f08616df000 rw-p 0000f000 fd:00 20186020                   /usr/lib/jvm/java-11-openjdk-amd64/lib/jli/libjli.so
7f08616df000-7f0861706000 r-xp 00000000 fd:00 44175975                   /lib/x86_64-linux-gnu/ld-2.27.so
7f0861782000-7f08617e9000 rw-p 00000000 00:00 0 
7f08617e9000-7f08617ed000 ---p 00000000 00:00 0 
7f08617ed000-7f08618ec000 rw-p 00000000 00:00 0 
7f08618ed000-7f08618f3000 rw-p 00000000 00:00 0 
7f08618f3000-7f08618fa000 ---p 00000000 00:00 0 
7f08618fa000-7f0861902000 rw-s 00000000 fd:00 16121869                   /tmp/hsperfdata_minecraft/4026
7f0861902000-7f0861903000 ---p 00000000 00:00 0 
7f0861903000-7f0861904000 r--p 00000000 00:00 0 
7f0861904000-7f0861906000 rw-p 00000000 00:00 0 
7f0861906000-7f0861907000 r--p 00027000 fd:00 44175975                   /lib/x86_64-linux-gnu/ld-2.27.so
7f0861907000-7f0861908000 rw-p 00028000 fd:00 44175975                   /lib/x86_64-linux-gnu/ld-2.27.so
7f0861908000-7f0861909000 rw-p 00000000 00:00 0 
7ffc2aa29000-7ffc2aa4a000 rw-p 00000000 00:00 0                          [stack]
7ffc2ab55000-7ffc2ab58000 r--p 00000000 00:00 0                          [vvar]
7ffc2ab58000-7ffc2ab5a000 r-xp 00000000 00:00 0                          [vdso]
ffffffffff600000-ffffffffff601000 r-xp 00000000 00:00 0                  [vsyscall]


VM Arguments:
jvm_args: -Xms3g -Xmx3g 
java_command: server.jar nogui
java_class_path (initial): server.jar
Launcher Type: SUN_STANDARD

Logging:
Log output configuration:
#0: stdout all=warning uptime,level,tags
#1: stderr all=off uptime,level,tags

Environment Variables:
PATH=/usr/local/sbin:/usr/local/bin:/usr/sbin:/usr/bin:/sbin:/bin
SHELL=/bin/sh

Signal Handlers:
SIGSEGV: [libjvm.so+0xd28b70], sa_mask[0]=11111111011111111101111111111110, sa_flags=SA_RESTART|SA_SIGINFO
SIGBUS: [libjvm.so+0xd28b70], sa_mask[0]=11111111011111111101111111111110, sa_flags=SA_RESTART|SA_SIGINFO
SIGFPE: [libjvm.so+0xd28b70], sa_mask[0]=11111111011111111101111111111110, sa_flags=SA_RESTART|SA_SIGINFO
SIGPIPE: [libjvm.so+0xb2a1f0], sa_mask[0]=11111111011111111101111111111110, sa_flags=SA_RESTART|SA_SIGINFO
SIGXFSZ: [libjvm.so+0xb2a1f0], sa_mask[0]=11111111011111111101111111111110, sa_flags=SA_RESTART|SA_SIGINFO
SIGILL: [libjvm.so+0xd28b70], sa_mask[0]=11111111011111111101111111111110, sa_flags=SA_RESTART|SA_SIGINFO
SIGUSR2: [libjvm.so+0xb2a030], sa_mask[0]=00000000000000000000000000000000, sa_flags=SA_RESTART|SA_SIGINFO
SIGHUP: SIG_DFL, sa_mask[0]=00000000000000000000000000000000, sa_flags=none
SIGINT: SIG_DFL, sa_mask[0]=00000000000000000000000000000000, sa_flags=none
SIGTERM: SIG_DFL, sa_mask[0]=00000000000000000000000000000000, sa_flags=none
SIGQUIT: SIG_DFL, sa_mask[0]=00000000000000000000000000000000, sa_flags=none


---------------  S Y S T E M  ---------------

OS:DISTRIB_ID=Ubuntu
DISTRIB_RELEASE=18.04
DISTRIB_CODENAME=bionic
DISTRIB_DESCRIPTION="Ubuntu 18.04.2 LTS"
uname:Linux 4.15.0-46-generic #49-Ubuntu SMP Wed Feb 6 09:33:07 UTC 2019 x86_64
libc:glibc 2.27 NPTL 2.27 
rlimit: STACK 8192k, CORE 0k, NPROC 15099, NOFILE 4096, AS infinity, DATA infinity, FSIZE infinity
load average:1.52 1.50 1.45

/proc/meminfo:
MemTotal:        3943748 kB
MemFree:          968444 kB
MemAvailable:    1833372 kB
Buffers:           27012 kB
Cached:          1046008 kB
SwapCached:         2940 kB
Active:          2020848 kB
Inactive:         779516 kB
Active(anon):    1456684 kB
Inactive(anon):   300788 kB
Active(file):     564164 kB
Inactive(file):   478728 kB
Unevictable:           0 kB
Mlocked:               0 kB
SwapTotal:        999420 kB
SwapFree:         562352 kB
Dirty:              6824 kB
Writeback:             0 kB
AnonPages:       1725904 kB
Mapped:            89072 kB
Shmem:             30128 kB
Slab:              90716 kB
SReclaimable:      49608 kB
SUnreclaim:        41108 kB
KernelStack:        6024 kB
PageTables:        22212 kB
NFS_Unstable:          0 kB
Bounce:                0 kB
WritebackTmp:          0 kB
CommitLimit:     2971292 kB
Committed_AS:    2909156 kB
VmallocTotal:   34359738367 kB
VmallocUsed:           0 kB
VmallocChunk:          0 kB
HardwareCorrupted:     0 kB
AnonHugePages:         0 kB
ShmemHugePages:        0 kB
ShmemPmdMapped:        0 kB
CmaTotal:              0 kB
CmaFree:               0 kB
HugePages_Total:       0
HugePages_Free:        0
HugePages_Rsvd:        0
HugePages_Surp:        0
Hugepagesize:       2048 kB
DirectMap4k:      154224 kB
DirectMap2M:     3944448 kB
DirectMap1G:           0 kB

container (cgroup) information:
container_type: cgroupv1
cpu_cpuset_cpus: 0-3
cpu_memory_nodes: 0
active_processor_count: 4
cpu_quota: -1
cpu_period: 100000
cpu_shares: -1
memory_limit_in_bytes: -1
memory_and_swap_limit_in_bytes: -2
memory_soft_limit_in_bytes: -1
memory_usage_in_bytes: 2866995200
memory_max_usage_in_bytes: 2048000


CPU:total 4 (initial active 4) (2 cores per cpu, 2 threads per core) family 6 model 69 stepping 1, cmov, cx8, fxsr, mmx, sse, sse2, sse3, ssse3, sse4.1, sse4.2, popcnt, avx, avx2, aes, clmul, erms, lzcnt, ht, tsc, tscinvbit, bmi1, bmi2, fma
CPU Model and flags from /proc/cpuinfo:
model name	: Intel(R) Core(TM) i7-4500U CPU @ 1.80GHz
flags		: fpu vme de pse tsc msr pae mce cx8 apic sep mtrr pge mca cmov pat pse36 clflush dts acpi mmx fxsr sse sse2 ss ht tm pbe syscall nx pdpe1gb rdtscp lm constant_tsc arch_perfmon pebs bts rep_good nopl xtopology nonstop_tsc cpuid aperfmperf pni pclmulqdq dtes64 monitor ds_cpl vmx est tm2 ssse3 sdbg fma cx16 xtpr pdcm pcid sse4_1 sse4_2 movbe popcnt tsc_deadline_timer aes xsave avx f16c rdrand lahf_lm abm cpuid_fault epb invpcid_single pti ssbd ibrs ibpb stibp tpr_shadow vnmi flexpriority ept vpid fsgsbase tsc_adjust bmi1 avx2 smep bmi2 erms invpcid xsaveopt dtherm ida arat pln pts flush_l1d

Memory: 4k page, physical 3943748k(968444k free), swap 999420k(562352k free)

vm_info: OpenJDK 64-Bit Server VM (10.0.2+13-Ubuntu-1ubuntu0.18.04.4) for linux-amd64 JRE (10.0.2+13-Ubuntu-1ubuntu0.18.04.4), built on Nov 13 2018 12:53:39 by "buildd" with gcc 7.3.0

END.
