#
# There is insufficient memory for the Java Runtime Environment to continue.
# Native memory allocation (mmap) failed to map 3221225472 bytes for committing reserved memory.
# Possible reasons:
#   The system is out of physical RAM or swap space
#   The process is running with CompressedOops enabled, and the Java Heap may be blocking the growth of the native heap
# Possible solutions:
#   Reduce memory load on the system
#   Increase physical memory or swap space
#   Check if swap backing store is full
#   Decrease Java heap size (-Xmx/-Xms)
#   Decrease number of Java threads
#   Decrease Java thread stack sizes (-Xss)
#   Set larger code cache with -XX:ReservedCodeCacheSize=
# This output file may be truncated or incomplete.
#
#  Out of Memory Error (os_linux.cpp:2706), pid=9114, tid=9116
#
# JRE version:  (10.0.2+13) (build )
# Java VM: OpenJDK 64-Bit Server VM (10.0.2+13-Ubuntu-1ubuntu0.18.04.4, mixed mode, aot, tiered, compressed oops, g1 gc, linux-amd64)
# Core dump will be written. Default location: Core dumps may be processed with "/usr/share/apport/apport %p %s %c %d %P" (or dumping to /opt/forno/minecraft/core.9114)
#

---------------  S U M M A R Y ------------

Command Line: -Xms3g -Xmx3g server.jar nogui

Host: Intel(R) Core(TM) i7-4500U CPU @ 1.80GHz, 4 cores, 3G, Ubuntu 18.04.2 LTS
Time: Thu Mar 21 09:10:36 2019 JST elapsed time: 0 seconds (0d 0h 0m 0s)

---------------  T H R E A D  ---------------

Current thread (0x00007fb6a0011000):  JavaThread "Unknown thread" [_thread_in_vm, id=9116, stack(0x00007fb6a9d43000,0x00007fb6a9e44000)]

Stack: [0x00007fb6a9d43000,0x00007fb6a9e44000],  sp=0x00007fb6a9e422e0,  free space=1020k
Native frames: (J=compiled Java code, A=aot compiled Java code, j=interpreted, Vv=VM code, C=native code)
V  [libjvm.so+0xd27ea4]
V  [libjvm.so+0xd28a4b]
V  [libjvm.so+0x64d415]
V  [libjvm.so+0xb2d7c8]
V  [libjvm.so+0xb2601d]
V  [libjvm.so+0x7662ff]
V  [libjvm.so+0x76653e]
V  [libjvm.so+0x769500]
V  [libjvm.so+0x7efa1c]
V  [libjvm.so+0x7f06df]
V  [libjvm.so+0x7f0b59]
V  [libjvm.so+0x7162cf]
V  [libjvm.so+0x71afd3]
V  [libjvm.so+0xce5dc2]
V  [libjvm.so+0xce60c6]
V  [libjvm.so+0x807d57]
V  [libjvm.so+0xcc7ac4]
V  [libjvm.so+0x8601b1]  JNI_CreateJavaVM+0x51
C  [libjli.so+0x3d83]
C  [libjli.so+0x89dd]
C  [libpthread.so.0+0x76db]  start_thread+0xdb


---------------  P R O C E S S  ---------------

Threads class SMR info:
_java_thread_list=0x0000562d3ed276b0, length=0, elements={
}

Java Threads: ( => current thread )

Other Threads:
  0x00007fb6a0028000 GCTaskThread "GC Thread#0" [stack: 0x00007fb6a5e6c000,0x00007fb6a5f6c000] [id=9117]
  0x00007fb6a0029000 GCTaskThread "GC Thread#1" [stack: 0x00007fb6a5d6a000,0x00007fb6a5e6a000] [id=9118]
  0x00007fb6a002b000 GCTaskThread "GC Thread#2" [stack: 0x00007fb6a5c68000,0x00007fb6a5d68000] [id=9119]
  0x00007fb6a002c800 GCTaskThread "GC Thread#3" [stack: 0x00007fb6a5b66000,0x00007fb6a5c66000] [id=9120]
  0x00007fb6a006a000 ConcurrentGCThread "G1 Main Marker" [stack: 0x00007fb6a43a0000,0x00007fb6a44a0000] [id=9121]
  0x00007fb6a006c000 ConcurrentGCThread "G1 Conc#0" [stack: 0x00007fb6a429e000,0x00007fb6a439e000] [id=9122]

[error occurred during error reporting (printing all threads), id 0xe0000002]

VM state:not at safepoint (not fully initialized)

VM Mutex/Monitor currently owned by a thread:  ([mutex/lock_event])
[0x00007fb6a000df30] Heap_lock - owner thread: 0x00007fb6a0011000

Heap address: 0x0000000700000000, size: 3072 MB, Compressed Oops mode: Non-zero based: 0x0000000700000000
Narrow klass base: 0x0000000000000000, Narrow klass shift: 0

GC Heap History (0 events):
No events

Deoptimization events (0 events):
No events

Classes redefined (0 events):
No events

Internal exceptions (0 events):
No events

Events (0 events):
No events


Dynamic libraries:
562d3dcaa000-562d3dcab000 r-xp 00000000 fd:00 20185882                   /usr/lib/jvm/java-11-openjdk-amd64/bin/java
562d3deab000-562d3deac000 r--p 00001000 fd:00 20185882                   /usr/lib/jvm/java-11-openjdk-amd64/bin/java
562d3deac000-562d3dead000 rw-p 00002000 fd:00 20185882                   /usr/lib/jvm/java-11-openjdk-amd64/bin/java
562d3ed10000-562d3ed31000 rw-p 00000000 00:00 0                          [heap]
7fb664000000-7fb664021000 rw-p 00000000 00:00 0 
7fb664021000-7fb668000000 ---p 00000000 00:00 0 
7fb66a000000-7fb66c000000 rw-p 00000000 00:00 0 
7fb66c000000-7fb66c021000 rw-p 00000000 00:00 0 
7fb66c021000-7fb670000000 ---p 00000000 00:00 0 
7fb670000000-7fb670021000 rw-p 00000000 00:00 0 
7fb670021000-7fb674000000 ---p 00000000 00:00 0 
7fb675000000-7fb678000000 ---p 00000000 00:00 0 
7fb678000000-7fb678021000 rw-p 00000000 00:00 0 
7fb678021000-7fb67c000000 ---p 00000000 00:00 0 
7fb67c000000-7fb67c021000 rw-p 00000000 00:00 0 
7fb67c021000-7fb680000000 ---p 00000000 00:00 0 
7fb680000000-7fb680021000 rw-p 00000000 00:00 0 
7fb680021000-7fb684000000 ---p 00000000 00:00 0 
7fb684923000-7fb684b25000 rw-p 00000000 00:00 0 
7fb684b25000-7fb687b25000 ---p 00000000 00:00 0 
7fb687b25000-7fb687d95000 rwxp 00000000 00:00 0 
7fb687d95000-7fb6880b5000 ---p 00000000 00:00 0 
7fb6880b5000-7fb688325000 rwxp 00000000 00:00 0 
7fb688325000-7fb68f5ed000 ---p 00000000 00:00 0 
7fb68f5ed000-7fb68f85d000 rwxp 00000000 00:00 0 
7fb68f85d000-7fb696b25000 ---p 00000000 00:00 0 
7fb696b25000-7fb6a0000000 r--s 00000000 fd:00 20186057                   /usr/lib/jvm/java-11-openjdk-amd64/lib/modules
7fb6a0000000-7fb6a0083000 rw-p 00000000 00:00 0 
7fb6a0083000-7fb6a4000000 ---p 00000000 00:00 0 
7fb6a409a000-7fb6a429c000 rw-p 00000000 00:00 0 
7fb6a429c000-7fb6a429d000 ---p 00000000 00:00 0 
7fb6a429d000-7fb6a439e000 rw-p 00000000 00:00 0 
7fb6a439e000-7fb6a439f000 ---p 00000000 00:00 0 
7fb6a439f000-7fb6a4560000 rw-p 00000000 00:00 0 
7fb6a4560000-7fb6a5760000 ---p 00000000 00:00 0 
7fb6a5760000-7fb6a5b64000 rw-p 00000000 00:00 0 
7fb6a5b64000-7fb6a5b65000 ---p 00000000 00:00 0 
7fb6a5b65000-7fb6a5c66000 rw-p 00000000 00:00 0 
7fb6a5c66000-7fb6a5c67000 ---p 00000000 00:00 0 
7fb6a5c67000-7fb6a5d68000 rw-p 00000000 00:00 0 
7fb6a5d68000-7fb6a5d69000 ---p 00000000 00:00 0 
7fb6a5d69000-7fb6a5e6a000 rw-p 00000000 00:00 0 
7fb6a5e6a000-7fb6a5e6b000 ---p 00000000 00:00 0 
7fb6a5e6b000-7fb6a5f71000 rw-p 00000000 00:00 0 
7fb6a5f71000-7fb6a6057000 ---p 00000000 00:00 0 
7fb6a6057000-7fb6a605c000 rw-p 00000000 00:00 0 
7fb6a605c000-7fb6a6142000 ---p 00000000 00:00 0 
7fb6a6142000-7fb6a6147000 r-xp 00000000 fd:00 20186039                   /usr/lib/jvm/java-11-openjdk-amd64/lib/libjimage.so
7fb6a6147000-7fb6a6346000 ---p 00005000 fd:00 20186039                   /usr/lib/jvm/java-11-openjdk-amd64/lib/libjimage.so
7fb6a6346000-7fb6a6347000 r--p 00004000 fd:00 20186039                   /usr/lib/jvm/java-11-openjdk-amd64/lib/libjimage.so
7fb6a6347000-7fb6a6348000 rw-p 00005000 fd:00 20186039                   /usr/lib/jvm/java-11-openjdk-amd64/lib/libjimage.so
7fb6a6348000-7fb6a634f000 r-xp 00000000 fd:00 20186056                   /usr/lib/jvm/java-11-openjdk-amd64/lib/libzip.so
7fb6a634f000-7fb6a654e000 ---p 00007000 fd:00 20186056                   /usr/lib/jvm/java-11-openjdk-amd64/lib/libzip.so
7fb6a654e000-7fb6a654f000 r--p 00006000 fd:00 20186056                   /usr/lib/jvm/java-11-openjdk-amd64/lib/libzip.so
7fb6a654f000-7fb6a6550000 rw-p 00007000 fd:00 20186056                   /usr/lib/jvm/java-11-openjdk-amd64/lib/libzip.so
7fb6a6550000-7fb6a655b000 r-xp 00000000 fd:00 44176093                   /lib/x86_64-linux-gnu/libnss_files-2.27.so
7fb6a655b000-7fb6a675a000 ---p 0000b000 fd:00 44176093                   /lib/x86_64-linux-gnu/libnss_files-2.27.so
7fb6a675a000-7fb6a675b000 r--p 0000a000 fd:00 44176093                   /lib/x86_64-linux-gnu/libnss_files-2.27.so
7fb6a675b000-7fb6a675c000 rw-p 0000b000 fd:00 44176093                   /lib/x86_64-linux-gnu/libnss_files-2.27.so
7fb6a675c000-7fb6a6762000 rw-p 00000000 00:00 0 
7fb6a6762000-7fb6a6779000 r-xp 00000000 fd:00 44176087                   /lib/x86_64-linux-gnu/libnsl-2.27.so
7fb6a6779000-7fb6a6978000 ---p 00017000 fd:00 44176087                   /lib/x86_64-linux-gnu/libnsl-2.27.so
7fb6a6978000-7fb6a6979000 r--p 00016000 fd:00 44176087                   /lib/x86_64-linux-gnu/libnsl-2.27.so
7fb6a6979000-7fb6a697a000 rw-p 00017000 fd:00 44176087                   /lib/x86_64-linux-gnu/libnsl-2.27.so
7fb6a697a000-7fb6a697c000 rw-p 00000000 00:00 0 
7fb6a697c000-7fb6a6987000 r-xp 00000000 fd:00 44176104                   /lib/x86_64-linux-gnu/libnss_nis-2.27.so
7fb6a6987000-7fb6a6b86000 ---p 0000b000 fd:00 44176104                   /lib/x86_64-linux-gnu/libnss_nis-2.27.so
7fb6a6b86000-7fb6a6b87000 r--p 0000a000 fd:00 44176104                   /lib/x86_64-linux-gnu/libnss_nis-2.27.so
7fb6a6b87000-7fb6a6b88000 rw-p 0000b000 fd:00 44176104                   /lib/x86_64-linux-gnu/libnss_nis-2.27.so
7fb6a6b88000-7fb6a6b90000 r-xp 00000000 fd:00 44176089                   /lib/x86_64-linux-gnu/libnss_compat-2.27.so
7fb6a6b90000-7fb6a6d90000 ---p 00008000 fd:00 44176089                   /lib/x86_64-linux-gnu/libnss_compat-2.27.so
7fb6a6d90000-7fb6a6d91000 r--p 00008000 fd:00 44176089                   /lib/x86_64-linux-gnu/libnss_compat-2.27.so
7fb6a6d91000-7fb6a6d92000 rw-p 00009000 fd:00 44176089                   /lib/x86_64-linux-gnu/libnss_compat-2.27.so
7fb6a6d92000-7fb6a6dbe000 r-xp 00000000 fd:00 20186035                   /usr/lib/jvm/java-11-openjdk-amd64/lib/libjava.so
7fb6a6dbe000-7fb6a6fbd000 ---p 0002c000 fd:00 20186035                   /usr/lib/jvm/java-11-openjdk-amd64/lib/libjava.so
7fb6a6fbd000-7fb6a6fbe000 r--p 0002b000 fd:00 20186035                   /usr/lib/jvm/java-11-openjdk-amd64/lib/libjava.so
7fb6a6fbe000-7fb6a6fc0000 rw-p 0002c000 fd:00 20186035                   /usr/lib/jvm/java-11-openjdk-amd64/lib/libjava.so
7fb6a6fc0000-7fb6a6fcd000 r-xp 00000000 fd:00 20186055                   /usr/lib/jvm/java-11-openjdk-amd64/lib/libverify.so
7fb6a6fcd000-7fb6a71cc000 ---p 0000d000 fd:00 20186055                   /usr/lib/jvm/java-11-openjdk-amd64/lib/libverify.so
7fb6a71cc000-7fb6a71ce000 r--p 0000c000 fd:00 20186055                   /usr/lib/jvm/java-11-openjdk-amd64/lib/libverify.so
7fb6a71ce000-7fb6a71cf000 rw-p 0000e000 fd:00 20186055                   /usr/lib/jvm/java-11-openjdk-amd64/lib/libverify.so
7fb6a71cf000-7fb6a71d6000 r-xp 00000000 fd:00 44176144                   /lib/x86_64-linux-gnu/librt-2.27.so
7fb6a71d6000-7fb6a73d5000 ---p 00007000 fd:00 44176144                   /lib/x86_64-linux-gnu/librt-2.27.so
7fb6a73d5000-7fb6a73d6000 r--p 00006000 fd:00 44176144                   /lib/x86_64-linux-gnu/librt-2.27.so
7fb6a73d6000-7fb6a73d7000 rw-p 00007000 fd:00 44176144                   /lib/x86_64-linux-gnu/librt-2.27.so
7fb6a73d7000-7fb6a73ee000 r-xp 00000000 fd:00 44175907                   /lib/x86_64-linux-gnu/libgcc_s.so.1
7fb6a73ee000-7fb6a75ed000 ---p 00017000 fd:00 44175907                   /lib/x86_64-linux-gnu/libgcc_s.so.1
7fb6a75ed000-7fb6a75ee000 r--p 00016000 fd:00 44175907                   /lib/x86_64-linux-gnu/libgcc_s.so.1
7fb6a75ee000-7fb6a75ef000 rw-p 00017000 fd:00 44175907                   /lib/x86_64-linux-gnu/libgcc_s.so.1
7fb6a75ef000-7fb6a778c000 r-xp 00000000 fd:00 44176066                   /lib/x86_64-linux-gnu/libm-2.27.so
7fb6a778c000-7fb6a798b000 ---p 0019d000 fd:00 44176066                   /lib/x86_64-linux-gnu/libm-2.27.so
7fb6a798b000-7fb6a798c000 r--p 0019c000 fd:00 44176066                   /lib/x86_64-linux-gnu/libm-2.27.so
7fb6a798c000-7fb6a798d000 rw-p 0019d000 fd:00 44176066                   /lib/x86_64-linux-gnu/libm-2.27.so
7fb6a798d000-7fb6a7b06000 r-xp 00000000 fd:00 18090134                   /usr/lib/x86_64-linux-gnu/libstdc++.so.6.0.25
7fb6a7b06000-7fb6a7d06000 ---p 00179000 fd:00 18090134                   /usr/lib/x86_64-linux-gnu/libstdc++.so.6.0.25
7fb6a7d06000-7fb6a7d10000 r--p 00179000 fd:00 18090134                   /usr/lib/x86_64-linux-gnu/libstdc++.so.6.0.25
7fb6a7d10000-7fb6a7d12000 rw-p 00183000 fd:00 18090134                   /usr/lib/x86_64-linux-gnu/libstdc++.so.6.0.25
7fb6a7d12000-7fb6a7d16000 rw-p 00000000 00:00 0 
7fb6a7d16000-7fb6a8cb3000 r-xp 00000000 fd:00 20186062                   /usr/lib/jvm/java-11-openjdk-amd64/lib/server/libjvm.so
7fb6a8cb3000-7fb6a8eb3000 ---p 00f9d000 fd:00 20186062                   /usr/lib/jvm/java-11-openjdk-amd64/lib/server/libjvm.so
7fb6a8eb3000-7fb6a8f77000 r--p 00f9d000 fd:00 20186062                   /usr/lib/jvm/java-11-openjdk-amd64/lib/server/libjvm.so
7fb6a8f77000-7fb6a8faf000 rw-p 01061000 fd:00 20186062                   /usr/lib/jvm/java-11-openjdk-amd64/lib/server/libjvm.so
7fb6a8faf000-7fb6a8ff8000 rw-p 00000000 00:00 0 
7fb6a8ff8000-7fb6a9012000 r-xp 00000000 fd:00 44176136                   /lib/x86_64-linux-gnu/libpthread-2.27.so
7fb6a9012000-7fb6a9211000 ---p 0001a000 fd:00 44176136                   /lib/x86_64-linux-gnu/libpthread-2.27.so
7fb6a9211000-7fb6a9212000 r--p 00019000 fd:00 44176136                   /lib/x86_64-linux-gnu/libpthread-2.27.so
7fb6a9212000-7fb6a9213000 rw-p 0001a000 fd:00 44176136                   /lib/x86_64-linux-gnu/libpthread-2.27.so
7fb6a9213000-7fb6a9217000 rw-p 00000000 00:00 0 
7fb6a9217000-7fb6a921a000 r-xp 00000000 fd:00 44176026                   /lib/x86_64-linux-gnu/libdl-2.27.so
7fb6a921a000-7fb6a9419000 ---p 00003000 fd:00 44176026                   /lib/x86_64-linux-gnu/libdl-2.27.so
7fb6a9419000-7fb6a941a000 r--p 00002000 fd:00 44176026                   /lib/x86_64-linux-gnu/libdl-2.27.so
7fb6a941a000-7fb6a941b000 rw-p 00003000 fd:00 44176026                   /lib/x86_64-linux-gnu/libdl-2.27.so
7fb6a941b000-7fb6a9437000 r-xp 00000000 fd:00 44176175                   /lib/x86_64-linux-gnu/libz.so.1.2.11
7fb6a9437000-7fb6a9636000 ---p 0001c000 fd:00 44176175                   /lib/x86_64-linux-gnu/libz.so.1.2.11
7fb6a9636000-7fb6a9637000 r--p 0001b000 fd:00 44176175                   /lib/x86_64-linux-gnu/libz.so.1.2.11
7fb6a9637000-7fb6a9638000 rw-p 0001c000 fd:00 44176175                   /lib/x86_64-linux-gnu/libz.so.1.2.11
7fb6a9638000-7fb6a981f000 r-xp 00000000 fd:00 44176003                   /lib/x86_64-linux-gnu/libc-2.27.so
7fb6a981f000-7fb6a9a1f000 ---p 001e7000 fd:00 44176003                   /lib/x86_64-linux-gnu/libc-2.27.so
7fb6a9a1f000-7fb6a9a23000 r--p 001e7000 fd:00 44176003                   /lib/x86_64-linux-gnu/libc-2.27.so
7fb6a9a23000-7fb6a9a25000 rw-p 001eb000 fd:00 44176003                   /lib/x86_64-linux-gnu/libc-2.27.so
7fb6a9a25000-7fb6a9a29000 rw-p 00000000 00:00 0 
7fb6a9a29000-7fb6a9a38000 r-xp 00000000 fd:00 20186020                   /usr/lib/jvm/java-11-openjdk-amd64/lib/jli/libjli.so
7fb6a9a38000-7fb6a9c37000 ---p 0000f000 fd:00 20186020                   /usr/lib/jvm/java-11-openjdk-amd64/lib/jli/libjli.so
7fb6a9c37000-7fb6a9c38000 r--p 0000e000 fd:00 20186020                   /usr/lib/jvm/java-11-openjdk-amd64/lib/jli/libjli.so
7fb6a9c38000-7fb6a9c39000 rw-p 0000f000 fd:00 20186020                   /usr/lib/jvm/java-11-openjdk-amd64/lib/jli/libjli.so
7fb6a9c39000-7fb6a9c60000 r-xp 00000000 fd:00 44175975                   /lib/x86_64-linux-gnu/ld-2.27.so
7fb6a9cdc000-7fb6a9d43000 rw-p 00000000 00:00 0 
7fb6a9d43000-7fb6a9d47000 ---p 00000000 00:00 0 
7fb6a9d47000-7fb6a9e46000 rw-p 00000000 00:00 0 
7fb6a9e47000-7fb6a9e4d000 rw-p 00000000 00:00 0 
7fb6a9e4d000-7fb6a9e54000 ---p 00000000 00:00 0 
7fb6a9e54000-7fb6a9e5c000 rw-s 00000000 fd:00 16121869                   /tmp/hsperfdata_minecraft/9114
7fb6a9e5c000-7fb6a9e5d000 ---p 00000000 00:00 0 
7fb6a9e5d000-7fb6a9e5e000 r--p 00000000 00:00 0 
7fb6a9e5e000-7fb6a9e60000 rw-p 00000000 00:00 0 
7fb6a9e60000-7fb6a9e61000 r--p 00027000 fd:00 44175975                   /lib/x86_64-linux-gnu/ld-2.27.so
7fb6a9e61000-7fb6a9e62000 rw-p 00028000 fd:00 44175975                   /lib/x86_64-linux-gnu/ld-2.27.so
7fb6a9e62000-7fb6a9e63000 rw-p 00000000 00:00 0 
7ffefe441000-7ffefe462000 rw-p 00000000 00:00 0                          [stack]
7ffefe54c000-7ffefe54f000 r--p 00000000 00:00 0                          [vvar]
7ffefe54f000-7ffefe551000 r-xp 00000000 00:00 0                          [vdso]
ffffffffff600000-ffffffffff601000 r-xp 00000000 00:00 0                  [vsyscall]


VM Arguments:
jvm_args: -Xms3g -Xmx3g 
java_command: server.jar nogui
java_class_path (initial): server.jar
Launcher Type: SUN_STANDARD

Logging:
Log output configuration:
#0: stdout all=warning uptime,level,tags
#1: stderr all=off uptime,level,tags

Environment Variables:
PATH=/usr/local/sbin:/usr/local/bin:/usr/sbin:/usr/bin:/sbin:/bin
SHELL=/bin/sh

Signal Handlers:
SIGSEGV: [libjvm.so+0xd28b70], sa_mask[0]=11111111011111111101111111111110, sa_flags=SA_RESTART|SA_SIGINFO
SIGBUS: [libjvm.so+0xd28b70], sa_mask[0]=11111111011111111101111111111110, sa_flags=SA_RESTART|SA_SIGINFO
SIGFPE: [libjvm.so+0xd28b70], sa_mask[0]=11111111011111111101111111111110, sa_flags=SA_RESTART|SA_SIGINFO
SIGPIPE: [libjvm.so+0xb2a1f0], sa_mask[0]=11111111011111111101111111111110, sa_flags=SA_RESTART|SA_SIGINFO
SIGXFSZ: [libjvm.so+0xb2a1f0], sa_mask[0]=11111111011111111101111111111110, sa_flags=SA_RESTART|SA_SIGINFO
SIGILL: [libjvm.so+0xd28b70], sa_mask[0]=11111111011111111101111111111110, sa_flags=SA_RESTART|SA_SIGINFO
SIGUSR2: [libjvm.so+0xb2a030], sa_mask[0]=00000000000000000000000000000000, sa_flags=SA_RESTART|SA_SIGINFO
SIGHUP: SIG_DFL, sa_mask[0]=00000000000000000000000000000000, sa_flags=none
SIGINT: SIG_DFL, sa_mask[0]=00000000000000000000000000000000, sa_flags=none
SIGTERM: SIG_DFL, sa_mask[0]=00000000000000000000000000000000, sa_flags=none
SIGQUIT: SIG_DFL, sa_mask[0]=00000000000000000000000000000000, sa_flags=none


---------------  S Y S T E M  ---------------

OS:DISTRIB_ID=Ubuntu
DISTRIB_RELEASE=18.04
DISTRIB_CODENAME=bionic
DISTRIB_DESCRIPTION="Ubuntu 18.04.2 LTS"
uname:Linux 4.15.0-46-generic #49-Ubuntu SMP Wed Feb 6 09:33:07 UTC 2019 x86_64
libc:glibc 2.27 NPTL 2.27 
rlimit: STACK 8192k, CORE 0k, NPROC 15099, NOFILE 4096, AS infinity, DATA infinity, FSIZE infinity
load average:1.30 1.33 1.36

/proc/meminfo:
MemTotal:        3943748 kB
MemFree:          120988 kB
MemAvailable:    1187708 kB
Buffers:           33860 kB
Cached:          1232316 kB
SwapCached:         9000 kB
Active:          2835380 kB
Inactive:         793476 kB
Active(anon):    1912248 kB
Inactive(anon):   480504 kB
Active(file):     923132 kB
Inactive(file):   312972 kB
Unevictable:           0 kB
Mlocked:               0 kB
SwapTotal:        999420 kB
SwapFree:         603312 kB
Dirty:              5864 kB
Writeback:             0 kB
AnonPages:       2360220 kB
Mapped:            76224 kB
Shmem:             30072 kB
Slab:             107660 kB
SReclaimable:      66764 kB
SUnreclaim:        40896 kB
KernelStack:        5968 kB
PageTables:        23412 kB
NFS_Unstable:          0 kB
Bounce:                0 kB
WritebackTmp:          0 kB
CommitLimit:     2971292 kB
Committed_AS:    3211300 kB
VmallocTotal:   34359738367 kB
VmallocUsed:           0 kB
VmallocChunk:          0 kB
HardwareCorrupted:     0 kB
AnonHugePages:         0 kB
ShmemHugePages:        0 kB
ShmemPmdMapped:        0 kB
CmaTotal:              0 kB
CmaFree:               0 kB
HugePages_Total:       0
HugePages_Free:        0
HugePages_Rsvd:        0
HugePages_Surp:        0
Hugepagesize:       2048 kB
DirectMap4k:      158320 kB
DirectMap2M:     3940352 kB
DirectMap1G:           0 kB

container (cgroup) information:
container_type: cgroupv1
cpu_cpuset_cpus: 0-3
cpu_memory_nodes: 0
active_processor_count: 4
cpu_quota: -1
cpu_period: 100000
cpu_shares: -1
memory_limit_in_bytes: -1
memory_and_swap_limit_in_bytes: -2
memory_soft_limit_in_bytes: -1
memory_usage_in_bytes: 3714539520
memory_max_usage_in_bytes: 2048000


CPU:total 4 (initial active 4) (2 cores per cpu, 2 threads per core) family 6 model 69 stepping 1, cmov, cx8, fxsr, mmx, sse, sse2, sse3, ssse3, sse4.1, sse4.2, popcnt, avx, avx2, aes, clmul, erms, lzcnt, ht, tsc, tscinvbit, bmi1, bmi2, fma
CPU Model and flags from /proc/cpuinfo:
model name	: Intel(R) Core(TM) i7-4500U CPU @ 1.80GHz
flags		: fpu vme de pse tsc msr pae mce cx8 apic sep mtrr pge mca cmov pat pse36 clflush dts acpi mmx fxsr sse sse2 ss ht tm pbe syscall nx pdpe1gb rdtscp lm constant_tsc arch_perfmon pebs bts rep_good nopl xtopology nonstop_tsc cpuid aperfmperf pni pclmulqdq dtes64 monitor ds_cpl vmx est tm2 ssse3 sdbg fma cx16 xtpr pdcm pcid sse4_1 sse4_2 movbe popcnt tsc_deadline_timer aes xsave avx f16c rdrand lahf_lm abm cpuid_fault epb invpcid_single pti ssbd ibrs ibpb stibp tpr_shadow vnmi flexpriority ept vpid fsgsbase tsc_adjust bmi1 avx2 smep bmi2 erms invpcid xsaveopt dtherm ida arat pln pts flush_l1d

Memory: 4k page, physical 3943748k(120988k free), swap 999420k(603312k free)

vm_info: OpenJDK 64-Bit Server VM (10.0.2+13-Ubuntu-1ubuntu0.18.04.4) for linux-amd64 JRE (10.0.2+13-Ubuntu-1ubuntu0.18.04.4), built on Nov 13 2018 12:53:39 by "buildd" with gcc 7.3.0

END.
