#
# There is insufficient memory for the Java Runtime Environment to continue.
# Native memory allocation (mmap) failed to map 3221225472 bytes for committing reserved memory.
# Possible reasons:
#   The system is out of physical RAM or swap space
#   The process is running with CompressedOops enabled, and the Java Heap may be blocking the growth of the native heap
# Possible solutions:
#   Reduce memory load on the system
#   Increase physical memory or swap space
#   Check if swap backing store is full
#   Decrease Java heap size (-Xmx/-Xms)
#   Decrease number of Java threads
#   Decrease Java thread stack sizes (-Xss)
#   Set larger code cache with -XX:ReservedCodeCacheSize=
# This output file may be truncated or incomplete.
#
#  Out of Memory Error (os_linux.cpp:2706), pid=27778, tid=27779
#
# JRE version:  (10.0.2+13) (build )
# Java VM: OpenJDK 64-Bit Server VM (10.0.2+13-Ubuntu-1ubuntu0.18.04.4, mixed mode, aot, tiered, compressed oops, g1 gc, linux-amd64)
# Core dump will be written. Default location: Core dumps may be processed with "/usr/share/apport/apport %p %s %c %d %P" (or dumping to /opt/forno/minecraft/core.27778)
#

---------------  S U M M A R Y ------------

Command Line: -Xms3g -Xmx3g server.jar nogui

Host: Intel(R) Core(TM) i7-4500U CPU @ 1.80GHz, 4 cores, 3G, Ubuntu 18.04.2 LTS
Time: Thu Mar 21 02:16:53 2019 JST elapsed time: 0 seconds (0d 0h 0m 0s)

---------------  T H R E A D  ---------------

Current thread (0x00007f4b2c011000):  JavaThread "Unknown thread" [_thread_in_vm, id=27779, stack(0x00007f4b36310000,0x00007f4b36411000)]

Stack: [0x00007f4b36310000,0x00007f4b36411000],  sp=0x00007f4b3640f2e0,  free space=1020k
Native frames: (J=compiled Java code, A=aot compiled Java code, j=interpreted, Vv=VM code, C=native code)
V  [libjvm.so+0xd27ea4]
V  [libjvm.so+0xd28a4b]
V  [libjvm.so+0x64d415]
V  [libjvm.so+0xb2d7c8]
V  [libjvm.so+0xb2601d]
V  [libjvm.so+0x7662ff]
V  [libjvm.so+0x76653e]
V  [libjvm.so+0x769500]
V  [libjvm.so+0x7efa1c]
V  [libjvm.so+0x7f06df]
V  [libjvm.so+0x7f0b59]
V  [libjvm.so+0x7162cf]
V  [libjvm.so+0x71afd3]
V  [libjvm.so+0xce5dc2]
V  [libjvm.so+0xce60c6]
V  [libjvm.so+0x807d57]
V  [libjvm.so+0xcc7ac4]
V  [libjvm.so+0x8601b1]  JNI_CreateJavaVM+0x51
C  [libjli.so+0x3d83]
C  [libjli.so+0x89dd]
C  [libpthread.so.0+0x76db]  start_thread+0xdb


---------------  P R O C E S S  ---------------

Threads class SMR info:
_java_thread_list=0x000055fd7a8506b0, length=0, elements={
}

Java Threads: ( => current thread )

Other Threads:
  0x00007f4b2c028000 GCTaskThread "GC Thread#0" [stack: 0x00007f4b32439000,0x00007f4b32539000] [id=27780]
  0x00007f4b2c029000 GCTaskThread "GC Thread#1" [stack: 0x00007f4b32337000,0x00007f4b32437000] [id=27781]
  0x00007f4b2c02b000 GCTaskThread "GC Thread#2" [stack: 0x00007f4b32235000,0x00007f4b32335000] [id=27782]
  0x00007f4b2c02c800 GCTaskThread "GC Thread#3" [stack: 0x00007f4b32133000,0x00007f4b32233000] [id=27783]
  0x00007f4b2c06a000 ConcurrentGCThread "G1 Main Marker" [stack: 0x00007f4b3096d000,0x00007f4b30a6d000] [id=27784]
  0x00007f4b2c06c000 ConcurrentGCThread "G1 Conc#0" [stack: 0x00007f4b3086b000,0x00007f4b3096b000] [id=27785]

[error occurred during error reporting (printing all threads), id 0xe0000002]

VM state:not at safepoint (not fully initialized)

VM Mutex/Monitor currently owned by a thread:  ([mutex/lock_event])
[0x00007f4b2c00df30] Heap_lock - owner thread: 0x00007f4b2c011000

Heap address: 0x0000000700000000, size: 3072 MB, Compressed Oops mode: Non-zero based: 0x0000000700000000
Narrow klass base: 0x0000000000000000, Narrow klass shift: 0

GC Heap History (0 events):
No events

Deoptimization events (0 events):
No events

Classes redefined (0 events):
No events

Internal exceptions (0 events):
No events

Events (0 events):
No events


Dynamic libraries:
55fd78a1c000-55fd78a1d000 r-xp 00000000 fd:00 20185882                   /usr/lib/jvm/java-11-openjdk-amd64/bin/java
55fd78c1d000-55fd78c1e000 r--p 00001000 fd:00 20185882                   /usr/lib/jvm/java-11-openjdk-amd64/bin/java
55fd78c1e000-55fd78c1f000 rw-p 00002000 fd:00 20185882                   /usr/lib/jvm/java-11-openjdk-amd64/bin/java
55fd7a839000-55fd7a85a000 rw-p 00000000 00:00 0                          [heap]
7f4af0000000-7f4af0021000 rw-p 00000000 00:00 0 
7f4af0021000-7f4af4000000 ---p 00000000 00:00 0 
7f4af6000000-7f4af8000000 rw-p 00000000 00:00 0 
7f4af8000000-7f4af8021000 rw-p 00000000 00:00 0 
7f4af8021000-7f4afc000000 ---p 00000000 00:00 0 
7f4afc000000-7f4afc021000 rw-p 00000000 00:00 0 
7f4afc021000-7f4b00000000 ---p 00000000 00:00 0 
7f4b01000000-7f4b04000000 ---p 00000000 00:00 0 
7f4b04000000-7f4b04021000 rw-p 00000000 00:00 0 
7f4b04021000-7f4b08000000 ---p 00000000 00:00 0 
7f4b08000000-7f4b08021000 rw-p 00000000 00:00 0 
7f4b08021000-7f4b0c000000 ---p 00000000 00:00 0 
7f4b0c000000-7f4b0c021000 rw-p 00000000 00:00 0 
7f4b0c021000-7f4b10000000 ---p 00000000 00:00 0 
7f4b10b25000-7f4b13b25000 ---p 00000000 00:00 0 
7f4b13b25000-7f4b13d95000 rwxp 00000000 00:00 0 
7f4b13d95000-7f4b140b5000 ---p 00000000 00:00 0 
7f4b140b5000-7f4b14325000 rwxp 00000000 00:00 0 
7f4b14325000-7f4b1b5ed000 ---p 00000000 00:00 0 
7f4b1b5ed000-7f4b1b85d000 rwxp 00000000 00:00 0 
7f4b1b85d000-7f4b22b25000 ---p 00000000 00:00 0 
7f4b22b25000-7f4b2c000000 r--s 00000000 fd:00 20186057                   /usr/lib/jvm/java-11-openjdk-amd64/lib/modules
7f4b2c000000-7f4b2c083000 rw-p 00000000 00:00 0 
7f4b2c083000-7f4b30000000 ---p 00000000 00:00 0 
7f4b30465000-7f4b30869000 rw-p 00000000 00:00 0 
7f4b30869000-7f4b3086a000 ---p 00000000 00:00 0 
7f4b3086a000-7f4b3096b000 rw-p 00000000 00:00 0 
7f4b3096b000-7f4b3096c000 ---p 00000000 00:00 0 
7f4b3096c000-7f4b30b2d000 rw-p 00000000 00:00 0 
7f4b30b2d000-7f4b31d2d000 ---p 00000000 00:00 0 
7f4b31d2d000-7f4b32131000 rw-p 00000000 00:00 0 
7f4b32131000-7f4b32132000 ---p 00000000 00:00 0 
7f4b32132000-7f4b32233000 rw-p 00000000 00:00 0 
7f4b32233000-7f4b32234000 ---p 00000000 00:00 0 
7f4b32234000-7f4b32335000 rw-p 00000000 00:00 0 
7f4b32335000-7f4b32336000 ---p 00000000 00:00 0 
7f4b32336000-7f4b32437000 rw-p 00000000 00:00 0 
7f4b32437000-7f4b32438000 ---p 00000000 00:00 0 
7f4b32438000-7f4b3253e000 rw-p 00000000 00:00 0 
7f4b3253e000-7f4b32624000 ---p 00000000 00:00 0 
7f4b32624000-7f4b32629000 rw-p 00000000 00:00 0 
7f4b32629000-7f4b3270f000 ---p 00000000 00:00 0 
7f4b3270f000-7f4b32714000 r-xp 00000000 fd:00 20186039                   /usr/lib/jvm/java-11-openjdk-amd64/lib/libjimage.so
7f4b32714000-7f4b32913000 ---p 00005000 fd:00 20186039                   /usr/lib/jvm/java-11-openjdk-amd64/lib/libjimage.so
7f4b32913000-7f4b32914000 r--p 00004000 fd:00 20186039                   /usr/lib/jvm/java-11-openjdk-amd64/lib/libjimage.so
7f4b32914000-7f4b32915000 rw-p 00005000 fd:00 20186039                   /usr/lib/jvm/java-11-openjdk-amd64/lib/libjimage.so
7f4b32915000-7f4b3291c000 r-xp 00000000 fd:00 20186056                   /usr/lib/jvm/java-11-openjdk-amd64/lib/libzip.so
7f4b3291c000-7f4b32b1b000 ---p 00007000 fd:00 20186056                   /usr/lib/jvm/java-11-openjdk-amd64/lib/libzip.so
7f4b32b1b000-7f4b32b1c000 r--p 00006000 fd:00 20186056                   /usr/lib/jvm/java-11-openjdk-amd64/lib/libzip.so
7f4b32b1c000-7f4b32b1d000 rw-p 00007000 fd:00 20186056                   /usr/lib/jvm/java-11-openjdk-amd64/lib/libzip.so
7f4b32b1d000-7f4b32b28000 r-xp 00000000 fd:00 44176093                   /lib/x86_64-linux-gnu/libnss_files-2.27.so
7f4b32b28000-7f4b32d27000 ---p 0000b000 fd:00 44176093                   /lib/x86_64-linux-gnu/libnss_files-2.27.so
7f4b32d27000-7f4b32d28000 r--p 0000a000 fd:00 44176093                   /lib/x86_64-linux-gnu/libnss_files-2.27.so
7f4b32d28000-7f4b32d29000 rw-p 0000b000 fd:00 44176093                   /lib/x86_64-linux-gnu/libnss_files-2.27.so
7f4b32d29000-7f4b32d2f000 rw-p 00000000 00:00 0 
7f4b32d2f000-7f4b32d46000 r-xp 00000000 fd:00 44176087                   /lib/x86_64-linux-gnu/libnsl-2.27.so
7f4b32d46000-7f4b32f45000 ---p 00017000 fd:00 44176087                   /lib/x86_64-linux-gnu/libnsl-2.27.so
7f4b32f45000-7f4b32f46000 r--p 00016000 fd:00 44176087                   /lib/x86_64-linux-gnu/libnsl-2.27.so
7f4b32f46000-7f4b32f47000 rw-p 00017000 fd:00 44176087                   /lib/x86_64-linux-gnu/libnsl-2.27.so
7f4b32f47000-7f4b32f49000 rw-p 00000000 00:00 0 
7f4b32f49000-7f4b32f54000 r-xp 00000000 fd:00 44176104                   /lib/x86_64-linux-gnu/libnss_nis-2.27.so
7f4b32f54000-7f4b33153000 ---p 0000b000 fd:00 44176104                   /lib/x86_64-linux-gnu/libnss_nis-2.27.so
7f4b33153000-7f4b33154000 r--p 0000a000 fd:00 44176104                   /lib/x86_64-linux-gnu/libnss_nis-2.27.so
7f4b33154000-7f4b33155000 rw-p 0000b000 fd:00 44176104                   /lib/x86_64-linux-gnu/libnss_nis-2.27.so
7f4b33155000-7f4b3315d000 r-xp 00000000 fd:00 44176089                   /lib/x86_64-linux-gnu/libnss_compat-2.27.so
7f4b3315d000-7f4b3335d000 ---p 00008000 fd:00 44176089                   /lib/x86_64-linux-gnu/libnss_compat-2.27.so
7f4b3335d000-7f4b3335e000 r--p 00008000 fd:00 44176089                   /lib/x86_64-linux-gnu/libnss_compat-2.27.so
7f4b3335e000-7f4b3335f000 rw-p 00009000 fd:00 44176089                   /lib/x86_64-linux-gnu/libnss_compat-2.27.so
7f4b3335f000-7f4b3338b000 r-xp 00000000 fd:00 20186035                   /usr/lib/jvm/java-11-openjdk-amd64/lib/libjava.so
7f4b3338b000-7f4b3358a000 ---p 0002c000 fd:00 20186035                   /usr/lib/jvm/java-11-openjdk-amd64/lib/libjava.so
7f4b3358a000-7f4b3358b000 r--p 0002b000 fd:00 20186035                   /usr/lib/jvm/java-11-openjdk-amd64/lib/libjava.so
7f4b3358b000-7f4b3358d000 rw-p 0002c000 fd:00 20186035                   /usr/lib/jvm/java-11-openjdk-amd64/lib/libjava.so
7f4b3358d000-7f4b3359a000 r-xp 00000000 fd:00 20186055                   /usr/lib/jvm/java-11-openjdk-amd64/lib/libverify.so
7f4b3359a000-7f4b33799000 ---p 0000d000 fd:00 20186055                   /usr/lib/jvm/java-11-openjdk-amd64/lib/libverify.so
7f4b33799000-7f4b3379b000 r--p 0000c000 fd:00 20186055                   /usr/lib/jvm/java-11-openjdk-amd64/lib/libverify.so
7f4b3379b000-7f4b3379c000 rw-p 0000e000 fd:00 20186055                   /usr/lib/jvm/java-11-openjdk-amd64/lib/libverify.so
7f4b3379c000-7f4b337a3000 r-xp 00000000 fd:00 44176144                   /lib/x86_64-linux-gnu/librt-2.27.so
7f4b337a3000-7f4b339a2000 ---p 00007000 fd:00 44176144                   /lib/x86_64-linux-gnu/librt-2.27.so
7f4b339a2000-7f4b339a3000 r--p 00006000 fd:00 44176144                   /lib/x86_64-linux-gnu/librt-2.27.so
7f4b339a3000-7f4b339a4000 rw-p 00007000 fd:00 44176144                   /lib/x86_64-linux-gnu/librt-2.27.so
7f4b339a4000-7f4b339bb000 r-xp 00000000 fd:00 44175907                   /lib/x86_64-linux-gnu/libgcc_s.so.1
7f4b339bb000-7f4b33bba000 ---p 00017000 fd:00 44175907                   /lib/x86_64-linux-gnu/libgcc_s.so.1
7f4b33bba000-7f4b33bbb000 r--p 00016000 fd:00 44175907                   /lib/x86_64-linux-gnu/libgcc_s.so.1
7f4b33bbb000-7f4b33bbc000 rw-p 00017000 fd:00 44175907                   /lib/x86_64-linux-gnu/libgcc_s.so.1
7f4b33bbc000-7f4b33d59000 r-xp 00000000 fd:00 44176066                   /lib/x86_64-linux-gnu/libm-2.27.so
7f4b33d59000-7f4b33f58000 ---p 0019d000 fd:00 44176066                   /lib/x86_64-linux-gnu/libm-2.27.so
7f4b33f58000-7f4b33f59000 r--p 0019c000 fd:00 44176066                   /lib/x86_64-linux-gnu/libm-2.27.so
7f4b33f59000-7f4b33f5a000 rw-p 0019d000 fd:00 44176066                   /lib/x86_64-linux-gnu/libm-2.27.so
7f4b33f5a000-7f4b340d3000 r-xp 00000000 fd:00 18090134                   /usr/lib/x86_64-linux-gnu/libstdc++.so.6.0.25
7f4b340d3000-7f4b342d3000 ---p 00179000 fd:00 18090134                   /usr/lib/x86_64-linux-gnu/libstdc++.so.6.0.25
7f4b342d3000-7f4b342dd000 r--p 00179000 fd:00 18090134                   /usr/lib/x86_64-linux-gnu/libstdc++.so.6.0.25
7f4b342dd000-7f4b342df000 rw-p 00183000 fd:00 18090134                   /usr/lib/x86_64-linux-gnu/libstdc++.so.6.0.25
7f4b342df000-7f4b342e3000 rw-p 00000000 00:00 0 
7f4b342e3000-7f4b35280000 r-xp 00000000 fd:00 20186062                   /usr/lib/jvm/java-11-openjdk-amd64/lib/server/libjvm.so
7f4b35280000-7f4b35480000 ---p 00f9d000 fd:00 20186062                   /usr/lib/jvm/java-11-openjdk-amd64/lib/server/libjvm.so
7f4b35480000-7f4b35544000 r--p 00f9d000 fd:00 20186062                   /usr/lib/jvm/java-11-openjdk-amd64/lib/server/libjvm.so
7f4b35544000-7f4b3557c000 rw-p 01061000 fd:00 20186062                   /usr/lib/jvm/java-11-openjdk-amd64/lib/server/libjvm.so
7f4b3557c000-7f4b355c5000 rw-p 00000000 00:00 0 
7f4b355c5000-7f4b355df000 r-xp 00000000 fd:00 44176136                   /lib/x86_64-linux-gnu/libpthread-2.27.so
7f4b355df000-7f4b357de000 ---p 0001a000 fd:00 44176136                   /lib/x86_64-linux-gnu/libpthread-2.27.so
7f4b357de000-7f4b357df000 r--p 00019000 fd:00 44176136                   /lib/x86_64-linux-gnu/libpthread-2.27.so
7f4b357df000-7f4b357e0000 rw-p 0001a000 fd:00 44176136                   /lib/x86_64-linux-gnu/libpthread-2.27.so
7f4b357e0000-7f4b357e4000 rw-p 00000000 00:00 0 
7f4b357e4000-7f4b357e7000 r-xp 00000000 fd:00 44176026                   /lib/x86_64-linux-gnu/libdl-2.27.so
7f4b357e7000-7f4b359e6000 ---p 00003000 fd:00 44176026                   /lib/x86_64-linux-gnu/libdl-2.27.so
7f4b359e6000-7f4b359e7000 r--p 00002000 fd:00 44176026                   /lib/x86_64-linux-gnu/libdl-2.27.so
7f4b359e7000-7f4b359e8000 rw-p 00003000 fd:00 44176026                   /lib/x86_64-linux-gnu/libdl-2.27.so
7f4b359e8000-7f4b35a04000 r-xp 00000000 fd:00 44176175                   /lib/x86_64-linux-gnu/libz.so.1.2.11
7f4b35a04000-7f4b35c03000 ---p 0001c000 fd:00 44176175                   /lib/x86_64-linux-gnu/libz.so.1.2.11
7f4b35c03000-7f4b35c04000 r--p 0001b000 fd:00 44176175                   /lib/x86_64-linux-gnu/libz.so.1.2.11
7f4b35c04000-7f4b35c05000 rw-p 0001c000 fd:00 44176175                   /lib/x86_64-linux-gnu/libz.so.1.2.11
7f4b35c05000-7f4b35dec000 r-xp 00000000 fd:00 44176003                   /lib/x86_64-linux-gnu/libc-2.27.so
7f4b35dec000-7f4b35fec000 ---p 001e7000 fd:00 44176003                   /lib/x86_64-linux-gnu/libc-2.27.so
7f4b35fec000-7f4b35ff0000 r--p 001e7000 fd:00 44176003                   /lib/x86_64-linux-gnu/libc-2.27.so
7f4b35ff0000-7f4b35ff2000 rw-p 001eb000 fd:00 44176003                   /lib/x86_64-linux-gnu/libc-2.27.so
7f4b35ff2000-7f4b35ff6000 rw-p 00000000 00:00 0 
7f4b35ff6000-7f4b36005000 r-xp 00000000 fd:00 20186020                   /usr/lib/jvm/java-11-openjdk-amd64/lib/jli/libjli.so
7f4b36005000-7f4b36204000 ---p 0000f000 fd:00 20186020                   /usr/lib/jvm/java-11-openjdk-amd64/lib/jli/libjli.so
7f4b36204000-7f4b36205000 r--p 0000e000 fd:00 20186020                   /usr/lib/jvm/java-11-openjdk-amd64/lib/jli/libjli.so
7f4b36205000-7f4b36206000 rw-p 0000f000 fd:00 20186020                   /usr/lib/jvm/java-11-openjdk-amd64/lib/jli/libjli.so
7f4b36206000-7f4b3622d000 r-xp 00000000 fd:00 44175975                   /lib/x86_64-linux-gnu/ld-2.27.so
7f4b362a9000-7f4b36310000 rw-p 00000000 00:00 0 
7f4b36310000-7f4b36314000 ---p 00000000 00:00 0 
7f4b36314000-7f4b36413000 rw-p 00000000 00:00 0 
7f4b36414000-7f4b3641a000 rw-p 00000000 00:00 0 
7f4b3641a000-7f4b36421000 ---p 00000000 00:00 0 
7f4b36421000-7f4b36429000 rw-s 00000000 fd:00 16121869                   /tmp/hsperfdata_minecraft/27778
7f4b36429000-7f4b3642a000 ---p 00000000 00:00 0 
7f4b3642a000-7f4b3642b000 r--p 00000000 00:00 0 
7f4b3642b000-7f4b3642d000 rw-p 00000000 00:00 0 
7f4b3642d000-7f4b3642e000 r--p 00027000 fd:00 44175975                   /lib/x86_64-linux-gnu/ld-2.27.so
7f4b3642e000-7f4b3642f000 rw-p 00028000 fd:00 44175975                   /lib/x86_64-linux-gnu/ld-2.27.so
7f4b3642f000-7f4b36430000 rw-p 00000000 00:00 0 
7ffcedece000-7ffcedeef000 rw-p 00000000 00:00 0                          [stack]
7ffcedf99000-7ffcedf9c000 r--p 00000000 00:00 0                          [vvar]
7ffcedf9c000-7ffcedf9e000 r-xp 00000000 00:00 0                          [vdso]
ffffffffff600000-ffffffffff601000 r-xp 00000000 00:00 0                  [vsyscall]


VM Arguments:
jvm_args: -Xms3g -Xmx3g 
java_command: server.jar nogui
java_class_path (initial): server.jar
Launcher Type: SUN_STANDARD

Logging:
Log output configuration:
#0: stdout all=warning uptime,level,tags
#1: stderr all=off uptime,level,tags

Environment Variables:
PATH=/usr/local/sbin:/usr/local/bin:/usr/sbin:/usr/bin:/sbin:/bin
SHELL=/bin/sh

Signal Handlers:
SIGSEGV: [libjvm.so+0xd28b70], sa_mask[0]=11111111011111111101111111111110, sa_flags=SA_RESTART|SA_SIGINFO
SIGBUS: [libjvm.so+0xd28b70], sa_mask[0]=11111111011111111101111111111110, sa_flags=SA_RESTART|SA_SIGINFO
SIGFPE: [libjvm.so+0xd28b70], sa_mask[0]=11111111011111111101111111111110, sa_flags=SA_RESTART|SA_SIGINFO
SIGPIPE: [libjvm.so+0xb2a1f0], sa_mask[0]=11111111011111111101111111111110, sa_flags=SA_RESTART|SA_SIGINFO
SIGXFSZ: [libjvm.so+0xb2a1f0], sa_mask[0]=11111111011111111101111111111110, sa_flags=SA_RESTART|SA_SIGINFO
SIGILL: [libjvm.so+0xd28b70], sa_mask[0]=11111111011111111101111111111110, sa_flags=SA_RESTART|SA_SIGINFO
SIGUSR2: [libjvm.so+0xb2a030], sa_mask[0]=00000000000000000000000000000000, sa_flags=SA_RESTART|SA_SIGINFO
SIGHUP: SIG_DFL, sa_mask[0]=00000000000000000000000000000000, sa_flags=none
SIGINT: SIG_DFL, sa_mask[0]=00000000000000000000000000000000, sa_flags=none
SIGTERM: SIG_DFL, sa_mask[0]=00000000000000000000000000000000, sa_flags=none
SIGQUIT: SIG_DFL, sa_mask[0]=00000000000000000000000000000000, sa_flags=none


---------------  S Y S T E M  ---------------

OS:DISTRIB_ID=Ubuntu
DISTRIB_RELEASE=18.04
DISTRIB_CODENAME=bionic
DISTRIB_DESCRIPTION="Ubuntu 18.04.2 LTS"
uname:Linux 4.15.0-46-generic #49-Ubuntu SMP Wed Feb 6 09:33:07 UTC 2019 x86_64
libc:glibc 2.27 NPTL 2.27 
rlimit: STACK 8192k, CORE 0k, NPROC 15099, NOFILE 4096, AS infinity, DATA infinity, FSIZE infinity
load average:0.89 1.18 1.36

/proc/meminfo:
MemTotal:        3943748 kB
MemFree:         1970732 kB
MemAvailable:    2033896 kB
Buffers:           11196 kB
Cached:           268840 kB
SwapCached:         1332 kB
Active:          1368148 kB
Inactive:         447060 kB
Active(anon):    1271728 kB
Inactive(anon):   293636 kB
Active(file):      96420 kB
Inactive(file):   153424 kB
Unevictable:           0 kB
Mlocked:               0 kB
SwapTotal:        999420 kB
SwapFree:         551856 kB
Dirty:              2752 kB
Writeback:             0 kB
AnonPages:       1534312 kB
Mapped:            90140 kB
Shmem:             30120 kB
Slab:              73060 kB
SReclaimable:      32176 kB
SUnreclaim:        40884 kB
KernelStack:        6024 kB
PageTables:        21952 kB
NFS_Unstable:          0 kB
Bounce:                0 kB
WritebackTmp:          0 kB
CommitLimit:     2971292 kB
Committed_AS:    2862376 kB
VmallocTotal:   34359738367 kB
VmallocUsed:           0 kB
VmallocChunk:          0 kB
HardwareCorrupted:     0 kB
AnonHugePages:         0 kB
ShmemHugePages:        0 kB
ShmemPmdMapped:        0 kB
CmaTotal:              0 kB
CmaFree:               0 kB
HugePages_Total:       0
HugePages_Free:        0
HugePages_Rsvd:        0
HugePages_Surp:        0
Hugepagesize:       2048 kB
DirectMap4k:      150128 kB
DirectMap2M:     3948544 kB
DirectMap1G:           0 kB

container (cgroup) information:
container_type: cgroupv1
cpu_cpuset_cpus: 0-3
cpu_memory_nodes: 0
active_processor_count: 4
cpu_quota: -1
cpu_period: 100000
cpu_shares: -1
memory_limit_in_bytes: -1
memory_and_swap_limit_in_bytes: -2
memory_soft_limit_in_bytes: -1
memory_usage_in_bytes: 1858940928
memory_max_usage_in_bytes: 2048000


CPU:total 4 (initial active 4) (2 cores per cpu, 2 threads per core) family 6 model 69 stepping 1, cmov, cx8, fxsr, mmx, sse, sse2, sse3, ssse3, sse4.1, sse4.2, popcnt, avx, avx2, aes, clmul, erms, lzcnt, ht, tsc, tscinvbit, bmi1, bmi2, fma
CPU Model and flags from /proc/cpuinfo:
model name	: Intel(R) Core(TM) i7-4500U CPU @ 1.80GHz
flags		: fpu vme de pse tsc msr pae mce cx8 apic sep mtrr pge mca cmov pat pse36 clflush dts acpi mmx fxsr sse sse2 ss ht tm pbe syscall nx pdpe1gb rdtscp lm constant_tsc arch_perfmon pebs bts rep_good nopl xtopology nonstop_tsc cpuid aperfmperf pni pclmulqdq dtes64 monitor ds_cpl vmx est tm2 ssse3 sdbg fma cx16 xtpr pdcm pcid sse4_1 sse4_2 movbe popcnt tsc_deadline_timer aes xsave avx f16c rdrand lahf_lm abm cpuid_fault epb invpcid_single pti ssbd ibrs ibpb stibp tpr_shadow vnmi flexpriority ept vpid fsgsbase tsc_adjust bmi1 avx2 smep bmi2 erms invpcid xsaveopt dtherm ida arat pln pts flush_l1d

Memory: 4k page, physical 3943748k(1970732k free), swap 999420k(551856k free)

vm_info: OpenJDK 64-Bit Server VM (10.0.2+13-Ubuntu-1ubuntu0.18.04.4) for linux-amd64 JRE (10.0.2+13-Ubuntu-1ubuntu0.18.04.4), built on Nov 13 2018 12:53:39 by "buildd" with gcc 7.3.0

END.
