#
# There is insufficient memory for the Java Runtime Environment to continue.
# Native memory allocation (mmap) failed to map 3221225472 bytes for committing reserved memory.
# Possible reasons:
#   The system is out of physical RAM or swap space
#   The process is running with CompressedOops enabled, and the Java Heap may be blocking the growth of the native heap
# Possible solutions:
#   Reduce memory load on the system
#   Increase physical memory or swap space
#   Check if swap backing store is full
#   Decrease Java heap size (-Xmx/-Xms)
#   Decrease number of Java threads
#   Decrease Java thread stack sizes (-Xss)
#   Set larger code cache with -XX:ReservedCodeCacheSize=
# This output file may be truncated or incomplete.
#
#  Out of Memory Error (os_linux.cpp:2706), pid=28650, tid=28651
#
# JRE version:  (10.0.2+13) (build )
# Java VM: OpenJDK 64-Bit Server VM (10.0.2+13-Ubuntu-1ubuntu0.18.04.4, mixed mode, aot, tiered, compressed oops, g1 gc, linux-amd64)
# Core dump will be written. Default location: Core dumps may be processed with "/usr/share/apport/apport %p %s %c %d %P" (or dumping to /opt/forno/minecraft/core.28650)
#

---------------  S U M M A R Y ------------

Command Line: -Xms3g -Xmx3g server.jar nogui

Host: Intel(R) Core(TM) i7-4500U CPU @ 1.80GHz, 4 cores, 3G, Ubuntu 18.04.2 LTS
Time: Thu Mar 21 06:22:55 2019 JST elapsed time: 0 seconds (0d 0h 0m 0s)

---------------  T H R E A D  ---------------

Current thread (0x00007f0d10011000):  JavaThread "Unknown thread" [_thread_in_vm, id=28651, stack(0x00007f0d17a55000,0x00007f0d17b56000)]

Stack: [0x00007f0d17a55000,0x00007f0d17b56000],  sp=0x00007f0d17b542e0,  free space=1020k
Native frames: (J=compiled Java code, A=aot compiled Java code, j=interpreted, Vv=VM code, C=native code)
V  [libjvm.so+0xd27ea4]
V  [libjvm.so+0xd28a4b]
V  [libjvm.so+0x64d415]
V  [libjvm.so+0xb2d7c8]
V  [libjvm.so+0xb2601d]
V  [libjvm.so+0x7662ff]
V  [libjvm.so+0x76653e]
V  [libjvm.so+0x769500]
V  [libjvm.so+0x7efa1c]
V  [libjvm.so+0x7f06df]
V  [libjvm.so+0x7f0b59]
V  [libjvm.so+0x7162cf]
V  [libjvm.so+0x71afd3]
V  [libjvm.so+0xce5dc2]
V  [libjvm.so+0xce60c6]
V  [libjvm.so+0x807d57]
V  [libjvm.so+0xcc7ac4]
V  [libjvm.so+0x8601b1]  JNI_CreateJavaVM+0x51
C  [libjli.so+0x3d83]
C  [libjli.so+0x89dd]
C  [libpthread.so.0+0x76db]  start_thread+0xdb


---------------  P R O C E S S  ---------------

Threads class SMR info:
_java_thread_list=0x0000559de4ec56b0, length=0, elements={
}

Java Threads: ( => current thread )

Other Threads:
  0x00007f0d10028000 GCTaskThread "GC Thread#0" [stack: 0x00007f0cf7649000,0x00007f0cf7749000] [id=28652]
  0x00007f0d10029000 GCTaskThread "GC Thread#1" [stack: 0x00007f0cf7547000,0x00007f0cf7647000] [id=28653]
  0x00007f0d1002b000 GCTaskThread "GC Thread#2" [stack: 0x00007f0cf7445000,0x00007f0cf7545000] [id=28654]
  0x00007f0d1002c800 GCTaskThread "GC Thread#3" [stack: 0x00007f0cf7343000,0x00007f0cf7443000] [id=28655]
  0x00007f0d1006a000 ConcurrentGCThread "G1 Main Marker" [stack: 0x00007f0cf5b7d000,0x00007f0cf5c7d000] [id=28656]
  0x00007f0d1006c000 ConcurrentGCThread "G1 Conc#0" [stack: 0x00007f0cf5a7b000,0x00007f0cf5b7b000] [id=28657]

[error occurred during error reporting (printing all threads), id 0xe0000002]

VM state:not at safepoint (not fully initialized)

VM Mutex/Monitor currently owned by a thread:  ([mutex/lock_event])
[0x00007f0d1000df30] Heap_lock - owner thread: 0x00007f0d10011000

Heap address: 0x0000000700000000, size: 3072 MB, Compressed Oops mode: Non-zero based: 0x0000000700000000
Narrow klass base: 0x0000000000000000, Narrow klass shift: 0

GC Heap History (0 events):
No events

Deoptimization events (0 events):
No events

Classes redefined (0 events):
No events

Internal exceptions (0 events):
No events

Events (0 events):
No events


Dynamic libraries:
559de2fc2000-559de2fc3000 r-xp 00000000 fd:00 20185882                   /usr/lib/jvm/java-11-openjdk-amd64/bin/java
559de31c3000-559de31c4000 r--p 00001000 fd:00 20185882                   /usr/lib/jvm/java-11-openjdk-amd64/bin/java
559de31c4000-559de31c5000 rw-p 00002000 fd:00 20185882                   /usr/lib/jvm/java-11-openjdk-amd64/bin/java
559de4eae000-559de4ecf000 rw-p 00000000 00:00 0                          [heap]
7f0cd0000000-7f0cd0021000 rw-p 00000000 00:00 0 
7f0cd0021000-7f0cd4000000 ---p 00000000 00:00 0 
7f0cd6000000-7f0cd8000000 rw-p 00000000 00:00 0 
7f0cd8000000-7f0cd8021000 rw-p 00000000 00:00 0 
7f0cd8021000-7f0cdc000000 ---p 00000000 00:00 0 
7f0cdd000000-7f0ce0000000 ---p 00000000 00:00 0 
7f0ce0000000-7f0ce0021000 rw-p 00000000 00:00 0 
7f0ce0021000-7f0ce4000000 ---p 00000000 00:00 0 
7f0ce5000000-7f0ce8000000 ---p 00000000 00:00 0 
7f0ce8000000-7f0ce8021000 rw-p 00000000 00:00 0 
7f0ce8021000-7f0cec000000 ---p 00000000 00:00 0 
7f0cec000000-7f0cec021000 rw-p 00000000 00:00 0 
7f0cec021000-7f0cf0000000 ---p 00000000 00:00 0 
7f0cf0000000-7f0cf0021000 rw-p 00000000 00:00 0 
7f0cf0021000-7f0cf4000000 ---p 00000000 00:00 0 
7f0cf5675000-7f0cf5a79000 rw-p 00000000 00:00 0 
7f0cf5a79000-7f0cf5a7a000 ---p 00000000 00:00 0 
7f0cf5a7a000-7f0cf5b7b000 rw-p 00000000 00:00 0 
7f0cf5b7b000-7f0cf5b7c000 ---p 00000000 00:00 0 
7f0cf5b7c000-7f0cf5d3d000 rw-p 00000000 00:00 0 
7f0cf5d3d000-7f0cf6f3d000 ---p 00000000 00:00 0 
7f0cf6f3d000-7f0cf7341000 rw-p 00000000 00:00 0 
7f0cf7341000-7f0cf7342000 ---p 00000000 00:00 0 
7f0cf7342000-7f0cf7443000 rw-p 00000000 00:00 0 
7f0cf7443000-7f0cf7444000 ---p 00000000 00:00 0 
7f0cf7444000-7f0cf7545000 rw-p 00000000 00:00 0 
7f0cf7545000-7f0cf7546000 ---p 00000000 00:00 0 
7f0cf7546000-7f0cf7647000 rw-p 00000000 00:00 0 
7f0cf7647000-7f0cf7648000 ---p 00000000 00:00 0 
7f0cf7648000-7f0cf774e000 rw-p 00000000 00:00 0 
7f0cf774e000-7f0cf7834000 ---p 00000000 00:00 0 
7f0cf7834000-7f0cf7839000 rw-p 00000000 00:00 0 
7f0cf7839000-7f0cf791f000 ---p 00000000 00:00 0 
7f0cf791f000-7f0cf7b8f000 rwxp 00000000 00:00 0 
7f0cf7b8f000-7f0cf7eaf000 ---p 00000000 00:00 0 
7f0cf7eaf000-7f0cf811f000 rwxp 00000000 00:00 0 
7f0cf811f000-7f0cff3e7000 ---p 00000000 00:00 0 
7f0cff3e7000-7f0cff657000 rwxp 00000000 00:00 0 
7f0cff657000-7f0d0691f000 ---p 00000000 00:00 0 
7f0d0691f000-7f0d0fdfa000 r--s 00000000 fd:00 20186057                   /usr/lib/jvm/java-11-openjdk-amd64/lib/modules
7f0d0fdfa000-7f0d0fdff000 r-xp 00000000 fd:00 20186039                   /usr/lib/jvm/java-11-openjdk-amd64/lib/libjimage.so
7f0d0fdff000-7f0d0fffe000 ---p 00005000 fd:00 20186039                   /usr/lib/jvm/java-11-openjdk-amd64/lib/libjimage.so
7f0d0fffe000-7f0d0ffff000 r--p 00004000 fd:00 20186039                   /usr/lib/jvm/java-11-openjdk-amd64/lib/libjimage.so
7f0d0ffff000-7f0d10000000 rw-p 00005000 fd:00 20186039                   /usr/lib/jvm/java-11-openjdk-amd64/lib/libjimage.so
7f0d10000000-7f0d10083000 rw-p 00000000 00:00 0 
7f0d10083000-7f0d14000000 ---p 00000000 00:00 0 
7f0d1405a000-7f0d14061000 r-xp 00000000 fd:00 20186056                   /usr/lib/jvm/java-11-openjdk-amd64/lib/libzip.so
7f0d14061000-7f0d14260000 ---p 00007000 fd:00 20186056                   /usr/lib/jvm/java-11-openjdk-amd64/lib/libzip.so
7f0d14260000-7f0d14261000 r--p 00006000 fd:00 20186056                   /usr/lib/jvm/java-11-openjdk-amd64/lib/libzip.so
7f0d14261000-7f0d14262000 rw-p 00007000 fd:00 20186056                   /usr/lib/jvm/java-11-openjdk-amd64/lib/libzip.so
7f0d14262000-7f0d1426d000 r-xp 00000000 fd:00 44176093                   /lib/x86_64-linux-gnu/libnss_files-2.27.so
7f0d1426d000-7f0d1446c000 ---p 0000b000 fd:00 44176093                   /lib/x86_64-linux-gnu/libnss_files-2.27.so
7f0d1446c000-7f0d1446d000 r--p 0000a000 fd:00 44176093                   /lib/x86_64-linux-gnu/libnss_files-2.27.so
7f0d1446d000-7f0d1446e000 rw-p 0000b000 fd:00 44176093                   /lib/x86_64-linux-gnu/libnss_files-2.27.so
7f0d1446e000-7f0d14474000 rw-p 00000000 00:00 0 
7f0d14474000-7f0d1448b000 r-xp 00000000 fd:00 44176087                   /lib/x86_64-linux-gnu/libnsl-2.27.so
7f0d1448b000-7f0d1468a000 ---p 00017000 fd:00 44176087                   /lib/x86_64-linux-gnu/libnsl-2.27.so
7f0d1468a000-7f0d1468b000 r--p 00016000 fd:00 44176087                   /lib/x86_64-linux-gnu/libnsl-2.27.so
7f0d1468b000-7f0d1468c000 rw-p 00017000 fd:00 44176087                   /lib/x86_64-linux-gnu/libnsl-2.27.so
7f0d1468c000-7f0d1468e000 rw-p 00000000 00:00 0 
7f0d1468e000-7f0d14699000 r-xp 00000000 fd:00 44176104                   /lib/x86_64-linux-gnu/libnss_nis-2.27.so
7f0d14699000-7f0d14898000 ---p 0000b000 fd:00 44176104                   /lib/x86_64-linux-gnu/libnss_nis-2.27.so
7f0d14898000-7f0d14899000 r--p 0000a000 fd:00 44176104                   /lib/x86_64-linux-gnu/libnss_nis-2.27.so
7f0d14899000-7f0d1489a000 rw-p 0000b000 fd:00 44176104                   /lib/x86_64-linux-gnu/libnss_nis-2.27.so
7f0d1489a000-7f0d148a2000 r-xp 00000000 fd:00 44176089                   /lib/x86_64-linux-gnu/libnss_compat-2.27.so
7f0d148a2000-7f0d14aa2000 ---p 00008000 fd:00 44176089                   /lib/x86_64-linux-gnu/libnss_compat-2.27.so
7f0d14aa2000-7f0d14aa3000 r--p 00008000 fd:00 44176089                   /lib/x86_64-linux-gnu/libnss_compat-2.27.so
7f0d14aa3000-7f0d14aa4000 rw-p 00009000 fd:00 44176089                   /lib/x86_64-linux-gnu/libnss_compat-2.27.so
7f0d14aa4000-7f0d14ad0000 r-xp 00000000 fd:00 20186035                   /usr/lib/jvm/java-11-openjdk-amd64/lib/libjava.so
7f0d14ad0000-7f0d14ccf000 ---p 0002c000 fd:00 20186035                   /usr/lib/jvm/java-11-openjdk-amd64/lib/libjava.so
7f0d14ccf000-7f0d14cd0000 r--p 0002b000 fd:00 20186035                   /usr/lib/jvm/java-11-openjdk-amd64/lib/libjava.so
7f0d14cd0000-7f0d14cd2000 rw-p 0002c000 fd:00 20186035                   /usr/lib/jvm/java-11-openjdk-amd64/lib/libjava.so
7f0d14cd2000-7f0d14cdf000 r-xp 00000000 fd:00 20186055                   /usr/lib/jvm/java-11-openjdk-amd64/lib/libverify.so
7f0d14cdf000-7f0d14ede000 ---p 0000d000 fd:00 20186055                   /usr/lib/jvm/java-11-openjdk-amd64/lib/libverify.so
7f0d14ede000-7f0d14ee0000 r--p 0000c000 fd:00 20186055                   /usr/lib/jvm/java-11-openjdk-amd64/lib/libverify.so
7f0d14ee0000-7f0d14ee1000 rw-p 0000e000 fd:00 20186055                   /usr/lib/jvm/java-11-openjdk-amd64/lib/libverify.so
7f0d14ee1000-7f0d14ee8000 r-xp 00000000 fd:00 44176144                   /lib/x86_64-linux-gnu/librt-2.27.so
7f0d14ee8000-7f0d150e7000 ---p 00007000 fd:00 44176144                   /lib/x86_64-linux-gnu/librt-2.27.so
7f0d150e7000-7f0d150e8000 r--p 00006000 fd:00 44176144                   /lib/x86_64-linux-gnu/librt-2.27.so
7f0d150e8000-7f0d150e9000 rw-p 00007000 fd:00 44176144                   /lib/x86_64-linux-gnu/librt-2.27.so
7f0d150e9000-7f0d15100000 r-xp 00000000 fd:00 44175907                   /lib/x86_64-linux-gnu/libgcc_s.so.1
7f0d15100000-7f0d152ff000 ---p 00017000 fd:00 44175907                   /lib/x86_64-linux-gnu/libgcc_s.so.1
7f0d152ff000-7f0d15300000 r--p 00016000 fd:00 44175907                   /lib/x86_64-linux-gnu/libgcc_s.so.1
7f0d15300000-7f0d15301000 rw-p 00017000 fd:00 44175907                   /lib/x86_64-linux-gnu/libgcc_s.so.1
7f0d15301000-7f0d1549e000 r-xp 00000000 fd:00 44176066                   /lib/x86_64-linux-gnu/libm-2.27.so
7f0d1549e000-7f0d1569d000 ---p 0019d000 fd:00 44176066                   /lib/x86_64-linux-gnu/libm-2.27.so
7f0d1569d000-7f0d1569e000 r--p 0019c000 fd:00 44176066                   /lib/x86_64-linux-gnu/libm-2.27.so
7f0d1569e000-7f0d1569f000 rw-p 0019d000 fd:00 44176066                   /lib/x86_64-linux-gnu/libm-2.27.so
7f0d1569f000-7f0d15818000 r-xp 00000000 fd:00 18090134                   /usr/lib/x86_64-linux-gnu/libstdc++.so.6.0.25
7f0d15818000-7f0d15a18000 ---p 00179000 fd:00 18090134                   /usr/lib/x86_64-linux-gnu/libstdc++.so.6.0.25
7f0d15a18000-7f0d15a22000 r--p 00179000 fd:00 18090134                   /usr/lib/x86_64-linux-gnu/libstdc++.so.6.0.25
7f0d15a22000-7f0d15a24000 rw-p 00183000 fd:00 18090134                   /usr/lib/x86_64-linux-gnu/libstdc++.so.6.0.25
7f0d15a24000-7f0d15a28000 rw-p 00000000 00:00 0 
7f0d15a28000-7f0d169c5000 r-xp 00000000 fd:00 20186062                   /usr/lib/jvm/java-11-openjdk-amd64/lib/server/libjvm.so
7f0d169c5000-7f0d16bc5000 ---p 00f9d000 fd:00 20186062                   /usr/lib/jvm/java-11-openjdk-amd64/lib/server/libjvm.so
7f0d16bc5000-7f0d16c89000 r--p 00f9d000 fd:00 20186062                   /usr/lib/jvm/java-11-openjdk-amd64/lib/server/libjvm.so
7f0d16c89000-7f0d16cc1000 rw-p 01061000 fd:00 20186062                   /usr/lib/jvm/java-11-openjdk-amd64/lib/server/libjvm.so
7f0d16cc1000-7f0d16d0a000 rw-p 00000000 00:00 0 
7f0d16d0a000-7f0d16d24000 r-xp 00000000 fd:00 44176136                   /lib/x86_64-linux-gnu/libpthread-2.27.so
7f0d16d24000-7f0d16f23000 ---p 0001a000 fd:00 44176136                   /lib/x86_64-linux-gnu/libpthread-2.27.so
7f0d16f23000-7f0d16f24000 r--p 00019000 fd:00 44176136                   /lib/x86_64-linux-gnu/libpthread-2.27.so
7f0d16f24000-7f0d16f25000 rw-p 0001a000 fd:00 44176136                   /lib/x86_64-linux-gnu/libpthread-2.27.so
7f0d16f25000-7f0d16f29000 rw-p 00000000 00:00 0 
7f0d16f29000-7f0d16f2c000 r-xp 00000000 fd:00 44176026                   /lib/x86_64-linux-gnu/libdl-2.27.so
7f0d16f2c000-7f0d1712b000 ---p 00003000 fd:00 44176026                   /lib/x86_64-linux-gnu/libdl-2.27.so
7f0d1712b000-7f0d1712c000 r--p 00002000 fd:00 44176026                   /lib/x86_64-linux-gnu/libdl-2.27.so
7f0d1712c000-7f0d1712d000 rw-p 00003000 fd:00 44176026                   /lib/x86_64-linux-gnu/libdl-2.27.so
7f0d1712d000-7f0d17149000 r-xp 00000000 fd:00 44176175                   /lib/x86_64-linux-gnu/libz.so.1.2.11
7f0d17149000-7f0d17348000 ---p 0001c000 fd:00 44176175                   /lib/x86_64-linux-gnu/libz.so.1.2.11
7f0d17348000-7f0d17349000 r--p 0001b000 fd:00 44176175                   /lib/x86_64-linux-gnu/libz.so.1.2.11
7f0d17349000-7f0d1734a000 rw-p 0001c000 fd:00 44176175                   /lib/x86_64-linux-gnu/libz.so.1.2.11
7f0d1734a000-7f0d17531000 r-xp 00000000 fd:00 44176003                   /lib/x86_64-linux-gnu/libc-2.27.so
7f0d17531000-7f0d17731000 ---p 001e7000 fd:00 44176003                   /lib/x86_64-linux-gnu/libc-2.27.so
7f0d17731000-7f0d17735000 r--p 001e7000 fd:00 44176003                   /lib/x86_64-linux-gnu/libc-2.27.so
7f0d17735000-7f0d17737000 rw-p 001eb000 fd:00 44176003                   /lib/x86_64-linux-gnu/libc-2.27.so
7f0d17737000-7f0d1773b000 rw-p 00000000 00:00 0 
7f0d1773b000-7f0d1774a000 r-xp 00000000 fd:00 20186020                   /usr/lib/jvm/java-11-openjdk-amd64/lib/jli/libjli.so
7f0d1774a000-7f0d17949000 ---p 0000f000 fd:00 20186020                   /usr/lib/jvm/java-11-openjdk-amd64/lib/jli/libjli.so
7f0d17949000-7f0d1794a000 r--p 0000e000 fd:00 20186020                   /usr/lib/jvm/java-11-openjdk-amd64/lib/jli/libjli.so
7f0d1794a000-7f0d1794b000 rw-p 0000f000 fd:00 20186020                   /usr/lib/jvm/java-11-openjdk-amd64/lib/jli/libjli.so
7f0d1794b000-7f0d17972000 r-xp 00000000 fd:00 44175975                   /lib/x86_64-linux-gnu/ld-2.27.so
7f0d179ee000-7f0d17a55000 rw-p 00000000 00:00 0 
7f0d17a55000-7f0d17a59000 ---p 00000000 00:00 0 
7f0d17a59000-7f0d17b58000 rw-p 00000000 00:00 0 
7f0d17b59000-7f0d17b5f000 rw-p 00000000 00:00 0 
7f0d17b5f000-7f0d17b66000 ---p 00000000 00:00 0 
7f0d17b66000-7f0d17b6e000 rw-s 00000000 fd:00 16121869                   /tmp/hsperfdata_minecraft/28650
7f0d17b6e000-7f0d17b6f000 ---p 00000000 00:00 0 
7f0d17b6f000-7f0d17b70000 r--p 00000000 00:00 0 
7f0d17b70000-7f0d17b72000 rw-p 00000000 00:00 0 
7f0d17b72000-7f0d17b73000 r--p 00027000 fd:00 44175975                   /lib/x86_64-linux-gnu/ld-2.27.so
7f0d17b73000-7f0d17b74000 rw-p 00028000 fd:00 44175975                   /lib/x86_64-linux-gnu/ld-2.27.so
7f0d17b74000-7f0d17b75000 rw-p 00000000 00:00 0 
7ffd08bec000-7ffd08c0d000 rw-p 00000000 00:00 0                          [stack]
7ffd08c2b000-7ffd08c2e000 r--p 00000000 00:00 0                          [vvar]
7ffd08c2e000-7ffd08c30000 r-xp 00000000 00:00 0                          [vdso]
ffffffffff600000-ffffffffff601000 r-xp 00000000 00:00 0                  [vsyscall]


VM Arguments:
jvm_args: -Xms3g -Xmx3g 
java_command: server.jar nogui
java_class_path (initial): server.jar
Launcher Type: SUN_STANDARD

Logging:
Log output configuration:
#0: stdout all=warning uptime,level,tags
#1: stderr all=off uptime,level,tags

Environment Variables:
PATH=/usr/local/sbin:/usr/local/bin:/usr/sbin:/usr/bin:/sbin:/bin
SHELL=/bin/sh

Signal Handlers:
SIGSEGV: [libjvm.so+0xd28b70], sa_mask[0]=11111111011111111101111111111110, sa_flags=SA_RESTART|SA_SIGINFO
SIGBUS: [libjvm.so+0xd28b70], sa_mask[0]=11111111011111111101111111111110, sa_flags=SA_RESTART|SA_SIGINFO
SIGFPE: [libjvm.so+0xd28b70], sa_mask[0]=11111111011111111101111111111110, sa_flags=SA_RESTART|SA_SIGINFO
SIGPIPE: [libjvm.so+0xb2a1f0], sa_mask[0]=11111111011111111101111111111110, sa_flags=SA_RESTART|SA_SIGINFO
SIGXFSZ: [libjvm.so+0xb2a1f0], sa_mask[0]=11111111011111111101111111111110, sa_flags=SA_RESTART|SA_SIGINFO
SIGILL: [libjvm.so+0xd28b70], sa_mask[0]=11111111011111111101111111111110, sa_flags=SA_RESTART|SA_SIGINFO
SIGUSR2: [libjvm.so+0xb2a030], sa_mask[0]=00000000000000000000000000000000, sa_flags=SA_RESTART|SA_SIGINFO
SIGHUP: SIG_DFL, sa_mask[0]=00000000000000000000000000000000, sa_flags=none
SIGINT: SIG_DFL, sa_mask[0]=00000000000000000000000000000000, sa_flags=none
SIGTERM: SIG_DFL, sa_mask[0]=00000000000000000000000000000000, sa_flags=none
SIGQUIT: SIG_DFL, sa_mask[0]=00000000000000000000000000000000, sa_flags=none


---------------  S Y S T E M  ---------------

OS:DISTRIB_ID=Ubuntu
DISTRIB_RELEASE=18.04
DISTRIB_CODENAME=bionic
DISTRIB_DESCRIPTION="Ubuntu 18.04.2 LTS"
uname:Linux 4.15.0-46-generic #49-Ubuntu SMP Wed Feb 6 09:33:07 UTC 2019 x86_64
libc:glibc 2.27 NPTL 2.27 
rlimit: STACK 8192k, CORE 0k, NPROC 15099, NOFILE 4096, AS infinity, DATA infinity, FSIZE infinity
load average:1.44 1.34 1.36

/proc/meminfo:
MemTotal:        3943748 kB
MemFree:          107088 kB
MemAvailable:    1499368 kB
Buffers:           43204 kB
Cached:          1548864 kB
SwapCached:         5796 kB
Active:          2550364 kB
Inactive:        1092908 kB
Active(anon):    1736984 kB
Inactive(anon):   344288 kB
Active(file):     813380 kB
Inactive(file):   748620 kB
Unevictable:           0 kB
Mlocked:               0 kB
SwapTotal:        999420 kB
SwapFree:         584368 kB
Dirty:              9600 kB
Writeback:             0 kB
AnonPages:       2049488 kB
Mapped:           168420 kB
Shmem:             30068 kB
Slab:             107040 kB
SReclaimable:      66096 kB
SUnreclaim:        40944 kB
KernelStack:        5952 kB
PageTables:        23960 kB
NFS_Unstable:          0 kB
Bounce:                0 kB
WritebackTmp:          0 kB
CommitLimit:     2971292 kB
Committed_AS:    3151936 kB
VmallocTotal:   34359738367 kB
VmallocUsed:           0 kB
VmallocChunk:          0 kB
HardwareCorrupted:     0 kB
AnonHugePages:         0 kB
ShmemHugePages:        0 kB
ShmemPmdMapped:        0 kB
CmaTotal:              0 kB
CmaFree:               0 kB
HugePages_Total:       0
HugePages_Free:        0
HugePages_Rsvd:        0
HugePages_Surp:        0
Hugepagesize:       2048 kB
DirectMap4k:      158320 kB
DirectMap2M:     3940352 kB
DirectMap1G:           0 kB

container (cgroup) information:
container_type: cgroupv1
cpu_cpuset_cpus: 0-3
cpu_memory_nodes: 0
active_processor_count: 4
cpu_quota: -1
cpu_period: 100000
cpu_shares: -1
memory_limit_in_bytes: -1
memory_and_swap_limit_in_bytes: -2
memory_soft_limit_in_bytes: -1
memory_usage_in_bytes: 3729932288
memory_max_usage_in_bytes: 2048000


CPU:total 4 (initial active 4) (2 cores per cpu, 2 threads per core) family 6 model 69 stepping 1, cmov, cx8, fxsr, mmx, sse, sse2, sse3, ssse3, sse4.1, sse4.2, popcnt, avx, avx2, aes, clmul, erms, lzcnt, ht, tsc, tscinvbit, bmi1, bmi2, fma
CPU Model and flags from /proc/cpuinfo:
model name	: Intel(R) Core(TM) i7-4500U CPU @ 1.80GHz
flags		: fpu vme de pse tsc msr pae mce cx8 apic sep mtrr pge mca cmov pat pse36 clflush dts acpi mmx fxsr sse sse2 ss ht tm pbe syscall nx pdpe1gb rdtscp lm constant_tsc arch_perfmon pebs bts rep_good nopl xtopology nonstop_tsc cpuid aperfmperf pni pclmulqdq dtes64 monitor ds_cpl vmx est tm2 ssse3 sdbg fma cx16 xtpr pdcm pcid sse4_1 sse4_2 movbe popcnt tsc_deadline_timer aes xsave avx f16c rdrand lahf_lm abm cpuid_fault epb invpcid_single pti ssbd ibrs ibpb stibp tpr_shadow vnmi flexpriority ept vpid fsgsbase tsc_adjust bmi1 avx2 smep bmi2 erms invpcid xsaveopt dtherm ida arat pln pts flush_l1d

Memory: 4k page, physical 3943748k(107088k free), swap 999420k(584368k free)

vm_info: OpenJDK 64-Bit Server VM (10.0.2+13-Ubuntu-1ubuntu0.18.04.4) for linux-amd64 JRE (10.0.2+13-Ubuntu-1ubuntu0.18.04.4), built on Nov 13 2018 12:53:39 by "buildd" with gcc 7.3.0

END.
