#
# There is insufficient memory for the Java Runtime Environment to continue.
# Native memory allocation (mmap) failed to map 3221225472 bytes for committing reserved memory.
# Possible reasons:
#   The system is out of physical RAM or swap space
#   The process is running with CompressedOops enabled, and the Java Heap may be blocking the growth of the native heap
# Possible solutions:
#   Reduce memory load on the system
#   Increase physical memory or swap space
#   Check if swap backing store is full
#   Decrease Java heap size (-Xmx/-Xms)
#   Decrease number of Java threads
#   Decrease Java thread stack sizes (-Xss)
#   Set larger code cache with -XX:ReservedCodeCacheSize=
# This output file may be truncated or incomplete.
#
#  Out of Memory Error (os_linux.cpp:2706), pid=19618, tid=19619
#
# JRE version:  (10.0.2+13) (build )
# Java VM: OpenJDK 64-Bit Server VM (10.0.2+13-Ubuntu-1ubuntu0.18.04.4, mixed mode, aot, tiered, compressed oops, g1 gc, linux-amd64)
# Core dump will be written. Default location: Core dumps may be processed with "/usr/share/apport/apport %p %s %c %d %P" (or dumping to /opt/forno/minecraft/core.19618)
#

---------------  S U M M A R Y ------------

Command Line: -Xms3g -Xmx3g server.jar nogui

Host: Intel(R) Core(TM) i7-4500U CPU @ 1.80GHz, 4 cores, 3G, Ubuntu 18.04.2 LTS
Time: Thu Mar 21 04:25:25 2019 JST elapsed time: 0 seconds (0d 0h 0m 0s)

---------------  T H R E A D  ---------------

Current thread (0x00007f4294011000):  JavaThread "Unknown thread" [_thread_in_vm, id=19619, stack(0x00007f429c328000,0x00007f429c429000)]

Stack: [0x00007f429c328000,0x00007f429c429000],  sp=0x00007f429c4272e0,  free space=1020k
Native frames: (J=compiled Java code, A=aot compiled Java code, j=interpreted, Vv=VM code, C=native code)
V  [libjvm.so+0xd27ea4]
V  [libjvm.so+0xd28a4b]
V  [libjvm.so+0x64d415]
V  [libjvm.so+0xb2d7c8]
V  [libjvm.so+0xb2601d]
V  [libjvm.so+0x7662ff]
V  [libjvm.so+0x76653e]
V  [libjvm.so+0x769500]
V  [libjvm.so+0x7efa1c]
V  [libjvm.so+0x7f06df]
V  [libjvm.so+0x7f0b59]
V  [libjvm.so+0x7162cf]
V  [libjvm.so+0x71afd3]
V  [libjvm.so+0xce5dc2]
V  [libjvm.so+0xce60c6]
V  [libjvm.so+0x807d57]
V  [libjvm.so+0xcc7ac4]
V  [libjvm.so+0x8601b1]  JNI_CreateJavaVM+0x51
C  [libjli.so+0x3d83]
C  [libjli.so+0x89dd]
C  [libpthread.so.0+0x76db]  start_thread+0xdb


---------------  P R O C E S S  ---------------

Threads class SMR info:
_java_thread_list=0x000055c2431606b0, length=0, elements={
}

Java Threads: ( => current thread )

Other Threads:
  0x00007f4294028000 GCTaskThread "GC Thread#0" [stack: 0x00007f4298451000,0x00007f4298551000] [id=19620]
  0x00007f4294029000 GCTaskThread "GC Thread#1" [stack: 0x00007f429834f000,0x00007f429844f000] [id=19621]
  0x00007f429402b000 GCTaskThread "GC Thread#2" [stack: 0x00007f429824d000,0x00007f429834d000] [id=19622]
  0x00007f429402c800 GCTaskThread "GC Thread#3" [stack: 0x00007f429814b000,0x00007f429824b000] [id=19623]
  0x00007f429406a000 ConcurrentGCThread "G1 Main Marker" [stack: 0x00007f427a462000,0x00007f427a562000] [id=19624]
  0x00007f429406c000 ConcurrentGCThread "G1 Conc#0" [stack: 0x00007f427a360000,0x00007f427a460000] [id=19625]

[error occurred during error reporting (printing all threads), id 0xe0000002]

VM state:not at safepoint (not fully initialized)

VM Mutex/Monitor currently owned by a thread:  ([mutex/lock_event])
[0x00007f429400df30] Heap_lock - owner thread: 0x00007f4294011000

Heap address: 0x0000000700000000, size: 3072 MB, Compressed Oops mode: Non-zero based: 0x0000000700000000
Narrow klass base: 0x0000000000000000, Narrow klass shift: 0

GC Heap History (0 events):
No events

Deoptimization events (0 events):
No events

Classes redefined (0 events):
No events

Internal exceptions (0 events):
No events

Events (0 events):
No events


Dynamic libraries:
55c241a22000-55c241a23000 r-xp 00000000 fd:00 20185882                   /usr/lib/jvm/java-11-openjdk-amd64/bin/java
55c241c23000-55c241c24000 r--p 00001000 fd:00 20185882                   /usr/lib/jvm/java-11-openjdk-amd64/bin/java
55c241c24000-55c241c25000 rw-p 00002000 fd:00 20185882                   /usr/lib/jvm/java-11-openjdk-amd64/bin/java
55c243149000-55c24316a000 rw-p 00000000 00:00 0                          [heap]
7f4254000000-7f4254021000 rw-p 00000000 00:00 0 
7f4254021000-7f4258000000 ---p 00000000 00:00 0 
7f425c000000-7f425c021000 rw-p 00000000 00:00 0 
7f425c021000-7f4260000000 ---p 00000000 00:00 0 
7f4261000000-7f4264000000 ---p 00000000 00:00 0 
7f4264000000-7f4264021000 rw-p 00000000 00:00 0 
7f4264021000-7f4268000000 ---p 00000000 00:00 0 
7f4268eff000-7f4269000000 rw-p 00000000 00:00 0 
7f4269000000-7f426c000000 ---p 00000000 00:00 0 
7f426c000000-7f426c021000 rw-p 00000000 00:00 0 
7f426c021000-7f4270000000 ---p 00000000 00:00 0 
7f4270000000-7f4270021000 rw-p 00000000 00:00 0 
7f4270021000-7f4274000000 ---p 00000000 00:00 0 
7f4274000000-7f4274021000 rw-p 00000000 00:00 0 
7f4274021000-7f4278000000 ---p 00000000 00:00 0 
7f427805b000-7f427a35e000 rw-p 00000000 00:00 0 
7f427a35e000-7f427a35f000 ---p 00000000 00:00 0 
7f427a35f000-7f427a460000 rw-p 00000000 00:00 0 
7f427a460000-7f427a461000 ---p 00000000 00:00 0 
7f427a461000-7f427a622000 rw-p 00000000 00:00 0 
7f427a622000-7f427b822000 ---p 00000000 00:00 0 
7f427b822000-7f427bb25000 rw-p 00000000 00:00 0 
7f427bb25000-7f427bd95000 rwxp 00000000 00:00 0 
7f427bd95000-7f427c0b5000 ---p 00000000 00:00 0 
7f427c0b5000-7f427c325000 rwxp 00000000 00:00 0 
7f427c325000-7f42835ed000 ---p 00000000 00:00 0 
7f42835ed000-7f428385d000 rwxp 00000000 00:00 0 
7f428385d000-7f428ab25000 ---p 00000000 00:00 0 
7f428ab25000-7f4294000000 r--s 00000000 fd:00 20186057                   /usr/lib/jvm/java-11-openjdk-amd64/lib/modules
7f4294000000-7f4294083000 rw-p 00000000 00:00 0 
7f4294083000-7f4298000000 ---p 00000000 00:00 0 
7f4298048000-7f4298149000 rw-p 00000000 00:00 0 
7f4298149000-7f429814a000 ---p 00000000 00:00 0 
7f429814a000-7f429824b000 rw-p 00000000 00:00 0 
7f429824b000-7f429824c000 ---p 00000000 00:00 0 
7f429824c000-7f429834d000 rw-p 00000000 00:00 0 
7f429834d000-7f429834e000 ---p 00000000 00:00 0 
7f429834e000-7f429844f000 rw-p 00000000 00:00 0 
7f429844f000-7f4298450000 ---p 00000000 00:00 0 
7f4298450000-7f4298556000 rw-p 00000000 00:00 0 
7f4298556000-7f429863c000 ---p 00000000 00:00 0 
7f429863c000-7f4298641000 rw-p 00000000 00:00 0 
7f4298641000-7f4298727000 ---p 00000000 00:00 0 
7f4298727000-7f429872c000 r-xp 00000000 fd:00 20186039                   /usr/lib/jvm/java-11-openjdk-amd64/lib/libjimage.so
7f429872c000-7f429892b000 ---p 00005000 fd:00 20186039                   /usr/lib/jvm/java-11-openjdk-amd64/lib/libjimage.so
7f429892b000-7f429892c000 r--p 00004000 fd:00 20186039                   /usr/lib/jvm/java-11-openjdk-amd64/lib/libjimage.so
7f429892c000-7f429892d000 rw-p 00005000 fd:00 20186039                   /usr/lib/jvm/java-11-openjdk-amd64/lib/libjimage.so
7f429892d000-7f4298934000 r-xp 00000000 fd:00 20186056                   /usr/lib/jvm/java-11-openjdk-amd64/lib/libzip.so
7f4298934000-7f4298b33000 ---p 00007000 fd:00 20186056                   /usr/lib/jvm/java-11-openjdk-amd64/lib/libzip.so
7f4298b33000-7f4298b34000 r--p 00006000 fd:00 20186056                   /usr/lib/jvm/java-11-openjdk-amd64/lib/libzip.so
7f4298b34000-7f4298b35000 rw-p 00007000 fd:00 20186056                   /usr/lib/jvm/java-11-openjdk-amd64/lib/libzip.so
7f4298b35000-7f4298b40000 r-xp 00000000 fd:00 44176093                   /lib/x86_64-linux-gnu/libnss_files-2.27.so
7f4298b40000-7f4298d3f000 ---p 0000b000 fd:00 44176093                   /lib/x86_64-linux-gnu/libnss_files-2.27.so
7f4298d3f000-7f4298d40000 r--p 0000a000 fd:00 44176093                   /lib/x86_64-linux-gnu/libnss_files-2.27.so
7f4298d40000-7f4298d41000 rw-p 0000b000 fd:00 44176093                   /lib/x86_64-linux-gnu/libnss_files-2.27.so
7f4298d41000-7f4298d47000 rw-p 00000000 00:00 0 
7f4298d47000-7f4298d5e000 r-xp 00000000 fd:00 44176087                   /lib/x86_64-linux-gnu/libnsl-2.27.so
7f4298d5e000-7f4298f5d000 ---p 00017000 fd:00 44176087                   /lib/x86_64-linux-gnu/libnsl-2.27.so
7f4298f5d000-7f4298f5e000 r--p 00016000 fd:00 44176087                   /lib/x86_64-linux-gnu/libnsl-2.27.so
7f4298f5e000-7f4298f5f000 rw-p 00017000 fd:00 44176087                   /lib/x86_64-linux-gnu/libnsl-2.27.so
7f4298f5f000-7f4298f61000 rw-p 00000000 00:00 0 
7f4298f61000-7f4298f6c000 r-xp 00000000 fd:00 44176104                   /lib/x86_64-linux-gnu/libnss_nis-2.27.so
7f4298f6c000-7f429916b000 ---p 0000b000 fd:00 44176104                   /lib/x86_64-linux-gnu/libnss_nis-2.27.so
7f429916b000-7f429916c000 r--p 0000a000 fd:00 44176104                   /lib/x86_64-linux-gnu/libnss_nis-2.27.so
7f429916c000-7f429916d000 rw-p 0000b000 fd:00 44176104                   /lib/x86_64-linux-gnu/libnss_nis-2.27.so
7f429916d000-7f4299175000 r-xp 00000000 fd:00 44176089                   /lib/x86_64-linux-gnu/libnss_compat-2.27.so
7f4299175000-7f4299375000 ---p 00008000 fd:00 44176089                   /lib/x86_64-linux-gnu/libnss_compat-2.27.so
7f4299375000-7f4299376000 r--p 00008000 fd:00 44176089                   /lib/x86_64-linux-gnu/libnss_compat-2.27.so
7f4299376000-7f4299377000 rw-p 00009000 fd:00 44176089                   /lib/x86_64-linux-gnu/libnss_compat-2.27.so
7f4299377000-7f42993a3000 r-xp 00000000 fd:00 20186035                   /usr/lib/jvm/java-11-openjdk-amd64/lib/libjava.so
7f42993a3000-7f42995a2000 ---p 0002c000 fd:00 20186035                   /usr/lib/jvm/java-11-openjdk-amd64/lib/libjava.so
7f42995a2000-7f42995a3000 r--p 0002b000 fd:00 20186035                   /usr/lib/jvm/java-11-openjdk-amd64/lib/libjava.so
7f42995a3000-7f42995a5000 rw-p 0002c000 fd:00 20186035                   /usr/lib/jvm/java-11-openjdk-amd64/lib/libjava.so
7f42995a5000-7f42995b2000 r-xp 00000000 fd:00 20186055                   /usr/lib/jvm/java-11-openjdk-amd64/lib/libverify.so
7f42995b2000-7f42997b1000 ---p 0000d000 fd:00 20186055                   /usr/lib/jvm/java-11-openjdk-amd64/lib/libverify.so
7f42997b1000-7f42997b3000 r--p 0000c000 fd:00 20186055                   /usr/lib/jvm/java-11-openjdk-amd64/lib/libverify.so
7f42997b3000-7f42997b4000 rw-p 0000e000 fd:00 20186055                   /usr/lib/jvm/java-11-openjdk-amd64/lib/libverify.so
7f42997b4000-7f42997bb000 r-xp 00000000 fd:00 44176144                   /lib/x86_64-linux-gnu/librt-2.27.so
7f42997bb000-7f42999ba000 ---p 00007000 fd:00 44176144                   /lib/x86_64-linux-gnu/librt-2.27.so
7f42999ba000-7f42999bb000 r--p 00006000 fd:00 44176144                   /lib/x86_64-linux-gnu/librt-2.27.so
7f42999bb000-7f42999bc000 rw-p 00007000 fd:00 44176144                   /lib/x86_64-linux-gnu/librt-2.27.so
7f42999bc000-7f42999d3000 r-xp 00000000 fd:00 44175907                   /lib/x86_64-linux-gnu/libgcc_s.so.1
7f42999d3000-7f4299bd2000 ---p 00017000 fd:00 44175907                   /lib/x86_64-linux-gnu/libgcc_s.so.1
7f4299bd2000-7f4299bd3000 r--p 00016000 fd:00 44175907                   /lib/x86_64-linux-gnu/libgcc_s.so.1
7f4299bd3000-7f4299bd4000 rw-p 00017000 fd:00 44175907                   /lib/x86_64-linux-gnu/libgcc_s.so.1
7f4299bd4000-7f4299d71000 r-xp 00000000 fd:00 44176066                   /lib/x86_64-linux-gnu/libm-2.27.so
7f4299d71000-7f4299f70000 ---p 0019d000 fd:00 44176066                   /lib/x86_64-linux-gnu/libm-2.27.so
7f4299f70000-7f4299f71000 r--p 0019c000 fd:00 44176066                   /lib/x86_64-linux-gnu/libm-2.27.so
7f4299f71000-7f4299f72000 rw-p 0019d000 fd:00 44176066                   /lib/x86_64-linux-gnu/libm-2.27.so
7f4299f72000-7f429a0eb000 r-xp 00000000 fd:00 18090134                   /usr/lib/x86_64-linux-gnu/libstdc++.so.6.0.25
7f429a0eb000-7f429a2eb000 ---p 00179000 fd:00 18090134                   /usr/lib/x86_64-linux-gnu/libstdc++.so.6.0.25
7f429a2eb000-7f429a2f5000 r--p 00179000 fd:00 18090134                   /usr/lib/x86_64-linux-gnu/libstdc++.so.6.0.25
7f429a2f5000-7f429a2f7000 rw-p 00183000 fd:00 18090134                   /usr/lib/x86_64-linux-gnu/libstdc++.so.6.0.25
7f429a2f7000-7f429a2fb000 rw-p 00000000 00:00 0 
7f429a2fb000-7f429b298000 r-xp 00000000 fd:00 20186062                   /usr/lib/jvm/java-11-openjdk-amd64/lib/server/libjvm.so
7f429b298000-7f429b498000 ---p 00f9d000 fd:00 20186062                   /usr/lib/jvm/java-11-openjdk-amd64/lib/server/libjvm.so
7f429b498000-7f429b55c000 r--p 00f9d000 fd:00 20186062                   /usr/lib/jvm/java-11-openjdk-amd64/lib/server/libjvm.so
7f429b55c000-7f429b594000 rw-p 01061000 fd:00 20186062                   /usr/lib/jvm/java-11-openjdk-amd64/lib/server/libjvm.so
7f429b594000-7f429b5dd000 rw-p 00000000 00:00 0 
7f429b5dd000-7f429b5f7000 r-xp 00000000 fd:00 44176136                   /lib/x86_64-linux-gnu/libpthread-2.27.so
7f429b5f7000-7f429b7f6000 ---p 0001a000 fd:00 44176136                   /lib/x86_64-linux-gnu/libpthread-2.27.so
7f429b7f6000-7f429b7f7000 r--p 00019000 fd:00 44176136                   /lib/x86_64-linux-gnu/libpthread-2.27.so
7f429b7f7000-7f429b7f8000 rw-p 0001a000 fd:00 44176136                   /lib/x86_64-linux-gnu/libpthread-2.27.so
7f429b7f8000-7f429b7fc000 rw-p 00000000 00:00 0 
7f429b7fc000-7f429b7ff000 r-xp 00000000 fd:00 44176026                   /lib/x86_64-linux-gnu/libdl-2.27.so
7f429b7ff000-7f429b9fe000 ---p 00003000 fd:00 44176026                   /lib/x86_64-linux-gnu/libdl-2.27.so
7f429b9fe000-7f429b9ff000 r--p 00002000 fd:00 44176026                   /lib/x86_64-linux-gnu/libdl-2.27.so
7f429b9ff000-7f429ba00000 rw-p 00003000 fd:00 44176026                   /lib/x86_64-linux-gnu/libdl-2.27.so
7f429ba00000-7f429ba1c000 r-xp 00000000 fd:00 44176175                   /lib/x86_64-linux-gnu/libz.so.1.2.11
7f429ba1c000-7f429bc1b000 ---p 0001c000 fd:00 44176175                   /lib/x86_64-linux-gnu/libz.so.1.2.11
7f429bc1b000-7f429bc1c000 r--p 0001b000 fd:00 44176175                   /lib/x86_64-linux-gnu/libz.so.1.2.11
7f429bc1c000-7f429bc1d000 rw-p 0001c000 fd:00 44176175                   /lib/x86_64-linux-gnu/libz.so.1.2.11
7f429bc1d000-7f429be04000 r-xp 00000000 fd:00 44176003                   /lib/x86_64-linux-gnu/libc-2.27.so
7f429be04000-7f429c004000 ---p 001e7000 fd:00 44176003                   /lib/x86_64-linux-gnu/libc-2.27.so
7f429c004000-7f429c008000 r--p 001e7000 fd:00 44176003                   /lib/x86_64-linux-gnu/libc-2.27.so
7f429c008000-7f429c00a000 rw-p 001eb000 fd:00 44176003                   /lib/x86_64-linux-gnu/libc-2.27.so
7f429c00a000-7f429c00e000 rw-p 00000000 00:00 0 
7f429c00e000-7f429c01d000 r-xp 00000000 fd:00 20186020                   /usr/lib/jvm/java-11-openjdk-amd64/lib/jli/libjli.so
7f429c01d000-7f429c21c000 ---p 0000f000 fd:00 20186020                   /usr/lib/jvm/java-11-openjdk-amd64/lib/jli/libjli.so
7f429c21c000-7f429c21d000 r--p 0000e000 fd:00 20186020                   /usr/lib/jvm/java-11-openjdk-amd64/lib/jli/libjli.so
7f429c21d000-7f429c21e000 rw-p 0000f000 fd:00 20186020                   /usr/lib/jvm/java-11-openjdk-amd64/lib/jli/libjli.so
7f429c21e000-7f429c245000 r-xp 00000000 fd:00 44175975                   /lib/x86_64-linux-gnu/ld-2.27.so
7f429c2c1000-7f429c328000 rw-p 00000000 00:00 0 
7f429c328000-7f429c32c000 ---p 00000000 00:00 0 
7f429c32c000-7f429c42b000 rw-p 00000000 00:00 0 
7f429c42c000-7f429c432000 rw-p 00000000 00:00 0 
7f429c432000-7f429c439000 ---p 00000000 00:00 0 
7f429c439000-7f429c441000 rw-s 00000000 fd:00 16121869                   /tmp/hsperfdata_minecraft/19618
7f429c441000-7f429c442000 ---p 00000000 00:00 0 
7f429c442000-7f429c443000 r--p 00000000 00:00 0 
7f429c443000-7f429c445000 rw-p 00000000 00:00 0 
7f429c445000-7f429c446000 r--p 00027000 fd:00 44175975                   /lib/x86_64-linux-gnu/ld-2.27.so
7f429c446000-7f429c447000 rw-p 00028000 fd:00 44175975                   /lib/x86_64-linux-gnu/ld-2.27.so
7f429c447000-7f429c448000 rw-p 00000000 00:00 0 
7ffff56d5000-7ffff56f6000 rw-p 00000000 00:00 0                          [stack]
7ffff5730000-7ffff5733000 r--p 00000000 00:00 0                          [vvar]
7ffff5733000-7ffff5735000 r-xp 00000000 00:00 0                          [vdso]
ffffffffff600000-ffffffffff601000 r-xp 00000000 00:00 0                  [vsyscall]


VM Arguments:
jvm_args: -Xms3g -Xmx3g 
java_command: server.jar nogui
java_class_path (initial): server.jar
Launcher Type: SUN_STANDARD

Logging:
Log output configuration:
#0: stdout all=warning uptime,level,tags
#1: stderr all=off uptime,level,tags

Environment Variables:
PATH=/usr/local/sbin:/usr/local/bin:/usr/sbin:/usr/bin:/sbin:/bin
SHELL=/bin/sh

Signal Handlers:
SIGSEGV: [libjvm.so+0xd28b70], sa_mask[0]=11111111011111111101111111111110, sa_flags=SA_RESTART|SA_SIGINFO
SIGBUS: [libjvm.so+0xd28b70], sa_mask[0]=11111111011111111101111111111110, sa_flags=SA_RESTART|SA_SIGINFO
SIGFPE: [libjvm.so+0xd28b70], sa_mask[0]=11111111011111111101111111111110, sa_flags=SA_RESTART|SA_SIGINFO
SIGPIPE: [libjvm.so+0xb2a1f0], sa_mask[0]=11111111011111111101111111111110, sa_flags=SA_RESTART|SA_SIGINFO
SIGXFSZ: [libjvm.so+0xb2a1f0], sa_mask[0]=11111111011111111101111111111110, sa_flags=SA_RESTART|SA_SIGINFO
SIGILL: [libjvm.so+0xd28b70], sa_mask[0]=11111111011111111101111111111110, sa_flags=SA_RESTART|SA_SIGINFO
SIGUSR2: [libjvm.so+0xb2a030], sa_mask[0]=00000000000000000000000000000000, sa_flags=SA_RESTART|SA_SIGINFO
SIGHUP: SIG_DFL, sa_mask[0]=00000000000000000000000000000000, sa_flags=none
SIGINT: SIG_DFL, sa_mask[0]=00000000000000000000000000000000, sa_flags=none
SIGTERM: SIG_DFL, sa_mask[0]=00000000000000000000000000000000, sa_flags=none
SIGQUIT: SIG_DFL, sa_mask[0]=00000000000000000000000000000000, sa_flags=none


---------------  S Y S T E M  ---------------

OS:DISTRIB_ID=Ubuntu
DISTRIB_RELEASE=18.04
DISTRIB_CODENAME=bionic
DISTRIB_DESCRIPTION="Ubuntu 18.04.2 LTS"
uname:Linux 4.15.0-46-generic #49-Ubuntu SMP Wed Feb 6 09:33:07 UTC 2019 x86_64
libc:glibc 2.27 NPTL 2.27 
rlimit: STACK 8192k, CORE 0k, NPROC 15099, NOFILE 4096, AS infinity, DATA infinity, FSIZE infinity
load average:1.23 1.36 1.42

/proc/meminfo:
MemTotal:        3943748 kB
MemFree:          651832 kB
MemAvailable:    1742744 kB
Buffers:           31324 kB
Cached:          1264676 kB
SwapCached:         3576 kB
Active:          2188928 kB
Inactive:         920660 kB
Active(anon):    1539032 kB
Inactive(anon):   304684 kB
Active(file):     649896 kB
Inactive(file):   615976 kB
Unevictable:           0 kB
Mlocked:               0 kB
SwapTotal:        999420 kB
SwapFree:         567728 kB
Dirty:              2044 kB
Writeback:             0 kB
AnonPages:       1811784 kB
Mapped:           149268 kB
Shmem:             30128 kB
Slab:              96624 kB
SReclaimable:      55612 kB
SUnreclaim:        41012 kB
KernelStack:        5960 kB
PageTables:        23564 kB
NFS_Unstable:          0 kB
Bounce:                0 kB
WritebackTmp:          0 kB
CommitLimit:     2971292 kB
Committed_AS:    3091980 kB
VmallocTotal:   34359738367 kB
VmallocUsed:           0 kB
VmallocChunk:          0 kB
HardwareCorrupted:     0 kB
AnonHugePages:         0 kB
ShmemHugePages:        0 kB
ShmemPmdMapped:        0 kB
CmaTotal:              0 kB
CmaFree:               0 kB
HugePages_Total:       0
HugePages_Free:        0
HugePages_Rsvd:        0
HugePages_Surp:        0
Hugepagesize:       2048 kB
DirectMap4k:      154224 kB
DirectMap2M:     3944448 kB
DirectMap1G:           0 kB

container (cgroup) information:
container_type: cgroupv1
cpu_cpuset_cpus: 0-3
cpu_memory_nodes: 0
active_processor_count: 4
cpu_quota: -1
cpu_period: 100000
cpu_shares: -1
memory_limit_in_bytes: -1
memory_and_swap_limit_in_bytes: -2
memory_soft_limit_in_bytes: -1
memory_usage_in_bytes: 3183501312
memory_max_usage_in_bytes: 2048000


CPU:total 4 (initial active 4) (2 cores per cpu, 2 threads per core) family 6 model 69 stepping 1, cmov, cx8, fxsr, mmx, sse, sse2, sse3, ssse3, sse4.1, sse4.2, popcnt, avx, avx2, aes, clmul, erms, lzcnt, ht, tsc, tscinvbit, bmi1, bmi2, fma
CPU Model and flags from /proc/cpuinfo:
model name	: Intel(R) Core(TM) i7-4500U CPU @ 1.80GHz
flags		: fpu vme de pse tsc msr pae mce cx8 apic sep mtrr pge mca cmov pat pse36 clflush dts acpi mmx fxsr sse sse2 ss ht tm pbe syscall nx pdpe1gb rdtscp lm constant_tsc arch_perfmon pebs bts rep_good nopl xtopology nonstop_tsc cpuid aperfmperf pni pclmulqdq dtes64 monitor ds_cpl vmx est tm2 ssse3 sdbg fma cx16 xtpr pdcm pcid sse4_1 sse4_2 movbe popcnt tsc_deadline_timer aes xsave avx f16c rdrand lahf_lm abm cpuid_fault epb invpcid_single pti ssbd ibrs ibpb stibp tpr_shadow vnmi flexpriority ept vpid fsgsbase tsc_adjust bmi1 avx2 smep bmi2 erms invpcid xsaveopt dtherm ida arat pln pts flush_l1d

Memory: 4k page, physical 3943748k(651832k free), swap 999420k(567728k free)

vm_info: OpenJDK 64-Bit Server VM (10.0.2+13-Ubuntu-1ubuntu0.18.04.4) for linux-amd64 JRE (10.0.2+13-Ubuntu-1ubuntu0.18.04.4), built on Nov 13 2018 12:53:39 by "buildd" with gcc 7.3.0

END.
