#
# There is insufficient memory for the Java Runtime Environment to continue.
# Native memory allocation (mmap) failed to map 3221225472 bytes for committing reserved memory.
# Possible reasons:
#   The system is out of physical RAM or swap space
#   The process is running with CompressedOops enabled, and the Java Heap may be blocking the growth of the native heap
# Possible solutions:
#   Reduce memory load on the system
#   Increase physical memory or swap space
#   Check if swap backing store is full
#   Decrease Java heap size (-Xmx/-Xms)
#   Decrease number of Java threads
#   Decrease Java thread stack sizes (-Xss)
#   Set larger code cache with -XX:ReservedCodeCacheSize=
# This output file may be truncated or incomplete.
#
#  Out of Memory Error (os_linux.cpp:2706), pid=27946, tid=27947
#
# JRE version:  (10.0.2+13) (build )
# Java VM: OpenJDK 64-Bit Server VM (10.0.2+13-Ubuntu-1ubuntu0.18.04.4, mixed mode, aot, tiered, compressed oops, g1 gc, linux-amd64)
# Core dump will be written. Default location: Core dumps may be processed with "/usr/share/apport/apport %p %s %c %d %P" (or dumping to /opt/forno/minecraft/core.27946)
#

---------------  S U M M A R Y ------------

Command Line: -Xms3g -Xmx3g server.jar nogui

Host: Intel(R) Core(TM) i7-4500U CPU @ 1.80GHz, 4 cores, 3G, Ubuntu 18.04.2 LTS
Time: Thu Mar 21 11:43:14 2019 JST elapsed time: 0 seconds (0d 0h 0m 0s)

---------------  T H R E A D  ---------------

Current thread (0x00007f9908011000):  JavaThread "Unknown thread" [_thread_in_vm, id=27947, stack(0x00007f990f1c9000,0x00007f990f2ca000)]

Stack: [0x00007f990f1c9000,0x00007f990f2ca000],  sp=0x00007f990f2c82e0,  free space=1020k
Native frames: (J=compiled Java code, A=aot compiled Java code, j=interpreted, Vv=VM code, C=native code)
V  [libjvm.so+0xd27ea4]
V  [libjvm.so+0xd28a4b]
V  [libjvm.so+0x64d415]
V  [libjvm.so+0xb2d7c8]
V  [libjvm.so+0xb2601d]
V  [libjvm.so+0x7662ff]
V  [libjvm.so+0x76653e]
V  [libjvm.so+0x769500]
V  [libjvm.so+0x7efa1c]
V  [libjvm.so+0x7f06df]
V  [libjvm.so+0x7f0b59]
V  [libjvm.so+0x7162cf]
V  [libjvm.so+0x71afd3]
V  [libjvm.so+0xce5dc2]
V  [libjvm.so+0xce60c6]
V  [libjvm.so+0x807d57]
V  [libjvm.so+0xcc7ac4]
V  [libjvm.so+0x8601b1]  JNI_CreateJavaVM+0x51
C  [libjli.so+0x3d83]
C  [libjli.so+0x89dd]
C  [libpthread.so.0+0x76db]  start_thread+0xdb


---------------  P R O C E S S  ---------------

Threads class SMR info:
_java_thread_list=0x0000558680ce06b0, length=0, elements={
}

Java Threads: ( => current thread )

Other Threads:
  0x00007f9908028000 GCTaskThread "GC Thread#0" [stack: 0x00007f98eee09000,0x00007f98eef09000] [id=27949]
  0x00007f9908029000 GCTaskThread "GC Thread#1" [stack: 0x00007f98eed07000,0x00007f98eee07000] [id=27950]
  0x00007f990802b000 GCTaskThread "GC Thread#2" [stack: 0x00007f98eec05000,0x00007f98eed05000] [id=27951]
  0x00007f990802c800 GCTaskThread "GC Thread#3" [stack: 0x00007f98eeb03000,0x00007f98eec03000] [id=27952]
  0x00007f990806a000 ConcurrentGCThread "G1 Main Marker" [stack: 0x00007f98ed33d000,0x00007f98ed43d000] [id=27953]
  0x00007f990806c000 ConcurrentGCThread "G1 Conc#0" [stack: 0x00007f98ed23b000,0x00007f98ed33b000] [id=27954]

[error occurred during error reporting (printing all threads), id 0xe0000002]

VM state:not at safepoint (not fully initialized)

VM Mutex/Monitor currently owned by a thread:  ([mutex/lock_event])
[0x00007f990800df30] Heap_lock - owner thread: 0x00007f9908011000

Heap address: 0x0000000700000000, size: 3072 MB, Compressed Oops mode: Non-zero based: 0x0000000700000000
Narrow klass base: 0x0000000000000000, Narrow klass shift: 0

GC Heap History (0 events):
No events

Deoptimization events (0 events):
No events

Classes redefined (0 events):
No events

Internal exceptions (0 events):
No events

Events (0 events):
No events


Dynamic libraries:
55867ee5a000-55867ee5b000 r-xp 00000000 fd:00 20185882                   /usr/lib/jvm/java-11-openjdk-amd64/bin/java
55867f05b000-55867f05c000 r--p 00001000 fd:00 20185882                   /usr/lib/jvm/java-11-openjdk-amd64/bin/java
55867f05c000-55867f05d000 rw-p 00002000 fd:00 20185882                   /usr/lib/jvm/java-11-openjdk-amd64/bin/java
558680cc9000-558680cea000 rw-p 00000000 00:00 0                          [heap]
7f98c8000000-7f98c8021000 rw-p 00000000 00:00 0 
7f98c8021000-7f98cc000000 ---p 00000000 00:00 0 
7f98ce000000-7f98d0000000 rw-p 00000000 00:00 0 
7f98d0000000-7f98d0021000 rw-p 00000000 00:00 0 
7f98d0021000-7f98d4000000 ---p 00000000 00:00 0 
7f98d5000000-7f98d8000000 ---p 00000000 00:00 0 
7f98d8000000-7f98d8021000 rw-p 00000000 00:00 0 
7f98d8021000-7f98dc000000 ---p 00000000 00:00 0 
7f98dd000000-7f98e0000000 ---p 00000000 00:00 0 
7f98e0000000-7f98e0021000 rw-p 00000000 00:00 0 
7f98e0021000-7f98e4000000 ---p 00000000 00:00 0 
7f98e4000000-7f98e4021000 rw-p 00000000 00:00 0 
7f98e4021000-7f98e8000000 ---p 00000000 00:00 0 
7f98e8000000-7f98e8021000 rw-p 00000000 00:00 0 
7f98e8021000-7f98ec000000 ---p 00000000 00:00 0 
7f98ece35000-7f98ed239000 rw-p 00000000 00:00 0 
7f98ed239000-7f98ed23a000 ---p 00000000 00:00 0 
7f98ed23a000-7f98ed33b000 rw-p 00000000 00:00 0 
7f98ed33b000-7f98ed33c000 ---p 00000000 00:00 0 
7f98ed33c000-7f98ed4fd000 rw-p 00000000 00:00 0 
7f98ed4fd000-7f98ee6fd000 ---p 00000000 00:00 0 
7f98ee6fd000-7f98eeb01000 rw-p 00000000 00:00 0 
7f98eeb01000-7f98eeb02000 ---p 00000000 00:00 0 
7f98eeb02000-7f98eec03000 rw-p 00000000 00:00 0 
7f98eec03000-7f98eec04000 ---p 00000000 00:00 0 
7f98eec04000-7f98eed05000 rw-p 00000000 00:00 0 
7f98eed05000-7f98eed06000 ---p 00000000 00:00 0 
7f98eed06000-7f98eee07000 rw-p 00000000 00:00 0 
7f98eee07000-7f98eee08000 ---p 00000000 00:00 0 
7f98eee08000-7f98eef0e000 rw-p 00000000 00:00 0 
7f98eef0e000-7f98eeff4000 ---p 00000000 00:00 0 
7f98eeff4000-7f98eeff9000 rw-p 00000000 00:00 0 
7f98eeff9000-7f98ef0df000 ---p 00000000 00:00 0 
7f98ef0df000-7f98ef34f000 rwxp 00000000 00:00 0 
7f98ef34f000-7f98ef66f000 ---p 00000000 00:00 0 
7f98ef66f000-7f98ef8df000 rwxp 00000000 00:00 0 
7f98ef8df000-7f98f6ba7000 ---p 00000000 00:00 0 
7f98f6ba7000-7f98f6e17000 rwxp 00000000 00:00 0 
7f98f6e17000-7f98fe0df000 ---p 00000000 00:00 0 
7f98fe0df000-7f99075ba000 r--s 00000000 fd:00 20186057                   /usr/lib/jvm/java-11-openjdk-amd64/lib/modules
7f99075ba000-7f99075bf000 r-xp 00000000 fd:00 20186039                   /usr/lib/jvm/java-11-openjdk-amd64/lib/libjimage.so
7f99075bf000-7f99077be000 ---p 00005000 fd:00 20186039                   /usr/lib/jvm/java-11-openjdk-amd64/lib/libjimage.so
7f99077be000-7f99077bf000 r--p 00004000 fd:00 20186039                   /usr/lib/jvm/java-11-openjdk-amd64/lib/libjimage.so
7f99077bf000-7f99077c0000 rw-p 00005000 fd:00 20186039                   /usr/lib/jvm/java-11-openjdk-amd64/lib/libjimage.so
7f99077c0000-7f99077c7000 r-xp 00000000 fd:00 20186056                   /usr/lib/jvm/java-11-openjdk-amd64/lib/libzip.so
7f99077c7000-7f99079c6000 ---p 00007000 fd:00 20186056                   /usr/lib/jvm/java-11-openjdk-amd64/lib/libzip.so
7f99079c6000-7f99079c7000 r--p 00006000 fd:00 20186056                   /usr/lib/jvm/java-11-openjdk-amd64/lib/libzip.so
7f99079c7000-7f99079c8000 rw-p 00007000 fd:00 20186056                   /usr/lib/jvm/java-11-openjdk-amd64/lib/libzip.so
7f99079c8000-7f99079d3000 r-xp 00000000 fd:00 44176093                   /lib/x86_64-linux-gnu/libnss_files-2.27.so
7f99079d3000-7f9907bd2000 ---p 0000b000 fd:00 44176093                   /lib/x86_64-linux-gnu/libnss_files-2.27.so
7f9907bd2000-7f9907bd3000 r--p 0000a000 fd:00 44176093                   /lib/x86_64-linux-gnu/libnss_files-2.27.so
7f9907bd3000-7f9907bd4000 rw-p 0000b000 fd:00 44176093                   /lib/x86_64-linux-gnu/libnss_files-2.27.so
7f9907bd4000-7f9907bda000 rw-p 00000000 00:00 0 
7f9907bda000-7f9907bf1000 r-xp 00000000 fd:00 44176087                   /lib/x86_64-linux-gnu/libnsl-2.27.so
7f9907bf1000-7f9907df0000 ---p 00017000 fd:00 44176087                   /lib/x86_64-linux-gnu/libnsl-2.27.so
7f9907df0000-7f9907df1000 r--p 00016000 fd:00 44176087                   /lib/x86_64-linux-gnu/libnsl-2.27.so
7f9907df1000-7f9907df2000 rw-p 00017000 fd:00 44176087                   /lib/x86_64-linux-gnu/libnsl-2.27.so
7f9907df2000-7f9907df4000 rw-p 00000000 00:00 0 
7f9907df4000-7f9907dff000 r-xp 00000000 fd:00 44176104                   /lib/x86_64-linux-gnu/libnss_nis-2.27.so
7f9907dff000-7f9907ffe000 ---p 0000b000 fd:00 44176104                   /lib/x86_64-linux-gnu/libnss_nis-2.27.so
7f9907ffe000-7f9907fff000 r--p 0000a000 fd:00 44176104                   /lib/x86_64-linux-gnu/libnss_nis-2.27.so
7f9907fff000-7f9908000000 rw-p 0000b000 fd:00 44176104                   /lib/x86_64-linux-gnu/libnss_nis-2.27.so
7f9908000000-7f9908083000 rw-p 00000000 00:00 0 
7f9908083000-7f990c000000 ---p 00000000 00:00 0 
7f990c00e000-7f990c016000 r-xp 00000000 fd:00 44176089                   /lib/x86_64-linux-gnu/libnss_compat-2.27.so
7f990c016000-7f990c216000 ---p 00008000 fd:00 44176089                   /lib/x86_64-linux-gnu/libnss_compat-2.27.so
7f990c216000-7f990c217000 r--p 00008000 fd:00 44176089                   /lib/x86_64-linux-gnu/libnss_compat-2.27.so
7f990c217000-7f990c218000 rw-p 00009000 fd:00 44176089                   /lib/x86_64-linux-gnu/libnss_compat-2.27.so
7f990c218000-7f990c244000 r-xp 00000000 fd:00 20186035                   /usr/lib/jvm/java-11-openjdk-amd64/lib/libjava.so
7f990c244000-7f990c443000 ---p 0002c000 fd:00 20186035                   /usr/lib/jvm/java-11-openjdk-amd64/lib/libjava.so
7f990c443000-7f990c444000 r--p 0002b000 fd:00 20186035                   /usr/lib/jvm/java-11-openjdk-amd64/lib/libjava.so
7f990c444000-7f990c446000 rw-p 0002c000 fd:00 20186035                   /usr/lib/jvm/java-11-openjdk-amd64/lib/libjava.so
7f990c446000-7f990c453000 r-xp 00000000 fd:00 20186055                   /usr/lib/jvm/java-11-openjdk-amd64/lib/libverify.so
7f990c453000-7f990c652000 ---p 0000d000 fd:00 20186055                   /usr/lib/jvm/java-11-openjdk-amd64/lib/libverify.so
7f990c652000-7f990c654000 r--p 0000c000 fd:00 20186055                   /usr/lib/jvm/java-11-openjdk-amd64/lib/libverify.so
7f990c654000-7f990c655000 rw-p 0000e000 fd:00 20186055                   /usr/lib/jvm/java-11-openjdk-amd64/lib/libverify.so
7f990c655000-7f990c65c000 r-xp 00000000 fd:00 44176144                   /lib/x86_64-linux-gnu/librt-2.27.so
7f990c65c000-7f990c85b000 ---p 00007000 fd:00 44176144                   /lib/x86_64-linux-gnu/librt-2.27.so
7f990c85b000-7f990c85c000 r--p 00006000 fd:00 44176144                   /lib/x86_64-linux-gnu/librt-2.27.so
7f990c85c000-7f990c85d000 rw-p 00007000 fd:00 44176144                   /lib/x86_64-linux-gnu/librt-2.27.so
7f990c85d000-7f990c874000 r-xp 00000000 fd:00 44175907                   /lib/x86_64-linux-gnu/libgcc_s.so.1
7f990c874000-7f990ca73000 ---p 00017000 fd:00 44175907                   /lib/x86_64-linux-gnu/libgcc_s.so.1
7f990ca73000-7f990ca74000 r--p 00016000 fd:00 44175907                   /lib/x86_64-linux-gnu/libgcc_s.so.1
7f990ca74000-7f990ca75000 rw-p 00017000 fd:00 44175907                   /lib/x86_64-linux-gnu/libgcc_s.so.1
7f990ca75000-7f990cc12000 r-xp 00000000 fd:00 44176066                   /lib/x86_64-linux-gnu/libm-2.27.so
7f990cc12000-7f990ce11000 ---p 0019d000 fd:00 44176066                   /lib/x86_64-linux-gnu/libm-2.27.so
7f990ce11000-7f990ce12000 r--p 0019c000 fd:00 44176066                   /lib/x86_64-linux-gnu/libm-2.27.so
7f990ce12000-7f990ce13000 rw-p 0019d000 fd:00 44176066                   /lib/x86_64-linux-gnu/libm-2.27.so
7f990ce13000-7f990cf8c000 r-xp 00000000 fd:00 18090134                   /usr/lib/x86_64-linux-gnu/libstdc++.so.6.0.25
7f990cf8c000-7f990d18c000 ---p 00179000 fd:00 18090134                   /usr/lib/x86_64-linux-gnu/libstdc++.so.6.0.25
7f990d18c000-7f990d196000 r--p 00179000 fd:00 18090134                   /usr/lib/x86_64-linux-gnu/libstdc++.so.6.0.25
7f990d196000-7f990d198000 rw-p 00183000 fd:00 18090134                   /usr/lib/x86_64-linux-gnu/libstdc++.so.6.0.25
7f990d198000-7f990d19c000 rw-p 00000000 00:00 0 
7f990d19c000-7f990e139000 r-xp 00000000 fd:00 20186062                   /usr/lib/jvm/java-11-openjdk-amd64/lib/server/libjvm.so
7f990e139000-7f990e339000 ---p 00f9d000 fd:00 20186062                   /usr/lib/jvm/java-11-openjdk-amd64/lib/server/libjvm.so
7f990e339000-7f990e3fd000 r--p 00f9d000 fd:00 20186062                   /usr/lib/jvm/java-11-openjdk-amd64/lib/server/libjvm.so
7f990e3fd000-7f990e435000 rw-p 01061000 fd:00 20186062                   /usr/lib/jvm/java-11-openjdk-amd64/lib/server/libjvm.so
7f990e435000-7f990e47e000 rw-p 00000000 00:00 0 
7f990e47e000-7f990e498000 r-xp 00000000 fd:00 44176136                   /lib/x86_64-linux-gnu/libpthread-2.27.so
7f990e498000-7f990e697000 ---p 0001a000 fd:00 44176136                   /lib/x86_64-linux-gnu/libpthread-2.27.so
7f990e697000-7f990e698000 r--p 00019000 fd:00 44176136                   /lib/x86_64-linux-gnu/libpthread-2.27.so
7f990e698000-7f990e699000 rw-p 0001a000 fd:00 44176136                   /lib/x86_64-linux-gnu/libpthread-2.27.so
7f990e699000-7f990e69d000 rw-p 00000000 00:00 0 
7f990e69d000-7f990e6a0000 r-xp 00000000 fd:00 44176026                   /lib/x86_64-linux-gnu/libdl-2.27.so
7f990e6a0000-7f990e89f000 ---p 00003000 fd:00 44176026                   /lib/x86_64-linux-gnu/libdl-2.27.so
7f990e89f000-7f990e8a0000 r--p 00002000 fd:00 44176026                   /lib/x86_64-linux-gnu/libdl-2.27.so
7f990e8a0000-7f990e8a1000 rw-p 00003000 fd:00 44176026                   /lib/x86_64-linux-gnu/libdl-2.27.so
7f990e8a1000-7f990e8bd000 r-xp 00000000 fd:00 44176175                   /lib/x86_64-linux-gnu/libz.so.1.2.11
7f990e8bd000-7f990eabc000 ---p 0001c000 fd:00 44176175                   /lib/x86_64-linux-gnu/libz.so.1.2.11
7f990eabc000-7f990eabd000 r--p 0001b000 fd:00 44176175                   /lib/x86_64-linux-gnu/libz.so.1.2.11
7f990eabd000-7f990eabe000 rw-p 0001c000 fd:00 44176175                   /lib/x86_64-linux-gnu/libz.so.1.2.11
7f990eabe000-7f990eca5000 r-xp 00000000 fd:00 44176003                   /lib/x86_64-linux-gnu/libc-2.27.so
7f990eca5000-7f990eea5000 ---p 001e7000 fd:00 44176003                   /lib/x86_64-linux-gnu/libc-2.27.so
7f990eea5000-7f990eea9000 r--p 001e7000 fd:00 44176003                   /lib/x86_64-linux-gnu/libc-2.27.so
7f990eea9000-7f990eeab000 rw-p 001eb000 fd:00 44176003                   /lib/x86_64-linux-gnu/libc-2.27.so
7f990eeab000-7f990eeaf000 rw-p 00000000 00:00 0 
7f990eeaf000-7f990eebe000 r-xp 00000000 fd:00 20186020                   /usr/lib/jvm/java-11-openjdk-amd64/lib/jli/libjli.so
7f990eebe000-7f990f0bd000 ---p 0000f000 fd:00 20186020                   /usr/lib/jvm/java-11-openjdk-amd64/lib/jli/libjli.so
7f990f0bd000-7f990f0be000 r--p 0000e000 fd:00 20186020                   /usr/lib/jvm/java-11-openjdk-amd64/lib/jli/libjli.so
7f990f0be000-7f990f0bf000 rw-p 0000f000 fd:00 20186020                   /usr/lib/jvm/java-11-openjdk-amd64/lib/jli/libjli.so
7f990f0bf000-7f990f0e6000 r-xp 00000000 fd:00 44175975                   /lib/x86_64-linux-gnu/ld-2.27.so
7f990f162000-7f990f1c9000 rw-p 00000000 00:00 0 
7f990f1c9000-7f990f1cd000 ---p 00000000 00:00 0 
7f990f1cd000-7f990f2cc000 rw-p 00000000 00:00 0 
7f990f2cd000-7f990f2d3000 rw-p 00000000 00:00 0 
7f990f2d3000-7f990f2da000 ---p 00000000 00:00 0 
7f990f2da000-7f990f2e2000 rw-s 00000000 fd:00 16121869                   /tmp/hsperfdata_minecraft/27946
7f990f2e2000-7f990f2e3000 ---p 00000000 00:00 0 
7f990f2e3000-7f990f2e4000 r--p 00000000 00:00 0 
7f990f2e4000-7f990f2e6000 rw-p 00000000 00:00 0 
7f990f2e6000-7f990f2e7000 r--p 00027000 fd:00 44175975                   /lib/x86_64-linux-gnu/ld-2.27.so
7f990f2e7000-7f990f2e8000 rw-p 00028000 fd:00 44175975                   /lib/x86_64-linux-gnu/ld-2.27.so
7f990f2e8000-7f990f2e9000 rw-p 00000000 00:00 0 
7fff93096000-7fff930b7000 rw-p 00000000 00:00 0                          [stack]
7fff930ca000-7fff930cd000 r--p 00000000 00:00 0                          [vvar]
7fff930cd000-7fff930cf000 r-xp 00000000 00:00 0                          [vdso]
ffffffffff600000-ffffffffff601000 r-xp 00000000 00:00 0                  [vsyscall]


VM Arguments:
jvm_args: -Xms3g -Xmx3g 
java_command: server.jar nogui
java_class_path (initial): server.jar
Launcher Type: SUN_STANDARD

Logging:
Log output configuration:
#0: stdout all=warning uptime,level,tags
#1: stderr all=off uptime,level,tags

Environment Variables:
PATH=/usr/local/sbin:/usr/local/bin:/usr/sbin:/usr/bin:/sbin:/bin
SHELL=/bin/sh

Signal Handlers:
SIGSEGV: [libjvm.so+0xd28b70], sa_mask[0]=11111111011111111101111111111110, sa_flags=SA_RESTART|SA_SIGINFO
SIGBUS: [libjvm.so+0xd28b70], sa_mask[0]=11111111011111111101111111111110, sa_flags=SA_RESTART|SA_SIGINFO
SIGFPE: [libjvm.so+0xd28b70], sa_mask[0]=11111111011111111101111111111110, sa_flags=SA_RESTART|SA_SIGINFO
SIGPIPE: [libjvm.so+0xb2a1f0], sa_mask[0]=11111111011111111101111111111110, sa_flags=SA_RESTART|SA_SIGINFO
SIGXFSZ: [libjvm.so+0xb2a1f0], sa_mask[0]=11111111011111111101111111111110, sa_flags=SA_RESTART|SA_SIGINFO
SIGILL: [libjvm.so+0xd28b70], sa_mask[0]=11111111011111111101111111111110, sa_flags=SA_RESTART|SA_SIGINFO
SIGUSR2: [libjvm.so+0xb2a030], sa_mask[0]=00000000000000000000000000000000, sa_flags=SA_RESTART|SA_SIGINFO
SIGHUP: SIG_DFL, sa_mask[0]=00000000000000000000000000000000, sa_flags=none
SIGINT: SIG_DFL, sa_mask[0]=00000000000000000000000000000000, sa_flags=none
SIGTERM: SIG_DFL, sa_mask[0]=00000000000000000000000000000000, sa_flags=none
SIGQUIT: SIG_DFL, sa_mask[0]=00000000000000000000000000000000, sa_flags=none


---------------  S Y S T E M  ---------------

OS:DISTRIB_ID=Ubuntu
DISTRIB_RELEASE=18.04
DISTRIB_CODENAME=bionic
DISTRIB_DESCRIPTION="Ubuntu 18.04.2 LTS"
uname:Linux 4.15.0-46-generic #49-Ubuntu SMP Wed Feb 6 09:33:07 UTC 2019 x86_64
libc:glibc 2.27 NPTL 2.27 
rlimit: STACK 8192k, CORE 0k, NPROC 15099, NOFILE 4096, AS infinity, DATA infinity, FSIZE infinity
load average:1.11 1.31 1.37

/proc/meminfo:
MemTotal:        3943748 kB
MemFree:          113660 kB
MemAvailable:     898460 kB
Buffers:           28476 kB
Cached:           955108 kB
SwapCached:        12564 kB
Active:          2617120 kB
Inactive:        1017068 kB
Active(anon):    2143928 kB
Inactive(anon):   536744 kB
Active(file):     473192 kB
Inactive(file):   480324 kB
Unevictable:           0 kB
Mlocked:               0 kB
SwapTotal:        999420 kB
SwapFree:         616112 kB
Dirty:              8388 kB
Writeback:             0 kB
AnonPages:       2647032 kB
Mapped:           118812 kB
Shmem:             30068 kB
Slab:             108828 kB
SReclaimable:      68100 kB
SUnreclaim:        40728 kB
KernelStack:        6024 kB
PageTables:        25012 kB
NFS_Unstable:          0 kB
Bounce:                0 kB
WritebackTmp:          0 kB
CommitLimit:     2971292 kB
Committed_AS:    3343876 kB
VmallocTotal:   34359738367 kB
VmallocUsed:           0 kB
VmallocChunk:          0 kB
HardwareCorrupted:     0 kB
AnonHugePages:         0 kB
ShmemHugePages:        0 kB
ShmemPmdMapped:        0 kB
CmaTotal:              0 kB
CmaFree:               0 kB
HugePages_Total:       0
HugePages_Free:        0
HugePages_Rsvd:        0
HugePages_Surp:        0
Hugepagesize:       2048 kB
DirectMap4k:      158320 kB
DirectMap2M:     3940352 kB
DirectMap1G:           0 kB

container (cgroup) information:
container_type: cgroupv1
cpu_cpuset_cpus: 0-3
cpu_memory_nodes: 0
active_processor_count: 4
cpu_quota: -1
cpu_period: 100000
cpu_shares: -1
memory_limit_in_bytes: -1
memory_and_swap_limit_in_bytes: -2
memory_soft_limit_in_bytes: -1
memory_usage_in_bytes: 3718590464
memory_max_usage_in_bytes: 2048000


CPU:total 4 (initial active 4) (2 cores per cpu, 2 threads per core) family 6 model 69 stepping 1, cmov, cx8, fxsr, mmx, sse, sse2, sse3, ssse3, sse4.1, sse4.2, popcnt, avx, avx2, aes, clmul, erms, lzcnt, ht, tsc, tscinvbit, bmi1, bmi2, fma
CPU Model and flags from /proc/cpuinfo:
model name	: Intel(R) Core(TM) i7-4500U CPU @ 1.80GHz
flags		: fpu vme de pse tsc msr pae mce cx8 apic sep mtrr pge mca cmov pat pse36 clflush dts acpi mmx fxsr sse sse2 ss ht tm pbe syscall nx pdpe1gb rdtscp lm constant_tsc arch_perfmon pebs bts rep_good nopl xtopology nonstop_tsc cpuid aperfmperf pni pclmulqdq dtes64 monitor ds_cpl vmx est tm2 ssse3 sdbg fma cx16 xtpr pdcm pcid sse4_1 sse4_2 movbe popcnt tsc_deadline_timer aes xsave avx f16c rdrand lahf_lm abm cpuid_fault epb invpcid_single pti ssbd ibrs ibpb stibp tpr_shadow vnmi flexpriority ept vpid fsgsbase tsc_adjust bmi1 avx2 smep bmi2 erms invpcid xsaveopt dtherm ida arat pln pts flush_l1d

Memory: 4k page, physical 3943748k(113412k free), swap 999420k(616112k free)

vm_info: OpenJDK 64-Bit Server VM (10.0.2+13-Ubuntu-1ubuntu0.18.04.4) for linux-amd64 JRE (10.0.2+13-Ubuntu-1ubuntu0.18.04.4), built on Nov 13 2018 12:53:39 by "buildd" with gcc 7.3.0

END.
