#
# There is insufficient memory for the Java Runtime Environment to continue.
# Native memory allocation (mmap) failed to map 3221225472 bytes for committing reserved memory.
# Possible reasons:
#   The system is out of physical RAM or swap space
#   The process is running with CompressedOops enabled, and the Java Heap may be blocking the growth of the native heap
# Possible solutions:
#   Reduce memory load on the system
#   Increase physical memory or swap space
#   Check if swap backing store is full
#   Decrease Java heap size (-Xmx/-Xms)
#   Decrease number of Java threads
#   Decrease Java thread stack sizes (-Xss)
#   Set larger code cache with -XX:ReservedCodeCacheSize=
# This output file may be truncated or incomplete.
#
#  Out of Memory Error (os_linux.cpp:2706), pid=3867, tid=3868
#
# JRE version:  (10.0.2+13) (build )
# Java VM: OpenJDK 64-Bit Server VM (10.0.2+13-Ubuntu-1ubuntu0.18.04.4, mixed mode, aot, tiered, compressed oops, g1 gc, linux-amd64)
# Core dump will be written. Default location: Core dumps may be processed with "/usr/share/apport/apport %p %s %c %d %P" (or dumping to /opt/forno/minecraft/core.3867)
#

---------------  S U M M A R Y ------------

Command Line: -Xms3g -Xmx3g server.jar nogui

Host: Intel(R) Core(TM) i7-4500U CPU @ 1.80GHz, 4 cores, 3G, Ubuntu 18.04.2 LTS
Time: Thu Mar 21 03:12:07 2019 JST elapsed time: 0 seconds (0d 0h 0m 0s)

---------------  T H R E A D  ---------------

Current thread (0x00007feb24011000):  JavaThread "Unknown thread" [_thread_in_vm, id=3868, stack(0x00007feb2e35a000,0x00007feb2e45b000)]

Stack: [0x00007feb2e35a000,0x00007feb2e45b000],  sp=0x00007feb2e4592e0,  free space=1020k
Native frames: (J=compiled Java code, A=aot compiled Java code, j=interpreted, Vv=VM code, C=native code)
V  [libjvm.so+0xd27ea4]
V  [libjvm.so+0xd28a4b]
V  [libjvm.so+0x64d415]
V  [libjvm.so+0xb2d7c8]
V  [libjvm.so+0xb2601d]
V  [libjvm.so+0x7662ff]
V  [libjvm.so+0x76653e]
V  [libjvm.so+0x769500]
V  [libjvm.so+0x7efa1c]
V  [libjvm.so+0x7f06df]
V  [libjvm.so+0x7f0b59]
V  [libjvm.so+0x7162cf]
V  [libjvm.so+0x71afd3]
V  [libjvm.so+0xce5dc2]
V  [libjvm.so+0xce60c6]
V  [libjvm.so+0x807d57]
V  [libjvm.so+0xcc7ac4]
V  [libjvm.so+0x8601b1]  JNI_CreateJavaVM+0x51
C  [libjli.so+0x3d83]
C  [libjli.so+0x89dd]
C  [libpthread.so.0+0x76db]  start_thread+0xdb


---------------  P R O C E S S  ---------------

Threads class SMR info:
_java_thread_list=0x000055794207b6b0, length=0, elements={
}

Java Threads: ( => current thread )

Other Threads:
  0x00007feb24028000 GCTaskThread "GC Thread#0" [stack: 0x00007feb2a483000,0x00007feb2a583000] [id=3870]
  0x00007feb24029000 GCTaskThread "GC Thread#1" [stack: 0x00007feb2a381000,0x00007feb2a481000] [id=3871]
  0x00007feb2402b000 GCTaskThread "GC Thread#2" [stack: 0x00007feb2a27f000,0x00007feb2a37f000] [id=3872]
  0x00007feb2402c800 GCTaskThread "GC Thread#3" [stack: 0x00007feb2a17d000,0x00007feb2a27d000] [id=3873]
  0x00007feb2406a000 ConcurrentGCThread "G1 Main Marker" [stack: 0x00007feb289b7000,0x00007feb28ab7000] [id=3874]
  0x00007feb2406c000 ConcurrentGCThread "G1 Conc#0" [stack: 0x00007feb288b5000,0x00007feb289b5000] [id=3875]

[error occurred during error reporting (printing all threads), id 0xe0000002]

VM state:not at safepoint (not fully initialized)

VM Mutex/Monitor currently owned by a thread:  ([mutex/lock_event])
[0x00007feb2400df30] Heap_lock - owner thread: 0x00007feb24011000

Heap address: 0x0000000700000000, size: 3072 MB, Compressed Oops mode: Non-zero based: 0x0000000700000000
Narrow klass base: 0x0000000000000000, Narrow klass shift: 0

GC Heap History (0 events):
No events

Deoptimization events (0 events):
No events

Classes redefined (0 events):
No events

Internal exceptions (0 events):
No events

Events (0 events):
No events


Dynamic libraries:
55794000f000-557940010000 r-xp 00000000 fd:00 20185882                   /usr/lib/jvm/java-11-openjdk-amd64/bin/java
557940210000-557940211000 r--p 00001000 fd:00 20185882                   /usr/lib/jvm/java-11-openjdk-amd64/bin/java
557940211000-557940212000 rw-p 00002000 fd:00 20185882                   /usr/lib/jvm/java-11-openjdk-amd64/bin/java
557942064000-557942085000 rw-p 00000000 00:00 0                          [heap]
7feae8000000-7feae8021000 rw-p 00000000 00:00 0 
7feae8021000-7feaec000000 ---p 00000000 00:00 0 
7feaee000000-7feaf0000000 rw-p 00000000 00:00 0 
7feaf0000000-7feaf0021000 rw-p 00000000 00:00 0 
7feaf0021000-7feaf4000000 ---p 00000000 00:00 0 
7feaf4000000-7feaf4021000 rw-p 00000000 00:00 0 
7feaf4021000-7feaf8000000 ---p 00000000 00:00 0 
7feaf9000000-7feafc000000 ---p 00000000 00:00 0 
7feafc000000-7feafc021000 rw-p 00000000 00:00 0 
7feafc021000-7feb00000000 ---p 00000000 00:00 0 
7feb00000000-7feb00021000 rw-p 00000000 00:00 0 
7feb00021000-7feb04000000 ---p 00000000 00:00 0 
7feb04000000-7feb04021000 rw-p 00000000 00:00 0 
7feb04021000-7feb08000000 ---p 00000000 00:00 0 
7feb08b25000-7feb0bb25000 ---p 00000000 00:00 0 
7feb0bb25000-7feb0bd95000 rwxp 00000000 00:00 0 
7feb0bd95000-7feb0c0b5000 ---p 00000000 00:00 0 
7feb0c0b5000-7feb0c325000 rwxp 00000000 00:00 0 
7feb0c325000-7feb135ed000 ---p 00000000 00:00 0 
7feb135ed000-7feb1385d000 rwxp 00000000 00:00 0 
7feb1385d000-7feb1ab25000 ---p 00000000 00:00 0 
7feb1ab25000-7feb24000000 r--s 00000000 fd:00 20186057                   /usr/lib/jvm/java-11-openjdk-amd64/lib/modules
7feb24000000-7feb24083000 rw-p 00000000 00:00 0 
7feb24083000-7feb28000000 ---p 00000000 00:00 0 
7feb284af000-7feb288b3000 rw-p 00000000 00:00 0 
7feb288b3000-7feb288b4000 ---p 00000000 00:00 0 
7feb288b4000-7feb289b5000 rw-p 00000000 00:00 0 
7feb289b5000-7feb289b6000 ---p 00000000 00:00 0 
7feb289b6000-7feb28b77000 rw-p 00000000 00:00 0 
7feb28b77000-7feb29d77000 ---p 00000000 00:00 0 
7feb29d77000-7feb2a17b000 rw-p 00000000 00:00 0 
7feb2a17b000-7feb2a17c000 ---p 00000000 00:00 0 
7feb2a17c000-7feb2a27d000 rw-p 00000000 00:00 0 
7feb2a27d000-7feb2a27e000 ---p 00000000 00:00 0 
7feb2a27e000-7feb2a37f000 rw-p 00000000 00:00 0 
7feb2a37f000-7feb2a380000 ---p 00000000 00:00 0 
7feb2a380000-7feb2a481000 rw-p 00000000 00:00 0 
7feb2a481000-7feb2a482000 ---p 00000000 00:00 0 
7feb2a482000-7feb2a588000 rw-p 00000000 00:00 0 
7feb2a588000-7feb2a66e000 ---p 00000000 00:00 0 
7feb2a66e000-7feb2a673000 rw-p 00000000 00:00 0 
7feb2a673000-7feb2a759000 ---p 00000000 00:00 0 
7feb2a759000-7feb2a75e000 r-xp 00000000 fd:00 20186039                   /usr/lib/jvm/java-11-openjdk-amd64/lib/libjimage.so
7feb2a75e000-7feb2a95d000 ---p 00005000 fd:00 20186039                   /usr/lib/jvm/java-11-openjdk-amd64/lib/libjimage.so
7feb2a95d000-7feb2a95e000 r--p 00004000 fd:00 20186039                   /usr/lib/jvm/java-11-openjdk-amd64/lib/libjimage.so
7feb2a95e000-7feb2a95f000 rw-p 00005000 fd:00 20186039                   /usr/lib/jvm/java-11-openjdk-amd64/lib/libjimage.so
7feb2a95f000-7feb2a966000 r-xp 00000000 fd:00 20186056                   /usr/lib/jvm/java-11-openjdk-amd64/lib/libzip.so
7feb2a966000-7feb2ab65000 ---p 00007000 fd:00 20186056                   /usr/lib/jvm/java-11-openjdk-amd64/lib/libzip.so
7feb2ab65000-7feb2ab66000 r--p 00006000 fd:00 20186056                   /usr/lib/jvm/java-11-openjdk-amd64/lib/libzip.so
7feb2ab66000-7feb2ab67000 rw-p 00007000 fd:00 20186056                   /usr/lib/jvm/java-11-openjdk-amd64/lib/libzip.so
7feb2ab67000-7feb2ab72000 r-xp 00000000 fd:00 44176093                   /lib/x86_64-linux-gnu/libnss_files-2.27.so
7feb2ab72000-7feb2ad71000 ---p 0000b000 fd:00 44176093                   /lib/x86_64-linux-gnu/libnss_files-2.27.so
7feb2ad71000-7feb2ad72000 r--p 0000a000 fd:00 44176093                   /lib/x86_64-linux-gnu/libnss_files-2.27.so
7feb2ad72000-7feb2ad73000 rw-p 0000b000 fd:00 44176093                   /lib/x86_64-linux-gnu/libnss_files-2.27.so
7feb2ad73000-7feb2ad79000 rw-p 00000000 00:00 0 
7feb2ad79000-7feb2ad90000 r-xp 00000000 fd:00 44176087                   /lib/x86_64-linux-gnu/libnsl-2.27.so
7feb2ad90000-7feb2af8f000 ---p 00017000 fd:00 44176087                   /lib/x86_64-linux-gnu/libnsl-2.27.so
7feb2af8f000-7feb2af90000 r--p 00016000 fd:00 44176087                   /lib/x86_64-linux-gnu/libnsl-2.27.so
7feb2af90000-7feb2af91000 rw-p 00017000 fd:00 44176087                   /lib/x86_64-linux-gnu/libnsl-2.27.so
7feb2af91000-7feb2af93000 rw-p 00000000 00:00 0 
7feb2af93000-7feb2af9e000 r-xp 00000000 fd:00 44176104                   /lib/x86_64-linux-gnu/libnss_nis-2.27.so
7feb2af9e000-7feb2b19d000 ---p 0000b000 fd:00 44176104                   /lib/x86_64-linux-gnu/libnss_nis-2.27.so
7feb2b19d000-7feb2b19e000 r--p 0000a000 fd:00 44176104                   /lib/x86_64-linux-gnu/libnss_nis-2.27.so
7feb2b19e000-7feb2b19f000 rw-p 0000b000 fd:00 44176104                   /lib/x86_64-linux-gnu/libnss_nis-2.27.so
7feb2b19f000-7feb2b1a7000 r-xp 00000000 fd:00 44176089                   /lib/x86_64-linux-gnu/libnss_compat-2.27.so
7feb2b1a7000-7feb2b3a7000 ---p 00008000 fd:00 44176089                   /lib/x86_64-linux-gnu/libnss_compat-2.27.so
7feb2b3a7000-7feb2b3a8000 r--p 00008000 fd:00 44176089                   /lib/x86_64-linux-gnu/libnss_compat-2.27.so
7feb2b3a8000-7feb2b3a9000 rw-p 00009000 fd:00 44176089                   /lib/x86_64-linux-gnu/libnss_compat-2.27.so
7feb2b3a9000-7feb2b3d5000 r-xp 00000000 fd:00 20186035                   /usr/lib/jvm/java-11-openjdk-amd64/lib/libjava.so
7feb2b3d5000-7feb2b5d4000 ---p 0002c000 fd:00 20186035                   /usr/lib/jvm/java-11-openjdk-amd64/lib/libjava.so
7feb2b5d4000-7feb2b5d5000 r--p 0002b000 fd:00 20186035                   /usr/lib/jvm/java-11-openjdk-amd64/lib/libjava.so
7feb2b5d5000-7feb2b5d7000 rw-p 0002c000 fd:00 20186035                   /usr/lib/jvm/java-11-openjdk-amd64/lib/libjava.so
7feb2b5d7000-7feb2b5e4000 r-xp 00000000 fd:00 20186055                   /usr/lib/jvm/java-11-openjdk-amd64/lib/libverify.so
7feb2b5e4000-7feb2b7e3000 ---p 0000d000 fd:00 20186055                   /usr/lib/jvm/java-11-openjdk-amd64/lib/libverify.so
7feb2b7e3000-7feb2b7e5000 r--p 0000c000 fd:00 20186055                   /usr/lib/jvm/java-11-openjdk-amd64/lib/libverify.so
7feb2b7e5000-7feb2b7e6000 rw-p 0000e000 fd:00 20186055                   /usr/lib/jvm/java-11-openjdk-amd64/lib/libverify.so
7feb2b7e6000-7feb2b7ed000 r-xp 00000000 fd:00 44176144                   /lib/x86_64-linux-gnu/librt-2.27.so
7feb2b7ed000-7feb2b9ec000 ---p 00007000 fd:00 44176144                   /lib/x86_64-linux-gnu/librt-2.27.so
7feb2b9ec000-7feb2b9ed000 r--p 00006000 fd:00 44176144                   /lib/x86_64-linux-gnu/librt-2.27.so
7feb2b9ed000-7feb2b9ee000 rw-p 00007000 fd:00 44176144                   /lib/x86_64-linux-gnu/librt-2.27.so
7feb2b9ee000-7feb2ba05000 r-xp 00000000 fd:00 44175907                   /lib/x86_64-linux-gnu/libgcc_s.so.1
7feb2ba05000-7feb2bc04000 ---p 00017000 fd:00 44175907                   /lib/x86_64-linux-gnu/libgcc_s.so.1
7feb2bc04000-7feb2bc05000 r--p 00016000 fd:00 44175907                   /lib/x86_64-linux-gnu/libgcc_s.so.1
7feb2bc05000-7feb2bc06000 rw-p 00017000 fd:00 44175907                   /lib/x86_64-linux-gnu/libgcc_s.so.1
7feb2bc06000-7feb2bda3000 r-xp 00000000 fd:00 44176066                   /lib/x86_64-linux-gnu/libm-2.27.so
7feb2bda3000-7feb2bfa2000 ---p 0019d000 fd:00 44176066                   /lib/x86_64-linux-gnu/libm-2.27.so
7feb2bfa2000-7feb2bfa3000 r--p 0019c000 fd:00 44176066                   /lib/x86_64-linux-gnu/libm-2.27.so
7feb2bfa3000-7feb2bfa4000 rw-p 0019d000 fd:00 44176066                   /lib/x86_64-linux-gnu/libm-2.27.so
7feb2bfa4000-7feb2c11d000 r-xp 00000000 fd:00 18090134                   /usr/lib/x86_64-linux-gnu/libstdc++.so.6.0.25
7feb2c11d000-7feb2c31d000 ---p 00179000 fd:00 18090134                   /usr/lib/x86_64-linux-gnu/libstdc++.so.6.0.25
7feb2c31d000-7feb2c327000 r--p 00179000 fd:00 18090134                   /usr/lib/x86_64-linux-gnu/libstdc++.so.6.0.25
7feb2c327000-7feb2c329000 rw-p 00183000 fd:00 18090134                   /usr/lib/x86_64-linux-gnu/libstdc++.so.6.0.25
7feb2c329000-7feb2c32d000 rw-p 00000000 00:00 0 
7feb2c32d000-7feb2d2ca000 r-xp 00000000 fd:00 20186062                   /usr/lib/jvm/java-11-openjdk-amd64/lib/server/libjvm.so
7feb2d2ca000-7feb2d4ca000 ---p 00f9d000 fd:00 20186062                   /usr/lib/jvm/java-11-openjdk-amd64/lib/server/libjvm.so
7feb2d4ca000-7feb2d58e000 r--p 00f9d000 fd:00 20186062                   /usr/lib/jvm/java-11-openjdk-amd64/lib/server/libjvm.so
7feb2d58e000-7feb2d5c6000 rw-p 01061000 fd:00 20186062                   /usr/lib/jvm/java-11-openjdk-amd64/lib/server/libjvm.so
7feb2d5c6000-7feb2d60f000 rw-p 00000000 00:00 0 
7feb2d60f000-7feb2d629000 r-xp 00000000 fd:00 44176136                   /lib/x86_64-linux-gnu/libpthread-2.27.so
7feb2d629000-7feb2d828000 ---p 0001a000 fd:00 44176136                   /lib/x86_64-linux-gnu/libpthread-2.27.so
7feb2d828000-7feb2d829000 r--p 00019000 fd:00 44176136                   /lib/x86_64-linux-gnu/libpthread-2.27.so
7feb2d829000-7feb2d82a000 rw-p 0001a000 fd:00 44176136                   /lib/x86_64-linux-gnu/libpthread-2.27.so
7feb2d82a000-7feb2d82e000 rw-p 00000000 00:00 0 
7feb2d82e000-7feb2d831000 r-xp 00000000 fd:00 44176026                   /lib/x86_64-linux-gnu/libdl-2.27.so
7feb2d831000-7feb2da30000 ---p 00003000 fd:00 44176026                   /lib/x86_64-linux-gnu/libdl-2.27.so
7feb2da30000-7feb2da31000 r--p 00002000 fd:00 44176026                   /lib/x86_64-linux-gnu/libdl-2.27.so
7feb2da31000-7feb2da32000 rw-p 00003000 fd:00 44176026                   /lib/x86_64-linux-gnu/libdl-2.27.so
7feb2da32000-7feb2da4e000 r-xp 00000000 fd:00 44176175                   /lib/x86_64-linux-gnu/libz.so.1.2.11
7feb2da4e000-7feb2dc4d000 ---p 0001c000 fd:00 44176175                   /lib/x86_64-linux-gnu/libz.so.1.2.11
7feb2dc4d000-7feb2dc4e000 r--p 0001b000 fd:00 44176175                   /lib/x86_64-linux-gnu/libz.so.1.2.11
7feb2dc4e000-7feb2dc4f000 rw-p 0001c000 fd:00 44176175                   /lib/x86_64-linux-gnu/libz.so.1.2.11
7feb2dc4f000-7feb2de36000 r-xp 00000000 fd:00 44176003                   /lib/x86_64-linux-gnu/libc-2.27.so
7feb2de36000-7feb2e036000 ---p 001e7000 fd:00 44176003                   /lib/x86_64-linux-gnu/libc-2.27.so
7feb2e036000-7feb2e03a000 r--p 001e7000 fd:00 44176003                   /lib/x86_64-linux-gnu/libc-2.27.so
7feb2e03a000-7feb2e03c000 rw-p 001eb000 fd:00 44176003                   /lib/x86_64-linux-gnu/libc-2.27.so
7feb2e03c000-7feb2e040000 rw-p 00000000 00:00 0 
7feb2e040000-7feb2e04f000 r-xp 00000000 fd:00 20186020                   /usr/lib/jvm/java-11-openjdk-amd64/lib/jli/libjli.so
7feb2e04f000-7feb2e24e000 ---p 0000f000 fd:00 20186020                   /usr/lib/jvm/java-11-openjdk-amd64/lib/jli/libjli.so
7feb2e24e000-7feb2e24f000 r--p 0000e000 fd:00 20186020                   /usr/lib/jvm/java-11-openjdk-amd64/lib/jli/libjli.so
7feb2e24f000-7feb2e250000 rw-p 0000f000 fd:00 20186020                   /usr/lib/jvm/java-11-openjdk-amd64/lib/jli/libjli.so
7feb2e250000-7feb2e277000 r-xp 00000000 fd:00 44175975                   /lib/x86_64-linux-gnu/ld-2.27.so
7feb2e2f3000-7feb2e35a000 rw-p 00000000 00:00 0 
7feb2e35a000-7feb2e35e000 ---p 00000000 00:00 0 
7feb2e35e000-7feb2e45d000 rw-p 00000000 00:00 0 
7feb2e45e000-7feb2e464000 rw-p 00000000 00:00 0 
7feb2e464000-7feb2e46b000 ---p 00000000 00:00 0 
7feb2e46b000-7feb2e473000 rw-s 00000000 fd:00 16121869                   /tmp/hsperfdata_minecraft/3867
7feb2e473000-7feb2e474000 ---p 00000000 00:00 0 
7feb2e474000-7feb2e475000 r--p 00000000 00:00 0 
7feb2e475000-7feb2e477000 rw-p 00000000 00:00 0 
7feb2e477000-7feb2e478000 r--p 00027000 fd:00 44175975                   /lib/x86_64-linux-gnu/ld-2.27.so
7feb2e478000-7feb2e479000 rw-p 00028000 fd:00 44175975                   /lib/x86_64-linux-gnu/ld-2.27.so
7feb2e479000-7feb2e47a000 rw-p 00000000 00:00 0 
7ffd97907000-7ffd97928000 rw-p 00000000 00:00 0                          [stack]
7ffd9798e000-7ffd97991000 r--p 00000000 00:00 0                          [vvar]
7ffd97991000-7ffd97993000 r-xp 00000000 00:00 0                          [vdso]
ffffffffff600000-ffffffffff601000 r-xp 00000000 00:00 0                  [vsyscall]


VM Arguments:
jvm_args: -Xms3g -Xmx3g 
java_command: server.jar nogui
java_class_path (initial): server.jar
Launcher Type: SUN_STANDARD

Logging:
Log output configuration:
#0: stdout all=warning uptime,level,tags
#1: stderr all=off uptime,level,tags

Environment Variables:
PATH=/usr/local/sbin:/usr/local/bin:/usr/sbin:/usr/bin:/sbin:/bin
SHELL=/bin/sh

Signal Handlers:
SIGSEGV: [libjvm.so+0xd28b70], sa_mask[0]=11111111011111111101111111111110, sa_flags=SA_RESTART|SA_SIGINFO
SIGBUS: [libjvm.so+0xd28b70], sa_mask[0]=11111111011111111101111111111110, sa_flags=SA_RESTART|SA_SIGINFO
SIGFPE: [libjvm.so+0xd28b70], sa_mask[0]=11111111011111111101111111111110, sa_flags=SA_RESTART|SA_SIGINFO
SIGPIPE: [libjvm.so+0xb2a1f0], sa_mask[0]=11111111011111111101111111111110, sa_flags=SA_RESTART|SA_SIGINFO
SIGXFSZ: [libjvm.so+0xb2a1f0], sa_mask[0]=11111111011111111101111111111110, sa_flags=SA_RESTART|SA_SIGINFO
SIGILL: [libjvm.so+0xd28b70], sa_mask[0]=11111111011111111101111111111110, sa_flags=SA_RESTART|SA_SIGINFO
SIGUSR2: [libjvm.so+0xb2a030], sa_mask[0]=00000000000000000000000000000000, sa_flags=SA_RESTART|SA_SIGINFO
SIGHUP: SIG_DFL, sa_mask[0]=00000000000000000000000000000000, sa_flags=none
SIGINT: SIG_DFL, sa_mask[0]=00000000000000000000000000000000, sa_flags=none
SIGTERM: SIG_DFL, sa_mask[0]=00000000000000000000000000000000, sa_flags=none
SIGQUIT: SIG_DFL, sa_mask[0]=00000000000000000000000000000000, sa_flags=none


---------------  S Y S T E M  ---------------

OS:DISTRIB_ID=Ubuntu
DISTRIB_RELEASE=18.04
DISTRIB_CODENAME=bionic
DISTRIB_DESCRIPTION="Ubuntu 18.04.2 LTS"
uname:Linux 4.15.0-46-generic #49-Ubuntu SMP Wed Feb 6 09:33:07 UTC 2019 x86_64
libc:glibc 2.27 NPTL 2.27 
rlimit: STACK 8192k, CORE 0k, NPROC 15099, NOFILE 4096, AS infinity, DATA infinity, FSIZE infinity
load average:1.35 1.37 1.37

/proc/meminfo:
MemTotal:        3943748 kB
MemFree:         1205128 kB
MemAvailable:    1898572 kB
Buffers:           23860 kB
Cached:           879996 kB
SwapCached:         2220 kB
Active:          1794992 kB
Inactive:         772576 kB
Active(anon):    1395924 kB
Inactive(anon):   297920 kB
Active(file):     399068 kB
Inactive(file):   474656 kB
Unevictable:           0 kB
Mlocked:               0 kB
SwapTotal:        999420 kB
SwapFree:         558000 kB
Dirty:             11520 kB
Writeback:             0 kB
AnonPages:       1662648 kB
Mapped:           181948 kB
Shmem:             30128 kB
Slab:              86172 kB
SReclaimable:      44976 kB
SUnreclaim:        41196 kB
KernelStack:        5984 kB
PageTables:        22668 kB
NFS_Unstable:          0 kB
Bounce:                0 kB
WritebackTmp:          0 kB
CommitLimit:     2971292 kB
Committed_AS:    2873480 kB
VmallocTotal:   34359738367 kB
VmallocUsed:           0 kB
VmallocChunk:          0 kB
HardwareCorrupted:     0 kB
AnonHugePages:         0 kB
ShmemHugePages:        0 kB
ShmemPmdMapped:        0 kB
CmaTotal:              0 kB
CmaFree:               0 kB
HugePages_Total:       0
HugePages_Free:        0
HugePages_Rsvd:        0
HugePages_Surp:        0
Hugepagesize:       2048 kB
DirectMap4k:      154224 kB
DirectMap2M:     3944448 kB
DirectMap1G:           0 kB

container (cgroup) information:
container_type: cgroupv1
cpu_cpuset_cpus: 0-3
cpu_memory_nodes: 0
active_processor_count: 4
cpu_quota: -1
cpu_period: 100000
cpu_shares: -1
memory_limit_in_bytes: -1
memory_and_swap_limit_in_bytes: -2
memory_soft_limit_in_bytes: -1
memory_usage_in_bytes: 2629091328
memory_max_usage_in_bytes: 2048000


CPU:total 4 (initial active 4) (2 cores per cpu, 2 threads per core) family 6 model 69 stepping 1, cmov, cx8, fxsr, mmx, sse, sse2, sse3, ssse3, sse4.1, sse4.2, popcnt, avx, avx2, aes, clmul, erms, lzcnt, ht, tsc, tscinvbit, bmi1, bmi2, fma
CPU Model and flags from /proc/cpuinfo:
model name	: Intel(R) Core(TM) i7-4500U CPU @ 1.80GHz
flags		: fpu vme de pse tsc msr pae mce cx8 apic sep mtrr pge mca cmov pat pse36 clflush dts acpi mmx fxsr sse sse2 ss ht tm pbe syscall nx pdpe1gb rdtscp lm constant_tsc arch_perfmon pebs bts rep_good nopl xtopology nonstop_tsc cpuid aperfmperf pni pclmulqdq dtes64 monitor ds_cpl vmx est tm2 ssse3 sdbg fma cx16 xtpr pdcm pcid sse4_1 sse4_2 movbe popcnt tsc_deadline_timer aes xsave avx f16c rdrand lahf_lm abm cpuid_fault epb invpcid_single pti ssbd ibrs ibpb stibp tpr_shadow vnmi flexpriority ept vpid fsgsbase tsc_adjust bmi1 avx2 smep bmi2 erms invpcid xsaveopt dtherm ida arat pln pts flush_l1d

Memory: 4k page, physical 3943748k(1205128k free), swap 999420k(558000k free)

vm_info: OpenJDK 64-Bit Server VM (10.0.2+13-Ubuntu-1ubuntu0.18.04.4) for linux-amd64 JRE (10.0.2+13-Ubuntu-1ubuntu0.18.04.4), built on Nov 13 2018 12:53:39 by "buildd" with gcc 7.3.0

END.
