#
# There is insufficient memory for the Java Runtime Environment to continue.
# Native memory allocation (mmap) failed to map 3221225472 bytes for committing reserved memory.
# Possible reasons:
#   The system is out of physical RAM or swap space
#   The process is running with CompressedOops enabled, and the Java Heap may be blocking the growth of the native heap
# Possible solutions:
#   Reduce memory load on the system
#   Increase physical memory or swap space
#   Check if swap backing store is full
#   Decrease Java heap size (-Xmx/-Xms)
#   Decrease number of Java threads
#   Decrease Java thread stack sizes (-Xss)
#   Set larger code cache with -XX:ReservedCodeCacheSize=
# This output file may be truncated or incomplete.
#
#  Out of Memory Error (os_linux.cpp:2706), pid=3509, tid=3510
#
# JRE version:  (10.0.2+13) (build )
# Java VM: OpenJDK 64-Bit Server VM (10.0.2+13-Ubuntu-1ubuntu0.18.04.4, mixed mode, aot, tiered, compressed oops, g1 gc, linux-amd64)
# Core dump will be written. Default location: Core dumps may be processed with "/usr/share/apport/apport %p %s %c %d %P" (or dumping to /opt/forno/minecraft/core.3509)
#

---------------  S U M M A R Y ------------

Command Line: -Xms3g -Xmx3g server.jar nogui

Host: Intel(R) Core(TM) i7-4500U CPU @ 1.80GHz, 4 cores, 3G, Ubuntu 18.04.2 LTS
Time: Thu Mar 21 03:07:06 2019 JST elapsed time: 0 seconds (0d 0h 0m 0s)

---------------  T H R E A D  ---------------

Current thread (0x00007f2e14011000):  JavaThread "Unknown thread" [_thread_in_vm, id=3510, stack(0x00007f2e1db04000,0x00007f2e1dc05000)]

Stack: [0x00007f2e1db04000,0x00007f2e1dc05000],  sp=0x00007f2e1dc032e0,  free space=1020k
Native frames: (J=compiled Java code, A=aot compiled Java code, j=interpreted, Vv=VM code, C=native code)
V  [libjvm.so+0xd27ea4]
V  [libjvm.so+0xd28a4b]
V  [libjvm.so+0x64d415]
V  [libjvm.so+0xb2d7c8]
V  [libjvm.so+0xb2601d]
V  [libjvm.so+0x7662ff]
V  [libjvm.so+0x76653e]
V  [libjvm.so+0x769500]
V  [libjvm.so+0x7efa1c]
V  [libjvm.so+0x7f06df]
V  [libjvm.so+0x7f0b59]
V  [libjvm.so+0x7162cf]
V  [libjvm.so+0x71afd3]
V  [libjvm.so+0xce5dc2]
V  [libjvm.so+0xce60c6]
V  [libjvm.so+0x807d57]
V  [libjvm.so+0xcc7ac4]
V  [libjvm.so+0x8601b1]  JNI_CreateJavaVM+0x51
C  [libjli.so+0x3d83]
C  [libjli.so+0x89dd]
C  [libpthread.so.0+0x76db]  start_thread+0xdb


---------------  P R O C E S S  ---------------

Threads class SMR info:
_java_thread_list=0x0000556ce4bb06b0, length=0, elements={
}

Java Threads: ( => current thread )

Other Threads:
  0x00007f2e14028000 GCTaskThread "GC Thread#0" [stack: 0x00007f2e19c2d000,0x00007f2e19d2d000] [id=3511]
  0x00007f2e14029000 GCTaskThread "GC Thread#1" [stack: 0x00007f2e19b2b000,0x00007f2e19c2b000] [id=3512]
  0x00007f2e1402b000 GCTaskThread "GC Thread#2" [stack: 0x00007f2e19a29000,0x00007f2e19b29000] [id=3513]
  0x00007f2e1402c800 GCTaskThread "GC Thread#3" [stack: 0x00007f2e19927000,0x00007f2e19a27000] [id=3514]
  0x00007f2e1406a000 ConcurrentGCThread "G1 Main Marker" [stack: 0x00007f2e18161000,0x00007f2e18261000] [id=3515]
  0x00007f2e1406c000 ConcurrentGCThread "G1 Conc#0" [stack: 0x00007f2e1805f000,0x00007f2e1815f000] [id=3516]

[error occurred during error reporting (printing all threads), id 0xe0000002]

VM state:not at safepoint (not fully initialized)

VM Mutex/Monitor currently owned by a thread:  ([mutex/lock_event])
[0x00007f2e1400df30] Heap_lock - owner thread: 0x00007f2e14011000

Heap address: 0x0000000700000000, size: 3072 MB, Compressed Oops mode: Non-zero based: 0x0000000700000000
Narrow klass base: 0x0000000000000000, Narrow klass shift: 0

GC Heap History (0 events):
No events

Deoptimization events (0 events):
No events

Classes redefined (0 events):
No events

Internal exceptions (0 events):
No events

Events (0 events):
No events


Dynamic libraries:
556ce36bc000-556ce36bd000 r-xp 00000000 fd:00 20185882                   /usr/lib/jvm/java-11-openjdk-amd64/bin/java
556ce38bd000-556ce38be000 r--p 00001000 fd:00 20185882                   /usr/lib/jvm/java-11-openjdk-amd64/bin/java
556ce38be000-556ce38bf000 rw-p 00002000 fd:00 20185882                   /usr/lib/jvm/java-11-openjdk-amd64/bin/java
556ce4b99000-556ce4bba000 rw-p 00000000 00:00 0                          [heap]
7f2dd8000000-7f2dd8021000 rw-p 00000000 00:00 0 
7f2dd8021000-7f2ddc000000 ---p 00000000 00:00 0 
7f2dde000000-7f2de0000000 rw-p 00000000 00:00 0 
7f2de0000000-7f2de0021000 rw-p 00000000 00:00 0 
7f2de0021000-7f2de4000000 ---p 00000000 00:00 0 
7f2de4000000-7f2de4021000 rw-p 00000000 00:00 0 
7f2de4021000-7f2de8000000 ---p 00000000 00:00 0 
7f2de9000000-7f2dec000000 ---p 00000000 00:00 0 
7f2dec000000-7f2dec021000 rw-p 00000000 00:00 0 
7f2dec021000-7f2df0000000 ---p 00000000 00:00 0 
7f2df0000000-7f2df0021000 rw-p 00000000 00:00 0 
7f2df0021000-7f2df4000000 ---p 00000000 00:00 0 
7f2df4000000-7f2df4021000 rw-p 00000000 00:00 0 
7f2df4021000-7f2df8000000 ---p 00000000 00:00 0 
7f2df8721000-7f2df8b25000 rw-p 00000000 00:00 0 
7f2df8b25000-7f2dfbb25000 ---p 00000000 00:00 0 
7f2dfbb25000-7f2dfbd95000 rwxp 00000000 00:00 0 
7f2dfbd95000-7f2dfc0b5000 ---p 00000000 00:00 0 
7f2dfc0b5000-7f2dfc325000 rwxp 00000000 00:00 0 
7f2dfc325000-7f2e035ed000 ---p 00000000 00:00 0 
7f2e035ed000-7f2e0385d000 rwxp 00000000 00:00 0 
7f2e0385d000-7f2e0ab25000 ---p 00000000 00:00 0 
7f2e0ab25000-7f2e14000000 r--s 00000000 fd:00 20186057                   /usr/lib/jvm/java-11-openjdk-amd64/lib/modules
7f2e14000000-7f2e14083000 rw-p 00000000 00:00 0 
7f2e14083000-7f2e18000000 ---p 00000000 00:00 0 
7f2e1805d000-7f2e1805e000 ---p 00000000 00:00 0 
7f2e1805e000-7f2e1815f000 rw-p 00000000 00:00 0 
7f2e1815f000-7f2e18160000 ---p 00000000 00:00 0 
7f2e18160000-7f2e18321000 rw-p 00000000 00:00 0 
7f2e18321000-7f2e19521000 ---p 00000000 00:00 0 
7f2e19521000-7f2e19925000 rw-p 00000000 00:00 0 
7f2e19925000-7f2e19926000 ---p 00000000 00:00 0 
7f2e19926000-7f2e19a27000 rw-p 00000000 00:00 0 
7f2e19a27000-7f2e19a28000 ---p 00000000 00:00 0 
7f2e19a28000-7f2e19b29000 rw-p 00000000 00:00 0 
7f2e19b29000-7f2e19b2a000 ---p 00000000 00:00 0 
7f2e19b2a000-7f2e19c2b000 rw-p 00000000 00:00 0 
7f2e19c2b000-7f2e19c2c000 ---p 00000000 00:00 0 
7f2e19c2c000-7f2e19d32000 rw-p 00000000 00:00 0 
7f2e19d32000-7f2e19e18000 ---p 00000000 00:00 0 
7f2e19e18000-7f2e19e1d000 rw-p 00000000 00:00 0 
7f2e19e1d000-7f2e19f03000 ---p 00000000 00:00 0 
7f2e19f03000-7f2e19f08000 r-xp 00000000 fd:00 20186039                   /usr/lib/jvm/java-11-openjdk-amd64/lib/libjimage.so
7f2e19f08000-7f2e1a107000 ---p 00005000 fd:00 20186039                   /usr/lib/jvm/java-11-openjdk-amd64/lib/libjimage.so
7f2e1a107000-7f2e1a108000 r--p 00004000 fd:00 20186039                   /usr/lib/jvm/java-11-openjdk-amd64/lib/libjimage.so
7f2e1a108000-7f2e1a109000 rw-p 00005000 fd:00 20186039                   /usr/lib/jvm/java-11-openjdk-amd64/lib/libjimage.so
7f2e1a109000-7f2e1a110000 r-xp 00000000 fd:00 20186056                   /usr/lib/jvm/java-11-openjdk-amd64/lib/libzip.so
7f2e1a110000-7f2e1a30f000 ---p 00007000 fd:00 20186056                   /usr/lib/jvm/java-11-openjdk-amd64/lib/libzip.so
7f2e1a30f000-7f2e1a310000 r--p 00006000 fd:00 20186056                   /usr/lib/jvm/java-11-openjdk-amd64/lib/libzip.so
7f2e1a310000-7f2e1a311000 rw-p 00007000 fd:00 20186056                   /usr/lib/jvm/java-11-openjdk-amd64/lib/libzip.so
7f2e1a311000-7f2e1a31c000 r-xp 00000000 fd:00 44176093                   /lib/x86_64-linux-gnu/libnss_files-2.27.so
7f2e1a31c000-7f2e1a51b000 ---p 0000b000 fd:00 44176093                   /lib/x86_64-linux-gnu/libnss_files-2.27.so
7f2e1a51b000-7f2e1a51c000 r--p 0000a000 fd:00 44176093                   /lib/x86_64-linux-gnu/libnss_files-2.27.so
7f2e1a51c000-7f2e1a51d000 rw-p 0000b000 fd:00 44176093                   /lib/x86_64-linux-gnu/libnss_files-2.27.so
7f2e1a51d000-7f2e1a523000 rw-p 00000000 00:00 0 
7f2e1a523000-7f2e1a53a000 r-xp 00000000 fd:00 44176087                   /lib/x86_64-linux-gnu/libnsl-2.27.so
7f2e1a53a000-7f2e1a739000 ---p 00017000 fd:00 44176087                   /lib/x86_64-linux-gnu/libnsl-2.27.so
7f2e1a739000-7f2e1a73a000 r--p 00016000 fd:00 44176087                   /lib/x86_64-linux-gnu/libnsl-2.27.so
7f2e1a73a000-7f2e1a73b000 rw-p 00017000 fd:00 44176087                   /lib/x86_64-linux-gnu/libnsl-2.27.so
7f2e1a73b000-7f2e1a73d000 rw-p 00000000 00:00 0 
7f2e1a73d000-7f2e1a748000 r-xp 00000000 fd:00 44176104                   /lib/x86_64-linux-gnu/libnss_nis-2.27.so
7f2e1a748000-7f2e1a947000 ---p 0000b000 fd:00 44176104                   /lib/x86_64-linux-gnu/libnss_nis-2.27.so
7f2e1a947000-7f2e1a948000 r--p 0000a000 fd:00 44176104                   /lib/x86_64-linux-gnu/libnss_nis-2.27.so
7f2e1a948000-7f2e1a949000 rw-p 0000b000 fd:00 44176104                   /lib/x86_64-linux-gnu/libnss_nis-2.27.so
7f2e1a949000-7f2e1a951000 r-xp 00000000 fd:00 44176089                   /lib/x86_64-linux-gnu/libnss_compat-2.27.so
7f2e1a951000-7f2e1ab51000 ---p 00008000 fd:00 44176089                   /lib/x86_64-linux-gnu/libnss_compat-2.27.so
7f2e1ab51000-7f2e1ab52000 r--p 00008000 fd:00 44176089                   /lib/x86_64-linux-gnu/libnss_compat-2.27.so
7f2e1ab52000-7f2e1ab53000 rw-p 00009000 fd:00 44176089                   /lib/x86_64-linux-gnu/libnss_compat-2.27.so
7f2e1ab53000-7f2e1ab7f000 r-xp 00000000 fd:00 20186035                   /usr/lib/jvm/java-11-openjdk-amd64/lib/libjava.so
7f2e1ab7f000-7f2e1ad7e000 ---p 0002c000 fd:00 20186035                   /usr/lib/jvm/java-11-openjdk-amd64/lib/libjava.so
7f2e1ad7e000-7f2e1ad7f000 r--p 0002b000 fd:00 20186035                   /usr/lib/jvm/java-11-openjdk-amd64/lib/libjava.so
7f2e1ad7f000-7f2e1ad81000 rw-p 0002c000 fd:00 20186035                   /usr/lib/jvm/java-11-openjdk-amd64/lib/libjava.so
7f2e1ad81000-7f2e1ad8e000 r-xp 00000000 fd:00 20186055                   /usr/lib/jvm/java-11-openjdk-amd64/lib/libverify.so
7f2e1ad8e000-7f2e1af8d000 ---p 0000d000 fd:00 20186055                   /usr/lib/jvm/java-11-openjdk-amd64/lib/libverify.so
7f2e1af8d000-7f2e1af8f000 r--p 0000c000 fd:00 20186055                   /usr/lib/jvm/java-11-openjdk-amd64/lib/libverify.so
7f2e1af8f000-7f2e1af90000 rw-p 0000e000 fd:00 20186055                   /usr/lib/jvm/java-11-openjdk-amd64/lib/libverify.so
7f2e1af90000-7f2e1af97000 r-xp 00000000 fd:00 44176144                   /lib/x86_64-linux-gnu/librt-2.27.so
7f2e1af97000-7f2e1b196000 ---p 00007000 fd:00 44176144                   /lib/x86_64-linux-gnu/librt-2.27.so
7f2e1b196000-7f2e1b197000 r--p 00006000 fd:00 44176144                   /lib/x86_64-linux-gnu/librt-2.27.so
7f2e1b197000-7f2e1b198000 rw-p 00007000 fd:00 44176144                   /lib/x86_64-linux-gnu/librt-2.27.so
7f2e1b198000-7f2e1b1af000 r-xp 00000000 fd:00 44175907                   /lib/x86_64-linux-gnu/libgcc_s.so.1
7f2e1b1af000-7f2e1b3ae000 ---p 00017000 fd:00 44175907                   /lib/x86_64-linux-gnu/libgcc_s.so.1
7f2e1b3ae000-7f2e1b3af000 r--p 00016000 fd:00 44175907                   /lib/x86_64-linux-gnu/libgcc_s.so.1
7f2e1b3af000-7f2e1b3b0000 rw-p 00017000 fd:00 44175907                   /lib/x86_64-linux-gnu/libgcc_s.so.1
7f2e1b3b0000-7f2e1b54d000 r-xp 00000000 fd:00 44176066                   /lib/x86_64-linux-gnu/libm-2.27.so
7f2e1b54d000-7f2e1b74c000 ---p 0019d000 fd:00 44176066                   /lib/x86_64-linux-gnu/libm-2.27.so
7f2e1b74c000-7f2e1b74d000 r--p 0019c000 fd:00 44176066                   /lib/x86_64-linux-gnu/libm-2.27.so
7f2e1b74d000-7f2e1b74e000 rw-p 0019d000 fd:00 44176066                   /lib/x86_64-linux-gnu/libm-2.27.so
7f2e1b74e000-7f2e1b8c7000 r-xp 00000000 fd:00 18090134                   /usr/lib/x86_64-linux-gnu/libstdc++.so.6.0.25
7f2e1b8c7000-7f2e1bac7000 ---p 00179000 fd:00 18090134                   /usr/lib/x86_64-linux-gnu/libstdc++.so.6.0.25
7f2e1bac7000-7f2e1bad1000 r--p 00179000 fd:00 18090134                   /usr/lib/x86_64-linux-gnu/libstdc++.so.6.0.25
7f2e1bad1000-7f2e1bad3000 rw-p 00183000 fd:00 18090134                   /usr/lib/x86_64-linux-gnu/libstdc++.so.6.0.25
7f2e1bad3000-7f2e1bad7000 rw-p 00000000 00:00 0 
7f2e1bad7000-7f2e1ca74000 r-xp 00000000 fd:00 20186062                   /usr/lib/jvm/java-11-openjdk-amd64/lib/server/libjvm.so
7f2e1ca74000-7f2e1cc74000 ---p 00f9d000 fd:00 20186062                   /usr/lib/jvm/java-11-openjdk-amd64/lib/server/libjvm.so
7f2e1cc74000-7f2e1cd38000 r--p 00f9d000 fd:00 20186062                   /usr/lib/jvm/java-11-openjdk-amd64/lib/server/libjvm.so
7f2e1cd38000-7f2e1cd70000 rw-p 01061000 fd:00 20186062                   /usr/lib/jvm/java-11-openjdk-amd64/lib/server/libjvm.so
7f2e1cd70000-7f2e1cdb9000 rw-p 00000000 00:00 0 
7f2e1cdb9000-7f2e1cdd3000 r-xp 00000000 fd:00 44176136                   /lib/x86_64-linux-gnu/libpthread-2.27.so
7f2e1cdd3000-7f2e1cfd2000 ---p 0001a000 fd:00 44176136                   /lib/x86_64-linux-gnu/libpthread-2.27.so
7f2e1cfd2000-7f2e1cfd3000 r--p 00019000 fd:00 44176136                   /lib/x86_64-linux-gnu/libpthread-2.27.so
7f2e1cfd3000-7f2e1cfd4000 rw-p 0001a000 fd:00 44176136                   /lib/x86_64-linux-gnu/libpthread-2.27.so
7f2e1cfd4000-7f2e1cfd8000 rw-p 00000000 00:00 0 
7f2e1cfd8000-7f2e1cfdb000 r-xp 00000000 fd:00 44176026                   /lib/x86_64-linux-gnu/libdl-2.27.so
7f2e1cfdb000-7f2e1d1da000 ---p 00003000 fd:00 44176026                   /lib/x86_64-linux-gnu/libdl-2.27.so
7f2e1d1da000-7f2e1d1db000 r--p 00002000 fd:00 44176026                   /lib/x86_64-linux-gnu/libdl-2.27.so
7f2e1d1db000-7f2e1d1dc000 rw-p 00003000 fd:00 44176026                   /lib/x86_64-linux-gnu/libdl-2.27.so
7f2e1d1dc000-7f2e1d1f8000 r-xp 00000000 fd:00 44176175                   /lib/x86_64-linux-gnu/libz.so.1.2.11
7f2e1d1f8000-7f2e1d3f7000 ---p 0001c000 fd:00 44176175                   /lib/x86_64-linux-gnu/libz.so.1.2.11
7f2e1d3f7000-7f2e1d3f8000 r--p 0001b000 fd:00 44176175                   /lib/x86_64-linux-gnu/libz.so.1.2.11
7f2e1d3f8000-7f2e1d3f9000 rw-p 0001c000 fd:00 44176175                   /lib/x86_64-linux-gnu/libz.so.1.2.11
7f2e1d3f9000-7f2e1d5e0000 r-xp 00000000 fd:00 44176003                   /lib/x86_64-linux-gnu/libc-2.27.so
7f2e1d5e0000-7f2e1d7e0000 ---p 001e7000 fd:00 44176003                   /lib/x86_64-linux-gnu/libc-2.27.so
7f2e1d7e0000-7f2e1d7e4000 r--p 001e7000 fd:00 44176003                   /lib/x86_64-linux-gnu/libc-2.27.so
7f2e1d7e4000-7f2e1d7e6000 rw-p 001eb000 fd:00 44176003                   /lib/x86_64-linux-gnu/libc-2.27.so
7f2e1d7e6000-7f2e1d7ea000 rw-p 00000000 00:00 0 
7f2e1d7ea000-7f2e1d7f9000 r-xp 00000000 fd:00 20186020                   /usr/lib/jvm/java-11-openjdk-amd64/lib/jli/libjli.so
7f2e1d7f9000-7f2e1d9f8000 ---p 0000f000 fd:00 20186020                   /usr/lib/jvm/java-11-openjdk-amd64/lib/jli/libjli.so
7f2e1d9f8000-7f2e1d9f9000 r--p 0000e000 fd:00 20186020                   /usr/lib/jvm/java-11-openjdk-amd64/lib/jli/libjli.so
7f2e1d9f9000-7f2e1d9fa000 rw-p 0000f000 fd:00 20186020                   /usr/lib/jvm/java-11-openjdk-amd64/lib/jli/libjli.so
7f2e1d9fa000-7f2e1da21000 r-xp 00000000 fd:00 44175975                   /lib/x86_64-linux-gnu/ld-2.27.so
7f2e1da9d000-7f2e1db04000 rw-p 00000000 00:00 0 
7f2e1db04000-7f2e1db08000 ---p 00000000 00:00 0 
7f2e1db08000-7f2e1dc07000 rw-p 00000000 00:00 0 
7f2e1dc08000-7f2e1dc0e000 rw-p 00000000 00:00 0 
7f2e1dc0e000-7f2e1dc15000 ---p 00000000 00:00 0 
7f2e1dc15000-7f2e1dc1d000 rw-s 00000000 fd:00 16121869                   /tmp/hsperfdata_minecraft/3509
7f2e1dc1d000-7f2e1dc1e000 ---p 00000000 00:00 0 
7f2e1dc1e000-7f2e1dc1f000 r--p 00000000 00:00 0 
7f2e1dc1f000-7f2e1dc21000 rw-p 00000000 00:00 0 
7f2e1dc21000-7f2e1dc22000 r--p 00027000 fd:00 44175975                   /lib/x86_64-linux-gnu/ld-2.27.so
7f2e1dc22000-7f2e1dc23000 rw-p 00028000 fd:00 44175975                   /lib/x86_64-linux-gnu/ld-2.27.so
7f2e1dc23000-7f2e1dc24000 rw-p 00000000 00:00 0 
7ffc4a50c000-7ffc4a52d000 rw-p 00000000 00:00 0                          [stack]
7ffc4a583000-7ffc4a586000 r--p 00000000 00:00 0                          [vvar]
7ffc4a586000-7ffc4a588000 r-xp 00000000 00:00 0                          [vdso]
ffffffffff600000-ffffffffff601000 r-xp 00000000 00:00 0                  [vsyscall]


VM Arguments:
jvm_args: -Xms3g -Xmx3g 
java_command: server.jar nogui
java_class_path (initial): server.jar
Launcher Type: SUN_STANDARD

Logging:
Log output configuration:
#0: stdout all=warning uptime,level,tags
#1: stderr all=off uptime,level,tags

Environment Variables:
PATH=/usr/local/sbin:/usr/local/bin:/usr/sbin:/usr/bin:/sbin:/bin
SHELL=/bin/sh

Signal Handlers:
SIGSEGV: [libjvm.so+0xd28b70], sa_mask[0]=11111111011111111101111111111110, sa_flags=SA_RESTART|SA_SIGINFO
SIGBUS: [libjvm.so+0xd28b70], sa_mask[0]=11111111011111111101111111111110, sa_flags=SA_RESTART|SA_SIGINFO
SIGFPE: [libjvm.so+0xd28b70], sa_mask[0]=11111111011111111101111111111110, sa_flags=SA_RESTART|SA_SIGINFO
SIGPIPE: [libjvm.so+0xb2a1f0], sa_mask[0]=11111111011111111101111111111110, sa_flags=SA_RESTART|SA_SIGINFO
SIGXFSZ: [libjvm.so+0xb2a1f0], sa_mask[0]=11111111011111111101111111111110, sa_flags=SA_RESTART|SA_SIGINFO
SIGILL: [libjvm.so+0xd28b70], sa_mask[0]=11111111011111111101111111111110, sa_flags=SA_RESTART|SA_SIGINFO
SIGUSR2: [libjvm.so+0xb2a030], sa_mask[0]=00000000000000000000000000000000, sa_flags=SA_RESTART|SA_SIGINFO
SIGHUP: SIG_DFL, sa_mask[0]=00000000000000000000000000000000, sa_flags=none
SIGINT: SIG_DFL, sa_mask[0]=00000000000000000000000000000000, sa_flags=none
SIGTERM: SIG_DFL, sa_mask[0]=00000000000000000000000000000000, sa_flags=none
SIGQUIT: SIG_DFL, sa_mask[0]=00000000000000000000000000000000, sa_flags=none


---------------  S Y S T E M  ---------------

OS:DISTRIB_ID=Ubuntu
DISTRIB_RELEASE=18.04
DISTRIB_CODENAME=bionic
DISTRIB_DESCRIPTION="Ubuntu 18.04.2 LTS"
uname:Linux 4.15.0-46-generic #49-Ubuntu SMP Wed Feb 6 09:33:07 UTC 2019 x86_64
libc:glibc 2.27 NPTL 2.27 
rlimit: STACK 8192k, CORE 0k, NPROC 15099, NOFILE 4096, AS infinity, DATA infinity, FSIZE infinity
load average:1.67 1.43 1.39

/proc/meminfo:
MemTotal:        3943748 kB
MemFree:         1238272 kB
MemAvailable:    1909208 kB
Buffers:           23368 kB
Cached:           858332 kB
SwapCached:         2120 kB
Active:          1784944 kB
Inactive:         750368 kB
Active(anon):    1386372 kB
Inactive(anon):   297368 kB
Active(file):     398572 kB
Inactive(file):   453000 kB
Unevictable:           0 kB
Mlocked:               0 kB
SwapTotal:        999420 kB
SwapFree:         557232 kB
Dirty:              2112 kB
Writeback:             0 kB
AnonPages:       1652472 kB
Mapped:           163660 kB
Shmem:             30128 kB
Slab:              85396 kB
SReclaimable:      44264 kB
SUnreclaim:        41132 kB
KernelStack:        6024 kB
PageTables:        22684 kB
NFS_Unstable:          0 kB
Bounce:                0 kB
WritebackTmp:          0 kB
CommitLimit:     2971292 kB
Committed_AS:    3006944 kB
VmallocTotal:   34359738367 kB
VmallocUsed:           0 kB
VmallocChunk:          0 kB
HardwareCorrupted:     0 kB
AnonHugePages:         0 kB
ShmemHugePages:        0 kB
ShmemPmdMapped:        0 kB
CmaTotal:              0 kB
CmaFree:               0 kB
HugePages_Total:       0
HugePages_Free:        0
HugePages_Rsvd:        0
HugePages_Surp:        0
Hugepagesize:       2048 kB
DirectMap4k:      154224 kB
DirectMap2M:     3944448 kB
DirectMap1G:           0 kB

container (cgroup) information:
container_type: cgroupv1
cpu_cpuset_cpus: 0-3
cpu_memory_nodes: 0
active_processor_count: 4
cpu_quota: -1
cpu_period: 100000
cpu_shares: -1
memory_limit_in_bytes: -1
memory_and_swap_limit_in_bytes: -2
memory_soft_limit_in_bytes: -1
memory_usage_in_bytes: 2596044800
memory_max_usage_in_bytes: 2048000


CPU:total 4 (initial active 4) (2 cores per cpu, 2 threads per core) family 6 model 69 stepping 1, cmov, cx8, fxsr, mmx, sse, sse2, sse3, ssse3, sse4.1, sse4.2, popcnt, avx, avx2, aes, clmul, erms, lzcnt, ht, tsc, tscinvbit, bmi1, bmi2, fma
CPU Model and flags from /proc/cpuinfo:
model name	: Intel(R) Core(TM) i7-4500U CPU @ 1.80GHz
flags		: fpu vme de pse tsc msr pae mce cx8 apic sep mtrr pge mca cmov pat pse36 clflush dts acpi mmx fxsr sse sse2 ss ht tm pbe syscall nx pdpe1gb rdtscp lm constant_tsc arch_perfmon pebs bts rep_good nopl xtopology nonstop_tsc cpuid aperfmperf pni pclmulqdq dtes64 monitor ds_cpl vmx est tm2 ssse3 sdbg fma cx16 xtpr pdcm pcid sse4_1 sse4_2 movbe popcnt tsc_deadline_timer aes xsave avx f16c rdrand lahf_lm abm cpuid_fault epb invpcid_single pti ssbd ibrs ibpb stibp tpr_shadow vnmi flexpriority ept vpid fsgsbase tsc_adjust bmi1 avx2 smep bmi2 erms invpcid xsaveopt dtherm ida arat pln pts flush_l1d

Memory: 4k page, physical 3943748k(1238272k free), swap 999420k(557232k free)

vm_info: OpenJDK 64-Bit Server VM (10.0.2+13-Ubuntu-1ubuntu0.18.04.4) for linux-amd64 JRE (10.0.2+13-Ubuntu-1ubuntu0.18.04.4), built on Nov 13 2018 12:53:39 by "buildd" with gcc 7.3.0

END.
