#
# There is insufficient memory for the Java Runtime Environment to continue.
# Native memory allocation (mmap) failed to map 3221225472 bytes for committing reserved memory.
# Possible reasons:
#   The system is out of physical RAM or swap space
#   The process is running with CompressedOops enabled, and the Java Heap may be blocking the growth of the native heap
# Possible solutions:
#   Reduce memory load on the system
#   Increase physical memory or swap space
#   Check if swap backing store is full
#   Decrease Java heap size (-Xmx/-Xms)
#   Decrease number of Java threads
#   Decrease Java thread stack sizes (-Xss)
#   Set larger code cache with -XX:ReservedCodeCacheSize=
# This output file may be truncated or incomplete.
#
#  Out of Memory Error (os_linux.cpp:2706), pid=12549, tid=12550
#
# JRE version:  (10.0.2+13) (build )
# Java VM: OpenJDK 64-Bit Server VM (10.0.2+13-Ubuntu-1ubuntu0.18.04.4, mixed mode, aot, tiered, compressed oops, g1 gc, linux-amd64)
# Core dump will be written. Default location: Core dumps may be processed with "/usr/share/apport/apport %p %s %c %d %P" (or dumping to /opt/forno/minecraft/core.12549)
#

---------------  S U M M A R Y ------------

Command Line: -Xms3g -Xmx3g server.jar nogui

Host: Intel(R) Core(TM) i7-4500U CPU @ 1.80GHz, 4 cores, 3G, Ubuntu 18.04.2 LTS
Time: Thu Mar 21 11:40:13 2019 JST elapsed time: 0 seconds (0d 0h 0m 0s)

---------------  T H R E A D  ---------------

Current thread (0x00007ff8c4011000):  JavaThread "Unknown thread" [_thread_in_vm, id=12550, stack(0x00007ff8caac0000,0x00007ff8cabc1000)]

Stack: [0x00007ff8caac0000,0x00007ff8cabc1000],  sp=0x00007ff8cabbf2e0,  free space=1020k
Native frames: (J=compiled Java code, A=aot compiled Java code, j=interpreted, Vv=VM code, C=native code)
V  [libjvm.so+0xd27ea4]
V  [libjvm.so+0xd28a4b]
V  [libjvm.so+0x64d415]
V  [libjvm.so+0xb2d7c8]
V  [libjvm.so+0xb2601d]
V  [libjvm.so+0x7662ff]
V  [libjvm.so+0x76653e]
V  [libjvm.so+0x769500]
V  [libjvm.so+0x7efa1c]
V  [libjvm.so+0x7f06df]
V  [libjvm.so+0x7f0b59]
V  [libjvm.so+0x7162cf]
V  [libjvm.so+0x71afd3]
V  [libjvm.so+0xce5dc2]
V  [libjvm.so+0xce60c6]
V  [libjvm.so+0x807d57]
V  [libjvm.so+0xcc7ac4]
V  [libjvm.so+0x8601b1]  JNI_CreateJavaVM+0x51
C  [libjli.so+0x3d83]
C  [libjli.so+0x89dd]
C  [libpthread.so.0+0x76db]  start_thread+0xdb


---------------  P R O C E S S  ---------------

Threads class SMR info:
_java_thread_list=0x000055b0d78666b0, length=0, elements={
}

Java Threads: ( => current thread )

Other Threads:
  0x00007ff8c4028000 GCTaskThread "GC Thread#0" [stack: 0x00007ff8aa6a5000,0x00007ff8aa7a5000] [id=12551]
  0x00007ff8c4029000 GCTaskThread "GC Thread#1" [stack: 0x00007ff8aa5a3000,0x00007ff8aa6a3000] [id=12552]
  0x00007ff8c402b000 GCTaskThread "GC Thread#2" [stack: 0x00007ff8aa4a1000,0x00007ff8aa5a1000] [id=12553]
  0x00007ff8c402c800 GCTaskThread "GC Thread#3" [stack: 0x00007ff8aa39f000,0x00007ff8aa49f000] [id=12554]
  0x00007ff8c406a000 ConcurrentGCThread "G1 Main Marker" [stack: 0x00007ff8a8bd9000,0x00007ff8a8cd9000] [id=12555]
  0x00007ff8c406c000 ConcurrentGCThread "G1 Conc#0" [stack: 0x00007ff8a8ad7000,0x00007ff8a8bd7000] [id=12556]

[error occurred during error reporting (printing all threads), id 0xe0000002]

VM state:not at safepoint (not fully initialized)

VM Mutex/Monitor currently owned by a thread:  ([mutex/lock_event])
[0x00007ff8c400df30] Heap_lock - owner thread: 0x00007ff8c4011000

Heap address: 0x0000000700000000, size: 3072 MB, Compressed Oops mode: Non-zero based: 0x0000000700000000
Narrow klass base: 0x0000000000000000, Narrow klass shift: 0

GC Heap History (0 events):
No events

Deoptimization events (0 events):
No events

Classes redefined (0 events):
No events

Internal exceptions (0 events):
No events

Events (0 events):
No events


Dynamic libraries:
55b0d6bb2000-55b0d6bb3000 r-xp 00000000 fd:00 20185882                   /usr/lib/jvm/java-11-openjdk-amd64/bin/java
55b0d6db3000-55b0d6db4000 r--p 00001000 fd:00 20185882                   /usr/lib/jvm/java-11-openjdk-amd64/bin/java
55b0d6db4000-55b0d6db5000 rw-p 00002000 fd:00 20185882                   /usr/lib/jvm/java-11-openjdk-amd64/bin/java
55b0d784f000-55b0d7870000 rw-p 00000000 00:00 0                          [heap]
7ff884000000-7ff884021000 rw-p 00000000 00:00 0 
7ff884021000-7ff888000000 ---p 00000000 00:00 0 
7ff88a000000-7ff88c000000 rw-p 00000000 00:00 0 
7ff88c000000-7ff88c021000 rw-p 00000000 00:00 0 
7ff88c021000-7ff890000000 ---p 00000000 00:00 0 
7ff891000000-7ff894000000 ---p 00000000 00:00 0 
7ff894000000-7ff894021000 rw-p 00000000 00:00 0 
7ff894021000-7ff898000000 ---p 00000000 00:00 0 
7ff899000000-7ff89c000000 ---p 00000000 00:00 0 
7ff89c000000-7ff89c021000 rw-p 00000000 00:00 0 
7ff89c021000-7ff8a0000000 ---p 00000000 00:00 0 
7ff8a0000000-7ff8a0021000 rw-p 00000000 00:00 0 
7ff8a0021000-7ff8a4000000 ---p 00000000 00:00 0 
7ff8a4000000-7ff8a4021000 rw-p 00000000 00:00 0 
7ff8a4021000-7ff8a8000000 ---p 00000000 00:00 0 
7ff8a86d1000-7ff8a8ad5000 rw-p 00000000 00:00 0 
7ff8a8ad5000-7ff8a8ad6000 ---p 00000000 00:00 0 
7ff8a8ad6000-7ff8a8bd7000 rw-p 00000000 00:00 0 
7ff8a8bd7000-7ff8a8bd8000 ---p 00000000 00:00 0 
7ff8a8bd8000-7ff8a8d99000 rw-p 00000000 00:00 0 
7ff8a8d99000-7ff8a9f99000 ---p 00000000 00:00 0 
7ff8a9f99000-7ff8aa39d000 rw-p 00000000 00:00 0 
7ff8aa39d000-7ff8aa39e000 ---p 00000000 00:00 0 
7ff8aa39e000-7ff8aa49f000 rw-p 00000000 00:00 0 
7ff8aa49f000-7ff8aa4a0000 ---p 00000000 00:00 0 
7ff8aa4a0000-7ff8aa5a1000 rw-p 00000000 00:00 0 
7ff8aa5a1000-7ff8aa5a2000 ---p 00000000 00:00 0 
7ff8aa5a2000-7ff8aa6a3000 rw-p 00000000 00:00 0 
7ff8aa6a3000-7ff8aa6a4000 ---p 00000000 00:00 0 
7ff8aa6a4000-7ff8aa7aa000 rw-p 00000000 00:00 0 
7ff8aa7aa000-7ff8aa890000 ---p 00000000 00:00 0 
7ff8aa890000-7ff8aab00000 rwxp 00000000 00:00 0 
7ff8aab00000-7ff8aae20000 ---p 00000000 00:00 0 
7ff8aae20000-7ff8ab090000 rwxp 00000000 00:00 0 
7ff8ab090000-7ff8b2358000 ---p 00000000 00:00 0 
7ff8b2358000-7ff8b25c8000 rwxp 00000000 00:00 0 
7ff8b25c8000-7ff8b9890000 ---p 00000000 00:00 0 
7ff8b9890000-7ff8c2d6b000 r--s 00000000 fd:00 20186057                   /usr/lib/jvm/java-11-openjdk-amd64/lib/modules
7ff8c2d6b000-7ff8c2d70000 r-xp 00000000 fd:00 20186039                   /usr/lib/jvm/java-11-openjdk-amd64/lib/libjimage.so
7ff8c2d70000-7ff8c2f6f000 ---p 00005000 fd:00 20186039                   /usr/lib/jvm/java-11-openjdk-amd64/lib/libjimage.so
7ff8c2f6f000-7ff8c2f70000 r--p 00004000 fd:00 20186039                   /usr/lib/jvm/java-11-openjdk-amd64/lib/libjimage.so
7ff8c2f70000-7ff8c2f71000 rw-p 00005000 fd:00 20186039                   /usr/lib/jvm/java-11-openjdk-amd64/lib/libjimage.so
7ff8c2f71000-7ff8c2f78000 r-xp 00000000 fd:00 20186056                   /usr/lib/jvm/java-11-openjdk-amd64/lib/libzip.so
7ff8c2f78000-7ff8c3177000 ---p 00007000 fd:00 20186056                   /usr/lib/jvm/java-11-openjdk-amd64/lib/libzip.so
7ff8c3177000-7ff8c3178000 r--p 00006000 fd:00 20186056                   /usr/lib/jvm/java-11-openjdk-amd64/lib/libzip.so
7ff8c3178000-7ff8c3179000 rw-p 00007000 fd:00 20186056                   /usr/lib/jvm/java-11-openjdk-amd64/lib/libzip.so
7ff8c3179000-7ff8c3184000 r-xp 00000000 fd:00 44176093                   /lib/x86_64-linux-gnu/libnss_files-2.27.so
7ff8c3184000-7ff8c3383000 ---p 0000b000 fd:00 44176093                   /lib/x86_64-linux-gnu/libnss_files-2.27.so
7ff8c3383000-7ff8c3384000 r--p 0000a000 fd:00 44176093                   /lib/x86_64-linux-gnu/libnss_files-2.27.so
7ff8c3384000-7ff8c3385000 rw-p 0000b000 fd:00 44176093                   /lib/x86_64-linux-gnu/libnss_files-2.27.so
7ff8c3385000-7ff8c338b000 rw-p 00000000 00:00 0 
7ff8c338b000-7ff8c33a2000 r-xp 00000000 fd:00 44176087                   /lib/x86_64-linux-gnu/libnsl-2.27.so
7ff8c33a2000-7ff8c35a1000 ---p 00017000 fd:00 44176087                   /lib/x86_64-linux-gnu/libnsl-2.27.so
7ff8c35a1000-7ff8c35a2000 r--p 00016000 fd:00 44176087                   /lib/x86_64-linux-gnu/libnsl-2.27.so
7ff8c35a2000-7ff8c35a3000 rw-p 00017000 fd:00 44176087                   /lib/x86_64-linux-gnu/libnsl-2.27.so
7ff8c35a3000-7ff8c35a5000 rw-p 00000000 00:00 0 
7ff8c35a5000-7ff8c35b0000 r-xp 00000000 fd:00 44176104                   /lib/x86_64-linux-gnu/libnss_nis-2.27.so
7ff8c35b0000-7ff8c37af000 ---p 0000b000 fd:00 44176104                   /lib/x86_64-linux-gnu/libnss_nis-2.27.so
7ff8c37af000-7ff8c37b0000 r--p 0000a000 fd:00 44176104                   /lib/x86_64-linux-gnu/libnss_nis-2.27.so
7ff8c37b0000-7ff8c37b1000 rw-p 0000b000 fd:00 44176104                   /lib/x86_64-linux-gnu/libnss_nis-2.27.so
7ff8c37b1000-7ff8c37b9000 r-xp 00000000 fd:00 44176089                   /lib/x86_64-linux-gnu/libnss_compat-2.27.so
7ff8c37b9000-7ff8c39b9000 ---p 00008000 fd:00 44176089                   /lib/x86_64-linux-gnu/libnss_compat-2.27.so
7ff8c39b9000-7ff8c39ba000 r--p 00008000 fd:00 44176089                   /lib/x86_64-linux-gnu/libnss_compat-2.27.so
7ff8c39ba000-7ff8c39bb000 rw-p 00009000 fd:00 44176089                   /lib/x86_64-linux-gnu/libnss_compat-2.27.so
7ff8c39bb000-7ff8c39e7000 r-xp 00000000 fd:00 20186035                   /usr/lib/jvm/java-11-openjdk-amd64/lib/libjava.so
7ff8c39e7000-7ff8c3be6000 ---p 0002c000 fd:00 20186035                   /usr/lib/jvm/java-11-openjdk-amd64/lib/libjava.so
7ff8c3be6000-7ff8c3be7000 r--p 0002b000 fd:00 20186035                   /usr/lib/jvm/java-11-openjdk-amd64/lib/libjava.so
7ff8c3be7000-7ff8c3be9000 rw-p 0002c000 fd:00 20186035                   /usr/lib/jvm/java-11-openjdk-amd64/lib/libjava.so
7ff8c3be9000-7ff8c3bf6000 r-xp 00000000 fd:00 20186055                   /usr/lib/jvm/java-11-openjdk-amd64/lib/libverify.so
7ff8c3bf6000-7ff8c3df5000 ---p 0000d000 fd:00 20186055                   /usr/lib/jvm/java-11-openjdk-amd64/lib/libverify.so
7ff8c3df5000-7ff8c3df7000 r--p 0000c000 fd:00 20186055                   /usr/lib/jvm/java-11-openjdk-amd64/lib/libverify.so
7ff8c3df7000-7ff8c3df8000 rw-p 0000e000 fd:00 20186055                   /usr/lib/jvm/java-11-openjdk-amd64/lib/libverify.so
7ff8c3df8000-7ff8c3dff000 r-xp 00000000 fd:00 44176144                   /lib/x86_64-linux-gnu/librt-2.27.so
7ff8c3dff000-7ff8c3ffe000 ---p 00007000 fd:00 44176144                   /lib/x86_64-linux-gnu/librt-2.27.so
7ff8c3ffe000-7ff8c3fff000 r--p 00006000 fd:00 44176144                   /lib/x86_64-linux-gnu/librt-2.27.so
7ff8c3fff000-7ff8c4000000 rw-p 00007000 fd:00 44176144                   /lib/x86_64-linux-gnu/librt-2.27.so
7ff8c4000000-7ff8c4083000 rw-p 00000000 00:00 0 
7ff8c4083000-7ff8c8000000 ---p 00000000 00:00 0 
7ff8c8069000-7ff8c806e000 rw-p 00000000 00:00 0 
7ff8c806e000-7ff8c8154000 ---p 00000000 00:00 0 
7ff8c8154000-7ff8c816b000 r-xp 00000000 fd:00 44175907                   /lib/x86_64-linux-gnu/libgcc_s.so.1
7ff8c816b000-7ff8c836a000 ---p 00017000 fd:00 44175907                   /lib/x86_64-linux-gnu/libgcc_s.so.1
7ff8c836a000-7ff8c836b000 r--p 00016000 fd:00 44175907                   /lib/x86_64-linux-gnu/libgcc_s.so.1
7ff8c836b000-7ff8c836c000 rw-p 00017000 fd:00 44175907                   /lib/x86_64-linux-gnu/libgcc_s.so.1
7ff8c836c000-7ff8c8509000 r-xp 00000000 fd:00 44176066                   /lib/x86_64-linux-gnu/libm-2.27.so
7ff8c8509000-7ff8c8708000 ---p 0019d000 fd:00 44176066                   /lib/x86_64-linux-gnu/libm-2.27.so
7ff8c8708000-7ff8c8709000 r--p 0019c000 fd:00 44176066                   /lib/x86_64-linux-gnu/libm-2.27.so
7ff8c8709000-7ff8c870a000 rw-p 0019d000 fd:00 44176066                   /lib/x86_64-linux-gnu/libm-2.27.so
7ff8c870a000-7ff8c8883000 r-xp 00000000 fd:00 18090134                   /usr/lib/x86_64-linux-gnu/libstdc++.so.6.0.25
7ff8c8883000-7ff8c8a83000 ---p 00179000 fd:00 18090134                   /usr/lib/x86_64-linux-gnu/libstdc++.so.6.0.25
7ff8c8a83000-7ff8c8a8d000 r--p 00179000 fd:00 18090134                   /usr/lib/x86_64-linux-gnu/libstdc++.so.6.0.25
7ff8c8a8d000-7ff8c8a8f000 rw-p 00183000 fd:00 18090134                   /usr/lib/x86_64-linux-gnu/libstdc++.so.6.0.25
7ff8c8a8f000-7ff8c8a93000 rw-p 00000000 00:00 0 
7ff8c8a93000-7ff8c9a30000 r-xp 00000000 fd:00 20186062                   /usr/lib/jvm/java-11-openjdk-amd64/lib/server/libjvm.so
7ff8c9a30000-7ff8c9c30000 ---p 00f9d000 fd:00 20186062                   /usr/lib/jvm/java-11-openjdk-amd64/lib/server/libjvm.so
7ff8c9c30000-7ff8c9cf4000 r--p 00f9d000 fd:00 20186062                   /usr/lib/jvm/java-11-openjdk-amd64/lib/server/libjvm.so
7ff8c9cf4000-7ff8c9d2c000 rw-p 01061000 fd:00 20186062                   /usr/lib/jvm/java-11-openjdk-amd64/lib/server/libjvm.so
7ff8c9d2c000-7ff8c9d75000 rw-p 00000000 00:00 0 
7ff8c9d75000-7ff8c9d8f000 r-xp 00000000 fd:00 44176136                   /lib/x86_64-linux-gnu/libpthread-2.27.so
7ff8c9d8f000-7ff8c9f8e000 ---p 0001a000 fd:00 44176136                   /lib/x86_64-linux-gnu/libpthread-2.27.so
7ff8c9f8e000-7ff8c9f8f000 r--p 00019000 fd:00 44176136                   /lib/x86_64-linux-gnu/libpthread-2.27.so
7ff8c9f8f000-7ff8c9f90000 rw-p 0001a000 fd:00 44176136                   /lib/x86_64-linux-gnu/libpthread-2.27.so
7ff8c9f90000-7ff8c9f94000 rw-p 00000000 00:00 0 
7ff8c9f94000-7ff8c9f97000 r-xp 00000000 fd:00 44176026                   /lib/x86_64-linux-gnu/libdl-2.27.so
7ff8c9f97000-7ff8ca196000 ---p 00003000 fd:00 44176026                   /lib/x86_64-linux-gnu/libdl-2.27.so
7ff8ca196000-7ff8ca197000 r--p 00002000 fd:00 44176026                   /lib/x86_64-linux-gnu/libdl-2.27.so
7ff8ca197000-7ff8ca198000 rw-p 00003000 fd:00 44176026                   /lib/x86_64-linux-gnu/libdl-2.27.so
7ff8ca198000-7ff8ca1b4000 r-xp 00000000 fd:00 44176175                   /lib/x86_64-linux-gnu/libz.so.1.2.11
7ff8ca1b4000-7ff8ca3b3000 ---p 0001c000 fd:00 44176175                   /lib/x86_64-linux-gnu/libz.so.1.2.11
7ff8ca3b3000-7ff8ca3b4000 r--p 0001b000 fd:00 44176175                   /lib/x86_64-linux-gnu/libz.so.1.2.11
7ff8ca3b4000-7ff8ca3b5000 rw-p 0001c000 fd:00 44176175                   /lib/x86_64-linux-gnu/libz.so.1.2.11
7ff8ca3b5000-7ff8ca59c000 r-xp 00000000 fd:00 44176003                   /lib/x86_64-linux-gnu/libc-2.27.so
7ff8ca59c000-7ff8ca79c000 ---p 001e7000 fd:00 44176003                   /lib/x86_64-linux-gnu/libc-2.27.so
7ff8ca79c000-7ff8ca7a0000 r--p 001e7000 fd:00 44176003                   /lib/x86_64-linux-gnu/libc-2.27.so
7ff8ca7a0000-7ff8ca7a2000 rw-p 001eb000 fd:00 44176003                   /lib/x86_64-linux-gnu/libc-2.27.so
7ff8ca7a2000-7ff8ca7a6000 rw-p 00000000 00:00 0 
7ff8ca7a6000-7ff8ca7b5000 r-xp 00000000 fd:00 20186020                   /usr/lib/jvm/java-11-openjdk-amd64/lib/jli/libjli.so
7ff8ca7b5000-7ff8ca9b4000 ---p 0000f000 fd:00 20186020                   /usr/lib/jvm/java-11-openjdk-amd64/lib/jli/libjli.so
7ff8ca9b4000-7ff8ca9b5000 r--p 0000e000 fd:00 20186020                   /usr/lib/jvm/java-11-openjdk-amd64/lib/jli/libjli.so
7ff8ca9b5000-7ff8ca9b6000 rw-p 0000f000 fd:00 20186020                   /usr/lib/jvm/java-11-openjdk-amd64/lib/jli/libjli.so
7ff8ca9b6000-7ff8ca9dd000 r-xp 00000000 fd:00 44175975                   /lib/x86_64-linux-gnu/ld-2.27.so
7ff8caa59000-7ff8caac0000 rw-p 00000000 00:00 0 
7ff8caac0000-7ff8caac4000 ---p 00000000 00:00 0 
7ff8caac4000-7ff8cabc3000 rw-p 00000000 00:00 0 
7ff8cabc4000-7ff8cabca000 rw-p 00000000 00:00 0 
7ff8cabca000-7ff8cabd1000 ---p 00000000 00:00 0 
7ff8cabd1000-7ff8cabd9000 rw-s 00000000 fd:00 16121869                   /tmp/hsperfdata_minecraft/12549
7ff8cabd9000-7ff8cabda000 ---p 00000000 00:00 0 
7ff8cabda000-7ff8cabdb000 r--p 00000000 00:00 0 
7ff8cabdb000-7ff8cabdd000 rw-p 00000000 00:00 0 
7ff8cabdd000-7ff8cabde000 r--p 00027000 fd:00 44175975                   /lib/x86_64-linux-gnu/ld-2.27.so
7ff8cabde000-7ff8cabdf000 rw-p 00028000 fd:00 44175975                   /lib/x86_64-linux-gnu/ld-2.27.so
7ff8cabdf000-7ff8cabe0000 rw-p 00000000 00:00 0 
7fffcb6e9000-7fffcb70a000 rw-p 00000000 00:00 0                          [stack]
7fffcb726000-7fffcb729000 r--p 00000000 00:00 0                          [vvar]
7fffcb729000-7fffcb72b000 r-xp 00000000 00:00 0                          [vdso]
ffffffffff600000-ffffffffff601000 r-xp 00000000 00:00 0                  [vsyscall]


VM Arguments:
jvm_args: -Xms3g -Xmx3g 
java_command: server.jar nogui
java_class_path (initial): server.jar
Launcher Type: SUN_STANDARD

Logging:
Log output configuration:
#0: stdout all=warning uptime,level,tags
#1: stderr all=off uptime,level,tags

Environment Variables:
PATH=/usr/local/sbin:/usr/local/bin:/usr/sbin:/usr/bin:/sbin:/bin
SHELL=/bin/sh

Signal Handlers:
SIGSEGV: [libjvm.so+0xd28b70], sa_mask[0]=11111111011111111101111111111110, sa_flags=SA_RESTART|SA_SIGINFO
SIGBUS: [libjvm.so+0xd28b70], sa_mask[0]=11111111011111111101111111111110, sa_flags=SA_RESTART|SA_SIGINFO
SIGFPE: [libjvm.so+0xd28b70], sa_mask[0]=11111111011111111101111111111110, sa_flags=SA_RESTART|SA_SIGINFO
SIGPIPE: [libjvm.so+0xb2a1f0], sa_mask[0]=11111111011111111101111111111110, sa_flags=SA_RESTART|SA_SIGINFO
SIGXFSZ: [libjvm.so+0xb2a1f0], sa_mask[0]=11111111011111111101111111111110, sa_flags=SA_RESTART|SA_SIGINFO
SIGILL: [libjvm.so+0xd28b70], sa_mask[0]=11111111011111111101111111111110, sa_flags=SA_RESTART|SA_SIGINFO
SIGUSR2: [libjvm.so+0xb2a030], sa_mask[0]=00000000000000000000000000000000, sa_flags=SA_RESTART|SA_SIGINFO
SIGHUP: SIG_DFL, sa_mask[0]=00000000000000000000000000000000, sa_flags=none
SIGINT: SIG_DFL, sa_mask[0]=00000000000000000000000000000000, sa_flags=none
SIGTERM: SIG_DFL, sa_mask[0]=00000000000000000000000000000000, sa_flags=none
SIGQUIT: SIG_DFL, sa_mask[0]=00000000000000000000000000000000, sa_flags=none


---------------  S Y S T E M  ---------------

OS:DISTRIB_ID=Ubuntu
DISTRIB_RELEASE=18.04
DISTRIB_CODENAME=bionic
DISTRIB_DESCRIPTION="Ubuntu 18.04.2 LTS"
uname:Linux 4.15.0-46-generic #49-Ubuntu SMP Wed Feb 6 09:33:07 UTC 2019 x86_64
libc:glibc 2.27 NPTL 2.27 
rlimit: STACK 8192k, CORE 0k, NPROC 15099, NOFILE 4096, AS infinity, DATA infinity, FSIZE infinity
load average:1.29 1.31 1.38

/proc/meminfo:
MemTotal:        3943748 kB
MemFree:          118392 kB
MemAvailable:     905188 kB
Buffers:           28176 kB
Cached:           957380 kB
SwapCached:        12480 kB
Active:          2611104 kB
Inactive:        1018168 kB
Active(anon):    2138212 kB
Inactive(anon):   535572 kB
Active(file):     472892 kB
Inactive(file):   482596 kB
Unevictable:           0 kB
Mlocked:               0 kB
SwapTotal:        999420 kB
SwapFree:         615600 kB
Dirty:              8472 kB
Writeback:             0 kB
AnonPages:       2640324 kB
Mapped:           108028 kB
Shmem:             30068 kB
Slab:             108952 kB
SReclaimable:      68148 kB
SUnreclaim:        40804 kB
KernelStack:        5992 kB
PageTables:        24268 kB
NFS_Unstable:          0 kB
Bounce:                0 kB
WritebackTmp:          0 kB
CommitLimit:     2971292 kB
Committed_AS:    3168080 kB
VmallocTotal:   34359738367 kB
VmallocUsed:           0 kB
VmallocChunk:          0 kB
HardwareCorrupted:     0 kB
AnonHugePages:         0 kB
ShmemHugePages:        0 kB
ShmemPmdMapped:        0 kB
CmaTotal:              0 kB
CmaFree:               0 kB
HugePages_Total:       0
HugePages_Free:        0
HugePages_Rsvd:        0
HugePages_Surp:        0
Hugepagesize:       2048 kB
DirectMap4k:      158320 kB
DirectMap2M:     3940352 kB
DirectMap1G:           0 kB

container (cgroup) information:
container_type: cgroupv1
cpu_cpuset_cpus: 0-3
cpu_memory_nodes: 0
active_processor_count: 4
cpu_quota: -1
cpu_period: 100000
cpu_shares: -1
memory_limit_in_bytes: -1
memory_and_swap_limit_in_bytes: -2
memory_soft_limit_in_bytes: -1
memory_usage_in_bytes: 3714027520
memory_max_usage_in_bytes: 2048000


CPU:total 4 (initial active 4) (2 cores per cpu, 2 threads per core) family 6 model 69 stepping 1, cmov, cx8, fxsr, mmx, sse, sse2, sse3, ssse3, sse4.1, sse4.2, popcnt, avx, avx2, aes, clmul, erms, lzcnt, ht, tsc, tscinvbit, bmi1, bmi2, fma
CPU Model and flags from /proc/cpuinfo:
model name	: Intel(R) Core(TM) i7-4500U CPU @ 1.80GHz
flags		: fpu vme de pse tsc msr pae mce cx8 apic sep mtrr pge mca cmov pat pse36 clflush dts acpi mmx fxsr sse sse2 ss ht tm pbe syscall nx pdpe1gb rdtscp lm constant_tsc arch_perfmon pebs bts rep_good nopl xtopology nonstop_tsc cpuid aperfmperf pni pclmulqdq dtes64 monitor ds_cpl vmx est tm2 ssse3 sdbg fma cx16 xtpr pdcm pcid sse4_1 sse4_2 movbe popcnt tsc_deadline_timer aes xsave avx f16c rdrand lahf_lm abm cpuid_fault epb invpcid_single pti ssbd ibrs ibpb stibp tpr_shadow vnmi flexpriority ept vpid fsgsbase tsc_adjust bmi1 avx2 smep bmi2 erms invpcid xsaveopt dtherm ida arat pln pts flush_l1d

Memory: 4k page, physical 3943748k(118392k free), swap 999420k(615600k free)

vm_info: OpenJDK 64-Bit Server VM (10.0.2+13-Ubuntu-1ubuntu0.18.04.4) for linux-amd64 JRE (10.0.2+13-Ubuntu-1ubuntu0.18.04.4), built on Nov 13 2018 12:53:39 by "buildd" with gcc 7.3.0

END.
