#
# There is insufficient memory for the Java Runtime Environment to continue.
# Native memory allocation (mmap) failed to map 3221225472 bytes for committing reserved memory.
# Possible reasons:
#   The system is out of physical RAM or swap space
#   The process is running with CompressedOops enabled, and the Java Heap may be blocking the growth of the native heap
# Possible solutions:
#   Reduce memory load on the system
#   Increase physical memory or swap space
#   Check if swap backing store is full
#   Decrease Java heap size (-Xmx/-Xms)
#   Decrease number of Java threads
#   Decrease Java thread stack sizes (-Xss)
#   Set larger code cache with -XX:ReservedCodeCacheSize=
# This output file may be truncated or incomplete.
#
#  Out of Memory Error (os_linux.cpp:2706), pid=26261, tid=26262
#
# JRE version:  (10.0.2+13) (build )
# Java VM: OpenJDK 64-Bit Server VM (10.0.2+13-Ubuntu-1ubuntu0.18.04.4, mixed mode, aot, tiered, compressed oops, g1 gc, linux-amd64)
# Core dump will be written. Default location: Core dumps may be processed with "/usr/share/apport/apport %p %s %c %d %P" (or dumping to /opt/forno/minecraft/core.26261)
#

---------------  S U M M A R Y ------------

Command Line: -Xms3g -Xmx3g server.jar nogui

Host: Intel(R) Core(TM) i7-4500U CPU @ 1.80GHz, 4 cores, 3G, Ubuntu 18.04.2 LTS
Time: Thu Mar 21 11:02:04 2019 JST elapsed time: 0 seconds (0d 0h 0m 0s)

---------------  T H R E A D  ---------------

Current thread (0x00007f1fa4011000):  JavaThread "Unknown thread" [_thread_in_vm, id=26262, stack(0x00007f1fab5a5000,0x00007f1fab6a6000)]

Stack: [0x00007f1fab5a5000,0x00007f1fab6a6000],  sp=0x00007f1fab6a42e0,  free space=1020k
Native frames: (J=compiled Java code, A=aot compiled Java code, j=interpreted, Vv=VM code, C=native code)
V  [libjvm.so+0xd27ea4]
V  [libjvm.so+0xd28a4b]
V  [libjvm.so+0x64d415]
V  [libjvm.so+0xb2d7c8]
V  [libjvm.so+0xb2601d]
V  [libjvm.so+0x7662ff]
V  [libjvm.so+0x76653e]
V  [libjvm.so+0x769500]
V  [libjvm.so+0x7efa1c]
V  [libjvm.so+0x7f06df]
V  [libjvm.so+0x7f0b59]
V  [libjvm.so+0x7162cf]
V  [libjvm.so+0x71afd3]
V  [libjvm.so+0xce5dc2]
V  [libjvm.so+0xce60c6]
V  [libjvm.so+0x807d57]
V  [libjvm.so+0xcc7ac4]
V  [libjvm.so+0x8601b1]  JNI_CreateJavaVM+0x51
C  [libjli.so+0x3d83]
C  [libjli.so+0x89dd]
C  [libpthread.so.0+0x76db]  start_thread+0xdb


---------------  P R O C E S S  ---------------

Threads class SMR info:
_java_thread_list=0x000055c6541c36b0, length=0, elements={
}

Java Threads: ( => current thread )

Other Threads:
  0x00007f1fa4028000 GCTaskThread "GC Thread#0" [stack: 0x00007f1f8b1eb000,0x00007f1f8b2eb000] [id=26263]
  0x00007f1fa4029000 GCTaskThread "GC Thread#1" [stack: 0x00007f1f8b0e9000,0x00007f1f8b1e9000] [id=26264]
  0x00007f1fa402b000 GCTaskThread "GC Thread#2" [stack: 0x00007f1f8afe7000,0x00007f1f8b0e7000] [id=26265]
  0x00007f1fa402c800 GCTaskThread "GC Thread#3" [stack: 0x00007f1f8aee5000,0x00007f1f8afe5000] [id=26266]
  0x00007f1fa406a000 ConcurrentGCThread "G1 Main Marker" [stack: 0x00007f1f8971f000,0x00007f1f8981f000] [id=26267]
  0x00007f1fa406c000 ConcurrentGCThread "G1 Conc#0" [stack: 0x00007f1f8961d000,0x00007f1f8971d000] [id=26268]

[error occurred during error reporting (printing all threads), id 0xe0000002]

VM state:not at safepoint (not fully initialized)

VM Mutex/Monitor currently owned by a thread:  ([mutex/lock_event])
[0x00007f1fa400df30] Heap_lock - owner thread: 0x00007f1fa4011000

Heap address: 0x0000000700000000, size: 3072 MB, Compressed Oops mode: Non-zero based: 0x0000000700000000
Narrow klass base: 0x0000000000000000, Narrow klass shift: 0

GC Heap History (0 events):
No events

Deoptimization events (0 events):
No events

Classes redefined (0 events):
No events

Internal exceptions (0 events):
No events

Events (0 events):
No events


Dynamic libraries:
55c6535d0000-55c6535d1000 r-xp 00000000 fd:00 20185882                   /usr/lib/jvm/java-11-openjdk-amd64/bin/java
55c6537d1000-55c6537d2000 r--p 00001000 fd:00 20185882                   /usr/lib/jvm/java-11-openjdk-amd64/bin/java
55c6537d2000-55c6537d3000 rw-p 00002000 fd:00 20185882                   /usr/lib/jvm/java-11-openjdk-amd64/bin/java
55c6541ac000-55c6541cd000 rw-p 00000000 00:00 0                          [heap]
7f1f64000000-7f1f64021000 rw-p 00000000 00:00 0 
7f1f64021000-7f1f68000000 ---p 00000000 00:00 0 
7f1f6a000000-7f1f6c000000 rw-p 00000000 00:00 0 
7f1f6c000000-7f1f6c021000 rw-p 00000000 00:00 0 
7f1f6c021000-7f1f70000000 ---p 00000000 00:00 0 
7f1f71000000-7f1f74000000 ---p 00000000 00:00 0 
7f1f74000000-7f1f74021000 rw-p 00000000 00:00 0 
7f1f74021000-7f1f78000000 ---p 00000000 00:00 0 
7f1f79000000-7f1f7c000000 ---p 00000000 00:00 0 
7f1f7c000000-7f1f7c021000 rw-p 00000000 00:00 0 
7f1f7c021000-7f1f80000000 ---p 00000000 00:00 0 
7f1f80000000-7f1f80021000 rw-p 00000000 00:00 0 
7f1f80021000-7f1f84000000 ---p 00000000 00:00 0 
7f1f84000000-7f1f84021000 rw-p 00000000 00:00 0 
7f1f84021000-7f1f88000000 ---p 00000000 00:00 0 
7f1f89217000-7f1f8961b000 rw-p 00000000 00:00 0 
7f1f8961b000-7f1f8961c000 ---p 00000000 00:00 0 
7f1f8961c000-7f1f8971d000 rw-p 00000000 00:00 0 
7f1f8971d000-7f1f8971e000 ---p 00000000 00:00 0 
7f1f8971e000-7f1f898df000 rw-p 00000000 00:00 0 
7f1f898df000-7f1f8aadf000 ---p 00000000 00:00 0 
7f1f8aadf000-7f1f8aee3000 rw-p 00000000 00:00 0 
7f1f8aee3000-7f1f8aee4000 ---p 00000000 00:00 0 
7f1f8aee4000-7f1f8afe5000 rw-p 00000000 00:00 0 
7f1f8afe5000-7f1f8afe6000 ---p 00000000 00:00 0 
7f1f8afe6000-7f1f8b0e7000 rw-p 00000000 00:00 0 
7f1f8b0e7000-7f1f8b0e8000 ---p 00000000 00:00 0 
7f1f8b0e8000-7f1f8b1e9000 rw-p 00000000 00:00 0 
7f1f8b1e9000-7f1f8b1ea000 ---p 00000000 00:00 0 
7f1f8b1ea000-7f1f8b2eb000 rw-p 00000000 00:00 0 
7f1f8b2eb000-7f1f8b55b000 rwxp 00000000 00:00 0 
7f1f8b55b000-7f1f8b87b000 ---p 00000000 00:00 0 
7f1f8b87b000-7f1f8baeb000 rwxp 00000000 00:00 0 
7f1f8baeb000-7f1f92db3000 ---p 00000000 00:00 0 
7f1f92db3000-7f1f93023000 rwxp 00000000 00:00 0 
7f1f93023000-7f1f9a2eb000 ---p 00000000 00:00 0 
7f1f9a2eb000-7f1fa37c6000 r--s 00000000 fd:00 20186057                   /usr/lib/jvm/java-11-openjdk-amd64/lib/modules
7f1fa37c6000-7f1fa37cb000 r-xp 00000000 fd:00 20186039                   /usr/lib/jvm/java-11-openjdk-amd64/lib/libjimage.so
7f1fa37cb000-7f1fa39ca000 ---p 00005000 fd:00 20186039                   /usr/lib/jvm/java-11-openjdk-amd64/lib/libjimage.so
7f1fa39ca000-7f1fa39cb000 r--p 00004000 fd:00 20186039                   /usr/lib/jvm/java-11-openjdk-amd64/lib/libjimage.so
7f1fa39cb000-7f1fa39cc000 rw-p 00005000 fd:00 20186039                   /usr/lib/jvm/java-11-openjdk-amd64/lib/libjimage.so
7f1fa39cc000-7f1fa39d3000 r-xp 00000000 fd:00 20186056                   /usr/lib/jvm/java-11-openjdk-amd64/lib/libzip.so
7f1fa39d3000-7f1fa3bd2000 ---p 00007000 fd:00 20186056                   /usr/lib/jvm/java-11-openjdk-amd64/lib/libzip.so
7f1fa3bd2000-7f1fa3bd3000 r--p 00006000 fd:00 20186056                   /usr/lib/jvm/java-11-openjdk-amd64/lib/libzip.so
7f1fa3bd3000-7f1fa3bd4000 rw-p 00007000 fd:00 20186056                   /usr/lib/jvm/java-11-openjdk-amd64/lib/libzip.so
7f1fa3bd4000-7f1fa3bdf000 r-xp 00000000 fd:00 44176093                   /lib/x86_64-linux-gnu/libnss_files-2.27.so
7f1fa3bdf000-7f1fa3dde000 ---p 0000b000 fd:00 44176093                   /lib/x86_64-linux-gnu/libnss_files-2.27.so
7f1fa3dde000-7f1fa3ddf000 r--p 0000a000 fd:00 44176093                   /lib/x86_64-linux-gnu/libnss_files-2.27.so
7f1fa3ddf000-7f1fa3de0000 rw-p 0000b000 fd:00 44176093                   /lib/x86_64-linux-gnu/libnss_files-2.27.so
7f1fa3de0000-7f1fa3de6000 rw-p 00000000 00:00 0 
7f1fa3de6000-7f1fa3dfd000 r-xp 00000000 fd:00 44176087                   /lib/x86_64-linux-gnu/libnsl-2.27.so
7f1fa3dfd000-7f1fa3ffc000 ---p 00017000 fd:00 44176087                   /lib/x86_64-linux-gnu/libnsl-2.27.so
7f1fa3ffc000-7f1fa3ffd000 r--p 00016000 fd:00 44176087                   /lib/x86_64-linux-gnu/libnsl-2.27.so
7f1fa3ffd000-7f1fa3ffe000 rw-p 00017000 fd:00 44176087                   /lib/x86_64-linux-gnu/libnsl-2.27.so
7f1fa3ffe000-7f1fa4000000 rw-p 00000000 00:00 0 
7f1fa4000000-7f1fa4083000 rw-p 00000000 00:00 0 
7f1fa4083000-7f1fa8000000 ---p 00000000 00:00 0 
7f1fa8008000-7f1fa800d000 rw-p 00000000 00:00 0 
7f1fa800d000-7f1fa80f3000 ---p 00000000 00:00 0 
7f1fa80f3000-7f1fa80f8000 rw-p 00000000 00:00 0 
7f1fa80f8000-7f1fa81de000 ---p 00000000 00:00 0 
7f1fa81de000-7f1fa81e9000 r-xp 00000000 fd:00 44176104                   /lib/x86_64-linux-gnu/libnss_nis-2.27.so
7f1fa81e9000-7f1fa83e8000 ---p 0000b000 fd:00 44176104                   /lib/x86_64-linux-gnu/libnss_nis-2.27.so
7f1fa83e8000-7f1fa83e9000 r--p 0000a000 fd:00 44176104                   /lib/x86_64-linux-gnu/libnss_nis-2.27.so
7f1fa83e9000-7f1fa83ea000 rw-p 0000b000 fd:00 44176104                   /lib/x86_64-linux-gnu/libnss_nis-2.27.so
7f1fa83ea000-7f1fa83f2000 r-xp 00000000 fd:00 44176089                   /lib/x86_64-linux-gnu/libnss_compat-2.27.so
7f1fa83f2000-7f1fa85f2000 ---p 00008000 fd:00 44176089                   /lib/x86_64-linux-gnu/libnss_compat-2.27.so
7f1fa85f2000-7f1fa85f3000 r--p 00008000 fd:00 44176089                   /lib/x86_64-linux-gnu/libnss_compat-2.27.so
7f1fa85f3000-7f1fa85f4000 rw-p 00009000 fd:00 44176089                   /lib/x86_64-linux-gnu/libnss_compat-2.27.so
7f1fa85f4000-7f1fa8620000 r-xp 00000000 fd:00 20186035                   /usr/lib/jvm/java-11-openjdk-amd64/lib/libjava.so
7f1fa8620000-7f1fa881f000 ---p 0002c000 fd:00 20186035                   /usr/lib/jvm/java-11-openjdk-amd64/lib/libjava.so
7f1fa881f000-7f1fa8820000 r--p 0002b000 fd:00 20186035                   /usr/lib/jvm/java-11-openjdk-amd64/lib/libjava.so
7f1fa8820000-7f1fa8822000 rw-p 0002c000 fd:00 20186035                   /usr/lib/jvm/java-11-openjdk-amd64/lib/libjava.so
7f1fa8822000-7f1fa882f000 r-xp 00000000 fd:00 20186055                   /usr/lib/jvm/java-11-openjdk-amd64/lib/libverify.so
7f1fa882f000-7f1fa8a2e000 ---p 0000d000 fd:00 20186055                   /usr/lib/jvm/java-11-openjdk-amd64/lib/libverify.so
7f1fa8a2e000-7f1fa8a30000 r--p 0000c000 fd:00 20186055                   /usr/lib/jvm/java-11-openjdk-amd64/lib/libverify.so
7f1fa8a30000-7f1fa8a31000 rw-p 0000e000 fd:00 20186055                   /usr/lib/jvm/java-11-openjdk-amd64/lib/libverify.so
7f1fa8a31000-7f1fa8a38000 r-xp 00000000 fd:00 44176144                   /lib/x86_64-linux-gnu/librt-2.27.so
7f1fa8a38000-7f1fa8c37000 ---p 00007000 fd:00 44176144                   /lib/x86_64-linux-gnu/librt-2.27.so
7f1fa8c37000-7f1fa8c38000 r--p 00006000 fd:00 44176144                   /lib/x86_64-linux-gnu/librt-2.27.so
7f1fa8c38000-7f1fa8c39000 rw-p 00007000 fd:00 44176144                   /lib/x86_64-linux-gnu/librt-2.27.so
7f1fa8c39000-7f1fa8c50000 r-xp 00000000 fd:00 44175907                   /lib/x86_64-linux-gnu/libgcc_s.so.1
7f1fa8c50000-7f1fa8e4f000 ---p 00017000 fd:00 44175907                   /lib/x86_64-linux-gnu/libgcc_s.so.1
7f1fa8e4f000-7f1fa8e50000 r--p 00016000 fd:00 44175907                   /lib/x86_64-linux-gnu/libgcc_s.so.1
7f1fa8e50000-7f1fa8e51000 rw-p 00017000 fd:00 44175907                   /lib/x86_64-linux-gnu/libgcc_s.so.1
7f1fa8e51000-7f1fa8fee000 r-xp 00000000 fd:00 44176066                   /lib/x86_64-linux-gnu/libm-2.27.so
7f1fa8fee000-7f1fa91ed000 ---p 0019d000 fd:00 44176066                   /lib/x86_64-linux-gnu/libm-2.27.so
7f1fa91ed000-7f1fa91ee000 r--p 0019c000 fd:00 44176066                   /lib/x86_64-linux-gnu/libm-2.27.so
7f1fa91ee000-7f1fa91ef000 rw-p 0019d000 fd:00 44176066                   /lib/x86_64-linux-gnu/libm-2.27.so
7f1fa91ef000-7f1fa9368000 r-xp 00000000 fd:00 18090134                   /usr/lib/x86_64-linux-gnu/libstdc++.so.6.0.25
7f1fa9368000-7f1fa9568000 ---p 00179000 fd:00 18090134                   /usr/lib/x86_64-linux-gnu/libstdc++.so.6.0.25
7f1fa9568000-7f1fa9572000 r--p 00179000 fd:00 18090134                   /usr/lib/x86_64-linux-gnu/libstdc++.so.6.0.25
7f1fa9572000-7f1fa9574000 rw-p 00183000 fd:00 18090134                   /usr/lib/x86_64-linux-gnu/libstdc++.so.6.0.25
7f1fa9574000-7f1fa9578000 rw-p 00000000 00:00 0 
7f1fa9578000-7f1faa515000 r-xp 00000000 fd:00 20186062                   /usr/lib/jvm/java-11-openjdk-amd64/lib/server/libjvm.so
7f1faa515000-7f1faa715000 ---p 00f9d000 fd:00 20186062                   /usr/lib/jvm/java-11-openjdk-amd64/lib/server/libjvm.so
7f1faa715000-7f1faa7d9000 r--p 00f9d000 fd:00 20186062                   /usr/lib/jvm/java-11-openjdk-amd64/lib/server/libjvm.so
7f1faa7d9000-7f1faa811000 rw-p 01061000 fd:00 20186062                   /usr/lib/jvm/java-11-openjdk-amd64/lib/server/libjvm.so
7f1faa811000-7f1faa85a000 rw-p 00000000 00:00 0 
7f1faa85a000-7f1faa874000 r-xp 00000000 fd:00 44176136                   /lib/x86_64-linux-gnu/libpthread-2.27.so
7f1faa874000-7f1faaa73000 ---p 0001a000 fd:00 44176136                   /lib/x86_64-linux-gnu/libpthread-2.27.so
7f1faaa73000-7f1faaa74000 r--p 00019000 fd:00 44176136                   /lib/x86_64-linux-gnu/libpthread-2.27.so
7f1faaa74000-7f1faaa75000 rw-p 0001a000 fd:00 44176136                   /lib/x86_64-linux-gnu/libpthread-2.27.so
7f1faaa75000-7f1faaa79000 rw-p 00000000 00:00 0 
7f1faaa79000-7f1faaa7c000 r-xp 00000000 fd:00 44176026                   /lib/x86_64-linux-gnu/libdl-2.27.so
7f1faaa7c000-7f1faac7b000 ---p 00003000 fd:00 44176026                   /lib/x86_64-linux-gnu/libdl-2.27.so
7f1faac7b000-7f1faac7c000 r--p 00002000 fd:00 44176026                   /lib/x86_64-linux-gnu/libdl-2.27.so
7f1faac7c000-7f1faac7d000 rw-p 00003000 fd:00 44176026                   /lib/x86_64-linux-gnu/libdl-2.27.so
7f1faac7d000-7f1faac99000 r-xp 00000000 fd:00 44176175                   /lib/x86_64-linux-gnu/libz.so.1.2.11
7f1faac99000-7f1faae98000 ---p 0001c000 fd:00 44176175                   /lib/x86_64-linux-gnu/libz.so.1.2.11
7f1faae98000-7f1faae99000 r--p 0001b000 fd:00 44176175                   /lib/x86_64-linux-gnu/libz.so.1.2.11
7f1faae99000-7f1faae9a000 rw-p 0001c000 fd:00 44176175                   /lib/x86_64-linux-gnu/libz.so.1.2.11
7f1faae9a000-7f1fab081000 r-xp 00000000 fd:00 44176003                   /lib/x86_64-linux-gnu/libc-2.27.so
7f1fab081000-7f1fab281000 ---p 001e7000 fd:00 44176003                   /lib/x86_64-linux-gnu/libc-2.27.so
7f1fab281000-7f1fab285000 r--p 001e7000 fd:00 44176003                   /lib/x86_64-linux-gnu/libc-2.27.so
7f1fab285000-7f1fab287000 rw-p 001eb000 fd:00 44176003                   /lib/x86_64-linux-gnu/libc-2.27.so
7f1fab287000-7f1fab28b000 rw-p 00000000 00:00 0 
7f1fab28b000-7f1fab29a000 r-xp 00000000 fd:00 20186020                   /usr/lib/jvm/java-11-openjdk-amd64/lib/jli/libjli.so
7f1fab29a000-7f1fab499000 ---p 0000f000 fd:00 20186020                   /usr/lib/jvm/java-11-openjdk-amd64/lib/jli/libjli.so
7f1fab499000-7f1fab49a000 r--p 0000e000 fd:00 20186020                   /usr/lib/jvm/java-11-openjdk-amd64/lib/jli/libjli.so
7f1fab49a000-7f1fab49b000 rw-p 0000f000 fd:00 20186020                   /usr/lib/jvm/java-11-openjdk-amd64/lib/jli/libjli.so
7f1fab49b000-7f1fab4c2000 r-xp 00000000 fd:00 44175975                   /lib/x86_64-linux-gnu/ld-2.27.so
7f1fab53e000-7f1fab5a5000 rw-p 00000000 00:00 0 
7f1fab5a5000-7f1fab5a9000 ---p 00000000 00:00 0 
7f1fab5a9000-7f1fab6a8000 rw-p 00000000 00:00 0 
7f1fab6a9000-7f1fab6af000 rw-p 00000000 00:00 0 
7f1fab6af000-7f1fab6b6000 ---p 00000000 00:00 0 
7f1fab6b6000-7f1fab6be000 rw-s 00000000 fd:00 16121869                   /tmp/hsperfdata_minecraft/26261
7f1fab6be000-7f1fab6bf000 ---p 00000000 00:00 0 
7f1fab6bf000-7f1fab6c0000 r--p 00000000 00:00 0 
7f1fab6c0000-7f1fab6c2000 rw-p 00000000 00:00 0 
7f1fab6c2000-7f1fab6c3000 r--p 00027000 fd:00 44175975                   /lib/x86_64-linux-gnu/ld-2.27.so
7f1fab6c3000-7f1fab6c4000 rw-p 00028000 fd:00 44175975                   /lib/x86_64-linux-gnu/ld-2.27.so
7f1fab6c4000-7f1fab6c5000 rw-p 00000000 00:00 0 
7ffc6d22d000-7ffc6d24e000 rw-p 00000000 00:00 0                          [stack]
7ffc6d3ab000-7ffc6d3ae000 r--p 00000000 00:00 0                          [vvar]
7ffc6d3ae000-7ffc6d3b0000 r-xp 00000000 00:00 0                          [vdso]
ffffffffff600000-ffffffffff601000 r-xp 00000000 00:00 0                  [vsyscall]


VM Arguments:
jvm_args: -Xms3g -Xmx3g 
java_command: server.jar nogui
java_class_path (initial): server.jar
Launcher Type: SUN_STANDARD

Logging:
Log output configuration:
#0: stdout all=warning uptime,level,tags
#1: stderr all=off uptime,level,tags

Environment Variables:
PATH=/usr/local/sbin:/usr/local/bin:/usr/sbin:/usr/bin:/sbin:/bin
SHELL=/bin/sh

Signal Handlers:
SIGSEGV: [libjvm.so+0xd28b70], sa_mask[0]=11111111011111111101111111111110, sa_flags=SA_RESTART|SA_SIGINFO
SIGBUS: [libjvm.so+0xd28b70], sa_mask[0]=11111111011111111101111111111110, sa_flags=SA_RESTART|SA_SIGINFO
SIGFPE: [libjvm.so+0xd28b70], sa_mask[0]=11111111011111111101111111111110, sa_flags=SA_RESTART|SA_SIGINFO
SIGPIPE: [libjvm.so+0xb2a1f0], sa_mask[0]=11111111011111111101111111111110, sa_flags=SA_RESTART|SA_SIGINFO
SIGXFSZ: [libjvm.so+0xb2a1f0], sa_mask[0]=11111111011111111101111111111110, sa_flags=SA_RESTART|SA_SIGINFO
SIGILL: [libjvm.so+0xd28b70], sa_mask[0]=11111111011111111101111111111110, sa_flags=SA_RESTART|SA_SIGINFO
SIGUSR2: [libjvm.so+0xb2a030], sa_mask[0]=00000000000000000000000000000000, sa_flags=SA_RESTART|SA_SIGINFO
SIGHUP: SIG_DFL, sa_mask[0]=00000000000000000000000000000000, sa_flags=none
SIGINT: SIG_DFL, sa_mask[0]=00000000000000000000000000000000, sa_flags=none
SIGTERM: SIG_DFL, sa_mask[0]=00000000000000000000000000000000, sa_flags=none
SIGQUIT: SIG_DFL, sa_mask[0]=00000000000000000000000000000000, sa_flags=none


---------------  S Y S T E M  ---------------

OS:DISTRIB_ID=Ubuntu
DISTRIB_RELEASE=18.04
DISTRIB_CODENAME=bionic
DISTRIB_DESCRIPTION="Ubuntu 18.04.2 LTS"
uname:Linux 4.15.0-46-generic #49-Ubuntu SMP Wed Feb 6 09:33:07 UTC 2019 x86_64
libc:glibc 2.27 NPTL 2.27 
rlimit: STACK 8192k, CORE 0k, NPROC 15099, NOFILE 4096, AS infinity, DATA infinity, FSIZE infinity
load average:1.51 1.52 1.46

/proc/meminfo:
MemTotal:        3943748 kB
MemFree:          124936 kB
MemAvailable:     976160 kB
Buffers:           33556 kB
Cached:          1016572 kB
SwapCached:        12032 kB
Active:          2715428 kB
Inactive:         908536 kB
Active(anon):    2082860 kB
Inactive(anon):   521048 kB
Active(file):     632568 kB
Inactive(file):   387488 kB
Unevictable:           0 kB
Mlocked:               0 kB
SwapTotal:        999420 kB
SwapFree:         614064 kB
Dirty:              4824 kB
Writeback:             0 kB
AnonPages:       2570024 kB
Mapped:            67492 kB
Shmem:             30068 kB
Slab:             108672 kB
SReclaimable:      67872 kB
SUnreclaim:        40800 kB
KernelStack:        5952 kB
PageTables:        23576 kB
NFS_Unstable:          0 kB
Bounce:                0 kB
WritebackTmp:          0 kB
CommitLimit:     2971292 kB
Committed_AS:    3145800 kB
VmallocTotal:   34359738367 kB
VmallocUsed:           0 kB
VmallocChunk:          0 kB
HardwareCorrupted:     0 kB
AnonHugePages:         0 kB
ShmemHugePages:        0 kB
ShmemPmdMapped:        0 kB
CmaTotal:              0 kB
CmaFree:               0 kB
HugePages_Total:       0
HugePages_Free:        0
HugePages_Rsvd:        0
HugePages_Surp:        0
Hugepagesize:       2048 kB
DirectMap4k:      158320 kB
DirectMap2M:     3940352 kB
DirectMap1G:           0 kB

container (cgroup) information:
container_type: cgroupv1
cpu_cpuset_cpus: 0-3
cpu_memory_nodes: 0
active_processor_count: 4
cpu_quota: -1
cpu_period: 100000
cpu_shares: -1
memory_limit_in_bytes: -1
memory_and_swap_limit_in_bytes: -2
memory_soft_limit_in_bytes: -1
memory_usage_in_bytes: 3708387328
memory_max_usage_in_bytes: 2048000


CPU:total 4 (initial active 4) (2 cores per cpu, 2 threads per core) family 6 model 69 stepping 1, cmov, cx8, fxsr, mmx, sse, sse2, sse3, ssse3, sse4.1, sse4.2, popcnt, avx, avx2, aes, clmul, erms, lzcnt, ht, tsc, tscinvbit, bmi1, bmi2, fma
CPU Model and flags from /proc/cpuinfo:
model name	: Intel(R) Core(TM) i7-4500U CPU @ 1.80GHz
flags		: fpu vme de pse tsc msr pae mce cx8 apic sep mtrr pge mca cmov pat pse36 clflush dts acpi mmx fxsr sse sse2 ss ht tm pbe syscall nx pdpe1gb rdtscp lm constant_tsc arch_perfmon pebs bts rep_good nopl xtopology nonstop_tsc cpuid aperfmperf pni pclmulqdq dtes64 monitor ds_cpl vmx est tm2 ssse3 sdbg fma cx16 xtpr pdcm pcid sse4_1 sse4_2 movbe popcnt tsc_deadline_timer aes xsave avx f16c rdrand lahf_lm abm cpuid_fault epb invpcid_single pti ssbd ibrs ibpb stibp tpr_shadow vnmi flexpriority ept vpid fsgsbase tsc_adjust bmi1 avx2 smep bmi2 erms invpcid xsaveopt dtherm ida arat pln pts flush_l1d

Memory: 4k page, physical 3943748k(124936k free), swap 999420k(614064k free)

vm_info: OpenJDK 64-Bit Server VM (10.0.2+13-Ubuntu-1ubuntu0.18.04.4) for linux-amd64 JRE (10.0.2+13-Ubuntu-1ubuntu0.18.04.4), built on Nov 13 2018 12:53:39 by "buildd" with gcc 7.3.0

END.
