#
# There is insufficient memory for the Java Runtime Environment to continue.
# Native memory allocation (mmap) failed to map 3221225472 bytes for committing reserved memory.
# Possible reasons:
#   The system is out of physical RAM or swap space
#   The process is running with CompressedOops enabled, and the Java Heap may be blocking the growth of the native heap
# Possible solutions:
#   Reduce memory load on the system
#   Increase physical memory or swap space
#   Check if swap backing store is full
#   Decrease Java heap size (-Xmx/-Xms)
#   Decrease number of Java threads
#   Decrease Java thread stack sizes (-Xss)
#   Set larger code cache with -XX:ReservedCodeCacheSize=
# This output file may be truncated or incomplete.
#
#  Out of Memory Error (os_linux.cpp:2706), pid=20098, tid=20099
#
# JRE version:  (10.0.2+13) (build )
# Java VM: OpenJDK 64-Bit Server VM (10.0.2+13-Ubuntu-1ubuntu0.18.04.4, mixed mode, aot, tiered, compressed oops, g1 gc, linux-amd64)
# Core dump will be written. Default location: Core dumps may be processed with "/usr/share/apport/apport %p %s %c %d %P" (or dumping to /opt/forno/minecraft/core.20098)
#

---------------  S U M M A R Y ------------

Command Line: -Xms3g -Xmx3g server.jar nogui

Host: Intel(R) Core(TM) i7-4500U CPU @ 1.80GHz, 4 cores, 3G, Ubuntu 18.04.2 LTS
Time: Thu Mar 21 07:47:15 2019 JST elapsed time: 0 seconds (0d 0h 0m 0s)

---------------  T H R E A D  ---------------

Current thread (0x00007fa3e8011000):  JavaThread "Unknown thread" [_thread_in_vm, id=20099, stack(0x00007fa3f1672000,0x00007fa3f1773000)]

Stack: [0x00007fa3f1672000,0x00007fa3f1773000],  sp=0x00007fa3f17712e0,  free space=1020k
Native frames: (J=compiled Java code, A=aot compiled Java code, j=interpreted, Vv=VM code, C=native code)
V  [libjvm.so+0xd27ea4]
V  [libjvm.so+0xd28a4b]
V  [libjvm.so+0x64d415]
V  [libjvm.so+0xb2d7c8]
V  [libjvm.so+0xb2601d]
V  [libjvm.so+0x7662ff]
V  [libjvm.so+0x76653e]
V  [libjvm.so+0x769500]
V  [libjvm.so+0x7efa1c]
V  [libjvm.so+0x7f06df]
V  [libjvm.so+0x7f0b59]
V  [libjvm.so+0x7162cf]
V  [libjvm.so+0x71afd3]
V  [libjvm.so+0xce5dc2]
V  [libjvm.so+0xce60c6]
V  [libjvm.so+0x807d57]
V  [libjvm.so+0xcc7ac4]
V  [libjvm.so+0x8601b1]  JNI_CreateJavaVM+0x51
C  [libjli.so+0x3d83]
C  [libjli.so+0x89dd]
C  [libpthread.so.0+0x76db]  start_thread+0xdb


---------------  P R O C E S S  ---------------

Threads class SMR info:
_java_thread_list=0x000055565b20c6b0, length=0, elements={
}

Java Threads: ( => current thread )

Other Threads:
  0x00007fa3e8028000 GCTaskThread "GC Thread#0" [stack: 0x00007fa3ed79b000,0x00007fa3ed89b000] [id=20100]
  0x00007fa3e8029000 GCTaskThread "GC Thread#1" [stack: 0x00007fa3ed699000,0x00007fa3ed799000] [id=20101]
  0x00007fa3e802b000 GCTaskThread "GC Thread#2" [stack: 0x00007fa3ed597000,0x00007fa3ed697000] [id=20102]
  0x00007fa3e802c800 GCTaskThread "GC Thread#3" [stack: 0x00007fa3ed495000,0x00007fa3ed595000] [id=20103]
  0x00007fa3e806a000 ConcurrentGCThread "G1 Main Marker" [stack: 0x00007fa3ec2cf000,0x00007fa3ec3cf000] [id=20104]
  0x00007fa3e806c000 ConcurrentGCThread "G1 Conc#0" [stack: 0x00007fa3ec1cd000,0x00007fa3ec2cd000] [id=20105]

[error occurred during error reporting (printing all threads), id 0xe0000002]

VM state:not at safepoint (not fully initialized)

VM Mutex/Monitor currently owned by a thread:  ([mutex/lock_event])
[0x00007fa3e800df30] Heap_lock - owner thread: 0x00007fa3e8011000

Heap address: 0x0000000700000000, size: 3072 MB, Compressed Oops mode: Non-zero based: 0x0000000700000000
Narrow klass base: 0x0000000000000000, Narrow klass shift: 0

GC Heap History (0 events):
No events

Deoptimization events (0 events):
No events

Classes redefined (0 events):
No events

Internal exceptions (0 events):
No events

Events (0 events):
No events


Dynamic libraries:
555659011000-555659012000 r-xp 00000000 fd:00 20185882                   /usr/lib/jvm/java-11-openjdk-amd64/bin/java
555659212000-555659213000 r--p 00001000 fd:00 20185882                   /usr/lib/jvm/java-11-openjdk-amd64/bin/java
555659213000-555659214000 rw-p 00002000 fd:00 20185882                   /usr/lib/jvm/java-11-openjdk-amd64/bin/java
55565b1f5000-55565b216000 rw-p 00000000 00:00 0                          [heap]
7fa3ac000000-7fa3ac021000 rw-p 00000000 00:00 0 
7fa3ac021000-7fa3b0000000 ---p 00000000 00:00 0 
7fa3b2000000-7fa3b4000000 rw-p 00000000 00:00 0 
7fa3b4000000-7fa3b4021000 rw-p 00000000 00:00 0 
7fa3b4021000-7fa3b8000000 ---p 00000000 00:00 0 
7fa3b8000000-7fa3b8021000 rw-p 00000000 00:00 0 
7fa3b8021000-7fa3bc000000 ---p 00000000 00:00 0 
7fa3bd000000-7fa3c0000000 ---p 00000000 00:00 0 
7fa3c0000000-7fa3c0021000 rw-p 00000000 00:00 0 
7fa3c0021000-7fa3c4000000 ---p 00000000 00:00 0 
7fa3c4000000-7fa3c4021000 rw-p 00000000 00:00 0 
7fa3c4021000-7fa3c8000000 ---p 00000000 00:00 0 
7fa3c8000000-7fa3c8021000 rw-p 00000000 00:00 0 
7fa3c8021000-7fa3cc000000 ---p 00000000 00:00 0 
7fa3cc222000-7fa3cc525000 rw-p 00000000 00:00 0 
7fa3cc525000-7fa3cfb25000 ---p 00000000 00:00 0 
7fa3cfb25000-7fa3cfd95000 rwxp 00000000 00:00 0 
7fa3cfd95000-7fa3d00b5000 ---p 00000000 00:00 0 
7fa3d00b5000-7fa3d0325000 rwxp 00000000 00:00 0 
7fa3d0325000-7fa3d75ed000 ---p 00000000 00:00 0 
7fa3d75ed000-7fa3d785d000 rwxp 00000000 00:00 0 
7fa3d785d000-7fa3deb25000 ---p 00000000 00:00 0 
7fa3deb25000-7fa3e8000000 r--s 00000000 fd:00 20186057                   /usr/lib/jvm/java-11-openjdk-amd64/lib/modules
7fa3e8000000-7fa3e8083000 rw-p 00000000 00:00 0 
7fa3e8083000-7fa3ec000000 ---p 00000000 00:00 0 
7fa3ec0ca000-7fa3ec1cb000 rw-p 00000000 00:00 0 
7fa3ec1cb000-7fa3ec1cc000 ---p 00000000 00:00 0 
7fa3ec1cc000-7fa3ec2cd000 rw-p 00000000 00:00 0 
7fa3ec2cd000-7fa3ec2ce000 ---p 00000000 00:00 0 
7fa3ec2ce000-7fa3ec48f000 rw-p 00000000 00:00 0 
7fa3ec48f000-7fa3ed08f000 ---p 00000000 00:00 0 
7fa3ed08f000-7fa3ed493000 rw-p 00000000 00:00 0 
7fa3ed493000-7fa3ed494000 ---p 00000000 00:00 0 
7fa3ed494000-7fa3ed595000 rw-p 00000000 00:00 0 
7fa3ed595000-7fa3ed596000 ---p 00000000 00:00 0 
7fa3ed596000-7fa3ed697000 rw-p 00000000 00:00 0 
7fa3ed697000-7fa3ed698000 ---p 00000000 00:00 0 
7fa3ed698000-7fa3ed799000 rw-p 00000000 00:00 0 
7fa3ed799000-7fa3ed79a000 ---p 00000000 00:00 0 
7fa3ed79a000-7fa3ed8a0000 rw-p 00000000 00:00 0 
7fa3ed8a0000-7fa3ed986000 ---p 00000000 00:00 0 
7fa3ed986000-7fa3ed98b000 rw-p 00000000 00:00 0 
7fa3ed98b000-7fa3eda71000 ---p 00000000 00:00 0 
7fa3eda71000-7fa3eda76000 r-xp 00000000 fd:00 20186039                   /usr/lib/jvm/java-11-openjdk-amd64/lib/libjimage.so
7fa3eda76000-7fa3edc75000 ---p 00005000 fd:00 20186039                   /usr/lib/jvm/java-11-openjdk-amd64/lib/libjimage.so
7fa3edc75000-7fa3edc76000 r--p 00004000 fd:00 20186039                   /usr/lib/jvm/java-11-openjdk-amd64/lib/libjimage.so
7fa3edc76000-7fa3edc77000 rw-p 00005000 fd:00 20186039                   /usr/lib/jvm/java-11-openjdk-amd64/lib/libjimage.so
7fa3edc77000-7fa3edc7e000 r-xp 00000000 fd:00 20186056                   /usr/lib/jvm/java-11-openjdk-amd64/lib/libzip.so
7fa3edc7e000-7fa3ede7d000 ---p 00007000 fd:00 20186056                   /usr/lib/jvm/java-11-openjdk-amd64/lib/libzip.so
7fa3ede7d000-7fa3ede7e000 r--p 00006000 fd:00 20186056                   /usr/lib/jvm/java-11-openjdk-amd64/lib/libzip.so
7fa3ede7e000-7fa3ede7f000 rw-p 00007000 fd:00 20186056                   /usr/lib/jvm/java-11-openjdk-amd64/lib/libzip.so
7fa3ede7f000-7fa3ede8a000 r-xp 00000000 fd:00 44176093                   /lib/x86_64-linux-gnu/libnss_files-2.27.so
7fa3ede8a000-7fa3ee089000 ---p 0000b000 fd:00 44176093                   /lib/x86_64-linux-gnu/libnss_files-2.27.so
7fa3ee089000-7fa3ee08a000 r--p 0000a000 fd:00 44176093                   /lib/x86_64-linux-gnu/libnss_files-2.27.so
7fa3ee08a000-7fa3ee08b000 rw-p 0000b000 fd:00 44176093                   /lib/x86_64-linux-gnu/libnss_files-2.27.so
7fa3ee08b000-7fa3ee091000 rw-p 00000000 00:00 0 
7fa3ee091000-7fa3ee0a8000 r-xp 00000000 fd:00 44176087                   /lib/x86_64-linux-gnu/libnsl-2.27.so
7fa3ee0a8000-7fa3ee2a7000 ---p 00017000 fd:00 44176087                   /lib/x86_64-linux-gnu/libnsl-2.27.so
7fa3ee2a7000-7fa3ee2a8000 r--p 00016000 fd:00 44176087                   /lib/x86_64-linux-gnu/libnsl-2.27.so
7fa3ee2a8000-7fa3ee2a9000 rw-p 00017000 fd:00 44176087                   /lib/x86_64-linux-gnu/libnsl-2.27.so
7fa3ee2a9000-7fa3ee2ab000 rw-p 00000000 00:00 0 
7fa3ee2ab000-7fa3ee2b6000 r-xp 00000000 fd:00 44176104                   /lib/x86_64-linux-gnu/libnss_nis-2.27.so
7fa3ee2b6000-7fa3ee4b5000 ---p 0000b000 fd:00 44176104                   /lib/x86_64-linux-gnu/libnss_nis-2.27.so
7fa3ee4b5000-7fa3ee4b6000 r--p 0000a000 fd:00 44176104                   /lib/x86_64-linux-gnu/libnss_nis-2.27.so
7fa3ee4b6000-7fa3ee4b7000 rw-p 0000b000 fd:00 44176104                   /lib/x86_64-linux-gnu/libnss_nis-2.27.so
7fa3ee4b7000-7fa3ee4bf000 r-xp 00000000 fd:00 44176089                   /lib/x86_64-linux-gnu/libnss_compat-2.27.so
7fa3ee4bf000-7fa3ee6bf000 ---p 00008000 fd:00 44176089                   /lib/x86_64-linux-gnu/libnss_compat-2.27.so
7fa3ee6bf000-7fa3ee6c0000 r--p 00008000 fd:00 44176089                   /lib/x86_64-linux-gnu/libnss_compat-2.27.so
7fa3ee6c0000-7fa3ee6c1000 rw-p 00009000 fd:00 44176089                   /lib/x86_64-linux-gnu/libnss_compat-2.27.so
7fa3ee6c1000-7fa3ee6ed000 r-xp 00000000 fd:00 20186035                   /usr/lib/jvm/java-11-openjdk-amd64/lib/libjava.so
7fa3ee6ed000-7fa3ee8ec000 ---p 0002c000 fd:00 20186035                   /usr/lib/jvm/java-11-openjdk-amd64/lib/libjava.so
7fa3ee8ec000-7fa3ee8ed000 r--p 0002b000 fd:00 20186035                   /usr/lib/jvm/java-11-openjdk-amd64/lib/libjava.so
7fa3ee8ed000-7fa3ee8ef000 rw-p 0002c000 fd:00 20186035                   /usr/lib/jvm/java-11-openjdk-amd64/lib/libjava.so
7fa3ee8ef000-7fa3ee8fc000 r-xp 00000000 fd:00 20186055                   /usr/lib/jvm/java-11-openjdk-amd64/lib/libverify.so
7fa3ee8fc000-7fa3eeafb000 ---p 0000d000 fd:00 20186055                   /usr/lib/jvm/java-11-openjdk-amd64/lib/libverify.so
7fa3eeafb000-7fa3eeafd000 r--p 0000c000 fd:00 20186055                   /usr/lib/jvm/java-11-openjdk-amd64/lib/libverify.so
7fa3eeafd000-7fa3eeafe000 rw-p 0000e000 fd:00 20186055                   /usr/lib/jvm/java-11-openjdk-amd64/lib/libverify.so
7fa3eeafe000-7fa3eeb05000 r-xp 00000000 fd:00 44176144                   /lib/x86_64-linux-gnu/librt-2.27.so
7fa3eeb05000-7fa3eed04000 ---p 00007000 fd:00 44176144                   /lib/x86_64-linux-gnu/librt-2.27.so
7fa3eed04000-7fa3eed05000 r--p 00006000 fd:00 44176144                   /lib/x86_64-linux-gnu/librt-2.27.so
7fa3eed05000-7fa3eed06000 rw-p 00007000 fd:00 44176144                   /lib/x86_64-linux-gnu/librt-2.27.so
7fa3eed06000-7fa3eed1d000 r-xp 00000000 fd:00 44175907                   /lib/x86_64-linux-gnu/libgcc_s.so.1
7fa3eed1d000-7fa3eef1c000 ---p 00017000 fd:00 44175907                   /lib/x86_64-linux-gnu/libgcc_s.so.1
7fa3eef1c000-7fa3eef1d000 r--p 00016000 fd:00 44175907                   /lib/x86_64-linux-gnu/libgcc_s.so.1
7fa3eef1d000-7fa3eef1e000 rw-p 00017000 fd:00 44175907                   /lib/x86_64-linux-gnu/libgcc_s.so.1
7fa3eef1e000-7fa3ef0bb000 r-xp 00000000 fd:00 44176066                   /lib/x86_64-linux-gnu/libm-2.27.so
7fa3ef0bb000-7fa3ef2ba000 ---p 0019d000 fd:00 44176066                   /lib/x86_64-linux-gnu/libm-2.27.so
7fa3ef2ba000-7fa3ef2bb000 r--p 0019c000 fd:00 44176066                   /lib/x86_64-linux-gnu/libm-2.27.so
7fa3ef2bb000-7fa3ef2bc000 rw-p 0019d000 fd:00 44176066                   /lib/x86_64-linux-gnu/libm-2.27.so
7fa3ef2bc000-7fa3ef435000 r-xp 00000000 fd:00 18090134                   /usr/lib/x86_64-linux-gnu/libstdc++.so.6.0.25
7fa3ef435000-7fa3ef635000 ---p 00179000 fd:00 18090134                   /usr/lib/x86_64-linux-gnu/libstdc++.so.6.0.25
7fa3ef635000-7fa3ef63f000 r--p 00179000 fd:00 18090134                   /usr/lib/x86_64-linux-gnu/libstdc++.so.6.0.25
7fa3ef63f000-7fa3ef641000 rw-p 00183000 fd:00 18090134                   /usr/lib/x86_64-linux-gnu/libstdc++.so.6.0.25
7fa3ef641000-7fa3ef645000 rw-p 00000000 00:00 0 
7fa3ef645000-7fa3f05e2000 r-xp 00000000 fd:00 20186062                   /usr/lib/jvm/java-11-openjdk-amd64/lib/server/libjvm.so
7fa3f05e2000-7fa3f07e2000 ---p 00f9d000 fd:00 20186062                   /usr/lib/jvm/java-11-openjdk-amd64/lib/server/libjvm.so
7fa3f07e2000-7fa3f08a6000 r--p 00f9d000 fd:00 20186062                   /usr/lib/jvm/java-11-openjdk-amd64/lib/server/libjvm.so
7fa3f08a6000-7fa3f08de000 rw-p 01061000 fd:00 20186062                   /usr/lib/jvm/java-11-openjdk-amd64/lib/server/libjvm.so
7fa3f08de000-7fa3f0927000 rw-p 00000000 00:00 0 
7fa3f0927000-7fa3f0941000 r-xp 00000000 fd:00 44176136                   /lib/x86_64-linux-gnu/libpthread-2.27.so
7fa3f0941000-7fa3f0b40000 ---p 0001a000 fd:00 44176136                   /lib/x86_64-linux-gnu/libpthread-2.27.so
7fa3f0b40000-7fa3f0b41000 r--p 00019000 fd:00 44176136                   /lib/x86_64-linux-gnu/libpthread-2.27.so
7fa3f0b41000-7fa3f0b42000 rw-p 0001a000 fd:00 44176136                   /lib/x86_64-linux-gnu/libpthread-2.27.so
7fa3f0b42000-7fa3f0b46000 rw-p 00000000 00:00 0 
7fa3f0b46000-7fa3f0b49000 r-xp 00000000 fd:00 44176026                   /lib/x86_64-linux-gnu/libdl-2.27.so
7fa3f0b49000-7fa3f0d48000 ---p 00003000 fd:00 44176026                   /lib/x86_64-linux-gnu/libdl-2.27.so
7fa3f0d48000-7fa3f0d49000 r--p 00002000 fd:00 44176026                   /lib/x86_64-linux-gnu/libdl-2.27.so
7fa3f0d49000-7fa3f0d4a000 rw-p 00003000 fd:00 44176026                   /lib/x86_64-linux-gnu/libdl-2.27.so
7fa3f0d4a000-7fa3f0d66000 r-xp 00000000 fd:00 44176175                   /lib/x86_64-linux-gnu/libz.so.1.2.11
7fa3f0d66000-7fa3f0f65000 ---p 0001c000 fd:00 44176175                   /lib/x86_64-linux-gnu/libz.so.1.2.11
7fa3f0f65000-7fa3f0f66000 r--p 0001b000 fd:00 44176175                   /lib/x86_64-linux-gnu/libz.so.1.2.11
7fa3f0f66000-7fa3f0f67000 rw-p 0001c000 fd:00 44176175                   /lib/x86_64-linux-gnu/libz.so.1.2.11
7fa3f0f67000-7fa3f114e000 r-xp 00000000 fd:00 44176003                   /lib/x86_64-linux-gnu/libc-2.27.so
7fa3f114e000-7fa3f134e000 ---p 001e7000 fd:00 44176003                   /lib/x86_64-linux-gnu/libc-2.27.so
7fa3f134e000-7fa3f1352000 r--p 001e7000 fd:00 44176003                   /lib/x86_64-linux-gnu/libc-2.27.so
7fa3f1352000-7fa3f1354000 rw-p 001eb000 fd:00 44176003                   /lib/x86_64-linux-gnu/libc-2.27.so
7fa3f1354000-7fa3f1358000 rw-p 00000000 00:00 0 
7fa3f1358000-7fa3f1367000 r-xp 00000000 fd:00 20186020                   /usr/lib/jvm/java-11-openjdk-amd64/lib/jli/libjli.so
7fa3f1367000-7fa3f1566000 ---p 0000f000 fd:00 20186020                   /usr/lib/jvm/java-11-openjdk-amd64/lib/jli/libjli.so
7fa3f1566000-7fa3f1567000 r--p 0000e000 fd:00 20186020                   /usr/lib/jvm/java-11-openjdk-amd64/lib/jli/libjli.so
7fa3f1567000-7fa3f1568000 rw-p 0000f000 fd:00 20186020                   /usr/lib/jvm/java-11-openjdk-amd64/lib/jli/libjli.so
7fa3f1568000-7fa3f158f000 r-xp 00000000 fd:00 44175975                   /lib/x86_64-linux-gnu/ld-2.27.so
7fa3f160b000-7fa3f1672000 rw-p 00000000 00:00 0 
7fa3f1672000-7fa3f1676000 ---p 00000000 00:00 0 
7fa3f1676000-7fa3f1775000 rw-p 00000000 00:00 0 
7fa3f1776000-7fa3f177c000 rw-p 00000000 00:00 0 
7fa3f177c000-7fa3f1783000 ---p 00000000 00:00 0 
7fa3f1783000-7fa3f178b000 rw-s 00000000 fd:00 16121869                   /tmp/hsperfdata_minecraft/20098
7fa3f178b000-7fa3f178c000 ---p 00000000 00:00 0 
7fa3f178c000-7fa3f178d000 r--p 00000000 00:00 0 
7fa3f178d000-7fa3f178f000 rw-p 00000000 00:00 0 
7fa3f178f000-7fa3f1790000 r--p 00027000 fd:00 44175975                   /lib/x86_64-linux-gnu/ld-2.27.so
7fa3f1790000-7fa3f1791000 rw-p 00028000 fd:00 44175975                   /lib/x86_64-linux-gnu/ld-2.27.so
7fa3f1791000-7fa3f1792000 rw-p 00000000 00:00 0 
7fffbdd66000-7fffbdd87000 rw-p 00000000 00:00 0                          [stack]
7fffbddc2000-7fffbddc5000 r--p 00000000 00:00 0                          [vvar]
7fffbddc5000-7fffbddc7000 r-xp 00000000 00:00 0                          [vdso]
ffffffffff600000-ffffffffff601000 r-xp 00000000 00:00 0                  [vsyscall]


VM Arguments:
jvm_args: -Xms3g -Xmx3g 
java_command: server.jar nogui
java_class_path (initial): server.jar
Launcher Type: SUN_STANDARD

Logging:
Log output configuration:
#0: stdout all=warning uptime,level,tags
#1: stderr all=off uptime,level,tags

Environment Variables:
PATH=/usr/local/sbin:/usr/local/bin:/usr/sbin:/usr/bin:/sbin:/bin
SHELL=/bin/sh

Signal Handlers:
SIGSEGV: [libjvm.so+0xd28b70], sa_mask[0]=11111111011111111101111111111110, sa_flags=SA_RESTART|SA_SIGINFO
SIGBUS: [libjvm.so+0xd28b70], sa_mask[0]=11111111011111111101111111111110, sa_flags=SA_RESTART|SA_SIGINFO
SIGFPE: [libjvm.so+0xd28b70], sa_mask[0]=11111111011111111101111111111110, sa_flags=SA_RESTART|SA_SIGINFO
SIGPIPE: [libjvm.so+0xb2a1f0], sa_mask[0]=11111111011111111101111111111110, sa_flags=SA_RESTART|SA_SIGINFO
SIGXFSZ: [libjvm.so+0xb2a1f0], sa_mask[0]=11111111011111111101111111111110, sa_flags=SA_RESTART|SA_SIGINFO
SIGILL: [libjvm.so+0xd28b70], sa_mask[0]=11111111011111111101111111111110, sa_flags=SA_RESTART|SA_SIGINFO
SIGUSR2: [libjvm.so+0xb2a030], sa_mask[0]=00000000000000000000000000000000, sa_flags=SA_RESTART|SA_SIGINFO
SIGHUP: SIG_DFL, sa_mask[0]=00000000000000000000000000000000, sa_flags=none
SIGINT: SIG_DFL, sa_mask[0]=00000000000000000000000000000000, sa_flags=none
SIGTERM: SIG_DFL, sa_mask[0]=00000000000000000000000000000000, sa_flags=none
SIGQUIT: SIG_DFL, sa_mask[0]=00000000000000000000000000000000, sa_flags=none


---------------  S Y S T E M  ---------------

OS:DISTRIB_ID=Ubuntu
DISTRIB_RELEASE=18.04
DISTRIB_CODENAME=bionic
DISTRIB_DESCRIPTION="Ubuntu 18.04.2 LTS"
uname:Linux 4.15.0-46-generic #49-Ubuntu SMP Wed Feb 6 09:33:07 UTC 2019 x86_64
libc:glibc 2.27 NPTL 2.27 
rlimit: STACK 8192k, CORE 0k, NPROC 15099, NOFILE 4096, AS infinity, DATA infinity, FSIZE infinity
load average:1.09 1.24 1.31

/proc/meminfo:
MemTotal:        3943748 kB
MemFree:          127148 kB
MemAvailable:    1348728 kB
Buffers:           35548 kB
Cached:          1385960 kB
SwapCached:         7612 kB
Active:          2677604 kB
Inactive:         947960 kB
Active(anon):    1820028 kB
Inactive(anon):   414100 kB
Active(file):     857576 kB
Inactive(file):   533860 kB
Unevictable:           0 kB
Mlocked:               0 kB
SwapTotal:        999420 kB
SwapFree:         594864 kB
Dirty:              4156 kB
Writeback:             0 kB
AnonPages:       2201808 kB
Mapped:            75704 kB
Shmem:             30072 kB
Slab:             106672 kB
SReclaimable:      65820 kB
SUnreclaim:        40852 kB
KernelStack:        6016 kB
PageTables:        23176 kB
NFS_Unstable:          0 kB
Bounce:                0 kB
WritebackTmp:          0 kB
CommitLimit:     2971292 kB
Committed_AS:    3163900 kB
VmallocTotal:   34359738367 kB
VmallocUsed:           0 kB
VmallocChunk:          0 kB
HardwareCorrupted:     0 kB
AnonHugePages:         0 kB
ShmemHugePages:        0 kB
ShmemPmdMapped:        0 kB
CmaTotal:              0 kB
CmaFree:               0 kB
HugePages_Total:       0
HugePages_Free:        0
HugePages_Rsvd:        0
HugePages_Surp:        0
Hugepagesize:       2048 kB
DirectMap4k:      158320 kB
DirectMap2M:     3940352 kB
DirectMap1G:           0 kB

container (cgroup) information:
container_type: cgroupv1
cpu_cpuset_cpus: 0-3
cpu_memory_nodes: 0
active_processor_count: 4
cpu_quota: -1
cpu_period: 100000
cpu_shares: -1
memory_limit_in_bytes: -1
memory_and_swap_limit_in_bytes: -2
memory_soft_limit_in_bytes: -1
memory_usage_in_bytes: 3711033344
memory_max_usage_in_bytes: 2048000


CPU:total 4 (initial active 4) (2 cores per cpu, 2 threads per core) family 6 model 69 stepping 1, cmov, cx8, fxsr, mmx, sse, sse2, sse3, ssse3, sse4.1, sse4.2, popcnt, avx, avx2, aes, clmul, erms, lzcnt, ht, tsc, tscinvbit, bmi1, bmi2, fma
CPU Model and flags from /proc/cpuinfo:
model name	: Intel(R) Core(TM) i7-4500U CPU @ 1.80GHz
flags		: fpu vme de pse tsc msr pae mce cx8 apic sep mtrr pge mca cmov pat pse36 clflush dts acpi mmx fxsr sse sse2 ss ht tm pbe syscall nx pdpe1gb rdtscp lm constant_tsc arch_perfmon pebs bts rep_good nopl xtopology nonstop_tsc cpuid aperfmperf pni pclmulqdq dtes64 monitor ds_cpl vmx est tm2 ssse3 sdbg fma cx16 xtpr pdcm pcid sse4_1 sse4_2 movbe popcnt tsc_deadline_timer aes xsave avx f16c rdrand lahf_lm abm cpuid_fault epb invpcid_single pti ssbd ibrs ibpb stibp tpr_shadow vnmi flexpriority ept vpid fsgsbase tsc_adjust bmi1 avx2 smep bmi2 erms invpcid xsaveopt dtherm ida arat pln pts flush_l1d

Memory: 4k page, physical 3943748k(127296k free), swap 999420k(594864k free)

vm_info: OpenJDK 64-Bit Server VM (10.0.2+13-Ubuntu-1ubuntu0.18.04.4) for linux-amd64 JRE (10.0.2+13-Ubuntu-1ubuntu0.18.04.4), built on Nov 13 2018 12:53:39 by "buildd" with gcc 7.3.0

END.
