#
# There is insufficient memory for the Java Runtime Environment to continue.
# Native memory allocation (mmap) failed to map 3221225472 bytes for committing reserved memory.
# Possible reasons:
#   The system is out of physical RAM or swap space
#   The process is running with CompressedOops enabled, and the Java Heap may be blocking the growth of the native heap
# Possible solutions:
#   Reduce memory load on the system
#   Increase physical memory or swap space
#   Check if swap backing store is full
#   Decrease Java heap size (-Xmx/-Xms)
#   Decrease number of Java threads
#   Decrease Java thread stack sizes (-Xss)
#   Set larger code cache with -XX:ReservedCodeCacheSize=
# This output file may be truncated or incomplete.
#
#  Out of Memory Error (os_linux.cpp:2706), pid=2231, tid=2232
#
# JRE version:  (10.0.2+13) (build )
# Java VM: OpenJDK 64-Bit Server VM (10.0.2+13-Ubuntu-1ubuntu0.18.04.4, mixed mode, aot, tiered, compressed oops, g1 gc, linux-amd64)
# Core dump will be written. Default location: Core dumps may be processed with "/usr/share/apport/apport %p %s %c %d %P" (or dumping to /opt/forno/minecraft/core.2231)
#

---------------  S U M M A R Y ------------

Command Line: -Xms3g -Xmx3g server.jar nogui

Host: Intel(R) Core(TM) i7-4500U CPU @ 1.80GHz, 4 cores, 3G, Ubuntu 18.04.2 LTS
Time: Thu Mar 21 07:15:08 2019 JST elapsed time: 0 seconds (0d 0h 0m 0s)

---------------  T H R E A D  ---------------

Current thread (0x00007fc8f8011000):  JavaThread "Unknown thread" [_thread_in_vm, id=2232, stack(0x00007fc900288000,0x00007fc900389000)]

Stack: [0x00007fc900288000,0x00007fc900389000],  sp=0x00007fc9003872e0,  free space=1020k
Native frames: (J=compiled Java code, A=aot compiled Java code, j=interpreted, Vv=VM code, C=native code)
V  [libjvm.so+0xd27ea4]
V  [libjvm.so+0xd28a4b]
V  [libjvm.so+0x64d415]
V  [libjvm.so+0xb2d7c8]
V  [libjvm.so+0xb2601d]
V  [libjvm.so+0x7662ff]
V  [libjvm.so+0x76653e]
V  [libjvm.so+0x769500]
V  [libjvm.so+0x7efa1c]
V  [libjvm.so+0x7f06df]
V  [libjvm.so+0x7f0b59]
V  [libjvm.so+0x7162cf]
V  [libjvm.so+0x71afd3]
V  [libjvm.so+0xce5dc2]
V  [libjvm.so+0xce60c6]
V  [libjvm.so+0x807d57]
V  [libjvm.so+0xcc7ac4]
V  [libjvm.so+0x8601b1]  JNI_CreateJavaVM+0x51
C  [libjli.so+0x3d83]
C  [libjli.so+0x89dd]
C  [libpthread.so.0+0x76db]  start_thread+0xdb


---------------  P R O C E S S  ---------------

Threads class SMR info:
_java_thread_list=0x0000560f5ae9e6b0, length=0, elements={
}

Java Threads: ( => current thread )

Other Threads:
  0x00007fc8f8028000 GCTaskThread "GC Thread#0" [stack: 0x00007fc8fc3b1000,0x00007fc8fc4b1000] [id=2233]
  0x00007fc8f8029000 GCTaskThread "GC Thread#1" [stack: 0x00007fc8fc2af000,0x00007fc8fc3af000] [id=2234]
  0x00007fc8f802b000 GCTaskThread "GC Thread#2" [stack: 0x00007fc8fc1ad000,0x00007fc8fc2ad000] [id=2235]
  0x00007fc8f802c800 GCTaskThread "GC Thread#3" [stack: 0x00007fc8fc0ab000,0x00007fc8fc1ab000] [id=2236]
  0x00007fc8f806a000 ConcurrentGCThread "G1 Main Marker" [stack: 0x00007fc8de361000,0x00007fc8de461000] [id=2237]
  0x00007fc8f806c000 ConcurrentGCThread "G1 Conc#0" [stack: 0x00007fc8de25f000,0x00007fc8de35f000] [id=2238]

[error occurred during error reporting (printing all threads), id 0xe0000002]

VM state:not at safepoint (not fully initialized)

VM Mutex/Monitor currently owned by a thread:  ([mutex/lock_event])
[0x00007fc8f800df30] Heap_lock - owner thread: 0x00007fc8f8011000

Heap address: 0x0000000700000000, size: 3072 MB, Compressed Oops mode: Non-zero based: 0x0000000700000000
Narrow klass base: 0x0000000000000000, Narrow klass shift: 0

GC Heap History (0 events):
No events

Deoptimization events (0 events):
No events

Classes redefined (0 events):
No events

Internal exceptions (0 events):
No events

Events (0 events):
No events


Dynamic libraries:
560f59d7b000-560f59d7c000 r-xp 00000000 fd:00 20185882                   /usr/lib/jvm/java-11-openjdk-amd64/bin/java
560f59f7c000-560f59f7d000 r--p 00001000 fd:00 20185882                   /usr/lib/jvm/java-11-openjdk-amd64/bin/java
560f59f7d000-560f59f7e000 rw-p 00002000 fd:00 20185882                   /usr/lib/jvm/java-11-openjdk-amd64/bin/java
560f5ae87000-560f5aea8000 rw-p 00000000 00:00 0                          [heap]
7fc8b8000000-7fc8b8021000 rw-p 00000000 00:00 0 
7fc8b8021000-7fc8bc000000 ---p 00000000 00:00 0 
7fc8c0000000-7fc8c0021000 rw-p 00000000 00:00 0 
7fc8c0021000-7fc8c4000000 ---p 00000000 00:00 0 
7fc8c5000000-7fc8c8000000 ---p 00000000 00:00 0 
7fc8c8000000-7fc8c8021000 rw-p 00000000 00:00 0 
7fc8c8021000-7fc8cc000000 ---p 00000000 00:00 0 
7fc8ccdfe000-7fc8cd000000 rw-p 00000000 00:00 0 
7fc8cd000000-7fc8d0000000 ---p 00000000 00:00 0 
7fc8d0000000-7fc8d0021000 rw-p 00000000 00:00 0 
7fc8d0021000-7fc8d4000000 ---p 00000000 00:00 0 
7fc8d4000000-7fc8d4021000 rw-p 00000000 00:00 0 
7fc8d4021000-7fc8d8000000 ---p 00000000 00:00 0 
7fc8d8000000-7fc8d8021000 rw-p 00000000 00:00 0 
7fc8d8021000-7fc8dc000000 ---p 00000000 00:00 0 
7fc8dc05b000-7fc8de25d000 rw-p 00000000 00:00 0 
7fc8de25d000-7fc8de25e000 ---p 00000000 00:00 0 
7fc8de25e000-7fc8de35f000 rw-p 00000000 00:00 0 
7fc8de35f000-7fc8de360000 ---p 00000000 00:00 0 
7fc8de360000-7fc8de521000 rw-p 00000000 00:00 0 
7fc8de521000-7fc8df721000 ---p 00000000 00:00 0 
7fc8df721000-7fc8dfb25000 rw-p 00000000 00:00 0 
7fc8dfb25000-7fc8dfd95000 rwxp 00000000 00:00 0 
7fc8dfd95000-7fc8e00b5000 ---p 00000000 00:00 0 
7fc8e00b5000-7fc8e0325000 rwxp 00000000 00:00 0 
7fc8e0325000-7fc8e75ed000 ---p 00000000 00:00 0 
7fc8e75ed000-7fc8e785d000 rwxp 00000000 00:00 0 
7fc8e785d000-7fc8eeb25000 ---p 00000000 00:00 0 
7fc8eeb25000-7fc8f8000000 r--s 00000000 fd:00 20186057                   /usr/lib/jvm/java-11-openjdk-amd64/lib/modules
7fc8f8000000-7fc8f8083000 rw-p 00000000 00:00 0 
7fc8f8083000-7fc8fc000000 ---p 00000000 00:00 0 
7fc8fc0a9000-7fc8fc0aa000 ---p 00000000 00:00 0 
7fc8fc0aa000-7fc8fc1ab000 rw-p 00000000 00:00 0 
7fc8fc1ab000-7fc8fc1ac000 ---p 00000000 00:00 0 
7fc8fc1ac000-7fc8fc2ad000 rw-p 00000000 00:00 0 
7fc8fc2ad000-7fc8fc2ae000 ---p 00000000 00:00 0 
7fc8fc2ae000-7fc8fc3af000 rw-p 00000000 00:00 0 
7fc8fc3af000-7fc8fc3b0000 ---p 00000000 00:00 0 
7fc8fc3b0000-7fc8fc4b6000 rw-p 00000000 00:00 0 
7fc8fc4b6000-7fc8fc59c000 ---p 00000000 00:00 0 
7fc8fc59c000-7fc8fc5a1000 rw-p 00000000 00:00 0 
7fc8fc5a1000-7fc8fc687000 ---p 00000000 00:00 0 
7fc8fc687000-7fc8fc68c000 r-xp 00000000 fd:00 20186039                   /usr/lib/jvm/java-11-openjdk-amd64/lib/libjimage.so
7fc8fc68c000-7fc8fc88b000 ---p 00005000 fd:00 20186039                   /usr/lib/jvm/java-11-openjdk-amd64/lib/libjimage.so
7fc8fc88b000-7fc8fc88c000 r--p 00004000 fd:00 20186039                   /usr/lib/jvm/java-11-openjdk-amd64/lib/libjimage.so
7fc8fc88c000-7fc8fc88d000 rw-p 00005000 fd:00 20186039                   /usr/lib/jvm/java-11-openjdk-amd64/lib/libjimage.so
7fc8fc88d000-7fc8fc894000 r-xp 00000000 fd:00 20186056                   /usr/lib/jvm/java-11-openjdk-amd64/lib/libzip.so
7fc8fc894000-7fc8fca93000 ---p 00007000 fd:00 20186056                   /usr/lib/jvm/java-11-openjdk-amd64/lib/libzip.so
7fc8fca93000-7fc8fca94000 r--p 00006000 fd:00 20186056                   /usr/lib/jvm/java-11-openjdk-amd64/lib/libzip.so
7fc8fca94000-7fc8fca95000 rw-p 00007000 fd:00 20186056                   /usr/lib/jvm/java-11-openjdk-amd64/lib/libzip.so
7fc8fca95000-7fc8fcaa0000 r-xp 00000000 fd:00 44176093                   /lib/x86_64-linux-gnu/libnss_files-2.27.so
7fc8fcaa0000-7fc8fcc9f000 ---p 0000b000 fd:00 44176093                   /lib/x86_64-linux-gnu/libnss_files-2.27.so
7fc8fcc9f000-7fc8fcca0000 r--p 0000a000 fd:00 44176093                   /lib/x86_64-linux-gnu/libnss_files-2.27.so
7fc8fcca0000-7fc8fcca1000 rw-p 0000b000 fd:00 44176093                   /lib/x86_64-linux-gnu/libnss_files-2.27.so
7fc8fcca1000-7fc8fcca7000 rw-p 00000000 00:00 0 
7fc8fcca7000-7fc8fccbe000 r-xp 00000000 fd:00 44176087                   /lib/x86_64-linux-gnu/libnsl-2.27.so
7fc8fccbe000-7fc8fcebd000 ---p 00017000 fd:00 44176087                   /lib/x86_64-linux-gnu/libnsl-2.27.so
7fc8fcebd000-7fc8fcebe000 r--p 00016000 fd:00 44176087                   /lib/x86_64-linux-gnu/libnsl-2.27.so
7fc8fcebe000-7fc8fcebf000 rw-p 00017000 fd:00 44176087                   /lib/x86_64-linux-gnu/libnsl-2.27.so
7fc8fcebf000-7fc8fcec1000 rw-p 00000000 00:00 0 
7fc8fcec1000-7fc8fcecc000 r-xp 00000000 fd:00 44176104                   /lib/x86_64-linux-gnu/libnss_nis-2.27.so
7fc8fcecc000-7fc8fd0cb000 ---p 0000b000 fd:00 44176104                   /lib/x86_64-linux-gnu/libnss_nis-2.27.so
7fc8fd0cb000-7fc8fd0cc000 r--p 0000a000 fd:00 44176104                   /lib/x86_64-linux-gnu/libnss_nis-2.27.so
7fc8fd0cc000-7fc8fd0cd000 rw-p 0000b000 fd:00 44176104                   /lib/x86_64-linux-gnu/libnss_nis-2.27.so
7fc8fd0cd000-7fc8fd0d5000 r-xp 00000000 fd:00 44176089                   /lib/x86_64-linux-gnu/libnss_compat-2.27.so
7fc8fd0d5000-7fc8fd2d5000 ---p 00008000 fd:00 44176089                   /lib/x86_64-linux-gnu/libnss_compat-2.27.so
7fc8fd2d5000-7fc8fd2d6000 r--p 00008000 fd:00 44176089                   /lib/x86_64-linux-gnu/libnss_compat-2.27.so
7fc8fd2d6000-7fc8fd2d7000 rw-p 00009000 fd:00 44176089                   /lib/x86_64-linux-gnu/libnss_compat-2.27.so
7fc8fd2d7000-7fc8fd303000 r-xp 00000000 fd:00 20186035                   /usr/lib/jvm/java-11-openjdk-amd64/lib/libjava.so
7fc8fd303000-7fc8fd502000 ---p 0002c000 fd:00 20186035                   /usr/lib/jvm/java-11-openjdk-amd64/lib/libjava.so
7fc8fd502000-7fc8fd503000 r--p 0002b000 fd:00 20186035                   /usr/lib/jvm/java-11-openjdk-amd64/lib/libjava.so
7fc8fd503000-7fc8fd505000 rw-p 0002c000 fd:00 20186035                   /usr/lib/jvm/java-11-openjdk-amd64/lib/libjava.so
7fc8fd505000-7fc8fd512000 r-xp 00000000 fd:00 20186055                   /usr/lib/jvm/java-11-openjdk-amd64/lib/libverify.so
7fc8fd512000-7fc8fd711000 ---p 0000d000 fd:00 20186055                   /usr/lib/jvm/java-11-openjdk-amd64/lib/libverify.so
7fc8fd711000-7fc8fd713000 r--p 0000c000 fd:00 20186055                   /usr/lib/jvm/java-11-openjdk-amd64/lib/libverify.so
7fc8fd713000-7fc8fd714000 rw-p 0000e000 fd:00 20186055                   /usr/lib/jvm/java-11-openjdk-amd64/lib/libverify.so
7fc8fd714000-7fc8fd71b000 r-xp 00000000 fd:00 44176144                   /lib/x86_64-linux-gnu/librt-2.27.so
7fc8fd71b000-7fc8fd91a000 ---p 00007000 fd:00 44176144                   /lib/x86_64-linux-gnu/librt-2.27.so
7fc8fd91a000-7fc8fd91b000 r--p 00006000 fd:00 44176144                   /lib/x86_64-linux-gnu/librt-2.27.so
7fc8fd91b000-7fc8fd91c000 rw-p 00007000 fd:00 44176144                   /lib/x86_64-linux-gnu/librt-2.27.so
7fc8fd91c000-7fc8fd933000 r-xp 00000000 fd:00 44175907                   /lib/x86_64-linux-gnu/libgcc_s.so.1
7fc8fd933000-7fc8fdb32000 ---p 00017000 fd:00 44175907                   /lib/x86_64-linux-gnu/libgcc_s.so.1
7fc8fdb32000-7fc8fdb33000 r--p 00016000 fd:00 44175907                   /lib/x86_64-linux-gnu/libgcc_s.so.1
7fc8fdb33000-7fc8fdb34000 rw-p 00017000 fd:00 44175907                   /lib/x86_64-linux-gnu/libgcc_s.so.1
7fc8fdb34000-7fc8fdcd1000 r-xp 00000000 fd:00 44176066                   /lib/x86_64-linux-gnu/libm-2.27.so
7fc8fdcd1000-7fc8fded0000 ---p 0019d000 fd:00 44176066                   /lib/x86_64-linux-gnu/libm-2.27.so
7fc8fded0000-7fc8fded1000 r--p 0019c000 fd:00 44176066                   /lib/x86_64-linux-gnu/libm-2.27.so
7fc8fded1000-7fc8fded2000 rw-p 0019d000 fd:00 44176066                   /lib/x86_64-linux-gnu/libm-2.27.so
7fc8fded2000-7fc8fe04b000 r-xp 00000000 fd:00 18090134                   /usr/lib/x86_64-linux-gnu/libstdc++.so.6.0.25
7fc8fe04b000-7fc8fe24b000 ---p 00179000 fd:00 18090134                   /usr/lib/x86_64-linux-gnu/libstdc++.so.6.0.25
7fc8fe24b000-7fc8fe255000 r--p 00179000 fd:00 18090134                   /usr/lib/x86_64-linux-gnu/libstdc++.so.6.0.25
7fc8fe255000-7fc8fe257000 rw-p 00183000 fd:00 18090134                   /usr/lib/x86_64-linux-gnu/libstdc++.so.6.0.25
7fc8fe257000-7fc8fe25b000 rw-p 00000000 00:00 0 
7fc8fe25b000-7fc8ff1f8000 r-xp 00000000 fd:00 20186062                   /usr/lib/jvm/java-11-openjdk-amd64/lib/server/libjvm.so
7fc8ff1f8000-7fc8ff3f8000 ---p 00f9d000 fd:00 20186062                   /usr/lib/jvm/java-11-openjdk-amd64/lib/server/libjvm.so
7fc8ff3f8000-7fc8ff4bc000 r--p 00f9d000 fd:00 20186062                   /usr/lib/jvm/java-11-openjdk-amd64/lib/server/libjvm.so
7fc8ff4bc000-7fc8ff4f4000 rw-p 01061000 fd:00 20186062                   /usr/lib/jvm/java-11-openjdk-amd64/lib/server/libjvm.so
7fc8ff4f4000-7fc8ff53d000 rw-p 00000000 00:00 0 
7fc8ff53d000-7fc8ff557000 r-xp 00000000 fd:00 44176136                   /lib/x86_64-linux-gnu/libpthread-2.27.so
7fc8ff557000-7fc8ff756000 ---p 0001a000 fd:00 44176136                   /lib/x86_64-linux-gnu/libpthread-2.27.so
7fc8ff756000-7fc8ff757000 r--p 00019000 fd:00 44176136                   /lib/x86_64-linux-gnu/libpthread-2.27.so
7fc8ff757000-7fc8ff758000 rw-p 0001a000 fd:00 44176136                   /lib/x86_64-linux-gnu/libpthread-2.27.so
7fc8ff758000-7fc8ff75c000 rw-p 00000000 00:00 0 
7fc8ff75c000-7fc8ff75f000 r-xp 00000000 fd:00 44176026                   /lib/x86_64-linux-gnu/libdl-2.27.so
7fc8ff75f000-7fc8ff95e000 ---p 00003000 fd:00 44176026                   /lib/x86_64-linux-gnu/libdl-2.27.so
7fc8ff95e000-7fc8ff95f000 r--p 00002000 fd:00 44176026                   /lib/x86_64-linux-gnu/libdl-2.27.so
7fc8ff95f000-7fc8ff960000 rw-p 00003000 fd:00 44176026                   /lib/x86_64-linux-gnu/libdl-2.27.so
7fc8ff960000-7fc8ff97c000 r-xp 00000000 fd:00 44176175                   /lib/x86_64-linux-gnu/libz.so.1.2.11
7fc8ff97c000-7fc8ffb7b000 ---p 0001c000 fd:00 44176175                   /lib/x86_64-linux-gnu/libz.so.1.2.11
7fc8ffb7b000-7fc8ffb7c000 r--p 0001b000 fd:00 44176175                   /lib/x86_64-linux-gnu/libz.so.1.2.11
7fc8ffb7c000-7fc8ffb7d000 rw-p 0001c000 fd:00 44176175                   /lib/x86_64-linux-gnu/libz.so.1.2.11
7fc8ffb7d000-7fc8ffd64000 r-xp 00000000 fd:00 44176003                   /lib/x86_64-linux-gnu/libc-2.27.so
7fc8ffd64000-7fc8fff64000 ---p 001e7000 fd:00 44176003                   /lib/x86_64-linux-gnu/libc-2.27.so
7fc8fff64000-7fc8fff68000 r--p 001e7000 fd:00 44176003                   /lib/x86_64-linux-gnu/libc-2.27.so
7fc8fff68000-7fc8fff6a000 rw-p 001eb000 fd:00 44176003                   /lib/x86_64-linux-gnu/libc-2.27.so
7fc8fff6a000-7fc8fff6e000 rw-p 00000000 00:00 0 
7fc8fff6e000-7fc8fff7d000 r-xp 00000000 fd:00 20186020                   /usr/lib/jvm/java-11-openjdk-amd64/lib/jli/libjli.so
7fc8fff7d000-7fc90017c000 ---p 0000f000 fd:00 20186020                   /usr/lib/jvm/java-11-openjdk-amd64/lib/jli/libjli.so
7fc90017c000-7fc90017d000 r--p 0000e000 fd:00 20186020                   /usr/lib/jvm/java-11-openjdk-amd64/lib/jli/libjli.so
7fc90017d000-7fc90017e000 rw-p 0000f000 fd:00 20186020                   /usr/lib/jvm/java-11-openjdk-amd64/lib/jli/libjli.so
7fc90017e000-7fc9001a5000 r-xp 00000000 fd:00 44175975                   /lib/x86_64-linux-gnu/ld-2.27.so
7fc900221000-7fc900288000 rw-p 00000000 00:00 0 
7fc900288000-7fc90028c000 ---p 00000000 00:00 0 
7fc90028c000-7fc90038b000 rw-p 00000000 00:00 0 
7fc90038c000-7fc900392000 rw-p 00000000 00:00 0 
7fc900392000-7fc900399000 ---p 00000000 00:00 0 
7fc900399000-7fc9003a1000 rw-s 00000000 fd:00 16121869                   /tmp/hsperfdata_minecraft/2231
7fc9003a1000-7fc9003a2000 ---p 00000000 00:00 0 
7fc9003a2000-7fc9003a3000 r--p 00000000 00:00 0 
7fc9003a3000-7fc9003a5000 rw-p 00000000 00:00 0 
7fc9003a5000-7fc9003a6000 r--p 00027000 fd:00 44175975                   /lib/x86_64-linux-gnu/ld-2.27.so
7fc9003a6000-7fc9003a7000 rw-p 00028000 fd:00 44175975                   /lib/x86_64-linux-gnu/ld-2.27.so
7fc9003a7000-7fc9003a8000 rw-p 00000000 00:00 0 
7ffd935a7000-7ffd935c8000 rw-p 00000000 00:00 0                          [stack]
7ffd935e8000-7ffd935eb000 r--p 00000000 00:00 0                          [vvar]
7ffd935eb000-7ffd935ed000 r-xp 00000000 00:00 0                          [vdso]
ffffffffff600000-ffffffffff601000 r-xp 00000000 00:00 0                  [vsyscall]


VM Arguments:
jvm_args: -Xms3g -Xmx3g 
java_command: server.jar nogui
java_class_path (initial): server.jar
Launcher Type: SUN_STANDARD

Logging:
Log output configuration:
#0: stdout all=warning uptime,level,tags
#1: stderr all=off uptime,level,tags

Environment Variables:
PATH=/usr/local/sbin:/usr/local/bin:/usr/sbin:/usr/bin:/sbin:/bin
SHELL=/bin/sh

Signal Handlers:
SIGSEGV: [libjvm.so+0xd28b70], sa_mask[0]=11111111011111111101111111111110, sa_flags=SA_RESTART|SA_SIGINFO
SIGBUS: [libjvm.so+0xd28b70], sa_mask[0]=11111111011111111101111111111110, sa_flags=SA_RESTART|SA_SIGINFO
SIGFPE: [libjvm.so+0xd28b70], sa_mask[0]=11111111011111111101111111111110, sa_flags=SA_RESTART|SA_SIGINFO
SIGPIPE: [libjvm.so+0xb2a1f0], sa_mask[0]=11111111011111111101111111111110, sa_flags=SA_RESTART|SA_SIGINFO
SIGXFSZ: [libjvm.so+0xb2a1f0], sa_mask[0]=11111111011111111101111111111110, sa_flags=SA_RESTART|SA_SIGINFO
SIGILL: [libjvm.so+0xd28b70], sa_mask[0]=11111111011111111101111111111110, sa_flags=SA_RESTART|SA_SIGINFO
SIGUSR2: [libjvm.so+0xb2a030], sa_mask[0]=00000000000000000000000000000000, sa_flags=SA_RESTART|SA_SIGINFO
SIGHUP: SIG_DFL, sa_mask[0]=00000000000000000000000000000000, sa_flags=none
SIGINT: SIG_DFL, sa_mask[0]=00000000000000000000000000000000, sa_flags=none
SIGTERM: SIG_DFL, sa_mask[0]=00000000000000000000000000000000, sa_flags=none
SIGQUIT: SIG_DFL, sa_mask[0]=00000000000000000000000000000000, sa_flags=none


---------------  S Y S T E M  ---------------

OS:DISTRIB_ID=Ubuntu
DISTRIB_RELEASE=18.04
DISTRIB_CODENAME=bionic
DISTRIB_DESCRIPTION="Ubuntu 18.04.2 LTS"
uname:Linux 4.15.0-46-generic #49-Ubuntu SMP Wed Feb 6 09:33:07 UTC 2019 x86_64
libc:glibc 2.27 NPTL 2.27 
rlimit: STACK 8192k, CORE 0k, NPROC 15099, NOFILE 4096, AS infinity, DATA infinity, FSIZE infinity
load average:1.19 1.25 1.34

/proc/meminfo:
MemTotal:        3943748 kB
MemFree:          134472 kB
MemAvailable:    1408652 kB
Buffers:           39480 kB
Cached:          1434788 kB
SwapCached:         7016 kB
Active:          2619136 kB
Inactive:         998380 kB
Active(anon):    1785508 kB
Inactive(anon):   387808 kB
Active(file):     833628 kB
Inactive(file):   610572 kB
Unevictable:           0 kB
Mlocked:               0 kB
SwapTotal:        999420 kB
SwapFree:         591024 kB
Dirty:              5572 kB
Writeback:             0 kB
AnonPages:       2140864 kB
Mapped:           162552 kB
Shmem:             30068 kB
Slab:             106420 kB
SReclaimable:      65492 kB
SUnreclaim:        40928 kB
KernelStack:        5964 kB
PageTables:        23376 kB
NFS_Unstable:          0 kB
Bounce:                0 kB
WritebackTmp:          0 kB
CommitLimit:     2971292 kB
Committed_AS:    3030372 kB
VmallocTotal:   34359738367 kB
VmallocUsed:           0 kB
VmallocChunk:          0 kB
HardwareCorrupted:     0 kB
AnonHugePages:         0 kB
ShmemHugePages:        0 kB
ShmemPmdMapped:        0 kB
CmaTotal:              0 kB
CmaFree:               0 kB
HugePages_Total:       0
HugePages_Free:        0
HugePages_Rsvd:        0
HugePages_Surp:        0
Hugepagesize:       2048 kB
DirectMap4k:      158320 kB
DirectMap2M:     3940352 kB
DirectMap1G:           0 kB

container (cgroup) information:
container_type: cgroupv1
cpu_cpuset_cpus: 0-3
cpu_memory_nodes: 0
active_processor_count: 4
cpu_quota: -1
cpu_period: 100000
cpu_shares: -1
memory_limit_in_bytes: -1
memory_and_swap_limit_in_bytes: -2
memory_soft_limit_in_bytes: -1
memory_usage_in_bytes: 3703279616
memory_max_usage_in_bytes: 2048000


CPU:total 4 (initial active 4) (2 cores per cpu, 2 threads per core) family 6 model 69 stepping 1, cmov, cx8, fxsr, mmx, sse, sse2, sse3, ssse3, sse4.1, sse4.2, popcnt, avx, avx2, aes, clmul, erms, lzcnt, ht, tsc, tscinvbit, bmi1, bmi2, fma
CPU Model and flags from /proc/cpuinfo:
model name	: Intel(R) Core(TM) i7-4500U CPU @ 1.80GHz
flags		: fpu vme de pse tsc msr pae mce cx8 apic sep mtrr pge mca cmov pat pse36 clflush dts acpi mmx fxsr sse sse2 ss ht tm pbe syscall nx pdpe1gb rdtscp lm constant_tsc arch_perfmon pebs bts rep_good nopl xtopology nonstop_tsc cpuid aperfmperf pni pclmulqdq dtes64 monitor ds_cpl vmx est tm2 ssse3 sdbg fma cx16 xtpr pdcm pcid sse4_1 sse4_2 movbe popcnt tsc_deadline_timer aes xsave avx f16c rdrand lahf_lm abm cpuid_fault epb invpcid_single pti ssbd ibrs ibpb stibp tpr_shadow vnmi flexpriority ept vpid fsgsbase tsc_adjust bmi1 avx2 smep bmi2 erms invpcid xsaveopt dtherm ida arat pln pts flush_l1d

Memory: 4k page, physical 3943748k(134472k free), swap 999420k(591024k free)

vm_info: OpenJDK 64-Bit Server VM (10.0.2+13-Ubuntu-1ubuntu0.18.04.4) for linux-amd64 JRE (10.0.2+13-Ubuntu-1ubuntu0.18.04.4), built on Nov 13 2018 12:53:39 by "buildd" with gcc 7.3.0

END.
