#
# There is insufficient memory for the Java Runtime Environment to continue.
# Native memory allocation (mmap) failed to map 3221225472 bytes for committing reserved memory.
# Possible reasons:
#   The system is out of physical RAM or swap space
#   The process is running with CompressedOops enabled, and the Java Heap may be blocking the growth of the native heap
# Possible solutions:
#   Reduce memory load on the system
#   Increase physical memory or swap space
#   Check if swap backing store is full
#   Decrease Java heap size (-Xmx/-Xms)
#   Decrease number of Java threads
#   Decrease Java thread stack sizes (-Xss)
#   Set larger code cache with -XX:ReservedCodeCacheSize=
# This output file may be truncated or incomplete.
#
#  Out of Memory Error (os_linux.cpp:2706), pid=18244, tid=18245
#
# JRE version:  (10.0.2+13) (build )
# Java VM: OpenJDK 64-Bit Server VM (10.0.2+13-Ubuntu-1ubuntu0.18.04.4, mixed mode, aot, tiered, compressed oops, g1 gc, linux-amd64)
# Core dump will be written. Default location: Core dumps may be processed with "/usr/share/apport/apport %p %s %c %d %P" (or dumping to /opt/forno/minecraft/core.18244)
#

---------------  S U M M A R Y ------------

Command Line: -Xms3g -Xmx3g server.jar nogui

Host: Intel(R) Core(TM) i7-4500U CPU @ 1.80GHz, 4 cores, 3G, Ubuntu 18.04.2 LTS
Time: Thu Mar 21 10:29:56 2019 JST elapsed time: 0 seconds (0d 0h 0m 0s)

---------------  T H R E A D  ---------------

Current thread (0x00007fbb68011000):  JavaThread "Unknown thread" [_thread_in_vm, id=18245, stack(0x00007fbb6f69b000,0x00007fbb6f79c000)]

Stack: [0x00007fbb6f69b000,0x00007fbb6f79c000],  sp=0x00007fbb6f79a2e0,  free space=1020k
Native frames: (J=compiled Java code, A=aot compiled Java code, j=interpreted, Vv=VM code, C=native code)
V  [libjvm.so+0xd27ea4]
V  [libjvm.so+0xd28a4b]
V  [libjvm.so+0x64d415]
V  [libjvm.so+0xb2d7c8]
V  [libjvm.so+0xb2601d]
V  [libjvm.so+0x7662ff]
V  [libjvm.so+0x76653e]
V  [libjvm.so+0x769500]
V  [libjvm.so+0x7efa1c]
V  [libjvm.so+0x7f06df]
V  [libjvm.so+0x7f0b59]
V  [libjvm.so+0x7162cf]
V  [libjvm.so+0x71afd3]
V  [libjvm.so+0xce5dc2]
V  [libjvm.so+0xce60c6]
V  [libjvm.so+0x807d57]
V  [libjvm.so+0xcc7ac4]
V  [libjvm.so+0x8601b1]  JNI_CreateJavaVM+0x51
C  [libjli.so+0x3d83]
C  [libjli.so+0x89dd]
C  [libpthread.so.0+0x76db]  start_thread+0xdb


---------------  P R O C E S S  ---------------

Threads class SMR info:
_java_thread_list=0x000055630f4c86b0, length=0, elements={
}

Java Threads: ( => current thread )

Other Threads:
  0x00007fbb68028000 GCTaskThread "GC Thread#0" [stack: 0x00007fbb4f22f000,0x00007fbb4f32f000] [id=18246]
  0x00007fbb68029000 GCTaskThread "GC Thread#1" [stack: 0x00007fbb4f12d000,0x00007fbb4f22d000] [id=18247]
  0x00007fbb6802b000 GCTaskThread "GC Thread#2" [stack: 0x00007fbb4f02b000,0x00007fbb4f12b000] [id=18248]
  0x00007fbb6802c800 GCTaskThread "GC Thread#3" [stack: 0x00007fbb4ef29000,0x00007fbb4f029000] [id=18249]
  0x00007fbb6806a000 ConcurrentGCThread "G1 Main Marker" [stack: 0x00007fbb4d763000,0x00007fbb4d863000] [id=18251]
  0x00007fbb6806c000 ConcurrentGCThread "G1 Conc#0" [stack: 0x00007fbb4d661000,0x00007fbb4d761000] [id=18252]

[error occurred during error reporting (printing all threads), id 0xe0000002]

VM state:not at safepoint (not fully initialized)

VM Mutex/Monitor currently owned by a thread:  ([mutex/lock_event])
[0x00007fbb6800df30] Heap_lock - owner thread: 0x00007fbb68011000

Heap address: 0x0000000700000000, size: 3072 MB, Compressed Oops mode: Non-zero based: 0x0000000700000000
Narrow klass base: 0x0000000000000000, Narrow klass shift: 0

GC Heap History (0 events):
No events

Deoptimization events (0 events):
No events

Classes redefined (0 events):
No events

Internal exceptions (0 events):
No events

Events (0 events):
No events


Dynamic libraries:
55630e53e000-55630e53f000 r-xp 00000000 fd:00 20185882                   /usr/lib/jvm/java-11-openjdk-amd64/bin/java
55630e73f000-55630e740000 r--p 00001000 fd:00 20185882                   /usr/lib/jvm/java-11-openjdk-amd64/bin/java
55630e740000-55630e741000 rw-p 00002000 fd:00 20185882                   /usr/lib/jvm/java-11-openjdk-amd64/bin/java
55630f4b1000-55630f4d2000 rw-p 00000000 00:00 0                          [heap]
7fbb28000000-7fbb28021000 rw-p 00000000 00:00 0 
7fbb28021000-7fbb2c000000 ---p 00000000 00:00 0 
7fbb2e000000-7fbb30000000 rw-p 00000000 00:00 0 
7fbb30000000-7fbb30021000 rw-p 00000000 00:00 0 
7fbb30021000-7fbb34000000 ---p 00000000 00:00 0 
7fbb35000000-7fbb38000000 ---p 00000000 00:00 0 
7fbb38000000-7fbb38021000 rw-p 00000000 00:00 0 
7fbb38021000-7fbb3c000000 ---p 00000000 00:00 0 
7fbb3d000000-7fbb40000000 ---p 00000000 00:00 0 
7fbb40000000-7fbb40021000 rw-p 00000000 00:00 0 
7fbb40021000-7fbb44000000 ---p 00000000 00:00 0 
7fbb44000000-7fbb44021000 rw-p 00000000 00:00 0 
7fbb44021000-7fbb48000000 ---p 00000000 00:00 0 
7fbb48000000-7fbb48021000 rw-p 00000000 00:00 0 
7fbb48021000-7fbb4c000000 ---p 00000000 00:00 0 
7fbb4d25b000-7fbb4d65f000 rw-p 00000000 00:00 0 
7fbb4d65f000-7fbb4d660000 ---p 00000000 00:00 0 
7fbb4d660000-7fbb4d761000 rw-p 00000000 00:00 0 
7fbb4d761000-7fbb4d762000 ---p 00000000 00:00 0 
7fbb4d762000-7fbb4d923000 rw-p 00000000 00:00 0 
7fbb4d923000-7fbb4eb23000 ---p 00000000 00:00 0 
7fbb4eb23000-7fbb4ef27000 rw-p 00000000 00:00 0 
7fbb4ef27000-7fbb4ef28000 ---p 00000000 00:00 0 
7fbb4ef28000-7fbb4f029000 rw-p 00000000 00:00 0 
7fbb4f029000-7fbb4f02a000 ---p 00000000 00:00 0 
7fbb4f02a000-7fbb4f12b000 rw-p 00000000 00:00 0 
7fbb4f12b000-7fbb4f12c000 ---p 00000000 00:00 0 
7fbb4f12c000-7fbb4f22d000 rw-p 00000000 00:00 0 
7fbb4f22d000-7fbb4f22e000 ---p 00000000 00:00 0 
7fbb4f22e000-7fbb4f334000 rw-p 00000000 00:00 0 
7fbb4f334000-7fbb4f41a000 ---p 00000000 00:00 0 
7fbb4f41a000-7fbb4f41f000 rw-p 00000000 00:00 0 
7fbb4f41f000-7fbb4f505000 ---p 00000000 00:00 0 
7fbb4f505000-7fbb4f775000 rwxp 00000000 00:00 0 
7fbb4f775000-7fbb4fa95000 ---p 00000000 00:00 0 
7fbb4fa95000-7fbb4fd05000 rwxp 00000000 00:00 0 
7fbb4fd05000-7fbb56fcd000 ---p 00000000 00:00 0 
7fbb56fcd000-7fbb5723d000 rwxp 00000000 00:00 0 
7fbb5723d000-7fbb5e505000 ---p 00000000 00:00 0 
7fbb5e505000-7fbb679e0000 r--s 00000000 fd:00 20186057                   /usr/lib/jvm/java-11-openjdk-amd64/lib/modules
7fbb679e0000-7fbb679e5000 r-xp 00000000 fd:00 20186039                   /usr/lib/jvm/java-11-openjdk-amd64/lib/libjimage.so
7fbb679e5000-7fbb67be4000 ---p 00005000 fd:00 20186039                   /usr/lib/jvm/java-11-openjdk-amd64/lib/libjimage.so
7fbb67be4000-7fbb67be5000 r--p 00004000 fd:00 20186039                   /usr/lib/jvm/java-11-openjdk-amd64/lib/libjimage.so
7fbb67be5000-7fbb67be6000 rw-p 00005000 fd:00 20186039                   /usr/lib/jvm/java-11-openjdk-amd64/lib/libjimage.so
7fbb67be6000-7fbb67bed000 r-xp 00000000 fd:00 20186056                   /usr/lib/jvm/java-11-openjdk-amd64/lib/libzip.so
7fbb67bed000-7fbb67dec000 ---p 00007000 fd:00 20186056                   /usr/lib/jvm/java-11-openjdk-amd64/lib/libzip.so
7fbb67dec000-7fbb67ded000 r--p 00006000 fd:00 20186056                   /usr/lib/jvm/java-11-openjdk-amd64/lib/libzip.so
7fbb67ded000-7fbb67dee000 rw-p 00007000 fd:00 20186056                   /usr/lib/jvm/java-11-openjdk-amd64/lib/libzip.so
7fbb67dee000-7fbb67df9000 r-xp 00000000 fd:00 44176093                   /lib/x86_64-linux-gnu/libnss_files-2.27.so
7fbb67df9000-7fbb67ff8000 ---p 0000b000 fd:00 44176093                   /lib/x86_64-linux-gnu/libnss_files-2.27.so
7fbb67ff8000-7fbb67ff9000 r--p 0000a000 fd:00 44176093                   /lib/x86_64-linux-gnu/libnss_files-2.27.so
7fbb67ff9000-7fbb67ffa000 rw-p 0000b000 fd:00 44176093                   /lib/x86_64-linux-gnu/libnss_files-2.27.so
7fbb67ffa000-7fbb68000000 rw-p 00000000 00:00 0 
7fbb68000000-7fbb68083000 rw-p 00000000 00:00 0 
7fbb68083000-7fbb6c000000 ---p 00000000 00:00 0 
7fbb6c0ba000-7fbb6c0d1000 r-xp 00000000 fd:00 44176087                   /lib/x86_64-linux-gnu/libnsl-2.27.so
7fbb6c0d1000-7fbb6c2d0000 ---p 00017000 fd:00 44176087                   /lib/x86_64-linux-gnu/libnsl-2.27.so
7fbb6c2d0000-7fbb6c2d1000 r--p 00016000 fd:00 44176087                   /lib/x86_64-linux-gnu/libnsl-2.27.so
7fbb6c2d1000-7fbb6c2d2000 rw-p 00017000 fd:00 44176087                   /lib/x86_64-linux-gnu/libnsl-2.27.so
7fbb6c2d2000-7fbb6c2d4000 rw-p 00000000 00:00 0 
7fbb6c2d4000-7fbb6c2df000 r-xp 00000000 fd:00 44176104                   /lib/x86_64-linux-gnu/libnss_nis-2.27.so
7fbb6c2df000-7fbb6c4de000 ---p 0000b000 fd:00 44176104                   /lib/x86_64-linux-gnu/libnss_nis-2.27.so
7fbb6c4de000-7fbb6c4df000 r--p 0000a000 fd:00 44176104                   /lib/x86_64-linux-gnu/libnss_nis-2.27.so
7fbb6c4df000-7fbb6c4e0000 rw-p 0000b000 fd:00 44176104                   /lib/x86_64-linux-gnu/libnss_nis-2.27.so
7fbb6c4e0000-7fbb6c4e8000 r-xp 00000000 fd:00 44176089                   /lib/x86_64-linux-gnu/libnss_compat-2.27.so
7fbb6c4e8000-7fbb6c6e8000 ---p 00008000 fd:00 44176089                   /lib/x86_64-linux-gnu/libnss_compat-2.27.so
7fbb6c6e8000-7fbb6c6e9000 r--p 00008000 fd:00 44176089                   /lib/x86_64-linux-gnu/libnss_compat-2.27.so
7fbb6c6e9000-7fbb6c6ea000 rw-p 00009000 fd:00 44176089                   /lib/x86_64-linux-gnu/libnss_compat-2.27.so
7fbb6c6ea000-7fbb6c716000 r-xp 00000000 fd:00 20186035                   /usr/lib/jvm/java-11-openjdk-amd64/lib/libjava.so
7fbb6c716000-7fbb6c915000 ---p 0002c000 fd:00 20186035                   /usr/lib/jvm/java-11-openjdk-amd64/lib/libjava.so
7fbb6c915000-7fbb6c916000 r--p 0002b000 fd:00 20186035                   /usr/lib/jvm/java-11-openjdk-amd64/lib/libjava.so
7fbb6c916000-7fbb6c918000 rw-p 0002c000 fd:00 20186035                   /usr/lib/jvm/java-11-openjdk-amd64/lib/libjava.so
7fbb6c918000-7fbb6c925000 r-xp 00000000 fd:00 20186055                   /usr/lib/jvm/java-11-openjdk-amd64/lib/libverify.so
7fbb6c925000-7fbb6cb24000 ---p 0000d000 fd:00 20186055                   /usr/lib/jvm/java-11-openjdk-amd64/lib/libverify.so
7fbb6cb24000-7fbb6cb26000 r--p 0000c000 fd:00 20186055                   /usr/lib/jvm/java-11-openjdk-amd64/lib/libverify.so
7fbb6cb26000-7fbb6cb27000 rw-p 0000e000 fd:00 20186055                   /usr/lib/jvm/java-11-openjdk-amd64/lib/libverify.so
7fbb6cb27000-7fbb6cb2e000 r-xp 00000000 fd:00 44176144                   /lib/x86_64-linux-gnu/librt-2.27.so
7fbb6cb2e000-7fbb6cd2d000 ---p 00007000 fd:00 44176144                   /lib/x86_64-linux-gnu/librt-2.27.so
7fbb6cd2d000-7fbb6cd2e000 r--p 00006000 fd:00 44176144                   /lib/x86_64-linux-gnu/librt-2.27.so
7fbb6cd2e000-7fbb6cd2f000 rw-p 00007000 fd:00 44176144                   /lib/x86_64-linux-gnu/librt-2.27.so
7fbb6cd2f000-7fbb6cd46000 r-xp 00000000 fd:00 44175907                   /lib/x86_64-linux-gnu/libgcc_s.so.1
7fbb6cd46000-7fbb6cf45000 ---p 00017000 fd:00 44175907                   /lib/x86_64-linux-gnu/libgcc_s.so.1
7fbb6cf45000-7fbb6cf46000 r--p 00016000 fd:00 44175907                   /lib/x86_64-linux-gnu/libgcc_s.so.1
7fbb6cf46000-7fbb6cf47000 rw-p 00017000 fd:00 44175907                   /lib/x86_64-linux-gnu/libgcc_s.so.1
7fbb6cf47000-7fbb6d0e4000 r-xp 00000000 fd:00 44176066                   /lib/x86_64-linux-gnu/libm-2.27.so
7fbb6d0e4000-7fbb6d2e3000 ---p 0019d000 fd:00 44176066                   /lib/x86_64-linux-gnu/libm-2.27.so
7fbb6d2e3000-7fbb6d2e4000 r--p 0019c000 fd:00 44176066                   /lib/x86_64-linux-gnu/libm-2.27.so
7fbb6d2e4000-7fbb6d2e5000 rw-p 0019d000 fd:00 44176066                   /lib/x86_64-linux-gnu/libm-2.27.so
7fbb6d2e5000-7fbb6d45e000 r-xp 00000000 fd:00 18090134                   /usr/lib/x86_64-linux-gnu/libstdc++.so.6.0.25
7fbb6d45e000-7fbb6d65e000 ---p 00179000 fd:00 18090134                   /usr/lib/x86_64-linux-gnu/libstdc++.so.6.0.25
7fbb6d65e000-7fbb6d668000 r--p 00179000 fd:00 18090134                   /usr/lib/x86_64-linux-gnu/libstdc++.so.6.0.25
7fbb6d668000-7fbb6d66a000 rw-p 00183000 fd:00 18090134                   /usr/lib/x86_64-linux-gnu/libstdc++.so.6.0.25
7fbb6d66a000-7fbb6d66e000 rw-p 00000000 00:00 0 
7fbb6d66e000-7fbb6e60b000 r-xp 00000000 fd:00 20186062                   /usr/lib/jvm/java-11-openjdk-amd64/lib/server/libjvm.so
7fbb6e60b000-7fbb6e80b000 ---p 00f9d000 fd:00 20186062                   /usr/lib/jvm/java-11-openjdk-amd64/lib/server/libjvm.so
7fbb6e80b000-7fbb6e8cf000 r--p 00f9d000 fd:00 20186062                   /usr/lib/jvm/java-11-openjdk-amd64/lib/server/libjvm.so
7fbb6e8cf000-7fbb6e907000 rw-p 01061000 fd:00 20186062                   /usr/lib/jvm/java-11-openjdk-amd64/lib/server/libjvm.so
7fbb6e907000-7fbb6e950000 rw-p 00000000 00:00 0 
7fbb6e950000-7fbb6e96a000 r-xp 00000000 fd:00 44176136                   /lib/x86_64-linux-gnu/libpthread-2.27.so
7fbb6e96a000-7fbb6eb69000 ---p 0001a000 fd:00 44176136                   /lib/x86_64-linux-gnu/libpthread-2.27.so
7fbb6eb69000-7fbb6eb6a000 r--p 00019000 fd:00 44176136                   /lib/x86_64-linux-gnu/libpthread-2.27.so
7fbb6eb6a000-7fbb6eb6b000 rw-p 0001a000 fd:00 44176136                   /lib/x86_64-linux-gnu/libpthread-2.27.so
7fbb6eb6b000-7fbb6eb6f000 rw-p 00000000 00:00 0 
7fbb6eb6f000-7fbb6eb72000 r-xp 00000000 fd:00 44176026                   /lib/x86_64-linux-gnu/libdl-2.27.so
7fbb6eb72000-7fbb6ed71000 ---p 00003000 fd:00 44176026                   /lib/x86_64-linux-gnu/libdl-2.27.so
7fbb6ed71000-7fbb6ed72000 r--p 00002000 fd:00 44176026                   /lib/x86_64-linux-gnu/libdl-2.27.so
7fbb6ed72000-7fbb6ed73000 rw-p 00003000 fd:00 44176026                   /lib/x86_64-linux-gnu/libdl-2.27.so
7fbb6ed73000-7fbb6ed8f000 r-xp 00000000 fd:00 44176175                   /lib/x86_64-linux-gnu/libz.so.1.2.11
7fbb6ed8f000-7fbb6ef8e000 ---p 0001c000 fd:00 44176175                   /lib/x86_64-linux-gnu/libz.so.1.2.11
7fbb6ef8e000-7fbb6ef8f000 r--p 0001b000 fd:00 44176175                   /lib/x86_64-linux-gnu/libz.so.1.2.11
7fbb6ef8f000-7fbb6ef90000 rw-p 0001c000 fd:00 44176175                   /lib/x86_64-linux-gnu/libz.so.1.2.11
7fbb6ef90000-7fbb6f177000 r-xp 00000000 fd:00 44176003                   /lib/x86_64-linux-gnu/libc-2.27.so
7fbb6f177000-7fbb6f377000 ---p 001e7000 fd:00 44176003                   /lib/x86_64-linux-gnu/libc-2.27.so
7fbb6f377000-7fbb6f37b000 r--p 001e7000 fd:00 44176003                   /lib/x86_64-linux-gnu/libc-2.27.so
7fbb6f37b000-7fbb6f37d000 rw-p 001eb000 fd:00 44176003                   /lib/x86_64-linux-gnu/libc-2.27.so
7fbb6f37d000-7fbb6f381000 rw-p 00000000 00:00 0 
7fbb6f381000-7fbb6f390000 r-xp 00000000 fd:00 20186020                   /usr/lib/jvm/java-11-openjdk-amd64/lib/jli/libjli.so
7fbb6f390000-7fbb6f58f000 ---p 0000f000 fd:00 20186020                   /usr/lib/jvm/java-11-openjdk-amd64/lib/jli/libjli.so
7fbb6f58f000-7fbb6f590000 r--p 0000e000 fd:00 20186020                   /usr/lib/jvm/java-11-openjdk-amd64/lib/jli/libjli.so
7fbb6f590000-7fbb6f591000 rw-p 0000f000 fd:00 20186020                   /usr/lib/jvm/java-11-openjdk-amd64/lib/jli/libjli.so
7fbb6f591000-7fbb6f5b8000 r-xp 00000000 fd:00 44175975                   /lib/x86_64-linux-gnu/ld-2.27.so
7fbb6f634000-7fbb6f69b000 rw-p 00000000 00:00 0 
7fbb6f69b000-7fbb6f69f000 ---p 00000000 00:00 0 
7fbb6f69f000-7fbb6f79e000 rw-p 00000000 00:00 0 
7fbb6f79f000-7fbb6f7a5000 rw-p 00000000 00:00 0 
7fbb6f7a5000-7fbb6f7ac000 ---p 00000000 00:00 0 
7fbb6f7ac000-7fbb6f7b4000 rw-s 00000000 fd:00 16121869                   /tmp/hsperfdata_minecraft/18244
7fbb6f7b4000-7fbb6f7b5000 ---p 00000000 00:00 0 
7fbb6f7b5000-7fbb6f7b6000 r--p 00000000 00:00 0 
7fbb6f7b6000-7fbb6f7b8000 rw-p 00000000 00:00 0 
7fbb6f7b8000-7fbb6f7b9000 r--p 00027000 fd:00 44175975                   /lib/x86_64-linux-gnu/ld-2.27.so
7fbb6f7b9000-7fbb6f7ba000 rw-p 00028000 fd:00 44175975                   /lib/x86_64-linux-gnu/ld-2.27.so
7fbb6f7ba000-7fbb6f7bb000 rw-p 00000000 00:00 0 
7ffd72015000-7ffd72036000 rw-p 00000000 00:00 0                          [stack]
7ffd7218d000-7ffd72190000 r--p 00000000 00:00 0                          [vvar]
7ffd72190000-7ffd72192000 r-xp 00000000 00:00 0                          [vdso]
ffffffffff600000-ffffffffff601000 r-xp 00000000 00:00 0                  [vsyscall]


VM Arguments:
jvm_args: -Xms3g -Xmx3g 
java_command: server.jar nogui
java_class_path (initial): server.jar
Launcher Type: SUN_STANDARD

Logging:
Log output configuration:
#0: stdout all=warning uptime,level,tags
#1: stderr all=off uptime,level,tags

Environment Variables:
PATH=/usr/local/sbin:/usr/local/bin:/usr/sbin:/usr/bin:/sbin:/bin
SHELL=/bin/sh

Signal Handlers:
SIGSEGV: [libjvm.so+0xd28b70], sa_mask[0]=11111111011111111101111111111110, sa_flags=SA_RESTART|SA_SIGINFO
SIGBUS: [libjvm.so+0xd28b70], sa_mask[0]=11111111011111111101111111111110, sa_flags=SA_RESTART|SA_SIGINFO
SIGFPE: [libjvm.so+0xd28b70], sa_mask[0]=11111111011111111101111111111110, sa_flags=SA_RESTART|SA_SIGINFO
SIGPIPE: [libjvm.so+0xb2a1f0], sa_mask[0]=11111111011111111101111111111110, sa_flags=SA_RESTART|SA_SIGINFO
SIGXFSZ: [libjvm.so+0xb2a1f0], sa_mask[0]=11111111011111111101111111111110, sa_flags=SA_RESTART|SA_SIGINFO
SIGILL: [libjvm.so+0xd28b70], sa_mask[0]=11111111011111111101111111111110, sa_flags=SA_RESTART|SA_SIGINFO
SIGUSR2: [libjvm.so+0xb2a030], sa_mask[0]=00000000000000000000000000000000, sa_flags=SA_RESTART|SA_SIGINFO
SIGHUP: SIG_DFL, sa_mask[0]=00000000000000000000000000000000, sa_flags=none
SIGINT: SIG_DFL, sa_mask[0]=00000000000000000000000000000000, sa_flags=none
SIGTERM: SIG_DFL, sa_mask[0]=00000000000000000000000000000000, sa_flags=none
SIGQUIT: SIG_DFL, sa_mask[0]=00000000000000000000000000000000, sa_flags=none


---------------  S Y S T E M  ---------------

OS:DISTRIB_ID=Ubuntu
DISTRIB_RELEASE=18.04
DISTRIB_CODENAME=bionic
DISTRIB_DESCRIPTION="Ubuntu 18.04.2 LTS"
uname:Linux 4.15.0-46-generic #49-Ubuntu SMP Wed Feb 6 09:33:07 UTC 2019 x86_64
libc:glibc 2.27 NPTL 2.27 
rlimit: STACK 8192k, CORE 0k, NPROC 15099, NOFILE 4096, AS infinity, DATA infinity, FSIZE infinity
load average:1.34 1.36 1.35

/proc/meminfo:
MemTotal:        3943748 kB
MemFree:          129300 kB
MemAvailable:    1038408 kB
Buffers:           33120 kB
Cached:          1075008 kB
SwapCached:        11060 kB
Active:          2796728 kB
Inactive:         824360 kB
Active(anon):    2032440 kB
Inactive(anon):   510592 kB
Active(file):     764288 kB
Inactive(file):   313768 kB
Unevictable:           0 kB
Mlocked:               0 kB
SwapTotal:        999420 kB
SwapFree:         611760 kB
Dirty:              5676 kB
Writeback:             0 kB
AnonPages:       2509472 kB
Mapped:           160220 kB
Shmem:             30068 kB
Slab:             108392 kB
SReclaimable:      67640 kB
SUnreclaim:        40752 kB
KernelStack:        6008 kB
PageTables:        24040 kB
NFS_Unstable:          0 kB
Bounce:                0 kB
WritebackTmp:          0 kB
CommitLimit:     2971292 kB
Committed_AS:    3120900 kB
VmallocTotal:   34359738367 kB
VmallocUsed:           0 kB
VmallocChunk:          0 kB
HardwareCorrupted:     0 kB
AnonHugePages:         0 kB
ShmemHugePages:        0 kB
ShmemPmdMapped:        0 kB
CmaTotal:              0 kB
CmaFree:               0 kB
HugePages_Total:       0
HugePages_Free:        0
HugePages_Rsvd:        0
HugePages_Surp:        0
Hugepagesize:       2048 kB
DirectMap4k:      158320 kB
DirectMap2M:     3940352 kB
DirectMap1G:           0 kB

container (cgroup) information:
container_type: cgroupv1
cpu_cpuset_cpus: 0-3
cpu_memory_nodes: 0
active_processor_count: 4
cpu_quota: -1
cpu_period: 100000
cpu_shares: -1
memory_limit_in_bytes: -1
memory_and_swap_limit_in_bytes: -2
memory_soft_limit_in_bytes: -1
memory_usage_in_bytes: 3705565184
memory_max_usage_in_bytes: 2048000


CPU:total 4 (initial active 4) (2 cores per cpu, 2 threads per core) family 6 model 69 stepping 1, cmov, cx8, fxsr, mmx, sse, sse2, sse3, ssse3, sse4.1, sse4.2, popcnt, avx, avx2, aes, clmul, erms, lzcnt, ht, tsc, tscinvbit, bmi1, bmi2, fma
CPU Model and flags from /proc/cpuinfo:
model name	: Intel(R) Core(TM) i7-4500U CPU @ 1.80GHz
flags		: fpu vme de pse tsc msr pae mce cx8 apic sep mtrr pge mca cmov pat pse36 clflush dts acpi mmx fxsr sse sse2 ss ht tm pbe syscall nx pdpe1gb rdtscp lm constant_tsc arch_perfmon pebs bts rep_good nopl xtopology nonstop_tsc cpuid aperfmperf pni pclmulqdq dtes64 monitor ds_cpl vmx est tm2 ssse3 sdbg fma cx16 xtpr pdcm pcid sse4_1 sse4_2 movbe popcnt tsc_deadline_timer aes xsave avx f16c rdrand lahf_lm abm cpuid_fault epb invpcid_single pti ssbd ibrs ibpb stibp tpr_shadow vnmi flexpriority ept vpid fsgsbase tsc_adjust bmi1 avx2 smep bmi2 erms invpcid xsaveopt dtherm ida arat pln pts flush_l1d

Memory: 4k page, physical 3943748k(129300k free), swap 999420k(611760k free)

vm_info: OpenJDK 64-Bit Server VM (10.0.2+13-Ubuntu-1ubuntu0.18.04.4) for linux-amd64 JRE (10.0.2+13-Ubuntu-1ubuntu0.18.04.4), built on Nov 13 2018 12:53:39 by "buildd" with gcc 7.3.0

END.
