#
# There is insufficient memory for the Java Runtime Environment to continue.
# Native memory allocation (mmap) failed to map 3221225472 bytes for committing reserved memory.
# Possible reasons:
#   The system is out of physical RAM or swap space
#   The process is running with CompressedOops enabled, and the Java Heap may be blocking the growth of the native heap
# Possible solutions:
#   Reduce memory load on the system
#   Increase physical memory or swap space
#   Check if swap backing store is full
#   Decrease Java heap size (-Xmx/-Xms)
#   Decrease number of Java threads
#   Decrease Java thread stack sizes (-Xss)
#   Set larger code cache with -XX:ReservedCodeCacheSize=
# This output file may be truncated or incomplete.
#
#  Out of Memory Error (os_linux.cpp:2706), pid=4463, tid=4464
#
# JRE version:  (10.0.2+13) (build )
# Java VM: OpenJDK 64-Bit Server VM (10.0.2+13-Ubuntu-1ubuntu0.18.04.4, mixed mode, aot, tiered, compressed oops, g1 gc, linux-amd64)
# Core dump will be written. Default location: Core dumps may be processed with "/usr/share/apport/apport %p %s %c %d %P" (or dumping to /opt/forno/minecraft/core.4463)
#

---------------  S U M M A R Y ------------

Command Line: -Xms3g -Xmx3g server.jar nogui

Host: Intel(R) Core(TM) i7-4500U CPU @ 1.80GHz, 4 cores, 3G, Ubuntu 18.04.2 LTS
Time: Thu Mar 21 05:42:45 2019 JST elapsed time: 0 seconds (0d 0h 0m 0s)

---------------  T H R E A D  ---------------

Current thread (0x00007f96c4011000):  JavaThread "Unknown thread" [_thread_in_vm, id=4464, stack(0x00007f96cb09e000,0x00007f96cb19f000)]

Stack: [0x00007f96cb09e000,0x00007f96cb19f000],  sp=0x00007f96cb19d2e0,  free space=1020k
Native frames: (J=compiled Java code, A=aot compiled Java code, j=interpreted, Vv=VM code, C=native code)
V  [libjvm.so+0xd27ea4]
V  [libjvm.so+0xd28a4b]
V  [libjvm.so+0x64d415]
V  [libjvm.so+0xb2d7c8]
V  [libjvm.so+0xb2601d]
V  [libjvm.so+0x7662ff]
V  [libjvm.so+0x76653e]
V  [libjvm.so+0x769500]
V  [libjvm.so+0x7efa1c]
V  [libjvm.so+0x7f06df]
V  [libjvm.so+0x7f0b59]
V  [libjvm.so+0x7162cf]
V  [libjvm.so+0x71afd3]
V  [libjvm.so+0xce5dc2]
V  [libjvm.so+0xce60c6]
V  [libjvm.so+0x807d57]
V  [libjvm.so+0xcc7ac4]
V  [libjvm.so+0x8601b1]  JNI_CreateJavaVM+0x51
C  [libjli.so+0x3d83]
C  [libjli.so+0x89dd]
C  [libpthread.so.0+0x76db]  start_thread+0xdb


---------------  P R O C E S S  ---------------

Threads class SMR info:
_java_thread_list=0x000055d56d86a6b0, length=0, elements={
}

Java Threads: ( => current thread )

Other Threads:
  0x00007f96c4028000 GCTaskThread "GC Thread#0" [stack: 0x00007f96aacea000,0x00007f96aadea000] [id=4465]
  0x00007f96c4029000 GCTaskThread "GC Thread#1" [stack: 0x00007f96aabe8000,0x00007f96aace8000] [id=4466]
  0x00007f96c402b000 GCTaskThread "GC Thread#2" [stack: 0x00007f96aaae6000,0x00007f96aabe6000] [id=4467]
  0x00007f96c402c800 GCTaskThread "GC Thread#3" [stack: 0x00007f96aa9e4000,0x00007f96aaae4000] [id=4469]
  0x00007f96c406a000 ConcurrentGCThread "G1 Main Marker" [stack: 0x00007f96a921e000,0x00007f96a931e000] [id=4470]
  0x00007f96c406c000 ConcurrentGCThread "G1 Conc#0" [stack: 0x00007f96a911c000,0x00007f96a921c000] [id=4471]

[error occurred during error reporting (printing all threads), id 0xe0000002]

VM state:not at safepoint (not fully initialized)

VM Mutex/Monitor currently owned by a thread:  ([mutex/lock_event])
[0x00007f96c400df30] Heap_lock - owner thread: 0x00007f96c4011000

Heap address: 0x0000000700000000, size: 3072 MB, Compressed Oops mode: Non-zero based: 0x0000000700000000
Narrow klass base: 0x0000000000000000, Narrow klass shift: 0

GC Heap History (0 events):
No events

Deoptimization events (0 events):
No events

Classes redefined (0 events):
No events

Internal exceptions (0 events):
No events

Events (0 events):
No events


Dynamic libraries:
55d56bf2c000-55d56bf2d000 r-xp 00000000 fd:00 20185882                   /usr/lib/jvm/java-11-openjdk-amd64/bin/java
55d56c12d000-55d56c12e000 r--p 00001000 fd:00 20185882                   /usr/lib/jvm/java-11-openjdk-amd64/bin/java
55d56c12e000-55d56c12f000 rw-p 00002000 fd:00 20185882                   /usr/lib/jvm/java-11-openjdk-amd64/bin/java
55d56d853000-55d56d874000 rw-p 00000000 00:00 0                          [heap]
7f9684000000-7f9684021000 rw-p 00000000 00:00 0 
7f9684021000-7f9688000000 ---p 00000000 00:00 0 
7f968a000000-7f968c000000 rw-p 00000000 00:00 0 
7f968c000000-7f968c021000 rw-p 00000000 00:00 0 
7f968c021000-7f9690000000 ---p 00000000 00:00 0 
7f9691000000-7f9694000000 ---p 00000000 00:00 0 
7f9694000000-7f9694021000 rw-p 00000000 00:00 0 
7f9694021000-7f9698000000 ---p 00000000 00:00 0 
7f9699000000-7f969c000000 ---p 00000000 00:00 0 
7f969c000000-7f969c021000 rw-p 00000000 00:00 0 
7f969c021000-7f96a0000000 ---p 00000000 00:00 0 
7f96a0000000-7f96a0021000 rw-p 00000000 00:00 0 
7f96a0021000-7f96a4000000 ---p 00000000 00:00 0 
7f96a4000000-7f96a4021000 rw-p 00000000 00:00 0 
7f96a4021000-7f96a8000000 ---p 00000000 00:00 0 
7f96a8d16000-7f96a911a000 rw-p 00000000 00:00 0 
7f96a911a000-7f96a911b000 ---p 00000000 00:00 0 
7f96a911b000-7f96a921c000 rw-p 00000000 00:00 0 
7f96a921c000-7f96a921d000 ---p 00000000 00:00 0 
7f96a921d000-7f96a93de000 rw-p 00000000 00:00 0 
7f96a93de000-7f96aa5de000 ---p 00000000 00:00 0 
7f96aa5de000-7f96aa9e2000 rw-p 00000000 00:00 0 
7f96aa9e2000-7f96aa9e3000 ---p 00000000 00:00 0 
7f96aa9e3000-7f96aaae4000 rw-p 00000000 00:00 0 
7f96aaae4000-7f96aaae5000 ---p 00000000 00:00 0 
7f96aaae5000-7f96aabe6000 rw-p 00000000 00:00 0 
7f96aabe6000-7f96aabe7000 ---p 00000000 00:00 0 
7f96aabe7000-7f96aace8000 rw-p 00000000 00:00 0 
7f96aace8000-7f96aace9000 ---p 00000000 00:00 0 
7f96aace9000-7f96aadef000 rw-p 00000000 00:00 0 
7f96aadef000-7f96aaed5000 ---p 00000000 00:00 0 
7f96aaed5000-7f96ab145000 rwxp 00000000 00:00 0 
7f96ab145000-7f96ab465000 ---p 00000000 00:00 0 
7f96ab465000-7f96ab6d5000 rwxp 00000000 00:00 0 
7f96ab6d5000-7f96b299d000 ---p 00000000 00:00 0 
7f96b299d000-7f96b2c0d000 rwxp 00000000 00:00 0 
7f96b2c0d000-7f96b9ed5000 ---p 00000000 00:00 0 
7f96b9ed5000-7f96c33b0000 r--s 00000000 fd:00 20186057                   /usr/lib/jvm/java-11-openjdk-amd64/lib/modules
7f96c33b0000-7f96c33b5000 r-xp 00000000 fd:00 20186039                   /usr/lib/jvm/java-11-openjdk-amd64/lib/libjimage.so
7f96c33b5000-7f96c35b4000 ---p 00005000 fd:00 20186039                   /usr/lib/jvm/java-11-openjdk-amd64/lib/libjimage.so
7f96c35b4000-7f96c35b5000 r--p 00004000 fd:00 20186039                   /usr/lib/jvm/java-11-openjdk-amd64/lib/libjimage.so
7f96c35b5000-7f96c35b6000 rw-p 00005000 fd:00 20186039                   /usr/lib/jvm/java-11-openjdk-amd64/lib/libjimage.so
7f96c35b6000-7f96c35bd000 r-xp 00000000 fd:00 20186056                   /usr/lib/jvm/java-11-openjdk-amd64/lib/libzip.so
7f96c35bd000-7f96c37bc000 ---p 00007000 fd:00 20186056                   /usr/lib/jvm/java-11-openjdk-amd64/lib/libzip.so
7f96c37bc000-7f96c37bd000 r--p 00006000 fd:00 20186056                   /usr/lib/jvm/java-11-openjdk-amd64/lib/libzip.so
7f96c37bd000-7f96c37be000 rw-p 00007000 fd:00 20186056                   /usr/lib/jvm/java-11-openjdk-amd64/lib/libzip.so
7f96c37be000-7f96c37c9000 r-xp 00000000 fd:00 44176093                   /lib/x86_64-linux-gnu/libnss_files-2.27.so
7f96c37c9000-7f96c39c8000 ---p 0000b000 fd:00 44176093                   /lib/x86_64-linux-gnu/libnss_files-2.27.so
7f96c39c8000-7f96c39c9000 r--p 0000a000 fd:00 44176093                   /lib/x86_64-linux-gnu/libnss_files-2.27.so
7f96c39c9000-7f96c39ca000 rw-p 0000b000 fd:00 44176093                   /lib/x86_64-linux-gnu/libnss_files-2.27.so
7f96c39ca000-7f96c39d0000 rw-p 00000000 00:00 0 
7f96c39d0000-7f96c39e7000 r-xp 00000000 fd:00 44176087                   /lib/x86_64-linux-gnu/libnsl-2.27.so
7f96c39e7000-7f96c3be6000 ---p 00017000 fd:00 44176087                   /lib/x86_64-linux-gnu/libnsl-2.27.so
7f96c3be6000-7f96c3be7000 r--p 00016000 fd:00 44176087                   /lib/x86_64-linux-gnu/libnsl-2.27.so
7f96c3be7000-7f96c3be8000 rw-p 00017000 fd:00 44176087                   /lib/x86_64-linux-gnu/libnsl-2.27.so
7f96c3be8000-7f96c3bea000 rw-p 00000000 00:00 0 
7f96c3bea000-7f96c3bf5000 r-xp 00000000 fd:00 44176104                   /lib/x86_64-linux-gnu/libnss_nis-2.27.so
7f96c3bf5000-7f96c3df4000 ---p 0000b000 fd:00 44176104                   /lib/x86_64-linux-gnu/libnss_nis-2.27.so
7f96c3df4000-7f96c3df5000 r--p 0000a000 fd:00 44176104                   /lib/x86_64-linux-gnu/libnss_nis-2.27.so
7f96c3df5000-7f96c3df6000 rw-p 0000b000 fd:00 44176104                   /lib/x86_64-linux-gnu/libnss_nis-2.27.so
7f96c3df6000-7f96c3dfe000 r-xp 00000000 fd:00 44176089                   /lib/x86_64-linux-gnu/libnss_compat-2.27.so
7f96c3dfe000-7f96c3ffe000 ---p 00008000 fd:00 44176089                   /lib/x86_64-linux-gnu/libnss_compat-2.27.so
7f96c3ffe000-7f96c3fff000 r--p 00008000 fd:00 44176089                   /lib/x86_64-linux-gnu/libnss_compat-2.27.so
7f96c3fff000-7f96c4000000 rw-p 00009000 fd:00 44176089                   /lib/x86_64-linux-gnu/libnss_compat-2.27.so
7f96c4000000-7f96c4083000 rw-p 00000000 00:00 0 
7f96c4083000-7f96c8000000 ---p 00000000 00:00 0 
7f96c8002000-7f96c8007000 rw-p 00000000 00:00 0 
7f96c8007000-7f96c80ed000 ---p 00000000 00:00 0 
7f96c80ed000-7f96c8119000 r-xp 00000000 fd:00 20186035                   /usr/lib/jvm/java-11-openjdk-amd64/lib/libjava.so
7f96c8119000-7f96c8318000 ---p 0002c000 fd:00 20186035                   /usr/lib/jvm/java-11-openjdk-amd64/lib/libjava.so
7f96c8318000-7f96c8319000 r--p 0002b000 fd:00 20186035                   /usr/lib/jvm/java-11-openjdk-amd64/lib/libjava.so
7f96c8319000-7f96c831b000 rw-p 0002c000 fd:00 20186035                   /usr/lib/jvm/java-11-openjdk-amd64/lib/libjava.so
7f96c831b000-7f96c8328000 r-xp 00000000 fd:00 20186055                   /usr/lib/jvm/java-11-openjdk-amd64/lib/libverify.so
7f96c8328000-7f96c8527000 ---p 0000d000 fd:00 20186055                   /usr/lib/jvm/java-11-openjdk-amd64/lib/libverify.so
7f96c8527000-7f96c8529000 r--p 0000c000 fd:00 20186055                   /usr/lib/jvm/java-11-openjdk-amd64/lib/libverify.so
7f96c8529000-7f96c852a000 rw-p 0000e000 fd:00 20186055                   /usr/lib/jvm/java-11-openjdk-amd64/lib/libverify.so
7f96c852a000-7f96c8531000 r-xp 00000000 fd:00 44176144                   /lib/x86_64-linux-gnu/librt-2.27.so
7f96c8531000-7f96c8730000 ---p 00007000 fd:00 44176144                   /lib/x86_64-linux-gnu/librt-2.27.so
7f96c8730000-7f96c8731000 r--p 00006000 fd:00 44176144                   /lib/x86_64-linux-gnu/librt-2.27.so
7f96c8731000-7f96c8732000 rw-p 00007000 fd:00 44176144                   /lib/x86_64-linux-gnu/librt-2.27.so
7f96c8732000-7f96c8749000 r-xp 00000000 fd:00 44175907                   /lib/x86_64-linux-gnu/libgcc_s.so.1
7f96c8749000-7f96c8948000 ---p 00017000 fd:00 44175907                   /lib/x86_64-linux-gnu/libgcc_s.so.1
7f96c8948000-7f96c8949000 r--p 00016000 fd:00 44175907                   /lib/x86_64-linux-gnu/libgcc_s.so.1
7f96c8949000-7f96c894a000 rw-p 00017000 fd:00 44175907                   /lib/x86_64-linux-gnu/libgcc_s.so.1
7f96c894a000-7f96c8ae7000 r-xp 00000000 fd:00 44176066                   /lib/x86_64-linux-gnu/libm-2.27.so
7f96c8ae7000-7f96c8ce6000 ---p 0019d000 fd:00 44176066                   /lib/x86_64-linux-gnu/libm-2.27.so
7f96c8ce6000-7f96c8ce7000 r--p 0019c000 fd:00 44176066                   /lib/x86_64-linux-gnu/libm-2.27.so
7f96c8ce7000-7f96c8ce8000 rw-p 0019d000 fd:00 44176066                   /lib/x86_64-linux-gnu/libm-2.27.so
7f96c8ce8000-7f96c8e61000 r-xp 00000000 fd:00 18090134                   /usr/lib/x86_64-linux-gnu/libstdc++.so.6.0.25
7f96c8e61000-7f96c9061000 ---p 00179000 fd:00 18090134                   /usr/lib/x86_64-linux-gnu/libstdc++.so.6.0.25
7f96c9061000-7f96c906b000 r--p 00179000 fd:00 18090134                   /usr/lib/x86_64-linux-gnu/libstdc++.so.6.0.25
7f96c906b000-7f96c906d000 rw-p 00183000 fd:00 18090134                   /usr/lib/x86_64-linux-gnu/libstdc++.so.6.0.25
7f96c906d000-7f96c9071000 rw-p 00000000 00:00 0 
7f96c9071000-7f96ca00e000 r-xp 00000000 fd:00 20186062                   /usr/lib/jvm/java-11-openjdk-amd64/lib/server/libjvm.so
7f96ca00e000-7f96ca20e000 ---p 00f9d000 fd:00 20186062                   /usr/lib/jvm/java-11-openjdk-amd64/lib/server/libjvm.so
7f96ca20e000-7f96ca2d2000 r--p 00f9d000 fd:00 20186062                   /usr/lib/jvm/java-11-openjdk-amd64/lib/server/libjvm.so
7f96ca2d2000-7f96ca30a000 rw-p 01061000 fd:00 20186062                   /usr/lib/jvm/java-11-openjdk-amd64/lib/server/libjvm.so
7f96ca30a000-7f96ca353000 rw-p 00000000 00:00 0 
7f96ca353000-7f96ca36d000 r-xp 00000000 fd:00 44176136                   /lib/x86_64-linux-gnu/libpthread-2.27.so
7f96ca36d000-7f96ca56c000 ---p 0001a000 fd:00 44176136                   /lib/x86_64-linux-gnu/libpthread-2.27.so
7f96ca56c000-7f96ca56d000 r--p 00019000 fd:00 44176136                   /lib/x86_64-linux-gnu/libpthread-2.27.so
7f96ca56d000-7f96ca56e000 rw-p 0001a000 fd:00 44176136                   /lib/x86_64-linux-gnu/libpthread-2.27.so
7f96ca56e000-7f96ca572000 rw-p 00000000 00:00 0 
7f96ca572000-7f96ca575000 r-xp 00000000 fd:00 44176026                   /lib/x86_64-linux-gnu/libdl-2.27.so
7f96ca575000-7f96ca774000 ---p 00003000 fd:00 44176026                   /lib/x86_64-linux-gnu/libdl-2.27.so
7f96ca774000-7f96ca775000 r--p 00002000 fd:00 44176026                   /lib/x86_64-linux-gnu/libdl-2.27.so
7f96ca775000-7f96ca776000 rw-p 00003000 fd:00 44176026                   /lib/x86_64-linux-gnu/libdl-2.27.so
7f96ca776000-7f96ca792000 r-xp 00000000 fd:00 44176175                   /lib/x86_64-linux-gnu/libz.so.1.2.11
7f96ca792000-7f96ca991000 ---p 0001c000 fd:00 44176175                   /lib/x86_64-linux-gnu/libz.so.1.2.11
7f96ca991000-7f96ca992000 r--p 0001b000 fd:00 44176175                   /lib/x86_64-linux-gnu/libz.so.1.2.11
7f96ca992000-7f96ca993000 rw-p 0001c000 fd:00 44176175                   /lib/x86_64-linux-gnu/libz.so.1.2.11
7f96ca993000-7f96cab7a000 r-xp 00000000 fd:00 44176003                   /lib/x86_64-linux-gnu/libc-2.27.so
7f96cab7a000-7f96cad7a000 ---p 001e7000 fd:00 44176003                   /lib/x86_64-linux-gnu/libc-2.27.so
7f96cad7a000-7f96cad7e000 r--p 001e7000 fd:00 44176003                   /lib/x86_64-linux-gnu/libc-2.27.so
7f96cad7e000-7f96cad80000 rw-p 001eb000 fd:00 44176003                   /lib/x86_64-linux-gnu/libc-2.27.so
7f96cad80000-7f96cad84000 rw-p 00000000 00:00 0 
7f96cad84000-7f96cad93000 r-xp 00000000 fd:00 20186020                   /usr/lib/jvm/java-11-openjdk-amd64/lib/jli/libjli.so
7f96cad93000-7f96caf92000 ---p 0000f000 fd:00 20186020                   /usr/lib/jvm/java-11-openjdk-amd64/lib/jli/libjli.so
7f96caf92000-7f96caf93000 r--p 0000e000 fd:00 20186020                   /usr/lib/jvm/java-11-openjdk-amd64/lib/jli/libjli.so
7f96caf93000-7f96caf94000 rw-p 0000f000 fd:00 20186020                   /usr/lib/jvm/java-11-openjdk-amd64/lib/jli/libjli.so
7f96caf94000-7f96cafbb000 r-xp 00000000 fd:00 44175975                   /lib/x86_64-linux-gnu/ld-2.27.so
7f96cb037000-7f96cb09e000 rw-p 00000000 00:00 0 
7f96cb09e000-7f96cb0a2000 ---p 00000000 00:00 0 
7f96cb0a2000-7f96cb1a1000 rw-p 00000000 00:00 0 
7f96cb1a2000-7f96cb1a8000 rw-p 00000000 00:00 0 
7f96cb1a8000-7f96cb1af000 ---p 00000000 00:00 0 
7f96cb1af000-7f96cb1b7000 rw-s 00000000 fd:00 16121869                   /tmp/hsperfdata_minecraft/4463
7f96cb1b7000-7f96cb1b8000 ---p 00000000 00:00 0 
7f96cb1b8000-7f96cb1b9000 r--p 00000000 00:00 0 
7f96cb1b9000-7f96cb1bb000 rw-p 00000000 00:00 0 
7f96cb1bb000-7f96cb1bc000 r--p 00027000 fd:00 44175975                   /lib/x86_64-linux-gnu/ld-2.27.so
7f96cb1bc000-7f96cb1bd000 rw-p 00028000 fd:00 44175975                   /lib/x86_64-linux-gnu/ld-2.27.so
7f96cb1bd000-7f96cb1be000 rw-p 00000000 00:00 0 
7ffd3a0ff000-7ffd3a120000 rw-p 00000000 00:00 0                          [stack]
7ffd3a16a000-7ffd3a16d000 r--p 00000000 00:00 0                          [vvar]
7ffd3a16d000-7ffd3a16f000 r-xp 00000000 00:00 0                          [vdso]
ffffffffff600000-ffffffffff601000 r-xp 00000000 00:00 0                  [vsyscall]


VM Arguments:
jvm_args: -Xms3g -Xmx3g 
java_command: server.jar nogui
java_class_path (initial): server.jar
Launcher Type: SUN_STANDARD

Logging:
Log output configuration:
#0: stdout all=warning uptime,level,tags
#1: stderr all=off uptime,level,tags

Environment Variables:
PATH=/usr/local/sbin:/usr/local/bin:/usr/sbin:/usr/bin:/sbin:/bin
SHELL=/bin/sh

Signal Handlers:
SIGSEGV: [libjvm.so+0xd28b70], sa_mask[0]=11111111011111111101111111111110, sa_flags=SA_RESTART|SA_SIGINFO
SIGBUS: [libjvm.so+0xd28b70], sa_mask[0]=11111111011111111101111111111110, sa_flags=SA_RESTART|SA_SIGINFO
SIGFPE: [libjvm.so+0xd28b70], sa_mask[0]=11111111011111111101111111111110, sa_flags=SA_RESTART|SA_SIGINFO
SIGPIPE: [libjvm.so+0xb2a1f0], sa_mask[0]=11111111011111111101111111111110, sa_flags=SA_RESTART|SA_SIGINFO
SIGXFSZ: [libjvm.so+0xb2a1f0], sa_mask[0]=11111111011111111101111111111110, sa_flags=SA_RESTART|SA_SIGINFO
SIGILL: [libjvm.so+0xd28b70], sa_mask[0]=11111111011111111101111111111110, sa_flags=SA_RESTART|SA_SIGINFO
SIGUSR2: [libjvm.so+0xb2a030], sa_mask[0]=00000000000000000000000000000000, sa_flags=SA_RESTART|SA_SIGINFO
SIGHUP: SIG_DFL, sa_mask[0]=00000000000000000000000000000000, sa_flags=none
SIGINT: SIG_DFL, sa_mask[0]=00000000000000000000000000000000, sa_flags=none
SIGTERM: SIG_DFL, sa_mask[0]=00000000000000000000000000000000, sa_flags=none
SIGQUIT: SIG_DFL, sa_mask[0]=00000000000000000000000000000000, sa_flags=none


---------------  S Y S T E M  ---------------

OS:DISTRIB_ID=Ubuntu
DISTRIB_RELEASE=18.04
DISTRIB_CODENAME=bionic
DISTRIB_DESCRIPTION="Ubuntu 18.04.2 LTS"
uname:Linux 4.15.0-46-generic #49-Ubuntu SMP Wed Feb 6 09:33:07 UTC 2019 x86_64
libc:glibc 2.27 NPTL 2.27 
rlimit: STACK 8192k, CORE 0k, NPROC 15099, NOFILE 4096, AS infinity, DATA infinity, FSIZE infinity
load average:1.36 1.45 1.45

/proc/meminfo:
MemTotal:        3943748 kB
MemFree:          116448 kB
MemAvailable:    1590484 kB
Buffers:           39124 kB
Cached:          1634552 kB
SwapCached:         5116 kB
Active:          2543592 kB
Inactive:        1090672 kB
Active(anon):    1672120 kB
Inactive(anon):   318540 kB
Active(file):     871472 kB
Inactive(file):   772132 kB
Unevictable:           0 kB
Mlocked:               0 kB
SwapTotal:        999420 kB
SwapFree:         579248 kB
Dirty:              3740 kB
Writeback:             0 kB
AnonPages:       1958624 kB
Mapped:           123212 kB
Shmem:             30072 kB
Slab:             107424 kB
SReclaimable:      66400 kB
SUnreclaim:        41024 kB
KernelStack:        5992 kB
PageTables:        23380 kB
NFS_Unstable:          0 kB
Bounce:                0 kB
WritebackTmp:          0 kB
CommitLimit:     2971292 kB
Committed_AS:    3130852 kB
VmallocTotal:   34359738367 kB
VmallocUsed:           0 kB
VmallocChunk:          0 kB
HardwareCorrupted:     0 kB
AnonHugePages:         0 kB
ShmemHugePages:        0 kB
ShmemPmdMapped:        0 kB
CmaTotal:              0 kB
CmaFree:               0 kB
HugePages_Total:       0
HugePages_Free:        0
HugePages_Rsvd:        0
HugePages_Surp:        0
Hugepagesize:       2048 kB
DirectMap4k:      154224 kB
DirectMap2M:     3944448 kB
DirectMap1G:           0 kB

container (cgroup) information:
container_type: cgroupv1
cpu_cpuset_cpus: 0-3
cpu_memory_nodes: 0
active_processor_count: 4
cpu_quota: -1
cpu_period: 100000
cpu_shares: -1
memory_limit_in_bytes: -1
memory_and_swap_limit_in_bytes: -2
memory_soft_limit_in_bytes: -1
memory_usage_in_bytes: 3721383936
memory_max_usage_in_bytes: 2048000


CPU:total 4 (initial active 4) (2 cores per cpu, 2 threads per core) family 6 model 69 stepping 1, cmov, cx8, fxsr, mmx, sse, sse2, sse3, ssse3, sse4.1, sse4.2, popcnt, avx, avx2, aes, clmul, erms, lzcnt, ht, tsc, tscinvbit, bmi1, bmi2, fma
CPU Model and flags from /proc/cpuinfo:
model name	: Intel(R) Core(TM) i7-4500U CPU @ 1.80GHz
flags		: fpu vme de pse tsc msr pae mce cx8 apic sep mtrr pge mca cmov pat pse36 clflush dts acpi mmx fxsr sse sse2 ss ht tm pbe syscall nx pdpe1gb rdtscp lm constant_tsc arch_perfmon pebs bts rep_good nopl xtopology nonstop_tsc cpuid aperfmperf pni pclmulqdq dtes64 monitor ds_cpl vmx est tm2 ssse3 sdbg fma cx16 xtpr pdcm pcid sse4_1 sse4_2 movbe popcnt tsc_deadline_timer aes xsave avx f16c rdrand lahf_lm abm cpuid_fault epb invpcid_single pti ssbd ibrs ibpb stibp tpr_shadow vnmi flexpriority ept vpid fsgsbase tsc_adjust bmi1 avx2 smep bmi2 erms invpcid xsaveopt dtherm ida arat pln pts flush_l1d

Memory: 4k page, physical 3943748k(115456k free), swap 999420k(579248k free)

vm_info: OpenJDK 64-Bit Server VM (10.0.2+13-Ubuntu-1ubuntu0.18.04.4) for linux-amd64 JRE (10.0.2+13-Ubuntu-1ubuntu0.18.04.4), built on Nov 13 2018 12:53:39 by "buildd" with gcc 7.3.0

END.
