#
# There is insufficient memory for the Java Runtime Environment to continue.
# Native memory allocation (mmap) failed to map 3221225472 bytes for committing reserved memory.
# Possible reasons:
#   The system is out of physical RAM or swap space
#   The process is running with CompressedOops enabled, and the Java Heap may be blocking the growth of the native heap
# Possible solutions:
#   Reduce memory load on the system
#   Increase physical memory or swap space
#   Check if swap backing store is full
#   Decrease Java heap size (-Xmx/-Xms)
#   Decrease number of Java threads
#   Decrease Java thread stack sizes (-Xss)
#   Set larger code cache with -XX:ReservedCodeCacheSize=
# This output file may be truncated or incomplete.
#
#  Out of Memory Error (os_linux.cpp:2706), pid=367, tid=368
#
# JRE version:  (10.0.2+13) (build )
# Java VM: OpenJDK 64-Bit Server VM (10.0.2+13-Ubuntu-1ubuntu0.18.04.4, mixed mode, aot, tiered, compressed oops, g1 gc, linux-amd64)
# Core dump will be written. Default location: Core dumps may be processed with "/usr/share/apport/apport %p %s %c %d %P" (or dumping to /opt/forno/minecraft/core.367)
#

---------------  S U M M A R Y ------------

Command Line: -Xms3g -Xmx3g server.jar nogui

Host: Intel(R) Core(TM) i7-4500U CPU @ 1.80GHz, 4 cores, 3G, Ubuntu 18.04.2 LTS
Time: Thu Mar 21 11:14:07 2019 JST elapsed time: 0 seconds (0d 0h 0m 0s)

---------------  T H R E A D  ---------------

Current thread (0x00007f0498011000):  JavaThread "Unknown thread" [_thread_in_vm, id=368, stack(0x00007f04a0f0b000,0x00007f04a100c000)]

Stack: [0x00007f04a0f0b000,0x00007f04a100c000],  sp=0x00007f04a100a2e0,  free space=1020k
Native frames: (J=compiled Java code, A=aot compiled Java code, j=interpreted, Vv=VM code, C=native code)
V  [libjvm.so+0xd27ea4]
V  [libjvm.so+0xd28a4b]
V  [libjvm.so+0x64d415]
V  [libjvm.so+0xb2d7c8]
V  [libjvm.so+0xb2601d]
V  [libjvm.so+0x7662ff]
V  [libjvm.so+0x76653e]
V  [libjvm.so+0x769500]
V  [libjvm.so+0x7efa1c]
V  [libjvm.so+0x7f06df]
V  [libjvm.so+0x7f0b59]
V  [libjvm.so+0x7162cf]
V  [libjvm.so+0x71afd3]
V  [libjvm.so+0xce5dc2]
V  [libjvm.so+0xce60c6]
V  [libjvm.so+0x807d57]
V  [libjvm.so+0xcc7ac4]
V  [libjvm.so+0x8601b1]  JNI_CreateJavaVM+0x51
C  [libjli.so+0x3d83]
C  [libjli.so+0x89dd]
C  [libpthread.so.0+0x76db]  start_thread+0xdb


---------------  P R O C E S S  ---------------

Threads class SMR info:
_java_thread_list=0x0000560821e0b6b0, length=0, elements={
}

Java Threads: ( => current thread )

Other Threads:
  0x00007f0498028000 GCTaskThread "GC Thread#0" [stack: 0x00007f049d034000,0x00007f049d134000] [id=369]
  0x00007f0498029000 GCTaskThread "GC Thread#1" [stack: 0x00007f049cf32000,0x00007f049d032000] [id=370]
  0x00007f049802b000 GCTaskThread "GC Thread#2" [stack: 0x00007f049ce30000,0x00007f049cf30000] [id=371]
  0x00007f049802c800 GCTaskThread "GC Thread#3" [stack: 0x00007f049cd2e000,0x00007f049ce2e000] [id=372]
  0x00007f049806a000 ConcurrentGCThread "G1 Main Marker" [stack: 0x00007f049c168000,0x00007f049c268000] [id=373]
  0x00007f049806c000 ConcurrentGCThread "G1 Conc#0" [stack: 0x00007f049c066000,0x00007f049c166000] [id=374]

[error occurred during error reporting (printing all threads), id 0xe0000002]

VM state:not at safepoint (not fully initialized)

VM Mutex/Monitor currently owned by a thread:  ([mutex/lock_event])
[0x00007f049800df30] Heap_lock - owner thread: 0x00007f0498011000

Heap address: 0x0000000700000000, size: 3072 MB, Compressed Oops mode: Non-zero based: 0x0000000700000000
Narrow klass base: 0x0000000000000000, Narrow klass shift: 0

GC Heap History (0 events):
No events

Deoptimization events (0 events):
No events

Classes redefined (0 events):
No events

Internal exceptions (0 events):
No events

Events (0 events):
No events


Dynamic libraries:
56081fd3c000-56081fd3d000 r-xp 00000000 fd:00 20185882                   /usr/lib/jvm/java-11-openjdk-amd64/bin/java
56081ff3d000-56081ff3e000 r--p 00001000 fd:00 20185882                   /usr/lib/jvm/java-11-openjdk-amd64/bin/java
56081ff3e000-56081ff3f000 rw-p 00002000 fd:00 20185882                   /usr/lib/jvm/java-11-openjdk-amd64/bin/java
560821df4000-560821e15000 rw-p 00000000 00:00 0                          [heap]
7f0458000000-7f0458021000 rw-p 00000000 00:00 0 
7f0458021000-7f045c000000 ---p 00000000 00:00 0 
7f0460000000-7f0460021000 rw-p 00000000 00:00 0 
7f0460021000-7f0464000000 ---p 00000000 00:00 0 
7f0465000000-7f0468000000 ---p 00000000 00:00 0 
7f0468000000-7f0468021000 rw-p 00000000 00:00 0 
7f0468021000-7f046c000000 ---p 00000000 00:00 0 
7f046d000000-7f0470000000 ---p 00000000 00:00 0 
7f0470000000-7f0470021000 rw-p 00000000 00:00 0 
7f0470021000-7f0474000000 ---p 00000000 00:00 0 
7f0474000000-7f0474021000 rw-p 00000000 00:00 0 
7f0474021000-7f0478000000 ---p 00000000 00:00 0 
7f0478000000-7f0478021000 rw-p 00000000 00:00 0 
7f0478021000-7f047c000000 ---p 00000000 00:00 0 
7f047cb21000-7f047ef25000 rw-p 00000000 00:00 0 
7f047ef25000-7f047fb25000 ---p 00000000 00:00 0 
7f047fb25000-7f047fd95000 rwxp 00000000 00:00 0 
7f047fd95000-7f04800b5000 ---p 00000000 00:00 0 
7f04800b5000-7f0480325000 rwxp 00000000 00:00 0 
7f0480325000-7f04875ed000 ---p 00000000 00:00 0 
7f04875ed000-7f048785d000 rwxp 00000000 00:00 0 
7f048785d000-7f048eb25000 ---p 00000000 00:00 0 
7f048eb25000-7f0498000000 r--s 00000000 fd:00 20186057                   /usr/lib/jvm/java-11-openjdk-amd64/lib/modules
7f0498000000-7f0498083000 rw-p 00000000 00:00 0 
7f0498083000-7f049c000000 ---p 00000000 00:00 0 
7f049c064000-7f049c065000 ---p 00000000 00:00 0 
7f049c065000-7f049c166000 rw-p 00000000 00:00 0 
7f049c166000-7f049c167000 ---p 00000000 00:00 0 
7f049c167000-7f049c328000 rw-p 00000000 00:00 0 
7f049c328000-7f049c928000 ---p 00000000 00:00 0 
7f049c928000-7f049cd2c000 rw-p 00000000 00:00 0 
7f049cd2c000-7f049cd2d000 ---p 00000000 00:00 0 
7f049cd2d000-7f049ce2e000 rw-p 00000000 00:00 0 
7f049ce2e000-7f049ce2f000 ---p 00000000 00:00 0 
7f049ce2f000-7f049cf30000 rw-p 00000000 00:00 0 
7f049cf30000-7f049cf31000 ---p 00000000 00:00 0 
7f049cf31000-7f049d032000 rw-p 00000000 00:00 0 
7f049d032000-7f049d033000 ---p 00000000 00:00 0 
7f049d033000-7f049d139000 rw-p 00000000 00:00 0 
7f049d139000-7f049d21f000 ---p 00000000 00:00 0 
7f049d21f000-7f049d224000 rw-p 00000000 00:00 0 
7f049d224000-7f049d30a000 ---p 00000000 00:00 0 
7f049d30a000-7f049d30f000 r-xp 00000000 fd:00 20186039                   /usr/lib/jvm/java-11-openjdk-amd64/lib/libjimage.so
7f049d30f000-7f049d50e000 ---p 00005000 fd:00 20186039                   /usr/lib/jvm/java-11-openjdk-amd64/lib/libjimage.so
7f049d50e000-7f049d50f000 r--p 00004000 fd:00 20186039                   /usr/lib/jvm/java-11-openjdk-amd64/lib/libjimage.so
7f049d50f000-7f049d510000 rw-p 00005000 fd:00 20186039                   /usr/lib/jvm/java-11-openjdk-amd64/lib/libjimage.so
7f049d510000-7f049d517000 r-xp 00000000 fd:00 20186056                   /usr/lib/jvm/java-11-openjdk-amd64/lib/libzip.so
7f049d517000-7f049d716000 ---p 00007000 fd:00 20186056                   /usr/lib/jvm/java-11-openjdk-amd64/lib/libzip.so
7f049d716000-7f049d717000 r--p 00006000 fd:00 20186056                   /usr/lib/jvm/java-11-openjdk-amd64/lib/libzip.so
7f049d717000-7f049d718000 rw-p 00007000 fd:00 20186056                   /usr/lib/jvm/java-11-openjdk-amd64/lib/libzip.so
7f049d718000-7f049d723000 r-xp 00000000 fd:00 44176093                   /lib/x86_64-linux-gnu/libnss_files-2.27.so
7f049d723000-7f049d922000 ---p 0000b000 fd:00 44176093                   /lib/x86_64-linux-gnu/libnss_files-2.27.so
7f049d922000-7f049d923000 r--p 0000a000 fd:00 44176093                   /lib/x86_64-linux-gnu/libnss_files-2.27.so
7f049d923000-7f049d924000 rw-p 0000b000 fd:00 44176093                   /lib/x86_64-linux-gnu/libnss_files-2.27.so
7f049d924000-7f049d92a000 rw-p 00000000 00:00 0 
7f049d92a000-7f049d941000 r-xp 00000000 fd:00 44176087                   /lib/x86_64-linux-gnu/libnsl-2.27.so
7f049d941000-7f049db40000 ---p 00017000 fd:00 44176087                   /lib/x86_64-linux-gnu/libnsl-2.27.so
7f049db40000-7f049db41000 r--p 00016000 fd:00 44176087                   /lib/x86_64-linux-gnu/libnsl-2.27.so
7f049db41000-7f049db42000 rw-p 00017000 fd:00 44176087                   /lib/x86_64-linux-gnu/libnsl-2.27.so
7f049db42000-7f049db44000 rw-p 00000000 00:00 0 
7f049db44000-7f049db4f000 r-xp 00000000 fd:00 44176104                   /lib/x86_64-linux-gnu/libnss_nis-2.27.so
7f049db4f000-7f049dd4e000 ---p 0000b000 fd:00 44176104                   /lib/x86_64-linux-gnu/libnss_nis-2.27.so
7f049dd4e000-7f049dd4f000 r--p 0000a000 fd:00 44176104                   /lib/x86_64-linux-gnu/libnss_nis-2.27.so
7f049dd4f000-7f049dd50000 rw-p 0000b000 fd:00 44176104                   /lib/x86_64-linux-gnu/libnss_nis-2.27.so
7f049dd50000-7f049dd58000 r-xp 00000000 fd:00 44176089                   /lib/x86_64-linux-gnu/libnss_compat-2.27.so
7f049dd58000-7f049df58000 ---p 00008000 fd:00 44176089                   /lib/x86_64-linux-gnu/libnss_compat-2.27.so
7f049df58000-7f049df59000 r--p 00008000 fd:00 44176089                   /lib/x86_64-linux-gnu/libnss_compat-2.27.so
7f049df59000-7f049df5a000 rw-p 00009000 fd:00 44176089                   /lib/x86_64-linux-gnu/libnss_compat-2.27.so
7f049df5a000-7f049df86000 r-xp 00000000 fd:00 20186035                   /usr/lib/jvm/java-11-openjdk-amd64/lib/libjava.so
7f049df86000-7f049e185000 ---p 0002c000 fd:00 20186035                   /usr/lib/jvm/java-11-openjdk-amd64/lib/libjava.so
7f049e185000-7f049e186000 r--p 0002b000 fd:00 20186035                   /usr/lib/jvm/java-11-openjdk-amd64/lib/libjava.so
7f049e186000-7f049e188000 rw-p 0002c000 fd:00 20186035                   /usr/lib/jvm/java-11-openjdk-amd64/lib/libjava.so
7f049e188000-7f049e195000 r-xp 00000000 fd:00 20186055                   /usr/lib/jvm/java-11-openjdk-amd64/lib/libverify.so
7f049e195000-7f049e394000 ---p 0000d000 fd:00 20186055                   /usr/lib/jvm/java-11-openjdk-amd64/lib/libverify.so
7f049e394000-7f049e396000 r--p 0000c000 fd:00 20186055                   /usr/lib/jvm/java-11-openjdk-amd64/lib/libverify.so
7f049e396000-7f049e397000 rw-p 0000e000 fd:00 20186055                   /usr/lib/jvm/java-11-openjdk-amd64/lib/libverify.so
7f049e397000-7f049e39e000 r-xp 00000000 fd:00 44176144                   /lib/x86_64-linux-gnu/librt-2.27.so
7f049e39e000-7f049e59d000 ---p 00007000 fd:00 44176144                   /lib/x86_64-linux-gnu/librt-2.27.so
7f049e59d000-7f049e59e000 r--p 00006000 fd:00 44176144                   /lib/x86_64-linux-gnu/librt-2.27.so
7f049e59e000-7f049e59f000 rw-p 00007000 fd:00 44176144                   /lib/x86_64-linux-gnu/librt-2.27.so
7f049e59f000-7f049e5b6000 r-xp 00000000 fd:00 44175907                   /lib/x86_64-linux-gnu/libgcc_s.so.1
7f049e5b6000-7f049e7b5000 ---p 00017000 fd:00 44175907                   /lib/x86_64-linux-gnu/libgcc_s.so.1
7f049e7b5000-7f049e7b6000 r--p 00016000 fd:00 44175907                   /lib/x86_64-linux-gnu/libgcc_s.so.1
7f049e7b6000-7f049e7b7000 rw-p 00017000 fd:00 44175907                   /lib/x86_64-linux-gnu/libgcc_s.so.1
7f049e7b7000-7f049e954000 r-xp 00000000 fd:00 44176066                   /lib/x86_64-linux-gnu/libm-2.27.so
7f049e954000-7f049eb53000 ---p 0019d000 fd:00 44176066                   /lib/x86_64-linux-gnu/libm-2.27.so
7f049eb53000-7f049eb54000 r--p 0019c000 fd:00 44176066                   /lib/x86_64-linux-gnu/libm-2.27.so
7f049eb54000-7f049eb55000 rw-p 0019d000 fd:00 44176066                   /lib/x86_64-linux-gnu/libm-2.27.so
7f049eb55000-7f049ecce000 r-xp 00000000 fd:00 18090134                   /usr/lib/x86_64-linux-gnu/libstdc++.so.6.0.25
7f049ecce000-7f049eece000 ---p 00179000 fd:00 18090134                   /usr/lib/x86_64-linux-gnu/libstdc++.so.6.0.25
7f049eece000-7f049eed8000 r--p 00179000 fd:00 18090134                   /usr/lib/x86_64-linux-gnu/libstdc++.so.6.0.25
7f049eed8000-7f049eeda000 rw-p 00183000 fd:00 18090134                   /usr/lib/x86_64-linux-gnu/libstdc++.so.6.0.25
7f049eeda000-7f049eede000 rw-p 00000000 00:00 0 
7f049eede000-7f049fe7b000 r-xp 00000000 fd:00 20186062                   /usr/lib/jvm/java-11-openjdk-amd64/lib/server/libjvm.so
7f049fe7b000-7f04a007b000 ---p 00f9d000 fd:00 20186062                   /usr/lib/jvm/java-11-openjdk-amd64/lib/server/libjvm.so
7f04a007b000-7f04a013f000 r--p 00f9d000 fd:00 20186062                   /usr/lib/jvm/java-11-openjdk-amd64/lib/server/libjvm.so
7f04a013f000-7f04a0177000 rw-p 01061000 fd:00 20186062                   /usr/lib/jvm/java-11-openjdk-amd64/lib/server/libjvm.so
7f04a0177000-7f04a01c0000 rw-p 00000000 00:00 0 
7f04a01c0000-7f04a01da000 r-xp 00000000 fd:00 44176136                   /lib/x86_64-linux-gnu/libpthread-2.27.so
7f04a01da000-7f04a03d9000 ---p 0001a000 fd:00 44176136                   /lib/x86_64-linux-gnu/libpthread-2.27.so
7f04a03d9000-7f04a03da000 r--p 00019000 fd:00 44176136                   /lib/x86_64-linux-gnu/libpthread-2.27.so
7f04a03da000-7f04a03db000 rw-p 0001a000 fd:00 44176136                   /lib/x86_64-linux-gnu/libpthread-2.27.so
7f04a03db000-7f04a03df000 rw-p 00000000 00:00 0 
7f04a03df000-7f04a03e2000 r-xp 00000000 fd:00 44176026                   /lib/x86_64-linux-gnu/libdl-2.27.so
7f04a03e2000-7f04a05e1000 ---p 00003000 fd:00 44176026                   /lib/x86_64-linux-gnu/libdl-2.27.so
7f04a05e1000-7f04a05e2000 r--p 00002000 fd:00 44176026                   /lib/x86_64-linux-gnu/libdl-2.27.so
7f04a05e2000-7f04a05e3000 rw-p 00003000 fd:00 44176026                   /lib/x86_64-linux-gnu/libdl-2.27.so
7f04a05e3000-7f04a05ff000 r-xp 00000000 fd:00 44176175                   /lib/x86_64-linux-gnu/libz.so.1.2.11
7f04a05ff000-7f04a07fe000 ---p 0001c000 fd:00 44176175                   /lib/x86_64-linux-gnu/libz.so.1.2.11
7f04a07fe000-7f04a07ff000 r--p 0001b000 fd:00 44176175                   /lib/x86_64-linux-gnu/libz.so.1.2.11
7f04a07ff000-7f04a0800000 rw-p 0001c000 fd:00 44176175                   /lib/x86_64-linux-gnu/libz.so.1.2.11
7f04a0800000-7f04a09e7000 r-xp 00000000 fd:00 44176003                   /lib/x86_64-linux-gnu/libc-2.27.so
7f04a09e7000-7f04a0be7000 ---p 001e7000 fd:00 44176003                   /lib/x86_64-linux-gnu/libc-2.27.so
7f04a0be7000-7f04a0beb000 r--p 001e7000 fd:00 44176003                   /lib/x86_64-linux-gnu/libc-2.27.so
7f04a0beb000-7f04a0bed000 rw-p 001eb000 fd:00 44176003                   /lib/x86_64-linux-gnu/libc-2.27.so
7f04a0bed000-7f04a0bf1000 rw-p 00000000 00:00 0 
7f04a0bf1000-7f04a0c00000 r-xp 00000000 fd:00 20186020                   /usr/lib/jvm/java-11-openjdk-amd64/lib/jli/libjli.so
7f04a0c00000-7f04a0dff000 ---p 0000f000 fd:00 20186020                   /usr/lib/jvm/java-11-openjdk-amd64/lib/jli/libjli.so
7f04a0dff000-7f04a0e00000 r--p 0000e000 fd:00 20186020                   /usr/lib/jvm/java-11-openjdk-amd64/lib/jli/libjli.so
7f04a0e00000-7f04a0e01000 rw-p 0000f000 fd:00 20186020                   /usr/lib/jvm/java-11-openjdk-amd64/lib/jli/libjli.so
7f04a0e01000-7f04a0e28000 r-xp 00000000 fd:00 44175975                   /lib/x86_64-linux-gnu/ld-2.27.so
7f04a0ea4000-7f04a0f0b000 rw-p 00000000 00:00 0 
7f04a0f0b000-7f04a0f0f000 ---p 00000000 00:00 0 
7f04a0f0f000-7f04a100e000 rw-p 00000000 00:00 0 
7f04a100f000-7f04a1015000 rw-p 00000000 00:00 0 
7f04a1015000-7f04a101c000 ---p 00000000 00:00 0 
7f04a101c000-7f04a1024000 rw-s 00000000 fd:00 16121869                   /tmp/hsperfdata_minecraft/367
7f04a1024000-7f04a1025000 ---p 00000000 00:00 0 
7f04a1025000-7f04a1026000 r--p 00000000 00:00 0 
7f04a1026000-7f04a1028000 rw-p 00000000 00:00 0 
7f04a1028000-7f04a1029000 r--p 00027000 fd:00 44175975                   /lib/x86_64-linux-gnu/ld-2.27.so
7f04a1029000-7f04a102a000 rw-p 00028000 fd:00 44175975                   /lib/x86_64-linux-gnu/ld-2.27.so
7f04a102a000-7f04a102b000 rw-p 00000000 00:00 0 
7fff6f4bd000-7fff6f4de000 rw-p 00000000 00:00 0                          [stack]
7fff6f52c000-7fff6f52f000 r--p 00000000 00:00 0                          [vvar]
7fff6f52f000-7fff6f531000 r-xp 00000000 00:00 0                          [vdso]
ffffffffff600000-ffffffffff601000 r-xp 00000000 00:00 0                  [vsyscall]


VM Arguments:
jvm_args: -Xms3g -Xmx3g 
java_command: server.jar nogui
java_class_path (initial): server.jar
Launcher Type: SUN_STANDARD

Logging:
Log output configuration:
#0: stdout all=warning uptime,level,tags
#1: stderr all=off uptime,level,tags

Environment Variables:
PATH=/usr/local/sbin:/usr/local/bin:/usr/sbin:/usr/bin:/sbin:/bin
SHELL=/bin/sh

Signal Handlers:
SIGSEGV: [libjvm.so+0xd28b70], sa_mask[0]=11111111011111111101111111111110, sa_flags=SA_RESTART|SA_SIGINFO
SIGBUS: [libjvm.so+0xd28b70], sa_mask[0]=11111111011111111101111111111110, sa_flags=SA_RESTART|SA_SIGINFO
SIGFPE: [libjvm.so+0xd28b70], sa_mask[0]=11111111011111111101111111111110, sa_flags=SA_RESTART|SA_SIGINFO
SIGPIPE: [libjvm.so+0xb2a1f0], sa_mask[0]=11111111011111111101111111111110, sa_flags=SA_RESTART|SA_SIGINFO
SIGXFSZ: [libjvm.so+0xb2a1f0], sa_mask[0]=11111111011111111101111111111110, sa_flags=SA_RESTART|SA_SIGINFO
SIGILL: [libjvm.so+0xd28b70], sa_mask[0]=11111111011111111101111111111110, sa_flags=SA_RESTART|SA_SIGINFO
SIGUSR2: [libjvm.so+0xb2a030], sa_mask[0]=00000000000000000000000000000000, sa_flags=SA_RESTART|SA_SIGINFO
SIGHUP: SIG_DFL, sa_mask[0]=00000000000000000000000000000000, sa_flags=none
SIGINT: SIG_DFL, sa_mask[0]=00000000000000000000000000000000, sa_flags=none
SIGTERM: SIG_DFL, sa_mask[0]=00000000000000000000000000000000, sa_flags=none
SIGQUIT: SIG_DFL, sa_mask[0]=00000000000000000000000000000000, sa_flags=none


---------------  S Y S T E M  ---------------

OS:DISTRIB_ID=Ubuntu
DISTRIB_RELEASE=18.04
DISTRIB_CODENAME=bionic
DISTRIB_DESCRIPTION="Ubuntu 18.04.2 LTS"
uname:Linux 4.15.0-46-generic #49-Ubuntu SMP Wed Feb 6 09:33:07 UTC 2019 x86_64
libc:glibc 2.27 NPTL 2.27 
rlimit: STACK 8192k, CORE 0k, NPROC 15099, NOFILE 4096, AS infinity, DATA infinity, FSIZE infinity
load average:1.62 1.50 1.47

/proc/meminfo:
MemTotal:        3943748 kB
MemFree:          115136 kB
MemAvailable:     953580 kB
Buffers:           32172 kB
Cached:          1005208 kB
SwapCached:        12172 kB
Active:          2631376 kB
Inactive:        1001656 kB
Active(anon):    2100028 kB
Inactive(anon):   525696 kB
Active(file):     531348 kB
Inactive(file):   475960 kB
Unevictable:           0 kB
Mlocked:               0 kB
SwapTotal:        999420 kB
SwapFree:         614320 kB
Dirty:              1832 kB
Writeback:             0 kB
AnonPages:       2592248 kB
Mapped:           113880 kB
Shmem:             30068 kB
Slab:             108676 kB
SReclaimable:      67808 kB
SUnreclaim:        40868 kB
KernelStack:        6056 kB
PageTables:        24252 kB
NFS_Unstable:          0 kB
Bounce:                0 kB
WritebackTmp:          0 kB
CommitLimit:     2971292 kB
Committed_AS:    3283140 kB
VmallocTotal:   34359738367 kB
VmallocUsed:           0 kB
VmallocChunk:          0 kB
HardwareCorrupted:     0 kB
AnonHugePages:         0 kB
ShmemHugePages:        0 kB
ShmemPmdMapped:        0 kB
CmaTotal:              0 kB
CmaFree:               0 kB
HugePages_Total:       0
HugePages_Free:        0
HugePages_Rsvd:        0
HugePages_Surp:        0
Hugepagesize:       2048 kB
DirectMap4k:      158320 kB
DirectMap2M:     3940352 kB
DirectMap1G:           0 kB

container (cgroup) information:
container_type: cgroupv1
cpu_cpuset_cpus: 0-3
cpu_memory_nodes: 0
active_processor_count: 4
cpu_quota: -1
cpu_period: 100000
cpu_shares: -1
memory_limit_in_bytes: -1
memory_and_swap_limit_in_bytes: -2
memory_soft_limit_in_bytes: -1
memory_usage_in_bytes: 3717853184
memory_max_usage_in_bytes: 2048000


CPU:total 4 (initial active 4) (2 cores per cpu, 2 threads per core) family 6 model 69 stepping 1, cmov, cx8, fxsr, mmx, sse, sse2, sse3, ssse3, sse4.1, sse4.2, popcnt, avx, avx2, aes, clmul, erms, lzcnt, ht, tsc, tscinvbit, bmi1, bmi2, fma
CPU Model and flags from /proc/cpuinfo:
model name	: Intel(R) Core(TM) i7-4500U CPU @ 1.80GHz
flags		: fpu vme de pse tsc msr pae mce cx8 apic sep mtrr pge mca cmov pat pse36 clflush dts acpi mmx fxsr sse sse2 ss ht tm pbe syscall nx pdpe1gb rdtscp lm constant_tsc arch_perfmon pebs bts rep_good nopl xtopology nonstop_tsc cpuid aperfmperf pni pclmulqdq dtes64 monitor ds_cpl vmx est tm2 ssse3 sdbg fma cx16 xtpr pdcm pcid sse4_1 sse4_2 movbe popcnt tsc_deadline_timer aes xsave avx f16c rdrand lahf_lm abm cpuid_fault epb invpcid_single pti ssbd ibrs ibpb stibp tpr_shadow vnmi flexpriority ept vpid fsgsbase tsc_adjust bmi1 avx2 smep bmi2 erms invpcid xsaveopt dtherm ida arat pln pts flush_l1d

Memory: 4k page, physical 3943748k(115136k free), swap 999420k(614320k free)

vm_info: OpenJDK 64-Bit Server VM (10.0.2+13-Ubuntu-1ubuntu0.18.04.4) for linux-amd64 JRE (10.0.2+13-Ubuntu-1ubuntu0.18.04.4), built on Nov 13 2018 12:53:39 by "buildd" with gcc 7.3.0

END.
