#
# There is insufficient memory for the Java Runtime Environment to continue.
# Native memory allocation (mmap) failed to map 3221225472 bytes for committing reserved memory.
# Possible reasons:
#   The system is out of physical RAM or swap space
#   The process is running with CompressedOops enabled, and the Java Heap may be blocking the growth of the native heap
# Possible solutions:
#   Reduce memory load on the system
#   Increase physical memory or swap space
#   Check if swap backing store is full
#   Decrease Java heap size (-Xmx/-Xms)
#   Decrease number of Java threads
#   Decrease Java thread stack sizes (-Xss)
#   Set larger code cache with -XX:ReservedCodeCacheSize=
# This output file may be truncated or incomplete.
#
#  Out of Memory Error (os_linux.cpp:2706), pid=17200, tid=17202
#
# JRE version:  (10.0.2+13) (build )
# Java VM: OpenJDK 64-Bit Server VM (10.0.2+13-Ubuntu-1ubuntu0.18.04.4, mixed mode, aot, tiered, compressed oops, g1 gc, linux-amd64)
# Core dump will be written. Default location: Core dumps may be processed with "/usr/share/apport/apport %p %s %c %d %P" (or dumping to /opt/forno/minecraft/core.17200)
#

---------------  S U M M A R Y ------------

Command Line: -Xms3g -Xmx3g server.jar nogui

Host: Intel(R) Core(TM) i7-4500U CPU @ 1.80GHz, 4 cores, 3G, Ubuntu 18.04.2 LTS
Time: Thu Mar 21 03:39:14 2019 JST elapsed time: 0 seconds (0d 0h 0m 0s)

---------------  T H R E A D  ---------------

Current thread (0x00007f5f54011000):  JavaThread "Unknown thread" [_thread_in_vm, id=17202, stack(0x00007f5f5cf0c000,0x00007f5f5d00d000)]

Stack: [0x00007f5f5cf0c000,0x00007f5f5d00d000],  sp=0x00007f5f5d00b2e0,  free space=1020k
Native frames: (J=compiled Java code, A=aot compiled Java code, j=interpreted, Vv=VM code, C=native code)
V  [libjvm.so+0xd27ea4]
V  [libjvm.so+0xd28a4b]
V  [libjvm.so+0x64d415]
V  [libjvm.so+0xb2d7c8]
V  [libjvm.so+0xb2601d]
V  [libjvm.so+0x7662ff]
V  [libjvm.so+0x76653e]
V  [libjvm.so+0x769500]
V  [libjvm.so+0x7efa1c]
V  [libjvm.so+0x7f06df]
V  [libjvm.so+0x7f0b59]
V  [libjvm.so+0x7162cf]
V  [libjvm.so+0x71afd3]
V  [libjvm.so+0xce5dc2]
V  [libjvm.so+0xce60c6]
V  [libjvm.so+0x807d57]
V  [libjvm.so+0xcc7ac4]
V  [libjvm.so+0x8601b1]  JNI_CreateJavaVM+0x51
C  [libjli.so+0x3d83]
C  [libjli.so+0x89dd]
C  [libpthread.so.0+0x76db]  start_thread+0xdb


---------------  P R O C E S S  ---------------

Threads class SMR info:
_java_thread_list=0x0000555c7e86c6b0, length=0, elements={
}

Java Threads: ( => current thread )

Other Threads:
  0x00007f5f54028000 GCTaskThread "GC Thread#0" [stack: 0x00007f5f59035000,0x00007f5f59135000] [id=17203]
  0x00007f5f54029000 GCTaskThread "GC Thread#1" [stack: 0x00007f5f58f33000,0x00007f5f59033000] [id=17204]
  0x00007f5f5402b000 GCTaskThread "GC Thread#2" [stack: 0x00007f5f58e31000,0x00007f5f58f31000] [id=17205]
  0x00007f5f5402c800 GCTaskThread "GC Thread#3" [stack: 0x00007f5f58d2f000,0x00007f5f58e2f000] [id=17206]
  0x00007f5f5406a000 ConcurrentGCThread "G1 Main Marker" [stack: 0x00007f5f58169000,0x00007f5f58269000] [id=17207]
  0x00007f5f5406c000 ConcurrentGCThread "G1 Conc#0" [stack: 0x00007f5f58067000,0x00007f5f58167000] [id=17208]

[error occurred during error reporting (printing all threads), id 0xe0000002]

VM state:not at safepoint (not fully initialized)

VM Mutex/Monitor currently owned by a thread:  ([mutex/lock_event])
[0x00007f5f5400df30] Heap_lock - owner thread: 0x00007f5f54011000

Heap address: 0x0000000700000000, size: 3072 MB, Compressed Oops mode: Non-zero based: 0x0000000700000000
Narrow klass base: 0x0000000000000000, Narrow klass shift: 0

GC Heap History (0 events):
No events

Deoptimization events (0 events):
No events

Classes redefined (0 events):
No events

Internal exceptions (0 events):
No events

Events (0 events):
No events


Dynamic libraries:
555c7e0b9000-555c7e0ba000 r-xp 00000000 fd:00 20185882                   /usr/lib/jvm/java-11-openjdk-amd64/bin/java
555c7e2ba000-555c7e2bb000 r--p 00001000 fd:00 20185882                   /usr/lib/jvm/java-11-openjdk-amd64/bin/java
555c7e2bb000-555c7e2bc000 rw-p 00002000 fd:00 20185882                   /usr/lib/jvm/java-11-openjdk-amd64/bin/java
555c7e855000-555c7e876000 rw-p 00000000 00:00 0                          [heap]
7f5f14000000-7f5f14021000 rw-p 00000000 00:00 0 
7f5f14021000-7f5f18000000 ---p 00000000 00:00 0 
7f5f1c000000-7f5f1c021000 rw-p 00000000 00:00 0 
7f5f1c021000-7f5f20000000 ---p 00000000 00:00 0 
7f5f21000000-7f5f24000000 ---p 00000000 00:00 0 
7f5f24000000-7f5f24021000 rw-p 00000000 00:00 0 
7f5f24021000-7f5f28000000 ---p 00000000 00:00 0 
7f5f29000000-7f5f2c000000 ---p 00000000 00:00 0 
7f5f2c000000-7f5f2c021000 rw-p 00000000 00:00 0 
7f5f2c021000-7f5f30000000 ---p 00000000 00:00 0 
7f5f30000000-7f5f30021000 rw-p 00000000 00:00 0 
7f5f30021000-7f5f34000000 ---p 00000000 00:00 0 
7f5f34000000-7f5f34021000 rw-p 00000000 00:00 0 
7f5f34021000-7f5f38000000 ---p 00000000 00:00 0 
7f5f38b21000-7f5f3af25000 rw-p 00000000 00:00 0 
7f5f3af25000-7f5f3bb25000 ---p 00000000 00:00 0 
7f5f3bb25000-7f5f3bd95000 rwxp 00000000 00:00 0 
7f5f3bd95000-7f5f3c0b5000 ---p 00000000 00:00 0 
7f5f3c0b5000-7f5f3c325000 rwxp 00000000 00:00 0 
7f5f3c325000-7f5f435ed000 ---p 00000000 00:00 0 
7f5f435ed000-7f5f4385d000 rwxp 00000000 00:00 0 
7f5f4385d000-7f5f4ab25000 ---p 00000000 00:00 0 
7f5f4ab25000-7f5f54000000 r--s 00000000 fd:00 20186057                   /usr/lib/jvm/java-11-openjdk-amd64/lib/modules
7f5f54000000-7f5f54083000 rw-p 00000000 00:00 0 
7f5f54083000-7f5f58000000 ---p 00000000 00:00 0 
7f5f58065000-7f5f58066000 ---p 00000000 00:00 0 
7f5f58066000-7f5f58167000 rw-p 00000000 00:00 0 
7f5f58167000-7f5f58168000 ---p 00000000 00:00 0 
7f5f58168000-7f5f58329000 rw-p 00000000 00:00 0 
7f5f58329000-7f5f58929000 ---p 00000000 00:00 0 
7f5f58929000-7f5f58d2d000 rw-p 00000000 00:00 0 
7f5f58d2d000-7f5f58d2e000 ---p 00000000 00:00 0 
7f5f58d2e000-7f5f58e2f000 rw-p 00000000 00:00 0 
7f5f58e2f000-7f5f58e30000 ---p 00000000 00:00 0 
7f5f58e30000-7f5f58f31000 rw-p 00000000 00:00 0 
7f5f58f31000-7f5f58f32000 ---p 00000000 00:00 0 
7f5f58f32000-7f5f59033000 rw-p 00000000 00:00 0 
7f5f59033000-7f5f59034000 ---p 00000000 00:00 0 
7f5f59034000-7f5f5913a000 rw-p 00000000 00:00 0 
7f5f5913a000-7f5f59220000 ---p 00000000 00:00 0 
7f5f59220000-7f5f59225000 rw-p 00000000 00:00 0 
7f5f59225000-7f5f5930b000 ---p 00000000 00:00 0 
7f5f5930b000-7f5f59310000 r-xp 00000000 fd:00 20186039                   /usr/lib/jvm/java-11-openjdk-amd64/lib/libjimage.so
7f5f59310000-7f5f5950f000 ---p 00005000 fd:00 20186039                   /usr/lib/jvm/java-11-openjdk-amd64/lib/libjimage.so
7f5f5950f000-7f5f59510000 r--p 00004000 fd:00 20186039                   /usr/lib/jvm/java-11-openjdk-amd64/lib/libjimage.so
7f5f59510000-7f5f59511000 rw-p 00005000 fd:00 20186039                   /usr/lib/jvm/java-11-openjdk-amd64/lib/libjimage.so
7f5f59511000-7f5f59518000 r-xp 00000000 fd:00 20186056                   /usr/lib/jvm/java-11-openjdk-amd64/lib/libzip.so
7f5f59518000-7f5f59717000 ---p 00007000 fd:00 20186056                   /usr/lib/jvm/java-11-openjdk-amd64/lib/libzip.so
7f5f59717000-7f5f59718000 r--p 00006000 fd:00 20186056                   /usr/lib/jvm/java-11-openjdk-amd64/lib/libzip.so
7f5f59718000-7f5f59719000 rw-p 00007000 fd:00 20186056                   /usr/lib/jvm/java-11-openjdk-amd64/lib/libzip.so
7f5f59719000-7f5f59724000 r-xp 00000000 fd:00 44176093                   /lib/x86_64-linux-gnu/libnss_files-2.27.so
7f5f59724000-7f5f59923000 ---p 0000b000 fd:00 44176093                   /lib/x86_64-linux-gnu/libnss_files-2.27.so
7f5f59923000-7f5f59924000 r--p 0000a000 fd:00 44176093                   /lib/x86_64-linux-gnu/libnss_files-2.27.so
7f5f59924000-7f5f59925000 rw-p 0000b000 fd:00 44176093                   /lib/x86_64-linux-gnu/libnss_files-2.27.so
7f5f59925000-7f5f5992b000 rw-p 00000000 00:00 0 
7f5f5992b000-7f5f59942000 r-xp 00000000 fd:00 44176087                   /lib/x86_64-linux-gnu/libnsl-2.27.so
7f5f59942000-7f5f59b41000 ---p 00017000 fd:00 44176087                   /lib/x86_64-linux-gnu/libnsl-2.27.so
7f5f59b41000-7f5f59b42000 r--p 00016000 fd:00 44176087                   /lib/x86_64-linux-gnu/libnsl-2.27.so
7f5f59b42000-7f5f59b43000 rw-p 00017000 fd:00 44176087                   /lib/x86_64-linux-gnu/libnsl-2.27.so
7f5f59b43000-7f5f59b45000 rw-p 00000000 00:00 0 
7f5f59b45000-7f5f59b50000 r-xp 00000000 fd:00 44176104                   /lib/x86_64-linux-gnu/libnss_nis-2.27.so
7f5f59b50000-7f5f59d4f000 ---p 0000b000 fd:00 44176104                   /lib/x86_64-linux-gnu/libnss_nis-2.27.so
7f5f59d4f000-7f5f59d50000 r--p 0000a000 fd:00 44176104                   /lib/x86_64-linux-gnu/libnss_nis-2.27.so
7f5f59d50000-7f5f59d51000 rw-p 0000b000 fd:00 44176104                   /lib/x86_64-linux-gnu/libnss_nis-2.27.so
7f5f59d51000-7f5f59d59000 r-xp 00000000 fd:00 44176089                   /lib/x86_64-linux-gnu/libnss_compat-2.27.so
7f5f59d59000-7f5f59f59000 ---p 00008000 fd:00 44176089                   /lib/x86_64-linux-gnu/libnss_compat-2.27.so
7f5f59f59000-7f5f59f5a000 r--p 00008000 fd:00 44176089                   /lib/x86_64-linux-gnu/libnss_compat-2.27.so
7f5f59f5a000-7f5f59f5b000 rw-p 00009000 fd:00 44176089                   /lib/x86_64-linux-gnu/libnss_compat-2.27.so
7f5f59f5b000-7f5f59f87000 r-xp 00000000 fd:00 20186035                   /usr/lib/jvm/java-11-openjdk-amd64/lib/libjava.so
7f5f59f87000-7f5f5a186000 ---p 0002c000 fd:00 20186035                   /usr/lib/jvm/java-11-openjdk-amd64/lib/libjava.so
7f5f5a186000-7f5f5a187000 r--p 0002b000 fd:00 20186035                   /usr/lib/jvm/java-11-openjdk-amd64/lib/libjava.so
7f5f5a187000-7f5f5a189000 rw-p 0002c000 fd:00 20186035                   /usr/lib/jvm/java-11-openjdk-amd64/lib/libjava.so
7f5f5a189000-7f5f5a196000 r-xp 00000000 fd:00 20186055                   /usr/lib/jvm/java-11-openjdk-amd64/lib/libverify.so
7f5f5a196000-7f5f5a395000 ---p 0000d000 fd:00 20186055                   /usr/lib/jvm/java-11-openjdk-amd64/lib/libverify.so
7f5f5a395000-7f5f5a397000 r--p 0000c000 fd:00 20186055                   /usr/lib/jvm/java-11-openjdk-amd64/lib/libverify.so
7f5f5a397000-7f5f5a398000 rw-p 0000e000 fd:00 20186055                   /usr/lib/jvm/java-11-openjdk-amd64/lib/libverify.so
7f5f5a398000-7f5f5a39f000 r-xp 00000000 fd:00 44176144                   /lib/x86_64-linux-gnu/librt-2.27.so
7f5f5a39f000-7f5f5a59e000 ---p 00007000 fd:00 44176144                   /lib/x86_64-linux-gnu/librt-2.27.so
7f5f5a59e000-7f5f5a59f000 r--p 00006000 fd:00 44176144                   /lib/x86_64-linux-gnu/librt-2.27.so
7f5f5a59f000-7f5f5a5a0000 rw-p 00007000 fd:00 44176144                   /lib/x86_64-linux-gnu/librt-2.27.so
7f5f5a5a0000-7f5f5a5b7000 r-xp 00000000 fd:00 44175907                   /lib/x86_64-linux-gnu/libgcc_s.so.1
7f5f5a5b7000-7f5f5a7b6000 ---p 00017000 fd:00 44175907                   /lib/x86_64-linux-gnu/libgcc_s.so.1
7f5f5a7b6000-7f5f5a7b7000 r--p 00016000 fd:00 44175907                   /lib/x86_64-linux-gnu/libgcc_s.so.1
7f5f5a7b7000-7f5f5a7b8000 rw-p 00017000 fd:00 44175907                   /lib/x86_64-linux-gnu/libgcc_s.so.1
7f5f5a7b8000-7f5f5a955000 r-xp 00000000 fd:00 44176066                   /lib/x86_64-linux-gnu/libm-2.27.so
7f5f5a955000-7f5f5ab54000 ---p 0019d000 fd:00 44176066                   /lib/x86_64-linux-gnu/libm-2.27.so
7f5f5ab54000-7f5f5ab55000 r--p 0019c000 fd:00 44176066                   /lib/x86_64-linux-gnu/libm-2.27.so
7f5f5ab55000-7f5f5ab56000 rw-p 0019d000 fd:00 44176066                   /lib/x86_64-linux-gnu/libm-2.27.so
7f5f5ab56000-7f5f5accf000 r-xp 00000000 fd:00 18090134                   /usr/lib/x86_64-linux-gnu/libstdc++.so.6.0.25
7f5f5accf000-7f5f5aecf000 ---p 00179000 fd:00 18090134                   /usr/lib/x86_64-linux-gnu/libstdc++.so.6.0.25
7f5f5aecf000-7f5f5aed9000 r--p 00179000 fd:00 18090134                   /usr/lib/x86_64-linux-gnu/libstdc++.so.6.0.25
7f5f5aed9000-7f5f5aedb000 rw-p 00183000 fd:00 18090134                   /usr/lib/x86_64-linux-gnu/libstdc++.so.6.0.25
7f5f5aedb000-7f5f5aedf000 rw-p 00000000 00:00 0 
7f5f5aedf000-7f5f5be7c000 r-xp 00000000 fd:00 20186062                   /usr/lib/jvm/java-11-openjdk-amd64/lib/server/libjvm.so
7f5f5be7c000-7f5f5c07c000 ---p 00f9d000 fd:00 20186062                   /usr/lib/jvm/java-11-openjdk-amd64/lib/server/libjvm.so
7f5f5c07c000-7f5f5c140000 r--p 00f9d000 fd:00 20186062                   /usr/lib/jvm/java-11-openjdk-amd64/lib/server/libjvm.so
7f5f5c140000-7f5f5c178000 rw-p 01061000 fd:00 20186062                   /usr/lib/jvm/java-11-openjdk-amd64/lib/server/libjvm.so
7f5f5c178000-7f5f5c1c1000 rw-p 00000000 00:00 0 
7f5f5c1c1000-7f5f5c1db000 r-xp 00000000 fd:00 44176136                   /lib/x86_64-linux-gnu/libpthread-2.27.so
7f5f5c1db000-7f5f5c3da000 ---p 0001a000 fd:00 44176136                   /lib/x86_64-linux-gnu/libpthread-2.27.so
7f5f5c3da000-7f5f5c3db000 r--p 00019000 fd:00 44176136                   /lib/x86_64-linux-gnu/libpthread-2.27.so
7f5f5c3db000-7f5f5c3dc000 rw-p 0001a000 fd:00 44176136                   /lib/x86_64-linux-gnu/libpthread-2.27.so
7f5f5c3dc000-7f5f5c3e0000 rw-p 00000000 00:00 0 
7f5f5c3e0000-7f5f5c3e3000 r-xp 00000000 fd:00 44176026                   /lib/x86_64-linux-gnu/libdl-2.27.so
7f5f5c3e3000-7f5f5c5e2000 ---p 00003000 fd:00 44176026                   /lib/x86_64-linux-gnu/libdl-2.27.so
7f5f5c5e2000-7f5f5c5e3000 r--p 00002000 fd:00 44176026                   /lib/x86_64-linux-gnu/libdl-2.27.so
7f5f5c5e3000-7f5f5c5e4000 rw-p 00003000 fd:00 44176026                   /lib/x86_64-linux-gnu/libdl-2.27.so
7f5f5c5e4000-7f5f5c600000 r-xp 00000000 fd:00 44176175                   /lib/x86_64-linux-gnu/libz.so.1.2.11
7f5f5c600000-7f5f5c7ff000 ---p 0001c000 fd:00 44176175                   /lib/x86_64-linux-gnu/libz.so.1.2.11
7f5f5c7ff000-7f5f5c800000 r--p 0001b000 fd:00 44176175                   /lib/x86_64-linux-gnu/libz.so.1.2.11
7f5f5c800000-7f5f5c801000 rw-p 0001c000 fd:00 44176175                   /lib/x86_64-linux-gnu/libz.so.1.2.11
7f5f5c801000-7f5f5c9e8000 r-xp 00000000 fd:00 44176003                   /lib/x86_64-linux-gnu/libc-2.27.so
7f5f5c9e8000-7f5f5cbe8000 ---p 001e7000 fd:00 44176003                   /lib/x86_64-linux-gnu/libc-2.27.so
7f5f5cbe8000-7f5f5cbec000 r--p 001e7000 fd:00 44176003                   /lib/x86_64-linux-gnu/libc-2.27.so
7f5f5cbec000-7f5f5cbee000 rw-p 001eb000 fd:00 44176003                   /lib/x86_64-linux-gnu/libc-2.27.so
7f5f5cbee000-7f5f5cbf2000 rw-p 00000000 00:00 0 
7f5f5cbf2000-7f5f5cc01000 r-xp 00000000 fd:00 20186020                   /usr/lib/jvm/java-11-openjdk-amd64/lib/jli/libjli.so
7f5f5cc01000-7f5f5ce00000 ---p 0000f000 fd:00 20186020                   /usr/lib/jvm/java-11-openjdk-amd64/lib/jli/libjli.so
7f5f5ce00000-7f5f5ce01000 r--p 0000e000 fd:00 20186020                   /usr/lib/jvm/java-11-openjdk-amd64/lib/jli/libjli.so
7f5f5ce01000-7f5f5ce02000 rw-p 0000f000 fd:00 20186020                   /usr/lib/jvm/java-11-openjdk-amd64/lib/jli/libjli.so
7f5f5ce02000-7f5f5ce29000 r-xp 00000000 fd:00 44175975                   /lib/x86_64-linux-gnu/ld-2.27.so
7f5f5cea5000-7f5f5cf0c000 rw-p 00000000 00:00 0 
7f5f5cf0c000-7f5f5cf10000 ---p 00000000 00:00 0 
7f5f5cf10000-7f5f5d00f000 rw-p 00000000 00:00 0 
7f5f5d010000-7f5f5d016000 rw-p 00000000 00:00 0 
7f5f5d016000-7f5f5d01d000 ---p 00000000 00:00 0 
7f5f5d01d000-7f5f5d025000 rw-s 00000000 fd:00 16121869                   /tmp/hsperfdata_minecraft/17200
7f5f5d025000-7f5f5d026000 ---p 00000000 00:00 0 
7f5f5d026000-7f5f5d027000 r--p 00000000 00:00 0 
7f5f5d027000-7f5f5d029000 rw-p 00000000 00:00 0 
7f5f5d029000-7f5f5d02a000 r--p 00027000 fd:00 44175975                   /lib/x86_64-linux-gnu/ld-2.27.so
7f5f5d02a000-7f5f5d02b000 rw-p 00028000 fd:00 44175975                   /lib/x86_64-linux-gnu/ld-2.27.so
7f5f5d02b000-7f5f5d02c000 rw-p 00000000 00:00 0 
7ffe84b14000-7ffe84b35000 rw-p 00000000 00:00 0                          [stack]
7ffe84bb4000-7ffe84bb7000 r--p 00000000 00:00 0                          [vvar]
7ffe84bb7000-7ffe84bb9000 r-xp 00000000 00:00 0                          [vdso]
ffffffffff600000-ffffffffff601000 r-xp 00000000 00:00 0                  [vsyscall]


VM Arguments:
jvm_args: -Xms3g -Xmx3g 
java_command: server.jar nogui
java_class_path (initial): server.jar
Launcher Type: SUN_STANDARD

Logging:
Log output configuration:
#0: stdout all=warning uptime,level,tags
#1: stderr all=off uptime,level,tags

Environment Variables:
PATH=/usr/local/sbin:/usr/local/bin:/usr/sbin:/usr/bin:/sbin:/bin
SHELL=/bin/sh

Signal Handlers:
SIGSEGV: [libjvm.so+0xd28b70], sa_mask[0]=11111111011111111101111111111110, sa_flags=SA_RESTART|SA_SIGINFO
SIGBUS: [libjvm.so+0xd28b70], sa_mask[0]=11111111011111111101111111111110, sa_flags=SA_RESTART|SA_SIGINFO
SIGFPE: [libjvm.so+0xd28b70], sa_mask[0]=11111111011111111101111111111110, sa_flags=SA_RESTART|SA_SIGINFO
SIGPIPE: [libjvm.so+0xb2a1f0], sa_mask[0]=11111111011111111101111111111110, sa_flags=SA_RESTART|SA_SIGINFO
SIGXFSZ: [libjvm.so+0xb2a1f0], sa_mask[0]=11111111011111111101111111111110, sa_flags=SA_RESTART|SA_SIGINFO
SIGILL: [libjvm.so+0xd28b70], sa_mask[0]=11111111011111111101111111111110, sa_flags=SA_RESTART|SA_SIGINFO
SIGUSR2: [libjvm.so+0xb2a030], sa_mask[0]=00000000000000000000000000000000, sa_flags=SA_RESTART|SA_SIGINFO
SIGHUP: SIG_DFL, sa_mask[0]=00000000000000000000000000000000, sa_flags=none
SIGINT: SIG_DFL, sa_mask[0]=00000000000000000000000000000000, sa_flags=none
SIGTERM: SIG_DFL, sa_mask[0]=00000000000000000000000000000000, sa_flags=none
SIGQUIT: SIG_DFL, sa_mask[0]=00000000000000000000000000000000, sa_flags=none


---------------  S Y S T E M  ---------------

OS:DISTRIB_ID=Ubuntu
DISTRIB_RELEASE=18.04
DISTRIB_CODENAME=bionic
DISTRIB_DESCRIPTION="Ubuntu 18.04.2 LTS"
uname:Linux 4.15.0-46-generic #49-Ubuntu SMP Wed Feb 6 09:33:07 UTC 2019 x86_64
libc:glibc 2.27 NPTL 2.27 
rlimit: STACK 8192k, CORE 0k, NPROC 15099, NOFILE 4096, AS infinity, DATA infinity, FSIZE infinity
load average:1.10 1.38 1.42

/proc/meminfo:
MemTotal:        3943748 kB
MemFree:          998628 kB
MemAvailable:    1838620 kB
Buffers:           26628 kB
Cached:          1021828 kB
SwapCached:         2876 kB
Active:          1935044 kB
Inactive:         834544 kB
Active(anon):    1450816 kB
Inactive(anon):   300440 kB
Active(file):     484228 kB
Inactive(file):   534104 kB
Unevictable:           0 kB
Mlocked:               0 kB
SwapTotal:        999420 kB
SwapFree:         561840 kB
Dirty:              5696 kB
Writeback:             0 kB
AnonPages:       1719512 kB
Mapped:           182136 kB
Shmem:             30128 kB
Slab:              89888 kB
SReclaimable:      48856 kB
SUnreclaim:        41032 kB
KernelStack:        6032 kB
PageTables:        22636 kB
NFS_Unstable:          0 kB
Bounce:                0 kB
WritebackTmp:          0 kB
CommitLimit:     2971292 kB
Committed_AS:    2908180 kB
VmallocTotal:   34359738367 kB
VmallocUsed:           0 kB
VmallocChunk:          0 kB
HardwareCorrupted:     0 kB
AnonHugePages:         0 kB
ShmemHugePages:        0 kB
ShmemPmdMapped:        0 kB
CmaTotal:              0 kB
CmaFree:               0 kB
HugePages_Total:       0
HugePages_Free:        0
HugePages_Rsvd:        0
HugePages_Surp:        0
Hugepagesize:       2048 kB
DirectMap4k:      154224 kB
DirectMap2M:     3944448 kB
DirectMap1G:           0 kB

container (cgroup) information:
container_type: cgroupv1
cpu_cpuset_cpus: 0-3
cpu_memory_nodes: 0
active_processor_count: 4
cpu_quota: -1
cpu_period: 100000
cpu_shares: -1
memory_limit_in_bytes: -1
memory_and_swap_limit_in_bytes: -2
memory_soft_limit_in_bytes: -1
memory_usage_in_bytes: 2835558400
memory_max_usage_in_bytes: 2048000


CPU:total 4 (initial active 4) (2 cores per cpu, 2 threads per core) family 6 model 69 stepping 1, cmov, cx8, fxsr, mmx, sse, sse2, sse3, ssse3, sse4.1, sse4.2, popcnt, avx, avx2, aes, clmul, erms, lzcnt, ht, tsc, tscinvbit, bmi1, bmi2, fma
CPU Model and flags from /proc/cpuinfo:
model name	: Intel(R) Core(TM) i7-4500U CPU @ 1.80GHz
flags		: fpu vme de pse tsc msr pae mce cx8 apic sep mtrr pge mca cmov pat pse36 clflush dts acpi mmx fxsr sse sse2 ss ht tm pbe syscall nx pdpe1gb rdtscp lm constant_tsc arch_perfmon pebs bts rep_good nopl xtopology nonstop_tsc cpuid aperfmperf pni pclmulqdq dtes64 monitor ds_cpl vmx est tm2 ssse3 sdbg fma cx16 xtpr pdcm pcid sse4_1 sse4_2 movbe popcnt tsc_deadline_timer aes xsave avx f16c rdrand lahf_lm abm cpuid_fault epb invpcid_single pti ssbd ibrs ibpb stibp tpr_shadow vnmi flexpriority ept vpid fsgsbase tsc_adjust bmi1 avx2 smep bmi2 erms invpcid xsaveopt dtherm ida arat pln pts flush_l1d

Memory: 4k page, physical 3943748k(998628k free), swap 999420k(561840k free)

vm_info: OpenJDK 64-Bit Server VM (10.0.2+13-Ubuntu-1ubuntu0.18.04.4) for linux-amd64 JRE (10.0.2+13-Ubuntu-1ubuntu0.18.04.4), built on Nov 13 2018 12:53:39 by "buildd" with gcc 7.3.0

END.
