#
# There is insufficient memory for the Java Runtime Environment to continue.
# Native memory allocation (mmap) failed to map 3221225472 bytes for committing reserved memory.
# Possible reasons:
#   The system is out of physical RAM or swap space
#   The process is running with CompressedOops enabled, and the Java Heap may be blocking the growth of the native heap
# Possible solutions:
#   Reduce memory load on the system
#   Increase physical memory or swap space
#   Check if swap backing store is full
#   Decrease Java heap size (-Xmx/-Xms)
#   Decrease number of Java threads
#   Decrease Java thread stack sizes (-Xss)
#   Set larger code cache with -XX:ReservedCodeCacheSize=
# This output file may be truncated or incomplete.
#
#  Out of Memory Error (os_linux.cpp:2706), pid=27384, tid=27386
#
# JRE version:  (10.0.2+13) (build )
# Java VM: OpenJDK 64-Bit Server VM (10.0.2+13-Ubuntu-1ubuntu0.18.04.4, mixed mode, aot, tiered, compressed oops, g1 gc, linux-amd64)
# Core dump will be written. Default location: Core dumps may be processed with "/usr/share/apport/apport %p %s %c %d %P" (or dumping to /opt/forno/minecraft/core.27384)
#

---------------  S U M M A R Y ------------

Command Line: -Xms3g -Xmx3g server.jar nogui

Host: Intel(R) Core(TM) i7-4500U CPU @ 1.80GHz, 4 cores, 3G, Ubuntu 18.04.2 LTS
Time: Thu Mar 21 01:56:48 2019 JST elapsed time: 0 seconds (0d 0h 0m 0s)

---------------  T H R E A D  ---------------

Current thread (0x00007f1b38011000):  JavaThread "Unknown thread" [_thread_in_vm, id=27386, stack(0x00007f1b4087a000,0x00007f1b4097b000)]

Stack: [0x00007f1b4087a000,0x00007f1b4097b000],  sp=0x00007f1b409792e0,  free space=1020k
Native frames: (J=compiled Java code, A=aot compiled Java code, j=interpreted, Vv=VM code, C=native code)
V  [libjvm.so+0xd27ea4]
V  [libjvm.so+0xd28a4b]
V  [libjvm.so+0x64d415]
V  [libjvm.so+0xb2d7c8]
V  [libjvm.so+0xb2601d]
V  [libjvm.so+0x7662ff]
V  [libjvm.so+0x76653e]
V  [libjvm.so+0x769500]
V  [libjvm.so+0x7efa1c]
V  [libjvm.so+0x7f06df]
V  [libjvm.so+0x7f0b59]
V  [libjvm.so+0x7162cf]
V  [libjvm.so+0x71afd3]
V  [libjvm.so+0xce5dc2]
V  [libjvm.so+0xce60c6]
V  [libjvm.so+0x807d57]
V  [libjvm.so+0xcc7ac4]
V  [libjvm.so+0x8601b1]  JNI_CreateJavaVM+0x51
C  [libjli.so+0x3d83]
C  [libjli.so+0x89dd]
C  [libpthread.so.0+0x76db]  start_thread+0xdb


---------------  P R O C E S S  ---------------

Threads class SMR info:
_java_thread_list=0x0000560cd66ee6b0, length=0, elements={
}

Java Threads: ( => current thread )

Other Threads:
  0x00007f1b38028000 GCTaskThread "GC Thread#0" [stack: 0x00007f1b3c9a3000,0x00007f1b3caa3000] [id=27388]
  0x00007f1b38029000 GCTaskThread "GC Thread#1" [stack: 0x00007f1b3c8a1000,0x00007f1b3c9a1000] [id=27389]
  0x00007f1b3802b000 GCTaskThread "GC Thread#2" [stack: 0x00007f1b3c79f000,0x00007f1b3c89f000] [id=27390]
  0x00007f1b3802c800 GCTaskThread "GC Thread#3" [stack: 0x00007f1b3c69d000,0x00007f1b3c79d000] [id=27391]
  0x00007f1b3806a000 ConcurrentGCThread "G1 Main Marker" [stack: 0x00007f1b3c0d7000,0x00007f1b3c1d7000] [id=27394]
  0x00007f1b3806c000 ConcurrentGCThread "G1 Conc#0" [stack: 0x00007f1b1e825000,0x00007f1b1e925000] [id=27395]

[error occurred during error reporting (printing all threads), id 0xe0000002]

VM state:not at safepoint (not fully initialized)

VM Mutex/Monitor currently owned by a thread:  ([mutex/lock_event])
[0x00007f1b3800df30] Heap_lock - owner thread: 0x00007f1b38011000

Heap address: 0x0000000700000000, size: 3072 MB, Compressed Oops mode: Non-zero based: 0x0000000700000000
Narrow klass base: 0x0000000000000000, Narrow klass shift: 0

GC Heap History (0 events):
No events

Deoptimization events (0 events):
No events

Classes redefined (0 events):
No events

Internal exceptions (0 events):
No events

Events (0 events):
No events


Dynamic libraries:
560cd5cd6000-560cd5cd7000 r-xp 00000000 fd:00 20185882                   /usr/lib/jvm/java-11-openjdk-amd64/bin/java
560cd5ed7000-560cd5ed8000 r--p 00001000 fd:00 20185882                   /usr/lib/jvm/java-11-openjdk-amd64/bin/java
560cd5ed8000-560cd5ed9000 rw-p 00002000 fd:00 20185882                   /usr/lib/jvm/java-11-openjdk-amd64/bin/java
560cd66d7000-560cd66f8000 rw-p 00000000 00:00 0                          [heap]
7f1af8000000-7f1af8021000 rw-p 00000000 00:00 0 
7f1af8021000-7f1afc000000 ---p 00000000 00:00 0 
7f1b00000000-7f1b00021000 rw-p 00000000 00:00 0 
7f1b00021000-7f1b04000000 ---p 00000000 00:00 0 
7f1b05000000-7f1b08000000 ---p 00000000 00:00 0 
7f1b08000000-7f1b08021000 rw-p 00000000 00:00 0 
7f1b08021000-7f1b0c000000 ---p 00000000 00:00 0 
7f1b0d000000-7f1b10000000 ---p 00000000 00:00 0 
7f1b10000000-7f1b10021000 rw-p 00000000 00:00 0 
7f1b10021000-7f1b14000000 ---p 00000000 00:00 0 
7f1b14000000-7f1b14021000 rw-p 00000000 00:00 0 
7f1b14021000-7f1b18000000 ---p 00000000 00:00 0 
7f1b18000000-7f1b18021000 rw-p 00000000 00:00 0 
7f1b18021000-7f1b1c000000 ---p 00000000 00:00 0 
7f1b1c41f000-7f1b1e823000 rw-p 00000000 00:00 0 
7f1b1e823000-7f1b1e824000 ---p 00000000 00:00 0 
7f1b1e824000-7f1b1e925000 rw-p 00000000 00:00 0 
7f1b1e925000-7f1b1fb25000 ---p 00000000 00:00 0 
7f1b1fb25000-7f1b1fd95000 rwxp 00000000 00:00 0 
7f1b1fd95000-7f1b200b5000 ---p 00000000 00:00 0 
7f1b200b5000-7f1b20325000 rwxp 00000000 00:00 0 
7f1b20325000-7f1b275ed000 ---p 00000000 00:00 0 
7f1b275ed000-7f1b2785d000 rwxp 00000000 00:00 0 
7f1b2785d000-7f1b2eb25000 ---p 00000000 00:00 0 
7f1b2eb25000-7f1b38000000 r--s 00000000 fd:00 20186057                   /usr/lib/jvm/java-11-openjdk-amd64/lib/modules
7f1b38000000-7f1b38083000 rw-p 00000000 00:00 0 
7f1b38083000-7f1b3c000000 ---p 00000000 00:00 0 
7f1b3c0d5000-7f1b3c0d6000 ---p 00000000 00:00 0 
7f1b3c0d6000-7f1b3c69b000 rw-p 00000000 00:00 0 
7f1b3c69b000-7f1b3c69c000 ---p 00000000 00:00 0 
7f1b3c69c000-7f1b3c79d000 rw-p 00000000 00:00 0 
7f1b3c79d000-7f1b3c79e000 ---p 00000000 00:00 0 
7f1b3c79e000-7f1b3c89f000 rw-p 00000000 00:00 0 
7f1b3c89f000-7f1b3c8a0000 ---p 00000000 00:00 0 
7f1b3c8a0000-7f1b3c9a1000 rw-p 00000000 00:00 0 
7f1b3c9a1000-7f1b3c9a2000 ---p 00000000 00:00 0 
7f1b3c9a2000-7f1b3caa8000 rw-p 00000000 00:00 0 
7f1b3caa8000-7f1b3cb8e000 ---p 00000000 00:00 0 
7f1b3cb8e000-7f1b3cb93000 rw-p 00000000 00:00 0 
7f1b3cb93000-7f1b3cc79000 ---p 00000000 00:00 0 
7f1b3cc79000-7f1b3cc7e000 r-xp 00000000 fd:00 20186039                   /usr/lib/jvm/java-11-openjdk-amd64/lib/libjimage.so
7f1b3cc7e000-7f1b3ce7d000 ---p 00005000 fd:00 20186039                   /usr/lib/jvm/java-11-openjdk-amd64/lib/libjimage.so
7f1b3ce7d000-7f1b3ce7e000 r--p 00004000 fd:00 20186039                   /usr/lib/jvm/java-11-openjdk-amd64/lib/libjimage.so
7f1b3ce7e000-7f1b3ce7f000 rw-p 00005000 fd:00 20186039                   /usr/lib/jvm/java-11-openjdk-amd64/lib/libjimage.so
7f1b3ce7f000-7f1b3ce86000 r-xp 00000000 fd:00 20186056                   /usr/lib/jvm/java-11-openjdk-amd64/lib/libzip.so
7f1b3ce86000-7f1b3d085000 ---p 00007000 fd:00 20186056                   /usr/lib/jvm/java-11-openjdk-amd64/lib/libzip.so
7f1b3d085000-7f1b3d086000 r--p 00006000 fd:00 20186056                   /usr/lib/jvm/java-11-openjdk-amd64/lib/libzip.so
7f1b3d086000-7f1b3d087000 rw-p 00007000 fd:00 20186056                   /usr/lib/jvm/java-11-openjdk-amd64/lib/libzip.so
7f1b3d087000-7f1b3d092000 r-xp 00000000 fd:00 44176093                   /lib/x86_64-linux-gnu/libnss_files-2.27.so
7f1b3d092000-7f1b3d291000 ---p 0000b000 fd:00 44176093                   /lib/x86_64-linux-gnu/libnss_files-2.27.so
7f1b3d291000-7f1b3d292000 r--p 0000a000 fd:00 44176093                   /lib/x86_64-linux-gnu/libnss_files-2.27.so
7f1b3d292000-7f1b3d293000 rw-p 0000b000 fd:00 44176093                   /lib/x86_64-linux-gnu/libnss_files-2.27.so
7f1b3d293000-7f1b3d299000 rw-p 00000000 00:00 0 
7f1b3d299000-7f1b3d2b0000 r-xp 00000000 fd:00 44176087                   /lib/x86_64-linux-gnu/libnsl-2.27.so
7f1b3d2b0000-7f1b3d4af000 ---p 00017000 fd:00 44176087                   /lib/x86_64-linux-gnu/libnsl-2.27.so
7f1b3d4af000-7f1b3d4b0000 r--p 00016000 fd:00 44176087                   /lib/x86_64-linux-gnu/libnsl-2.27.so
7f1b3d4b0000-7f1b3d4b1000 rw-p 00017000 fd:00 44176087                   /lib/x86_64-linux-gnu/libnsl-2.27.so
7f1b3d4b1000-7f1b3d4b3000 rw-p 00000000 00:00 0 
7f1b3d4b3000-7f1b3d4be000 r-xp 00000000 fd:00 44176104                   /lib/x86_64-linux-gnu/libnss_nis-2.27.so
7f1b3d4be000-7f1b3d6bd000 ---p 0000b000 fd:00 44176104                   /lib/x86_64-linux-gnu/libnss_nis-2.27.so
7f1b3d6bd000-7f1b3d6be000 r--p 0000a000 fd:00 44176104                   /lib/x86_64-linux-gnu/libnss_nis-2.27.so
7f1b3d6be000-7f1b3d6bf000 rw-p 0000b000 fd:00 44176104                   /lib/x86_64-linux-gnu/libnss_nis-2.27.so
7f1b3d6bf000-7f1b3d6c7000 r-xp 00000000 fd:00 44176089                   /lib/x86_64-linux-gnu/libnss_compat-2.27.so
7f1b3d6c7000-7f1b3d8c7000 ---p 00008000 fd:00 44176089                   /lib/x86_64-linux-gnu/libnss_compat-2.27.so
7f1b3d8c7000-7f1b3d8c8000 r--p 00008000 fd:00 44176089                   /lib/x86_64-linux-gnu/libnss_compat-2.27.so
7f1b3d8c8000-7f1b3d8c9000 rw-p 00009000 fd:00 44176089                   /lib/x86_64-linux-gnu/libnss_compat-2.27.so
7f1b3d8c9000-7f1b3d8f5000 r-xp 00000000 fd:00 20186035                   /usr/lib/jvm/java-11-openjdk-amd64/lib/libjava.so
7f1b3d8f5000-7f1b3daf4000 ---p 0002c000 fd:00 20186035                   /usr/lib/jvm/java-11-openjdk-amd64/lib/libjava.so
7f1b3daf4000-7f1b3daf5000 r--p 0002b000 fd:00 20186035                   /usr/lib/jvm/java-11-openjdk-amd64/lib/libjava.so
7f1b3daf5000-7f1b3daf7000 rw-p 0002c000 fd:00 20186035                   /usr/lib/jvm/java-11-openjdk-amd64/lib/libjava.so
7f1b3daf7000-7f1b3db04000 r-xp 00000000 fd:00 20186055                   /usr/lib/jvm/java-11-openjdk-amd64/lib/libverify.so
7f1b3db04000-7f1b3dd03000 ---p 0000d000 fd:00 20186055                   /usr/lib/jvm/java-11-openjdk-amd64/lib/libverify.so
7f1b3dd03000-7f1b3dd05000 r--p 0000c000 fd:00 20186055                   /usr/lib/jvm/java-11-openjdk-amd64/lib/libverify.so
7f1b3dd05000-7f1b3dd06000 rw-p 0000e000 fd:00 20186055                   /usr/lib/jvm/java-11-openjdk-amd64/lib/libverify.so
7f1b3dd06000-7f1b3dd0d000 r-xp 00000000 fd:00 44176144                   /lib/x86_64-linux-gnu/librt-2.27.so
7f1b3dd0d000-7f1b3df0c000 ---p 00007000 fd:00 44176144                   /lib/x86_64-linux-gnu/librt-2.27.so
7f1b3df0c000-7f1b3df0d000 r--p 00006000 fd:00 44176144                   /lib/x86_64-linux-gnu/librt-2.27.so
7f1b3df0d000-7f1b3df0e000 rw-p 00007000 fd:00 44176144                   /lib/x86_64-linux-gnu/librt-2.27.so
7f1b3df0e000-7f1b3df25000 r-xp 00000000 fd:00 44175907                   /lib/x86_64-linux-gnu/libgcc_s.so.1
7f1b3df25000-7f1b3e124000 ---p 00017000 fd:00 44175907                   /lib/x86_64-linux-gnu/libgcc_s.so.1
7f1b3e124000-7f1b3e125000 r--p 00016000 fd:00 44175907                   /lib/x86_64-linux-gnu/libgcc_s.so.1
7f1b3e125000-7f1b3e126000 rw-p 00017000 fd:00 44175907                   /lib/x86_64-linux-gnu/libgcc_s.so.1
7f1b3e126000-7f1b3e2c3000 r-xp 00000000 fd:00 44176066                   /lib/x86_64-linux-gnu/libm-2.27.so
7f1b3e2c3000-7f1b3e4c2000 ---p 0019d000 fd:00 44176066                   /lib/x86_64-linux-gnu/libm-2.27.so
7f1b3e4c2000-7f1b3e4c3000 r--p 0019c000 fd:00 44176066                   /lib/x86_64-linux-gnu/libm-2.27.so
7f1b3e4c3000-7f1b3e4c4000 rw-p 0019d000 fd:00 44176066                   /lib/x86_64-linux-gnu/libm-2.27.so
7f1b3e4c4000-7f1b3e63d000 r-xp 00000000 fd:00 18090134                   /usr/lib/x86_64-linux-gnu/libstdc++.so.6.0.25
7f1b3e63d000-7f1b3e83d000 ---p 00179000 fd:00 18090134                   /usr/lib/x86_64-linux-gnu/libstdc++.so.6.0.25
7f1b3e83d000-7f1b3e847000 r--p 00179000 fd:00 18090134                   /usr/lib/x86_64-linux-gnu/libstdc++.so.6.0.25
7f1b3e847000-7f1b3e849000 rw-p 00183000 fd:00 18090134                   /usr/lib/x86_64-linux-gnu/libstdc++.so.6.0.25
7f1b3e849000-7f1b3e84d000 rw-p 00000000 00:00 0 
7f1b3e84d000-7f1b3f7ea000 r-xp 00000000 fd:00 20186062                   /usr/lib/jvm/java-11-openjdk-amd64/lib/server/libjvm.so
7f1b3f7ea000-7f1b3f9ea000 ---p 00f9d000 fd:00 20186062                   /usr/lib/jvm/java-11-openjdk-amd64/lib/server/libjvm.so
7f1b3f9ea000-7f1b3faae000 r--p 00f9d000 fd:00 20186062                   /usr/lib/jvm/java-11-openjdk-amd64/lib/server/libjvm.so
7f1b3faae000-7f1b3fae6000 rw-p 01061000 fd:00 20186062                   /usr/lib/jvm/java-11-openjdk-amd64/lib/server/libjvm.so
7f1b3fae6000-7f1b3fb2f000 rw-p 00000000 00:00 0 
7f1b3fb2f000-7f1b3fb49000 r-xp 00000000 fd:00 44176136                   /lib/x86_64-linux-gnu/libpthread-2.27.so
7f1b3fb49000-7f1b3fd48000 ---p 0001a000 fd:00 44176136                   /lib/x86_64-linux-gnu/libpthread-2.27.so
7f1b3fd48000-7f1b3fd49000 r--p 00019000 fd:00 44176136                   /lib/x86_64-linux-gnu/libpthread-2.27.so
7f1b3fd49000-7f1b3fd4a000 rw-p 0001a000 fd:00 44176136                   /lib/x86_64-linux-gnu/libpthread-2.27.so
7f1b3fd4a000-7f1b3fd4e000 rw-p 00000000 00:00 0 
7f1b3fd4e000-7f1b3fd51000 r-xp 00000000 fd:00 44176026                   /lib/x86_64-linux-gnu/libdl-2.27.so
7f1b3fd51000-7f1b3ff50000 ---p 00003000 fd:00 44176026                   /lib/x86_64-linux-gnu/libdl-2.27.so
7f1b3ff50000-7f1b3ff51000 r--p 00002000 fd:00 44176026                   /lib/x86_64-linux-gnu/libdl-2.27.so
7f1b3ff51000-7f1b3ff52000 rw-p 00003000 fd:00 44176026                   /lib/x86_64-linux-gnu/libdl-2.27.so
7f1b3ff52000-7f1b3ff6e000 r-xp 00000000 fd:00 44176175                   /lib/x86_64-linux-gnu/libz.so.1.2.11
7f1b3ff6e000-7f1b4016d000 ---p 0001c000 fd:00 44176175                   /lib/x86_64-linux-gnu/libz.so.1.2.11
7f1b4016d000-7f1b4016e000 r--p 0001b000 fd:00 44176175                   /lib/x86_64-linux-gnu/libz.so.1.2.11
7f1b4016e000-7f1b4016f000 rw-p 0001c000 fd:00 44176175                   /lib/x86_64-linux-gnu/libz.so.1.2.11
7f1b4016f000-7f1b40356000 r-xp 00000000 fd:00 44176003                   /lib/x86_64-linux-gnu/libc-2.27.so
7f1b40356000-7f1b40556000 ---p 001e7000 fd:00 44176003                   /lib/x86_64-linux-gnu/libc-2.27.so
7f1b40556000-7f1b4055a000 r--p 001e7000 fd:00 44176003                   /lib/x86_64-linux-gnu/libc-2.27.so
7f1b4055a000-7f1b4055c000 rw-p 001eb000 fd:00 44176003                   /lib/x86_64-linux-gnu/libc-2.27.so
7f1b4055c000-7f1b40560000 rw-p 00000000 00:00 0 
7f1b40560000-7f1b4056f000 r-xp 00000000 fd:00 20186020                   /usr/lib/jvm/java-11-openjdk-amd64/lib/jli/libjli.so
7f1b4056f000-7f1b4076e000 ---p 0000f000 fd:00 20186020                   /usr/lib/jvm/java-11-openjdk-amd64/lib/jli/libjli.so
7f1b4076e000-7f1b4076f000 r--p 0000e000 fd:00 20186020                   /usr/lib/jvm/java-11-openjdk-amd64/lib/jli/libjli.so
7f1b4076f000-7f1b40770000 rw-p 0000f000 fd:00 20186020                   /usr/lib/jvm/java-11-openjdk-amd64/lib/jli/libjli.so
7f1b40770000-7f1b40797000 r-xp 00000000 fd:00 44175975                   /lib/x86_64-linux-gnu/ld-2.27.so
7f1b40813000-7f1b4087a000 rw-p 00000000 00:00 0 
7f1b4087a000-7f1b4087e000 ---p 00000000 00:00 0 
7f1b4087e000-7f1b4097d000 rw-p 00000000 00:00 0 
7f1b4097e000-7f1b40984000 rw-p 00000000 00:00 0 
7f1b40984000-7f1b4098b000 ---p 00000000 00:00 0 
7f1b4098b000-7f1b40993000 rw-s 00000000 fd:00 16121869                   /tmp/hsperfdata_minecraft/27384
7f1b40993000-7f1b40994000 ---p 00000000 00:00 0 
7f1b40994000-7f1b40995000 r--p 00000000 00:00 0 
7f1b40995000-7f1b40997000 rw-p 00000000 00:00 0 
7f1b40997000-7f1b40998000 r--p 00027000 fd:00 44175975                   /lib/x86_64-linux-gnu/ld-2.27.so
7f1b40998000-7f1b40999000 rw-p 00028000 fd:00 44175975                   /lib/x86_64-linux-gnu/ld-2.27.so
7f1b40999000-7f1b4099a000 rw-p 00000000 00:00 0 
7ffe0c2cc000-7ffe0c2ed000 rw-p 00000000 00:00 0                          [stack]
7ffe0c2f9000-7ffe0c2fc000 r--p 00000000 00:00 0                          [vvar]
7ffe0c2fc000-7ffe0c2fe000 r-xp 00000000 00:00 0                          [vdso]
ffffffffff600000-ffffffffff601000 r-xp 00000000 00:00 0                  [vsyscall]


VM Arguments:
jvm_args: -Xms3g -Xmx3g 
java_command: server.jar nogui
java_class_path (initial): server.jar
Launcher Type: SUN_STANDARD

Logging:
Log output configuration:
#0: stdout all=warning uptime,level,tags
#1: stderr all=off uptime,level,tags

Environment Variables:
PATH=/usr/local/sbin:/usr/local/bin:/usr/sbin:/usr/bin:/sbin:/bin
SHELL=/bin/sh

Signal Handlers:
SIGSEGV: [libjvm.so+0xd28b70], sa_mask[0]=11111111011111111101111111111110, sa_flags=SA_RESTART|SA_SIGINFO
SIGBUS: [libjvm.so+0xd28b70], sa_mask[0]=11111111011111111101111111111110, sa_flags=SA_RESTART|SA_SIGINFO
SIGFPE: [libjvm.so+0xd28b70], sa_mask[0]=11111111011111111101111111111110, sa_flags=SA_RESTART|SA_SIGINFO
SIGPIPE: [libjvm.so+0xb2a1f0], sa_mask[0]=11111111011111111101111111111110, sa_flags=SA_RESTART|SA_SIGINFO
SIGXFSZ: [libjvm.so+0xb2a1f0], sa_mask[0]=11111111011111111101111111111110, sa_flags=SA_RESTART|SA_SIGINFO
SIGILL: [libjvm.so+0xd28b70], sa_mask[0]=11111111011111111101111111111110, sa_flags=SA_RESTART|SA_SIGINFO
SIGUSR2: [libjvm.so+0xb2a030], sa_mask[0]=00000000000000000000000000000000, sa_flags=SA_RESTART|SA_SIGINFO
SIGHUP: SIG_DFL, sa_mask[0]=00000000000000000000000000000000, sa_flags=none
SIGINT: SIG_DFL, sa_mask[0]=00000000000000000000000000000000, sa_flags=none
SIGTERM: SIG_DFL, sa_mask[0]=00000000000000000000000000000000, sa_flags=none
SIGQUIT: SIG_DFL, sa_mask[0]=00000000000000000000000000000000, sa_flags=none


---------------  S Y S T E M  ---------------

OS:DISTRIB_ID=Ubuntu
DISTRIB_RELEASE=18.04
DISTRIB_CODENAME=bionic
DISTRIB_DESCRIPTION="Ubuntu 18.04.2 LTS"
uname:Linux 4.15.0-46-generic #49-Ubuntu SMP Wed Feb 6 09:33:07 UTC 2019 x86_64
libc:glibc 2.27 NPTL 2.27 
rlimit: STACK 8192k, CORE 0k, NPROC 15099, NOFILE 4096, AS infinity, DATA infinity, FSIZE infinity
load average:2.19 1.77 1.57

/proc/meminfo:
MemTotal:        3943748 kB
MemFree:         2128948 kB
MemAvailable:    2092348 kB
Buffers:            5760 kB
Cached:           158960 kB
SwapCached:         1304 kB
Active:          1250336 kB
Inactive:         411116 kB
Active(anon):    1233260 kB
Inactive(anon):   293648 kB
Active(file):      17076 kB
Inactive(file):   117468 kB
Unevictable:           0 kB
Mlocked:               0 kB
SwapTotal:        999420 kB
SwapFree:         551856 kB
Dirty:              5204 kB
Writeback:             0 kB
AnonPages:       1495668 kB
Mapped:           102772 kB
Shmem:             30120 kB
Slab:              69756 kB
SReclaimable:      28852 kB
SUnreclaim:        40904 kB
KernelStack:        5972 kB
PageTables:        22860 kB
NFS_Unstable:          0 kB
Bounce:                0 kB
WritebackTmp:          0 kB
CommitLimit:     2971292 kB
Committed_AS:    2998544 kB
VmallocTotal:   34359738367 kB
VmallocUsed:           0 kB
VmallocChunk:          0 kB
HardwareCorrupted:     0 kB
AnonHugePages:         0 kB
ShmemHugePages:        0 kB
ShmemPmdMapped:        0 kB
CmaTotal:              0 kB
CmaFree:               0 kB
HugePages_Total:       0
HugePages_Free:        0
HugePages_Rsvd:        0
HugePages_Surp:        0
Hugepagesize:       2048 kB
DirectMap4k:      146032 kB
DirectMap2M:     3952640 kB
DirectMap1G:           0 kB

container (cgroup) information:
container_type: cgroupv1
cpu_cpuset_cpus: 0-3
cpu_memory_nodes: 0
active_processor_count: 4
cpu_quota: -1
cpu_period: 100000
cpu_shares: -1
memory_limit_in_bytes: -1
memory_and_swap_limit_in_bytes: -2
memory_soft_limit_in_bytes: -1
memory_usage_in_bytes: 1702129664
memory_max_usage_in_bytes: 2048000


CPU:total 4 (initial active 4) (2 cores per cpu, 2 threads per core) family 6 model 69 stepping 1, cmov, cx8, fxsr, mmx, sse, sse2, sse3, ssse3, sse4.1, sse4.2, popcnt, avx, avx2, aes, clmul, erms, lzcnt, ht, tsc, tscinvbit, bmi1, bmi2, fma
CPU Model and flags from /proc/cpuinfo:
model name	: Intel(R) Core(TM) i7-4500U CPU @ 1.80GHz
flags		: fpu vme de pse tsc msr pae mce cx8 apic sep mtrr pge mca cmov pat pse36 clflush dts acpi mmx fxsr sse sse2 ss ht tm pbe syscall nx pdpe1gb rdtscp lm constant_tsc arch_perfmon pebs bts rep_good nopl xtopology nonstop_tsc cpuid aperfmperf pni pclmulqdq dtes64 monitor ds_cpl vmx est tm2 ssse3 sdbg fma cx16 xtpr pdcm pcid sse4_1 sse4_2 movbe popcnt tsc_deadline_timer aes xsave avx f16c rdrand lahf_lm abm cpuid_fault epb invpcid_single pti ssbd ibrs ibpb stibp tpr_shadow vnmi flexpriority ept vpid fsgsbase tsc_adjust bmi1 avx2 smep bmi2 erms invpcid xsaveopt dtherm ida arat pln pts flush_l1d

Memory: 4k page, physical 3943748k(2127956k free), swap 999420k(551856k free)

vm_info: OpenJDK 64-Bit Server VM (10.0.2+13-Ubuntu-1ubuntu0.18.04.4) for linux-amd64 JRE (10.0.2+13-Ubuntu-1ubuntu0.18.04.4), built on Nov 13 2018 12:53:39 by "buildd" with gcc 7.3.0

END.
