#
# There is insufficient memory for the Java Runtime Environment to continue.
# Native memory allocation (mmap) failed to map 3221225472 bytes for committing reserved memory.
# Possible reasons:
#   The system is out of physical RAM or swap space
#   The process is running with CompressedOops enabled, and the Java Heap may be blocking the growth of the native heap
# Possible solutions:
#   Reduce memory load on the system
#   Increase physical memory or swap space
#   Check if swap backing store is full
#   Decrease Java heap size (-Xmx/-Xms)
#   Decrease number of Java threads
#   Decrease Java thread stack sizes (-Xss)
#   Set larger code cache with -XX:ReservedCodeCacheSize=
# This output file may be truncated or incomplete.
#
#  Out of Memory Error (os_linux.cpp:2706), pid=21086, tid=21087
#
# JRE version:  (10.0.2+13) (build )
# Java VM: OpenJDK 64-Bit Server VM (10.0.2+13-Ubuntu-1ubuntu0.18.04.4, mixed mode, aot, tiered, compressed oops, g1 gc, linux-amd64)
# Core dump will be written. Default location: Core dumps may be processed with "/usr/share/apport/apport %p %s %c %d %P" (or dumping to /opt/forno/minecraft/core.21086)
#

---------------  S U M M A R Y ------------

Command Line: -Xms3g -Xmx3g server.jar nogui

Host: Intel(R) Core(TM) i7-4500U CPU @ 1.80GHz, 4 cores, 3G, Ubuntu 18.04.2 LTS
Time: Thu Mar 21 10:23:55 2019 JST elapsed time: 0 seconds (0d 0h 0m 0s)

---------------  T H R E A D  ---------------

Current thread (0x00007f9e14011000):  JavaThread "Unknown thread" [_thread_in_vm, id=21087, stack(0x00007f9e1bce5000,0x00007f9e1bde6000)]

Stack: [0x00007f9e1bce5000,0x00007f9e1bde6000],  sp=0x00007f9e1bde42e0,  free space=1020k
Native frames: (J=compiled Java code, A=aot compiled Java code, j=interpreted, Vv=VM code, C=native code)
V  [libjvm.so+0xd27ea4]
V  [libjvm.so+0xd28a4b]
V  [libjvm.so+0x64d415]
V  [libjvm.so+0xb2d7c8]
V  [libjvm.so+0xb2601d]
V  [libjvm.so+0x7662ff]
V  [libjvm.so+0x76653e]
V  [libjvm.so+0x769500]
V  [libjvm.so+0x7efa1c]
V  [libjvm.so+0x7f06df]
V  [libjvm.so+0x7f0b59]
V  [libjvm.so+0x7162cf]
V  [libjvm.so+0x71afd3]
V  [libjvm.so+0xce5dc2]
V  [libjvm.so+0xce60c6]
V  [libjvm.so+0x807d57]
V  [libjvm.so+0xcc7ac4]
V  [libjvm.so+0x8601b1]  JNI_CreateJavaVM+0x51
C  [libjli.so+0x3d83]
C  [libjli.so+0x89dd]
C  [libpthread.so.0+0x76db]  start_thread+0xdb


---------------  P R O C E S S  ---------------

Threads class SMR info:
_java_thread_list=0x000055cb76b916b0, length=0, elements={
}

Java Threads: ( => current thread )

Other Threads:
  0x00007f9e14028000 GCTaskThread "GC Thread#0" [stack: 0x00007f9dfb84f000,0x00007f9dfb94f000] [id=21090]
  0x00007f9e14029000 GCTaskThread "GC Thread#1" [stack: 0x00007f9dfb74d000,0x00007f9dfb84d000] [id=21091]
  0x00007f9e1402b000 GCTaskThread "GC Thread#2" [stack: 0x00007f9dfb64b000,0x00007f9dfb74b000] [id=21092]
  0x00007f9e1402c800 GCTaskThread "GC Thread#3" [stack: 0x00007f9dfb549000,0x00007f9dfb649000] [id=21093]
  0x00007f9e1406a000 ConcurrentGCThread "G1 Main Marker" [stack: 0x00007f9df9e43000,0x00007f9df9f43000] [id=21094]
  0x00007f9e1406c000 ConcurrentGCThread "G1 Conc#0" [stack: 0x00007f9df9d41000,0x00007f9df9e41000] [id=21095]

[error occurred during error reporting (printing all threads), id 0xe0000002]

VM state:not at safepoint (not fully initialized)

VM Mutex/Monitor currently owned by a thread:  ([mutex/lock_event])
[0x00007f9e1400df30] Heap_lock - owner thread: 0x00007f9e14011000

Heap address: 0x0000000700000000, size: 3072 MB, Compressed Oops mode: Non-zero based: 0x0000000700000000
Narrow klass base: 0x0000000000000000, Narrow klass shift: 0

GC Heap History (0 events):
No events

Deoptimization events (0 events):
No events

Classes redefined (0 events):
No events

Internal exceptions (0 events):
No events

Events (0 events):
No events


Dynamic libraries:
55cb74c7d000-55cb74c7e000 r-xp 00000000 fd:00 20185882                   /usr/lib/jvm/java-11-openjdk-amd64/bin/java
55cb74e7e000-55cb74e7f000 r--p 00001000 fd:00 20185882                   /usr/lib/jvm/java-11-openjdk-amd64/bin/java
55cb74e7f000-55cb74e80000 rw-p 00002000 fd:00 20185882                   /usr/lib/jvm/java-11-openjdk-amd64/bin/java
55cb76b7a000-55cb76b9b000 rw-p 00000000 00:00 0                          [heap]
7f9dd4000000-7f9dd4021000 rw-p 00000000 00:00 0 
7f9dd4021000-7f9dd8000000 ---p 00000000 00:00 0 
7f9dda000000-7f9ddc000000 rw-p 00000000 00:00 0 
7f9ddc000000-7f9ddc021000 rw-p 00000000 00:00 0 
7f9ddc021000-7f9de0000000 ---p 00000000 00:00 0 
7f9de1000000-7f9de4000000 ---p 00000000 00:00 0 
7f9de4000000-7f9de4021000 rw-p 00000000 00:00 0 
7f9de4021000-7f9de8000000 ---p 00000000 00:00 0 
7f9de9000000-7f9dec000000 ---p 00000000 00:00 0 
7f9dec000000-7f9dec021000 rw-p 00000000 00:00 0 
7f9dec021000-7f9df0000000 ---p 00000000 00:00 0 
7f9df0000000-7f9df0021000 rw-p 00000000 00:00 0 
7f9df0021000-7f9df4000000 ---p 00000000 00:00 0 
7f9df4000000-7f9df4021000 rw-p 00000000 00:00 0 
7f9df4021000-7f9df8000000 ---p 00000000 00:00 0 
7f9df993b000-7f9df9d3f000 rw-p 00000000 00:00 0 
7f9df9d3f000-7f9df9d40000 ---p 00000000 00:00 0 
7f9df9d40000-7f9df9e41000 rw-p 00000000 00:00 0 
7f9df9e41000-7f9df9e42000 ---p 00000000 00:00 0 
7f9df9e42000-7f9df9f43000 rw-p 00000000 00:00 0 
7f9df9f43000-7f9dfb143000 ---p 00000000 00:00 0 
7f9dfb143000-7f9dfb547000 rw-p 00000000 00:00 0 
7f9dfb547000-7f9dfb548000 ---p 00000000 00:00 0 
7f9dfb548000-7f9dfb649000 rw-p 00000000 00:00 0 
7f9dfb649000-7f9dfb64a000 ---p 00000000 00:00 0 
7f9dfb64a000-7f9dfb74b000 rw-p 00000000 00:00 0 
7f9dfb74b000-7f9dfb74c000 ---p 00000000 00:00 0 
7f9dfb74c000-7f9dfb84d000 rw-p 00000000 00:00 0 
7f9dfb84d000-7f9dfb84e000 ---p 00000000 00:00 0 
7f9dfb84e000-7f9dfb954000 rw-p 00000000 00:00 0 
7f9dfb954000-7f9dfba3a000 ---p 00000000 00:00 0 
7f9dfba3a000-7f9dfba3f000 rw-p 00000000 00:00 0 
7f9dfba3f000-7f9dfbb25000 ---p 00000000 00:00 0 
7f9dfbb25000-7f9dfbd95000 rwxp 00000000 00:00 0 
7f9dfbd95000-7f9dfc0b5000 ---p 00000000 00:00 0 
7f9dfc0b5000-7f9dfc325000 rwxp 00000000 00:00 0 
7f9dfc325000-7f9e035ed000 ---p 00000000 00:00 0 
7f9e035ed000-7f9e0385d000 rwxp 00000000 00:00 0 
7f9e0385d000-7f9e0ab25000 ---p 00000000 00:00 0 
7f9e0ab25000-7f9e14000000 r--s 00000000 fd:00 20186057                   /usr/lib/jvm/java-11-openjdk-amd64/lib/modules
7f9e14000000-7f9e14083000 rw-p 00000000 00:00 0 
7f9e14083000-7f9e18000000 ---p 00000000 00:00 0 
7f9e18024000-7f9e180e4000 rw-p 00000000 00:00 0 
7f9e180e4000-7f9e180e9000 r-xp 00000000 fd:00 20186039                   /usr/lib/jvm/java-11-openjdk-amd64/lib/libjimage.so
7f9e180e9000-7f9e182e8000 ---p 00005000 fd:00 20186039                   /usr/lib/jvm/java-11-openjdk-amd64/lib/libjimage.so
7f9e182e8000-7f9e182e9000 r--p 00004000 fd:00 20186039                   /usr/lib/jvm/java-11-openjdk-amd64/lib/libjimage.so
7f9e182e9000-7f9e182ea000 rw-p 00005000 fd:00 20186039                   /usr/lib/jvm/java-11-openjdk-amd64/lib/libjimage.so
7f9e182ea000-7f9e182f1000 r-xp 00000000 fd:00 20186056                   /usr/lib/jvm/java-11-openjdk-amd64/lib/libzip.so
7f9e182f1000-7f9e184f0000 ---p 00007000 fd:00 20186056                   /usr/lib/jvm/java-11-openjdk-amd64/lib/libzip.so
7f9e184f0000-7f9e184f1000 r--p 00006000 fd:00 20186056                   /usr/lib/jvm/java-11-openjdk-amd64/lib/libzip.so
7f9e184f1000-7f9e184f2000 rw-p 00007000 fd:00 20186056                   /usr/lib/jvm/java-11-openjdk-amd64/lib/libzip.so
7f9e184f2000-7f9e184fd000 r-xp 00000000 fd:00 44176093                   /lib/x86_64-linux-gnu/libnss_files-2.27.so
7f9e184fd000-7f9e186fc000 ---p 0000b000 fd:00 44176093                   /lib/x86_64-linux-gnu/libnss_files-2.27.so
7f9e186fc000-7f9e186fd000 r--p 0000a000 fd:00 44176093                   /lib/x86_64-linux-gnu/libnss_files-2.27.so
7f9e186fd000-7f9e186fe000 rw-p 0000b000 fd:00 44176093                   /lib/x86_64-linux-gnu/libnss_files-2.27.so
7f9e186fe000-7f9e18704000 rw-p 00000000 00:00 0 
7f9e18704000-7f9e1871b000 r-xp 00000000 fd:00 44176087                   /lib/x86_64-linux-gnu/libnsl-2.27.so
7f9e1871b000-7f9e1891a000 ---p 00017000 fd:00 44176087                   /lib/x86_64-linux-gnu/libnsl-2.27.so
7f9e1891a000-7f9e1891b000 r--p 00016000 fd:00 44176087                   /lib/x86_64-linux-gnu/libnsl-2.27.so
7f9e1891b000-7f9e1891c000 rw-p 00017000 fd:00 44176087                   /lib/x86_64-linux-gnu/libnsl-2.27.so
7f9e1891c000-7f9e1891e000 rw-p 00000000 00:00 0 
7f9e1891e000-7f9e18929000 r-xp 00000000 fd:00 44176104                   /lib/x86_64-linux-gnu/libnss_nis-2.27.so
7f9e18929000-7f9e18b28000 ---p 0000b000 fd:00 44176104                   /lib/x86_64-linux-gnu/libnss_nis-2.27.so
7f9e18b28000-7f9e18b29000 r--p 0000a000 fd:00 44176104                   /lib/x86_64-linux-gnu/libnss_nis-2.27.so
7f9e18b29000-7f9e18b2a000 rw-p 0000b000 fd:00 44176104                   /lib/x86_64-linux-gnu/libnss_nis-2.27.so
7f9e18b2a000-7f9e18b32000 r-xp 00000000 fd:00 44176089                   /lib/x86_64-linux-gnu/libnss_compat-2.27.so
7f9e18b32000-7f9e18d32000 ---p 00008000 fd:00 44176089                   /lib/x86_64-linux-gnu/libnss_compat-2.27.so
7f9e18d32000-7f9e18d33000 r--p 00008000 fd:00 44176089                   /lib/x86_64-linux-gnu/libnss_compat-2.27.so
7f9e18d33000-7f9e18d34000 rw-p 00009000 fd:00 44176089                   /lib/x86_64-linux-gnu/libnss_compat-2.27.so
7f9e18d34000-7f9e18d60000 r-xp 00000000 fd:00 20186035                   /usr/lib/jvm/java-11-openjdk-amd64/lib/libjava.so
7f9e18d60000-7f9e18f5f000 ---p 0002c000 fd:00 20186035                   /usr/lib/jvm/java-11-openjdk-amd64/lib/libjava.so
7f9e18f5f000-7f9e18f60000 r--p 0002b000 fd:00 20186035                   /usr/lib/jvm/java-11-openjdk-amd64/lib/libjava.so
7f9e18f60000-7f9e18f62000 rw-p 0002c000 fd:00 20186035                   /usr/lib/jvm/java-11-openjdk-amd64/lib/libjava.so
7f9e18f62000-7f9e18f6f000 r-xp 00000000 fd:00 20186055                   /usr/lib/jvm/java-11-openjdk-amd64/lib/libverify.so
7f9e18f6f000-7f9e1916e000 ---p 0000d000 fd:00 20186055                   /usr/lib/jvm/java-11-openjdk-amd64/lib/libverify.so
7f9e1916e000-7f9e19170000 r--p 0000c000 fd:00 20186055                   /usr/lib/jvm/java-11-openjdk-amd64/lib/libverify.so
7f9e19170000-7f9e19171000 rw-p 0000e000 fd:00 20186055                   /usr/lib/jvm/java-11-openjdk-amd64/lib/libverify.so
7f9e19171000-7f9e19178000 r-xp 00000000 fd:00 44176144                   /lib/x86_64-linux-gnu/librt-2.27.so
7f9e19178000-7f9e19377000 ---p 00007000 fd:00 44176144                   /lib/x86_64-linux-gnu/librt-2.27.so
7f9e19377000-7f9e19378000 r--p 00006000 fd:00 44176144                   /lib/x86_64-linux-gnu/librt-2.27.so
7f9e19378000-7f9e19379000 rw-p 00007000 fd:00 44176144                   /lib/x86_64-linux-gnu/librt-2.27.so
7f9e19379000-7f9e19390000 r-xp 00000000 fd:00 44175907                   /lib/x86_64-linux-gnu/libgcc_s.so.1
7f9e19390000-7f9e1958f000 ---p 00017000 fd:00 44175907                   /lib/x86_64-linux-gnu/libgcc_s.so.1
7f9e1958f000-7f9e19590000 r--p 00016000 fd:00 44175907                   /lib/x86_64-linux-gnu/libgcc_s.so.1
7f9e19590000-7f9e19591000 rw-p 00017000 fd:00 44175907                   /lib/x86_64-linux-gnu/libgcc_s.so.1
7f9e19591000-7f9e1972e000 r-xp 00000000 fd:00 44176066                   /lib/x86_64-linux-gnu/libm-2.27.so
7f9e1972e000-7f9e1992d000 ---p 0019d000 fd:00 44176066                   /lib/x86_64-linux-gnu/libm-2.27.so
7f9e1992d000-7f9e1992e000 r--p 0019c000 fd:00 44176066                   /lib/x86_64-linux-gnu/libm-2.27.so
7f9e1992e000-7f9e1992f000 rw-p 0019d000 fd:00 44176066                   /lib/x86_64-linux-gnu/libm-2.27.so
7f9e1992f000-7f9e19aa8000 r-xp 00000000 fd:00 18090134                   /usr/lib/x86_64-linux-gnu/libstdc++.so.6.0.25
7f9e19aa8000-7f9e19ca8000 ---p 00179000 fd:00 18090134                   /usr/lib/x86_64-linux-gnu/libstdc++.so.6.0.25
7f9e19ca8000-7f9e19cb2000 r--p 00179000 fd:00 18090134                   /usr/lib/x86_64-linux-gnu/libstdc++.so.6.0.25
7f9e19cb2000-7f9e19cb4000 rw-p 00183000 fd:00 18090134                   /usr/lib/x86_64-linux-gnu/libstdc++.so.6.0.25
7f9e19cb4000-7f9e19cb8000 rw-p 00000000 00:00 0 
7f9e19cb8000-7f9e1ac55000 r-xp 00000000 fd:00 20186062                   /usr/lib/jvm/java-11-openjdk-amd64/lib/server/libjvm.so
7f9e1ac55000-7f9e1ae55000 ---p 00f9d000 fd:00 20186062                   /usr/lib/jvm/java-11-openjdk-amd64/lib/server/libjvm.so
7f9e1ae55000-7f9e1af19000 r--p 00f9d000 fd:00 20186062                   /usr/lib/jvm/java-11-openjdk-amd64/lib/server/libjvm.so
7f9e1af19000-7f9e1af51000 rw-p 01061000 fd:00 20186062                   /usr/lib/jvm/java-11-openjdk-amd64/lib/server/libjvm.so
7f9e1af51000-7f9e1af9a000 rw-p 00000000 00:00 0 
7f9e1af9a000-7f9e1afb4000 r-xp 00000000 fd:00 44176136                   /lib/x86_64-linux-gnu/libpthread-2.27.so
7f9e1afb4000-7f9e1b1b3000 ---p 0001a000 fd:00 44176136                   /lib/x86_64-linux-gnu/libpthread-2.27.so
7f9e1b1b3000-7f9e1b1b4000 r--p 00019000 fd:00 44176136                   /lib/x86_64-linux-gnu/libpthread-2.27.so
7f9e1b1b4000-7f9e1b1b5000 rw-p 0001a000 fd:00 44176136                   /lib/x86_64-linux-gnu/libpthread-2.27.so
7f9e1b1b5000-7f9e1b1b9000 rw-p 00000000 00:00 0 
7f9e1b1b9000-7f9e1b1bc000 r-xp 00000000 fd:00 44176026                   /lib/x86_64-linux-gnu/libdl-2.27.so
7f9e1b1bc000-7f9e1b3bb000 ---p 00003000 fd:00 44176026                   /lib/x86_64-linux-gnu/libdl-2.27.so
7f9e1b3bb000-7f9e1b3bc000 r--p 00002000 fd:00 44176026                   /lib/x86_64-linux-gnu/libdl-2.27.so
7f9e1b3bc000-7f9e1b3bd000 rw-p 00003000 fd:00 44176026                   /lib/x86_64-linux-gnu/libdl-2.27.so
7f9e1b3bd000-7f9e1b3d9000 r-xp 00000000 fd:00 44176175                   /lib/x86_64-linux-gnu/libz.so.1.2.11
7f9e1b3d9000-7f9e1b5d8000 ---p 0001c000 fd:00 44176175                   /lib/x86_64-linux-gnu/libz.so.1.2.11
7f9e1b5d8000-7f9e1b5d9000 r--p 0001b000 fd:00 44176175                   /lib/x86_64-linux-gnu/libz.so.1.2.11
7f9e1b5d9000-7f9e1b5da000 rw-p 0001c000 fd:00 44176175                   /lib/x86_64-linux-gnu/libz.so.1.2.11
7f9e1b5da000-7f9e1b7c1000 r-xp 00000000 fd:00 44176003                   /lib/x86_64-linux-gnu/libc-2.27.so
7f9e1b7c1000-7f9e1b9c1000 ---p 001e7000 fd:00 44176003                   /lib/x86_64-linux-gnu/libc-2.27.so
7f9e1b9c1000-7f9e1b9c5000 r--p 001e7000 fd:00 44176003                   /lib/x86_64-linux-gnu/libc-2.27.so
7f9e1b9c5000-7f9e1b9c7000 rw-p 001eb000 fd:00 44176003                   /lib/x86_64-linux-gnu/libc-2.27.so
7f9e1b9c7000-7f9e1b9cb000 rw-p 00000000 00:00 0 
7f9e1b9cb000-7f9e1b9da000 r-xp 00000000 fd:00 20186020                   /usr/lib/jvm/java-11-openjdk-amd64/lib/jli/libjli.so
7f9e1b9da000-7f9e1bbd9000 ---p 0000f000 fd:00 20186020                   /usr/lib/jvm/java-11-openjdk-amd64/lib/jli/libjli.so
7f9e1bbd9000-7f9e1bbda000 r--p 0000e000 fd:00 20186020                   /usr/lib/jvm/java-11-openjdk-amd64/lib/jli/libjli.so
7f9e1bbda000-7f9e1bbdb000 rw-p 0000f000 fd:00 20186020                   /usr/lib/jvm/java-11-openjdk-amd64/lib/jli/libjli.so
7f9e1bbdb000-7f9e1bc02000 r-xp 00000000 fd:00 44175975                   /lib/x86_64-linux-gnu/ld-2.27.so
7f9e1bc7e000-7f9e1bce5000 rw-p 00000000 00:00 0 
7f9e1bce5000-7f9e1bce9000 ---p 00000000 00:00 0 
7f9e1bce9000-7f9e1bde8000 rw-p 00000000 00:00 0 
7f9e1bde9000-7f9e1bdef000 rw-p 00000000 00:00 0 
7f9e1bdef000-7f9e1bdf6000 ---p 00000000 00:00 0 
7f9e1bdf6000-7f9e1bdfe000 rw-s 00000000 fd:00 16121869                   /tmp/hsperfdata_minecraft/21086
7f9e1bdfe000-7f9e1bdff000 ---p 00000000 00:00 0 
7f9e1bdff000-7f9e1be00000 r--p 00000000 00:00 0 
7f9e1be00000-7f9e1be02000 rw-p 00000000 00:00 0 
7f9e1be02000-7f9e1be03000 r--p 00027000 fd:00 44175975                   /lib/x86_64-linux-gnu/ld-2.27.so
7f9e1be03000-7f9e1be04000 rw-p 00028000 fd:00 44175975                   /lib/x86_64-linux-gnu/ld-2.27.so
7f9e1be04000-7f9e1be05000 rw-p 00000000 00:00 0 
7fffc3642000-7fffc3663000 rw-p 00000000 00:00 0                          [stack]
7fffc3791000-7fffc3794000 r--p 00000000 00:00 0                          [vvar]
7fffc3794000-7fffc3796000 r-xp 00000000 00:00 0                          [vdso]
ffffffffff600000-ffffffffff601000 r-xp 00000000 00:00 0                  [vsyscall]


VM Arguments:
jvm_args: -Xms3g -Xmx3g 
java_command: server.jar nogui
java_class_path (initial): server.jar
Launcher Type: SUN_STANDARD

Logging:
Log output configuration:
#0: stdout all=warning uptime,level,tags
#1: stderr all=off uptime,level,tags

Environment Variables:
PATH=/usr/local/sbin:/usr/local/bin:/usr/sbin:/usr/bin:/sbin:/bin
SHELL=/bin/sh

Signal Handlers:
SIGSEGV: [libjvm.so+0xd28b70], sa_mask[0]=11111111011111111101111111111110, sa_flags=SA_RESTART|SA_SIGINFO
SIGBUS: [libjvm.so+0xd28b70], sa_mask[0]=11111111011111111101111111111110, sa_flags=SA_RESTART|SA_SIGINFO
SIGFPE: [libjvm.so+0xd28b70], sa_mask[0]=11111111011111111101111111111110, sa_flags=SA_RESTART|SA_SIGINFO
SIGPIPE: [libjvm.so+0xb2a1f0], sa_mask[0]=11111111011111111101111111111110, sa_flags=SA_RESTART|SA_SIGINFO
SIGXFSZ: [libjvm.so+0xb2a1f0], sa_mask[0]=11111111011111111101111111111110, sa_flags=SA_RESTART|SA_SIGINFO
SIGILL: [libjvm.so+0xd28b70], sa_mask[0]=11111111011111111101111111111110, sa_flags=SA_RESTART|SA_SIGINFO
SIGUSR2: [libjvm.so+0xb2a030], sa_mask[0]=00000000000000000000000000000000, sa_flags=SA_RESTART|SA_SIGINFO
SIGHUP: SIG_DFL, sa_mask[0]=00000000000000000000000000000000, sa_flags=none
SIGINT: SIG_DFL, sa_mask[0]=00000000000000000000000000000000, sa_flags=none
SIGTERM: SIG_DFL, sa_mask[0]=00000000000000000000000000000000, sa_flags=none
SIGQUIT: SIG_DFL, sa_mask[0]=00000000000000000000000000000000, sa_flags=none


---------------  S Y S T E M  ---------------

OS:DISTRIB_ID=Ubuntu
DISTRIB_RELEASE=18.04
DISTRIB_CODENAME=bionic
DISTRIB_DESCRIPTION="Ubuntu 18.04.2 LTS"
uname:Linux 4.15.0-46-generic #49-Ubuntu SMP Wed Feb 6 09:33:07 UTC 2019 x86_64
libc:glibc 2.27 NPTL 2.27 
rlimit: STACK 8192k, CORE 0k, NPROC 15099, NOFILE 4096, AS infinity, DATA infinity, FSIZE infinity
load average:1.74 1.49 1.38

/proc/meminfo:
MemTotal:        3943748 kB
MemFree:          113208 kB
MemAvailable:    1043484 kB
Buffers:           33868 kB
Cached:          1095448 kB
SwapCached:        10956 kB
Active:          2846736 kB
Inactive:         788772 kB
Active(anon):    2028244 kB
Inactive(anon):   508016 kB
Active(file):     818492 kB
Inactive(file):   280756 kB
Unevictable:           0 kB
Mlocked:               0 kB
SwapTotal:        999420 kB
SwapFree:         610992 kB
Dirty:              7972 kB
Writeback:             0 kB
AnonPages:       2503064 kB
Mapped:           147328 kB
Shmem:             30068 kB
Slab:             108376 kB
SReclaimable:      67592 kB
SUnreclaim:        40784 kB
KernelStack:        5968 kB
PageTables:        24552 kB
NFS_Unstable:          0 kB
Bounce:                0 kB
WritebackTmp:          0 kB
CommitLimit:     2971292 kB
Committed_AS:    3291492 kB
VmallocTotal:   34359738367 kB
VmallocUsed:           0 kB
VmallocChunk:          0 kB
HardwareCorrupted:     0 kB
AnonHugePages:         0 kB
ShmemHugePages:        0 kB
ShmemPmdMapped:        0 kB
CmaTotal:              0 kB
CmaFree:               0 kB
HugePages_Total:       0
HugePages_Free:        0
HugePages_Rsvd:        0
HugePages_Surp:        0
Hugepagesize:       2048 kB
DirectMap4k:      158320 kB
DirectMap2M:     3940352 kB
DirectMap1G:           0 kB

container (cgroup) information:
container_type: cgroupv1
cpu_cpuset_cpus: 0-3
cpu_memory_nodes: 0
active_processor_count: 4
cpu_quota: -1
cpu_period: 100000
cpu_shares: -1
memory_limit_in_bytes: -1
memory_and_swap_limit_in_bytes: -2
memory_soft_limit_in_bytes: -1
memory_usage_in_bytes: 3721265152
memory_max_usage_in_bytes: 2048000


CPU:total 4 (initial active 4) (2 cores per cpu, 2 threads per core) family 6 model 69 stepping 1, cmov, cx8, fxsr, mmx, sse, sse2, sse3, ssse3, sse4.1, sse4.2, popcnt, avx, avx2, aes, clmul, erms, lzcnt, ht, tsc, tscinvbit, bmi1, bmi2, fma
CPU Model and flags from /proc/cpuinfo:
model name	: Intel(R) Core(TM) i7-4500U CPU @ 1.80GHz
flags		: fpu vme de pse tsc msr pae mce cx8 apic sep mtrr pge mca cmov pat pse36 clflush dts acpi mmx fxsr sse sse2 ss ht tm pbe syscall nx pdpe1gb rdtscp lm constant_tsc arch_perfmon pebs bts rep_good nopl xtopology nonstop_tsc cpuid aperfmperf pni pclmulqdq dtes64 monitor ds_cpl vmx est tm2 ssse3 sdbg fma cx16 xtpr pdcm pcid sse4_1 sse4_2 movbe popcnt tsc_deadline_timer aes xsave avx f16c rdrand lahf_lm abm cpuid_fault epb invpcid_single pti ssbd ibrs ibpb stibp tpr_shadow vnmi flexpriority ept vpid fsgsbase tsc_adjust bmi1 avx2 smep bmi2 erms invpcid xsaveopt dtherm ida arat pln pts flush_l1d

Memory: 4k page, physical 3943748k(112464k free), swap 999420k(610992k free)

vm_info: OpenJDK 64-Bit Server VM (10.0.2+13-Ubuntu-1ubuntu0.18.04.4) for linux-amd64 JRE (10.0.2+13-Ubuntu-1ubuntu0.18.04.4), built on Nov 13 2018 12:53:39 by "buildd" with gcc 7.3.0

END.
