#
# There is insufficient memory for the Java Runtime Environment to continue.
# Native memory allocation (mmap) failed to map 3221225472 bytes for committing reserved memory.
# Possible reasons:
#   The system is out of physical RAM or swap space
#   The process is running with CompressedOops enabled, and the Java Heap may be blocking the growth of the native heap
# Possible solutions:
#   Reduce memory load on the system
#   Increase physical memory or swap space
#   Check if swap backing store is full
#   Decrease Java heap size (-Xmx/-Xms)
#   Decrease number of Java threads
#   Decrease Java thread stack sizes (-Xss)
#   Set larger code cache with -XX:ReservedCodeCacheSize=
# This output file may be truncated or incomplete.
#
#  Out of Memory Error (os_linux.cpp:2706), pid=22743, tid=22744
#
# JRE version:  (10.0.2+13) (build )
# Java VM: OpenJDK 64-Bit Server VM (10.0.2+13-Ubuntu-1ubuntu0.18.04.4, mixed mode, aot, tiered, compressed oops, g1 gc, linux-amd64)
# Core dump will be written. Default location: Core dumps may be processed with "/usr/share/apport/apport %p %s %c %d %P" (or dumping to /opt/forno/minecraft/core.22743)
#

---------------  S U M M A R Y ------------

Command Line: -Xms3g -Xmx3g server.jar nogui

Host: Intel(R) Core(TM) i7-4500U CPU @ 1.80GHz, 4 cores, 3G, Ubuntu 18.04.2 LTS
Time: Thu Mar 21 09:20:39 2019 JST elapsed time: 0 seconds (0d 0h 0m 0s)

---------------  T H R E A D  ---------------

Current thread (0x00007fd1b0011000):  JavaThread "Unknown thread" [_thread_in_vm, id=22744, stack(0x00007fd1b910e000,0x00007fd1b920f000)]

Stack: [0x00007fd1b910e000,0x00007fd1b920f000],  sp=0x00007fd1b920d2e0,  free space=1020k
Native frames: (J=compiled Java code, A=aot compiled Java code, j=interpreted, Vv=VM code, C=native code)
V  [libjvm.so+0xd27ea4]
V  [libjvm.so+0xd28a4b]
V  [libjvm.so+0x64d415]
V  [libjvm.so+0xb2d7c8]
V  [libjvm.so+0xb2601d]
V  [libjvm.so+0x7662ff]
V  [libjvm.so+0x76653e]
V  [libjvm.so+0x769500]
V  [libjvm.so+0x7efa1c]
V  [libjvm.so+0x7f06df]
V  [libjvm.so+0x7f0b59]
V  [libjvm.so+0x7162cf]
V  [libjvm.so+0x71afd3]
V  [libjvm.so+0xce5dc2]
V  [libjvm.so+0xce60c6]
V  [libjvm.so+0x807d57]
V  [libjvm.so+0xcc7ac4]
V  [libjvm.so+0x8601b1]  JNI_CreateJavaVM+0x51
C  [libjli.so+0x3d83]
C  [libjli.so+0x89dd]
C  [libpthread.so.0+0x76db]  start_thread+0xdb


---------------  P R O C E S S  ---------------

Threads class SMR info:
_java_thread_list=0x0000558c7ea836b0, length=0, elements={
}

Java Threads: ( => current thread )

Other Threads:
  0x00007fd1b0028000 GCTaskThread "GC Thread#0" [stack: 0x00007fd1b5237000,0x00007fd1b5337000] [id=22745]
  0x00007fd1b0029000 GCTaskThread "GC Thread#1" [stack: 0x00007fd1b5135000,0x00007fd1b5235000] [id=22746]
  0x00007fd1b002b000 GCTaskThread "GC Thread#2" [stack: 0x00007fd1b5033000,0x00007fd1b5133000] [id=22747]
  0x00007fd1b002c800 GCTaskThread "GC Thread#3" [stack: 0x00007fd1b4f31000,0x00007fd1b5031000] [id=22748]
  0x00007fd1b006a000 ConcurrentGCThread "G1 Main Marker" [stack: 0x00007fd1b436b000,0x00007fd1b446b000] [id=22749]
  0x00007fd1b006c000 ConcurrentGCThread "G1 Conc#0" [stack: 0x00007fd1b4269000,0x00007fd1b4369000] [id=22750]

[error occurred during error reporting (printing all threads), id 0xe0000002]

VM state:not at safepoint (not fully initialized)

VM Mutex/Monitor currently owned by a thread:  ([mutex/lock_event])
[0x00007fd1b000df30] Heap_lock - owner thread: 0x00007fd1b0011000

Heap address: 0x0000000700000000, size: 3072 MB, Compressed Oops mode: Non-zero based: 0x0000000700000000
Narrow klass base: 0x0000000000000000, Narrow klass shift: 0

GC Heap History (0 events):
No events

Deoptimization events (0 events):
No events

Classes redefined (0 events):
No events

Internal exceptions (0 events):
No events

Events (0 events):
No events


Dynamic libraries:
558c7d4b0000-558c7d4b1000 r-xp 00000000 fd:00 20185882                   /usr/lib/jvm/java-11-openjdk-amd64/bin/java
558c7d6b1000-558c7d6b2000 r--p 00001000 fd:00 20185882                   /usr/lib/jvm/java-11-openjdk-amd64/bin/java
558c7d6b2000-558c7d6b3000 rw-p 00002000 fd:00 20185882                   /usr/lib/jvm/java-11-openjdk-amd64/bin/java
558c7ea6c000-558c7ea8d000 rw-p 00000000 00:00 0                          [heap]
7fd170000000-7fd170021000 rw-p 00000000 00:00 0 
7fd170021000-7fd174000000 ---p 00000000 00:00 0 
7fd178000000-7fd178021000 rw-p 00000000 00:00 0 
7fd178021000-7fd17c000000 ---p 00000000 00:00 0 
7fd17d000000-7fd180000000 ---p 00000000 00:00 0 
7fd180000000-7fd180021000 rw-p 00000000 00:00 0 
7fd180021000-7fd184000000 ---p 00000000 00:00 0 
7fd185000000-7fd188000000 ---p 00000000 00:00 0 
7fd188000000-7fd188021000 rw-p 00000000 00:00 0 
7fd188021000-7fd18c000000 ---p 00000000 00:00 0 
7fd18c000000-7fd18c021000 rw-p 00000000 00:00 0 
7fd18c021000-7fd190000000 ---p 00000000 00:00 0 
7fd190000000-7fd190021000 rw-p 00000000 00:00 0 
7fd190021000-7fd194000000 ---p 00000000 00:00 0 
7fd194d23000-7fd196f25000 rw-p 00000000 00:00 0 
7fd196f25000-7fd197b25000 ---p 00000000 00:00 0 
7fd197b25000-7fd197d95000 rwxp 00000000 00:00 0 
7fd197d95000-7fd1980b5000 ---p 00000000 00:00 0 
7fd1980b5000-7fd198325000 rwxp 00000000 00:00 0 
7fd198325000-7fd19f5ed000 ---p 00000000 00:00 0 
7fd19f5ed000-7fd19f85d000 rwxp 00000000 00:00 0 
7fd19f85d000-7fd1a6b25000 ---p 00000000 00:00 0 
7fd1a6b25000-7fd1b0000000 r--s 00000000 fd:00 20186057                   /usr/lib/jvm/java-11-openjdk-amd64/lib/modules
7fd1b0000000-7fd1b0083000 rw-p 00000000 00:00 0 
7fd1b0083000-7fd1b4000000 ---p 00000000 00:00 0 
7fd1b4065000-7fd1b4267000 rw-p 00000000 00:00 0 
7fd1b4267000-7fd1b4268000 ---p 00000000 00:00 0 
7fd1b4268000-7fd1b4369000 rw-p 00000000 00:00 0 
7fd1b4369000-7fd1b436a000 ---p 00000000 00:00 0 
7fd1b436a000-7fd1b452b000 rw-p 00000000 00:00 0 
7fd1b452b000-7fd1b4b2b000 ---p 00000000 00:00 0 
7fd1b4b2b000-7fd1b4f2f000 rw-p 00000000 00:00 0 
7fd1b4f2f000-7fd1b4f30000 ---p 00000000 00:00 0 
7fd1b4f30000-7fd1b5031000 rw-p 00000000 00:00 0 
7fd1b5031000-7fd1b5032000 ---p 00000000 00:00 0 
7fd1b5032000-7fd1b5133000 rw-p 00000000 00:00 0 
7fd1b5133000-7fd1b5134000 ---p 00000000 00:00 0 
7fd1b5134000-7fd1b5235000 rw-p 00000000 00:00 0 
7fd1b5235000-7fd1b5236000 ---p 00000000 00:00 0 
7fd1b5236000-7fd1b533c000 rw-p 00000000 00:00 0 
7fd1b533c000-7fd1b5422000 ---p 00000000 00:00 0 
7fd1b5422000-7fd1b5427000 rw-p 00000000 00:00 0 
7fd1b5427000-7fd1b550d000 ---p 00000000 00:00 0 
7fd1b550d000-7fd1b5512000 r-xp 00000000 fd:00 20186039                   /usr/lib/jvm/java-11-openjdk-amd64/lib/libjimage.so
7fd1b5512000-7fd1b5711000 ---p 00005000 fd:00 20186039                   /usr/lib/jvm/java-11-openjdk-amd64/lib/libjimage.so
7fd1b5711000-7fd1b5712000 r--p 00004000 fd:00 20186039                   /usr/lib/jvm/java-11-openjdk-amd64/lib/libjimage.so
7fd1b5712000-7fd1b5713000 rw-p 00005000 fd:00 20186039                   /usr/lib/jvm/java-11-openjdk-amd64/lib/libjimage.so
7fd1b5713000-7fd1b571a000 r-xp 00000000 fd:00 20186056                   /usr/lib/jvm/java-11-openjdk-amd64/lib/libzip.so
7fd1b571a000-7fd1b5919000 ---p 00007000 fd:00 20186056                   /usr/lib/jvm/java-11-openjdk-amd64/lib/libzip.so
7fd1b5919000-7fd1b591a000 r--p 00006000 fd:00 20186056                   /usr/lib/jvm/java-11-openjdk-amd64/lib/libzip.so
7fd1b591a000-7fd1b591b000 rw-p 00007000 fd:00 20186056                   /usr/lib/jvm/java-11-openjdk-amd64/lib/libzip.so
7fd1b591b000-7fd1b5926000 r-xp 00000000 fd:00 44176093                   /lib/x86_64-linux-gnu/libnss_files-2.27.so
7fd1b5926000-7fd1b5b25000 ---p 0000b000 fd:00 44176093                   /lib/x86_64-linux-gnu/libnss_files-2.27.so
7fd1b5b25000-7fd1b5b26000 r--p 0000a000 fd:00 44176093                   /lib/x86_64-linux-gnu/libnss_files-2.27.so
7fd1b5b26000-7fd1b5b27000 rw-p 0000b000 fd:00 44176093                   /lib/x86_64-linux-gnu/libnss_files-2.27.so
7fd1b5b27000-7fd1b5b2d000 rw-p 00000000 00:00 0 
7fd1b5b2d000-7fd1b5b44000 r-xp 00000000 fd:00 44176087                   /lib/x86_64-linux-gnu/libnsl-2.27.so
7fd1b5b44000-7fd1b5d43000 ---p 00017000 fd:00 44176087                   /lib/x86_64-linux-gnu/libnsl-2.27.so
7fd1b5d43000-7fd1b5d44000 r--p 00016000 fd:00 44176087                   /lib/x86_64-linux-gnu/libnsl-2.27.so
7fd1b5d44000-7fd1b5d45000 rw-p 00017000 fd:00 44176087                   /lib/x86_64-linux-gnu/libnsl-2.27.so
7fd1b5d45000-7fd1b5d47000 rw-p 00000000 00:00 0 
7fd1b5d47000-7fd1b5d52000 r-xp 00000000 fd:00 44176104                   /lib/x86_64-linux-gnu/libnss_nis-2.27.so
7fd1b5d52000-7fd1b5f51000 ---p 0000b000 fd:00 44176104                   /lib/x86_64-linux-gnu/libnss_nis-2.27.so
7fd1b5f51000-7fd1b5f52000 r--p 0000a000 fd:00 44176104                   /lib/x86_64-linux-gnu/libnss_nis-2.27.so
7fd1b5f52000-7fd1b5f53000 rw-p 0000b000 fd:00 44176104                   /lib/x86_64-linux-gnu/libnss_nis-2.27.so
7fd1b5f53000-7fd1b5f5b000 r-xp 00000000 fd:00 44176089                   /lib/x86_64-linux-gnu/libnss_compat-2.27.so
7fd1b5f5b000-7fd1b615b000 ---p 00008000 fd:00 44176089                   /lib/x86_64-linux-gnu/libnss_compat-2.27.so
7fd1b615b000-7fd1b615c000 r--p 00008000 fd:00 44176089                   /lib/x86_64-linux-gnu/libnss_compat-2.27.so
7fd1b615c000-7fd1b615d000 rw-p 00009000 fd:00 44176089                   /lib/x86_64-linux-gnu/libnss_compat-2.27.so
7fd1b615d000-7fd1b6189000 r-xp 00000000 fd:00 20186035                   /usr/lib/jvm/java-11-openjdk-amd64/lib/libjava.so
7fd1b6189000-7fd1b6388000 ---p 0002c000 fd:00 20186035                   /usr/lib/jvm/java-11-openjdk-amd64/lib/libjava.so
7fd1b6388000-7fd1b6389000 r--p 0002b000 fd:00 20186035                   /usr/lib/jvm/java-11-openjdk-amd64/lib/libjava.so
7fd1b6389000-7fd1b638b000 rw-p 0002c000 fd:00 20186035                   /usr/lib/jvm/java-11-openjdk-amd64/lib/libjava.so
7fd1b638b000-7fd1b6398000 r-xp 00000000 fd:00 20186055                   /usr/lib/jvm/java-11-openjdk-amd64/lib/libverify.so
7fd1b6398000-7fd1b6597000 ---p 0000d000 fd:00 20186055                   /usr/lib/jvm/java-11-openjdk-amd64/lib/libverify.so
7fd1b6597000-7fd1b6599000 r--p 0000c000 fd:00 20186055                   /usr/lib/jvm/java-11-openjdk-amd64/lib/libverify.so
7fd1b6599000-7fd1b659a000 rw-p 0000e000 fd:00 20186055                   /usr/lib/jvm/java-11-openjdk-amd64/lib/libverify.so
7fd1b659a000-7fd1b65a1000 r-xp 00000000 fd:00 44176144                   /lib/x86_64-linux-gnu/librt-2.27.so
7fd1b65a1000-7fd1b67a0000 ---p 00007000 fd:00 44176144                   /lib/x86_64-linux-gnu/librt-2.27.so
7fd1b67a0000-7fd1b67a1000 r--p 00006000 fd:00 44176144                   /lib/x86_64-linux-gnu/librt-2.27.so
7fd1b67a1000-7fd1b67a2000 rw-p 00007000 fd:00 44176144                   /lib/x86_64-linux-gnu/librt-2.27.so
7fd1b67a2000-7fd1b67b9000 r-xp 00000000 fd:00 44175907                   /lib/x86_64-linux-gnu/libgcc_s.so.1
7fd1b67b9000-7fd1b69b8000 ---p 00017000 fd:00 44175907                   /lib/x86_64-linux-gnu/libgcc_s.so.1
7fd1b69b8000-7fd1b69b9000 r--p 00016000 fd:00 44175907                   /lib/x86_64-linux-gnu/libgcc_s.so.1
7fd1b69b9000-7fd1b69ba000 rw-p 00017000 fd:00 44175907                   /lib/x86_64-linux-gnu/libgcc_s.so.1
7fd1b69ba000-7fd1b6b57000 r-xp 00000000 fd:00 44176066                   /lib/x86_64-linux-gnu/libm-2.27.so
7fd1b6b57000-7fd1b6d56000 ---p 0019d000 fd:00 44176066                   /lib/x86_64-linux-gnu/libm-2.27.so
7fd1b6d56000-7fd1b6d57000 r--p 0019c000 fd:00 44176066                   /lib/x86_64-linux-gnu/libm-2.27.so
7fd1b6d57000-7fd1b6d58000 rw-p 0019d000 fd:00 44176066                   /lib/x86_64-linux-gnu/libm-2.27.so
7fd1b6d58000-7fd1b6ed1000 r-xp 00000000 fd:00 18090134                   /usr/lib/x86_64-linux-gnu/libstdc++.so.6.0.25
7fd1b6ed1000-7fd1b70d1000 ---p 00179000 fd:00 18090134                   /usr/lib/x86_64-linux-gnu/libstdc++.so.6.0.25
7fd1b70d1000-7fd1b70db000 r--p 00179000 fd:00 18090134                   /usr/lib/x86_64-linux-gnu/libstdc++.so.6.0.25
7fd1b70db000-7fd1b70dd000 rw-p 00183000 fd:00 18090134                   /usr/lib/x86_64-linux-gnu/libstdc++.so.6.0.25
7fd1b70dd000-7fd1b70e1000 rw-p 00000000 00:00 0 
7fd1b70e1000-7fd1b807e000 r-xp 00000000 fd:00 20186062                   /usr/lib/jvm/java-11-openjdk-amd64/lib/server/libjvm.so
7fd1b807e000-7fd1b827e000 ---p 00f9d000 fd:00 20186062                   /usr/lib/jvm/java-11-openjdk-amd64/lib/server/libjvm.so
7fd1b827e000-7fd1b8342000 r--p 00f9d000 fd:00 20186062                   /usr/lib/jvm/java-11-openjdk-amd64/lib/server/libjvm.so
7fd1b8342000-7fd1b837a000 rw-p 01061000 fd:00 20186062                   /usr/lib/jvm/java-11-openjdk-amd64/lib/server/libjvm.so
7fd1b837a000-7fd1b83c3000 rw-p 00000000 00:00 0 
7fd1b83c3000-7fd1b83dd000 r-xp 00000000 fd:00 44176136                   /lib/x86_64-linux-gnu/libpthread-2.27.so
7fd1b83dd000-7fd1b85dc000 ---p 0001a000 fd:00 44176136                   /lib/x86_64-linux-gnu/libpthread-2.27.so
7fd1b85dc000-7fd1b85dd000 r--p 00019000 fd:00 44176136                   /lib/x86_64-linux-gnu/libpthread-2.27.so
7fd1b85dd000-7fd1b85de000 rw-p 0001a000 fd:00 44176136                   /lib/x86_64-linux-gnu/libpthread-2.27.so
7fd1b85de000-7fd1b85e2000 rw-p 00000000 00:00 0 
7fd1b85e2000-7fd1b85e5000 r-xp 00000000 fd:00 44176026                   /lib/x86_64-linux-gnu/libdl-2.27.so
7fd1b85e5000-7fd1b87e4000 ---p 00003000 fd:00 44176026                   /lib/x86_64-linux-gnu/libdl-2.27.so
7fd1b87e4000-7fd1b87e5000 r--p 00002000 fd:00 44176026                   /lib/x86_64-linux-gnu/libdl-2.27.so
7fd1b87e5000-7fd1b87e6000 rw-p 00003000 fd:00 44176026                   /lib/x86_64-linux-gnu/libdl-2.27.so
7fd1b87e6000-7fd1b8802000 r-xp 00000000 fd:00 44176175                   /lib/x86_64-linux-gnu/libz.so.1.2.11
7fd1b8802000-7fd1b8a01000 ---p 0001c000 fd:00 44176175                   /lib/x86_64-linux-gnu/libz.so.1.2.11
7fd1b8a01000-7fd1b8a02000 r--p 0001b000 fd:00 44176175                   /lib/x86_64-linux-gnu/libz.so.1.2.11
7fd1b8a02000-7fd1b8a03000 rw-p 0001c000 fd:00 44176175                   /lib/x86_64-linux-gnu/libz.so.1.2.11
7fd1b8a03000-7fd1b8bea000 r-xp 00000000 fd:00 44176003                   /lib/x86_64-linux-gnu/libc-2.27.so
7fd1b8bea000-7fd1b8dea000 ---p 001e7000 fd:00 44176003                   /lib/x86_64-linux-gnu/libc-2.27.so
7fd1b8dea000-7fd1b8dee000 r--p 001e7000 fd:00 44176003                   /lib/x86_64-linux-gnu/libc-2.27.so
7fd1b8dee000-7fd1b8df0000 rw-p 001eb000 fd:00 44176003                   /lib/x86_64-linux-gnu/libc-2.27.so
7fd1b8df0000-7fd1b8df4000 rw-p 00000000 00:00 0 
7fd1b8df4000-7fd1b8e03000 r-xp 00000000 fd:00 20186020                   /usr/lib/jvm/java-11-openjdk-amd64/lib/jli/libjli.so
7fd1b8e03000-7fd1b9002000 ---p 0000f000 fd:00 20186020                   /usr/lib/jvm/java-11-openjdk-amd64/lib/jli/libjli.so
7fd1b9002000-7fd1b9003000 r--p 0000e000 fd:00 20186020                   /usr/lib/jvm/java-11-openjdk-amd64/lib/jli/libjli.so
7fd1b9003000-7fd1b9004000 rw-p 0000f000 fd:00 20186020                   /usr/lib/jvm/java-11-openjdk-amd64/lib/jli/libjli.so
7fd1b9004000-7fd1b902b000 r-xp 00000000 fd:00 44175975                   /lib/x86_64-linux-gnu/ld-2.27.so
7fd1b90a7000-7fd1b910e000 rw-p 00000000 00:00 0 
7fd1b910e000-7fd1b9112000 ---p 00000000 00:00 0 
7fd1b9112000-7fd1b9211000 rw-p 00000000 00:00 0 
7fd1b9212000-7fd1b9218000 rw-p 00000000 00:00 0 
7fd1b9218000-7fd1b921f000 ---p 00000000 00:00 0 
7fd1b921f000-7fd1b9227000 rw-s 00000000 fd:00 16121869                   /tmp/hsperfdata_minecraft/22743
7fd1b9227000-7fd1b9228000 ---p 00000000 00:00 0 
7fd1b9228000-7fd1b9229000 r--p 00000000 00:00 0 
7fd1b9229000-7fd1b922b000 rw-p 00000000 00:00 0 
7fd1b922b000-7fd1b922c000 r--p 00027000 fd:00 44175975                   /lib/x86_64-linux-gnu/ld-2.27.so
7fd1b922c000-7fd1b922d000 rw-p 00028000 fd:00 44175975                   /lib/x86_64-linux-gnu/ld-2.27.so
7fd1b922d000-7fd1b922e000 rw-p 00000000 00:00 0 
7ffe61b41000-7ffe61b62000 rw-p 00000000 00:00 0                          [stack]
7ffe61bf9000-7ffe61bfc000 r--p 00000000 00:00 0                          [vvar]
7ffe61bfc000-7ffe61bfe000 r-xp 00000000 00:00 0                          [vdso]
ffffffffff600000-ffffffffff601000 r-xp 00000000 00:00 0                  [vsyscall]


VM Arguments:
jvm_args: -Xms3g -Xmx3g 
java_command: server.jar nogui
java_class_path (initial): server.jar
Launcher Type: SUN_STANDARD

Logging:
Log output configuration:
#0: stdout all=warning uptime,level,tags
#1: stderr all=off uptime,level,tags

Environment Variables:
PATH=/usr/local/sbin:/usr/local/bin:/usr/sbin:/usr/bin:/sbin:/bin
SHELL=/bin/sh

Signal Handlers:
SIGSEGV: [libjvm.so+0xd28b70], sa_mask[0]=11111111011111111101111111111110, sa_flags=SA_RESTART|SA_SIGINFO
SIGBUS: [libjvm.so+0xd28b70], sa_mask[0]=11111111011111111101111111111110, sa_flags=SA_RESTART|SA_SIGINFO
SIGFPE: [libjvm.so+0xd28b70], sa_mask[0]=11111111011111111101111111111110, sa_flags=SA_RESTART|SA_SIGINFO
SIGPIPE: [libjvm.so+0xb2a1f0], sa_mask[0]=11111111011111111101111111111110, sa_flags=SA_RESTART|SA_SIGINFO
SIGXFSZ: [libjvm.so+0xb2a1f0], sa_mask[0]=11111111011111111101111111111110, sa_flags=SA_RESTART|SA_SIGINFO
SIGILL: [libjvm.so+0xd28b70], sa_mask[0]=11111111011111111101111111111110, sa_flags=SA_RESTART|SA_SIGINFO
SIGUSR2: [libjvm.so+0xb2a030], sa_mask[0]=00000000000000000000000000000000, sa_flags=SA_RESTART|SA_SIGINFO
SIGHUP: SIG_DFL, sa_mask[0]=00000000000000000000000000000000, sa_flags=none
SIGINT: SIG_DFL, sa_mask[0]=00000000000000000000000000000000, sa_flags=none
SIGTERM: SIG_DFL, sa_mask[0]=00000000000000000000000000000000, sa_flags=none
SIGQUIT: SIG_DFL, sa_mask[0]=00000000000000000000000000000000, sa_flags=none


---------------  S Y S T E M  ---------------

OS:DISTRIB_ID=Ubuntu
DISTRIB_RELEASE=18.04
DISTRIB_CODENAME=bionic
DISTRIB_DESCRIPTION="Ubuntu 18.04.2 LTS"
uname:Linux 4.15.0-46-generic #49-Ubuntu SMP Wed Feb 6 09:33:07 UTC 2019 x86_64
libc:glibc 2.27 NPTL 2.27 
rlimit: STACK 8192k, CORE 0k, NPROC 15099, NOFILE 4096, AS infinity, DATA infinity, FSIZE infinity
load average:1.44 1.31 1.33

/proc/meminfo:
MemTotal:        3943748 kB
MemFree:          126480 kB
MemAvailable:    1170076 kB
Buffers:           35752 kB
Cached:          1207228 kB
SwapCached:         9156 kB
Active:          2830296 kB
Inactive:         793652 kB
Active(anon):    1925964 kB
Inactive(anon):   485076 kB
Active(file):     904332 kB
Inactive(file):   308576 kB
Unevictable:           0 kB
Mlocked:               0 kB
SwapTotal:        999420 kB
SwapFree:         604336 kB
Dirty:              2980 kB
Writeback:             0 kB
AnonPages:       2378356 kB
Mapped:           115132 kB
Shmem:             30072 kB
Slab:             107776 kB
SReclaimable:      66908 kB
SUnreclaim:        40868 kB
KernelStack:        5960 kB
PageTables:        23552 kB
NFS_Unstable:          0 kB
Bounce:                0 kB
WritebackTmp:          0 kB
CommitLimit:     2971292 kB
Committed_AS:    3091492 kB
VmallocTotal:   34359738367 kB
VmallocUsed:           0 kB
VmallocChunk:          0 kB
HardwareCorrupted:     0 kB
AnonHugePages:         0 kB
ShmemHugePages:        0 kB
ShmemPmdMapped:        0 kB
CmaTotal:              0 kB
CmaFree:               0 kB
HugePages_Total:       0
HugePages_Free:        0
HugePages_Rsvd:        0
HugePages_Surp:        0
Hugepagesize:       2048 kB
DirectMap4k:      158320 kB
DirectMap2M:     3940352 kB
DirectMap1G:           0 kB

container (cgroup) information:
container_type: cgroupv1
cpu_cpuset_cpus: 0-3
cpu_memory_nodes: 0
active_processor_count: 4
cpu_quota: -1
cpu_period: 100000
cpu_shares: -1
memory_limit_in_bytes: -1
memory_and_swap_limit_in_bytes: -2
memory_soft_limit_in_bytes: -1
memory_usage_in_bytes: 3709665280
memory_max_usage_in_bytes: 2048000


CPU:total 4 (initial active 4) (2 cores per cpu, 2 threads per core) family 6 model 69 stepping 1, cmov, cx8, fxsr, mmx, sse, sse2, sse3, ssse3, sse4.1, sse4.2, popcnt, avx, avx2, aes, clmul, erms, lzcnt, ht, tsc, tscinvbit, bmi1, bmi2, fma
CPU Model and flags from /proc/cpuinfo:
model name	: Intel(R) Core(TM) i7-4500U CPU @ 1.80GHz
flags		: fpu vme de pse tsc msr pae mce cx8 apic sep mtrr pge mca cmov pat pse36 clflush dts acpi mmx fxsr sse sse2 ss ht tm pbe syscall nx pdpe1gb rdtscp lm constant_tsc arch_perfmon pebs bts rep_good nopl xtopology nonstop_tsc cpuid aperfmperf pni pclmulqdq dtes64 monitor ds_cpl vmx est tm2 ssse3 sdbg fma cx16 xtpr pdcm pcid sse4_1 sse4_2 movbe popcnt tsc_deadline_timer aes xsave avx f16c rdrand lahf_lm abm cpuid_fault epb invpcid_single pti ssbd ibrs ibpb stibp tpr_shadow vnmi flexpriority ept vpid fsgsbase tsc_adjust bmi1 avx2 smep bmi2 erms invpcid xsaveopt dtherm ida arat pln pts flush_l1d

Memory: 4k page, physical 3943748k(126480k free), swap 999420k(604336k free)

vm_info: OpenJDK 64-Bit Server VM (10.0.2+13-Ubuntu-1ubuntu0.18.04.4) for linux-amd64 JRE (10.0.2+13-Ubuntu-1ubuntu0.18.04.4), built on Nov 13 2018 12:53:39 by "buildd" with gcc 7.3.0

END.
