#
# There is insufficient memory for the Java Runtime Environment to continue.
# Native memory allocation (mmap) failed to map 3221225472 bytes for committing reserved memory.
# Possible reasons:
#   The system is out of physical RAM or swap space
#   The process is running with CompressedOops enabled, and the Java Heap may be blocking the growth of the native heap
# Possible solutions:
#   Reduce memory load on the system
#   Increase physical memory or swap space
#   Check if swap backing store is full
#   Decrease Java heap size (-Xmx/-Xms)
#   Decrease number of Java threads
#   Decrease Java thread stack sizes (-Xss)
#   Set larger code cache with -XX:ReservedCodeCacheSize=
# This output file may be truncated or incomplete.
#
#  Out of Memory Error (os_linux.cpp:2706), pid=24395, tid=24396
#
# JRE version:  (10.0.2+13) (build )
# Java VM: OpenJDK 64-Bit Server VM (10.0.2+13-Ubuntu-1ubuntu0.18.04.4, mixed mode, aot, tiered, compressed oops, g1 gc, linux-amd64)
# Core dump will be written. Default location: Core dumps may be processed with "/usr/share/apport/apport %p %s %c %d %P" (or dumping to /opt/forno/minecraft/core.24395)
#

---------------  S U M M A R Y ------------

Command Line: -Xms3g -Xmx3g server.jar nogui

Host: Intel(R) Core(TM) i7-4500U CPU @ 1.80GHz, 4 cores, 3G, Ubuntu 18.04.2 LTS
Time: Thu Mar 21 05:46:45 2019 JST elapsed time: 0 seconds (0d 0h 0m 0s)

---------------  T H R E A D  ---------------

Current thread (0x00007f8c6c011000):  JavaThread "Unknown thread" [_thread_in_vm, id=24396, stack(0x00007f8c72b25000,0x00007f8c72c26000)]

Stack: [0x00007f8c72b25000,0x00007f8c72c26000],  sp=0x00007f8c72c242e0,  free space=1020k
Native frames: (J=compiled Java code, A=aot compiled Java code, j=interpreted, Vv=VM code, C=native code)
V  [libjvm.so+0xd27ea4]
V  [libjvm.so+0xd28a4b]
V  [libjvm.so+0x64d415]
V  [libjvm.so+0xb2d7c8]
V  [libjvm.so+0xb2601d]
V  [libjvm.so+0x7662ff]
V  [libjvm.so+0x76653e]
V  [libjvm.so+0x769500]
V  [libjvm.so+0x7efa1c]
V  [libjvm.so+0x7f06df]
V  [libjvm.so+0x7f0b59]
V  [libjvm.so+0x7162cf]
V  [libjvm.so+0x71afd3]
V  [libjvm.so+0xce5dc2]
V  [libjvm.so+0xce60c6]
V  [libjvm.so+0x807d57]
V  [libjvm.so+0xcc7ac4]
V  [libjvm.so+0x8601b1]  JNI_CreateJavaVM+0x51
C  [libjli.so+0x3d83]
C  [libjli.so+0x89dd]
C  [libpthread.so.0+0x76db]  start_thread+0xdb


---------------  P R O C E S S  ---------------

Threads class SMR info:
_java_thread_list=0x00005637dd42c6b0, length=0, elements={
}

Java Threads: ( => current thread )

Other Threads:
  0x00007f8c6c028000 GCTaskThread "GC Thread#0" [stack: 0x00007f8c526a5000,0x00007f8c527a5000] [id=24397]
  0x00007f8c6c029000 GCTaskThread "GC Thread#1" [stack: 0x00007f8c525a3000,0x00007f8c526a3000] [id=24398]
  0x00007f8c6c02b000 GCTaskThread "GC Thread#2" [stack: 0x00007f8c524a1000,0x00007f8c525a1000] [id=24399]
  0x00007f8c6c02c800 GCTaskThread "GC Thread#3" [stack: 0x00007f8c5239f000,0x00007f8c5249f000] [id=24400]
  0x00007f8c6c06a000 ConcurrentGCThread "G1 Main Marker" [stack: 0x00007f8c50c99000,0x00007f8c50d99000] [id=24401]
  0x00007f8c6c06c000 ConcurrentGCThread "G1 Conc#0" [stack: 0x00007f8c50b97000,0x00007f8c50c97000] [id=24402]

[error occurred during error reporting (printing all threads), id 0xe0000002]

VM state:not at safepoint (not fully initialized)

VM Mutex/Monitor currently owned by a thread:  ([mutex/lock_event])
[0x00007f8c6c00df30] Heap_lock - owner thread: 0x00007f8c6c011000

Heap address: 0x0000000700000000, size: 3072 MB, Compressed Oops mode: Non-zero based: 0x0000000700000000
Narrow klass base: 0x0000000000000000, Narrow klass shift: 0

GC Heap History (0 events):
No events

Deoptimization events (0 events):
No events

Classes redefined (0 events):
No events

Internal exceptions (0 events):
No events

Events (0 events):
No events


Dynamic libraries:
5637dc6f3000-5637dc6f4000 r-xp 00000000 fd:00 20185882                   /usr/lib/jvm/java-11-openjdk-amd64/bin/java
5637dc8f4000-5637dc8f5000 r--p 00001000 fd:00 20185882                   /usr/lib/jvm/java-11-openjdk-amd64/bin/java
5637dc8f5000-5637dc8f6000 rw-p 00002000 fd:00 20185882                   /usr/lib/jvm/java-11-openjdk-amd64/bin/java
5637dd415000-5637dd436000 rw-p 00000000 00:00 0                          [heap]
7f8c2c000000-7f8c2c021000 rw-p 00000000 00:00 0 
7f8c2c021000-7f8c30000000 ---p 00000000 00:00 0 
7f8c32000000-7f8c34000000 rw-p 00000000 00:00 0 
7f8c34000000-7f8c34021000 rw-p 00000000 00:00 0 
7f8c34021000-7f8c38000000 ---p 00000000 00:00 0 
7f8c39000000-7f8c3c000000 ---p 00000000 00:00 0 
7f8c3c000000-7f8c3c021000 rw-p 00000000 00:00 0 
7f8c3c021000-7f8c40000000 ---p 00000000 00:00 0 
7f8c41000000-7f8c44000000 ---p 00000000 00:00 0 
7f8c44000000-7f8c44021000 rw-p 00000000 00:00 0 
7f8c44021000-7f8c48000000 ---p 00000000 00:00 0 
7f8c48000000-7f8c48021000 rw-p 00000000 00:00 0 
7f8c48021000-7f8c4c000000 ---p 00000000 00:00 0 
7f8c4c000000-7f8c4c021000 rw-p 00000000 00:00 0 
7f8c4c021000-7f8c50000000 ---p 00000000 00:00 0 
7f8c50791000-7f8c50b95000 rw-p 00000000 00:00 0 
7f8c50b95000-7f8c50b96000 ---p 00000000 00:00 0 
7f8c50b96000-7f8c50c97000 rw-p 00000000 00:00 0 
7f8c50c97000-7f8c50c98000 ---p 00000000 00:00 0 
7f8c50c98000-7f8c50d99000 rw-p 00000000 00:00 0 
7f8c50d99000-7f8c51f99000 ---p 00000000 00:00 0 
7f8c51f99000-7f8c5239d000 rw-p 00000000 00:00 0 
7f8c5239d000-7f8c5239e000 ---p 00000000 00:00 0 
7f8c5239e000-7f8c5249f000 rw-p 00000000 00:00 0 
7f8c5249f000-7f8c524a0000 ---p 00000000 00:00 0 
7f8c524a0000-7f8c525a1000 rw-p 00000000 00:00 0 
7f8c525a1000-7f8c525a2000 ---p 00000000 00:00 0 
7f8c525a2000-7f8c526a3000 rw-p 00000000 00:00 0 
7f8c526a3000-7f8c526a4000 ---p 00000000 00:00 0 
7f8c526a4000-7f8c527aa000 rw-p 00000000 00:00 0 
7f8c527aa000-7f8c52890000 ---p 00000000 00:00 0 
7f8c52890000-7f8c52b00000 rwxp 00000000 00:00 0 
7f8c52b00000-7f8c52e20000 ---p 00000000 00:00 0 
7f8c52e20000-7f8c53090000 rwxp 00000000 00:00 0 
7f8c53090000-7f8c5a358000 ---p 00000000 00:00 0 
7f8c5a358000-7f8c5a5c8000 rwxp 00000000 00:00 0 
7f8c5a5c8000-7f8c61890000 ---p 00000000 00:00 0 
7f8c61890000-7f8c6ad6b000 r--s 00000000 fd:00 20186057                   /usr/lib/jvm/java-11-openjdk-amd64/lib/modules
7f8c6ad6b000-7f8c6ad70000 r-xp 00000000 fd:00 20186039                   /usr/lib/jvm/java-11-openjdk-amd64/lib/libjimage.so
7f8c6ad70000-7f8c6af6f000 ---p 00005000 fd:00 20186039                   /usr/lib/jvm/java-11-openjdk-amd64/lib/libjimage.so
7f8c6af6f000-7f8c6af70000 r--p 00004000 fd:00 20186039                   /usr/lib/jvm/java-11-openjdk-amd64/lib/libjimage.so
7f8c6af70000-7f8c6af71000 rw-p 00005000 fd:00 20186039                   /usr/lib/jvm/java-11-openjdk-amd64/lib/libjimage.so
7f8c6af71000-7f8c6af78000 r-xp 00000000 fd:00 20186056                   /usr/lib/jvm/java-11-openjdk-amd64/lib/libzip.so
7f8c6af78000-7f8c6b177000 ---p 00007000 fd:00 20186056                   /usr/lib/jvm/java-11-openjdk-amd64/lib/libzip.so
7f8c6b177000-7f8c6b178000 r--p 00006000 fd:00 20186056                   /usr/lib/jvm/java-11-openjdk-amd64/lib/libzip.so
7f8c6b178000-7f8c6b179000 rw-p 00007000 fd:00 20186056                   /usr/lib/jvm/java-11-openjdk-amd64/lib/libzip.so
7f8c6b179000-7f8c6b184000 r-xp 00000000 fd:00 44176093                   /lib/x86_64-linux-gnu/libnss_files-2.27.so
7f8c6b184000-7f8c6b383000 ---p 0000b000 fd:00 44176093                   /lib/x86_64-linux-gnu/libnss_files-2.27.so
7f8c6b383000-7f8c6b384000 r--p 0000a000 fd:00 44176093                   /lib/x86_64-linux-gnu/libnss_files-2.27.so
7f8c6b384000-7f8c6b385000 rw-p 0000b000 fd:00 44176093                   /lib/x86_64-linux-gnu/libnss_files-2.27.so
7f8c6b385000-7f8c6b38b000 rw-p 00000000 00:00 0 
7f8c6b38b000-7f8c6b3a2000 r-xp 00000000 fd:00 44176087                   /lib/x86_64-linux-gnu/libnsl-2.27.so
7f8c6b3a2000-7f8c6b5a1000 ---p 00017000 fd:00 44176087                   /lib/x86_64-linux-gnu/libnsl-2.27.so
7f8c6b5a1000-7f8c6b5a2000 r--p 00016000 fd:00 44176087                   /lib/x86_64-linux-gnu/libnsl-2.27.so
7f8c6b5a2000-7f8c6b5a3000 rw-p 00017000 fd:00 44176087                   /lib/x86_64-linux-gnu/libnsl-2.27.so
7f8c6b5a3000-7f8c6b5a5000 rw-p 00000000 00:00 0 
7f8c6b5a5000-7f8c6b5b0000 r-xp 00000000 fd:00 44176104                   /lib/x86_64-linux-gnu/libnss_nis-2.27.so
7f8c6b5b0000-7f8c6b7af000 ---p 0000b000 fd:00 44176104                   /lib/x86_64-linux-gnu/libnss_nis-2.27.so
7f8c6b7af000-7f8c6b7b0000 r--p 0000a000 fd:00 44176104                   /lib/x86_64-linux-gnu/libnss_nis-2.27.so
7f8c6b7b0000-7f8c6b7b1000 rw-p 0000b000 fd:00 44176104                   /lib/x86_64-linux-gnu/libnss_nis-2.27.so
7f8c6b7b1000-7f8c6b7b9000 r-xp 00000000 fd:00 44176089                   /lib/x86_64-linux-gnu/libnss_compat-2.27.so
7f8c6b7b9000-7f8c6b9b9000 ---p 00008000 fd:00 44176089                   /lib/x86_64-linux-gnu/libnss_compat-2.27.so
7f8c6b9b9000-7f8c6b9ba000 r--p 00008000 fd:00 44176089                   /lib/x86_64-linux-gnu/libnss_compat-2.27.so
7f8c6b9ba000-7f8c6b9bb000 rw-p 00009000 fd:00 44176089                   /lib/x86_64-linux-gnu/libnss_compat-2.27.so
7f8c6b9bb000-7f8c6b9e7000 r-xp 00000000 fd:00 20186035                   /usr/lib/jvm/java-11-openjdk-amd64/lib/libjava.so
7f8c6b9e7000-7f8c6bbe6000 ---p 0002c000 fd:00 20186035                   /usr/lib/jvm/java-11-openjdk-amd64/lib/libjava.so
7f8c6bbe6000-7f8c6bbe7000 r--p 0002b000 fd:00 20186035                   /usr/lib/jvm/java-11-openjdk-amd64/lib/libjava.so
7f8c6bbe7000-7f8c6bbe9000 rw-p 0002c000 fd:00 20186035                   /usr/lib/jvm/java-11-openjdk-amd64/lib/libjava.so
7f8c6bbe9000-7f8c6bbf6000 r-xp 00000000 fd:00 20186055                   /usr/lib/jvm/java-11-openjdk-amd64/lib/libverify.so
7f8c6bbf6000-7f8c6bdf5000 ---p 0000d000 fd:00 20186055                   /usr/lib/jvm/java-11-openjdk-amd64/lib/libverify.so
7f8c6bdf5000-7f8c6bdf7000 r--p 0000c000 fd:00 20186055                   /usr/lib/jvm/java-11-openjdk-amd64/lib/libverify.so
7f8c6bdf7000-7f8c6bdf8000 rw-p 0000e000 fd:00 20186055                   /usr/lib/jvm/java-11-openjdk-amd64/lib/libverify.so
7f8c6bdf8000-7f8c6bdff000 r-xp 00000000 fd:00 44176144                   /lib/x86_64-linux-gnu/librt-2.27.so
7f8c6bdff000-7f8c6bffe000 ---p 00007000 fd:00 44176144                   /lib/x86_64-linux-gnu/librt-2.27.so
7f8c6bffe000-7f8c6bfff000 r--p 00006000 fd:00 44176144                   /lib/x86_64-linux-gnu/librt-2.27.so
7f8c6bfff000-7f8c6c000000 rw-p 00007000 fd:00 44176144                   /lib/x86_64-linux-gnu/librt-2.27.so
7f8c6c000000-7f8c6c083000 rw-p 00000000 00:00 0 
7f8c6c083000-7f8c70000000 ---p 00000000 00:00 0 
7f8c7000e000-7f8c700d3000 rw-p 00000000 00:00 0 
7f8c700d3000-7f8c701b9000 ---p 00000000 00:00 0 
7f8c701b9000-7f8c701d0000 r-xp 00000000 fd:00 44175907                   /lib/x86_64-linux-gnu/libgcc_s.so.1
7f8c701d0000-7f8c703cf000 ---p 00017000 fd:00 44175907                   /lib/x86_64-linux-gnu/libgcc_s.so.1
7f8c703cf000-7f8c703d0000 r--p 00016000 fd:00 44175907                   /lib/x86_64-linux-gnu/libgcc_s.so.1
7f8c703d0000-7f8c703d1000 rw-p 00017000 fd:00 44175907                   /lib/x86_64-linux-gnu/libgcc_s.so.1
7f8c703d1000-7f8c7056e000 r-xp 00000000 fd:00 44176066                   /lib/x86_64-linux-gnu/libm-2.27.so
7f8c7056e000-7f8c7076d000 ---p 0019d000 fd:00 44176066                   /lib/x86_64-linux-gnu/libm-2.27.so
7f8c7076d000-7f8c7076e000 r--p 0019c000 fd:00 44176066                   /lib/x86_64-linux-gnu/libm-2.27.so
7f8c7076e000-7f8c7076f000 rw-p 0019d000 fd:00 44176066                   /lib/x86_64-linux-gnu/libm-2.27.so
7f8c7076f000-7f8c708e8000 r-xp 00000000 fd:00 18090134                   /usr/lib/x86_64-linux-gnu/libstdc++.so.6.0.25
7f8c708e8000-7f8c70ae8000 ---p 00179000 fd:00 18090134                   /usr/lib/x86_64-linux-gnu/libstdc++.so.6.0.25
7f8c70ae8000-7f8c70af2000 r--p 00179000 fd:00 18090134                   /usr/lib/x86_64-linux-gnu/libstdc++.so.6.0.25
7f8c70af2000-7f8c70af4000 rw-p 00183000 fd:00 18090134                   /usr/lib/x86_64-linux-gnu/libstdc++.so.6.0.25
7f8c70af4000-7f8c70af8000 rw-p 00000000 00:00 0 
7f8c70af8000-7f8c71a95000 r-xp 00000000 fd:00 20186062                   /usr/lib/jvm/java-11-openjdk-amd64/lib/server/libjvm.so
7f8c71a95000-7f8c71c95000 ---p 00f9d000 fd:00 20186062                   /usr/lib/jvm/java-11-openjdk-amd64/lib/server/libjvm.so
7f8c71c95000-7f8c71d59000 r--p 00f9d000 fd:00 20186062                   /usr/lib/jvm/java-11-openjdk-amd64/lib/server/libjvm.so
7f8c71d59000-7f8c71d91000 rw-p 01061000 fd:00 20186062                   /usr/lib/jvm/java-11-openjdk-amd64/lib/server/libjvm.so
7f8c71d91000-7f8c71dda000 rw-p 00000000 00:00 0 
7f8c71dda000-7f8c71df4000 r-xp 00000000 fd:00 44176136                   /lib/x86_64-linux-gnu/libpthread-2.27.so
7f8c71df4000-7f8c71ff3000 ---p 0001a000 fd:00 44176136                   /lib/x86_64-linux-gnu/libpthread-2.27.so
7f8c71ff3000-7f8c71ff4000 r--p 00019000 fd:00 44176136                   /lib/x86_64-linux-gnu/libpthread-2.27.so
7f8c71ff4000-7f8c71ff5000 rw-p 0001a000 fd:00 44176136                   /lib/x86_64-linux-gnu/libpthread-2.27.so
7f8c71ff5000-7f8c71ff9000 rw-p 00000000 00:00 0 
7f8c71ff9000-7f8c71ffc000 r-xp 00000000 fd:00 44176026                   /lib/x86_64-linux-gnu/libdl-2.27.so
7f8c71ffc000-7f8c721fb000 ---p 00003000 fd:00 44176026                   /lib/x86_64-linux-gnu/libdl-2.27.so
7f8c721fb000-7f8c721fc000 r--p 00002000 fd:00 44176026                   /lib/x86_64-linux-gnu/libdl-2.27.so
7f8c721fc000-7f8c721fd000 rw-p 00003000 fd:00 44176026                   /lib/x86_64-linux-gnu/libdl-2.27.so
7f8c721fd000-7f8c72219000 r-xp 00000000 fd:00 44176175                   /lib/x86_64-linux-gnu/libz.so.1.2.11
7f8c72219000-7f8c72418000 ---p 0001c000 fd:00 44176175                   /lib/x86_64-linux-gnu/libz.so.1.2.11
7f8c72418000-7f8c72419000 r--p 0001b000 fd:00 44176175                   /lib/x86_64-linux-gnu/libz.so.1.2.11
7f8c72419000-7f8c7241a000 rw-p 0001c000 fd:00 44176175                   /lib/x86_64-linux-gnu/libz.so.1.2.11
7f8c7241a000-7f8c72601000 r-xp 00000000 fd:00 44176003                   /lib/x86_64-linux-gnu/libc-2.27.so
7f8c72601000-7f8c72801000 ---p 001e7000 fd:00 44176003                   /lib/x86_64-linux-gnu/libc-2.27.so
7f8c72801000-7f8c72805000 r--p 001e7000 fd:00 44176003                   /lib/x86_64-linux-gnu/libc-2.27.so
7f8c72805000-7f8c72807000 rw-p 001eb000 fd:00 44176003                   /lib/x86_64-linux-gnu/libc-2.27.so
7f8c72807000-7f8c7280b000 rw-p 00000000 00:00 0 
7f8c7280b000-7f8c7281a000 r-xp 00000000 fd:00 20186020                   /usr/lib/jvm/java-11-openjdk-amd64/lib/jli/libjli.so
7f8c7281a000-7f8c72a19000 ---p 0000f000 fd:00 20186020                   /usr/lib/jvm/java-11-openjdk-amd64/lib/jli/libjli.so
7f8c72a19000-7f8c72a1a000 r--p 0000e000 fd:00 20186020                   /usr/lib/jvm/java-11-openjdk-amd64/lib/jli/libjli.so
7f8c72a1a000-7f8c72a1b000 rw-p 0000f000 fd:00 20186020                   /usr/lib/jvm/java-11-openjdk-amd64/lib/jli/libjli.so
7f8c72a1b000-7f8c72a42000 r-xp 00000000 fd:00 44175975                   /lib/x86_64-linux-gnu/ld-2.27.so
7f8c72abe000-7f8c72b25000 rw-p 00000000 00:00 0 
7f8c72b25000-7f8c72b29000 ---p 00000000 00:00 0 
7f8c72b29000-7f8c72c28000 rw-p 00000000 00:00 0 
7f8c72c29000-7f8c72c2f000 rw-p 00000000 00:00 0 
7f8c72c2f000-7f8c72c36000 ---p 00000000 00:00 0 
7f8c72c36000-7f8c72c3e000 rw-s 00000000 fd:00 16121869                   /tmp/hsperfdata_minecraft/24395
7f8c72c3e000-7f8c72c3f000 ---p 00000000 00:00 0 
7f8c72c3f000-7f8c72c40000 r--p 00000000 00:00 0 
7f8c72c40000-7f8c72c42000 rw-p 00000000 00:00 0 
7f8c72c42000-7f8c72c43000 r--p 00027000 fd:00 44175975                   /lib/x86_64-linux-gnu/ld-2.27.so
7f8c72c43000-7f8c72c44000 rw-p 00028000 fd:00 44175975                   /lib/x86_64-linux-gnu/ld-2.27.so
7f8c72c44000-7f8c72c45000 rw-p 00000000 00:00 0 
7ffe5cb1b000-7ffe5cb3c000 rw-p 00000000 00:00 0                          [stack]
7ffe5cb91000-7ffe5cb94000 r--p 00000000 00:00 0                          [vvar]
7ffe5cb94000-7ffe5cb96000 r-xp 00000000 00:00 0                          [vdso]
ffffffffff600000-ffffffffff601000 r-xp 00000000 00:00 0                  [vsyscall]


VM Arguments:
jvm_args: -Xms3g -Xmx3g 
java_command: server.jar nogui
java_class_path (initial): server.jar
Launcher Type: SUN_STANDARD

Logging:
Log output configuration:
#0: stdout all=warning uptime,level,tags
#1: stderr all=off uptime,level,tags

Environment Variables:
PATH=/usr/local/sbin:/usr/local/bin:/usr/sbin:/usr/bin:/sbin:/bin
SHELL=/bin/sh

Signal Handlers:
SIGSEGV: [libjvm.so+0xd28b70], sa_mask[0]=11111111011111111101111111111110, sa_flags=SA_RESTART|SA_SIGINFO
SIGBUS: [libjvm.so+0xd28b70], sa_mask[0]=11111111011111111101111111111110, sa_flags=SA_RESTART|SA_SIGINFO
SIGFPE: [libjvm.so+0xd28b70], sa_mask[0]=11111111011111111101111111111110, sa_flags=SA_RESTART|SA_SIGINFO
SIGPIPE: [libjvm.so+0xb2a1f0], sa_mask[0]=11111111011111111101111111111110, sa_flags=SA_RESTART|SA_SIGINFO
SIGXFSZ: [libjvm.so+0xb2a1f0], sa_mask[0]=11111111011111111101111111111110, sa_flags=SA_RESTART|SA_SIGINFO
SIGILL: [libjvm.so+0xd28b70], sa_mask[0]=11111111011111111101111111111110, sa_flags=SA_RESTART|SA_SIGINFO
SIGUSR2: [libjvm.so+0xb2a030], sa_mask[0]=00000000000000000000000000000000, sa_flags=SA_RESTART|SA_SIGINFO
SIGHUP: SIG_DFL, sa_mask[0]=00000000000000000000000000000000, sa_flags=none
SIGINT: SIG_DFL, sa_mask[0]=00000000000000000000000000000000, sa_flags=none
SIGTERM: SIG_DFL, sa_mask[0]=00000000000000000000000000000000, sa_flags=none
SIGQUIT: SIG_DFL, sa_mask[0]=00000000000000000000000000000000, sa_flags=none


---------------  S Y S T E M  ---------------

OS:DISTRIB_ID=Ubuntu
DISTRIB_RELEASE=18.04
DISTRIB_CODENAME=bionic
DISTRIB_DESCRIPTION="Ubuntu 18.04.2 LTS"
uname:Linux 4.15.0-46-generic #49-Ubuntu SMP Wed Feb 6 09:33:07 UTC 2019 x86_64
libc:glibc 2.27 NPTL 2.27 
rlimit: STACK 8192k, CORE 0k, NPROC 15099, NOFILE 4096, AS infinity, DATA infinity, FSIZE infinity
load average:1.49 1.43 1.44

/proc/meminfo:
MemTotal:        3943748 kB
MemFree:          120916 kB
MemAvailable:    1580952 kB
Buffers:           39528 kB
Cached:          1620100 kB
SwapCached:         5188 kB
Active:          2511456 kB
Inactive:        1117808 kB
Active(anon):    1678756 kB
Inactive(anon):   320948 kB
Active(file):     832700 kB
Inactive(file):   796860 kB
Unevictable:           0 kB
Mlocked:               0 kB
SwapTotal:        999420 kB
SwapFree:         579504 kB
Dirty:              1864 kB
Writeback:             0 kB
AnonPages:       1967564 kB
Mapped:           137956 kB
Shmem:             30068 kB
Slab:             107560 kB
SReclaimable:      66484 kB
SUnreclaim:        41076 kB
KernelStack:        5992 kB
PageTables:        23768 kB
NFS_Unstable:          0 kB
Bounce:                0 kB
WritebackTmp:          0 kB
CommitLimit:     2971292 kB
Committed_AS:    3135048 kB
VmallocTotal:   34359738367 kB
VmallocUsed:           0 kB
VmallocChunk:          0 kB
HardwareCorrupted:     0 kB
AnonHugePages:         0 kB
ShmemHugePages:        0 kB
ShmemPmdMapped:        0 kB
CmaTotal:              0 kB
CmaFree:               0 kB
HugePages_Total:       0
HugePages_Free:        0
HugePages_Rsvd:        0
HugePages_Surp:        0
Hugepagesize:       2048 kB
DirectMap4k:      156272 kB
DirectMap2M:     3942400 kB
DirectMap1G:           0 kB

container (cgroup) information:
container_type: cgroupv1
cpu_cpuset_cpus: 0-3
cpu_memory_nodes: 0
active_processor_count: 4
cpu_quota: -1
cpu_period: 100000
cpu_shares: -1
memory_limit_in_bytes: -1
memory_and_swap_limit_in_bytes: -2
memory_soft_limit_in_bytes: -1
memory_usage_in_bytes: 3715833856
memory_max_usage_in_bytes: 2048000


CPU:total 4 (initial active 4) (2 cores per cpu, 2 threads per core) family 6 model 69 stepping 1, cmov, cx8, fxsr, mmx, sse, sse2, sse3, ssse3, sse4.1, sse4.2, popcnt, avx, avx2, aes, clmul, erms, lzcnt, ht, tsc, tscinvbit, bmi1, bmi2, fma
CPU Model and flags from /proc/cpuinfo:
model name	: Intel(R) Core(TM) i7-4500U CPU @ 1.80GHz
flags		: fpu vme de pse tsc msr pae mce cx8 apic sep mtrr pge mca cmov pat pse36 clflush dts acpi mmx fxsr sse sse2 ss ht tm pbe syscall nx pdpe1gb rdtscp lm constant_tsc arch_perfmon pebs bts rep_good nopl xtopology nonstop_tsc cpuid aperfmperf pni pclmulqdq dtes64 monitor ds_cpl vmx est tm2 ssse3 sdbg fma cx16 xtpr pdcm pcid sse4_1 sse4_2 movbe popcnt tsc_deadline_timer aes xsave avx f16c rdrand lahf_lm abm cpuid_fault epb invpcid_single pti ssbd ibrs ibpb stibp tpr_shadow vnmi flexpriority ept vpid fsgsbase tsc_adjust bmi1 avx2 smep bmi2 erms invpcid xsaveopt dtherm ida arat pln pts flush_l1d

Memory: 4k page, physical 3943748k(120172k free), swap 999420k(579504k free)

vm_info: OpenJDK 64-Bit Server VM (10.0.2+13-Ubuntu-1ubuntu0.18.04.4) for linux-amd64 JRE (10.0.2+13-Ubuntu-1ubuntu0.18.04.4), built on Nov 13 2018 12:53:39 by "buildd" with gcc 7.3.0

END.
