#
# There is insufficient memory for the Java Runtime Environment to continue.
# Native memory allocation (mmap) failed to map 3221225472 bytes for committing reserved memory.
# Possible reasons:
#   The system is out of physical RAM or swap space
#   The process is running with CompressedOops enabled, and the Java Heap may be blocking the growth of the native heap
# Possible solutions:
#   Reduce memory load on the system
#   Increase physical memory or swap space
#   Check if swap backing store is full
#   Decrease Java heap size (-Xmx/-Xms)
#   Decrease number of Java threads
#   Decrease Java thread stack sizes (-Xss)
#   Set larger code cache with -XX:ReservedCodeCacheSize=
# This output file may be truncated or incomplete.
#
#  Out of Memory Error (os_linux.cpp:2706), pid=6061, tid=6062
#
# JRE version:  (10.0.2+13) (build )
# Java VM: OpenJDK 64-Bit Server VM (10.0.2+13-Ubuntu-1ubuntu0.18.04.4, mixed mode, aot, tiered, compressed oops, g1 gc, linux-amd64)
# Core dump will be written. Default location: Core dumps may be processed with "/usr/share/apport/apport %p %s %c %d %P" (or dumping to /opt/forno/minecraft/core.6061)
#

---------------  S U M M A R Y ------------

Command Line: -Xms3g -Xmx3g server.jar nogui

Host: Intel(R) Core(TM) i7-4500U CPU @ 1.80GHz, 4 cores, 3G, Ubuntu 18.04.2 LTS
Time: Thu Mar 21 09:52:47 2019 JST elapsed time: 0 seconds (0d 0h 0m 0s)

---------------  T H R E A D  ---------------

Current thread (0x00007f5df4011000):  JavaThread "Unknown thread" [_thread_in_vm, id=6062, stack(0x00007f5dfcd1f000,0x00007f5dfce20000)]

Stack: [0x00007f5dfcd1f000,0x00007f5dfce20000],  sp=0x00007f5dfce1e2e0,  free space=1020k
Native frames: (J=compiled Java code, A=aot compiled Java code, j=interpreted, Vv=VM code, C=native code)
V  [libjvm.so+0xd27ea4]
V  [libjvm.so+0xd28a4b]
V  [libjvm.so+0x64d415]
V  [libjvm.so+0xb2d7c8]
V  [libjvm.so+0xb2601d]
V  [libjvm.so+0x7662ff]
V  [libjvm.so+0x76653e]
V  [libjvm.so+0x769500]
V  [libjvm.so+0x7efa1c]
V  [libjvm.so+0x7f06df]
V  [libjvm.so+0x7f0b59]
V  [libjvm.so+0x7162cf]
V  [libjvm.so+0x71afd3]
V  [libjvm.so+0xce5dc2]
V  [libjvm.so+0xce60c6]
V  [libjvm.so+0x807d57]
V  [libjvm.so+0xcc7ac4]
V  [libjvm.so+0x8601b1]  JNI_CreateJavaVM+0x51
C  [libjli.so+0x3d83]
C  [libjli.so+0x89dd]
C  [libpthread.so.0+0x76db]  start_thread+0xdb


---------------  P R O C E S S  ---------------

Threads class SMR info:
_java_thread_list=0x000056321f0976b0, length=0, elements={
}

Java Threads: ( => current thread )

Other Threads:
  0x00007f5df4028000 GCTaskThread "GC Thread#0" [stack: 0x00007f5df8e48000,0x00007f5df8f48000] [id=6063]
  0x00007f5df4029000 GCTaskThread "GC Thread#1" [stack: 0x00007f5df8d46000,0x00007f5df8e46000] [id=6064]
  0x00007f5df402b000 GCTaskThread "GC Thread#2" [stack: 0x00007f5df8c44000,0x00007f5df8d44000] [id=6065]
  0x00007f5df402c800 GCTaskThread "GC Thread#3" [stack: 0x00007f5df8b42000,0x00007f5df8c42000] [id=6066]
  0x00007f5df406a000 ConcurrentGCThread "G1 Main Marker" [stack: 0x00007f5ddae25000,0x00007f5ddaf25000] [id=6067]
  0x00007f5df406c000 ConcurrentGCThread "G1 Conc#0" [stack: 0x00007f5ddad23000,0x00007f5ddae23000] [id=6068]

[error occurred during error reporting (printing all threads), id 0xe0000002]

VM state:not at safepoint (not fully initialized)

VM Mutex/Monitor currently owned by a thread:  ([mutex/lock_event])
[0x00007f5df400df30] Heap_lock - owner thread: 0x00007f5df4011000

Heap address: 0x0000000700000000, size: 3072 MB, Compressed Oops mode: Non-zero based: 0x0000000700000000
Narrow klass base: 0x0000000000000000, Narrow klass shift: 0

GC Heap History (0 events):
No events

Deoptimization events (0 events):
No events

Classes redefined (0 events):
No events

Internal exceptions (0 events):
No events

Events (0 events):
No events


Dynamic libraries:
56321e363000-56321e364000 r-xp 00000000 fd:00 20185882                   /usr/lib/jvm/java-11-openjdk-amd64/bin/java
56321e564000-56321e565000 r--p 00001000 fd:00 20185882                   /usr/lib/jvm/java-11-openjdk-amd64/bin/java
56321e565000-56321e566000 rw-p 00002000 fd:00 20185882                   /usr/lib/jvm/java-11-openjdk-amd64/bin/java
56321f080000-56321f0a1000 rw-p 00000000 00:00 0                          [heap]
7f5db4000000-7f5db4021000 rw-p 00000000 00:00 0 
7f5db4021000-7f5db8000000 ---p 00000000 00:00 0 
7f5dbc000000-7f5dbc021000 rw-p 00000000 00:00 0 
7f5dbc021000-7f5dc0000000 ---p 00000000 00:00 0 
7f5dc1000000-7f5dc4000000 ---p 00000000 00:00 0 
7f5dc4000000-7f5dc4021000 rw-p 00000000 00:00 0 
7f5dc4021000-7f5dc8000000 ---p 00000000 00:00 0 
7f5dc9000000-7f5dcc000000 ---p 00000000 00:00 0 
7f5dcc000000-7f5dcc021000 rw-p 00000000 00:00 0 
7f5dcc021000-7f5dd0000000 ---p 00000000 00:00 0 
7f5dd0000000-7f5dd0021000 rw-p 00000000 00:00 0 
7f5dd0021000-7f5dd4000000 ---p 00000000 00:00 0 
7f5dd4000000-7f5dd4021000 rw-p 00000000 00:00 0 
7f5dd4021000-7f5dd8000000 ---p 00000000 00:00 0 
7f5dd891d000-7f5ddad21000 rw-p 00000000 00:00 0 
7f5ddad21000-7f5ddad22000 ---p 00000000 00:00 0 
7f5ddad22000-7f5ddae23000 rw-p 00000000 00:00 0 
7f5ddae23000-7f5ddae24000 ---p 00000000 00:00 0 
7f5ddae24000-7f5ddaf25000 rw-p 00000000 00:00 0 
7f5ddaf25000-7f5ddbb25000 ---p 00000000 00:00 0 
7f5ddbb25000-7f5ddbd95000 rwxp 00000000 00:00 0 
7f5ddbd95000-7f5ddc0b5000 ---p 00000000 00:00 0 
7f5ddc0b5000-7f5ddc325000 rwxp 00000000 00:00 0 
7f5ddc325000-7f5de35ed000 ---p 00000000 00:00 0 
7f5de35ed000-7f5de385d000 rwxp 00000000 00:00 0 
7f5de385d000-7f5deab25000 ---p 00000000 00:00 0 
7f5deab25000-7f5df4000000 r--s 00000000 fd:00 20186057                   /usr/lib/jvm/java-11-openjdk-amd64/lib/modules
7f5df4000000-7f5df4083000 rw-p 00000000 00:00 0 
7f5df4083000-7f5df8000000 ---p 00000000 00:00 0 
7f5df807c000-7f5df813c000 rw-p 00000000 00:00 0 
7f5df813c000-7f5df873c000 ---p 00000000 00:00 0 
7f5df873c000-7f5df8b40000 rw-p 00000000 00:00 0 
7f5df8b40000-7f5df8b41000 ---p 00000000 00:00 0 
7f5df8b41000-7f5df8c42000 rw-p 00000000 00:00 0 
7f5df8c42000-7f5df8c43000 ---p 00000000 00:00 0 
7f5df8c43000-7f5df8d44000 rw-p 00000000 00:00 0 
7f5df8d44000-7f5df8d45000 ---p 00000000 00:00 0 
7f5df8d45000-7f5df8e46000 rw-p 00000000 00:00 0 
7f5df8e46000-7f5df8e47000 ---p 00000000 00:00 0 
7f5df8e47000-7f5df8f4d000 rw-p 00000000 00:00 0 
7f5df8f4d000-7f5df9033000 ---p 00000000 00:00 0 
7f5df9033000-7f5df9038000 rw-p 00000000 00:00 0 
7f5df9038000-7f5df911e000 ---p 00000000 00:00 0 
7f5df911e000-7f5df9123000 r-xp 00000000 fd:00 20186039                   /usr/lib/jvm/java-11-openjdk-amd64/lib/libjimage.so
7f5df9123000-7f5df9322000 ---p 00005000 fd:00 20186039                   /usr/lib/jvm/java-11-openjdk-amd64/lib/libjimage.so
7f5df9322000-7f5df9323000 r--p 00004000 fd:00 20186039                   /usr/lib/jvm/java-11-openjdk-amd64/lib/libjimage.so
7f5df9323000-7f5df9324000 rw-p 00005000 fd:00 20186039                   /usr/lib/jvm/java-11-openjdk-amd64/lib/libjimage.so
7f5df9324000-7f5df932b000 r-xp 00000000 fd:00 20186056                   /usr/lib/jvm/java-11-openjdk-amd64/lib/libzip.so
7f5df932b000-7f5df952a000 ---p 00007000 fd:00 20186056                   /usr/lib/jvm/java-11-openjdk-amd64/lib/libzip.so
7f5df952a000-7f5df952b000 r--p 00006000 fd:00 20186056                   /usr/lib/jvm/java-11-openjdk-amd64/lib/libzip.so
7f5df952b000-7f5df952c000 rw-p 00007000 fd:00 20186056                   /usr/lib/jvm/java-11-openjdk-amd64/lib/libzip.so
7f5df952c000-7f5df9537000 r-xp 00000000 fd:00 44176093                   /lib/x86_64-linux-gnu/libnss_files-2.27.so
7f5df9537000-7f5df9736000 ---p 0000b000 fd:00 44176093                   /lib/x86_64-linux-gnu/libnss_files-2.27.so
7f5df9736000-7f5df9737000 r--p 0000a000 fd:00 44176093                   /lib/x86_64-linux-gnu/libnss_files-2.27.so
7f5df9737000-7f5df9738000 rw-p 0000b000 fd:00 44176093                   /lib/x86_64-linux-gnu/libnss_files-2.27.so
7f5df9738000-7f5df973e000 rw-p 00000000 00:00 0 
7f5df973e000-7f5df9755000 r-xp 00000000 fd:00 44176087                   /lib/x86_64-linux-gnu/libnsl-2.27.so
7f5df9755000-7f5df9954000 ---p 00017000 fd:00 44176087                   /lib/x86_64-linux-gnu/libnsl-2.27.so
7f5df9954000-7f5df9955000 r--p 00016000 fd:00 44176087                   /lib/x86_64-linux-gnu/libnsl-2.27.so
7f5df9955000-7f5df9956000 rw-p 00017000 fd:00 44176087                   /lib/x86_64-linux-gnu/libnsl-2.27.so
7f5df9956000-7f5df9958000 rw-p 00000000 00:00 0 
7f5df9958000-7f5df9963000 r-xp 00000000 fd:00 44176104                   /lib/x86_64-linux-gnu/libnss_nis-2.27.so
7f5df9963000-7f5df9b62000 ---p 0000b000 fd:00 44176104                   /lib/x86_64-linux-gnu/libnss_nis-2.27.so
7f5df9b62000-7f5df9b63000 r--p 0000a000 fd:00 44176104                   /lib/x86_64-linux-gnu/libnss_nis-2.27.so
7f5df9b63000-7f5df9b64000 rw-p 0000b000 fd:00 44176104                   /lib/x86_64-linux-gnu/libnss_nis-2.27.so
7f5df9b64000-7f5df9b6c000 r-xp 00000000 fd:00 44176089                   /lib/x86_64-linux-gnu/libnss_compat-2.27.so
7f5df9b6c000-7f5df9d6c000 ---p 00008000 fd:00 44176089                   /lib/x86_64-linux-gnu/libnss_compat-2.27.so
7f5df9d6c000-7f5df9d6d000 r--p 00008000 fd:00 44176089                   /lib/x86_64-linux-gnu/libnss_compat-2.27.so
7f5df9d6d000-7f5df9d6e000 rw-p 00009000 fd:00 44176089                   /lib/x86_64-linux-gnu/libnss_compat-2.27.so
7f5df9d6e000-7f5df9d9a000 r-xp 00000000 fd:00 20186035                   /usr/lib/jvm/java-11-openjdk-amd64/lib/libjava.so
7f5df9d9a000-7f5df9f99000 ---p 0002c000 fd:00 20186035                   /usr/lib/jvm/java-11-openjdk-amd64/lib/libjava.so
7f5df9f99000-7f5df9f9a000 r--p 0002b000 fd:00 20186035                   /usr/lib/jvm/java-11-openjdk-amd64/lib/libjava.so
7f5df9f9a000-7f5df9f9c000 rw-p 0002c000 fd:00 20186035                   /usr/lib/jvm/java-11-openjdk-amd64/lib/libjava.so
7f5df9f9c000-7f5df9fa9000 r-xp 00000000 fd:00 20186055                   /usr/lib/jvm/java-11-openjdk-amd64/lib/libverify.so
7f5df9fa9000-7f5dfa1a8000 ---p 0000d000 fd:00 20186055                   /usr/lib/jvm/java-11-openjdk-amd64/lib/libverify.so
7f5dfa1a8000-7f5dfa1aa000 r--p 0000c000 fd:00 20186055                   /usr/lib/jvm/java-11-openjdk-amd64/lib/libverify.so
7f5dfa1aa000-7f5dfa1ab000 rw-p 0000e000 fd:00 20186055                   /usr/lib/jvm/java-11-openjdk-amd64/lib/libverify.so
7f5dfa1ab000-7f5dfa1b2000 r-xp 00000000 fd:00 44176144                   /lib/x86_64-linux-gnu/librt-2.27.so
7f5dfa1b2000-7f5dfa3b1000 ---p 00007000 fd:00 44176144                   /lib/x86_64-linux-gnu/librt-2.27.so
7f5dfa3b1000-7f5dfa3b2000 r--p 00006000 fd:00 44176144                   /lib/x86_64-linux-gnu/librt-2.27.so
7f5dfa3b2000-7f5dfa3b3000 rw-p 00007000 fd:00 44176144                   /lib/x86_64-linux-gnu/librt-2.27.so
7f5dfa3b3000-7f5dfa3ca000 r-xp 00000000 fd:00 44175907                   /lib/x86_64-linux-gnu/libgcc_s.so.1
7f5dfa3ca000-7f5dfa5c9000 ---p 00017000 fd:00 44175907                   /lib/x86_64-linux-gnu/libgcc_s.so.1
7f5dfa5c9000-7f5dfa5ca000 r--p 00016000 fd:00 44175907                   /lib/x86_64-linux-gnu/libgcc_s.so.1
7f5dfa5ca000-7f5dfa5cb000 rw-p 00017000 fd:00 44175907                   /lib/x86_64-linux-gnu/libgcc_s.so.1
7f5dfa5cb000-7f5dfa768000 r-xp 00000000 fd:00 44176066                   /lib/x86_64-linux-gnu/libm-2.27.so
7f5dfa768000-7f5dfa967000 ---p 0019d000 fd:00 44176066                   /lib/x86_64-linux-gnu/libm-2.27.so
7f5dfa967000-7f5dfa968000 r--p 0019c000 fd:00 44176066                   /lib/x86_64-linux-gnu/libm-2.27.so
7f5dfa968000-7f5dfa969000 rw-p 0019d000 fd:00 44176066                   /lib/x86_64-linux-gnu/libm-2.27.so
7f5dfa969000-7f5dfaae2000 r-xp 00000000 fd:00 18090134                   /usr/lib/x86_64-linux-gnu/libstdc++.so.6.0.25
7f5dfaae2000-7f5dface2000 ---p 00179000 fd:00 18090134                   /usr/lib/x86_64-linux-gnu/libstdc++.so.6.0.25
7f5dface2000-7f5dfacec000 r--p 00179000 fd:00 18090134                   /usr/lib/x86_64-linux-gnu/libstdc++.so.6.0.25
7f5dfacec000-7f5dfacee000 rw-p 00183000 fd:00 18090134                   /usr/lib/x86_64-linux-gnu/libstdc++.so.6.0.25
7f5dfacee000-7f5dfacf2000 rw-p 00000000 00:00 0 
7f5dfacf2000-7f5dfbc8f000 r-xp 00000000 fd:00 20186062                   /usr/lib/jvm/java-11-openjdk-amd64/lib/server/libjvm.so
7f5dfbc8f000-7f5dfbe8f000 ---p 00f9d000 fd:00 20186062                   /usr/lib/jvm/java-11-openjdk-amd64/lib/server/libjvm.so
7f5dfbe8f000-7f5dfbf53000 r--p 00f9d000 fd:00 20186062                   /usr/lib/jvm/java-11-openjdk-amd64/lib/server/libjvm.so
7f5dfbf53000-7f5dfbf8b000 rw-p 01061000 fd:00 20186062                   /usr/lib/jvm/java-11-openjdk-amd64/lib/server/libjvm.so
7f5dfbf8b000-7f5dfbfd4000 rw-p 00000000 00:00 0 
7f5dfbfd4000-7f5dfbfee000 r-xp 00000000 fd:00 44176136                   /lib/x86_64-linux-gnu/libpthread-2.27.so
7f5dfbfee000-7f5dfc1ed000 ---p 0001a000 fd:00 44176136                   /lib/x86_64-linux-gnu/libpthread-2.27.so
7f5dfc1ed000-7f5dfc1ee000 r--p 00019000 fd:00 44176136                   /lib/x86_64-linux-gnu/libpthread-2.27.so
7f5dfc1ee000-7f5dfc1ef000 rw-p 0001a000 fd:00 44176136                   /lib/x86_64-linux-gnu/libpthread-2.27.so
7f5dfc1ef000-7f5dfc1f3000 rw-p 00000000 00:00 0 
7f5dfc1f3000-7f5dfc1f6000 r-xp 00000000 fd:00 44176026                   /lib/x86_64-linux-gnu/libdl-2.27.so
7f5dfc1f6000-7f5dfc3f5000 ---p 00003000 fd:00 44176026                   /lib/x86_64-linux-gnu/libdl-2.27.so
7f5dfc3f5000-7f5dfc3f6000 r--p 00002000 fd:00 44176026                   /lib/x86_64-linux-gnu/libdl-2.27.so
7f5dfc3f6000-7f5dfc3f7000 rw-p 00003000 fd:00 44176026                   /lib/x86_64-linux-gnu/libdl-2.27.so
7f5dfc3f7000-7f5dfc413000 r-xp 00000000 fd:00 44176175                   /lib/x86_64-linux-gnu/libz.so.1.2.11
7f5dfc413000-7f5dfc612000 ---p 0001c000 fd:00 44176175                   /lib/x86_64-linux-gnu/libz.so.1.2.11
7f5dfc612000-7f5dfc613000 r--p 0001b000 fd:00 44176175                   /lib/x86_64-linux-gnu/libz.so.1.2.11
7f5dfc613000-7f5dfc614000 rw-p 0001c000 fd:00 44176175                   /lib/x86_64-linux-gnu/libz.so.1.2.11
7f5dfc614000-7f5dfc7fb000 r-xp 00000000 fd:00 44176003                   /lib/x86_64-linux-gnu/libc-2.27.so
7f5dfc7fb000-7f5dfc9fb000 ---p 001e7000 fd:00 44176003                   /lib/x86_64-linux-gnu/libc-2.27.so
7f5dfc9fb000-7f5dfc9ff000 r--p 001e7000 fd:00 44176003                   /lib/x86_64-linux-gnu/libc-2.27.so
7f5dfc9ff000-7f5dfca01000 rw-p 001eb000 fd:00 44176003                   /lib/x86_64-linux-gnu/libc-2.27.so
7f5dfca01000-7f5dfca05000 rw-p 00000000 00:00 0 
7f5dfca05000-7f5dfca14000 r-xp 00000000 fd:00 20186020                   /usr/lib/jvm/java-11-openjdk-amd64/lib/jli/libjli.so
7f5dfca14000-7f5dfcc13000 ---p 0000f000 fd:00 20186020                   /usr/lib/jvm/java-11-openjdk-amd64/lib/jli/libjli.so
7f5dfcc13000-7f5dfcc14000 r--p 0000e000 fd:00 20186020                   /usr/lib/jvm/java-11-openjdk-amd64/lib/jli/libjli.so
7f5dfcc14000-7f5dfcc15000 rw-p 0000f000 fd:00 20186020                   /usr/lib/jvm/java-11-openjdk-amd64/lib/jli/libjli.so
7f5dfcc15000-7f5dfcc3c000 r-xp 00000000 fd:00 44175975                   /lib/x86_64-linux-gnu/ld-2.27.so
7f5dfccb8000-7f5dfcd1f000 rw-p 00000000 00:00 0 
7f5dfcd1f000-7f5dfcd23000 ---p 00000000 00:00 0 
7f5dfcd23000-7f5dfce22000 rw-p 00000000 00:00 0 
7f5dfce23000-7f5dfce29000 rw-p 00000000 00:00 0 
7f5dfce29000-7f5dfce30000 ---p 00000000 00:00 0 
7f5dfce30000-7f5dfce38000 rw-s 00000000 fd:00 16121869                   /tmp/hsperfdata_minecraft/6061
7f5dfce38000-7f5dfce39000 ---p 00000000 00:00 0 
7f5dfce39000-7f5dfce3a000 r--p 00000000 00:00 0 
7f5dfce3a000-7f5dfce3c000 rw-p 00000000 00:00 0 
7f5dfce3c000-7f5dfce3d000 r--p 00027000 fd:00 44175975                   /lib/x86_64-linux-gnu/ld-2.27.so
7f5dfce3d000-7f5dfce3e000 rw-p 00028000 fd:00 44175975                   /lib/x86_64-linux-gnu/ld-2.27.so
7f5dfce3e000-7f5dfce3f000 rw-p 00000000 00:00 0 
7ffe4e902000-7ffe4e923000 rw-p 00000000 00:00 0                          [stack]
7ffe4e99f000-7ffe4e9a2000 r--p 00000000 00:00 0                          [vvar]
7ffe4e9a2000-7ffe4e9a4000 r-xp 00000000 00:00 0                          [vdso]
ffffffffff600000-ffffffffff601000 r-xp 00000000 00:00 0                  [vsyscall]


VM Arguments:
jvm_args: -Xms3g -Xmx3g 
java_command: server.jar nogui
java_class_path (initial): server.jar
Launcher Type: SUN_STANDARD

Logging:
Log output configuration:
#0: stdout all=warning uptime,level,tags
#1: stderr all=off uptime,level,tags

Environment Variables:
PATH=/usr/local/sbin:/usr/local/bin:/usr/sbin:/usr/bin:/sbin:/bin
SHELL=/bin/sh

Signal Handlers:
SIGSEGV: [libjvm.so+0xd28b70], sa_mask[0]=11111111011111111101111111111110, sa_flags=SA_RESTART|SA_SIGINFO
SIGBUS: [libjvm.so+0xd28b70], sa_mask[0]=11111111011111111101111111111110, sa_flags=SA_RESTART|SA_SIGINFO
SIGFPE: [libjvm.so+0xd28b70], sa_mask[0]=11111111011111111101111111111110, sa_flags=SA_RESTART|SA_SIGINFO
SIGPIPE: [libjvm.so+0xb2a1f0], sa_mask[0]=11111111011111111101111111111110, sa_flags=SA_RESTART|SA_SIGINFO
SIGXFSZ: [libjvm.so+0xb2a1f0], sa_mask[0]=11111111011111111101111111111110, sa_flags=SA_RESTART|SA_SIGINFO
SIGILL: [libjvm.so+0xd28b70], sa_mask[0]=11111111011111111101111111111110, sa_flags=SA_RESTART|SA_SIGINFO
SIGUSR2: [libjvm.so+0xb2a030], sa_mask[0]=00000000000000000000000000000000, sa_flags=SA_RESTART|SA_SIGINFO
SIGHUP: SIG_DFL, sa_mask[0]=00000000000000000000000000000000, sa_flags=none
SIGINT: SIG_DFL, sa_mask[0]=00000000000000000000000000000000, sa_flags=none
SIGTERM: SIG_DFL, sa_mask[0]=00000000000000000000000000000000, sa_flags=none
SIGQUIT: SIG_DFL, sa_mask[0]=00000000000000000000000000000000, sa_flags=none


---------------  S Y S T E M  ---------------

OS:DISTRIB_ID=Ubuntu
DISTRIB_RELEASE=18.04
DISTRIB_CODENAME=bionic
DISTRIB_DESCRIPTION="Ubuntu 18.04.2 LTS"
uname:Linux 4.15.0-46-generic #49-Ubuntu SMP Wed Feb 6 09:33:07 UTC 2019 x86_64
libc:glibc 2.27 NPTL 2.27 
rlimit: STACK 8192k, CORE 0k, NPROC 15099, NOFILE 4096, AS infinity, DATA infinity, FSIZE infinity
load average:1.32 1.36 1.35

/proc/meminfo:
MemTotal:        3943748 kB
MemFree:          116096 kB
MemAvailable:    1106760 kB
Buffers:           33440 kB
Cached:          1156372 kB
SwapCached:        10256 kB
Active:          2835932 kB
Inactive:         795280 kB
Active(anon):    1974468 kB
Inactive(anon):   497004 kB
Active(file):     861464 kB
Inactive(file):   298276 kB
Unevictable:           0 kB
Mlocked:               0 kB
SwapTotal:        999420 kB
SwapFree:         606896 kB
Dirty:              3992 kB
Writeback:             0 kB
AnonPages:       2438440 kB
Mapped:           132572 kB
Shmem:             30068 kB
Slab:             108240 kB
SReclaimable:      67380 kB
SUnreclaim:        40860 kB
KernelStack:        6072 kB
PageTables:        24304 kB
NFS_Unstable:          0 kB
Bounce:                0 kB
WritebackTmp:          0 kB
CommitLimit:     2971292 kB
Committed_AS:    3234188 kB
VmallocTotal:   34359738367 kB
VmallocUsed:           0 kB
VmallocChunk:          0 kB
HardwareCorrupted:     0 kB
AnonHugePages:         0 kB
ShmemHugePages:        0 kB
ShmemPmdMapped:        0 kB
CmaTotal:              0 kB
CmaFree:               0 kB
HugePages_Total:       0
HugePages_Free:        0
HugePages_Rsvd:        0
HugePages_Surp:        0
Hugepagesize:       2048 kB
DirectMap4k:      158320 kB
DirectMap2M:     3940352 kB
DirectMap1G:           0 kB

container (cgroup) information:
container_type: cgroupv1
cpu_cpuset_cpus: 0-3
cpu_memory_nodes: 0
active_processor_count: 4
cpu_quota: -1
cpu_period: 100000
cpu_shares: -1
memory_limit_in_bytes: -1
memory_and_swap_limit_in_bytes: -2
memory_soft_limit_in_bytes: -1
memory_usage_in_bytes: 3716423680
memory_max_usage_in_bytes: 2048000


CPU:total 4 (initial active 4) (2 cores per cpu, 2 threads per core) family 6 model 69 stepping 1, cmov, cx8, fxsr, mmx, sse, sse2, sse3, ssse3, sse4.1, sse4.2, popcnt, avx, avx2, aes, clmul, erms, lzcnt, ht, tsc, tscinvbit, bmi1, bmi2, fma
CPU Model and flags from /proc/cpuinfo:
model name	: Intel(R) Core(TM) i7-4500U CPU @ 1.80GHz
flags		: fpu vme de pse tsc msr pae mce cx8 apic sep mtrr pge mca cmov pat pse36 clflush dts acpi mmx fxsr sse sse2 ss ht tm pbe syscall nx pdpe1gb rdtscp lm constant_tsc arch_perfmon pebs bts rep_good nopl xtopology nonstop_tsc cpuid aperfmperf pni pclmulqdq dtes64 monitor ds_cpl vmx est tm2 ssse3 sdbg fma cx16 xtpr pdcm pcid sse4_1 sse4_2 movbe popcnt tsc_deadline_timer aes xsave avx f16c rdrand lahf_lm abm cpuid_fault epb invpcid_single pti ssbd ibrs ibpb stibp tpr_shadow vnmi flexpriority ept vpid fsgsbase tsc_adjust bmi1 avx2 smep bmi2 erms invpcid xsaveopt dtherm ida arat pln pts flush_l1d

Memory: 4k page, physical 3943748k(116096k free), swap 999420k(606896k free)

vm_info: OpenJDK 64-Bit Server VM (10.0.2+13-Ubuntu-1ubuntu0.18.04.4) for linux-amd64 JRE (10.0.2+13-Ubuntu-1ubuntu0.18.04.4), built on Nov 13 2018 12:53:39 by "buildd" with gcc 7.3.0

END.
