#
# There is insufficient memory for the Java Runtime Environment to continue.
# Native memory allocation (mmap) failed to map 3221225472 bytes for committing reserved memory.
# Possible reasons:
#   The system is out of physical RAM or swap space
#   The process is running with CompressedOops enabled, and the Java Heap may be blocking the growth of the native heap
# Possible solutions:
#   Reduce memory load on the system
#   Increase physical memory or swap space
#   Check if swap backing store is full
#   Decrease Java heap size (-Xmx/-Xms)
#   Decrease number of Java threads
#   Decrease Java thread stack sizes (-Xss)
#   Set larger code cache with -XX:ReservedCodeCacheSize=
# This output file may be truncated or incomplete.
#
#  Out of Memory Error (os_linux.cpp:2706), pid=15373, tid=15376
#
# JRE version:  (10.0.2+13) (build )
# Java VM: OpenJDK 64-Bit Server VM (10.0.2+13-Ubuntu-1ubuntu0.18.04.4, mixed mode, aot, tiered, compressed oops, g1 gc, linux-amd64)
# Core dump will be written. Default location: Core dumps may be processed with "/usr/share/apport/apport %p %s %c %d %P" (or dumping to /opt/forno/minecraft/core.15373)
#

---------------  S U M M A R Y ------------

Command Line: -Xms3g -Xmx3g server.jar nogui

Host: Intel(R) Core(TM) i7-4500U CPU @ 1.80GHz, 4 cores, 3G, Ubuntu 18.04.2 LTS
Time: Thu Mar 21 07:46:15 2019 JST elapsed time: 0 seconds (0d 0h 0m 0s)

---------------  T H R E A D  ---------------

Current thread (0x00007f647c011000):  JavaThread "Unknown thread" [_thread_in_vm, id=15376, stack(0x00007f6484384000,0x00007f6484485000)]

Stack: [0x00007f6484384000,0x00007f6484485000],  sp=0x00007f64844832e0,  free space=1020k
Native frames: (J=compiled Java code, A=aot compiled Java code, j=interpreted, Vv=VM code, C=native code)
V  [libjvm.so+0xd27ea4]
V  [libjvm.so+0xd28a4b]
V  [libjvm.so+0x64d415]
V  [libjvm.so+0xb2d7c8]
V  [libjvm.so+0xb2601d]
V  [libjvm.so+0x7662ff]
V  [libjvm.so+0x76653e]
V  [libjvm.so+0x769500]
V  [libjvm.so+0x7efa1c]
V  [libjvm.so+0x7f06df]
V  [libjvm.so+0x7f0b59]
V  [libjvm.so+0x7162cf]
V  [libjvm.so+0x71afd3]
V  [libjvm.so+0xce5dc2]
V  [libjvm.so+0xce60c6]
V  [libjvm.so+0x807d57]
V  [libjvm.so+0xcc7ac4]
V  [libjvm.so+0x8601b1]  JNI_CreateJavaVM+0x51
C  [libjli.so+0x3d83]
C  [libjli.so+0x89dd]
C  [libpthread.so.0+0x76db]  start_thread+0xdb


---------------  P R O C E S S  ---------------

Threads class SMR info:
_java_thread_list=0x000055c6f52126b0, length=0, elements={
}

Java Threads: ( => current thread )

Other Threads:
  0x00007f647c028000 GCTaskThread "GC Thread#0" [stack: 0x00007f64804ad000,0x00007f64805ad000] [id=15377]
  0x00007f647c029000 GCTaskThread "GC Thread#1" [stack: 0x00007f64803ab000,0x00007f64804ab000] [id=15378]
  0x00007f647c02b000 GCTaskThread "GC Thread#2" [stack: 0x00007f64802a9000,0x00007f64803a9000] [id=15379]
  0x00007f647c02c800 GCTaskThread "GC Thread#3" [stack: 0x00007f64801a7000,0x00007f64802a7000] [id=15380]
  0x00007f647c06a000 ConcurrentGCThread "G1 Main Marker" [stack: 0x00007f6462462000,0x00007f6462562000] [id=15381]
  0x00007f647c06c000 ConcurrentGCThread "G1 Conc#0" [stack: 0x00007f6462360000,0x00007f6462460000] [id=15382]

[error occurred during error reporting (printing all threads), id 0xe0000002]

VM state:not at safepoint (not fully initialized)

VM Mutex/Monitor currently owned by a thread:  ([mutex/lock_event])
[0x00007f647c00df30] Heap_lock - owner thread: 0x00007f647c011000

Heap address: 0x0000000700000000, size: 3072 MB, Compressed Oops mode: Non-zero based: 0x0000000700000000
Narrow klass base: 0x0000000000000000, Narrow klass shift: 0

GC Heap History (0 events):
No events

Deoptimization events (0 events):
No events

Classes redefined (0 events):
No events

Internal exceptions (0 events):
No events

Events (0 events):
No events


Dynamic libraries:
55c6f321e000-55c6f321f000 r-xp 00000000 fd:00 20185882                   /usr/lib/jvm/java-11-openjdk-amd64/bin/java
55c6f341f000-55c6f3420000 r--p 00001000 fd:00 20185882                   /usr/lib/jvm/java-11-openjdk-amd64/bin/java
55c6f3420000-55c6f3421000 rw-p 00002000 fd:00 20185882                   /usr/lib/jvm/java-11-openjdk-amd64/bin/java
55c6f51fb000-55c6f521c000 rw-p 00000000 00:00 0                          [heap]
7f643c000000-7f643c021000 rw-p 00000000 00:00 0 
7f643c021000-7f6440000000 ---p 00000000 00:00 0 
7f6444000000-7f6444021000 rw-p 00000000 00:00 0 
7f6444021000-7f6448000000 ---p 00000000 00:00 0 
7f6449000000-7f644c000000 ---p 00000000 00:00 0 
7f644c000000-7f644c021000 rw-p 00000000 00:00 0 
7f644c021000-7f6450000000 ---p 00000000 00:00 0 
7f6450eff000-7f6451000000 rw-p 00000000 00:00 0 
7f6451000000-7f6454000000 ---p 00000000 00:00 0 
7f6454000000-7f6454021000 rw-p 00000000 00:00 0 
7f6454021000-7f6458000000 ---p 00000000 00:00 0 
7f6458000000-7f6458021000 rw-p 00000000 00:00 0 
7f6458021000-7f645c000000 ---p 00000000 00:00 0 
7f645c000000-7f645c021000 rw-p 00000000 00:00 0 
7f645c021000-7f6460000000 ---p 00000000 00:00 0 
7f646005b000-7f646235e000 rw-p 00000000 00:00 0 
7f646235e000-7f646235f000 ---p 00000000 00:00 0 
7f646235f000-7f6462460000 rw-p 00000000 00:00 0 
7f6462460000-7f6462461000 ---p 00000000 00:00 0 
7f6462461000-7f6462622000 rw-p 00000000 00:00 0 
7f6462622000-7f6463822000 ---p 00000000 00:00 0 
7f6463822000-7f6463b25000 rw-p 00000000 00:00 0 
7f6463b25000-7f6463d95000 rwxp 00000000 00:00 0 
7f6463d95000-7f64640b5000 ---p 00000000 00:00 0 
7f64640b5000-7f6464325000 rwxp 00000000 00:00 0 
7f6464325000-7f646b5ed000 ---p 00000000 00:00 0 
7f646b5ed000-7f646b85d000 rwxp 00000000 00:00 0 
7f646b85d000-7f6472b25000 ---p 00000000 00:00 0 
7f6472b25000-7f647c000000 r--s 00000000 fd:00 20186057                   /usr/lib/jvm/java-11-openjdk-amd64/lib/modules
7f647c000000-7f647c083000 rw-p 00000000 00:00 0 
7f647c083000-7f6480000000 ---p 00000000 00:00 0 
7f64800a4000-7f64801a5000 rw-p 00000000 00:00 0 
7f64801a5000-7f64801a6000 ---p 00000000 00:00 0 
7f64801a6000-7f64802a7000 rw-p 00000000 00:00 0 
7f64802a7000-7f64802a8000 ---p 00000000 00:00 0 
7f64802a8000-7f64803a9000 rw-p 00000000 00:00 0 
7f64803a9000-7f64803aa000 ---p 00000000 00:00 0 
7f64803aa000-7f64804ab000 rw-p 00000000 00:00 0 
7f64804ab000-7f64804ac000 ---p 00000000 00:00 0 
7f64804ac000-7f64805b2000 rw-p 00000000 00:00 0 
7f64805b2000-7f6480698000 ---p 00000000 00:00 0 
7f6480698000-7f648069d000 rw-p 00000000 00:00 0 
7f648069d000-7f6480783000 ---p 00000000 00:00 0 
7f6480783000-7f6480788000 r-xp 00000000 fd:00 20186039                   /usr/lib/jvm/java-11-openjdk-amd64/lib/libjimage.so
7f6480788000-7f6480987000 ---p 00005000 fd:00 20186039                   /usr/lib/jvm/java-11-openjdk-amd64/lib/libjimage.so
7f6480987000-7f6480988000 r--p 00004000 fd:00 20186039                   /usr/lib/jvm/java-11-openjdk-amd64/lib/libjimage.so
7f6480988000-7f6480989000 rw-p 00005000 fd:00 20186039                   /usr/lib/jvm/java-11-openjdk-amd64/lib/libjimage.so
7f6480989000-7f6480990000 r-xp 00000000 fd:00 20186056                   /usr/lib/jvm/java-11-openjdk-amd64/lib/libzip.so
7f6480990000-7f6480b8f000 ---p 00007000 fd:00 20186056                   /usr/lib/jvm/java-11-openjdk-amd64/lib/libzip.so
7f6480b8f000-7f6480b90000 r--p 00006000 fd:00 20186056                   /usr/lib/jvm/java-11-openjdk-amd64/lib/libzip.so
7f6480b90000-7f6480b91000 rw-p 00007000 fd:00 20186056                   /usr/lib/jvm/java-11-openjdk-amd64/lib/libzip.so
7f6480b91000-7f6480b9c000 r-xp 00000000 fd:00 44176093                   /lib/x86_64-linux-gnu/libnss_files-2.27.so
7f6480b9c000-7f6480d9b000 ---p 0000b000 fd:00 44176093                   /lib/x86_64-linux-gnu/libnss_files-2.27.so
7f6480d9b000-7f6480d9c000 r--p 0000a000 fd:00 44176093                   /lib/x86_64-linux-gnu/libnss_files-2.27.so
7f6480d9c000-7f6480d9d000 rw-p 0000b000 fd:00 44176093                   /lib/x86_64-linux-gnu/libnss_files-2.27.so
7f6480d9d000-7f6480da3000 rw-p 00000000 00:00 0 
7f6480da3000-7f6480dba000 r-xp 00000000 fd:00 44176087                   /lib/x86_64-linux-gnu/libnsl-2.27.so
7f6480dba000-7f6480fb9000 ---p 00017000 fd:00 44176087                   /lib/x86_64-linux-gnu/libnsl-2.27.so
7f6480fb9000-7f6480fba000 r--p 00016000 fd:00 44176087                   /lib/x86_64-linux-gnu/libnsl-2.27.so
7f6480fba000-7f6480fbb000 rw-p 00017000 fd:00 44176087                   /lib/x86_64-linux-gnu/libnsl-2.27.so
7f6480fbb000-7f6480fbd000 rw-p 00000000 00:00 0 
7f6480fbd000-7f6480fc8000 r-xp 00000000 fd:00 44176104                   /lib/x86_64-linux-gnu/libnss_nis-2.27.so
7f6480fc8000-7f64811c7000 ---p 0000b000 fd:00 44176104                   /lib/x86_64-linux-gnu/libnss_nis-2.27.so
7f64811c7000-7f64811c8000 r--p 0000a000 fd:00 44176104                   /lib/x86_64-linux-gnu/libnss_nis-2.27.so
7f64811c8000-7f64811c9000 rw-p 0000b000 fd:00 44176104                   /lib/x86_64-linux-gnu/libnss_nis-2.27.so
7f64811c9000-7f64811d1000 r-xp 00000000 fd:00 44176089                   /lib/x86_64-linux-gnu/libnss_compat-2.27.so
7f64811d1000-7f64813d1000 ---p 00008000 fd:00 44176089                   /lib/x86_64-linux-gnu/libnss_compat-2.27.so
7f64813d1000-7f64813d2000 r--p 00008000 fd:00 44176089                   /lib/x86_64-linux-gnu/libnss_compat-2.27.so
7f64813d2000-7f64813d3000 rw-p 00009000 fd:00 44176089                   /lib/x86_64-linux-gnu/libnss_compat-2.27.so
7f64813d3000-7f64813ff000 r-xp 00000000 fd:00 20186035                   /usr/lib/jvm/java-11-openjdk-amd64/lib/libjava.so
7f64813ff000-7f64815fe000 ---p 0002c000 fd:00 20186035                   /usr/lib/jvm/java-11-openjdk-amd64/lib/libjava.so
7f64815fe000-7f64815ff000 r--p 0002b000 fd:00 20186035                   /usr/lib/jvm/java-11-openjdk-amd64/lib/libjava.so
7f64815ff000-7f6481601000 rw-p 0002c000 fd:00 20186035                   /usr/lib/jvm/java-11-openjdk-amd64/lib/libjava.so
7f6481601000-7f648160e000 r-xp 00000000 fd:00 20186055                   /usr/lib/jvm/java-11-openjdk-amd64/lib/libverify.so
7f648160e000-7f648180d000 ---p 0000d000 fd:00 20186055                   /usr/lib/jvm/java-11-openjdk-amd64/lib/libverify.so
7f648180d000-7f648180f000 r--p 0000c000 fd:00 20186055                   /usr/lib/jvm/java-11-openjdk-amd64/lib/libverify.so
7f648180f000-7f6481810000 rw-p 0000e000 fd:00 20186055                   /usr/lib/jvm/java-11-openjdk-amd64/lib/libverify.so
7f6481810000-7f6481817000 r-xp 00000000 fd:00 44176144                   /lib/x86_64-linux-gnu/librt-2.27.so
7f6481817000-7f6481a16000 ---p 00007000 fd:00 44176144                   /lib/x86_64-linux-gnu/librt-2.27.so
7f6481a16000-7f6481a17000 r--p 00006000 fd:00 44176144                   /lib/x86_64-linux-gnu/librt-2.27.so
7f6481a17000-7f6481a18000 rw-p 00007000 fd:00 44176144                   /lib/x86_64-linux-gnu/librt-2.27.so
7f6481a18000-7f6481a2f000 r-xp 00000000 fd:00 44175907                   /lib/x86_64-linux-gnu/libgcc_s.so.1
7f6481a2f000-7f6481c2e000 ---p 00017000 fd:00 44175907                   /lib/x86_64-linux-gnu/libgcc_s.so.1
7f6481c2e000-7f6481c2f000 r--p 00016000 fd:00 44175907                   /lib/x86_64-linux-gnu/libgcc_s.so.1
7f6481c2f000-7f6481c30000 rw-p 00017000 fd:00 44175907                   /lib/x86_64-linux-gnu/libgcc_s.so.1
7f6481c30000-7f6481dcd000 r-xp 00000000 fd:00 44176066                   /lib/x86_64-linux-gnu/libm-2.27.so
7f6481dcd000-7f6481fcc000 ---p 0019d000 fd:00 44176066                   /lib/x86_64-linux-gnu/libm-2.27.so
7f6481fcc000-7f6481fcd000 r--p 0019c000 fd:00 44176066                   /lib/x86_64-linux-gnu/libm-2.27.so
7f6481fcd000-7f6481fce000 rw-p 0019d000 fd:00 44176066                   /lib/x86_64-linux-gnu/libm-2.27.so
7f6481fce000-7f6482147000 r-xp 00000000 fd:00 18090134                   /usr/lib/x86_64-linux-gnu/libstdc++.so.6.0.25
7f6482147000-7f6482347000 ---p 00179000 fd:00 18090134                   /usr/lib/x86_64-linux-gnu/libstdc++.so.6.0.25
7f6482347000-7f6482351000 r--p 00179000 fd:00 18090134                   /usr/lib/x86_64-linux-gnu/libstdc++.so.6.0.25
7f6482351000-7f6482353000 rw-p 00183000 fd:00 18090134                   /usr/lib/x86_64-linux-gnu/libstdc++.so.6.0.25
7f6482353000-7f6482357000 rw-p 00000000 00:00 0 
7f6482357000-7f64832f4000 r-xp 00000000 fd:00 20186062                   /usr/lib/jvm/java-11-openjdk-amd64/lib/server/libjvm.so
7f64832f4000-7f64834f4000 ---p 00f9d000 fd:00 20186062                   /usr/lib/jvm/java-11-openjdk-amd64/lib/server/libjvm.so
7f64834f4000-7f64835b8000 r--p 00f9d000 fd:00 20186062                   /usr/lib/jvm/java-11-openjdk-amd64/lib/server/libjvm.so
7f64835b8000-7f64835f0000 rw-p 01061000 fd:00 20186062                   /usr/lib/jvm/java-11-openjdk-amd64/lib/server/libjvm.so
7f64835f0000-7f6483639000 rw-p 00000000 00:00 0 
7f6483639000-7f6483653000 r-xp 00000000 fd:00 44176136                   /lib/x86_64-linux-gnu/libpthread-2.27.so
7f6483653000-7f6483852000 ---p 0001a000 fd:00 44176136                   /lib/x86_64-linux-gnu/libpthread-2.27.so
7f6483852000-7f6483853000 r--p 00019000 fd:00 44176136                   /lib/x86_64-linux-gnu/libpthread-2.27.so
7f6483853000-7f6483854000 rw-p 0001a000 fd:00 44176136                   /lib/x86_64-linux-gnu/libpthread-2.27.so
7f6483854000-7f6483858000 rw-p 00000000 00:00 0 
7f6483858000-7f648385b000 r-xp 00000000 fd:00 44176026                   /lib/x86_64-linux-gnu/libdl-2.27.so
7f648385b000-7f6483a5a000 ---p 00003000 fd:00 44176026                   /lib/x86_64-linux-gnu/libdl-2.27.so
7f6483a5a000-7f6483a5b000 r--p 00002000 fd:00 44176026                   /lib/x86_64-linux-gnu/libdl-2.27.so
7f6483a5b000-7f6483a5c000 rw-p 00003000 fd:00 44176026                   /lib/x86_64-linux-gnu/libdl-2.27.so
7f6483a5c000-7f6483a78000 r-xp 00000000 fd:00 44176175                   /lib/x86_64-linux-gnu/libz.so.1.2.11
7f6483a78000-7f6483c77000 ---p 0001c000 fd:00 44176175                   /lib/x86_64-linux-gnu/libz.so.1.2.11
7f6483c77000-7f6483c78000 r--p 0001b000 fd:00 44176175                   /lib/x86_64-linux-gnu/libz.so.1.2.11
7f6483c78000-7f6483c79000 rw-p 0001c000 fd:00 44176175                   /lib/x86_64-linux-gnu/libz.so.1.2.11
7f6483c79000-7f6483e60000 r-xp 00000000 fd:00 44176003                   /lib/x86_64-linux-gnu/libc-2.27.so
7f6483e60000-7f6484060000 ---p 001e7000 fd:00 44176003                   /lib/x86_64-linux-gnu/libc-2.27.so
7f6484060000-7f6484064000 r--p 001e7000 fd:00 44176003                   /lib/x86_64-linux-gnu/libc-2.27.so
7f6484064000-7f6484066000 rw-p 001eb000 fd:00 44176003                   /lib/x86_64-linux-gnu/libc-2.27.so
7f6484066000-7f648406a000 rw-p 00000000 00:00 0 
7f648406a000-7f6484079000 r-xp 00000000 fd:00 20186020                   /usr/lib/jvm/java-11-openjdk-amd64/lib/jli/libjli.so
7f6484079000-7f6484278000 ---p 0000f000 fd:00 20186020                   /usr/lib/jvm/java-11-openjdk-amd64/lib/jli/libjli.so
7f6484278000-7f6484279000 r--p 0000e000 fd:00 20186020                   /usr/lib/jvm/java-11-openjdk-amd64/lib/jli/libjli.so
7f6484279000-7f648427a000 rw-p 0000f000 fd:00 20186020                   /usr/lib/jvm/java-11-openjdk-amd64/lib/jli/libjli.so
7f648427a000-7f64842a1000 r-xp 00000000 fd:00 44175975                   /lib/x86_64-linux-gnu/ld-2.27.so
7f648431d000-7f6484384000 rw-p 00000000 00:00 0 
7f6484384000-7f6484388000 ---p 00000000 00:00 0 
7f6484388000-7f6484487000 rw-p 00000000 00:00 0 
7f6484488000-7f648448e000 rw-p 00000000 00:00 0 
7f648448e000-7f6484495000 ---p 00000000 00:00 0 
7f6484495000-7f648449d000 rw-s 00000000 fd:00 16121869                   /tmp/hsperfdata_minecraft/15373
7f648449d000-7f648449e000 ---p 00000000 00:00 0 
7f648449e000-7f648449f000 r--p 00000000 00:00 0 
7f648449f000-7f64844a1000 rw-p 00000000 00:00 0 
7f64844a1000-7f64844a2000 r--p 00027000 fd:00 44175975                   /lib/x86_64-linux-gnu/ld-2.27.so
7f64844a2000-7f64844a3000 rw-p 00028000 fd:00 44175975                   /lib/x86_64-linux-gnu/ld-2.27.so
7f64844a3000-7f64844a4000 rw-p 00000000 00:00 0 
7ffcdac41000-7ffcdac62000 rw-p 00000000 00:00 0                          [stack]
7ffcdadb3000-7ffcdadb6000 r--p 00000000 00:00 0                          [vvar]
7ffcdadb6000-7ffcdadb8000 r-xp 00000000 00:00 0                          [vdso]
ffffffffff600000-ffffffffff601000 r-xp 00000000 00:00 0                  [vsyscall]


VM Arguments:
jvm_args: -Xms3g -Xmx3g 
java_command: server.jar nogui
java_class_path (initial): server.jar
Launcher Type: SUN_STANDARD

Logging:
Log output configuration:
#0: stdout all=warning uptime,level,tags
#1: stderr all=off uptime,level,tags

Environment Variables:
PATH=/usr/local/sbin:/usr/local/bin:/usr/sbin:/usr/bin:/sbin:/bin
SHELL=/bin/sh

Signal Handlers:
SIGSEGV: [libjvm.so+0xd28b70], sa_mask[0]=11111111011111111101111111111110, sa_flags=SA_RESTART|SA_SIGINFO
SIGBUS: [libjvm.so+0xd28b70], sa_mask[0]=11111111011111111101111111111110, sa_flags=SA_RESTART|SA_SIGINFO
SIGFPE: [libjvm.so+0xd28b70], sa_mask[0]=11111111011111111101111111111110, sa_flags=SA_RESTART|SA_SIGINFO
SIGPIPE: [libjvm.so+0xb2a1f0], sa_mask[0]=11111111011111111101111111111110, sa_flags=SA_RESTART|SA_SIGINFO
SIGXFSZ: [libjvm.so+0xb2a1f0], sa_mask[0]=11111111011111111101111111111110, sa_flags=SA_RESTART|SA_SIGINFO
SIGILL: [libjvm.so+0xd28b70], sa_mask[0]=11111111011111111101111111111110, sa_flags=SA_RESTART|SA_SIGINFO
SIGUSR2: [libjvm.so+0xb2a030], sa_mask[0]=00000000000000000000000000000000, sa_flags=SA_RESTART|SA_SIGINFO
SIGHUP: SIG_DFL, sa_mask[0]=00000000000000000000000000000000, sa_flags=none
SIGINT: SIG_DFL, sa_mask[0]=00000000000000000000000000000000, sa_flags=none
SIGTERM: SIG_DFL, sa_mask[0]=00000000000000000000000000000000, sa_flags=none
SIGQUIT: SIG_DFL, sa_mask[0]=00000000000000000000000000000000, sa_flags=none


---------------  S Y S T E M  ---------------

OS:DISTRIB_ID=Ubuntu
DISTRIB_RELEASE=18.04
DISTRIB_CODENAME=bionic
DISTRIB_DESCRIPTION="Ubuntu 18.04.2 LTS"
uname:Linux 4.15.0-46-generic #49-Ubuntu SMP Wed Feb 6 09:33:07 UTC 2019 x86_64
libc:glibc 2.27 NPTL 2.27 
rlimit: STACK 8192k, CORE 0k, NPROC 15099, NOFILE 4096, AS infinity, DATA infinity, FSIZE infinity
load average:1.25 1.29 1.33

/proc/meminfo:
MemTotal:        3943748 kB
MemFree:          127084 kB
MemAvailable:    1349188 kB
Buffers:           35376 kB
Cached:          1386668 kB
SwapCached:         7596 kB
Active:          2626248 kB
Inactive:         997692 kB
Active(anon):    1819748 kB
Inactive(anon):   412216 kB
Active(file):     806500 kB
Inactive(file):   585476 kB
Unevictable:           0 kB
Mlocked:               0 kB
SwapTotal:        999420 kB
SwapFree:         594864 kB
Dirty:             11488 kB
Writeback:             0 kB
AnonPages:       2199460 kB
Mapped:           173344 kB
Shmem:             30068 kB
Slab:             106576 kB
SReclaimable:      65788 kB
SUnreclaim:        40788 kB
KernelStack:        6000 kB
PageTables:        24176 kB
NFS_Unstable:          0 kB
Bounce:                0 kB
WritebackTmp:          0 kB
CommitLimit:     2971292 kB
Committed_AS:    3202404 kB
VmallocTotal:   34359738367 kB
VmallocUsed:           0 kB
VmallocChunk:          0 kB
HardwareCorrupted:     0 kB
AnonHugePages:         0 kB
ShmemHugePages:        0 kB
ShmemPmdMapped:        0 kB
CmaTotal:              0 kB
CmaFree:               0 kB
HugePages_Total:       0
HugePages_Free:        0
HugePages_Rsvd:        0
HugePages_Surp:        0
Hugepagesize:       2048 kB
DirectMap4k:      158320 kB
DirectMap2M:     3940352 kB
DirectMap1G:           0 kB

container (cgroup) information:
container_type: cgroupv1
cpu_cpuset_cpus: 0-3
cpu_memory_nodes: 0
active_processor_count: 4
cpu_quota: -1
cpu_period: 100000
cpu_shares: -1
memory_limit_in_bytes: -1
memory_and_swap_limit_in_bytes: -2
memory_soft_limit_in_bytes: -1
memory_usage_in_bytes: 3709714432
memory_max_usage_in_bytes: 2048000


CPU:total 4 (initial active 4) (2 cores per cpu, 2 threads per core) family 6 model 69 stepping 1, cmov, cx8, fxsr, mmx, sse, sse2, sse3, ssse3, sse4.1, sse4.2, popcnt, avx, avx2, aes, clmul, erms, lzcnt, ht, tsc, tscinvbit, bmi1, bmi2, fma
CPU Model and flags from /proc/cpuinfo:
model name	: Intel(R) Core(TM) i7-4500U CPU @ 1.80GHz
flags		: fpu vme de pse tsc msr pae mce cx8 apic sep mtrr pge mca cmov pat pse36 clflush dts acpi mmx fxsr sse sse2 ss ht tm pbe syscall nx pdpe1gb rdtscp lm constant_tsc arch_perfmon pebs bts rep_good nopl xtopology nonstop_tsc cpuid aperfmperf pni pclmulqdq dtes64 monitor ds_cpl vmx est tm2 ssse3 sdbg fma cx16 xtpr pdcm pcid sse4_1 sse4_2 movbe popcnt tsc_deadline_timer aes xsave avx f16c rdrand lahf_lm abm cpuid_fault epb invpcid_single pti ssbd ibrs ibpb stibp tpr_shadow vnmi flexpriority ept vpid fsgsbase tsc_adjust bmi1 avx2 smep bmi2 erms invpcid xsaveopt dtherm ida arat pln pts flush_l1d

Memory: 4k page, physical 3943748k(126836k free), swap 999420k(594864k free)

vm_info: OpenJDK 64-Bit Server VM (10.0.2+13-Ubuntu-1ubuntu0.18.04.4) for linux-amd64 JRE (10.0.2+13-Ubuntu-1ubuntu0.18.04.4), built on Nov 13 2018 12:53:39 by "buildd" with gcc 7.3.0

END.
