#
# There is insufficient memory for the Java Runtime Environment to continue.
# Native memory allocation (mmap) failed to map 3221225472 bytes for committing reserved memory.
# Possible reasons:
#   The system is out of physical RAM or swap space
#   The process is running with CompressedOops enabled, and the Java Heap may be blocking the growth of the native heap
# Possible solutions:
#   Reduce memory load on the system
#   Increase physical memory or swap space
#   Check if swap backing store is full
#   Decrease Java heap size (-Xmx/-Xms)
#   Decrease number of Java threads
#   Decrease Java thread stack sizes (-Xss)
#   Set larger code cache with -XX:ReservedCodeCacheSize=
# This output file may be truncated or incomplete.
#
#  Out of Memory Error (os_linux.cpp:2706), pid=17923, tid=17924
#
# JRE version:  (10.0.2+13) (build )
# Java VM: OpenJDK 64-Bit Server VM (10.0.2+13-Ubuntu-1ubuntu0.18.04.4, mixed mode, aot, tiered, compressed oops, g1 gc, linux-amd64)
# Core dump will be written. Default location: Core dumps may be processed with "/usr/share/apport/apport %p %s %c %d %P" (or dumping to /opt/forno/minecraft/core.17923)
#

---------------  S U M M A R Y ------------

Command Line: -Xms3g -Xmx3g server.jar nogui

Host: Intel(R) Core(TM) i7-4500U CPU @ 1.80GHz, 4 cores, 3G, Ubuntu 18.04.2 LTS
Time: Thu Mar 21 11:06:05 2019 JST elapsed time: 0 seconds (0d 0h 0m 0s)

---------------  T H R E A D  ---------------

Current thread (0x00007fde34011000):  JavaThread "Unknown thread" [_thread_in_vm, id=17924, stack(0x00007fde3d01b000,0x00007fde3d11c000)]

Stack: [0x00007fde3d01b000,0x00007fde3d11c000],  sp=0x00007fde3d11a2e0,  free space=1020k
Native frames: (J=compiled Java code, A=aot compiled Java code, j=interpreted, Vv=VM code, C=native code)
V  [libjvm.so+0xd27ea4]
V  [libjvm.so+0xd28a4b]
V  [libjvm.so+0x64d415]
V  [libjvm.so+0xb2d7c8]
V  [libjvm.so+0xb2601d]
V  [libjvm.so+0x7662ff]
V  [libjvm.so+0x76653e]
V  [libjvm.so+0x769500]
V  [libjvm.so+0x7efa1c]
V  [libjvm.so+0x7f06df]
V  [libjvm.so+0x7f0b59]
V  [libjvm.so+0x7162cf]
V  [libjvm.so+0x71afd3]
V  [libjvm.so+0xce5dc2]
V  [libjvm.so+0xce60c6]
V  [libjvm.so+0x807d57]
V  [libjvm.so+0xcc7ac4]
V  [libjvm.so+0x8601b1]  JNI_CreateJavaVM+0x51
C  [libjli.so+0x3d83]
C  [libjli.so+0x89dd]
C  [libpthread.so.0+0x76db]  start_thread+0xdb


---------------  P R O C E S S  ---------------

Threads class SMR info:
_java_thread_list=0x00005608be8876b0, length=0, elements={
}

Java Threads: ( => current thread )

Other Threads:
  0x00007fde34028000 GCTaskThread "GC Thread#0" [stack: 0x00007fde39144000,0x00007fde39244000] [id=17926]
  0x00007fde34029000 GCTaskThread "GC Thread#1" [stack: 0x00007fde39042000,0x00007fde39142000] [id=17927]
  0x00007fde3402b000 GCTaskThread "GC Thread#2" [stack: 0x00007fde38f40000,0x00007fde39040000] [id=17928]
  0x00007fde3402c800 GCTaskThread "GC Thread#3" [stack: 0x00007fde38e3e000,0x00007fde38f3e000] [id=17929]
  0x00007fde3406a000 ConcurrentGCThread "G1 Main Marker" [stack: 0x00007fde38278000,0x00007fde38378000] [id=17930]
  0x00007fde3406c000 ConcurrentGCThread "G1 Conc#0" [stack: 0x00007fde38176000,0x00007fde38276000] [id=17931]

[error occurred during error reporting (printing all threads), id 0xe0000002]

VM state:not at safepoint (not fully initialized)

VM Mutex/Monitor currently owned by a thread:  ([mutex/lock_event])
[0x00007fde3400df30] Heap_lock - owner thread: 0x00007fde34011000

Heap address: 0x0000000700000000, size: 3072 MB, Compressed Oops mode: Non-zero based: 0x0000000700000000
Narrow klass base: 0x0000000000000000, Narrow klass shift: 0

GC Heap History (0 events):
No events

Deoptimization events (0 events):
No events

Classes redefined (0 events):
No events

Internal exceptions (0 events):
No events

Events (0 events):
No events


Dynamic libraries:
5608bc697000-5608bc698000 r-xp 00000000 fd:00 20185882                   /usr/lib/jvm/java-11-openjdk-amd64/bin/java
5608bc898000-5608bc899000 r--p 00001000 fd:00 20185882                   /usr/lib/jvm/java-11-openjdk-amd64/bin/java
5608bc899000-5608bc89a000 rw-p 00002000 fd:00 20185882                   /usr/lib/jvm/java-11-openjdk-amd64/bin/java
5608be870000-5608be891000 rw-p 00000000 00:00 0                          [heap]
7fddf4000000-7fddf4021000 rw-p 00000000 00:00 0 
7fddf4021000-7fddf8000000 ---p 00000000 00:00 0 
7fddfc000000-7fddfc021000 rw-p 00000000 00:00 0 
7fddfc021000-7fde00000000 ---p 00000000 00:00 0 
7fde01000000-7fde04000000 ---p 00000000 00:00 0 
7fde04000000-7fde04021000 rw-p 00000000 00:00 0 
7fde04021000-7fde08000000 ---p 00000000 00:00 0 
7fde09000000-7fde0c000000 ---p 00000000 00:00 0 
7fde0c000000-7fde0c021000 rw-p 00000000 00:00 0 
7fde0c021000-7fde10000000 ---p 00000000 00:00 0 
7fde10000000-7fde10021000 rw-p 00000000 00:00 0 
7fde10021000-7fde14000000 ---p 00000000 00:00 0 
7fde14000000-7fde14021000 rw-p 00000000 00:00 0 
7fde14021000-7fde18000000 ---p 00000000 00:00 0 
7fde18c22000-7fde1af25000 rw-p 00000000 00:00 0 
7fde1af25000-7fde1bb25000 ---p 00000000 00:00 0 
7fde1bb25000-7fde1bd95000 rwxp 00000000 00:00 0 
7fde1bd95000-7fde1c0b5000 ---p 00000000 00:00 0 
7fde1c0b5000-7fde1c325000 rwxp 00000000 00:00 0 
7fde1c325000-7fde235ed000 ---p 00000000 00:00 0 
7fde235ed000-7fde2385d000 rwxp 00000000 00:00 0 
7fde2385d000-7fde2ab25000 ---p 00000000 00:00 0 
7fde2ab25000-7fde34000000 r--s 00000000 fd:00 20186057                   /usr/lib/jvm/java-11-openjdk-amd64/lib/modules
7fde34000000-7fde34083000 rw-p 00000000 00:00 0 
7fde34083000-7fde38000000 ---p 00000000 00:00 0 
7fde38073000-7fde38174000 rw-p 00000000 00:00 0 
7fde38174000-7fde38175000 ---p 00000000 00:00 0 
7fde38175000-7fde38276000 rw-p 00000000 00:00 0 
7fde38276000-7fde38277000 ---p 00000000 00:00 0 
7fde38277000-7fde38438000 rw-p 00000000 00:00 0 
7fde38438000-7fde38a38000 ---p 00000000 00:00 0 
7fde38a38000-7fde38e3c000 rw-p 00000000 00:00 0 
7fde38e3c000-7fde38e3d000 ---p 00000000 00:00 0 
7fde38e3d000-7fde38f3e000 rw-p 00000000 00:00 0 
7fde38f3e000-7fde38f3f000 ---p 00000000 00:00 0 
7fde38f3f000-7fde39040000 rw-p 00000000 00:00 0 
7fde39040000-7fde39041000 ---p 00000000 00:00 0 
7fde39041000-7fde39142000 rw-p 00000000 00:00 0 
7fde39142000-7fde39143000 ---p 00000000 00:00 0 
7fde39143000-7fde39249000 rw-p 00000000 00:00 0 
7fde39249000-7fde3932f000 ---p 00000000 00:00 0 
7fde3932f000-7fde39334000 rw-p 00000000 00:00 0 
7fde39334000-7fde3941a000 ---p 00000000 00:00 0 
7fde3941a000-7fde3941f000 r-xp 00000000 fd:00 20186039                   /usr/lib/jvm/java-11-openjdk-amd64/lib/libjimage.so
7fde3941f000-7fde3961e000 ---p 00005000 fd:00 20186039                   /usr/lib/jvm/java-11-openjdk-amd64/lib/libjimage.so
7fde3961e000-7fde3961f000 r--p 00004000 fd:00 20186039                   /usr/lib/jvm/java-11-openjdk-amd64/lib/libjimage.so
7fde3961f000-7fde39620000 rw-p 00005000 fd:00 20186039                   /usr/lib/jvm/java-11-openjdk-amd64/lib/libjimage.so
7fde39620000-7fde39627000 r-xp 00000000 fd:00 20186056                   /usr/lib/jvm/java-11-openjdk-amd64/lib/libzip.so
7fde39627000-7fde39826000 ---p 00007000 fd:00 20186056                   /usr/lib/jvm/java-11-openjdk-amd64/lib/libzip.so
7fde39826000-7fde39827000 r--p 00006000 fd:00 20186056                   /usr/lib/jvm/java-11-openjdk-amd64/lib/libzip.so
7fde39827000-7fde39828000 rw-p 00007000 fd:00 20186056                   /usr/lib/jvm/java-11-openjdk-amd64/lib/libzip.so
7fde39828000-7fde39833000 r-xp 00000000 fd:00 44176093                   /lib/x86_64-linux-gnu/libnss_files-2.27.so
7fde39833000-7fde39a32000 ---p 0000b000 fd:00 44176093                   /lib/x86_64-linux-gnu/libnss_files-2.27.so
7fde39a32000-7fde39a33000 r--p 0000a000 fd:00 44176093                   /lib/x86_64-linux-gnu/libnss_files-2.27.so
7fde39a33000-7fde39a34000 rw-p 0000b000 fd:00 44176093                   /lib/x86_64-linux-gnu/libnss_files-2.27.so
7fde39a34000-7fde39a3a000 rw-p 00000000 00:00 0 
7fde39a3a000-7fde39a51000 r-xp 00000000 fd:00 44176087                   /lib/x86_64-linux-gnu/libnsl-2.27.so
7fde39a51000-7fde39c50000 ---p 00017000 fd:00 44176087                   /lib/x86_64-linux-gnu/libnsl-2.27.so
7fde39c50000-7fde39c51000 r--p 00016000 fd:00 44176087                   /lib/x86_64-linux-gnu/libnsl-2.27.so
7fde39c51000-7fde39c52000 rw-p 00017000 fd:00 44176087                   /lib/x86_64-linux-gnu/libnsl-2.27.so
7fde39c52000-7fde39c54000 rw-p 00000000 00:00 0 
7fde39c54000-7fde39c5f000 r-xp 00000000 fd:00 44176104                   /lib/x86_64-linux-gnu/libnss_nis-2.27.so
7fde39c5f000-7fde39e5e000 ---p 0000b000 fd:00 44176104                   /lib/x86_64-linux-gnu/libnss_nis-2.27.so
7fde39e5e000-7fde39e5f000 r--p 0000a000 fd:00 44176104                   /lib/x86_64-linux-gnu/libnss_nis-2.27.so
7fde39e5f000-7fde39e60000 rw-p 0000b000 fd:00 44176104                   /lib/x86_64-linux-gnu/libnss_nis-2.27.so
7fde39e60000-7fde39e68000 r-xp 00000000 fd:00 44176089                   /lib/x86_64-linux-gnu/libnss_compat-2.27.so
7fde39e68000-7fde3a068000 ---p 00008000 fd:00 44176089                   /lib/x86_64-linux-gnu/libnss_compat-2.27.so
7fde3a068000-7fde3a069000 r--p 00008000 fd:00 44176089                   /lib/x86_64-linux-gnu/libnss_compat-2.27.so
7fde3a069000-7fde3a06a000 rw-p 00009000 fd:00 44176089                   /lib/x86_64-linux-gnu/libnss_compat-2.27.so
7fde3a06a000-7fde3a096000 r-xp 00000000 fd:00 20186035                   /usr/lib/jvm/java-11-openjdk-amd64/lib/libjava.so
7fde3a096000-7fde3a295000 ---p 0002c000 fd:00 20186035                   /usr/lib/jvm/java-11-openjdk-amd64/lib/libjava.so
7fde3a295000-7fde3a296000 r--p 0002b000 fd:00 20186035                   /usr/lib/jvm/java-11-openjdk-amd64/lib/libjava.so
7fde3a296000-7fde3a298000 rw-p 0002c000 fd:00 20186035                   /usr/lib/jvm/java-11-openjdk-amd64/lib/libjava.so
7fde3a298000-7fde3a2a5000 r-xp 00000000 fd:00 20186055                   /usr/lib/jvm/java-11-openjdk-amd64/lib/libverify.so
7fde3a2a5000-7fde3a4a4000 ---p 0000d000 fd:00 20186055                   /usr/lib/jvm/java-11-openjdk-amd64/lib/libverify.so
7fde3a4a4000-7fde3a4a6000 r--p 0000c000 fd:00 20186055                   /usr/lib/jvm/java-11-openjdk-amd64/lib/libverify.so
7fde3a4a6000-7fde3a4a7000 rw-p 0000e000 fd:00 20186055                   /usr/lib/jvm/java-11-openjdk-amd64/lib/libverify.so
7fde3a4a7000-7fde3a4ae000 r-xp 00000000 fd:00 44176144                   /lib/x86_64-linux-gnu/librt-2.27.so
7fde3a4ae000-7fde3a6ad000 ---p 00007000 fd:00 44176144                   /lib/x86_64-linux-gnu/librt-2.27.so
7fde3a6ad000-7fde3a6ae000 r--p 00006000 fd:00 44176144                   /lib/x86_64-linux-gnu/librt-2.27.so
7fde3a6ae000-7fde3a6af000 rw-p 00007000 fd:00 44176144                   /lib/x86_64-linux-gnu/librt-2.27.so
7fde3a6af000-7fde3a6c6000 r-xp 00000000 fd:00 44175907                   /lib/x86_64-linux-gnu/libgcc_s.so.1
7fde3a6c6000-7fde3a8c5000 ---p 00017000 fd:00 44175907                   /lib/x86_64-linux-gnu/libgcc_s.so.1
7fde3a8c5000-7fde3a8c6000 r--p 00016000 fd:00 44175907                   /lib/x86_64-linux-gnu/libgcc_s.so.1
7fde3a8c6000-7fde3a8c7000 rw-p 00017000 fd:00 44175907                   /lib/x86_64-linux-gnu/libgcc_s.so.1
7fde3a8c7000-7fde3aa64000 r-xp 00000000 fd:00 44176066                   /lib/x86_64-linux-gnu/libm-2.27.so
7fde3aa64000-7fde3ac63000 ---p 0019d000 fd:00 44176066                   /lib/x86_64-linux-gnu/libm-2.27.so
7fde3ac63000-7fde3ac64000 r--p 0019c000 fd:00 44176066                   /lib/x86_64-linux-gnu/libm-2.27.so
7fde3ac64000-7fde3ac65000 rw-p 0019d000 fd:00 44176066                   /lib/x86_64-linux-gnu/libm-2.27.so
7fde3ac65000-7fde3adde000 r-xp 00000000 fd:00 18090134                   /usr/lib/x86_64-linux-gnu/libstdc++.so.6.0.25
7fde3adde000-7fde3afde000 ---p 00179000 fd:00 18090134                   /usr/lib/x86_64-linux-gnu/libstdc++.so.6.0.25
7fde3afde000-7fde3afe8000 r--p 00179000 fd:00 18090134                   /usr/lib/x86_64-linux-gnu/libstdc++.so.6.0.25
7fde3afe8000-7fde3afea000 rw-p 00183000 fd:00 18090134                   /usr/lib/x86_64-linux-gnu/libstdc++.so.6.0.25
7fde3afea000-7fde3afee000 rw-p 00000000 00:00 0 
7fde3afee000-7fde3bf8b000 r-xp 00000000 fd:00 20186062                   /usr/lib/jvm/java-11-openjdk-amd64/lib/server/libjvm.so
7fde3bf8b000-7fde3c18b000 ---p 00f9d000 fd:00 20186062                   /usr/lib/jvm/java-11-openjdk-amd64/lib/server/libjvm.so
7fde3c18b000-7fde3c24f000 r--p 00f9d000 fd:00 20186062                   /usr/lib/jvm/java-11-openjdk-amd64/lib/server/libjvm.so
7fde3c24f000-7fde3c287000 rw-p 01061000 fd:00 20186062                   /usr/lib/jvm/java-11-openjdk-amd64/lib/server/libjvm.so
7fde3c287000-7fde3c2d0000 rw-p 00000000 00:00 0 
7fde3c2d0000-7fde3c2ea000 r-xp 00000000 fd:00 44176136                   /lib/x86_64-linux-gnu/libpthread-2.27.so
7fde3c2ea000-7fde3c4e9000 ---p 0001a000 fd:00 44176136                   /lib/x86_64-linux-gnu/libpthread-2.27.so
7fde3c4e9000-7fde3c4ea000 r--p 00019000 fd:00 44176136                   /lib/x86_64-linux-gnu/libpthread-2.27.so
7fde3c4ea000-7fde3c4eb000 rw-p 0001a000 fd:00 44176136                   /lib/x86_64-linux-gnu/libpthread-2.27.so
7fde3c4eb000-7fde3c4ef000 rw-p 00000000 00:00 0 
7fde3c4ef000-7fde3c4f2000 r-xp 00000000 fd:00 44176026                   /lib/x86_64-linux-gnu/libdl-2.27.so
7fde3c4f2000-7fde3c6f1000 ---p 00003000 fd:00 44176026                   /lib/x86_64-linux-gnu/libdl-2.27.so
7fde3c6f1000-7fde3c6f2000 r--p 00002000 fd:00 44176026                   /lib/x86_64-linux-gnu/libdl-2.27.so
7fde3c6f2000-7fde3c6f3000 rw-p 00003000 fd:00 44176026                   /lib/x86_64-linux-gnu/libdl-2.27.so
7fde3c6f3000-7fde3c70f000 r-xp 00000000 fd:00 44176175                   /lib/x86_64-linux-gnu/libz.so.1.2.11
7fde3c70f000-7fde3c90e000 ---p 0001c000 fd:00 44176175                   /lib/x86_64-linux-gnu/libz.so.1.2.11
7fde3c90e000-7fde3c90f000 r--p 0001b000 fd:00 44176175                   /lib/x86_64-linux-gnu/libz.so.1.2.11
7fde3c90f000-7fde3c910000 rw-p 0001c000 fd:00 44176175                   /lib/x86_64-linux-gnu/libz.so.1.2.11
7fde3c910000-7fde3caf7000 r-xp 00000000 fd:00 44176003                   /lib/x86_64-linux-gnu/libc-2.27.so
7fde3caf7000-7fde3ccf7000 ---p 001e7000 fd:00 44176003                   /lib/x86_64-linux-gnu/libc-2.27.so
7fde3ccf7000-7fde3ccfb000 r--p 001e7000 fd:00 44176003                   /lib/x86_64-linux-gnu/libc-2.27.so
7fde3ccfb000-7fde3ccfd000 rw-p 001eb000 fd:00 44176003                   /lib/x86_64-linux-gnu/libc-2.27.so
7fde3ccfd000-7fde3cd01000 rw-p 00000000 00:00 0 
7fde3cd01000-7fde3cd10000 r-xp 00000000 fd:00 20186020                   /usr/lib/jvm/java-11-openjdk-amd64/lib/jli/libjli.so
7fde3cd10000-7fde3cf0f000 ---p 0000f000 fd:00 20186020                   /usr/lib/jvm/java-11-openjdk-amd64/lib/jli/libjli.so
7fde3cf0f000-7fde3cf10000 r--p 0000e000 fd:00 20186020                   /usr/lib/jvm/java-11-openjdk-amd64/lib/jli/libjli.so
7fde3cf10000-7fde3cf11000 rw-p 0000f000 fd:00 20186020                   /usr/lib/jvm/java-11-openjdk-amd64/lib/jli/libjli.so
7fde3cf11000-7fde3cf38000 r-xp 00000000 fd:00 44175975                   /lib/x86_64-linux-gnu/ld-2.27.so
7fde3cfb4000-7fde3d01b000 rw-p 00000000 00:00 0 
7fde3d01b000-7fde3d01f000 ---p 00000000 00:00 0 
7fde3d01f000-7fde3d11e000 rw-p 00000000 00:00 0 
7fde3d11f000-7fde3d125000 rw-p 00000000 00:00 0 
7fde3d125000-7fde3d12c000 ---p 00000000 00:00 0 
7fde3d12c000-7fde3d134000 rw-s 00000000 fd:00 16121869                   /tmp/hsperfdata_minecraft/17923
7fde3d134000-7fde3d135000 ---p 00000000 00:00 0 
7fde3d135000-7fde3d136000 r--p 00000000 00:00 0 
7fde3d136000-7fde3d138000 rw-p 00000000 00:00 0 
7fde3d138000-7fde3d139000 r--p 00027000 fd:00 44175975                   /lib/x86_64-linux-gnu/ld-2.27.so
7fde3d139000-7fde3d13a000 rw-p 00028000 fd:00 44175975                   /lib/x86_64-linux-gnu/ld-2.27.so
7fde3d13a000-7fde3d13b000 rw-p 00000000 00:00 0 
7fff4d5e6000-7fff4d607000 rw-p 00000000 00:00 0                          [stack]
7fff4d77c000-7fff4d77f000 r--p 00000000 00:00 0                          [vvar]
7fff4d77f000-7fff4d781000 r-xp 00000000 00:00 0                          [vdso]
ffffffffff600000-ffffffffff601000 r-xp 00000000 00:00 0                  [vsyscall]


VM Arguments:
jvm_args: -Xms3g -Xmx3g 
java_command: server.jar nogui
java_class_path (initial): server.jar
Launcher Type: SUN_STANDARD

Logging:
Log output configuration:
#0: stdout all=warning uptime,level,tags
#1: stderr all=off uptime,level,tags

Environment Variables:
PATH=/usr/local/sbin:/usr/local/bin:/usr/sbin:/usr/bin:/sbin:/bin
SHELL=/bin/sh

Signal Handlers:
SIGSEGV: [libjvm.so+0xd28b70], sa_mask[0]=11111111011111111101111111111110, sa_flags=SA_RESTART|SA_SIGINFO
SIGBUS: [libjvm.so+0xd28b70], sa_mask[0]=11111111011111111101111111111110, sa_flags=SA_RESTART|SA_SIGINFO
SIGFPE: [libjvm.so+0xd28b70], sa_mask[0]=11111111011111111101111111111110, sa_flags=SA_RESTART|SA_SIGINFO
SIGPIPE: [libjvm.so+0xb2a1f0], sa_mask[0]=11111111011111111101111111111110, sa_flags=SA_RESTART|SA_SIGINFO
SIGXFSZ: [libjvm.so+0xb2a1f0], sa_mask[0]=11111111011111111101111111111110, sa_flags=SA_RESTART|SA_SIGINFO
SIGILL: [libjvm.so+0xd28b70], sa_mask[0]=11111111011111111101111111111110, sa_flags=SA_RESTART|SA_SIGINFO
SIGUSR2: [libjvm.so+0xb2a030], sa_mask[0]=00000000000000000000000000000000, sa_flags=SA_RESTART|SA_SIGINFO
SIGHUP: SIG_DFL, sa_mask[0]=00000000000000000000000000000000, sa_flags=none
SIGINT: SIG_DFL, sa_mask[0]=00000000000000000000000000000000, sa_flags=none
SIGTERM: SIG_DFL, sa_mask[0]=00000000000000000000000000000000, sa_flags=none
SIGQUIT: SIG_DFL, sa_mask[0]=00000000000000000000000000000000, sa_flags=none


---------------  S Y S T E M  ---------------

OS:DISTRIB_ID=Ubuntu
DISTRIB_RELEASE=18.04
DISTRIB_CODENAME=bionic
DISTRIB_DESCRIPTION="Ubuntu 18.04.2 LTS"
uname:Linux 4.15.0-46-generic #49-Ubuntu SMP Wed Feb 6 09:33:07 UTC 2019 x86_64
libc:glibc 2.27 NPTL 2.27 
rlimit: STACK 8192k, CORE 0k, NPROC 15099, NOFILE 4096, AS infinity, DATA infinity, FSIZE infinity
load average:1.32 1.54 1.50

/proc/meminfo:
MemTotal:        3943748 kB
MemFree:          117488 kB
MemAvailable:     967932 kB
Buffers:           31428 kB
Cached:          1017892 kB
SwapCached:        12036 kB
Active:          2688668 kB
Inactive:         942356 kB
Active(anon):    2089760 kB
Inactive(anon):   522016 kB
Active(file):     598908 kB
Inactive(file):   420340 kB
Unevictable:           0 kB
Mlocked:               0 kB
SwapTotal:        999420 kB
SwapFree:         614064 kB
Dirty:              6680 kB
Writeback:             0 kB
AnonPages:       2578060 kB
Mapped:            83284 kB
Shmem:             30072 kB
Slab:             108764 kB
SReclaimable:      67924 kB
SUnreclaim:        40840 kB
KernelStack:        6008 kB
PageTables:        23960 kB
NFS_Unstable:          0 kB
Bounce:                0 kB
WritebackTmp:          0 kB
CommitLimit:     2971292 kB
Committed_AS:    3163668 kB
VmallocTotal:   34359738367 kB
VmallocUsed:           0 kB
VmallocChunk:          0 kB
HardwareCorrupted:     0 kB
AnonHugePages:         0 kB
ShmemHugePages:        0 kB
ShmemPmdMapped:        0 kB
CmaTotal:              0 kB
CmaFree:               0 kB
HugePages_Total:       0
HugePages_Free:        0
HugePages_Rsvd:        0
HugePages_Surp:        0
Hugepagesize:       2048 kB
DirectMap4k:      158320 kB
DirectMap2M:     3940352 kB
DirectMap1G:           0 kB

container (cgroup) information:
container_type: cgroupv1
cpu_cpuset_cpus: 0-3
cpu_memory_nodes: 0
active_processor_count: 4
cpu_quota: -1
cpu_period: 100000
cpu_shares: -1
memory_limit_in_bytes: -1
memory_and_swap_limit_in_bytes: -2
memory_soft_limit_in_bytes: -1
memory_usage_in_bytes: 3715670016
memory_max_usage_in_bytes: 2048000


CPU:total 4 (initial active 4) (2 cores per cpu, 2 threads per core) family 6 model 69 stepping 1, cmov, cx8, fxsr, mmx, sse, sse2, sse3, ssse3, sse4.1, sse4.2, popcnt, avx, avx2, aes, clmul, erms, lzcnt, ht, tsc, tscinvbit, bmi1, bmi2, fma
CPU Model and flags from /proc/cpuinfo:
model name	: Intel(R) Core(TM) i7-4500U CPU @ 1.80GHz
flags		: fpu vme de pse tsc msr pae mce cx8 apic sep mtrr pge mca cmov pat pse36 clflush dts acpi mmx fxsr sse sse2 ss ht tm pbe syscall nx pdpe1gb rdtscp lm constant_tsc arch_perfmon pebs bts rep_good nopl xtopology nonstop_tsc cpuid aperfmperf pni pclmulqdq dtes64 monitor ds_cpl vmx est tm2 ssse3 sdbg fma cx16 xtpr pdcm pcid sse4_1 sse4_2 movbe popcnt tsc_deadline_timer aes xsave avx f16c rdrand lahf_lm abm cpuid_fault epb invpcid_single pti ssbd ibrs ibpb stibp tpr_shadow vnmi flexpriority ept vpid fsgsbase tsc_adjust bmi1 avx2 smep bmi2 erms invpcid xsaveopt dtherm ida arat pln pts flush_l1d

Memory: 4k page, physical 3943748k(117488k free), swap 999420k(614064k free)

vm_info: OpenJDK 64-Bit Server VM (10.0.2+13-Ubuntu-1ubuntu0.18.04.4) for linux-amd64 JRE (10.0.2+13-Ubuntu-1ubuntu0.18.04.4), built on Nov 13 2018 12:53:39 by "buildd" with gcc 7.3.0

END.
