#
# There is insufficient memory for the Java Runtime Environment to continue.
# Native memory allocation (mmap) failed to map 3221225472 bytes for committing reserved memory.
# Possible reasons:
#   The system is out of physical RAM or swap space
#   The process is running with CompressedOops enabled, and the Java Heap may be blocking the growth of the native heap
# Possible solutions:
#   Reduce memory load on the system
#   Increase physical memory or swap space
#   Check if swap backing store is full
#   Decrease Java heap size (-Xmx/-Xms)
#   Decrease number of Java threads
#   Decrease Java thread stack sizes (-Xss)
#   Set larger code cache with -XX:ReservedCodeCacheSize=
# This output file may be truncated or incomplete.
#
#  Out of Memory Error (os_linux.cpp:2706), pid=6230, tid=6231
#
# JRE version:  (10.0.2+13) (build )
# Java VM: OpenJDK 64-Bit Server VM (10.0.2+13-Ubuntu-1ubuntu0.18.04.4, mixed mode, aot, tiered, compressed oops, g1 gc, linux-amd64)
# Core dump will be written. Default location: Core dumps may be processed with "/usr/share/apport/apport %p %s %c %d %P" (or dumping to /opt/forno/minecraft/core.6230)
#

---------------  S U M M A R Y ------------

Command Line: -Xms3g -Xmx3g server.jar nogui

Host: Intel(R) Core(TM) i7-4500U CPU @ 1.80GHz, 4 cores, 3G, Ubuntu 18.04.2 LTS
Time: Thu Mar 21 02:27:56 2019 JST elapsed time: 0 seconds (0d 0h 0m 0s)

---------------  T H R E A D  ---------------

Current thread (0x00007f7ff8011000):  JavaThread "Unknown thread" [_thread_in_vm, id=6231, stack(0x00007f800040f000,0x00007f8000510000)]

Stack: [0x00007f800040f000,0x00007f8000510000],  sp=0x00007f800050e2e0,  free space=1020k
Native frames: (J=compiled Java code, A=aot compiled Java code, j=interpreted, Vv=VM code, C=native code)
V  [libjvm.so+0xd27ea4]
V  [libjvm.so+0xd28a4b]
V  [libjvm.so+0x64d415]
V  [libjvm.so+0xb2d7c8]
V  [libjvm.so+0xb2601d]
V  [libjvm.so+0x7662ff]
V  [libjvm.so+0x76653e]
V  [libjvm.so+0x769500]
V  [libjvm.so+0x7efa1c]
V  [libjvm.so+0x7f06df]
V  [libjvm.so+0x7f0b59]
V  [libjvm.so+0x7162cf]
V  [libjvm.so+0x71afd3]
V  [libjvm.so+0xce5dc2]
V  [libjvm.so+0xce60c6]
V  [libjvm.so+0x807d57]
V  [libjvm.so+0xcc7ac4]
V  [libjvm.so+0x8601b1]  JNI_CreateJavaVM+0x51
C  [libjli.so+0x3d83]
C  [libjli.so+0x89dd]
C  [libpthread.so.0+0x76db]  start_thread+0xdb


---------------  P R O C E S S  ---------------

Threads class SMR info:
_java_thread_list=0x000055a6d42c46b0, length=0, elements={
}

Java Threads: ( => current thread )

Other Threads:
  0x00007f7ff8028000 GCTaskThread "GC Thread#0" [stack: 0x00007f7ffc538000,0x00007f7ffc638000] [id=6232]
  0x00007f7ff8029000 GCTaskThread "GC Thread#1" [stack: 0x00007f7ffc436000,0x00007f7ffc536000] [id=6233]
  0x00007f7ff802b000 GCTaskThread "GC Thread#2" [stack: 0x00007f7ffc334000,0x00007f7ffc434000] [id=6234]
  0x00007f7ff802c800 GCTaskThread "GC Thread#3" [stack: 0x00007f7ffc232000,0x00007f7ffc332000] [id=6235]
  0x00007f7ff806a000 ConcurrentGCThread "G1 Main Marker" [stack: 0x00007f7fde563000,0x00007f7fde663000] [id=6236]
  0x00007f7ff806c000 ConcurrentGCThread "G1 Conc#0" [stack: 0x00007f7fde461000,0x00007f7fde561000] [id=6237]

[error occurred during error reporting (printing all threads), id 0xe0000002]

VM state:not at safepoint (not fully initialized)

VM Mutex/Monitor currently owned by a thread:  ([mutex/lock_event])
[0x00007f7ff800df30] Heap_lock - owner thread: 0x00007f7ff8011000

Heap address: 0x0000000700000000, size: 3072 MB, Compressed Oops mode: Non-zero based: 0x0000000700000000
Narrow klass base: 0x0000000000000000, Narrow klass shift: 0

GC Heap History (0 events):
No events

Deoptimization events (0 events):
No events

Classes redefined (0 events):
No events

Internal exceptions (0 events):
No events

Events (0 events):
No events


Dynamic libraries:
55a6d219b000-55a6d219c000 r-xp 00000000 fd:00 20185882                   /usr/lib/jvm/java-11-openjdk-amd64/bin/java
55a6d239c000-55a6d239d000 r--p 00001000 fd:00 20185882                   /usr/lib/jvm/java-11-openjdk-amd64/bin/java
55a6d239d000-55a6d239e000 rw-p 00002000 fd:00 20185882                   /usr/lib/jvm/java-11-openjdk-amd64/bin/java
55a6d42ad000-55a6d42ce000 rw-p 00000000 00:00 0                          [heap]
7f7fb8000000-7f7fb8021000 rw-p 00000000 00:00 0 
7f7fb8021000-7f7fbc000000 ---p 00000000 00:00 0 
7f7fc0000000-7f7fc0021000 rw-p 00000000 00:00 0 
7f7fc0021000-7f7fc4000000 ---p 00000000 00:00 0 
7f7fc5000000-7f7fc8000000 ---p 00000000 00:00 0 
7f7fc8000000-7f7fc8021000 rw-p 00000000 00:00 0 
7f7fc8021000-7f7fcc000000 ---p 00000000 00:00 0 
7f7fcd000000-7f7fd0000000 ---p 00000000 00:00 0 
7f7fd0000000-7f7fd0021000 rw-p 00000000 00:00 0 
7f7fd0021000-7f7fd4000000 ---p 00000000 00:00 0 
7f7fd4000000-7f7fd4021000 rw-p 00000000 00:00 0 
7f7fd4021000-7f7fd8000000 ---p 00000000 00:00 0 
7f7fd8000000-7f7fd8021000 rw-p 00000000 00:00 0 
7f7fd8021000-7f7fdc000000 ---p 00000000 00:00 0 
7f7fdc05b000-7f7fde45f000 rw-p 00000000 00:00 0 
7f7fde45f000-7f7fde460000 ---p 00000000 00:00 0 
7f7fde460000-7f7fde561000 rw-p 00000000 00:00 0 
7f7fde561000-7f7fde562000 ---p 00000000 00:00 0 
7f7fde562000-7f7fde723000 rw-p 00000000 00:00 0 
7f7fde723000-7f7fdf923000 ---p 00000000 00:00 0 
7f7fdf923000-7f7fdfb25000 rw-p 00000000 00:00 0 
7f7fdfb25000-7f7fdfd95000 rwxp 00000000 00:00 0 
7f7fdfd95000-7f7fe00b5000 ---p 00000000 00:00 0 
7f7fe00b5000-7f7fe0325000 rwxp 00000000 00:00 0 
7f7fe0325000-7f7fe75ed000 ---p 00000000 00:00 0 
7f7fe75ed000-7f7fe785d000 rwxp 00000000 00:00 0 
7f7fe785d000-7f7feeb25000 ---p 00000000 00:00 0 
7f7feeb25000-7f7ff8000000 r--s 00000000 fd:00 20186057                   /usr/lib/jvm/java-11-openjdk-amd64/lib/modules
7f7ff8000000-7f7ff8083000 rw-p 00000000 00:00 0 
7f7ff8083000-7f7ffc000000 ---p 00000000 00:00 0 
7f7ffc02e000-7f7ffc230000 rw-p 00000000 00:00 0 
7f7ffc230000-7f7ffc231000 ---p 00000000 00:00 0 
7f7ffc231000-7f7ffc332000 rw-p 00000000 00:00 0 
7f7ffc332000-7f7ffc333000 ---p 00000000 00:00 0 
7f7ffc333000-7f7ffc434000 rw-p 00000000 00:00 0 
7f7ffc434000-7f7ffc435000 ---p 00000000 00:00 0 
7f7ffc435000-7f7ffc536000 rw-p 00000000 00:00 0 
7f7ffc536000-7f7ffc537000 ---p 00000000 00:00 0 
7f7ffc537000-7f7ffc63d000 rw-p 00000000 00:00 0 
7f7ffc63d000-7f7ffc723000 ---p 00000000 00:00 0 
7f7ffc723000-7f7ffc728000 rw-p 00000000 00:00 0 
7f7ffc728000-7f7ffc80e000 ---p 00000000 00:00 0 
7f7ffc80e000-7f7ffc813000 r-xp 00000000 fd:00 20186039                   /usr/lib/jvm/java-11-openjdk-amd64/lib/libjimage.so
7f7ffc813000-7f7ffca12000 ---p 00005000 fd:00 20186039                   /usr/lib/jvm/java-11-openjdk-amd64/lib/libjimage.so
7f7ffca12000-7f7ffca13000 r--p 00004000 fd:00 20186039                   /usr/lib/jvm/java-11-openjdk-amd64/lib/libjimage.so
7f7ffca13000-7f7ffca14000 rw-p 00005000 fd:00 20186039                   /usr/lib/jvm/java-11-openjdk-amd64/lib/libjimage.so
7f7ffca14000-7f7ffca1b000 r-xp 00000000 fd:00 20186056                   /usr/lib/jvm/java-11-openjdk-amd64/lib/libzip.so
7f7ffca1b000-7f7ffcc1a000 ---p 00007000 fd:00 20186056                   /usr/lib/jvm/java-11-openjdk-amd64/lib/libzip.so
7f7ffcc1a000-7f7ffcc1b000 r--p 00006000 fd:00 20186056                   /usr/lib/jvm/java-11-openjdk-amd64/lib/libzip.so
7f7ffcc1b000-7f7ffcc1c000 rw-p 00007000 fd:00 20186056                   /usr/lib/jvm/java-11-openjdk-amd64/lib/libzip.so
7f7ffcc1c000-7f7ffcc27000 r-xp 00000000 fd:00 44176093                   /lib/x86_64-linux-gnu/libnss_files-2.27.so
7f7ffcc27000-7f7ffce26000 ---p 0000b000 fd:00 44176093                   /lib/x86_64-linux-gnu/libnss_files-2.27.so
7f7ffce26000-7f7ffce27000 r--p 0000a000 fd:00 44176093                   /lib/x86_64-linux-gnu/libnss_files-2.27.so
7f7ffce27000-7f7ffce28000 rw-p 0000b000 fd:00 44176093                   /lib/x86_64-linux-gnu/libnss_files-2.27.so
7f7ffce28000-7f7ffce2e000 rw-p 00000000 00:00 0 
7f7ffce2e000-7f7ffce45000 r-xp 00000000 fd:00 44176087                   /lib/x86_64-linux-gnu/libnsl-2.27.so
7f7ffce45000-7f7ffd044000 ---p 00017000 fd:00 44176087                   /lib/x86_64-linux-gnu/libnsl-2.27.so
7f7ffd044000-7f7ffd045000 r--p 00016000 fd:00 44176087                   /lib/x86_64-linux-gnu/libnsl-2.27.so
7f7ffd045000-7f7ffd046000 rw-p 00017000 fd:00 44176087                   /lib/x86_64-linux-gnu/libnsl-2.27.so
7f7ffd046000-7f7ffd048000 rw-p 00000000 00:00 0 
7f7ffd048000-7f7ffd053000 r-xp 00000000 fd:00 44176104                   /lib/x86_64-linux-gnu/libnss_nis-2.27.so
7f7ffd053000-7f7ffd252000 ---p 0000b000 fd:00 44176104                   /lib/x86_64-linux-gnu/libnss_nis-2.27.so
7f7ffd252000-7f7ffd253000 r--p 0000a000 fd:00 44176104                   /lib/x86_64-linux-gnu/libnss_nis-2.27.so
7f7ffd253000-7f7ffd254000 rw-p 0000b000 fd:00 44176104                   /lib/x86_64-linux-gnu/libnss_nis-2.27.so
7f7ffd254000-7f7ffd25c000 r-xp 00000000 fd:00 44176089                   /lib/x86_64-linux-gnu/libnss_compat-2.27.so
7f7ffd25c000-7f7ffd45c000 ---p 00008000 fd:00 44176089                   /lib/x86_64-linux-gnu/libnss_compat-2.27.so
7f7ffd45c000-7f7ffd45d000 r--p 00008000 fd:00 44176089                   /lib/x86_64-linux-gnu/libnss_compat-2.27.so
7f7ffd45d000-7f7ffd45e000 rw-p 00009000 fd:00 44176089                   /lib/x86_64-linux-gnu/libnss_compat-2.27.so
7f7ffd45e000-7f7ffd48a000 r-xp 00000000 fd:00 20186035                   /usr/lib/jvm/java-11-openjdk-amd64/lib/libjava.so
7f7ffd48a000-7f7ffd689000 ---p 0002c000 fd:00 20186035                   /usr/lib/jvm/java-11-openjdk-amd64/lib/libjava.so
7f7ffd689000-7f7ffd68a000 r--p 0002b000 fd:00 20186035                   /usr/lib/jvm/java-11-openjdk-amd64/lib/libjava.so
7f7ffd68a000-7f7ffd68c000 rw-p 0002c000 fd:00 20186035                   /usr/lib/jvm/java-11-openjdk-amd64/lib/libjava.so
7f7ffd68c000-7f7ffd699000 r-xp 00000000 fd:00 20186055                   /usr/lib/jvm/java-11-openjdk-amd64/lib/libverify.so
7f7ffd699000-7f7ffd898000 ---p 0000d000 fd:00 20186055                   /usr/lib/jvm/java-11-openjdk-amd64/lib/libverify.so
7f7ffd898000-7f7ffd89a000 r--p 0000c000 fd:00 20186055                   /usr/lib/jvm/java-11-openjdk-amd64/lib/libverify.so
7f7ffd89a000-7f7ffd89b000 rw-p 0000e000 fd:00 20186055                   /usr/lib/jvm/java-11-openjdk-amd64/lib/libverify.so
7f7ffd89b000-7f7ffd8a2000 r-xp 00000000 fd:00 44176144                   /lib/x86_64-linux-gnu/librt-2.27.so
7f7ffd8a2000-7f7ffdaa1000 ---p 00007000 fd:00 44176144                   /lib/x86_64-linux-gnu/librt-2.27.so
7f7ffdaa1000-7f7ffdaa2000 r--p 00006000 fd:00 44176144                   /lib/x86_64-linux-gnu/librt-2.27.so
7f7ffdaa2000-7f7ffdaa3000 rw-p 00007000 fd:00 44176144                   /lib/x86_64-linux-gnu/librt-2.27.so
7f7ffdaa3000-7f7ffdaba000 r-xp 00000000 fd:00 44175907                   /lib/x86_64-linux-gnu/libgcc_s.so.1
7f7ffdaba000-7f7ffdcb9000 ---p 00017000 fd:00 44175907                   /lib/x86_64-linux-gnu/libgcc_s.so.1
7f7ffdcb9000-7f7ffdcba000 r--p 00016000 fd:00 44175907                   /lib/x86_64-linux-gnu/libgcc_s.so.1
7f7ffdcba000-7f7ffdcbb000 rw-p 00017000 fd:00 44175907                   /lib/x86_64-linux-gnu/libgcc_s.so.1
7f7ffdcbb000-7f7ffde58000 r-xp 00000000 fd:00 44176066                   /lib/x86_64-linux-gnu/libm-2.27.so
7f7ffde58000-7f7ffe057000 ---p 0019d000 fd:00 44176066                   /lib/x86_64-linux-gnu/libm-2.27.so
7f7ffe057000-7f7ffe058000 r--p 0019c000 fd:00 44176066                   /lib/x86_64-linux-gnu/libm-2.27.so
7f7ffe058000-7f7ffe059000 rw-p 0019d000 fd:00 44176066                   /lib/x86_64-linux-gnu/libm-2.27.so
7f7ffe059000-7f7ffe1d2000 r-xp 00000000 fd:00 18090134                   /usr/lib/x86_64-linux-gnu/libstdc++.so.6.0.25
7f7ffe1d2000-7f7ffe3d2000 ---p 00179000 fd:00 18090134                   /usr/lib/x86_64-linux-gnu/libstdc++.so.6.0.25
7f7ffe3d2000-7f7ffe3dc000 r--p 00179000 fd:00 18090134                   /usr/lib/x86_64-linux-gnu/libstdc++.so.6.0.25
7f7ffe3dc000-7f7ffe3de000 rw-p 00183000 fd:00 18090134                   /usr/lib/x86_64-linux-gnu/libstdc++.so.6.0.25
7f7ffe3de000-7f7ffe3e2000 rw-p 00000000 00:00 0 
7f7ffe3e2000-7f7fff37f000 r-xp 00000000 fd:00 20186062                   /usr/lib/jvm/java-11-openjdk-amd64/lib/server/libjvm.so
7f7fff37f000-7f7fff57f000 ---p 00f9d000 fd:00 20186062                   /usr/lib/jvm/java-11-openjdk-amd64/lib/server/libjvm.so
7f7fff57f000-7f7fff643000 r--p 00f9d000 fd:00 20186062                   /usr/lib/jvm/java-11-openjdk-amd64/lib/server/libjvm.so
7f7fff643000-7f7fff67b000 rw-p 01061000 fd:00 20186062                   /usr/lib/jvm/java-11-openjdk-amd64/lib/server/libjvm.so
7f7fff67b000-7f7fff6c4000 rw-p 00000000 00:00 0 
7f7fff6c4000-7f7fff6de000 r-xp 00000000 fd:00 44176136                   /lib/x86_64-linux-gnu/libpthread-2.27.so
7f7fff6de000-7f7fff8dd000 ---p 0001a000 fd:00 44176136                   /lib/x86_64-linux-gnu/libpthread-2.27.so
7f7fff8dd000-7f7fff8de000 r--p 00019000 fd:00 44176136                   /lib/x86_64-linux-gnu/libpthread-2.27.so
7f7fff8de000-7f7fff8df000 rw-p 0001a000 fd:00 44176136                   /lib/x86_64-linux-gnu/libpthread-2.27.so
7f7fff8df000-7f7fff8e3000 rw-p 00000000 00:00 0 
7f7fff8e3000-7f7fff8e6000 r-xp 00000000 fd:00 44176026                   /lib/x86_64-linux-gnu/libdl-2.27.so
7f7fff8e6000-7f7fffae5000 ---p 00003000 fd:00 44176026                   /lib/x86_64-linux-gnu/libdl-2.27.so
7f7fffae5000-7f7fffae6000 r--p 00002000 fd:00 44176026                   /lib/x86_64-linux-gnu/libdl-2.27.so
7f7fffae6000-7f7fffae7000 rw-p 00003000 fd:00 44176026                   /lib/x86_64-linux-gnu/libdl-2.27.so
7f7fffae7000-7f7fffb03000 r-xp 00000000 fd:00 44176175                   /lib/x86_64-linux-gnu/libz.so.1.2.11
7f7fffb03000-7f7fffd02000 ---p 0001c000 fd:00 44176175                   /lib/x86_64-linux-gnu/libz.so.1.2.11
7f7fffd02000-7f7fffd03000 r--p 0001b000 fd:00 44176175                   /lib/x86_64-linux-gnu/libz.so.1.2.11
7f7fffd03000-7f7fffd04000 rw-p 0001c000 fd:00 44176175                   /lib/x86_64-linux-gnu/libz.so.1.2.11
7f7fffd04000-7f7fffeeb000 r-xp 00000000 fd:00 44176003                   /lib/x86_64-linux-gnu/libc-2.27.so
7f7fffeeb000-7f80000eb000 ---p 001e7000 fd:00 44176003                   /lib/x86_64-linux-gnu/libc-2.27.so
7f80000eb000-7f80000ef000 r--p 001e7000 fd:00 44176003                   /lib/x86_64-linux-gnu/libc-2.27.so
7f80000ef000-7f80000f1000 rw-p 001eb000 fd:00 44176003                   /lib/x86_64-linux-gnu/libc-2.27.so
7f80000f1000-7f80000f5000 rw-p 00000000 00:00 0 
7f80000f5000-7f8000104000 r-xp 00000000 fd:00 20186020                   /usr/lib/jvm/java-11-openjdk-amd64/lib/jli/libjli.so
7f8000104000-7f8000303000 ---p 0000f000 fd:00 20186020                   /usr/lib/jvm/java-11-openjdk-amd64/lib/jli/libjli.so
7f8000303000-7f8000304000 r--p 0000e000 fd:00 20186020                   /usr/lib/jvm/java-11-openjdk-amd64/lib/jli/libjli.so
7f8000304000-7f8000305000 rw-p 0000f000 fd:00 20186020                   /usr/lib/jvm/java-11-openjdk-amd64/lib/jli/libjli.so
7f8000305000-7f800032c000 r-xp 00000000 fd:00 44175975                   /lib/x86_64-linux-gnu/ld-2.27.so
7f80003a8000-7f800040f000 rw-p 00000000 00:00 0 
7f800040f000-7f8000413000 ---p 00000000 00:00 0 
7f8000413000-7f8000512000 rw-p 00000000 00:00 0 
7f8000513000-7f8000519000 rw-p 00000000 00:00 0 
7f8000519000-7f8000520000 ---p 00000000 00:00 0 
7f8000520000-7f8000528000 rw-s 00000000 fd:00 16121869                   /tmp/hsperfdata_minecraft/6230
7f8000528000-7f8000529000 ---p 00000000 00:00 0 
7f8000529000-7f800052a000 r--p 00000000 00:00 0 
7f800052a000-7f800052c000 rw-p 00000000 00:00 0 
7f800052c000-7f800052d000 r--p 00027000 fd:00 44175975                   /lib/x86_64-linux-gnu/ld-2.27.so
7f800052d000-7f800052e000 rw-p 00028000 fd:00 44175975                   /lib/x86_64-linux-gnu/ld-2.27.so
7f800052e000-7f800052f000 rw-p 00000000 00:00 0 
7fffcd3b2000-7fffcd3d3000 rw-p 00000000 00:00 0                          [stack]
7fffcd3da000-7fffcd3dd000 r--p 00000000 00:00 0                          [vvar]
7fffcd3dd000-7fffcd3df000 r-xp 00000000 00:00 0                          [vdso]
ffffffffff600000-ffffffffff601000 r-xp 00000000 00:00 0                  [vsyscall]


VM Arguments:
jvm_args: -Xms3g -Xmx3g 
java_command: server.jar nogui
java_class_path (initial): server.jar
Launcher Type: SUN_STANDARD

Logging:
Log output configuration:
#0: stdout all=warning uptime,level,tags
#1: stderr all=off uptime,level,tags

Environment Variables:
PATH=/usr/local/sbin:/usr/local/bin:/usr/sbin:/usr/bin:/sbin:/bin
SHELL=/bin/sh

Signal Handlers:
SIGSEGV: [libjvm.so+0xd28b70], sa_mask[0]=11111111011111111101111111111110, sa_flags=SA_RESTART|SA_SIGINFO
SIGBUS: [libjvm.so+0xd28b70], sa_mask[0]=11111111011111111101111111111110, sa_flags=SA_RESTART|SA_SIGINFO
SIGFPE: [libjvm.so+0xd28b70], sa_mask[0]=11111111011111111101111111111110, sa_flags=SA_RESTART|SA_SIGINFO
SIGPIPE: [libjvm.so+0xb2a1f0], sa_mask[0]=11111111011111111101111111111110, sa_flags=SA_RESTART|SA_SIGINFO
SIGXFSZ: [libjvm.so+0xb2a1f0], sa_mask[0]=11111111011111111101111111111110, sa_flags=SA_RESTART|SA_SIGINFO
SIGILL: [libjvm.so+0xd28b70], sa_mask[0]=11111111011111111101111111111110, sa_flags=SA_RESTART|SA_SIGINFO
SIGUSR2: [libjvm.so+0xb2a030], sa_mask[0]=00000000000000000000000000000000, sa_flags=SA_RESTART|SA_SIGINFO
SIGHUP: SIG_DFL, sa_mask[0]=00000000000000000000000000000000, sa_flags=none
SIGINT: SIG_DFL, sa_mask[0]=00000000000000000000000000000000, sa_flags=none
SIGTERM: SIG_DFL, sa_mask[0]=00000000000000000000000000000000, sa_flags=none
SIGQUIT: SIG_DFL, sa_mask[0]=00000000000000000000000000000000, sa_flags=none


---------------  S Y S T E M  ---------------

OS:DISTRIB_ID=Ubuntu
DISTRIB_RELEASE=18.04
DISTRIB_CODENAME=bionic
DISTRIB_DESCRIPTION="Ubuntu 18.04.2 LTS"
uname:Linux 4.15.0-46-generic #49-Ubuntu SMP Wed Feb 6 09:33:07 UTC 2019 x86_64
libc:glibc 2.27 NPTL 2.27 
rlimit: STACK 8192k, CORE 0k, NPROC 15099, NOFILE 4096, AS infinity, DATA infinity, FSIZE infinity
load average:1.73 1.46 1.43

/proc/meminfo:
MemTotal:        3943748 kB
MemFree:         1885900 kB
MemAvailable:    2002056 kB
Buffers:           12896 kB
Cached:           319540 kB
SwapCached:         1412 kB
Active:          1401360 kB
Inactive:         497540 kB
Active(anon):    1302780 kB
Inactive(anon):   293812 kB
Active(file):      98580 kB
Inactive(file):   203728 kB
Unevictable:           0 kB
Mlocked:               0 kB
SwapTotal:        999420 kB
SwapFree:         552368 kB
Dirty:              4416 kB
Writeback:             0 kB
AnonPages:       1565216 kB
Mapped:           126836 kB
Shmem:             30128 kB
Slab:              74220 kB
SReclaimable:      33232 kB
SUnreclaim:        40988 kB
KernelStack:        5968 kB
PageTables:        21924 kB
NFS_Unstable:          0 kB
Bounce:                0 kB
WritebackTmp:          0 kB
CommitLimit:     2971292 kB
Committed_AS:    2979236 kB
VmallocTotal:   34359738367 kB
VmallocUsed:           0 kB
VmallocChunk:          0 kB
HardwareCorrupted:     0 kB
AnonHugePages:         0 kB
ShmemHugePages:        0 kB
ShmemPmdMapped:        0 kB
CmaTotal:              0 kB
CmaFree:               0 kB
HugePages_Total:       0
HugePages_Free:        0
HugePages_Rsvd:        0
HugePages_Surp:        0
Hugepagesize:       2048 kB
DirectMap4k:      152176 kB
DirectMap2M:     3946496 kB
DirectMap1G:           0 kB

container (cgroup) information:
container_type: cgroupv1
cpu_cpuset_cpus: 0-3
cpu_memory_nodes: 0
active_processor_count: 4
cpu_quota: -1
cpu_period: 100000
cpu_shares: -1
memory_limit_in_bytes: -1
memory_and_swap_limit_in_bytes: -2
memory_soft_limit_in_bytes: -1
memory_usage_in_bytes: 1944150016
memory_max_usage_in_bytes: 2048000


CPU:total 4 (initial active 4) (2 cores per cpu, 2 threads per core) family 6 model 69 stepping 1, cmov, cx8, fxsr, mmx, sse, sse2, sse3, ssse3, sse4.1, sse4.2, popcnt, avx, avx2, aes, clmul, erms, lzcnt, ht, tsc, tscinvbit, bmi1, bmi2, fma
CPU Model and flags from /proc/cpuinfo:
model name	: Intel(R) Core(TM) i7-4500U CPU @ 1.80GHz
flags		: fpu vme de pse tsc msr pae mce cx8 apic sep mtrr pge mca cmov pat pse36 clflush dts acpi mmx fxsr sse sse2 ss ht tm pbe syscall nx pdpe1gb rdtscp lm constant_tsc arch_perfmon pebs bts rep_good nopl xtopology nonstop_tsc cpuid aperfmperf pni pclmulqdq dtes64 monitor ds_cpl vmx est tm2 ssse3 sdbg fma cx16 xtpr pdcm pcid sse4_1 sse4_2 movbe popcnt tsc_deadline_timer aes xsave avx f16c rdrand lahf_lm abm cpuid_fault epb invpcid_single pti ssbd ibrs ibpb stibp tpr_shadow vnmi flexpriority ept vpid fsgsbase tsc_adjust bmi1 avx2 smep bmi2 erms invpcid xsaveopt dtherm ida arat pln pts flush_l1d

Memory: 4k page, physical 3943748k(1885900k free), swap 999420k(552368k free)

vm_info: OpenJDK 64-Bit Server VM (10.0.2+13-Ubuntu-1ubuntu0.18.04.4) for linux-amd64 JRE (10.0.2+13-Ubuntu-1ubuntu0.18.04.4), built on Nov 13 2018 12:53:39 by "buildd" with gcc 7.3.0

END.
