#
# There is insufficient memory for the Java Runtime Environment to continue.
# Native memory allocation (mmap) failed to map 3221225472 bytes for committing reserved memory.
# Possible reasons:
#   The system is out of physical RAM or swap space
#   The process is running with CompressedOops enabled, and the Java Heap may be blocking the growth of the native heap
# Possible solutions:
#   Reduce memory load on the system
#   Increase physical memory or swap space
#   Check if swap backing store is full
#   Decrease Java heap size (-Xmx/-Xms)
#   Decrease number of Java threads
#   Decrease Java thread stack sizes (-Xss)
#   Set larger code cache with -XX:ReservedCodeCacheSize=
# This output file may be truncated or incomplete.
#
#  Out of Memory Error (os_linux.cpp:2706), pid=9175, tid=9177
#
# JRE version:  (10.0.2+13) (build )
# Java VM: OpenJDK 64-Bit Server VM (10.0.2+13-Ubuntu-1ubuntu0.18.04.4, mixed mode, aot, tiered, compressed oops, g1 gc, linux-amd64)
# Core dump will be written. Default location: Core dumps may be processed with "/usr/share/apport/apport %p %s %c %d %P" (or dumping to /opt/forno/minecraft/core.9175)
#

---------------  S U M M A R Y ------------

Command Line: -Xms3g -Xmx3g server.jar nogui

Host: Intel(R) Core(TM) i7-4500U CPU @ 1.80GHz, 4 cores, 3G, Ubuntu 18.04.2 LTS
Time: Thu Mar 21 09:24:40 2019 JST elapsed time: 0 seconds (0d 0h 0m 0s)

---------------  T H R E A D  ---------------

Current thread (0x00007f09ec011000):  JavaThread "Unknown thread" [_thread_in_vm, id=9177, stack(0x00007f09f65a8000,0x00007f09f66a9000)]

Stack: [0x00007f09f65a8000,0x00007f09f66a9000],  sp=0x00007f09f66a72e0,  free space=1020k
Native frames: (J=compiled Java code, A=aot compiled Java code, j=interpreted, Vv=VM code, C=native code)
V  [libjvm.so+0xd27ea4]
V  [libjvm.so+0xd28a4b]
V  [libjvm.so+0x64d415]
V  [libjvm.so+0xb2d7c8]
V  [libjvm.so+0xb2601d]
V  [libjvm.so+0x7662ff]
V  [libjvm.so+0x76653e]
V  [libjvm.so+0x769500]
V  [libjvm.so+0x7efa1c]
V  [libjvm.so+0x7f06df]
V  [libjvm.so+0x7f0b59]
V  [libjvm.so+0x7162cf]
V  [libjvm.so+0x71afd3]
V  [libjvm.so+0xce5dc2]
V  [libjvm.so+0xce60c6]
V  [libjvm.so+0x807d57]
V  [libjvm.so+0xcc7ac4]
V  [libjvm.so+0x8601b1]  JNI_CreateJavaVM+0x51
C  [libjli.so+0x3d83]
C  [libjli.so+0x89dd]
C  [libpthread.so.0+0x76db]  start_thread+0xdb


---------------  P R O C E S S  ---------------

Threads class SMR info:
_java_thread_list=0x000056320dcee6b0, length=0, elements={
}

Java Threads: ( => current thread )

Other Threads:
  0x00007f09ec028000 GCTaskThread "GC Thread#0" [stack: 0x00007f09f26d1000,0x00007f09f27d1000] [id=9178]
  0x00007f09ec029000 GCTaskThread "GC Thread#1" [stack: 0x00007f09f25cf000,0x00007f09f26cf000] [id=9179]
  0x00007f09ec02b000 GCTaskThread "GC Thread#2" [stack: 0x00007f09f24cd000,0x00007f09f25cd000] [id=9180]
  0x00007f09ec02c800 GCTaskThread "GC Thread#3" [stack: 0x00007f09f23cb000,0x00007f09f24cb000] [id=9181]
  0x00007f09ec06a000 ConcurrentGCThread "G1 Main Marker" [stack: 0x00007f09f0c05000,0x00007f09f0d05000] [id=9182]
  0x00007f09ec06c000 ConcurrentGCThread "G1 Conc#0" [stack: 0x00007f09f0b03000,0x00007f09f0c03000] [id=9183]

[error occurred during error reporting (printing all threads), id 0xe0000002]

VM state:not at safepoint (not fully initialized)

VM Mutex/Monitor currently owned by a thread:  ([mutex/lock_event])
[0x00007f09ec00df30] Heap_lock - owner thread: 0x00007f09ec011000

Heap address: 0x0000000700000000, size: 3072 MB, Compressed Oops mode: Non-zero based: 0x0000000700000000
Narrow klass base: 0x0000000000000000, Narrow klass shift: 0

GC Heap History (0 events):
No events

Deoptimization events (0 events):
No events

Classes redefined (0 events):
No events

Internal exceptions (0 events):
No events

Events (0 events):
No events


Dynamic libraries:
56320cee7000-56320cee8000 r-xp 00000000 fd:00 20185882                   /usr/lib/jvm/java-11-openjdk-amd64/bin/java
56320d0e8000-56320d0e9000 r--p 00001000 fd:00 20185882                   /usr/lib/jvm/java-11-openjdk-amd64/bin/java
56320d0e9000-56320d0ea000 rw-p 00002000 fd:00 20185882                   /usr/lib/jvm/java-11-openjdk-amd64/bin/java
56320dcd7000-56320dcf8000 rw-p 00000000 00:00 0                          [heap]
7f09b0000000-7f09b0021000 rw-p 00000000 00:00 0 
7f09b0021000-7f09b4000000 ---p 00000000 00:00 0 
7f09b6000000-7f09b8000000 rw-p 00000000 00:00 0 
7f09b8000000-7f09b8021000 rw-p 00000000 00:00 0 
7f09b8021000-7f09bc000000 ---p 00000000 00:00 0 
7f09bc000000-7f09bc021000 rw-p 00000000 00:00 0 
7f09bc021000-7f09c0000000 ---p 00000000 00:00 0 
7f09c1000000-7f09c4000000 ---p 00000000 00:00 0 
7f09c4000000-7f09c4021000 rw-p 00000000 00:00 0 
7f09c4021000-7f09c8000000 ---p 00000000 00:00 0 
7f09c8000000-7f09c8021000 rw-p 00000000 00:00 0 
7f09c8021000-7f09cc000000 ---p 00000000 00:00 0 
7f09cc000000-7f09cc021000 rw-p 00000000 00:00 0 
7f09cc021000-7f09d0000000 ---p 00000000 00:00 0 
7f09d0b25000-7f09d3b25000 ---p 00000000 00:00 0 
7f09d3b25000-7f09d3d95000 rwxp 00000000 00:00 0 
7f09d3d95000-7f09d40b5000 ---p 00000000 00:00 0 
7f09d40b5000-7f09d4325000 rwxp 00000000 00:00 0 
7f09d4325000-7f09db5ed000 ---p 00000000 00:00 0 
7f09db5ed000-7f09db85d000 rwxp 00000000 00:00 0 
7f09db85d000-7f09e2b25000 ---p 00000000 00:00 0 
7f09e2b25000-7f09ec000000 r--s 00000000 fd:00 20186057                   /usr/lib/jvm/java-11-openjdk-amd64/lib/modules
7f09ec000000-7f09ec083000 rw-p 00000000 00:00 0 
7f09ec083000-7f09f0000000 ---p 00000000 00:00 0 
7f09f06fd000-7f09f0b01000 rw-p 00000000 00:00 0 
7f09f0b01000-7f09f0b02000 ---p 00000000 00:00 0 
7f09f0b02000-7f09f0c03000 rw-p 00000000 00:00 0 
7f09f0c03000-7f09f0c04000 ---p 00000000 00:00 0 
7f09f0c04000-7f09f0dc5000 rw-p 00000000 00:00 0 
7f09f0dc5000-7f09f1fc5000 ---p 00000000 00:00 0 
7f09f1fc5000-7f09f23c9000 rw-p 00000000 00:00 0 
7f09f23c9000-7f09f23ca000 ---p 00000000 00:00 0 
7f09f23ca000-7f09f24cb000 rw-p 00000000 00:00 0 
7f09f24cb000-7f09f24cc000 ---p 00000000 00:00 0 
7f09f24cc000-7f09f25cd000 rw-p 00000000 00:00 0 
7f09f25cd000-7f09f25ce000 ---p 00000000 00:00 0 
7f09f25ce000-7f09f26cf000 rw-p 00000000 00:00 0 
7f09f26cf000-7f09f26d0000 ---p 00000000 00:00 0 
7f09f26d0000-7f09f27d6000 rw-p 00000000 00:00 0 
7f09f27d6000-7f09f28bc000 ---p 00000000 00:00 0 
7f09f28bc000-7f09f28c1000 rw-p 00000000 00:00 0 
7f09f28c1000-7f09f29a7000 ---p 00000000 00:00 0 
7f09f29a7000-7f09f29ac000 r-xp 00000000 fd:00 20186039                   /usr/lib/jvm/java-11-openjdk-amd64/lib/libjimage.so
7f09f29ac000-7f09f2bab000 ---p 00005000 fd:00 20186039                   /usr/lib/jvm/java-11-openjdk-amd64/lib/libjimage.so
7f09f2bab000-7f09f2bac000 r--p 00004000 fd:00 20186039                   /usr/lib/jvm/java-11-openjdk-amd64/lib/libjimage.so
7f09f2bac000-7f09f2bad000 rw-p 00005000 fd:00 20186039                   /usr/lib/jvm/java-11-openjdk-amd64/lib/libjimage.so
7f09f2bad000-7f09f2bb4000 r-xp 00000000 fd:00 20186056                   /usr/lib/jvm/java-11-openjdk-amd64/lib/libzip.so
7f09f2bb4000-7f09f2db3000 ---p 00007000 fd:00 20186056                   /usr/lib/jvm/java-11-openjdk-amd64/lib/libzip.so
7f09f2db3000-7f09f2db4000 r--p 00006000 fd:00 20186056                   /usr/lib/jvm/java-11-openjdk-amd64/lib/libzip.so
7f09f2db4000-7f09f2db5000 rw-p 00007000 fd:00 20186056                   /usr/lib/jvm/java-11-openjdk-amd64/lib/libzip.so
7f09f2db5000-7f09f2dc0000 r-xp 00000000 fd:00 44176093                   /lib/x86_64-linux-gnu/libnss_files-2.27.so
7f09f2dc0000-7f09f2fbf000 ---p 0000b000 fd:00 44176093                   /lib/x86_64-linux-gnu/libnss_files-2.27.so
7f09f2fbf000-7f09f2fc0000 r--p 0000a000 fd:00 44176093                   /lib/x86_64-linux-gnu/libnss_files-2.27.so
7f09f2fc0000-7f09f2fc1000 rw-p 0000b000 fd:00 44176093                   /lib/x86_64-linux-gnu/libnss_files-2.27.so
7f09f2fc1000-7f09f2fc7000 rw-p 00000000 00:00 0 
7f09f2fc7000-7f09f2fde000 r-xp 00000000 fd:00 44176087                   /lib/x86_64-linux-gnu/libnsl-2.27.so
7f09f2fde000-7f09f31dd000 ---p 00017000 fd:00 44176087                   /lib/x86_64-linux-gnu/libnsl-2.27.so
7f09f31dd000-7f09f31de000 r--p 00016000 fd:00 44176087                   /lib/x86_64-linux-gnu/libnsl-2.27.so
7f09f31de000-7f09f31df000 rw-p 00017000 fd:00 44176087                   /lib/x86_64-linux-gnu/libnsl-2.27.so
7f09f31df000-7f09f31e1000 rw-p 00000000 00:00 0 
7f09f31e1000-7f09f31ec000 r-xp 00000000 fd:00 44176104                   /lib/x86_64-linux-gnu/libnss_nis-2.27.so
7f09f31ec000-7f09f33eb000 ---p 0000b000 fd:00 44176104                   /lib/x86_64-linux-gnu/libnss_nis-2.27.so
7f09f33eb000-7f09f33ec000 r--p 0000a000 fd:00 44176104                   /lib/x86_64-linux-gnu/libnss_nis-2.27.so
7f09f33ec000-7f09f33ed000 rw-p 0000b000 fd:00 44176104                   /lib/x86_64-linux-gnu/libnss_nis-2.27.so
7f09f33ed000-7f09f33f5000 r-xp 00000000 fd:00 44176089                   /lib/x86_64-linux-gnu/libnss_compat-2.27.so
7f09f33f5000-7f09f35f5000 ---p 00008000 fd:00 44176089                   /lib/x86_64-linux-gnu/libnss_compat-2.27.so
7f09f35f5000-7f09f35f6000 r--p 00008000 fd:00 44176089                   /lib/x86_64-linux-gnu/libnss_compat-2.27.so
7f09f35f6000-7f09f35f7000 rw-p 00009000 fd:00 44176089                   /lib/x86_64-linux-gnu/libnss_compat-2.27.so
7f09f35f7000-7f09f3623000 r-xp 00000000 fd:00 20186035                   /usr/lib/jvm/java-11-openjdk-amd64/lib/libjava.so
7f09f3623000-7f09f3822000 ---p 0002c000 fd:00 20186035                   /usr/lib/jvm/java-11-openjdk-amd64/lib/libjava.so
7f09f3822000-7f09f3823000 r--p 0002b000 fd:00 20186035                   /usr/lib/jvm/java-11-openjdk-amd64/lib/libjava.so
7f09f3823000-7f09f3825000 rw-p 0002c000 fd:00 20186035                   /usr/lib/jvm/java-11-openjdk-amd64/lib/libjava.so
7f09f3825000-7f09f3832000 r-xp 00000000 fd:00 20186055                   /usr/lib/jvm/java-11-openjdk-amd64/lib/libverify.so
7f09f3832000-7f09f3a31000 ---p 0000d000 fd:00 20186055                   /usr/lib/jvm/java-11-openjdk-amd64/lib/libverify.so
7f09f3a31000-7f09f3a33000 r--p 0000c000 fd:00 20186055                   /usr/lib/jvm/java-11-openjdk-amd64/lib/libverify.so
7f09f3a33000-7f09f3a34000 rw-p 0000e000 fd:00 20186055                   /usr/lib/jvm/java-11-openjdk-amd64/lib/libverify.so
7f09f3a34000-7f09f3a3b000 r-xp 00000000 fd:00 44176144                   /lib/x86_64-linux-gnu/librt-2.27.so
7f09f3a3b000-7f09f3c3a000 ---p 00007000 fd:00 44176144                   /lib/x86_64-linux-gnu/librt-2.27.so
7f09f3c3a000-7f09f3c3b000 r--p 00006000 fd:00 44176144                   /lib/x86_64-linux-gnu/librt-2.27.so
7f09f3c3b000-7f09f3c3c000 rw-p 00007000 fd:00 44176144                   /lib/x86_64-linux-gnu/librt-2.27.so
7f09f3c3c000-7f09f3c53000 r-xp 00000000 fd:00 44175907                   /lib/x86_64-linux-gnu/libgcc_s.so.1
7f09f3c53000-7f09f3e52000 ---p 00017000 fd:00 44175907                   /lib/x86_64-linux-gnu/libgcc_s.so.1
7f09f3e52000-7f09f3e53000 r--p 00016000 fd:00 44175907                   /lib/x86_64-linux-gnu/libgcc_s.so.1
7f09f3e53000-7f09f3e54000 rw-p 00017000 fd:00 44175907                   /lib/x86_64-linux-gnu/libgcc_s.so.1
7f09f3e54000-7f09f3ff1000 r-xp 00000000 fd:00 44176066                   /lib/x86_64-linux-gnu/libm-2.27.so
7f09f3ff1000-7f09f41f0000 ---p 0019d000 fd:00 44176066                   /lib/x86_64-linux-gnu/libm-2.27.so
7f09f41f0000-7f09f41f1000 r--p 0019c000 fd:00 44176066                   /lib/x86_64-linux-gnu/libm-2.27.so
7f09f41f1000-7f09f41f2000 rw-p 0019d000 fd:00 44176066                   /lib/x86_64-linux-gnu/libm-2.27.so
7f09f41f2000-7f09f436b000 r-xp 00000000 fd:00 18090134                   /usr/lib/x86_64-linux-gnu/libstdc++.so.6.0.25
7f09f436b000-7f09f456b000 ---p 00179000 fd:00 18090134                   /usr/lib/x86_64-linux-gnu/libstdc++.so.6.0.25
7f09f456b000-7f09f4575000 r--p 00179000 fd:00 18090134                   /usr/lib/x86_64-linux-gnu/libstdc++.so.6.0.25
7f09f4575000-7f09f4577000 rw-p 00183000 fd:00 18090134                   /usr/lib/x86_64-linux-gnu/libstdc++.so.6.0.25
7f09f4577000-7f09f457b000 rw-p 00000000 00:00 0 
7f09f457b000-7f09f5518000 r-xp 00000000 fd:00 20186062                   /usr/lib/jvm/java-11-openjdk-amd64/lib/server/libjvm.so
7f09f5518000-7f09f5718000 ---p 00f9d000 fd:00 20186062                   /usr/lib/jvm/java-11-openjdk-amd64/lib/server/libjvm.so
7f09f5718000-7f09f57dc000 r--p 00f9d000 fd:00 20186062                   /usr/lib/jvm/java-11-openjdk-amd64/lib/server/libjvm.so
7f09f57dc000-7f09f5814000 rw-p 01061000 fd:00 20186062                   /usr/lib/jvm/java-11-openjdk-amd64/lib/server/libjvm.so
7f09f5814000-7f09f585d000 rw-p 00000000 00:00 0 
7f09f585d000-7f09f5877000 r-xp 00000000 fd:00 44176136                   /lib/x86_64-linux-gnu/libpthread-2.27.so
7f09f5877000-7f09f5a76000 ---p 0001a000 fd:00 44176136                   /lib/x86_64-linux-gnu/libpthread-2.27.so
7f09f5a76000-7f09f5a77000 r--p 00019000 fd:00 44176136                   /lib/x86_64-linux-gnu/libpthread-2.27.so
7f09f5a77000-7f09f5a78000 rw-p 0001a000 fd:00 44176136                   /lib/x86_64-linux-gnu/libpthread-2.27.so
7f09f5a78000-7f09f5a7c000 rw-p 00000000 00:00 0 
7f09f5a7c000-7f09f5a7f000 r-xp 00000000 fd:00 44176026                   /lib/x86_64-linux-gnu/libdl-2.27.so
7f09f5a7f000-7f09f5c7e000 ---p 00003000 fd:00 44176026                   /lib/x86_64-linux-gnu/libdl-2.27.so
7f09f5c7e000-7f09f5c7f000 r--p 00002000 fd:00 44176026                   /lib/x86_64-linux-gnu/libdl-2.27.so
7f09f5c7f000-7f09f5c80000 rw-p 00003000 fd:00 44176026                   /lib/x86_64-linux-gnu/libdl-2.27.so
7f09f5c80000-7f09f5c9c000 r-xp 00000000 fd:00 44176175                   /lib/x86_64-linux-gnu/libz.so.1.2.11
7f09f5c9c000-7f09f5e9b000 ---p 0001c000 fd:00 44176175                   /lib/x86_64-linux-gnu/libz.so.1.2.11
7f09f5e9b000-7f09f5e9c000 r--p 0001b000 fd:00 44176175                   /lib/x86_64-linux-gnu/libz.so.1.2.11
7f09f5e9c000-7f09f5e9d000 rw-p 0001c000 fd:00 44176175                   /lib/x86_64-linux-gnu/libz.so.1.2.11
7f09f5e9d000-7f09f6084000 r-xp 00000000 fd:00 44176003                   /lib/x86_64-linux-gnu/libc-2.27.so
7f09f6084000-7f09f6284000 ---p 001e7000 fd:00 44176003                   /lib/x86_64-linux-gnu/libc-2.27.so
7f09f6284000-7f09f6288000 r--p 001e7000 fd:00 44176003                   /lib/x86_64-linux-gnu/libc-2.27.so
7f09f6288000-7f09f628a000 rw-p 001eb000 fd:00 44176003                   /lib/x86_64-linux-gnu/libc-2.27.so
7f09f628a000-7f09f628e000 rw-p 00000000 00:00 0 
7f09f628e000-7f09f629d000 r-xp 00000000 fd:00 20186020                   /usr/lib/jvm/java-11-openjdk-amd64/lib/jli/libjli.so
7f09f629d000-7f09f649c000 ---p 0000f000 fd:00 20186020                   /usr/lib/jvm/java-11-openjdk-amd64/lib/jli/libjli.so
7f09f649c000-7f09f649d000 r--p 0000e000 fd:00 20186020                   /usr/lib/jvm/java-11-openjdk-amd64/lib/jli/libjli.so
7f09f649d000-7f09f649e000 rw-p 0000f000 fd:00 20186020                   /usr/lib/jvm/java-11-openjdk-amd64/lib/jli/libjli.so
7f09f649e000-7f09f64c5000 r-xp 00000000 fd:00 44175975                   /lib/x86_64-linux-gnu/ld-2.27.so
7f09f6541000-7f09f65a8000 rw-p 00000000 00:00 0 
7f09f65a8000-7f09f65ac000 ---p 00000000 00:00 0 
7f09f65ac000-7f09f66ab000 rw-p 00000000 00:00 0 
7f09f66ac000-7f09f66b2000 rw-p 00000000 00:00 0 
7f09f66b2000-7f09f66b9000 ---p 00000000 00:00 0 
7f09f66b9000-7f09f66c1000 rw-s 00000000 fd:00 16121869                   /tmp/hsperfdata_minecraft/9175
7f09f66c1000-7f09f66c2000 ---p 00000000 00:00 0 
7f09f66c2000-7f09f66c3000 r--p 00000000 00:00 0 
7f09f66c3000-7f09f66c5000 rw-p 00000000 00:00 0 
7f09f66c5000-7f09f66c6000 r--p 00027000 fd:00 44175975                   /lib/x86_64-linux-gnu/ld-2.27.so
7f09f66c6000-7f09f66c7000 rw-p 00028000 fd:00 44175975                   /lib/x86_64-linux-gnu/ld-2.27.so
7f09f66c7000-7f09f66c8000 rw-p 00000000 00:00 0 
7ffed068d000-7ffed06ae000 rw-p 00000000 00:00 0                          [stack]
7ffed078d000-7ffed0790000 r--p 00000000 00:00 0                          [vvar]
7ffed0790000-7ffed0792000 r-xp 00000000 00:00 0                          [vdso]
ffffffffff600000-ffffffffff601000 r-xp 00000000 00:00 0                  [vsyscall]


VM Arguments:
jvm_args: -Xms3g -Xmx3g 
java_command: server.jar nogui
java_class_path (initial): server.jar
Launcher Type: SUN_STANDARD

Logging:
Log output configuration:
#0: stdout all=warning uptime,level,tags
#1: stderr all=off uptime,level,tags

Environment Variables:
PATH=/usr/local/sbin:/usr/local/bin:/usr/sbin:/usr/bin:/sbin:/bin
SHELL=/bin/sh

Signal Handlers:
SIGSEGV: [libjvm.so+0xd28b70], sa_mask[0]=11111111011111111101111111111110, sa_flags=SA_RESTART|SA_SIGINFO
SIGBUS: [libjvm.so+0xd28b70], sa_mask[0]=11111111011111111101111111111110, sa_flags=SA_RESTART|SA_SIGINFO
SIGFPE: [libjvm.so+0xd28b70], sa_mask[0]=11111111011111111101111111111110, sa_flags=SA_RESTART|SA_SIGINFO
SIGPIPE: [libjvm.so+0xb2a1f0], sa_mask[0]=11111111011111111101111111111110, sa_flags=SA_RESTART|SA_SIGINFO
SIGXFSZ: [libjvm.so+0xb2a1f0], sa_mask[0]=11111111011111111101111111111110, sa_flags=SA_RESTART|SA_SIGINFO
SIGILL: [libjvm.so+0xd28b70], sa_mask[0]=11111111011111111101111111111110, sa_flags=SA_RESTART|SA_SIGINFO
SIGUSR2: [libjvm.so+0xb2a030], sa_mask[0]=00000000000000000000000000000000, sa_flags=SA_RESTART|SA_SIGINFO
SIGHUP: SIG_DFL, sa_mask[0]=00000000000000000000000000000000, sa_flags=none
SIGINT: SIG_DFL, sa_mask[0]=00000000000000000000000000000000, sa_flags=none
SIGTERM: SIG_DFL, sa_mask[0]=00000000000000000000000000000000, sa_flags=none
SIGQUIT: SIG_DFL, sa_mask[0]=00000000000000000000000000000000, sa_flags=none


---------------  S Y S T E M  ---------------

OS:DISTRIB_ID=Ubuntu
DISTRIB_RELEASE=18.04
DISTRIB_CODENAME=bionic
DISTRIB_DESCRIPTION="Ubuntu 18.04.2 LTS"
uname:Linux 4.15.0-46-generic #49-Ubuntu SMP Wed Feb 6 09:33:07 UTC 2019 x86_64
libc:glibc 2.27 NPTL 2.27 
rlimit: STACK 8192k, CORE 0k, NPROC 15099, NOFILE 4096, AS infinity, DATA infinity, FSIZE infinity
load average:1.13 1.24 1.30

/proc/meminfo:
MemTotal:        3943748 kB
MemFree:          106196 kB
MemAvailable:    1148572 kB
Buffers:           35928 kB
Cached:          1205804 kB
SwapCached:         9228 kB
Active:          2846500 kB
Inactive:         797028 kB
Active(anon):    1945612 kB
Inactive(anon):   486256 kB
Active(file):     900888 kB
Inactive(file):   310772 kB
Unevictable:           0 kB
Mlocked:               0 kB
SwapTotal:        999420 kB
SwapFree:         604592 kB
Dirty:               904 kB
Writeback:             0 kB
AnonPages:       2399100 kB
Mapped:           129548 kB
Shmem:             30072 kB
Slab:             107880 kB
SReclaimable:      66968 kB
SUnreclaim:        40912 kB
KernelStack:        6000 kB
PageTables:        24488 kB
NFS_Unstable:          0 kB
Bounce:                0 kB
WritebackTmp:          0 kB
CommitLimit:     2971292 kB
Committed_AS:    3258376 kB
VmallocTotal:   34359738367 kB
VmallocUsed:           0 kB
VmallocChunk:          0 kB
HardwareCorrupted:     0 kB
AnonHugePages:         0 kB
ShmemHugePages:        0 kB
ShmemPmdMapped:        0 kB
CmaTotal:              0 kB
CmaFree:               0 kB
HugePages_Total:       0
HugePages_Free:        0
HugePages_Rsvd:        0
HugePages_Surp:        0
Hugepagesize:       2048 kB
DirectMap4k:      158320 kB
DirectMap2M:     3940352 kB
DirectMap1G:           0 kB

container (cgroup) information:
container_type: cgroupv1
cpu_cpuset_cpus: 0-3
cpu_memory_nodes: 0
active_processor_count: 4
cpu_quota: -1
cpu_period: 100000
cpu_shares: -1
memory_limit_in_bytes: -1
memory_and_swap_limit_in_bytes: -2
memory_soft_limit_in_bytes: -1
memory_usage_in_bytes: 3729997824
memory_max_usage_in_bytes: 2048000


CPU:total 4 (initial active 4) (2 cores per cpu, 2 threads per core) family 6 model 69 stepping 1, cmov, cx8, fxsr, mmx, sse, sse2, sse3, ssse3, sse4.1, sse4.2, popcnt, avx, avx2, aes, clmul, erms, lzcnt, ht, tsc, tscinvbit, bmi1, bmi2, fma
CPU Model and flags from /proc/cpuinfo:
model name	: Intel(R) Core(TM) i7-4500U CPU @ 1.80GHz
flags		: fpu vme de pse tsc msr pae mce cx8 apic sep mtrr pge mca cmov pat pse36 clflush dts acpi mmx fxsr sse sse2 ss ht tm pbe syscall nx pdpe1gb rdtscp lm constant_tsc arch_perfmon pebs bts rep_good nopl xtopology nonstop_tsc cpuid aperfmperf pni pclmulqdq dtes64 monitor ds_cpl vmx est tm2 ssse3 sdbg fma cx16 xtpr pdcm pcid sse4_1 sse4_2 movbe popcnt tsc_deadline_timer aes xsave avx f16c rdrand lahf_lm abm cpuid_fault epb invpcid_single pti ssbd ibrs ibpb stibp tpr_shadow vnmi flexpriority ept vpid fsgsbase tsc_adjust bmi1 avx2 smep bmi2 erms invpcid xsaveopt dtherm ida arat pln pts flush_l1d

Memory: 4k page, physical 3943748k(105452k free), swap 999420k(604592k free)

vm_info: OpenJDK 64-Bit Server VM (10.0.2+13-Ubuntu-1ubuntu0.18.04.4) for linux-amd64 JRE (10.0.2+13-Ubuntu-1ubuntu0.18.04.4), built on Nov 13 2018 12:53:39 by "buildd" with gcc 7.3.0

END.
