#
# There is insufficient memory for the Java Runtime Environment to continue.
# Native memory allocation (mmap) failed to map 3221225472 bytes for committing reserved memory.
# Possible reasons:
#   The system is out of physical RAM or swap space
#   The process is running with CompressedOops enabled, and the Java Heap may be blocking the growth of the native heap
# Possible solutions:
#   Reduce memory load on the system
#   Increase physical memory or swap space
#   Check if swap backing store is full
#   Decrease Java heap size (-Xmx/-Xms)
#   Decrease number of Java threads
#   Decrease Java thread stack sizes (-Xss)
#   Set larger code cache with -XX:ReservedCodeCacheSize=
# This output file may be truncated or incomplete.
#
#  Out of Memory Error (os_linux.cpp:2706), pid=7035, tid=7036
#
# JRE version:  (10.0.2+13) (build )
# Java VM: OpenJDK 64-Bit Server VM (10.0.2+13-Ubuntu-1ubuntu0.18.04.4, mixed mode, aot, tiered, compressed oops, g1 gc, linux-amd64)
# Core dump will be written. Default location: Core dumps may be processed with "/usr/share/apport/apport %p %s %c %d %P" (or dumping to /opt/forno/minecraft/core.7035)
#

---------------  S U M M A R Y ------------

Command Line: -Xms3g -Xmx3g server.jar nogui

Host: Intel(R) Core(TM) i7-4500U CPU @ 1.80GHz, 4 cores, 3G, Ubuntu 18.04.2 LTS
Time: Thu Mar 21 07:16:08 2019 JST elapsed time: 0 seconds (0d 0h 0m 0s)

---------------  T H R E A D  ---------------

Current thread (0x00007f1f84011000):  JavaThread "Unknown thread" [_thread_in_vm, id=7036, stack(0x00007f1f8e2cd000,0x00007f1f8e3ce000)]

Stack: [0x00007f1f8e2cd000,0x00007f1f8e3ce000],  sp=0x00007f1f8e3cc2e0,  free space=1020k
Native frames: (J=compiled Java code, A=aot compiled Java code, j=interpreted, Vv=VM code, C=native code)
V  [libjvm.so+0xd27ea4]
V  [libjvm.so+0xd28a4b]
V  [libjvm.so+0x64d415]
V  [libjvm.so+0xb2d7c8]
V  [libjvm.so+0xb2601d]
V  [libjvm.so+0x7662ff]
V  [libjvm.so+0x76653e]
V  [libjvm.so+0x769500]
V  [libjvm.so+0x7efa1c]
V  [libjvm.so+0x7f06df]
V  [libjvm.so+0x7f0b59]
V  [libjvm.so+0x7162cf]
V  [libjvm.so+0x71afd3]
V  [libjvm.so+0xce5dc2]
V  [libjvm.so+0xce60c6]
V  [libjvm.so+0x807d57]
V  [libjvm.so+0xcc7ac4]
V  [libjvm.so+0x8601b1]  JNI_CreateJavaVM+0x51
C  [libjli.so+0x3d83]
C  [libjli.so+0x89dd]
C  [libpthread.so.0+0x76db]  start_thread+0xdb


---------------  P R O C E S S  ---------------

Threads class SMR info:
_java_thread_list=0x000055938eaae6b0, length=0, elements={
}

Java Threads: ( => current thread )

Other Threads:
  0x00007f1f84028000 GCTaskThread "GC Thread#0" [stack: 0x00007f1f8a3f6000,0x00007f1f8a4f6000] [id=7037]
  0x00007f1f84029000 GCTaskThread "GC Thread#1" [stack: 0x00007f1f8a2f4000,0x00007f1f8a3f4000] [id=7038]
  0x00007f1f8402b000 GCTaskThread "GC Thread#2" [stack: 0x00007f1f8a1f2000,0x00007f1f8a2f2000] [id=7039]
  0x00007f1f8402c800 GCTaskThread "GC Thread#3" [stack: 0x00007f1f8a0f0000,0x00007f1f8a1f0000] [id=7040]
  0x00007f1f8406a000 ConcurrentGCThread "G1 Main Marker" [stack: 0x00007f1f8892a000,0x00007f1f88a2a000] [id=7041]
  0x00007f1f8406c000 ConcurrentGCThread "G1 Conc#0" [stack: 0x00007f1f88828000,0x00007f1f88928000] [id=7042]

[error occurred during error reporting (printing all threads), id 0xe0000002]

VM state:not at safepoint (not fully initialized)

VM Mutex/Monitor currently owned by a thread:  ([mutex/lock_event])
[0x00007f1f8400df30] Heap_lock - owner thread: 0x00007f1f84011000

Heap address: 0x0000000700000000, size: 3072 MB, Compressed Oops mode: Non-zero based: 0x0000000700000000
Narrow klass base: 0x0000000000000000, Narrow klass shift: 0

GC Heap History (0 events):
No events

Deoptimization events (0 events):
No events

Classes redefined (0 events):
No events

Internal exceptions (0 events):
No events

Events (0 events):
No events


Dynamic libraries:
55938d72b000-55938d72c000 r-xp 00000000 fd:00 20185882                   /usr/lib/jvm/java-11-openjdk-amd64/bin/java
55938d92c000-55938d92d000 r--p 00001000 fd:00 20185882                   /usr/lib/jvm/java-11-openjdk-amd64/bin/java
55938d92d000-55938d92e000 rw-p 00002000 fd:00 20185882                   /usr/lib/jvm/java-11-openjdk-amd64/bin/java
55938ea97000-55938eab8000 rw-p 00000000 00:00 0                          [heap]
7f1f48000000-7f1f48021000 rw-p 00000000 00:00 0 
7f1f48021000-7f1f4c000000 ---p 00000000 00:00 0 
7f1f4e000000-7f1f50000000 rw-p 00000000 00:00 0 
7f1f50000000-7f1f50021000 rw-p 00000000 00:00 0 
7f1f50021000-7f1f54000000 ---p 00000000 00:00 0 
7f1f54000000-7f1f54021000 rw-p 00000000 00:00 0 
7f1f54021000-7f1f58000000 ---p 00000000 00:00 0 
7f1f59000000-7f1f5c000000 ---p 00000000 00:00 0 
7f1f5c000000-7f1f5c021000 rw-p 00000000 00:00 0 
7f1f5c021000-7f1f60000000 ---p 00000000 00:00 0 
7f1f60000000-7f1f60021000 rw-p 00000000 00:00 0 
7f1f60021000-7f1f64000000 ---p 00000000 00:00 0 
7f1f64000000-7f1f64021000 rw-p 00000000 00:00 0 
7f1f64021000-7f1f68000000 ---p 00000000 00:00 0 
7f1f68b25000-7f1f6bb25000 ---p 00000000 00:00 0 
7f1f6bb25000-7f1f6bd95000 rwxp 00000000 00:00 0 
7f1f6bd95000-7f1f6c0b5000 ---p 00000000 00:00 0 
7f1f6c0b5000-7f1f6c325000 rwxp 00000000 00:00 0 
7f1f6c325000-7f1f735ed000 ---p 00000000 00:00 0 
7f1f735ed000-7f1f7385d000 rwxp 00000000 00:00 0 
7f1f7385d000-7f1f7ab25000 ---p 00000000 00:00 0 
7f1f7ab25000-7f1f84000000 r--s 00000000 fd:00 20186057                   /usr/lib/jvm/java-11-openjdk-amd64/lib/modules
7f1f84000000-7f1f84083000 rw-p 00000000 00:00 0 
7f1f84083000-7f1f88000000 ---p 00000000 00:00 0 
7f1f88422000-7f1f88826000 rw-p 00000000 00:00 0 
7f1f88826000-7f1f88827000 ---p 00000000 00:00 0 
7f1f88827000-7f1f88928000 rw-p 00000000 00:00 0 
7f1f88928000-7f1f88929000 ---p 00000000 00:00 0 
7f1f88929000-7f1f88aea000 rw-p 00000000 00:00 0 
7f1f88aea000-7f1f89cea000 ---p 00000000 00:00 0 
7f1f89cea000-7f1f8a0ee000 rw-p 00000000 00:00 0 
7f1f8a0ee000-7f1f8a0ef000 ---p 00000000 00:00 0 
7f1f8a0ef000-7f1f8a1f0000 rw-p 00000000 00:00 0 
7f1f8a1f0000-7f1f8a1f1000 ---p 00000000 00:00 0 
7f1f8a1f1000-7f1f8a2f2000 rw-p 00000000 00:00 0 
7f1f8a2f2000-7f1f8a2f3000 ---p 00000000 00:00 0 
7f1f8a2f3000-7f1f8a3f4000 rw-p 00000000 00:00 0 
7f1f8a3f4000-7f1f8a3f5000 ---p 00000000 00:00 0 
7f1f8a3f5000-7f1f8a4fb000 rw-p 00000000 00:00 0 
7f1f8a4fb000-7f1f8a5e1000 ---p 00000000 00:00 0 
7f1f8a5e1000-7f1f8a5e6000 rw-p 00000000 00:00 0 
7f1f8a5e6000-7f1f8a6cc000 ---p 00000000 00:00 0 
7f1f8a6cc000-7f1f8a6d1000 r-xp 00000000 fd:00 20186039                   /usr/lib/jvm/java-11-openjdk-amd64/lib/libjimage.so
7f1f8a6d1000-7f1f8a8d0000 ---p 00005000 fd:00 20186039                   /usr/lib/jvm/java-11-openjdk-amd64/lib/libjimage.so
7f1f8a8d0000-7f1f8a8d1000 r--p 00004000 fd:00 20186039                   /usr/lib/jvm/java-11-openjdk-amd64/lib/libjimage.so
7f1f8a8d1000-7f1f8a8d2000 rw-p 00005000 fd:00 20186039                   /usr/lib/jvm/java-11-openjdk-amd64/lib/libjimage.so
7f1f8a8d2000-7f1f8a8d9000 r-xp 00000000 fd:00 20186056                   /usr/lib/jvm/java-11-openjdk-amd64/lib/libzip.so
7f1f8a8d9000-7f1f8aad8000 ---p 00007000 fd:00 20186056                   /usr/lib/jvm/java-11-openjdk-amd64/lib/libzip.so
7f1f8aad8000-7f1f8aad9000 r--p 00006000 fd:00 20186056                   /usr/lib/jvm/java-11-openjdk-amd64/lib/libzip.so
7f1f8aad9000-7f1f8aada000 rw-p 00007000 fd:00 20186056                   /usr/lib/jvm/java-11-openjdk-amd64/lib/libzip.so
7f1f8aada000-7f1f8aae5000 r-xp 00000000 fd:00 44176093                   /lib/x86_64-linux-gnu/libnss_files-2.27.so
7f1f8aae5000-7f1f8ace4000 ---p 0000b000 fd:00 44176093                   /lib/x86_64-linux-gnu/libnss_files-2.27.so
7f1f8ace4000-7f1f8ace5000 r--p 0000a000 fd:00 44176093                   /lib/x86_64-linux-gnu/libnss_files-2.27.so
7f1f8ace5000-7f1f8ace6000 rw-p 0000b000 fd:00 44176093                   /lib/x86_64-linux-gnu/libnss_files-2.27.so
7f1f8ace6000-7f1f8acec000 rw-p 00000000 00:00 0 
7f1f8acec000-7f1f8ad03000 r-xp 00000000 fd:00 44176087                   /lib/x86_64-linux-gnu/libnsl-2.27.so
7f1f8ad03000-7f1f8af02000 ---p 00017000 fd:00 44176087                   /lib/x86_64-linux-gnu/libnsl-2.27.so
7f1f8af02000-7f1f8af03000 r--p 00016000 fd:00 44176087                   /lib/x86_64-linux-gnu/libnsl-2.27.so
7f1f8af03000-7f1f8af04000 rw-p 00017000 fd:00 44176087                   /lib/x86_64-linux-gnu/libnsl-2.27.so
7f1f8af04000-7f1f8af06000 rw-p 00000000 00:00 0 
7f1f8af06000-7f1f8af11000 r-xp 00000000 fd:00 44176104                   /lib/x86_64-linux-gnu/libnss_nis-2.27.so
7f1f8af11000-7f1f8b110000 ---p 0000b000 fd:00 44176104                   /lib/x86_64-linux-gnu/libnss_nis-2.27.so
7f1f8b110000-7f1f8b111000 r--p 0000a000 fd:00 44176104                   /lib/x86_64-linux-gnu/libnss_nis-2.27.so
7f1f8b111000-7f1f8b112000 rw-p 0000b000 fd:00 44176104                   /lib/x86_64-linux-gnu/libnss_nis-2.27.so
7f1f8b112000-7f1f8b11a000 r-xp 00000000 fd:00 44176089                   /lib/x86_64-linux-gnu/libnss_compat-2.27.so
7f1f8b11a000-7f1f8b31a000 ---p 00008000 fd:00 44176089                   /lib/x86_64-linux-gnu/libnss_compat-2.27.so
7f1f8b31a000-7f1f8b31b000 r--p 00008000 fd:00 44176089                   /lib/x86_64-linux-gnu/libnss_compat-2.27.so
7f1f8b31b000-7f1f8b31c000 rw-p 00009000 fd:00 44176089                   /lib/x86_64-linux-gnu/libnss_compat-2.27.so
7f1f8b31c000-7f1f8b348000 r-xp 00000000 fd:00 20186035                   /usr/lib/jvm/java-11-openjdk-amd64/lib/libjava.so
7f1f8b348000-7f1f8b547000 ---p 0002c000 fd:00 20186035                   /usr/lib/jvm/java-11-openjdk-amd64/lib/libjava.so
7f1f8b547000-7f1f8b548000 r--p 0002b000 fd:00 20186035                   /usr/lib/jvm/java-11-openjdk-amd64/lib/libjava.so
7f1f8b548000-7f1f8b54a000 rw-p 0002c000 fd:00 20186035                   /usr/lib/jvm/java-11-openjdk-amd64/lib/libjava.so
7f1f8b54a000-7f1f8b557000 r-xp 00000000 fd:00 20186055                   /usr/lib/jvm/java-11-openjdk-amd64/lib/libverify.so
7f1f8b557000-7f1f8b756000 ---p 0000d000 fd:00 20186055                   /usr/lib/jvm/java-11-openjdk-amd64/lib/libverify.so
7f1f8b756000-7f1f8b758000 r--p 0000c000 fd:00 20186055                   /usr/lib/jvm/java-11-openjdk-amd64/lib/libverify.so
7f1f8b758000-7f1f8b759000 rw-p 0000e000 fd:00 20186055                   /usr/lib/jvm/java-11-openjdk-amd64/lib/libverify.so
7f1f8b759000-7f1f8b760000 r-xp 00000000 fd:00 44176144                   /lib/x86_64-linux-gnu/librt-2.27.so
7f1f8b760000-7f1f8b95f000 ---p 00007000 fd:00 44176144                   /lib/x86_64-linux-gnu/librt-2.27.so
7f1f8b95f000-7f1f8b960000 r--p 00006000 fd:00 44176144                   /lib/x86_64-linux-gnu/librt-2.27.so
7f1f8b960000-7f1f8b961000 rw-p 00007000 fd:00 44176144                   /lib/x86_64-linux-gnu/librt-2.27.so
7f1f8b961000-7f1f8b978000 r-xp 00000000 fd:00 44175907                   /lib/x86_64-linux-gnu/libgcc_s.so.1
7f1f8b978000-7f1f8bb77000 ---p 00017000 fd:00 44175907                   /lib/x86_64-linux-gnu/libgcc_s.so.1
7f1f8bb77000-7f1f8bb78000 r--p 00016000 fd:00 44175907                   /lib/x86_64-linux-gnu/libgcc_s.so.1
7f1f8bb78000-7f1f8bb79000 rw-p 00017000 fd:00 44175907                   /lib/x86_64-linux-gnu/libgcc_s.so.1
7f1f8bb79000-7f1f8bd16000 r-xp 00000000 fd:00 44176066                   /lib/x86_64-linux-gnu/libm-2.27.so
7f1f8bd16000-7f1f8bf15000 ---p 0019d000 fd:00 44176066                   /lib/x86_64-linux-gnu/libm-2.27.so
7f1f8bf15000-7f1f8bf16000 r--p 0019c000 fd:00 44176066                   /lib/x86_64-linux-gnu/libm-2.27.so
7f1f8bf16000-7f1f8bf17000 rw-p 0019d000 fd:00 44176066                   /lib/x86_64-linux-gnu/libm-2.27.so
7f1f8bf17000-7f1f8c090000 r-xp 00000000 fd:00 18090134                   /usr/lib/x86_64-linux-gnu/libstdc++.so.6.0.25
7f1f8c090000-7f1f8c290000 ---p 00179000 fd:00 18090134                   /usr/lib/x86_64-linux-gnu/libstdc++.so.6.0.25
7f1f8c290000-7f1f8c29a000 r--p 00179000 fd:00 18090134                   /usr/lib/x86_64-linux-gnu/libstdc++.so.6.0.25
7f1f8c29a000-7f1f8c29c000 rw-p 00183000 fd:00 18090134                   /usr/lib/x86_64-linux-gnu/libstdc++.so.6.0.25
7f1f8c29c000-7f1f8c2a0000 rw-p 00000000 00:00 0 
7f1f8c2a0000-7f1f8d23d000 r-xp 00000000 fd:00 20186062                   /usr/lib/jvm/java-11-openjdk-amd64/lib/server/libjvm.so
7f1f8d23d000-7f1f8d43d000 ---p 00f9d000 fd:00 20186062                   /usr/lib/jvm/java-11-openjdk-amd64/lib/server/libjvm.so
7f1f8d43d000-7f1f8d501000 r--p 00f9d000 fd:00 20186062                   /usr/lib/jvm/java-11-openjdk-amd64/lib/server/libjvm.so
7f1f8d501000-7f1f8d539000 rw-p 01061000 fd:00 20186062                   /usr/lib/jvm/java-11-openjdk-amd64/lib/server/libjvm.so
7f1f8d539000-7f1f8d582000 rw-p 00000000 00:00 0 
7f1f8d582000-7f1f8d59c000 r-xp 00000000 fd:00 44176136                   /lib/x86_64-linux-gnu/libpthread-2.27.so
7f1f8d59c000-7f1f8d79b000 ---p 0001a000 fd:00 44176136                   /lib/x86_64-linux-gnu/libpthread-2.27.so
7f1f8d79b000-7f1f8d79c000 r--p 00019000 fd:00 44176136                   /lib/x86_64-linux-gnu/libpthread-2.27.so
7f1f8d79c000-7f1f8d79d000 rw-p 0001a000 fd:00 44176136                   /lib/x86_64-linux-gnu/libpthread-2.27.so
7f1f8d79d000-7f1f8d7a1000 rw-p 00000000 00:00 0 
7f1f8d7a1000-7f1f8d7a4000 r-xp 00000000 fd:00 44176026                   /lib/x86_64-linux-gnu/libdl-2.27.so
7f1f8d7a4000-7f1f8d9a3000 ---p 00003000 fd:00 44176026                   /lib/x86_64-linux-gnu/libdl-2.27.so
7f1f8d9a3000-7f1f8d9a4000 r--p 00002000 fd:00 44176026                   /lib/x86_64-linux-gnu/libdl-2.27.so
7f1f8d9a4000-7f1f8d9a5000 rw-p 00003000 fd:00 44176026                   /lib/x86_64-linux-gnu/libdl-2.27.so
7f1f8d9a5000-7f1f8d9c1000 r-xp 00000000 fd:00 44176175                   /lib/x86_64-linux-gnu/libz.so.1.2.11
7f1f8d9c1000-7f1f8dbc0000 ---p 0001c000 fd:00 44176175                   /lib/x86_64-linux-gnu/libz.so.1.2.11
7f1f8dbc0000-7f1f8dbc1000 r--p 0001b000 fd:00 44176175                   /lib/x86_64-linux-gnu/libz.so.1.2.11
7f1f8dbc1000-7f1f8dbc2000 rw-p 0001c000 fd:00 44176175                   /lib/x86_64-linux-gnu/libz.so.1.2.11
7f1f8dbc2000-7f1f8dda9000 r-xp 00000000 fd:00 44176003                   /lib/x86_64-linux-gnu/libc-2.27.so
7f1f8dda9000-7f1f8dfa9000 ---p 001e7000 fd:00 44176003                   /lib/x86_64-linux-gnu/libc-2.27.so
7f1f8dfa9000-7f1f8dfad000 r--p 001e7000 fd:00 44176003                   /lib/x86_64-linux-gnu/libc-2.27.so
7f1f8dfad000-7f1f8dfaf000 rw-p 001eb000 fd:00 44176003                   /lib/x86_64-linux-gnu/libc-2.27.so
7f1f8dfaf000-7f1f8dfb3000 rw-p 00000000 00:00 0 
7f1f8dfb3000-7f1f8dfc2000 r-xp 00000000 fd:00 20186020                   /usr/lib/jvm/java-11-openjdk-amd64/lib/jli/libjli.so
7f1f8dfc2000-7f1f8e1c1000 ---p 0000f000 fd:00 20186020                   /usr/lib/jvm/java-11-openjdk-amd64/lib/jli/libjli.so
7f1f8e1c1000-7f1f8e1c2000 r--p 0000e000 fd:00 20186020                   /usr/lib/jvm/java-11-openjdk-amd64/lib/jli/libjli.so
7f1f8e1c2000-7f1f8e1c3000 rw-p 0000f000 fd:00 20186020                   /usr/lib/jvm/java-11-openjdk-amd64/lib/jli/libjli.so
7f1f8e1c3000-7f1f8e1ea000 r-xp 00000000 fd:00 44175975                   /lib/x86_64-linux-gnu/ld-2.27.so
7f1f8e266000-7f1f8e2cd000 rw-p 00000000 00:00 0 
7f1f8e2cd000-7f1f8e2d1000 ---p 00000000 00:00 0 
7f1f8e2d1000-7f1f8e3d0000 rw-p 00000000 00:00 0 
7f1f8e3d1000-7f1f8e3d7000 rw-p 00000000 00:00 0 
7f1f8e3d7000-7f1f8e3de000 ---p 00000000 00:00 0 
7f1f8e3de000-7f1f8e3e6000 rw-s 00000000 fd:00 16121869                   /tmp/hsperfdata_minecraft/7035
7f1f8e3e6000-7f1f8e3e7000 ---p 00000000 00:00 0 
7f1f8e3e7000-7f1f8e3e8000 r--p 00000000 00:00 0 
7f1f8e3e8000-7f1f8e3ea000 rw-p 00000000 00:00 0 
7f1f8e3ea000-7f1f8e3eb000 r--p 00027000 fd:00 44175975                   /lib/x86_64-linux-gnu/ld-2.27.so
7f1f8e3eb000-7f1f8e3ec000 rw-p 00028000 fd:00 44175975                   /lib/x86_64-linux-gnu/ld-2.27.so
7f1f8e3ec000-7f1f8e3ed000 rw-p 00000000 00:00 0 
7ffceefcc000-7ffceefed000 rw-p 00000000 00:00 0                          [stack]
7ffceefed000-7ffceeff0000 r--p 00000000 00:00 0                          [vvar]
7ffceeff0000-7ffceeff2000 r-xp 00000000 00:00 0                          [vdso]
ffffffffff600000-ffffffffff601000 r-xp 00000000 00:00 0                  [vsyscall]


VM Arguments:
jvm_args: -Xms3g -Xmx3g 
java_command: server.jar nogui
java_class_path (initial): server.jar
Launcher Type: SUN_STANDARD

Logging:
Log output configuration:
#0: stdout all=warning uptime,level,tags
#1: stderr all=off uptime,level,tags

Environment Variables:
PATH=/usr/local/sbin:/usr/local/bin:/usr/sbin:/usr/bin:/sbin:/bin
SHELL=/bin/sh

Signal Handlers:
SIGSEGV: [libjvm.so+0xd28b70], sa_mask[0]=11111111011111111101111111111110, sa_flags=SA_RESTART|SA_SIGINFO
SIGBUS: [libjvm.so+0xd28b70], sa_mask[0]=11111111011111111101111111111110, sa_flags=SA_RESTART|SA_SIGINFO
SIGFPE: [libjvm.so+0xd28b70], sa_mask[0]=11111111011111111101111111111110, sa_flags=SA_RESTART|SA_SIGINFO
SIGPIPE: [libjvm.so+0xb2a1f0], sa_mask[0]=11111111011111111101111111111110, sa_flags=SA_RESTART|SA_SIGINFO
SIGXFSZ: [libjvm.so+0xb2a1f0], sa_mask[0]=11111111011111111101111111111110, sa_flags=SA_RESTART|SA_SIGINFO
SIGILL: [libjvm.so+0xd28b70], sa_mask[0]=11111111011111111101111111111110, sa_flags=SA_RESTART|SA_SIGINFO
SIGUSR2: [libjvm.so+0xb2a030], sa_mask[0]=00000000000000000000000000000000, sa_flags=SA_RESTART|SA_SIGINFO
SIGHUP: SIG_DFL, sa_mask[0]=00000000000000000000000000000000, sa_flags=none
SIGINT: SIG_DFL, sa_mask[0]=00000000000000000000000000000000, sa_flags=none
SIGTERM: SIG_DFL, sa_mask[0]=00000000000000000000000000000000, sa_flags=none
SIGQUIT: SIG_DFL, sa_mask[0]=00000000000000000000000000000000, sa_flags=none


---------------  S Y S T E M  ---------------

OS:DISTRIB_ID=Ubuntu
DISTRIB_RELEASE=18.04
DISTRIB_CODENAME=bionic
DISTRIB_DESCRIPTION="Ubuntu 18.04.2 LTS"
uname:Linux 4.15.0-46-generic #49-Ubuntu SMP Wed Feb 6 09:33:07 UTC 2019 x86_64
libc:glibc 2.27 NPTL 2.27 
rlimit: STACK 8192k, CORE 0k, NPROC 15099, NOFILE 4096, AS infinity, DATA infinity, FSIZE infinity
load average:1.28 1.29 1.35

/proc/meminfo:
MemTotal:        3943748 kB
MemFree:          127820 kB
MemAvailable:    1407112 kB
Buffers:           39576 kB
Cached:          1439816 kB
SwapCached:         7020 kB
Active:          2620604 kB
Inactive:        1003496 kB
Active(anon):    1786884 kB
Inactive(anon):   387896 kB
Active(file):     833720 kB
Inactive(file):   615600 kB
Unevictable:           0 kB
Mlocked:               0 kB
SwapTotal:        999420 kB
SwapFree:         591280 kB
Dirty:              5048 kB
Writeback:             0 kB
AnonPages:       2142284 kB
Mapped:           165676 kB
Shmem:             30068 kB
Slab:             106416 kB
SReclaimable:      65476 kB
SUnreclaim:        40940 kB
KernelStack:        5968 kB
PageTables:        23604 kB
NFS_Unstable:          0 kB
Bounce:                0 kB
WritebackTmp:          0 kB
CommitLimit:     2971292 kB
Committed_AS:    3148108 kB
VmallocTotal:   34359738367 kB
VmallocUsed:           0 kB
VmallocChunk:          0 kB
HardwareCorrupted:     0 kB
AnonHugePages:         0 kB
ShmemHugePages:        0 kB
ShmemPmdMapped:        0 kB
CmaTotal:              0 kB
CmaFree:               0 kB
HugePages_Total:       0
HugePages_Free:        0
HugePages_Rsvd:        0
HugePages_Surp:        0
Hugepagesize:       2048 kB
DirectMap4k:      158320 kB
DirectMap2M:     3940352 kB
DirectMap1G:           0 kB

container (cgroup) information:
container_type: cgroupv1
cpu_cpuset_cpus: 0-3
cpu_memory_nodes: 0
active_processor_count: 4
cpu_quota: -1
cpu_period: 100000
cpu_shares: -1
memory_limit_in_bytes: -1
memory_and_swap_limit_in_bytes: -2
memory_soft_limit_in_bytes: -1
memory_usage_in_bytes: 3709800448
memory_max_usage_in_bytes: 2048000


CPU:total 4 (initial active 4) (2 cores per cpu, 2 threads per core) family 6 model 69 stepping 1, cmov, cx8, fxsr, mmx, sse, sse2, sse3, ssse3, sse4.1, sse4.2, popcnt, avx, avx2, aes, clmul, erms, lzcnt, ht, tsc, tscinvbit, bmi1, bmi2, fma
CPU Model and flags from /proc/cpuinfo:
model name	: Intel(R) Core(TM) i7-4500U CPU @ 1.80GHz
flags		: fpu vme de pse tsc msr pae mce cx8 apic sep mtrr pge mca cmov pat pse36 clflush dts acpi mmx fxsr sse sse2 ss ht tm pbe syscall nx pdpe1gb rdtscp lm constant_tsc arch_perfmon pebs bts rep_good nopl xtopology nonstop_tsc cpuid aperfmperf pni pclmulqdq dtes64 monitor ds_cpl vmx est tm2 ssse3 sdbg fma cx16 xtpr pdcm pcid sse4_1 sse4_2 movbe popcnt tsc_deadline_timer aes xsave avx f16c rdrand lahf_lm abm cpuid_fault epb invpcid_single pti ssbd ibrs ibpb stibp tpr_shadow vnmi flexpriority ept vpid fsgsbase tsc_adjust bmi1 avx2 smep bmi2 erms invpcid xsaveopt dtherm ida arat pln pts flush_l1d

Memory: 4k page, physical 3943748k(127820k free), swap 999420k(591280k free)

vm_info: OpenJDK 64-Bit Server VM (10.0.2+13-Ubuntu-1ubuntu0.18.04.4) for linux-amd64 JRE (10.0.2+13-Ubuntu-1ubuntu0.18.04.4), built on Nov 13 2018 12:53:39 by "buildd" with gcc 7.3.0

END.
