#
# There is insufficient memory for the Java Runtime Environment to continue.
# Native memory allocation (mmap) failed to map 3221225472 bytes for committing reserved memory.
# Possible reasons:
#   The system is out of physical RAM or swap space
#   The process is running with CompressedOops enabled, and the Java Heap may be blocking the growth of the native heap
# Possible solutions:
#   Reduce memory load on the system
#   Increase physical memory or swap space
#   Check if swap backing store is full
#   Decrease Java heap size (-Xmx/-Xms)
#   Decrease number of Java threads
#   Decrease Java thread stack sizes (-Xss)
#   Set larger code cache with -XX:ReservedCodeCacheSize=
# This output file may be truncated or incomplete.
#
#  Out of Memory Error (os_linux.cpp:2706), pid=6568, tid=6569
#
# JRE version:  (10.0.2+13) (build )
# Java VM: OpenJDK 64-Bit Server VM (10.0.2+13-Ubuntu-1ubuntu0.18.04.4, mixed mode, aot, tiered, compressed oops, g1 gc, linux-amd64)
# Core dump will be written. Default location: Core dumps may be processed with "/usr/share/apport/apport %p %s %c %d %P" (or dumping to /opt/forno/minecraft/core.6568)
#

---------------  S U M M A R Y ------------

Command Line: -Xms3g -Xmx3g server.jar nogui

Host: Intel(R) Core(TM) i7-4500U CPU @ 1.80GHz, 4 cores, 3G, Ubuntu 18.04.2 LTS
Time: Thu Mar 21 06:54:02 2019 JST elapsed time: 0 seconds (0d 0h 0m 0s)

---------------  T H R E A D  ---------------

Current thread (0x00007fba64011000):  JavaThread "Unknown thread" [_thread_in_vm, id=6569, stack(0x00007fba6ac87000,0x00007fba6ad88000)]

Stack: [0x00007fba6ac87000,0x00007fba6ad88000],  sp=0x00007fba6ad862e0,  free space=1020k
Native frames: (J=compiled Java code, A=aot compiled Java code, j=interpreted, Vv=VM code, C=native code)
V  [libjvm.so+0xd27ea4]
V  [libjvm.so+0xd28a4b]
V  [libjvm.so+0x64d415]
V  [libjvm.so+0xb2d7c8]
V  [libjvm.so+0xb2601d]
V  [libjvm.so+0x7662ff]
V  [libjvm.so+0x76653e]
V  [libjvm.so+0x769500]
V  [libjvm.so+0x7efa1c]
V  [libjvm.so+0x7f06df]
V  [libjvm.so+0x7f0b59]
V  [libjvm.so+0x7162cf]
V  [libjvm.so+0x71afd3]
V  [libjvm.so+0xce5dc2]
V  [libjvm.so+0xce60c6]
V  [libjvm.so+0x807d57]
V  [libjvm.so+0xcc7ac4]
V  [libjvm.so+0x8601b1]  JNI_CreateJavaVM+0x51
C  [libjli.so+0x3d83]
C  [libjli.so+0x89dd]
C  [libpthread.so.0+0x76db]  start_thread+0xdb


---------------  P R O C E S S  ---------------

Threads class SMR info:
_java_thread_list=0x000055e08c3806b0, length=0, elements={
}

Java Threads: ( => current thread )

Other Threads:
  0x00007fba64028000 GCTaskThread "GC Thread#0" [stack: 0x00007fba4a8ad000,0x00007fba4a9ad000] [id=6570]
  0x00007fba64029000 GCTaskThread "GC Thread#1" [stack: 0x00007fba4a7ab000,0x00007fba4a8ab000] [id=6571]
  0x00007fba6402b000 GCTaskThread "GC Thread#2" [stack: 0x00007fba4a6a9000,0x00007fba4a7a9000] [id=6572]
  0x00007fba6402c800 GCTaskThread "GC Thread#3" [stack: 0x00007fba4a5a7000,0x00007fba4a6a7000] [id=6573]
  0x00007fba6406a000 ConcurrentGCThread "G1 Main Marker" [stack: 0x00007fba48de1000,0x00007fba48ee1000] [id=6574]
  0x00007fba6406c000 ConcurrentGCThread "G1 Conc#0" [stack: 0x00007fba48cdf000,0x00007fba48ddf000] [id=6575]

[error occurred during error reporting (printing all threads), id 0xe0000002]

VM state:not at safepoint (not fully initialized)

VM Mutex/Monitor currently owned by a thread:  ([mutex/lock_event])
[0x00007fba6400df30] Heap_lock - owner thread: 0x00007fba64011000

Heap address: 0x0000000700000000, size: 3072 MB, Compressed Oops mode: Non-zero based: 0x0000000700000000
Narrow klass base: 0x0000000000000000, Narrow klass shift: 0

GC Heap History (0 events):
No events

Deoptimization events (0 events):
No events

Classes redefined (0 events):
No events

Internal exceptions (0 events):
No events

Events (0 events):
No events


Dynamic libraries:
55e08bd8a000-55e08bd8b000 r-xp 00000000 fd:00 20185882                   /usr/lib/jvm/java-11-openjdk-amd64/bin/java
55e08bf8b000-55e08bf8c000 r--p 00001000 fd:00 20185882                   /usr/lib/jvm/java-11-openjdk-amd64/bin/java
55e08bf8c000-55e08bf8d000 rw-p 00002000 fd:00 20185882                   /usr/lib/jvm/java-11-openjdk-amd64/bin/java
55e08c369000-55e08c38a000 rw-p 00000000 00:00 0                          [heap]
7fba24000000-7fba24021000 rw-p 00000000 00:00 0 
7fba24021000-7fba28000000 ---p 00000000 00:00 0 
7fba2a000000-7fba2c000000 rw-p 00000000 00:00 0 
7fba2c000000-7fba2c021000 rw-p 00000000 00:00 0 
7fba2c021000-7fba30000000 ---p 00000000 00:00 0 
7fba31000000-7fba34000000 ---p 00000000 00:00 0 
7fba34000000-7fba34021000 rw-p 00000000 00:00 0 
7fba34021000-7fba38000000 ---p 00000000 00:00 0 
7fba39000000-7fba3c000000 ---p 00000000 00:00 0 
7fba3c000000-7fba3c021000 rw-p 00000000 00:00 0 
7fba3c021000-7fba40000000 ---p 00000000 00:00 0 
7fba40000000-7fba40021000 rw-p 00000000 00:00 0 
7fba40021000-7fba44000000 ---p 00000000 00:00 0 
7fba44000000-7fba44021000 rw-p 00000000 00:00 0 
7fba44021000-7fba48000000 ---p 00000000 00:00 0 
7fba488d9000-7fba48cdd000 rw-p 00000000 00:00 0 
7fba48cdd000-7fba48cde000 ---p 00000000 00:00 0 
7fba48cde000-7fba48ddf000 rw-p 00000000 00:00 0 
7fba48ddf000-7fba48de0000 ---p 00000000 00:00 0 
7fba48de0000-7fba48fa1000 rw-p 00000000 00:00 0 
7fba48fa1000-7fba4a1a1000 ---p 00000000 00:00 0 
7fba4a1a1000-7fba4a5a5000 rw-p 00000000 00:00 0 
7fba4a5a5000-7fba4a5a6000 ---p 00000000 00:00 0 
7fba4a5a6000-7fba4a6a7000 rw-p 00000000 00:00 0 
7fba4a6a7000-7fba4a6a8000 ---p 00000000 00:00 0 
7fba4a6a8000-7fba4a7a9000 rw-p 00000000 00:00 0 
7fba4a7a9000-7fba4a7aa000 ---p 00000000 00:00 0 
7fba4a7aa000-7fba4a8ab000 rw-p 00000000 00:00 0 
7fba4a8ab000-7fba4a8ac000 ---p 00000000 00:00 0 
7fba4a8ac000-7fba4a9b2000 rw-p 00000000 00:00 0 
7fba4a9b2000-7fba4aa98000 ---p 00000000 00:00 0 
7fba4aa98000-7fba4ad08000 rwxp 00000000 00:00 0 
7fba4ad08000-7fba4b028000 ---p 00000000 00:00 0 
7fba4b028000-7fba4b298000 rwxp 00000000 00:00 0 
7fba4b298000-7fba52560000 ---p 00000000 00:00 0 
7fba52560000-7fba527d0000 rwxp 00000000 00:00 0 
7fba527d0000-7fba59a98000 ---p 00000000 00:00 0 
7fba59a98000-7fba62f73000 r--s 00000000 fd:00 20186057                   /usr/lib/jvm/java-11-openjdk-amd64/lib/modules
7fba62f73000-7fba62f78000 r-xp 00000000 fd:00 20186039                   /usr/lib/jvm/java-11-openjdk-amd64/lib/libjimage.so
7fba62f78000-7fba63177000 ---p 00005000 fd:00 20186039                   /usr/lib/jvm/java-11-openjdk-amd64/lib/libjimage.so
7fba63177000-7fba63178000 r--p 00004000 fd:00 20186039                   /usr/lib/jvm/java-11-openjdk-amd64/lib/libjimage.so
7fba63178000-7fba63179000 rw-p 00005000 fd:00 20186039                   /usr/lib/jvm/java-11-openjdk-amd64/lib/libjimage.so
7fba63179000-7fba63180000 r-xp 00000000 fd:00 20186056                   /usr/lib/jvm/java-11-openjdk-amd64/lib/libzip.so
7fba63180000-7fba6337f000 ---p 00007000 fd:00 20186056                   /usr/lib/jvm/java-11-openjdk-amd64/lib/libzip.so
7fba6337f000-7fba63380000 r--p 00006000 fd:00 20186056                   /usr/lib/jvm/java-11-openjdk-amd64/lib/libzip.so
7fba63380000-7fba63381000 rw-p 00007000 fd:00 20186056                   /usr/lib/jvm/java-11-openjdk-amd64/lib/libzip.so
7fba63381000-7fba6338c000 r-xp 00000000 fd:00 44176093                   /lib/x86_64-linux-gnu/libnss_files-2.27.so
7fba6338c000-7fba6358b000 ---p 0000b000 fd:00 44176093                   /lib/x86_64-linux-gnu/libnss_files-2.27.so
7fba6358b000-7fba6358c000 r--p 0000a000 fd:00 44176093                   /lib/x86_64-linux-gnu/libnss_files-2.27.so
7fba6358c000-7fba6358d000 rw-p 0000b000 fd:00 44176093                   /lib/x86_64-linux-gnu/libnss_files-2.27.so
7fba6358d000-7fba63593000 rw-p 00000000 00:00 0 
7fba63593000-7fba635aa000 r-xp 00000000 fd:00 44176087                   /lib/x86_64-linux-gnu/libnsl-2.27.so
7fba635aa000-7fba637a9000 ---p 00017000 fd:00 44176087                   /lib/x86_64-linux-gnu/libnsl-2.27.so
7fba637a9000-7fba637aa000 r--p 00016000 fd:00 44176087                   /lib/x86_64-linux-gnu/libnsl-2.27.so
7fba637aa000-7fba637ab000 rw-p 00017000 fd:00 44176087                   /lib/x86_64-linux-gnu/libnsl-2.27.so
7fba637ab000-7fba637ad000 rw-p 00000000 00:00 0 
7fba637ad000-7fba637b8000 r-xp 00000000 fd:00 44176104                   /lib/x86_64-linux-gnu/libnss_nis-2.27.so
7fba637b8000-7fba639b7000 ---p 0000b000 fd:00 44176104                   /lib/x86_64-linux-gnu/libnss_nis-2.27.so
7fba639b7000-7fba639b8000 r--p 0000a000 fd:00 44176104                   /lib/x86_64-linux-gnu/libnss_nis-2.27.so
7fba639b8000-7fba639b9000 rw-p 0000b000 fd:00 44176104                   /lib/x86_64-linux-gnu/libnss_nis-2.27.so
7fba639b9000-7fba639c1000 r-xp 00000000 fd:00 44176089                   /lib/x86_64-linux-gnu/libnss_compat-2.27.so
7fba639c1000-7fba63bc1000 ---p 00008000 fd:00 44176089                   /lib/x86_64-linux-gnu/libnss_compat-2.27.so
7fba63bc1000-7fba63bc2000 r--p 00008000 fd:00 44176089                   /lib/x86_64-linux-gnu/libnss_compat-2.27.so
7fba63bc2000-7fba63bc3000 rw-p 00009000 fd:00 44176089                   /lib/x86_64-linux-gnu/libnss_compat-2.27.so
7fba63bc3000-7fba63bef000 r-xp 00000000 fd:00 20186035                   /usr/lib/jvm/java-11-openjdk-amd64/lib/libjava.so
7fba63bef000-7fba63dee000 ---p 0002c000 fd:00 20186035                   /usr/lib/jvm/java-11-openjdk-amd64/lib/libjava.so
7fba63dee000-7fba63def000 r--p 0002b000 fd:00 20186035                   /usr/lib/jvm/java-11-openjdk-amd64/lib/libjava.so
7fba63def000-7fba63df1000 rw-p 0002c000 fd:00 20186035                   /usr/lib/jvm/java-11-openjdk-amd64/lib/libjava.so
7fba63df1000-7fba63dfe000 r-xp 00000000 fd:00 20186055                   /usr/lib/jvm/java-11-openjdk-amd64/lib/libverify.so
7fba63dfe000-7fba63ffd000 ---p 0000d000 fd:00 20186055                   /usr/lib/jvm/java-11-openjdk-amd64/lib/libverify.so
7fba63ffd000-7fba63fff000 r--p 0000c000 fd:00 20186055                   /usr/lib/jvm/java-11-openjdk-amd64/lib/libverify.so
7fba63fff000-7fba64000000 rw-p 0000e000 fd:00 20186055                   /usr/lib/jvm/java-11-openjdk-amd64/lib/libverify.so
7fba64000000-7fba64083000 rw-p 00000000 00:00 0 
7fba64083000-7fba68000000 ---p 00000000 00:00 0 
7fba68028000-7fba6802d000 rw-p 00000000 00:00 0 
7fba6802d000-7fba68113000 ---p 00000000 00:00 0 
7fba68113000-7fba6811a000 r-xp 00000000 fd:00 44176144                   /lib/x86_64-linux-gnu/librt-2.27.so
7fba6811a000-7fba68319000 ---p 00007000 fd:00 44176144                   /lib/x86_64-linux-gnu/librt-2.27.so
7fba68319000-7fba6831a000 r--p 00006000 fd:00 44176144                   /lib/x86_64-linux-gnu/librt-2.27.so
7fba6831a000-7fba6831b000 rw-p 00007000 fd:00 44176144                   /lib/x86_64-linux-gnu/librt-2.27.so
7fba6831b000-7fba68332000 r-xp 00000000 fd:00 44175907                   /lib/x86_64-linux-gnu/libgcc_s.so.1
7fba68332000-7fba68531000 ---p 00017000 fd:00 44175907                   /lib/x86_64-linux-gnu/libgcc_s.so.1
7fba68531000-7fba68532000 r--p 00016000 fd:00 44175907                   /lib/x86_64-linux-gnu/libgcc_s.so.1
7fba68532000-7fba68533000 rw-p 00017000 fd:00 44175907                   /lib/x86_64-linux-gnu/libgcc_s.so.1
7fba68533000-7fba686d0000 r-xp 00000000 fd:00 44176066                   /lib/x86_64-linux-gnu/libm-2.27.so
7fba686d0000-7fba688cf000 ---p 0019d000 fd:00 44176066                   /lib/x86_64-linux-gnu/libm-2.27.so
7fba688cf000-7fba688d0000 r--p 0019c000 fd:00 44176066                   /lib/x86_64-linux-gnu/libm-2.27.so
7fba688d0000-7fba688d1000 rw-p 0019d000 fd:00 44176066                   /lib/x86_64-linux-gnu/libm-2.27.so
7fba688d1000-7fba68a4a000 r-xp 00000000 fd:00 18090134                   /usr/lib/x86_64-linux-gnu/libstdc++.so.6.0.25
7fba68a4a000-7fba68c4a000 ---p 00179000 fd:00 18090134                   /usr/lib/x86_64-linux-gnu/libstdc++.so.6.0.25
7fba68c4a000-7fba68c54000 r--p 00179000 fd:00 18090134                   /usr/lib/x86_64-linux-gnu/libstdc++.so.6.0.25
7fba68c54000-7fba68c56000 rw-p 00183000 fd:00 18090134                   /usr/lib/x86_64-linux-gnu/libstdc++.so.6.0.25
7fba68c56000-7fba68c5a000 rw-p 00000000 00:00 0 
7fba68c5a000-7fba69bf7000 r-xp 00000000 fd:00 20186062                   /usr/lib/jvm/java-11-openjdk-amd64/lib/server/libjvm.so
7fba69bf7000-7fba69df7000 ---p 00f9d000 fd:00 20186062                   /usr/lib/jvm/java-11-openjdk-amd64/lib/server/libjvm.so
7fba69df7000-7fba69ebb000 r--p 00f9d000 fd:00 20186062                   /usr/lib/jvm/java-11-openjdk-amd64/lib/server/libjvm.so
7fba69ebb000-7fba69ef3000 rw-p 01061000 fd:00 20186062                   /usr/lib/jvm/java-11-openjdk-amd64/lib/server/libjvm.so
7fba69ef3000-7fba69f3c000 rw-p 00000000 00:00 0 
7fba69f3c000-7fba69f56000 r-xp 00000000 fd:00 44176136                   /lib/x86_64-linux-gnu/libpthread-2.27.so
7fba69f56000-7fba6a155000 ---p 0001a000 fd:00 44176136                   /lib/x86_64-linux-gnu/libpthread-2.27.so
7fba6a155000-7fba6a156000 r--p 00019000 fd:00 44176136                   /lib/x86_64-linux-gnu/libpthread-2.27.so
7fba6a156000-7fba6a157000 rw-p 0001a000 fd:00 44176136                   /lib/x86_64-linux-gnu/libpthread-2.27.so
7fba6a157000-7fba6a15b000 rw-p 00000000 00:00 0 
7fba6a15b000-7fba6a15e000 r-xp 00000000 fd:00 44176026                   /lib/x86_64-linux-gnu/libdl-2.27.so
7fba6a15e000-7fba6a35d000 ---p 00003000 fd:00 44176026                   /lib/x86_64-linux-gnu/libdl-2.27.so
7fba6a35d000-7fba6a35e000 r--p 00002000 fd:00 44176026                   /lib/x86_64-linux-gnu/libdl-2.27.so
7fba6a35e000-7fba6a35f000 rw-p 00003000 fd:00 44176026                   /lib/x86_64-linux-gnu/libdl-2.27.so
7fba6a35f000-7fba6a37b000 r-xp 00000000 fd:00 44176175                   /lib/x86_64-linux-gnu/libz.so.1.2.11
7fba6a37b000-7fba6a57a000 ---p 0001c000 fd:00 44176175                   /lib/x86_64-linux-gnu/libz.so.1.2.11
7fba6a57a000-7fba6a57b000 r--p 0001b000 fd:00 44176175                   /lib/x86_64-linux-gnu/libz.so.1.2.11
7fba6a57b000-7fba6a57c000 rw-p 0001c000 fd:00 44176175                   /lib/x86_64-linux-gnu/libz.so.1.2.11
7fba6a57c000-7fba6a763000 r-xp 00000000 fd:00 44176003                   /lib/x86_64-linux-gnu/libc-2.27.so
7fba6a763000-7fba6a963000 ---p 001e7000 fd:00 44176003                   /lib/x86_64-linux-gnu/libc-2.27.so
7fba6a963000-7fba6a967000 r--p 001e7000 fd:00 44176003                   /lib/x86_64-linux-gnu/libc-2.27.so
7fba6a967000-7fba6a969000 rw-p 001eb000 fd:00 44176003                   /lib/x86_64-linux-gnu/libc-2.27.so
7fba6a969000-7fba6a96d000 rw-p 00000000 00:00 0 
7fba6a96d000-7fba6a97c000 r-xp 00000000 fd:00 20186020                   /usr/lib/jvm/java-11-openjdk-amd64/lib/jli/libjli.so
7fba6a97c000-7fba6ab7b000 ---p 0000f000 fd:00 20186020                   /usr/lib/jvm/java-11-openjdk-amd64/lib/jli/libjli.so
7fba6ab7b000-7fba6ab7c000 r--p 0000e000 fd:00 20186020                   /usr/lib/jvm/java-11-openjdk-amd64/lib/jli/libjli.so
7fba6ab7c000-7fba6ab7d000 rw-p 0000f000 fd:00 20186020                   /usr/lib/jvm/java-11-openjdk-amd64/lib/jli/libjli.so
7fba6ab7d000-7fba6aba4000 r-xp 00000000 fd:00 44175975                   /lib/x86_64-linux-gnu/ld-2.27.so
7fba6ac20000-7fba6ac87000 rw-p 00000000 00:00 0 
7fba6ac87000-7fba6ac8b000 ---p 00000000 00:00 0 
7fba6ac8b000-7fba6ad8a000 rw-p 00000000 00:00 0 
7fba6ad8b000-7fba6ad91000 rw-p 00000000 00:00 0 
7fba6ad91000-7fba6ad98000 ---p 00000000 00:00 0 
7fba6ad98000-7fba6ada0000 rw-s 00000000 fd:00 16121869                   /tmp/hsperfdata_minecraft/6568
7fba6ada0000-7fba6ada1000 ---p 00000000 00:00 0 
7fba6ada1000-7fba6ada2000 r--p 00000000 00:00 0 
7fba6ada2000-7fba6ada4000 rw-p 00000000 00:00 0 
7fba6ada4000-7fba6ada5000 r--p 00027000 fd:00 44175975                   /lib/x86_64-linux-gnu/ld-2.27.so
7fba6ada5000-7fba6ada6000 rw-p 00028000 fd:00 44175975                   /lib/x86_64-linux-gnu/ld-2.27.so
7fba6ada6000-7fba6ada7000 rw-p 00000000 00:00 0 
7ffdd76b9000-7ffdd76da000 rw-p 00000000 00:00 0                          [stack]
7ffdd7756000-7ffdd7759000 r--p 00000000 00:00 0                          [vvar]
7ffdd7759000-7ffdd775b000 r-xp 00000000 00:00 0                          [vdso]
ffffffffff600000-ffffffffff601000 r-xp 00000000 00:00 0                  [vsyscall]


VM Arguments:
jvm_args: -Xms3g -Xmx3g 
java_command: server.jar nogui
java_class_path (initial): server.jar
Launcher Type: SUN_STANDARD

Logging:
Log output configuration:
#0: stdout all=warning uptime,level,tags
#1: stderr all=off uptime,level,tags

Environment Variables:
PATH=/usr/local/sbin:/usr/local/bin:/usr/sbin:/usr/bin:/sbin:/bin
SHELL=/bin/sh

Signal Handlers:
SIGSEGV: [libjvm.so+0xd28b70], sa_mask[0]=11111111011111111101111111111110, sa_flags=SA_RESTART|SA_SIGINFO
SIGBUS: [libjvm.so+0xd28b70], sa_mask[0]=11111111011111111101111111111110, sa_flags=SA_RESTART|SA_SIGINFO
SIGFPE: [libjvm.so+0xd28b70], sa_mask[0]=11111111011111111101111111111110, sa_flags=SA_RESTART|SA_SIGINFO
SIGPIPE: [libjvm.so+0xb2a1f0], sa_mask[0]=11111111011111111101111111111110, sa_flags=SA_RESTART|SA_SIGINFO
SIGXFSZ: [libjvm.so+0xb2a1f0], sa_mask[0]=11111111011111111101111111111110, sa_flags=SA_RESTART|SA_SIGINFO
SIGILL: [libjvm.so+0xd28b70], sa_mask[0]=11111111011111111101111111111110, sa_flags=SA_RESTART|SA_SIGINFO
SIGUSR2: [libjvm.so+0xb2a030], sa_mask[0]=00000000000000000000000000000000, sa_flags=SA_RESTART|SA_SIGINFO
SIGHUP: SIG_DFL, sa_mask[0]=00000000000000000000000000000000, sa_flags=none
SIGINT: SIG_DFL, sa_mask[0]=00000000000000000000000000000000, sa_flags=none
SIGTERM: SIG_DFL, sa_mask[0]=00000000000000000000000000000000, sa_flags=none
SIGQUIT: SIG_DFL, sa_mask[0]=00000000000000000000000000000000, sa_flags=none


---------------  S Y S T E M  ---------------

OS:DISTRIB_ID=Ubuntu
DISTRIB_RELEASE=18.04
DISTRIB_CODENAME=bionic
DISTRIB_DESCRIPTION="Ubuntu 18.04.2 LTS"
uname:Linux 4.15.0-46-generic #49-Ubuntu SMP Wed Feb 6 09:33:07 UTC 2019 x86_64
libc:glibc 2.27 NPTL 2.27 
rlimit: STACK 8192k, CORE 0k, NPROC 15099, NOFILE 4096, AS infinity, DATA infinity, FSIZE infinity
load average:1.65 1.51 1.38

/proc/meminfo:
MemTotal:        3943748 kB
MemFree:          124880 kB
MemAvailable:    1449536 kB
Buffers:           46640 kB
Cached:          1478016 kB
SwapCached:         6500 kB
Active:          2615672 kB
Inactive:        1011112 kB
Active(anon):    1760772 kB
Inactive(anon):   371424 kB
Active(file):     854900 kB
Inactive(file):   639688 kB
Unevictable:           0 kB
Mlocked:               0 kB
SwapTotal:        999420 kB
SwapFree:         588464 kB
Dirty:              2516 kB
Writeback:             0 kB
AnonPages:       2099804 kB
Mapped:            88560 kB
Shmem:             30068 kB
Slab:             106704 kB
SReclaimable:      65668 kB
SUnreclaim:        41036 kB
KernelStack:        5976 kB
PageTables:        22972 kB
NFS_Unstable:          0 kB
Bounce:                0 kB
WritebackTmp:          0 kB
CommitLimit:     2971292 kB
Committed_AS:    3134232 kB
VmallocTotal:   34359738367 kB
VmallocUsed:           0 kB
VmallocChunk:          0 kB
HardwareCorrupted:     0 kB
AnonHugePages:         0 kB
ShmemHugePages:        0 kB
ShmemPmdMapped:        0 kB
CmaTotal:              0 kB
CmaFree:               0 kB
HugePages_Total:       0
HugePages_Free:        0
HugePages_Rsvd:        0
HugePages_Surp:        0
Hugepagesize:       2048 kB
DirectMap4k:      158320 kB
DirectMap2M:     3940352 kB
DirectMap1G:           0 kB

container (cgroup) information:
container_type: cgroupv1
cpu_cpuset_cpus: 0-3
cpu_memory_nodes: 0
active_processor_count: 4
cpu_quota: -1
cpu_period: 100000
cpu_shares: -1
memory_limit_in_bytes: -1
memory_and_swap_limit_in_bytes: -2
memory_soft_limit_in_bytes: -1
memory_usage_in_bytes: 3712720896
memory_max_usage_in_bytes: 2048000


CPU:total 4 (initial active 4) (2 cores per cpu, 2 threads per core) family 6 model 69 stepping 1, cmov, cx8, fxsr, mmx, sse, sse2, sse3, ssse3, sse4.1, sse4.2, popcnt, avx, avx2, aes, clmul, erms, lzcnt, ht, tsc, tscinvbit, bmi1, bmi2, fma
CPU Model and flags from /proc/cpuinfo:
model name	: Intel(R) Core(TM) i7-4500U CPU @ 1.80GHz
flags		: fpu vme de pse tsc msr pae mce cx8 apic sep mtrr pge mca cmov pat pse36 clflush dts acpi mmx fxsr sse sse2 ss ht tm pbe syscall nx pdpe1gb rdtscp lm constant_tsc arch_perfmon pebs bts rep_good nopl xtopology nonstop_tsc cpuid aperfmperf pni pclmulqdq dtes64 monitor ds_cpl vmx est tm2 ssse3 sdbg fma cx16 xtpr pdcm pcid sse4_1 sse4_2 movbe popcnt tsc_deadline_timer aes xsave avx f16c rdrand lahf_lm abm cpuid_fault epb invpcid_single pti ssbd ibrs ibpb stibp tpr_shadow vnmi flexpriority ept vpid fsgsbase tsc_adjust bmi1 avx2 smep bmi2 erms invpcid xsaveopt dtherm ida arat pln pts flush_l1d

Memory: 4k page, physical 3943748k(124880k free), swap 999420k(588464k free)

vm_info: OpenJDK 64-Bit Server VM (10.0.2+13-Ubuntu-1ubuntu0.18.04.4) for linux-amd64 JRE (10.0.2+13-Ubuntu-1ubuntu0.18.04.4), built on Nov 13 2018 12:53:39 by "buildd" with gcc 7.3.0

END.
