#
# There is insufficient memory for the Java Runtime Environment to continue.
# Native memory allocation (mmap) failed to map 3221225472 bytes for committing reserved memory.
# Possible reasons:
#   The system is out of physical RAM or swap space
#   The process is running with CompressedOops enabled, and the Java Heap may be blocking the growth of the native heap
# Possible solutions:
#   Reduce memory load on the system
#   Increase physical memory or swap space
#   Check if swap backing store is full
#   Decrease Java heap size (-Xmx/-Xms)
#   Decrease number of Java threads
#   Decrease Java thread stack sizes (-Xss)
#   Set larger code cache with -XX:ReservedCodeCacheSize=
# This output file may be truncated or incomplete.
#
#  Out of Memory Error (os_linux.cpp:2706), pid=32688, tid=32689
#
# JRE version:  (10.0.2+13) (build )
# Java VM: OpenJDK 64-Bit Server VM (10.0.2+13-Ubuntu-1ubuntu0.18.04.4, mixed mode, aot, tiered, compressed oops, g1 gc, linux-amd64)
# Core dump will be written. Default location: Core dumps may be processed with "/usr/share/apport/apport %p %s %c %d %P" (or dumping to /opt/forno/minecraft/core.32688)
#

---------------  S U M M A R Y ------------

Command Line: -Xms3g -Xmx3g server.jar nogui

Host: Intel(R) Core(TM) i7-4500U CPU @ 1.80GHz, 4 cores, 3G, Ubuntu 18.04.2 LTS
Time: Thu Mar 21 08:03:19 2019 JST elapsed time: 0 seconds (0d 0h 0m 0s)

---------------  T H R E A D  ---------------

Current thread (0x00007f85c0011000):  JavaThread "Unknown thread" [_thread_in_vm, id=32689, stack(0x00007f85c8085000,0x00007f85c8186000)]

Stack: [0x00007f85c8085000,0x00007f85c8186000],  sp=0x00007f85c81842e0,  free space=1020k
Native frames: (J=compiled Java code, A=aot compiled Java code, j=interpreted, Vv=VM code, C=native code)
V  [libjvm.so+0xd27ea4]
V  [libjvm.so+0xd28a4b]
V  [libjvm.so+0x64d415]
V  [libjvm.so+0xb2d7c8]
V  [libjvm.so+0xb2601d]
V  [libjvm.so+0x7662ff]
V  [libjvm.so+0x76653e]
V  [libjvm.so+0x769500]
V  [libjvm.so+0x7efa1c]
V  [libjvm.so+0x7f06df]
V  [libjvm.so+0x7f0b59]
V  [libjvm.so+0x7162cf]
V  [libjvm.so+0x71afd3]
V  [libjvm.so+0xce5dc2]
V  [libjvm.so+0xce60c6]
V  [libjvm.so+0x807d57]
V  [libjvm.so+0xcc7ac4]
V  [libjvm.so+0x8601b1]  JNI_CreateJavaVM+0x51
C  [libjli.so+0x3d83]
C  [libjli.so+0x89dd]
C  [libpthread.so.0+0x76db]  start_thread+0xdb


---------------  P R O C E S S  ---------------

Threads class SMR info:
_java_thread_list=0x0000557e7be3e6b0, length=0, elements={
}

Java Threads: ( => current thread )

Other Threads:
  0x00007f85c0028000 GCTaskThread "GC Thread#0" [stack: 0x00007f85c41ae000,0x00007f85c42ae000] [id=32690]
  0x00007f85c0029000 GCTaskThread "GC Thread#1" [stack: 0x00007f85c40ac000,0x00007f85c41ac000] [id=32691]
  0x00007f85c002b000 GCTaskThread "GC Thread#2" [stack: 0x00007f85a7a25000,0x00007f85a7b25000] [id=32692]
  0x00007f85c002c800 GCTaskThread "GC Thread#3" [stack: 0x00007f85a7923000,0x00007f85a7a23000] [id=32693]
  0x00007f85c006a000 ConcurrentGCThread "G1 Main Marker" [stack: 0x00007f85a615d000,0x00007f85a625d000] [id=32694]
  0x00007f85c006c000 ConcurrentGCThread "G1 Conc#0" [stack: 0x00007f85a605b000,0x00007f85a615b000] [id=32695]

[error occurred during error reporting (printing all threads), id 0xe0000002]

VM state:not at safepoint (not fully initialized)

VM Mutex/Monitor currently owned by a thread:  ([mutex/lock_event])
[0x00007f85c000df30] Heap_lock - owner thread: 0x00007f85c0011000

Heap address: 0x0000000700000000, size: 3072 MB, Compressed Oops mode: Non-zero based: 0x0000000700000000
Narrow klass base: 0x0000000000000000, Narrow klass shift: 0

GC Heap History (0 events):
No events

Deoptimization events (0 events):
No events

Classes redefined (0 events):
No events

Internal exceptions (0 events):
No events

Events (0 events):
No events


Dynamic libraries:
557e7a646000-557e7a647000 r-xp 00000000 fd:00 20185882                   /usr/lib/jvm/java-11-openjdk-amd64/bin/java
557e7a847000-557e7a848000 r--p 00001000 fd:00 20185882                   /usr/lib/jvm/java-11-openjdk-amd64/bin/java
557e7a848000-557e7a849000 rw-p 00002000 fd:00 20185882                   /usr/lib/jvm/java-11-openjdk-amd64/bin/java
557e7be27000-557e7be48000 rw-p 00000000 00:00 0                          [heap]
7f8580000000-7f8580021000 rw-p 00000000 00:00 0 
7f8580021000-7f8584000000 ---p 00000000 00:00 0 
7f8588000000-7f8588021000 rw-p 00000000 00:00 0 
7f8588021000-7f858c000000 ---p 00000000 00:00 0 
7f858d000000-7f8590000000 ---p 00000000 00:00 0 
7f8590000000-7f8590021000 rw-p 00000000 00:00 0 
7f8590021000-7f8594000000 ---p 00000000 00:00 0 
7f8594bfc000-7f8595000000 rw-p 00000000 00:00 0 
7f8595000000-7f8598000000 ---p 00000000 00:00 0 
7f8598000000-7f8598021000 rw-p 00000000 00:00 0 
7f8598021000-7f859c000000 ---p 00000000 00:00 0 
7f859c000000-7f859c021000 rw-p 00000000 00:00 0 
7f859c021000-7f85a0000000 ---p 00000000 00:00 0 
7f85a0000000-7f85a0021000 rw-p 00000000 00:00 0 
7f85a0021000-7f85a4000000 ---p 00000000 00:00 0 
7f85a4059000-7f85a6059000 rw-p 00000000 00:00 0 
7f85a6059000-7f85a605a000 ---p 00000000 00:00 0 
7f85a605a000-7f85a615b000 rw-p 00000000 00:00 0 
7f85a615b000-7f85a615c000 ---p 00000000 00:00 0 
7f85a615c000-7f85a631d000 rw-p 00000000 00:00 0 
7f85a631d000-7f85a751d000 ---p 00000000 00:00 0 
7f85a751d000-7f85a7921000 rw-p 00000000 00:00 0 
7f85a7921000-7f85a7922000 ---p 00000000 00:00 0 
7f85a7922000-7f85a7a23000 rw-p 00000000 00:00 0 
7f85a7a23000-7f85a7a24000 ---p 00000000 00:00 0 
7f85a7a24000-7f85a7b25000 rw-p 00000000 00:00 0 
7f85a7b25000-7f85a7d95000 rwxp 00000000 00:00 0 
7f85a7d95000-7f85a80b5000 ---p 00000000 00:00 0 
7f85a80b5000-7f85a8325000 rwxp 00000000 00:00 0 
7f85a8325000-7f85af5ed000 ---p 00000000 00:00 0 
7f85af5ed000-7f85af85d000 rwxp 00000000 00:00 0 
7f85af85d000-7f85b6b25000 ---p 00000000 00:00 0 
7f85b6b25000-7f85c0000000 r--s 00000000 fd:00 20186057                   /usr/lib/jvm/java-11-openjdk-amd64/lib/modules
7f85c0000000-7f85c0083000 rw-p 00000000 00:00 0 
7f85c0083000-7f85c4000000 ---p 00000000 00:00 0 
7f85c40aa000-7f85c40ab000 ---p 00000000 00:00 0 
7f85c40ab000-7f85c41ac000 rw-p 00000000 00:00 0 
7f85c41ac000-7f85c41ad000 ---p 00000000 00:00 0 
7f85c41ad000-7f85c42b3000 rw-p 00000000 00:00 0 
7f85c42b3000-7f85c4399000 ---p 00000000 00:00 0 
7f85c4399000-7f85c439e000 rw-p 00000000 00:00 0 
7f85c439e000-7f85c4484000 ---p 00000000 00:00 0 
7f85c4484000-7f85c4489000 r-xp 00000000 fd:00 20186039                   /usr/lib/jvm/java-11-openjdk-amd64/lib/libjimage.so
7f85c4489000-7f85c4688000 ---p 00005000 fd:00 20186039                   /usr/lib/jvm/java-11-openjdk-amd64/lib/libjimage.so
7f85c4688000-7f85c4689000 r--p 00004000 fd:00 20186039                   /usr/lib/jvm/java-11-openjdk-amd64/lib/libjimage.so
7f85c4689000-7f85c468a000 rw-p 00005000 fd:00 20186039                   /usr/lib/jvm/java-11-openjdk-amd64/lib/libjimage.so
7f85c468a000-7f85c4691000 r-xp 00000000 fd:00 20186056                   /usr/lib/jvm/java-11-openjdk-amd64/lib/libzip.so
7f85c4691000-7f85c4890000 ---p 00007000 fd:00 20186056                   /usr/lib/jvm/java-11-openjdk-amd64/lib/libzip.so
7f85c4890000-7f85c4891000 r--p 00006000 fd:00 20186056                   /usr/lib/jvm/java-11-openjdk-amd64/lib/libzip.so
7f85c4891000-7f85c4892000 rw-p 00007000 fd:00 20186056                   /usr/lib/jvm/java-11-openjdk-amd64/lib/libzip.so
7f85c4892000-7f85c489d000 r-xp 00000000 fd:00 44176093                   /lib/x86_64-linux-gnu/libnss_files-2.27.so
7f85c489d000-7f85c4a9c000 ---p 0000b000 fd:00 44176093                   /lib/x86_64-linux-gnu/libnss_files-2.27.so
7f85c4a9c000-7f85c4a9d000 r--p 0000a000 fd:00 44176093                   /lib/x86_64-linux-gnu/libnss_files-2.27.so
7f85c4a9d000-7f85c4a9e000 rw-p 0000b000 fd:00 44176093                   /lib/x86_64-linux-gnu/libnss_files-2.27.so
7f85c4a9e000-7f85c4aa4000 rw-p 00000000 00:00 0 
7f85c4aa4000-7f85c4abb000 r-xp 00000000 fd:00 44176087                   /lib/x86_64-linux-gnu/libnsl-2.27.so
7f85c4abb000-7f85c4cba000 ---p 00017000 fd:00 44176087                   /lib/x86_64-linux-gnu/libnsl-2.27.so
7f85c4cba000-7f85c4cbb000 r--p 00016000 fd:00 44176087                   /lib/x86_64-linux-gnu/libnsl-2.27.so
7f85c4cbb000-7f85c4cbc000 rw-p 00017000 fd:00 44176087                   /lib/x86_64-linux-gnu/libnsl-2.27.so
7f85c4cbc000-7f85c4cbe000 rw-p 00000000 00:00 0 
7f85c4cbe000-7f85c4cc9000 r-xp 00000000 fd:00 44176104                   /lib/x86_64-linux-gnu/libnss_nis-2.27.so
7f85c4cc9000-7f85c4ec8000 ---p 0000b000 fd:00 44176104                   /lib/x86_64-linux-gnu/libnss_nis-2.27.so
7f85c4ec8000-7f85c4ec9000 r--p 0000a000 fd:00 44176104                   /lib/x86_64-linux-gnu/libnss_nis-2.27.so
7f85c4ec9000-7f85c4eca000 rw-p 0000b000 fd:00 44176104                   /lib/x86_64-linux-gnu/libnss_nis-2.27.so
7f85c4eca000-7f85c4ed2000 r-xp 00000000 fd:00 44176089                   /lib/x86_64-linux-gnu/libnss_compat-2.27.so
7f85c4ed2000-7f85c50d2000 ---p 00008000 fd:00 44176089                   /lib/x86_64-linux-gnu/libnss_compat-2.27.so
7f85c50d2000-7f85c50d3000 r--p 00008000 fd:00 44176089                   /lib/x86_64-linux-gnu/libnss_compat-2.27.so
7f85c50d3000-7f85c50d4000 rw-p 00009000 fd:00 44176089                   /lib/x86_64-linux-gnu/libnss_compat-2.27.so
7f85c50d4000-7f85c5100000 r-xp 00000000 fd:00 20186035                   /usr/lib/jvm/java-11-openjdk-amd64/lib/libjava.so
7f85c5100000-7f85c52ff000 ---p 0002c000 fd:00 20186035                   /usr/lib/jvm/java-11-openjdk-amd64/lib/libjava.so
7f85c52ff000-7f85c5300000 r--p 0002b000 fd:00 20186035                   /usr/lib/jvm/java-11-openjdk-amd64/lib/libjava.so
7f85c5300000-7f85c5302000 rw-p 0002c000 fd:00 20186035                   /usr/lib/jvm/java-11-openjdk-amd64/lib/libjava.so
7f85c5302000-7f85c530f000 r-xp 00000000 fd:00 20186055                   /usr/lib/jvm/java-11-openjdk-amd64/lib/libverify.so
7f85c530f000-7f85c550e000 ---p 0000d000 fd:00 20186055                   /usr/lib/jvm/java-11-openjdk-amd64/lib/libverify.so
7f85c550e000-7f85c5510000 r--p 0000c000 fd:00 20186055                   /usr/lib/jvm/java-11-openjdk-amd64/lib/libverify.so
7f85c5510000-7f85c5511000 rw-p 0000e000 fd:00 20186055                   /usr/lib/jvm/java-11-openjdk-amd64/lib/libverify.so
7f85c5511000-7f85c5518000 r-xp 00000000 fd:00 44176144                   /lib/x86_64-linux-gnu/librt-2.27.so
7f85c5518000-7f85c5717000 ---p 00007000 fd:00 44176144                   /lib/x86_64-linux-gnu/librt-2.27.so
7f85c5717000-7f85c5718000 r--p 00006000 fd:00 44176144                   /lib/x86_64-linux-gnu/librt-2.27.so
7f85c5718000-7f85c5719000 rw-p 00007000 fd:00 44176144                   /lib/x86_64-linux-gnu/librt-2.27.so
7f85c5719000-7f85c5730000 r-xp 00000000 fd:00 44175907                   /lib/x86_64-linux-gnu/libgcc_s.so.1
7f85c5730000-7f85c592f000 ---p 00017000 fd:00 44175907                   /lib/x86_64-linux-gnu/libgcc_s.so.1
7f85c592f000-7f85c5930000 r--p 00016000 fd:00 44175907                   /lib/x86_64-linux-gnu/libgcc_s.so.1
7f85c5930000-7f85c5931000 rw-p 00017000 fd:00 44175907                   /lib/x86_64-linux-gnu/libgcc_s.so.1
7f85c5931000-7f85c5ace000 r-xp 00000000 fd:00 44176066                   /lib/x86_64-linux-gnu/libm-2.27.so
7f85c5ace000-7f85c5ccd000 ---p 0019d000 fd:00 44176066                   /lib/x86_64-linux-gnu/libm-2.27.so
7f85c5ccd000-7f85c5cce000 r--p 0019c000 fd:00 44176066                   /lib/x86_64-linux-gnu/libm-2.27.so
7f85c5cce000-7f85c5ccf000 rw-p 0019d000 fd:00 44176066                   /lib/x86_64-linux-gnu/libm-2.27.so
7f85c5ccf000-7f85c5e48000 r-xp 00000000 fd:00 18090134                   /usr/lib/x86_64-linux-gnu/libstdc++.so.6.0.25
7f85c5e48000-7f85c6048000 ---p 00179000 fd:00 18090134                   /usr/lib/x86_64-linux-gnu/libstdc++.so.6.0.25
7f85c6048000-7f85c6052000 r--p 00179000 fd:00 18090134                   /usr/lib/x86_64-linux-gnu/libstdc++.so.6.0.25
7f85c6052000-7f85c6054000 rw-p 00183000 fd:00 18090134                   /usr/lib/x86_64-linux-gnu/libstdc++.so.6.0.25
7f85c6054000-7f85c6058000 rw-p 00000000 00:00 0 
7f85c6058000-7f85c6ff5000 r-xp 00000000 fd:00 20186062                   /usr/lib/jvm/java-11-openjdk-amd64/lib/server/libjvm.so
7f85c6ff5000-7f85c71f5000 ---p 00f9d000 fd:00 20186062                   /usr/lib/jvm/java-11-openjdk-amd64/lib/server/libjvm.so
7f85c71f5000-7f85c72b9000 r--p 00f9d000 fd:00 20186062                   /usr/lib/jvm/java-11-openjdk-amd64/lib/server/libjvm.so
7f85c72b9000-7f85c72f1000 rw-p 01061000 fd:00 20186062                   /usr/lib/jvm/java-11-openjdk-amd64/lib/server/libjvm.so
7f85c72f1000-7f85c733a000 rw-p 00000000 00:00 0 
7f85c733a000-7f85c7354000 r-xp 00000000 fd:00 44176136                   /lib/x86_64-linux-gnu/libpthread-2.27.so
7f85c7354000-7f85c7553000 ---p 0001a000 fd:00 44176136                   /lib/x86_64-linux-gnu/libpthread-2.27.so
7f85c7553000-7f85c7554000 r--p 00019000 fd:00 44176136                   /lib/x86_64-linux-gnu/libpthread-2.27.so
7f85c7554000-7f85c7555000 rw-p 0001a000 fd:00 44176136                   /lib/x86_64-linux-gnu/libpthread-2.27.so
7f85c7555000-7f85c7559000 rw-p 00000000 00:00 0 
7f85c7559000-7f85c755c000 r-xp 00000000 fd:00 44176026                   /lib/x86_64-linux-gnu/libdl-2.27.so
7f85c755c000-7f85c775b000 ---p 00003000 fd:00 44176026                   /lib/x86_64-linux-gnu/libdl-2.27.so
7f85c775b000-7f85c775c000 r--p 00002000 fd:00 44176026                   /lib/x86_64-linux-gnu/libdl-2.27.so
7f85c775c000-7f85c775d000 rw-p 00003000 fd:00 44176026                   /lib/x86_64-linux-gnu/libdl-2.27.so
7f85c775d000-7f85c7779000 r-xp 00000000 fd:00 44176175                   /lib/x86_64-linux-gnu/libz.so.1.2.11
7f85c7779000-7f85c7978000 ---p 0001c000 fd:00 44176175                   /lib/x86_64-linux-gnu/libz.so.1.2.11
7f85c7978000-7f85c7979000 r--p 0001b000 fd:00 44176175                   /lib/x86_64-linux-gnu/libz.so.1.2.11
7f85c7979000-7f85c797a000 rw-p 0001c000 fd:00 44176175                   /lib/x86_64-linux-gnu/libz.so.1.2.11
7f85c797a000-7f85c7b61000 r-xp 00000000 fd:00 44176003                   /lib/x86_64-linux-gnu/libc-2.27.so
7f85c7b61000-7f85c7d61000 ---p 001e7000 fd:00 44176003                   /lib/x86_64-linux-gnu/libc-2.27.so
7f85c7d61000-7f85c7d65000 r--p 001e7000 fd:00 44176003                   /lib/x86_64-linux-gnu/libc-2.27.so
7f85c7d65000-7f85c7d67000 rw-p 001eb000 fd:00 44176003                   /lib/x86_64-linux-gnu/libc-2.27.so
7f85c7d67000-7f85c7d6b000 rw-p 00000000 00:00 0 
7f85c7d6b000-7f85c7d7a000 r-xp 00000000 fd:00 20186020                   /usr/lib/jvm/java-11-openjdk-amd64/lib/jli/libjli.so
7f85c7d7a000-7f85c7f79000 ---p 0000f000 fd:00 20186020                   /usr/lib/jvm/java-11-openjdk-amd64/lib/jli/libjli.so
7f85c7f79000-7f85c7f7a000 r--p 0000e000 fd:00 20186020                   /usr/lib/jvm/java-11-openjdk-amd64/lib/jli/libjli.so
7f85c7f7a000-7f85c7f7b000 rw-p 0000f000 fd:00 20186020                   /usr/lib/jvm/java-11-openjdk-amd64/lib/jli/libjli.so
7f85c7f7b000-7f85c7fa2000 r-xp 00000000 fd:00 44175975                   /lib/x86_64-linux-gnu/ld-2.27.so
7f85c801e000-7f85c8085000 rw-p 00000000 00:00 0 
7f85c8085000-7f85c8089000 ---p 00000000 00:00 0 
7f85c8089000-7f85c8188000 rw-p 00000000 00:00 0 
7f85c8189000-7f85c818f000 rw-p 00000000 00:00 0 
7f85c818f000-7f85c8196000 ---p 00000000 00:00 0 
7f85c8196000-7f85c819e000 rw-s 00000000 fd:00 16121869                   /tmp/hsperfdata_minecraft/32688
7f85c819e000-7f85c819f000 ---p 00000000 00:00 0 
7f85c819f000-7f85c81a0000 r--p 00000000 00:00 0 
7f85c81a0000-7f85c81a2000 rw-p 00000000 00:00 0 
7f85c81a2000-7f85c81a3000 r--p 00027000 fd:00 44175975                   /lib/x86_64-linux-gnu/ld-2.27.so
7f85c81a3000-7f85c81a4000 rw-p 00028000 fd:00 44175975                   /lib/x86_64-linux-gnu/ld-2.27.so
7f85c81a4000-7f85c81a5000 rw-p 00000000 00:00 0 
7ffc24ff0000-7ffc25011000 rw-p 00000000 00:00 0                          [stack]
7ffc250f7000-7ffc250fa000 r--p 00000000 00:00 0                          [vvar]
7ffc250fa000-7ffc250fc000 r-xp 00000000 00:00 0                          [vdso]
ffffffffff600000-ffffffffff601000 r-xp 00000000 00:00 0                  [vsyscall]


VM Arguments:
jvm_args: -Xms3g -Xmx3g 
java_command: server.jar nogui
java_class_path (initial): server.jar
Launcher Type: SUN_STANDARD

Logging:
Log output configuration:
#0: stdout all=warning uptime,level,tags
#1: stderr all=off uptime,level,tags

Environment Variables:
PATH=/usr/local/sbin:/usr/local/bin:/usr/sbin:/usr/bin:/sbin:/bin
SHELL=/bin/sh

Signal Handlers:
SIGSEGV: [libjvm.so+0xd28b70], sa_mask[0]=11111111011111111101111111111110, sa_flags=SA_RESTART|SA_SIGINFO
SIGBUS: [libjvm.so+0xd28b70], sa_mask[0]=11111111011111111101111111111110, sa_flags=SA_RESTART|SA_SIGINFO
SIGFPE: [libjvm.so+0xd28b70], sa_mask[0]=11111111011111111101111111111110, sa_flags=SA_RESTART|SA_SIGINFO
SIGPIPE: [libjvm.so+0xb2a1f0], sa_mask[0]=11111111011111111101111111111110, sa_flags=SA_RESTART|SA_SIGINFO
SIGXFSZ: [libjvm.so+0xb2a1f0], sa_mask[0]=11111111011111111101111111111110, sa_flags=SA_RESTART|SA_SIGINFO
SIGILL: [libjvm.so+0xd28b70], sa_mask[0]=11111111011111111101111111111110, sa_flags=SA_RESTART|SA_SIGINFO
SIGUSR2: [libjvm.so+0xb2a030], sa_mask[0]=00000000000000000000000000000000, sa_flags=SA_RESTART|SA_SIGINFO
SIGHUP: SIG_DFL, sa_mask[0]=00000000000000000000000000000000, sa_flags=none
SIGINT: SIG_DFL, sa_mask[0]=00000000000000000000000000000000, sa_flags=none
SIGTERM: SIG_DFL, sa_mask[0]=00000000000000000000000000000000, sa_flags=none
SIGQUIT: SIG_DFL, sa_mask[0]=00000000000000000000000000000000, sa_flags=none


---------------  S Y S T E M  ---------------

OS:DISTRIB_ID=Ubuntu
DISTRIB_RELEASE=18.04
DISTRIB_CODENAME=bionic
DISTRIB_DESCRIPTION="Ubuntu 18.04.2 LTS"
uname:Linux 4.15.0-46-generic #49-Ubuntu SMP Wed Feb 6 09:33:07 UTC 2019 x86_64
libc:glibc 2.27 NPTL 2.27 
rlimit: STACK 8192k, CORE 0k, NPROC 15099, NOFILE 4096, AS infinity, DATA infinity, FSIZE infinity
load average:1.51 1.39 1.33

/proc/meminfo:
MemTotal:        3943748 kB
MemFree:          112308 kB
MemAvailable:    1316356 kB
Buffers:           37124 kB
Cached:          1366660 kB
SwapCached:         7892 kB
Active:          2697716 kB
Inactive:         940688 kB
Active(anon):    1838528 kB
Inactive(anon):   426160 kB
Active(file):     859188 kB
Inactive(file):   514528 kB
Unevictable:           0 kB
Mlocked:               0 kB
SwapTotal:        999420 kB
SwapFree:         596656 kB
Dirty:              2944 kB
Writeback:             0 kB
AnonPages:       2232420 kB
Mapped:           136780 kB
Shmem:             30068 kB
Slab:             107088 kB
SReclaimable:      66196 kB
SUnreclaim:        40892 kB
KernelStack:        5960 kB
PageTables:        23452 kB
NFS_Unstable:          0 kB
Bounce:                0 kB
WritebackTmp:          0 kB
CommitLimit:     2971292 kB
Committed_AS:    3174224 kB
VmallocTotal:   34359738367 kB
VmallocUsed:           0 kB
VmallocChunk:          0 kB
HardwareCorrupted:     0 kB
AnonHugePages:         0 kB
ShmemHugePages:        0 kB
ShmemPmdMapped:        0 kB
CmaTotal:              0 kB
CmaFree:               0 kB
HugePages_Total:       0
HugePages_Free:        0
HugePages_Rsvd:        0
HugePages_Surp:        0
Hugepagesize:       2048 kB
DirectMap4k:      158320 kB
DirectMap2M:     3940352 kB
DirectMap1G:           0 kB

container (cgroup) information:
container_type: cgroupv1
cpu_cpuset_cpus: 0-3
cpu_memory_nodes: 0
active_processor_count: 4
cpu_quota: -1
cpu_period: 100000
cpu_shares: -1
memory_limit_in_bytes: -1
memory_and_swap_limit_in_bytes: -2
memory_soft_limit_in_bytes: -1
memory_usage_in_bytes: 3724361728
memory_max_usage_in_bytes: 2048000


CPU:total 4 (initial active 4) (2 cores per cpu, 2 threads per core) family 6 model 69 stepping 1, cmov, cx8, fxsr, mmx, sse, sse2, sse3, ssse3, sse4.1, sse4.2, popcnt, avx, avx2, aes, clmul, erms, lzcnt, ht, tsc, tscinvbit, bmi1, bmi2, fma
CPU Model and flags from /proc/cpuinfo:
model name	: Intel(R) Core(TM) i7-4500U CPU @ 1.80GHz
flags		: fpu vme de pse tsc msr pae mce cx8 apic sep mtrr pge mca cmov pat pse36 clflush dts acpi mmx fxsr sse sse2 ss ht tm pbe syscall nx pdpe1gb rdtscp lm constant_tsc arch_perfmon pebs bts rep_good nopl xtopology nonstop_tsc cpuid aperfmperf pni pclmulqdq dtes64 monitor ds_cpl vmx est tm2 ssse3 sdbg fma cx16 xtpr pdcm pcid sse4_1 sse4_2 movbe popcnt tsc_deadline_timer aes xsave avx f16c rdrand lahf_lm abm cpuid_fault epb invpcid_single pti ssbd ibrs ibpb stibp tpr_shadow vnmi flexpriority ept vpid fsgsbase tsc_adjust bmi1 avx2 smep bmi2 erms invpcid xsaveopt dtherm ida arat pln pts flush_l1d

Memory: 4k page, physical 3943748k(112308k free), swap 999420k(596656k free)

vm_info: OpenJDK 64-Bit Server VM (10.0.2+13-Ubuntu-1ubuntu0.18.04.4) for linux-amd64 JRE (10.0.2+13-Ubuntu-1ubuntu0.18.04.4), built on Nov 13 2018 12:53:39 by "buildd" with gcc 7.3.0

END.
