#
# There is insufficient memory for the Java Runtime Environment to continue.
# Native memory allocation (mmap) failed to map 3221225472 bytes for committing reserved memory.
# Possible reasons:
#   The system is out of physical RAM or swap space
#   The process is running with CompressedOops enabled, and the Java Heap may be blocking the growth of the native heap
# Possible solutions:
#   Reduce memory load on the system
#   Increase physical memory or swap space
#   Check if swap backing store is full
#   Decrease Java heap size (-Xmx/-Xms)
#   Decrease number of Java threads
#   Decrease Java thread stack sizes (-Xss)
#   Set larger code cache with -XX:ReservedCodeCacheSize=
# This output file may be truncated or incomplete.
#
#  Out of Memory Error (os_linux.cpp:2706), pid=13588, tid=13589
#
# JRE version:  (10.0.2+13) (build )
# Java VM: OpenJDK 64-Bit Server VM (10.0.2+13-Ubuntu-1ubuntu0.18.04.4, mixed mode, aot, tiered, compressed oops, g1 gc, linux-amd64)
# Core dump will be written. Default location: Core dumps may be processed with "/usr/share/apport/apport %p %s %c %d %P" (or dumping to /opt/forno/minecraft/core.13588)
#

---------------  S U M M A R Y ------------

Command Line: -Xms3g -Xmx3g server.jar nogui

Host: Intel(R) Core(TM) i7-4500U CPU @ 1.80GHz, 4 cores, 3G, Ubuntu 18.04.2 LTS
Time: Thu Mar 21 08:22:24 2019 JST elapsed time: 0 seconds (0d 0h 0m 0s)

---------------  T H R E A D  ---------------

Current thread (0x00007f5a38011000):  JavaThread "Unknown thread" [_thread_in_vm, id=13589, stack(0x00007f5a41803000,0x00007f5a41904000)]

Stack: [0x00007f5a41803000,0x00007f5a41904000],  sp=0x00007f5a419022e0,  free space=1020k
Native frames: (J=compiled Java code, A=aot compiled Java code, j=interpreted, Vv=VM code, C=native code)
V  [libjvm.so+0xd27ea4]
V  [libjvm.so+0xd28a4b]
V  [libjvm.so+0x64d415]
V  [libjvm.so+0xb2d7c8]
V  [libjvm.so+0xb2601d]
V  [libjvm.so+0x7662ff]
V  [libjvm.so+0x76653e]
V  [libjvm.so+0x769500]
V  [libjvm.so+0x7efa1c]
V  [libjvm.so+0x7f06df]
V  [libjvm.so+0x7f0b59]
V  [libjvm.so+0x7162cf]
V  [libjvm.so+0x71afd3]
V  [libjvm.so+0xce5dc2]
V  [libjvm.so+0xce60c6]
V  [libjvm.so+0x807d57]
V  [libjvm.so+0xcc7ac4]
V  [libjvm.so+0x8601b1]  JNI_CreateJavaVM+0x51
C  [libjli.so+0x3d83]
C  [libjli.so+0x89dd]
C  [libpthread.so.0+0x76db]  start_thread+0xdb


---------------  P R O C E S S  ---------------

Threads class SMR info:
_java_thread_list=0x000055e69d6466b0, length=0, elements={
}

Java Threads: ( => current thread )

Other Threads:
  0x00007f5a38028000 GCTaskThread "GC Thread#0" [stack: 0x00007f5a3d92c000,0x00007f5a3da2c000] [id=13591]
  0x00007f5a38029000 GCTaskThread "GC Thread#1" [stack: 0x00007f5a3d82a000,0x00007f5a3d92a000] [id=13592]
  0x00007f5a3802b000 GCTaskThread "GC Thread#2" [stack: 0x00007f5a3d728000,0x00007f5a3d828000] [id=13593]
  0x00007f5a3802c800 GCTaskThread "GC Thread#3" [stack: 0x00007f5a3d626000,0x00007f5a3d726000] [id=13594]
  0x00007f5a3806a000 ConcurrentGCThread "G1 Main Marker" [stack: 0x00007f5a1c965000,0x00007f5a1ca65000] [id=13595]
  0x00007f5a3806c000 ConcurrentGCThread "G1 Conc#0" [stack: 0x00007f5a1c863000,0x00007f5a1c963000] [id=13596]

[error occurred during error reporting (printing all threads), id 0xe0000002]

VM state:not at safepoint (not fully initialized)

VM Mutex/Monitor currently owned by a thread:  ([mutex/lock_event])
[0x00007f5a3800df30] Heap_lock - owner thread: 0x00007f5a38011000

Heap address: 0x0000000700000000, size: 3072 MB, Compressed Oops mode: Non-zero based: 0x0000000700000000
Narrow klass base: 0x0000000000000000, Narrow klass shift: 0

GC Heap History (0 events):
No events

Deoptimization events (0 events):
No events

Classes redefined (0 events):
No events

Internal exceptions (0 events):
No events

Events (0 events):
No events


Dynamic libraries:
55e69c38a000-55e69c38b000 r-xp 00000000 fd:00 20185882                   /usr/lib/jvm/java-11-openjdk-amd64/bin/java
55e69c58b000-55e69c58c000 r--p 00001000 fd:00 20185882                   /usr/lib/jvm/java-11-openjdk-amd64/bin/java
55e69c58c000-55e69c58d000 rw-p 00002000 fd:00 20185882                   /usr/lib/jvm/java-11-openjdk-amd64/bin/java
55e69d62f000-55e69d650000 rw-p 00000000 00:00 0                          [heap]
7f59fc000000-7f59fc021000 rw-p 00000000 00:00 0 
7f59fc021000-7f5a00000000 ---p 00000000 00:00 0 
7f5a02000000-7f5a04000000 rw-p 00000000 00:00 0 
7f5a04000000-7f5a04021000 rw-p 00000000 00:00 0 
7f5a04021000-7f5a08000000 ---p 00000000 00:00 0 
7f5a08000000-7f5a08021000 rw-p 00000000 00:00 0 
7f5a08021000-7f5a0c000000 ---p 00000000 00:00 0 
7f5a0d000000-7f5a10000000 ---p 00000000 00:00 0 
7f5a10000000-7f5a10021000 rw-p 00000000 00:00 0 
7f5a10021000-7f5a14000000 ---p 00000000 00:00 0 
7f5a14000000-7f5a14021000 rw-p 00000000 00:00 0 
7f5a14021000-7f5a18000000 ---p 00000000 00:00 0 
7f5a18000000-7f5a18021000 rw-p 00000000 00:00 0 
7f5a18021000-7f5a1c000000 ---p 00000000 00:00 0 
7f5a1c45d000-7f5a1c861000 rw-p 00000000 00:00 0 
7f5a1c861000-7f5a1c862000 ---p 00000000 00:00 0 
7f5a1c862000-7f5a1c963000 rw-p 00000000 00:00 0 
7f5a1c963000-7f5a1c964000 ---p 00000000 00:00 0 
7f5a1c964000-7f5a1cb25000 rw-p 00000000 00:00 0 
7f5a1cb25000-7f5a1fb25000 ---p 00000000 00:00 0 
7f5a1fb25000-7f5a1fd95000 rwxp 00000000 00:00 0 
7f5a1fd95000-7f5a200b5000 ---p 00000000 00:00 0 
7f5a200b5000-7f5a20325000 rwxp 00000000 00:00 0 
7f5a20325000-7f5a275ed000 ---p 00000000 00:00 0 
7f5a275ed000-7f5a2785d000 rwxp 00000000 00:00 0 
7f5a2785d000-7f5a2eb25000 ---p 00000000 00:00 0 
7f5a2eb25000-7f5a38000000 r--s 00000000 fd:00 20186057                   /usr/lib/jvm/java-11-openjdk-amd64/lib/modules
7f5a38000000-7f5a38083000 rw-p 00000000 00:00 0 
7f5a38083000-7f5a3c000000 ---p 00000000 00:00 0 
7f5a3c020000-7f5a3d220000 ---p 00000000 00:00 0 
7f5a3d220000-7f5a3d624000 rw-p 00000000 00:00 0 
7f5a3d624000-7f5a3d625000 ---p 00000000 00:00 0 
7f5a3d625000-7f5a3d726000 rw-p 00000000 00:00 0 
7f5a3d726000-7f5a3d727000 ---p 00000000 00:00 0 
7f5a3d727000-7f5a3d828000 rw-p 00000000 00:00 0 
7f5a3d828000-7f5a3d829000 ---p 00000000 00:00 0 
7f5a3d829000-7f5a3d92a000 rw-p 00000000 00:00 0 
7f5a3d92a000-7f5a3d92b000 ---p 00000000 00:00 0 
7f5a3d92b000-7f5a3da31000 rw-p 00000000 00:00 0 
7f5a3da31000-7f5a3db17000 ---p 00000000 00:00 0 
7f5a3db17000-7f5a3db1c000 rw-p 00000000 00:00 0 
7f5a3db1c000-7f5a3dc02000 ---p 00000000 00:00 0 
7f5a3dc02000-7f5a3dc07000 r-xp 00000000 fd:00 20186039                   /usr/lib/jvm/java-11-openjdk-amd64/lib/libjimage.so
7f5a3dc07000-7f5a3de06000 ---p 00005000 fd:00 20186039                   /usr/lib/jvm/java-11-openjdk-amd64/lib/libjimage.so
7f5a3de06000-7f5a3de07000 r--p 00004000 fd:00 20186039                   /usr/lib/jvm/java-11-openjdk-amd64/lib/libjimage.so
7f5a3de07000-7f5a3de08000 rw-p 00005000 fd:00 20186039                   /usr/lib/jvm/java-11-openjdk-amd64/lib/libjimage.so
7f5a3de08000-7f5a3de0f000 r-xp 00000000 fd:00 20186056                   /usr/lib/jvm/java-11-openjdk-amd64/lib/libzip.so
7f5a3de0f000-7f5a3e00e000 ---p 00007000 fd:00 20186056                   /usr/lib/jvm/java-11-openjdk-amd64/lib/libzip.so
7f5a3e00e000-7f5a3e00f000 r--p 00006000 fd:00 20186056                   /usr/lib/jvm/java-11-openjdk-amd64/lib/libzip.so
7f5a3e00f000-7f5a3e010000 rw-p 00007000 fd:00 20186056                   /usr/lib/jvm/java-11-openjdk-amd64/lib/libzip.so
7f5a3e010000-7f5a3e01b000 r-xp 00000000 fd:00 44176093                   /lib/x86_64-linux-gnu/libnss_files-2.27.so
7f5a3e01b000-7f5a3e21a000 ---p 0000b000 fd:00 44176093                   /lib/x86_64-linux-gnu/libnss_files-2.27.so
7f5a3e21a000-7f5a3e21b000 r--p 0000a000 fd:00 44176093                   /lib/x86_64-linux-gnu/libnss_files-2.27.so
7f5a3e21b000-7f5a3e21c000 rw-p 0000b000 fd:00 44176093                   /lib/x86_64-linux-gnu/libnss_files-2.27.so
7f5a3e21c000-7f5a3e222000 rw-p 00000000 00:00 0 
7f5a3e222000-7f5a3e239000 r-xp 00000000 fd:00 44176087                   /lib/x86_64-linux-gnu/libnsl-2.27.so
7f5a3e239000-7f5a3e438000 ---p 00017000 fd:00 44176087                   /lib/x86_64-linux-gnu/libnsl-2.27.so
7f5a3e438000-7f5a3e439000 r--p 00016000 fd:00 44176087                   /lib/x86_64-linux-gnu/libnsl-2.27.so
7f5a3e439000-7f5a3e43a000 rw-p 00017000 fd:00 44176087                   /lib/x86_64-linux-gnu/libnsl-2.27.so
7f5a3e43a000-7f5a3e43c000 rw-p 00000000 00:00 0 
7f5a3e43c000-7f5a3e447000 r-xp 00000000 fd:00 44176104                   /lib/x86_64-linux-gnu/libnss_nis-2.27.so
7f5a3e447000-7f5a3e646000 ---p 0000b000 fd:00 44176104                   /lib/x86_64-linux-gnu/libnss_nis-2.27.so
7f5a3e646000-7f5a3e647000 r--p 0000a000 fd:00 44176104                   /lib/x86_64-linux-gnu/libnss_nis-2.27.so
7f5a3e647000-7f5a3e648000 rw-p 0000b000 fd:00 44176104                   /lib/x86_64-linux-gnu/libnss_nis-2.27.so
7f5a3e648000-7f5a3e650000 r-xp 00000000 fd:00 44176089                   /lib/x86_64-linux-gnu/libnss_compat-2.27.so
7f5a3e650000-7f5a3e850000 ---p 00008000 fd:00 44176089                   /lib/x86_64-linux-gnu/libnss_compat-2.27.so
7f5a3e850000-7f5a3e851000 r--p 00008000 fd:00 44176089                   /lib/x86_64-linux-gnu/libnss_compat-2.27.so
7f5a3e851000-7f5a3e852000 rw-p 00009000 fd:00 44176089                   /lib/x86_64-linux-gnu/libnss_compat-2.27.so
7f5a3e852000-7f5a3e87e000 r-xp 00000000 fd:00 20186035                   /usr/lib/jvm/java-11-openjdk-amd64/lib/libjava.so
7f5a3e87e000-7f5a3ea7d000 ---p 0002c000 fd:00 20186035                   /usr/lib/jvm/java-11-openjdk-amd64/lib/libjava.so
7f5a3ea7d000-7f5a3ea7e000 r--p 0002b000 fd:00 20186035                   /usr/lib/jvm/java-11-openjdk-amd64/lib/libjava.so
7f5a3ea7e000-7f5a3ea80000 rw-p 0002c000 fd:00 20186035                   /usr/lib/jvm/java-11-openjdk-amd64/lib/libjava.so
7f5a3ea80000-7f5a3ea8d000 r-xp 00000000 fd:00 20186055                   /usr/lib/jvm/java-11-openjdk-amd64/lib/libverify.so
7f5a3ea8d000-7f5a3ec8c000 ---p 0000d000 fd:00 20186055                   /usr/lib/jvm/java-11-openjdk-amd64/lib/libverify.so
7f5a3ec8c000-7f5a3ec8e000 r--p 0000c000 fd:00 20186055                   /usr/lib/jvm/java-11-openjdk-amd64/lib/libverify.so
7f5a3ec8e000-7f5a3ec8f000 rw-p 0000e000 fd:00 20186055                   /usr/lib/jvm/java-11-openjdk-amd64/lib/libverify.so
7f5a3ec8f000-7f5a3ec96000 r-xp 00000000 fd:00 44176144                   /lib/x86_64-linux-gnu/librt-2.27.so
7f5a3ec96000-7f5a3ee95000 ---p 00007000 fd:00 44176144                   /lib/x86_64-linux-gnu/librt-2.27.so
7f5a3ee95000-7f5a3ee96000 r--p 00006000 fd:00 44176144                   /lib/x86_64-linux-gnu/librt-2.27.so
7f5a3ee96000-7f5a3ee97000 rw-p 00007000 fd:00 44176144                   /lib/x86_64-linux-gnu/librt-2.27.so
7f5a3ee97000-7f5a3eeae000 r-xp 00000000 fd:00 44175907                   /lib/x86_64-linux-gnu/libgcc_s.so.1
7f5a3eeae000-7f5a3f0ad000 ---p 00017000 fd:00 44175907                   /lib/x86_64-linux-gnu/libgcc_s.so.1
7f5a3f0ad000-7f5a3f0ae000 r--p 00016000 fd:00 44175907                   /lib/x86_64-linux-gnu/libgcc_s.so.1
7f5a3f0ae000-7f5a3f0af000 rw-p 00017000 fd:00 44175907                   /lib/x86_64-linux-gnu/libgcc_s.so.1
7f5a3f0af000-7f5a3f24c000 r-xp 00000000 fd:00 44176066                   /lib/x86_64-linux-gnu/libm-2.27.so
7f5a3f24c000-7f5a3f44b000 ---p 0019d000 fd:00 44176066                   /lib/x86_64-linux-gnu/libm-2.27.so
7f5a3f44b000-7f5a3f44c000 r--p 0019c000 fd:00 44176066                   /lib/x86_64-linux-gnu/libm-2.27.so
7f5a3f44c000-7f5a3f44d000 rw-p 0019d000 fd:00 44176066                   /lib/x86_64-linux-gnu/libm-2.27.so
7f5a3f44d000-7f5a3f5c6000 r-xp 00000000 fd:00 18090134                   /usr/lib/x86_64-linux-gnu/libstdc++.so.6.0.25
7f5a3f5c6000-7f5a3f7c6000 ---p 00179000 fd:00 18090134                   /usr/lib/x86_64-linux-gnu/libstdc++.so.6.0.25
7f5a3f7c6000-7f5a3f7d0000 r--p 00179000 fd:00 18090134                   /usr/lib/x86_64-linux-gnu/libstdc++.so.6.0.25
7f5a3f7d0000-7f5a3f7d2000 rw-p 00183000 fd:00 18090134                   /usr/lib/x86_64-linux-gnu/libstdc++.so.6.0.25
7f5a3f7d2000-7f5a3f7d6000 rw-p 00000000 00:00 0 
7f5a3f7d6000-7f5a40773000 r-xp 00000000 fd:00 20186062                   /usr/lib/jvm/java-11-openjdk-amd64/lib/server/libjvm.so
7f5a40773000-7f5a40973000 ---p 00f9d000 fd:00 20186062                   /usr/lib/jvm/java-11-openjdk-amd64/lib/server/libjvm.so
7f5a40973000-7f5a40a37000 r--p 00f9d000 fd:00 20186062                   /usr/lib/jvm/java-11-openjdk-amd64/lib/server/libjvm.so
7f5a40a37000-7f5a40a6f000 rw-p 01061000 fd:00 20186062                   /usr/lib/jvm/java-11-openjdk-amd64/lib/server/libjvm.so
7f5a40a6f000-7f5a40ab8000 rw-p 00000000 00:00 0 
7f5a40ab8000-7f5a40ad2000 r-xp 00000000 fd:00 44176136                   /lib/x86_64-linux-gnu/libpthread-2.27.so
7f5a40ad2000-7f5a40cd1000 ---p 0001a000 fd:00 44176136                   /lib/x86_64-linux-gnu/libpthread-2.27.so
7f5a40cd1000-7f5a40cd2000 r--p 00019000 fd:00 44176136                   /lib/x86_64-linux-gnu/libpthread-2.27.so
7f5a40cd2000-7f5a40cd3000 rw-p 0001a000 fd:00 44176136                   /lib/x86_64-linux-gnu/libpthread-2.27.so
7f5a40cd3000-7f5a40cd7000 rw-p 00000000 00:00 0 
7f5a40cd7000-7f5a40cda000 r-xp 00000000 fd:00 44176026                   /lib/x86_64-linux-gnu/libdl-2.27.so
7f5a40cda000-7f5a40ed9000 ---p 00003000 fd:00 44176026                   /lib/x86_64-linux-gnu/libdl-2.27.so
7f5a40ed9000-7f5a40eda000 r--p 00002000 fd:00 44176026                   /lib/x86_64-linux-gnu/libdl-2.27.so
7f5a40eda000-7f5a40edb000 rw-p 00003000 fd:00 44176026                   /lib/x86_64-linux-gnu/libdl-2.27.so
7f5a40edb000-7f5a40ef7000 r-xp 00000000 fd:00 44176175                   /lib/x86_64-linux-gnu/libz.so.1.2.11
7f5a40ef7000-7f5a410f6000 ---p 0001c000 fd:00 44176175                   /lib/x86_64-linux-gnu/libz.so.1.2.11
7f5a410f6000-7f5a410f7000 r--p 0001b000 fd:00 44176175                   /lib/x86_64-linux-gnu/libz.so.1.2.11
7f5a410f7000-7f5a410f8000 rw-p 0001c000 fd:00 44176175                   /lib/x86_64-linux-gnu/libz.so.1.2.11
7f5a410f8000-7f5a412df000 r-xp 00000000 fd:00 44176003                   /lib/x86_64-linux-gnu/libc-2.27.so
7f5a412df000-7f5a414df000 ---p 001e7000 fd:00 44176003                   /lib/x86_64-linux-gnu/libc-2.27.so
7f5a414df000-7f5a414e3000 r--p 001e7000 fd:00 44176003                   /lib/x86_64-linux-gnu/libc-2.27.so
7f5a414e3000-7f5a414e5000 rw-p 001eb000 fd:00 44176003                   /lib/x86_64-linux-gnu/libc-2.27.so
7f5a414e5000-7f5a414e9000 rw-p 00000000 00:00 0 
7f5a414e9000-7f5a414f8000 r-xp 00000000 fd:00 20186020                   /usr/lib/jvm/java-11-openjdk-amd64/lib/jli/libjli.so
7f5a414f8000-7f5a416f7000 ---p 0000f000 fd:00 20186020                   /usr/lib/jvm/java-11-openjdk-amd64/lib/jli/libjli.so
7f5a416f7000-7f5a416f8000 r--p 0000e000 fd:00 20186020                   /usr/lib/jvm/java-11-openjdk-amd64/lib/jli/libjli.so
7f5a416f8000-7f5a416f9000 rw-p 0000f000 fd:00 20186020                   /usr/lib/jvm/java-11-openjdk-amd64/lib/jli/libjli.so
7f5a416f9000-7f5a41720000 r-xp 00000000 fd:00 44175975                   /lib/x86_64-linux-gnu/ld-2.27.so
7f5a4179c000-7f5a41803000 rw-p 00000000 00:00 0 
7f5a41803000-7f5a41807000 ---p 00000000 00:00 0 
7f5a41807000-7f5a41906000 rw-p 00000000 00:00 0 
7f5a41907000-7f5a4190d000 rw-p 00000000 00:00 0 
7f5a4190d000-7f5a41914000 ---p 00000000 00:00 0 
7f5a41914000-7f5a4191c000 rw-s 00000000 fd:00 16121869                   /tmp/hsperfdata_minecraft/13588
7f5a4191c000-7f5a4191d000 ---p 00000000 00:00 0 
7f5a4191d000-7f5a4191e000 r--p 00000000 00:00 0 
7f5a4191e000-7f5a41920000 rw-p 00000000 00:00 0 
7f5a41920000-7f5a41921000 r--p 00027000 fd:00 44175975                   /lib/x86_64-linux-gnu/ld-2.27.so
7f5a41921000-7f5a41922000 rw-p 00028000 fd:00 44175975                   /lib/x86_64-linux-gnu/ld-2.27.so
7f5a41922000-7f5a41923000 rw-p 00000000 00:00 0 
7ffd554f2000-7ffd55513000 rw-p 00000000 00:00 0                          [stack]
7ffd555d0000-7ffd555d3000 r--p 00000000 00:00 0                          [vvar]
7ffd555d3000-7ffd555d5000 r-xp 00000000 00:00 0                          [vdso]
ffffffffff600000-ffffffffff601000 r-xp 00000000 00:00 0                  [vsyscall]


VM Arguments:
jvm_args: -Xms3g -Xmx3g 
java_command: server.jar nogui
java_class_path (initial): server.jar
Launcher Type: SUN_STANDARD

Logging:
Log output configuration:
#0: stdout all=warning uptime,level,tags
#1: stderr all=off uptime,level,tags

Environment Variables:
PATH=/usr/local/sbin:/usr/local/bin:/usr/sbin:/usr/bin:/sbin:/bin
SHELL=/bin/sh

Signal Handlers:
SIGSEGV: [libjvm.so+0xd28b70], sa_mask[0]=11111111011111111101111111111110, sa_flags=SA_RESTART|SA_SIGINFO
SIGBUS: [libjvm.so+0xd28b70], sa_mask[0]=11111111011111111101111111111110, sa_flags=SA_RESTART|SA_SIGINFO
SIGFPE: [libjvm.so+0xd28b70], sa_mask[0]=11111111011111111101111111111110, sa_flags=SA_RESTART|SA_SIGINFO
SIGPIPE: [libjvm.so+0xb2a1f0], sa_mask[0]=11111111011111111101111111111110, sa_flags=SA_RESTART|SA_SIGINFO
SIGXFSZ: [libjvm.so+0xb2a1f0], sa_mask[0]=11111111011111111101111111111110, sa_flags=SA_RESTART|SA_SIGINFO
SIGILL: [libjvm.so+0xd28b70], sa_mask[0]=11111111011111111101111111111110, sa_flags=SA_RESTART|SA_SIGINFO
SIGUSR2: [libjvm.so+0xb2a030], sa_mask[0]=00000000000000000000000000000000, sa_flags=SA_RESTART|SA_SIGINFO
SIGHUP: SIG_DFL, sa_mask[0]=00000000000000000000000000000000, sa_flags=none
SIGINT: SIG_DFL, sa_mask[0]=00000000000000000000000000000000, sa_flags=none
SIGTERM: SIG_DFL, sa_mask[0]=00000000000000000000000000000000, sa_flags=none
SIGQUIT: SIG_DFL, sa_mask[0]=00000000000000000000000000000000, sa_flags=none


---------------  S Y S T E M  ---------------

OS:DISTRIB_ID=Ubuntu
DISTRIB_RELEASE=18.04
DISTRIB_CODENAME=bionic
DISTRIB_DESCRIPTION="Ubuntu 18.04.2 LTS"
uname:Linux 4.15.0-46-generic #49-Ubuntu SMP Wed Feb 6 09:33:07 UTC 2019 x86_64
libc:glibc 2.27 NPTL 2.27 
rlimit: STACK 8192k, CORE 0k, NPROC 15099, NOFILE 4096, AS infinity, DATA infinity, FSIZE infinity
load average:1.18 1.25 1.31

/proc/meminfo:
MemTotal:        3943748 kB
MemFree:          131792 kB
MemAvailable:    1279832 kB
Buffers:           34576 kB
Cached:          1313108 kB
SwapCached:         8200 kB
Active:          2711176 kB
Inactive:         907288 kB
Active(anon):    1856908 kB
Inactive(anon):   443940 kB
Active(file):     854268 kB
Inactive(file):   463348 kB
Unevictable:           0 kB
Mlocked:               0 kB
SwapTotal:        999420 kB
SwapFree:         598192 kB
Dirty:              7916 kB
Writeback:             0 kB
AnonPages:       2268344 kB
Mapped:           109260 kB
Shmem:             30068 kB
Slab:             107232 kB
SReclaimable:      66380 kB
SUnreclaim:        40852 kB
KernelStack:        6056 kB
PageTables:        23384 kB
NFS_Unstable:          0 kB
Bounce:                0 kB
WritebackTmp:          0 kB
CommitLimit:     2971292 kB
Committed_AS:    3184920 kB
VmallocTotal:   34359738367 kB
VmallocUsed:           0 kB
VmallocChunk:          0 kB
HardwareCorrupted:     0 kB
AnonHugePages:         0 kB
ShmemHugePages:        0 kB
ShmemPmdMapped:        0 kB
CmaTotal:              0 kB
CmaFree:               0 kB
HugePages_Total:       0
HugePages_Free:        0
HugePages_Rsvd:        0
HugePages_Surp:        0
Hugepagesize:       2048 kB
DirectMap4k:      158320 kB
DirectMap2M:     3940352 kB
DirectMap1G:           0 kB

container (cgroup) information:
container_type: cgroupv1
cpu_cpuset_cpus: 0-3
cpu_memory_nodes: 0
active_processor_count: 4
cpu_quota: -1
cpu_period: 100000
cpu_shares: -1
memory_limit_in_bytes: -1
memory_and_swap_limit_in_bytes: -2
memory_soft_limit_in_bytes: -1
memory_usage_in_bytes: 3703734272
memory_max_usage_in_bytes: 2048000


CPU:total 4 (initial active 4) (2 cores per cpu, 2 threads per core) family 6 model 69 stepping 1, cmov, cx8, fxsr, mmx, sse, sse2, sse3, ssse3, sse4.1, sse4.2, popcnt, avx, avx2, aes, clmul, erms, lzcnt, ht, tsc, tscinvbit, bmi1, bmi2, fma
CPU Model and flags from /proc/cpuinfo:
model name	: Intel(R) Core(TM) i7-4500U CPU @ 1.80GHz
flags		: fpu vme de pse tsc msr pae mce cx8 apic sep mtrr pge mca cmov pat pse36 clflush dts acpi mmx fxsr sse sse2 ss ht tm pbe syscall nx pdpe1gb rdtscp lm constant_tsc arch_perfmon pebs bts rep_good nopl xtopology nonstop_tsc cpuid aperfmperf pni pclmulqdq dtes64 monitor ds_cpl vmx est tm2 ssse3 sdbg fma cx16 xtpr pdcm pcid sse4_1 sse4_2 movbe popcnt tsc_deadline_timer aes xsave avx f16c rdrand lahf_lm abm cpuid_fault epb invpcid_single pti ssbd ibrs ibpb stibp tpr_shadow vnmi flexpriority ept vpid fsgsbase tsc_adjust bmi1 avx2 smep bmi2 erms invpcid xsaveopt dtherm ida arat pln pts flush_l1d

Memory: 4k page, physical 3943748k(131792k free), swap 999420k(598192k free)

vm_info: OpenJDK 64-Bit Server VM (10.0.2+13-Ubuntu-1ubuntu0.18.04.4) for linux-amd64 JRE (10.0.2+13-Ubuntu-1ubuntu0.18.04.4), built on Nov 13 2018 12:53:39 by "buildd" with gcc 7.3.0

END.
