#
# There is insufficient memory for the Java Runtime Environment to continue.
# Native memory allocation (mmap) failed to map 3221225472 bytes for committing reserved memory.
# Possible reasons:
#   The system is out of physical RAM or swap space
#   The process is running with CompressedOops enabled, and the Java Heap may be blocking the growth of the native heap
# Possible solutions:
#   Reduce memory load on the system
#   Increase physical memory or swap space
#   Check if swap backing store is full
#   Decrease Java heap size (-Xmx/-Xms)
#   Decrease number of Java threads
#   Decrease Java thread stack sizes (-Xss)
#   Set larger code cache with -XX:ReservedCodeCacheSize=
# This output file may be truncated or incomplete.
#
#  Out of Memory Error (os_linux.cpp:2706), pid=17470, tid=17471
#
# JRE version:  (10.0.2+13) (build )
# Java VM: OpenJDK 64-Bit Server VM (10.0.2+13-Ubuntu-1ubuntu0.18.04.4, mixed mode, aot, tiered, compressed oops, g1 gc, linux-amd64)
# Core dump will be written. Default location: Core dumps may be processed with "/usr/share/apport/apport %p %s %c %d %P" (or dumping to /opt/forno/minecraft/core.17470)
#

---------------  S U M M A R Y ------------

Command Line: -Xms3g -Xmx3g server.jar nogui

Host: Intel(R) Core(TM) i7-4500U CPU @ 1.80GHz, 4 cores, 3G, Ubuntu 18.04.2 LTS
Time: Thu Mar 21 03:34:13 2019 JST elapsed time: 0 seconds (0d 0h 0m 0s)

---------------  T H R E A D  ---------------

Current thread (0x00007f2bf8011000):  JavaThread "Unknown thread" [_thread_in_vm, id=17471, stack(0x00007f2c005c6000,0x00007f2c006c7000)]

Stack: [0x00007f2c005c6000,0x00007f2c006c7000],  sp=0x00007f2c006c52e0,  free space=1020k
Native frames: (J=compiled Java code, A=aot compiled Java code, j=interpreted, Vv=VM code, C=native code)
V  [libjvm.so+0xd27ea4]
V  [libjvm.so+0xd28a4b]
V  [libjvm.so+0x64d415]
V  [libjvm.so+0xb2d7c8]
V  [libjvm.so+0xb2601d]
V  [libjvm.so+0x7662ff]
V  [libjvm.so+0x76653e]
V  [libjvm.so+0x769500]
V  [libjvm.so+0x7efa1c]
V  [libjvm.so+0x7f06df]
V  [libjvm.so+0x7f0b59]
V  [libjvm.so+0x7162cf]
V  [libjvm.so+0x71afd3]
V  [libjvm.so+0xce5dc2]
V  [libjvm.so+0xce60c6]
V  [libjvm.so+0x807d57]
V  [libjvm.so+0xcc7ac4]
V  [libjvm.so+0x8601b1]  JNI_CreateJavaVM+0x51
C  [libjli.so+0x3d83]
C  [libjli.so+0x89dd]
C  [libpthread.so.0+0x76db]  start_thread+0xdb


---------------  P R O C E S S  ---------------

Threads class SMR info:
_java_thread_list=0x00005642f9a3d6b0, length=0, elements={
}

Java Threads: ( => current thread )

Other Threads:
  0x00007f2bf8028000 GCTaskThread "GC Thread#0" [stack: 0x00007f2bfc6ef000,0x00007f2bfc7ef000] [id=17472]
  0x00007f2bf8029000 GCTaskThread "GC Thread#1" [stack: 0x00007f2bfc5ed000,0x00007f2bfc6ed000] [id=17473]
  0x00007f2bf802b000 GCTaskThread "GC Thread#2" [stack: 0x00007f2bfc4eb000,0x00007f2bfc5eb000] [id=17474]
  0x00007f2bf802c800 GCTaskThread "GC Thread#3" [stack: 0x00007f2bfc3e9000,0x00007f2bfc4e9000] [id=17475]
  0x00007f2bf806a000 ConcurrentGCThread "G1 Main Marker" [stack: 0x00007f2bde724000,0x00007f2bde824000] [id=17476]
  0x00007f2bf806c000 ConcurrentGCThread "G1 Conc#0" [stack: 0x00007f2bde622000,0x00007f2bde722000] [id=17477]

[error occurred during error reporting (printing all threads), id 0xe0000002]

VM state:not at safepoint (not fully initialized)

VM Mutex/Monitor currently owned by a thread:  ([mutex/lock_event])
[0x00007f2bf800df30] Heap_lock - owner thread: 0x00007f2bf8011000

Heap address: 0x0000000700000000, size: 3072 MB, Compressed Oops mode: Non-zero based: 0x0000000700000000
Narrow klass base: 0x0000000000000000, Narrow klass shift: 0

GC Heap History (0 events):
No events

Deoptimization events (0 events):
No events

Classes redefined (0 events):
No events

Internal exceptions (0 events):
No events

Events (0 events):
No events


Dynamic libraries:
5642f9665000-5642f9666000 r-xp 00000000 fd:00 20185882                   /usr/lib/jvm/java-11-openjdk-amd64/bin/java
5642f9866000-5642f9867000 r--p 00001000 fd:00 20185882                   /usr/lib/jvm/java-11-openjdk-amd64/bin/java
5642f9867000-5642f9868000 rw-p 00002000 fd:00 20185882                   /usr/lib/jvm/java-11-openjdk-amd64/bin/java
5642f9a26000-5642f9a47000 rw-p 00000000 00:00 0                          [heap]
7f2bb8000000-7f2bb8021000 rw-p 00000000 00:00 0 
7f2bb8021000-7f2bbc000000 ---p 00000000 00:00 0 
7f2bc0000000-7f2bc0021000 rw-p 00000000 00:00 0 
7f2bc0021000-7f2bc4000000 ---p 00000000 00:00 0 
7f2bc5000000-7f2bc8000000 ---p 00000000 00:00 0 
7f2bc8000000-7f2bc8021000 rw-p 00000000 00:00 0 
7f2bc8021000-7f2bcc000000 ---p 00000000 00:00 0 
7f2bcd000000-7f2bd0000000 ---p 00000000 00:00 0 
7f2bd0000000-7f2bd0021000 rw-p 00000000 00:00 0 
7f2bd0021000-7f2bd4000000 ---p 00000000 00:00 0 
7f2bd4000000-7f2bd4021000 rw-p 00000000 00:00 0 
7f2bd4021000-7f2bd8000000 ---p 00000000 00:00 0 
7f2bd8000000-7f2bd8021000 rw-p 00000000 00:00 0 
7f2bd8021000-7f2bdc000000 ---p 00000000 00:00 0 
7f2bdc21c000-7f2bde620000 rw-p 00000000 00:00 0 
7f2bde620000-7f2bde621000 ---p 00000000 00:00 0 
7f2bde621000-7f2bde722000 rw-p 00000000 00:00 0 
7f2bde722000-7f2bde723000 ---p 00000000 00:00 0 
7f2bde723000-7f2bde824000 rw-p 00000000 00:00 0 
7f2bde824000-7f2bdfa24000 ---p 00000000 00:00 0 
7f2bdfa24000-7f2bdfb25000 rw-p 00000000 00:00 0 
7f2bdfb25000-7f2bdfd95000 rwxp 00000000 00:00 0 
7f2bdfd95000-7f2be00b5000 ---p 00000000 00:00 0 
7f2be00b5000-7f2be0325000 rwxp 00000000 00:00 0 
7f2be0325000-7f2be75ed000 ---p 00000000 00:00 0 
7f2be75ed000-7f2be785d000 rwxp 00000000 00:00 0 
7f2be785d000-7f2beeb25000 ---p 00000000 00:00 0 
7f2beeb25000-7f2bf8000000 r--s 00000000 fd:00 20186057                   /usr/lib/jvm/java-11-openjdk-amd64/lib/modules
7f2bf8000000-7f2bf8083000 rw-p 00000000 00:00 0 
7f2bf8083000-7f2bfc000000 ---p 00000000 00:00 0 
7f2bfc024000-7f2bfc3e7000 rw-p 00000000 00:00 0 
7f2bfc3e7000-7f2bfc3e8000 ---p 00000000 00:00 0 
7f2bfc3e8000-7f2bfc4e9000 rw-p 00000000 00:00 0 
7f2bfc4e9000-7f2bfc4ea000 ---p 00000000 00:00 0 
7f2bfc4ea000-7f2bfc5eb000 rw-p 00000000 00:00 0 
7f2bfc5eb000-7f2bfc5ec000 ---p 00000000 00:00 0 
7f2bfc5ec000-7f2bfc6ed000 rw-p 00000000 00:00 0 
7f2bfc6ed000-7f2bfc6ee000 ---p 00000000 00:00 0 
7f2bfc6ee000-7f2bfc7f4000 rw-p 00000000 00:00 0 
7f2bfc7f4000-7f2bfc8da000 ---p 00000000 00:00 0 
7f2bfc8da000-7f2bfc8df000 rw-p 00000000 00:00 0 
7f2bfc8df000-7f2bfc9c5000 ---p 00000000 00:00 0 
7f2bfc9c5000-7f2bfc9ca000 r-xp 00000000 fd:00 20186039                   /usr/lib/jvm/java-11-openjdk-amd64/lib/libjimage.so
7f2bfc9ca000-7f2bfcbc9000 ---p 00005000 fd:00 20186039                   /usr/lib/jvm/java-11-openjdk-amd64/lib/libjimage.so
7f2bfcbc9000-7f2bfcbca000 r--p 00004000 fd:00 20186039                   /usr/lib/jvm/java-11-openjdk-amd64/lib/libjimage.so
7f2bfcbca000-7f2bfcbcb000 rw-p 00005000 fd:00 20186039                   /usr/lib/jvm/java-11-openjdk-amd64/lib/libjimage.so
7f2bfcbcb000-7f2bfcbd2000 r-xp 00000000 fd:00 20186056                   /usr/lib/jvm/java-11-openjdk-amd64/lib/libzip.so
7f2bfcbd2000-7f2bfcdd1000 ---p 00007000 fd:00 20186056                   /usr/lib/jvm/java-11-openjdk-amd64/lib/libzip.so
7f2bfcdd1000-7f2bfcdd2000 r--p 00006000 fd:00 20186056                   /usr/lib/jvm/java-11-openjdk-amd64/lib/libzip.so
7f2bfcdd2000-7f2bfcdd3000 rw-p 00007000 fd:00 20186056                   /usr/lib/jvm/java-11-openjdk-amd64/lib/libzip.so
7f2bfcdd3000-7f2bfcdde000 r-xp 00000000 fd:00 44176093                   /lib/x86_64-linux-gnu/libnss_files-2.27.so
7f2bfcdde000-7f2bfcfdd000 ---p 0000b000 fd:00 44176093                   /lib/x86_64-linux-gnu/libnss_files-2.27.so
7f2bfcfdd000-7f2bfcfde000 r--p 0000a000 fd:00 44176093                   /lib/x86_64-linux-gnu/libnss_files-2.27.so
7f2bfcfde000-7f2bfcfdf000 rw-p 0000b000 fd:00 44176093                   /lib/x86_64-linux-gnu/libnss_files-2.27.so
7f2bfcfdf000-7f2bfcfe5000 rw-p 00000000 00:00 0 
7f2bfcfe5000-7f2bfcffc000 r-xp 00000000 fd:00 44176087                   /lib/x86_64-linux-gnu/libnsl-2.27.so
7f2bfcffc000-7f2bfd1fb000 ---p 00017000 fd:00 44176087                   /lib/x86_64-linux-gnu/libnsl-2.27.so
7f2bfd1fb000-7f2bfd1fc000 r--p 00016000 fd:00 44176087                   /lib/x86_64-linux-gnu/libnsl-2.27.so
7f2bfd1fc000-7f2bfd1fd000 rw-p 00017000 fd:00 44176087                   /lib/x86_64-linux-gnu/libnsl-2.27.so
7f2bfd1fd000-7f2bfd1ff000 rw-p 00000000 00:00 0 
7f2bfd1ff000-7f2bfd20a000 r-xp 00000000 fd:00 44176104                   /lib/x86_64-linux-gnu/libnss_nis-2.27.so
7f2bfd20a000-7f2bfd409000 ---p 0000b000 fd:00 44176104                   /lib/x86_64-linux-gnu/libnss_nis-2.27.so
7f2bfd409000-7f2bfd40a000 r--p 0000a000 fd:00 44176104                   /lib/x86_64-linux-gnu/libnss_nis-2.27.so
7f2bfd40a000-7f2bfd40b000 rw-p 0000b000 fd:00 44176104                   /lib/x86_64-linux-gnu/libnss_nis-2.27.so
7f2bfd40b000-7f2bfd413000 r-xp 00000000 fd:00 44176089                   /lib/x86_64-linux-gnu/libnss_compat-2.27.so
7f2bfd413000-7f2bfd613000 ---p 00008000 fd:00 44176089                   /lib/x86_64-linux-gnu/libnss_compat-2.27.so
7f2bfd613000-7f2bfd614000 r--p 00008000 fd:00 44176089                   /lib/x86_64-linux-gnu/libnss_compat-2.27.so
7f2bfd614000-7f2bfd615000 rw-p 00009000 fd:00 44176089                   /lib/x86_64-linux-gnu/libnss_compat-2.27.so
7f2bfd615000-7f2bfd641000 r-xp 00000000 fd:00 20186035                   /usr/lib/jvm/java-11-openjdk-amd64/lib/libjava.so
7f2bfd641000-7f2bfd840000 ---p 0002c000 fd:00 20186035                   /usr/lib/jvm/java-11-openjdk-amd64/lib/libjava.so
7f2bfd840000-7f2bfd841000 r--p 0002b000 fd:00 20186035                   /usr/lib/jvm/java-11-openjdk-amd64/lib/libjava.so
7f2bfd841000-7f2bfd843000 rw-p 0002c000 fd:00 20186035                   /usr/lib/jvm/java-11-openjdk-amd64/lib/libjava.so
7f2bfd843000-7f2bfd850000 r-xp 00000000 fd:00 20186055                   /usr/lib/jvm/java-11-openjdk-amd64/lib/libverify.so
7f2bfd850000-7f2bfda4f000 ---p 0000d000 fd:00 20186055                   /usr/lib/jvm/java-11-openjdk-amd64/lib/libverify.so
7f2bfda4f000-7f2bfda51000 r--p 0000c000 fd:00 20186055                   /usr/lib/jvm/java-11-openjdk-amd64/lib/libverify.so
7f2bfda51000-7f2bfda52000 rw-p 0000e000 fd:00 20186055                   /usr/lib/jvm/java-11-openjdk-amd64/lib/libverify.so
7f2bfda52000-7f2bfda59000 r-xp 00000000 fd:00 44176144                   /lib/x86_64-linux-gnu/librt-2.27.so
7f2bfda59000-7f2bfdc58000 ---p 00007000 fd:00 44176144                   /lib/x86_64-linux-gnu/librt-2.27.so
7f2bfdc58000-7f2bfdc59000 r--p 00006000 fd:00 44176144                   /lib/x86_64-linux-gnu/librt-2.27.so
7f2bfdc59000-7f2bfdc5a000 rw-p 00007000 fd:00 44176144                   /lib/x86_64-linux-gnu/librt-2.27.so
7f2bfdc5a000-7f2bfdc71000 r-xp 00000000 fd:00 44175907                   /lib/x86_64-linux-gnu/libgcc_s.so.1
7f2bfdc71000-7f2bfde70000 ---p 00017000 fd:00 44175907                   /lib/x86_64-linux-gnu/libgcc_s.so.1
7f2bfde70000-7f2bfde71000 r--p 00016000 fd:00 44175907                   /lib/x86_64-linux-gnu/libgcc_s.so.1
7f2bfde71000-7f2bfde72000 rw-p 00017000 fd:00 44175907                   /lib/x86_64-linux-gnu/libgcc_s.so.1
7f2bfde72000-7f2bfe00f000 r-xp 00000000 fd:00 44176066                   /lib/x86_64-linux-gnu/libm-2.27.so
7f2bfe00f000-7f2bfe20e000 ---p 0019d000 fd:00 44176066                   /lib/x86_64-linux-gnu/libm-2.27.so
7f2bfe20e000-7f2bfe20f000 r--p 0019c000 fd:00 44176066                   /lib/x86_64-linux-gnu/libm-2.27.so
7f2bfe20f000-7f2bfe210000 rw-p 0019d000 fd:00 44176066                   /lib/x86_64-linux-gnu/libm-2.27.so
7f2bfe210000-7f2bfe389000 r-xp 00000000 fd:00 18090134                   /usr/lib/x86_64-linux-gnu/libstdc++.so.6.0.25
7f2bfe389000-7f2bfe589000 ---p 00179000 fd:00 18090134                   /usr/lib/x86_64-linux-gnu/libstdc++.so.6.0.25
7f2bfe589000-7f2bfe593000 r--p 00179000 fd:00 18090134                   /usr/lib/x86_64-linux-gnu/libstdc++.so.6.0.25
7f2bfe593000-7f2bfe595000 rw-p 00183000 fd:00 18090134                   /usr/lib/x86_64-linux-gnu/libstdc++.so.6.0.25
7f2bfe595000-7f2bfe599000 rw-p 00000000 00:00 0 
7f2bfe599000-7f2bff536000 r-xp 00000000 fd:00 20186062                   /usr/lib/jvm/java-11-openjdk-amd64/lib/server/libjvm.so
7f2bff536000-7f2bff736000 ---p 00f9d000 fd:00 20186062                   /usr/lib/jvm/java-11-openjdk-amd64/lib/server/libjvm.so
7f2bff736000-7f2bff7fa000 r--p 00f9d000 fd:00 20186062                   /usr/lib/jvm/java-11-openjdk-amd64/lib/server/libjvm.so
7f2bff7fa000-7f2bff832000 rw-p 01061000 fd:00 20186062                   /usr/lib/jvm/java-11-openjdk-amd64/lib/server/libjvm.so
7f2bff832000-7f2bff87b000 rw-p 00000000 00:00 0 
7f2bff87b000-7f2bff895000 r-xp 00000000 fd:00 44176136                   /lib/x86_64-linux-gnu/libpthread-2.27.so
7f2bff895000-7f2bffa94000 ---p 0001a000 fd:00 44176136                   /lib/x86_64-linux-gnu/libpthread-2.27.so
7f2bffa94000-7f2bffa95000 r--p 00019000 fd:00 44176136                   /lib/x86_64-linux-gnu/libpthread-2.27.so
7f2bffa95000-7f2bffa96000 rw-p 0001a000 fd:00 44176136                   /lib/x86_64-linux-gnu/libpthread-2.27.so
7f2bffa96000-7f2bffa9a000 rw-p 00000000 00:00 0 
7f2bffa9a000-7f2bffa9d000 r-xp 00000000 fd:00 44176026                   /lib/x86_64-linux-gnu/libdl-2.27.so
7f2bffa9d000-7f2bffc9c000 ---p 00003000 fd:00 44176026                   /lib/x86_64-linux-gnu/libdl-2.27.so
7f2bffc9c000-7f2bffc9d000 r--p 00002000 fd:00 44176026                   /lib/x86_64-linux-gnu/libdl-2.27.so
7f2bffc9d000-7f2bffc9e000 rw-p 00003000 fd:00 44176026                   /lib/x86_64-linux-gnu/libdl-2.27.so
7f2bffc9e000-7f2bffcba000 r-xp 00000000 fd:00 44176175                   /lib/x86_64-linux-gnu/libz.so.1.2.11
7f2bffcba000-7f2bffeb9000 ---p 0001c000 fd:00 44176175                   /lib/x86_64-linux-gnu/libz.so.1.2.11
7f2bffeb9000-7f2bffeba000 r--p 0001b000 fd:00 44176175                   /lib/x86_64-linux-gnu/libz.so.1.2.11
7f2bffeba000-7f2bffebb000 rw-p 0001c000 fd:00 44176175                   /lib/x86_64-linux-gnu/libz.so.1.2.11
7f2bffebb000-7f2c000a2000 r-xp 00000000 fd:00 44176003                   /lib/x86_64-linux-gnu/libc-2.27.so
7f2c000a2000-7f2c002a2000 ---p 001e7000 fd:00 44176003                   /lib/x86_64-linux-gnu/libc-2.27.so
7f2c002a2000-7f2c002a6000 r--p 001e7000 fd:00 44176003                   /lib/x86_64-linux-gnu/libc-2.27.so
7f2c002a6000-7f2c002a8000 rw-p 001eb000 fd:00 44176003                   /lib/x86_64-linux-gnu/libc-2.27.so
7f2c002a8000-7f2c002ac000 rw-p 00000000 00:00 0 
7f2c002ac000-7f2c002bb000 r-xp 00000000 fd:00 20186020                   /usr/lib/jvm/java-11-openjdk-amd64/lib/jli/libjli.so
7f2c002bb000-7f2c004ba000 ---p 0000f000 fd:00 20186020                   /usr/lib/jvm/java-11-openjdk-amd64/lib/jli/libjli.so
7f2c004ba000-7f2c004bb000 r--p 0000e000 fd:00 20186020                   /usr/lib/jvm/java-11-openjdk-amd64/lib/jli/libjli.so
7f2c004bb000-7f2c004bc000 rw-p 0000f000 fd:00 20186020                   /usr/lib/jvm/java-11-openjdk-amd64/lib/jli/libjli.so
7f2c004bc000-7f2c004e3000 r-xp 00000000 fd:00 44175975                   /lib/x86_64-linux-gnu/ld-2.27.so
7f2c0055f000-7f2c005c6000 rw-p 00000000 00:00 0 
7f2c005c6000-7f2c005ca000 ---p 00000000 00:00 0 
7f2c005ca000-7f2c006c9000 rw-p 00000000 00:00 0 
7f2c006ca000-7f2c006d0000 rw-p 00000000 00:00 0 
7f2c006d0000-7f2c006d7000 ---p 00000000 00:00 0 
7f2c006d7000-7f2c006df000 rw-s 00000000 fd:00 16121869                   /tmp/hsperfdata_minecraft/17470
7f2c006df000-7f2c006e0000 ---p 00000000 00:00 0 
7f2c006e0000-7f2c006e1000 r--p 00000000 00:00 0 
7f2c006e1000-7f2c006e3000 rw-p 00000000 00:00 0 
7f2c006e3000-7f2c006e4000 r--p 00027000 fd:00 44175975                   /lib/x86_64-linux-gnu/ld-2.27.so
7f2c006e4000-7f2c006e5000 rw-p 00028000 fd:00 44175975                   /lib/x86_64-linux-gnu/ld-2.27.so
7f2c006e5000-7f2c006e6000 rw-p 00000000 00:00 0 
7ffc33003000-7ffc33024000 rw-p 00000000 00:00 0                          [stack]
7ffc33153000-7ffc33156000 r--p 00000000 00:00 0                          [vvar]
7ffc33156000-7ffc33158000 r-xp 00000000 00:00 0                          [vdso]
ffffffffff600000-ffffffffff601000 r-xp 00000000 00:00 0                  [vsyscall]


VM Arguments:
jvm_args: -Xms3g -Xmx3g 
java_command: server.jar nogui
java_class_path (initial): server.jar
Launcher Type: SUN_STANDARD

Logging:
Log output configuration:
#0: stdout all=warning uptime,level,tags
#1: stderr all=off uptime,level,tags

Environment Variables:
PATH=/usr/local/sbin:/usr/local/bin:/usr/sbin:/usr/bin:/sbin:/bin
SHELL=/bin/sh

Signal Handlers:
SIGSEGV: [libjvm.so+0xd28b70], sa_mask[0]=11111111011111111101111111111110, sa_flags=SA_RESTART|SA_SIGINFO
SIGBUS: [libjvm.so+0xd28b70], sa_mask[0]=11111111011111111101111111111110, sa_flags=SA_RESTART|SA_SIGINFO
SIGFPE: [libjvm.so+0xd28b70], sa_mask[0]=11111111011111111101111111111110, sa_flags=SA_RESTART|SA_SIGINFO
SIGPIPE: [libjvm.so+0xb2a1f0], sa_mask[0]=11111111011111111101111111111110, sa_flags=SA_RESTART|SA_SIGINFO
SIGXFSZ: [libjvm.so+0xb2a1f0], sa_mask[0]=11111111011111111101111111111110, sa_flags=SA_RESTART|SA_SIGINFO
SIGILL: [libjvm.so+0xd28b70], sa_mask[0]=11111111011111111101111111111110, sa_flags=SA_RESTART|SA_SIGINFO
SIGUSR2: [libjvm.so+0xb2a030], sa_mask[0]=00000000000000000000000000000000, sa_flags=SA_RESTART|SA_SIGINFO
SIGHUP: SIG_DFL, sa_mask[0]=00000000000000000000000000000000, sa_flags=none
SIGINT: SIG_DFL, sa_mask[0]=00000000000000000000000000000000, sa_flags=none
SIGTERM: SIG_DFL, sa_mask[0]=00000000000000000000000000000000, sa_flags=none
SIGQUIT: SIG_DFL, sa_mask[0]=00000000000000000000000000000000, sa_flags=none


---------------  S Y S T E M  ---------------

OS:DISTRIB_ID=Ubuntu
DISTRIB_RELEASE=18.04
DISTRIB_CODENAME=bionic
DISTRIB_DESCRIPTION="Ubuntu 18.04.2 LTS"
uname:Linux 4.15.0-46-generic #49-Ubuntu SMP Wed Feb 6 09:33:07 UTC 2019 x86_64
libc:glibc 2.27 NPTL 2.27 
rlimit: STACK 8192k, CORE 0k, NPROC 15099, NOFILE 4096, AS infinity, DATA infinity, FSIZE infinity
load average:1.58 1.51 1.45

/proc/meminfo:
MemTotal:        3943748 kB
MemFree:         1034556 kB
MemAvailable:    1850616 kB
Buffers:           26120 kB
Cached:           998768 kB
SwapCached:         2756 kB
Active:          1924504 kB
Inactive:         811052 kB
Active(anon):    1440792 kB
Inactive(anon):   300004 kB
Active(file):     483712 kB
Inactive(file):   511048 kB
Unevictable:           0 kB
Mlocked:               0 kB
SwapTotal:        999420 kB
SwapFree:         561328 kB
Dirty:              5356 kB
Writeback:             0 kB
AnonPages:       1709372 kB
Mapped:           163428 kB
Shmem:             30128 kB
Slab:              89240 kB
SReclaimable:      48132 kB
SUnreclaim:        41108 kB
KernelStack:        6040 kB
PageTables:        23108 kB
NFS_Unstable:          0 kB
Bounce:                0 kB
WritebackTmp:          0 kB
CommitLimit:     2971292 kB
Committed_AS:    3063220 kB
VmallocTotal:   34359738367 kB
VmallocUsed:           0 kB
VmallocChunk:          0 kB
HardwareCorrupted:     0 kB
AnonHugePages:         0 kB
ShmemHugePages:        0 kB
ShmemPmdMapped:        0 kB
CmaTotal:              0 kB
CmaFree:               0 kB
HugePages_Total:       0
HugePages_Free:        0
HugePages_Rsvd:        0
HugePages_Surp:        0
Hugepagesize:       2048 kB
DirectMap4k:      154224 kB
DirectMap2M:     3944448 kB
DirectMap1G:           0 kB

container (cgroup) information:
container_type: cgroupv1
cpu_cpuset_cpus: 0-3
cpu_memory_nodes: 0
active_processor_count: 4
cpu_quota: -1
cpu_period: 100000
cpu_shares: -1
memory_limit_in_bytes: -1
memory_and_swap_limit_in_bytes: -2
memory_soft_limit_in_bytes: -1
memory_usage_in_bytes: 2800910336
memory_max_usage_in_bytes: 2048000


CPU:total 4 (initial active 4) (2 cores per cpu, 2 threads per core) family 6 model 69 stepping 1, cmov, cx8, fxsr, mmx, sse, sse2, sse3, ssse3, sse4.1, sse4.2, popcnt, avx, avx2, aes, clmul, erms, lzcnt, ht, tsc, tscinvbit, bmi1, bmi2, fma
CPU Model and flags from /proc/cpuinfo:
model name	: Intel(R) Core(TM) i7-4500U CPU @ 1.80GHz
flags		: fpu vme de pse tsc msr pae mce cx8 apic sep mtrr pge mca cmov pat pse36 clflush dts acpi mmx fxsr sse sse2 ss ht tm pbe syscall nx pdpe1gb rdtscp lm constant_tsc arch_perfmon pebs bts rep_good nopl xtopology nonstop_tsc cpuid aperfmperf pni pclmulqdq dtes64 monitor ds_cpl vmx est tm2 ssse3 sdbg fma cx16 xtpr pdcm pcid sse4_1 sse4_2 movbe popcnt tsc_deadline_timer aes xsave avx f16c rdrand lahf_lm abm cpuid_fault epb invpcid_single pti ssbd ibrs ibpb stibp tpr_shadow vnmi flexpriority ept vpid fsgsbase tsc_adjust bmi1 avx2 smep bmi2 erms invpcid xsaveopt dtherm ida arat pln pts flush_l1d

Memory: 4k page, physical 3943748k(1034556k free), swap 999420k(561328k free)

vm_info: OpenJDK 64-Bit Server VM (10.0.2+13-Ubuntu-1ubuntu0.18.04.4) for linux-amd64 JRE (10.0.2+13-Ubuntu-1ubuntu0.18.04.4), built on Nov 13 2018 12:53:39 by "buildd" with gcc 7.3.0

END.
