#
# There is insufficient memory for the Java Runtime Environment to continue.
# Native memory allocation (mmap) failed to map 3221225472 bytes for committing reserved memory.
# Possible reasons:
#   The system is out of physical RAM or swap space
#   The process is running with CompressedOops enabled, and the Java Heap may be blocking the growth of the native heap
# Possible solutions:
#   Reduce memory load on the system
#   Increase physical memory or swap space
#   Check if swap backing store is full
#   Decrease Java heap size (-Xmx/-Xms)
#   Decrease number of Java threads
#   Decrease Java thread stack sizes (-Xss)
#   Set larger code cache with -XX:ReservedCodeCacheSize=
# This output file may be truncated or incomplete.
#
#  Out of Memory Error (os_linux.cpp:2706), pid=26297, tid=26298
#
# JRE version:  (10.0.2+13) (build )
# Java VM: OpenJDK 64-Bit Server VM (10.0.2+13-Ubuntu-1ubuntu0.18.04.4, mixed mode, aot, tiered, compressed oops, g1 gc, linux-amd64)
# Core dump will be written. Default location: Core dumps may be processed with "/usr/share/apport/apport %p %s %c %d %P" (or dumping to /opt/forno/minecraft/core.26297)
#

---------------  S U M M A R Y ------------

Command Line: -Xms3g -Xmx3g server.jar nogui

Host: Intel(R) Core(TM) i7-4500U CPU @ 1.80GHz, 4 cores, 3G, Ubuntu 18.04.2 LTS
Time: Thu Mar 21 05:33:42 2019 JST elapsed time: 0 seconds (0d 0h 0m 0s)

---------------  T H R E A D  ---------------

Current thread (0x00007f4338011000):  JavaThread "Unknown thread" [_thread_in_vm, id=26298, stack(0x00007f433f452000,0x00007f433f553000)]

Stack: [0x00007f433f452000,0x00007f433f553000],  sp=0x00007f433f5512e0,  free space=1020k
Native frames: (J=compiled Java code, A=aot compiled Java code, j=interpreted, Vv=VM code, C=native code)
V  [libjvm.so+0xd27ea4]
V  [libjvm.so+0xd28a4b]
V  [libjvm.so+0x64d415]
V  [libjvm.so+0xb2d7c8]
V  [libjvm.so+0xb2601d]
V  [libjvm.so+0x7662ff]
V  [libjvm.so+0x76653e]
V  [libjvm.so+0x769500]
V  [libjvm.so+0x7efa1c]
V  [libjvm.so+0x7f06df]
V  [libjvm.so+0x7f0b59]
V  [libjvm.so+0x7162cf]
V  [libjvm.so+0x71afd3]
V  [libjvm.so+0xce5dc2]
V  [libjvm.so+0xce60c6]
V  [libjvm.so+0x807d57]
V  [libjvm.so+0xcc7ac4]
V  [libjvm.so+0x8601b1]  JNI_CreateJavaVM+0x51
C  [libjli.so+0x3d83]
C  [libjli.so+0x89dd]
C  [libpthread.so.0+0x76db]  start_thread+0xdb


---------------  P R O C E S S  ---------------

Threads class SMR info:
_java_thread_list=0x00005556adaad6b0, length=0, elements={
}

Java Threads: ( => current thread )

Other Threads:
  0x00007f4338028000 GCTaskThread "GC Thread#0" [stack: 0x00007f431f015000,0x00007f431f115000] [id=26299]
  0x00007f4338029000 GCTaskThread "GC Thread#1" [stack: 0x00007f431ef13000,0x00007f431f013000] [id=26300]
  0x00007f433802b000 GCTaskThread "GC Thread#2" [stack: 0x00007f431ee11000,0x00007f431ef11000] [id=26301]
  0x00007f433802c800 GCTaskThread "GC Thread#3" [stack: 0x00007f431ed0f000,0x00007f431ee0f000] [id=26302]
  0x00007f433806a000 ConcurrentGCThread "G1 Main Marker" [stack: 0x00007f431d549000,0x00007f431d649000] [id=26303]
  0x00007f433806c000 ConcurrentGCThread "G1 Conc#0" [stack: 0x00007f431d447000,0x00007f431d547000] [id=26304]

[error occurred during error reporting (printing all threads), id 0xe0000002]

VM state:not at safepoint (not fully initialized)

VM Mutex/Monitor currently owned by a thread:  ([mutex/lock_event])
[0x00007f433800df30] Heap_lock - owner thread: 0x00007f4338011000

Heap address: 0x0000000700000000, size: 3072 MB, Compressed Oops mode: Non-zero based: 0x0000000700000000
Narrow klass base: 0x0000000000000000, Narrow klass shift: 0

GC Heap History (0 events):
No events

Deoptimization events (0 events):
No events

Classes redefined (0 events):
No events

Internal exceptions (0 events):
No events

Events (0 events):
No events


Dynamic libraries:
5556abf90000-5556abf91000 r-xp 00000000 fd:00 20185882                   /usr/lib/jvm/java-11-openjdk-amd64/bin/java
5556ac191000-5556ac192000 r--p 00001000 fd:00 20185882                   /usr/lib/jvm/java-11-openjdk-amd64/bin/java
5556ac192000-5556ac193000 rw-p 00002000 fd:00 20185882                   /usr/lib/jvm/java-11-openjdk-amd64/bin/java
5556ada96000-5556adab7000 rw-p 00000000 00:00 0                          [heap]
7f42f8000000-7f42f8021000 rw-p 00000000 00:00 0 
7f42f8021000-7f42fc000000 ---p 00000000 00:00 0 
7f42fe000000-7f4300000000 rw-p 00000000 00:00 0 
7f4300000000-7f4300021000 rw-p 00000000 00:00 0 
7f4300021000-7f4304000000 ---p 00000000 00:00 0 
7f4305000000-7f4308000000 ---p 00000000 00:00 0 
7f4308000000-7f4308021000 rw-p 00000000 00:00 0 
7f4308021000-7f430c000000 ---p 00000000 00:00 0 
7f430d000000-7f4310000000 ---p 00000000 00:00 0 
7f4310000000-7f4310021000 rw-p 00000000 00:00 0 
7f4310021000-7f4314000000 ---p 00000000 00:00 0 
7f4314000000-7f4314021000 rw-p 00000000 00:00 0 
7f4314021000-7f4318000000 ---p 00000000 00:00 0 
7f4318000000-7f4318021000 rw-p 00000000 00:00 0 
7f4318021000-7f431c000000 ---p 00000000 00:00 0 
7f431d041000-7f431d445000 rw-p 00000000 00:00 0 
7f431d445000-7f431d446000 ---p 00000000 00:00 0 
7f431d446000-7f431d547000 rw-p 00000000 00:00 0 
7f431d547000-7f431d548000 ---p 00000000 00:00 0 
7f431d548000-7f431d709000 rw-p 00000000 00:00 0 
7f431d709000-7f431e909000 ---p 00000000 00:00 0 
7f431e909000-7f431ed0d000 rw-p 00000000 00:00 0 
7f431ed0d000-7f431ed0e000 ---p 00000000 00:00 0 
7f431ed0e000-7f431ee0f000 rw-p 00000000 00:00 0 
7f431ee0f000-7f431ee10000 ---p 00000000 00:00 0 
7f431ee10000-7f431ef11000 rw-p 00000000 00:00 0 
7f431ef11000-7f431ef12000 ---p 00000000 00:00 0 
7f431ef12000-7f431f013000 rw-p 00000000 00:00 0 
7f431f013000-7f431f014000 ---p 00000000 00:00 0 
7f431f014000-7f431f11a000 rw-p 00000000 00:00 0 
7f431f11a000-7f431f200000 ---p 00000000 00:00 0 
7f431f200000-7f431f205000 rw-p 00000000 00:00 0 
7f431f205000-7f431f2eb000 ---p 00000000 00:00 0 
7f431f2eb000-7f431f55b000 rwxp 00000000 00:00 0 
7f431f55b000-7f431f87b000 ---p 00000000 00:00 0 
7f431f87b000-7f431faeb000 rwxp 00000000 00:00 0 
7f431faeb000-7f4326db3000 ---p 00000000 00:00 0 
7f4326db3000-7f4327023000 rwxp 00000000 00:00 0 
7f4327023000-7f432e2eb000 ---p 00000000 00:00 0 
7f432e2eb000-7f43377c6000 r--s 00000000 fd:00 20186057                   /usr/lib/jvm/java-11-openjdk-amd64/lib/modules
7f43377c6000-7f43377cb000 r-xp 00000000 fd:00 20186039                   /usr/lib/jvm/java-11-openjdk-amd64/lib/libjimage.so
7f43377cb000-7f43379ca000 ---p 00005000 fd:00 20186039                   /usr/lib/jvm/java-11-openjdk-amd64/lib/libjimage.so
7f43379ca000-7f43379cb000 r--p 00004000 fd:00 20186039                   /usr/lib/jvm/java-11-openjdk-amd64/lib/libjimage.so
7f43379cb000-7f43379cc000 rw-p 00005000 fd:00 20186039                   /usr/lib/jvm/java-11-openjdk-amd64/lib/libjimage.so
7f43379cc000-7f43379d3000 r-xp 00000000 fd:00 20186056                   /usr/lib/jvm/java-11-openjdk-amd64/lib/libzip.so
7f43379d3000-7f4337bd2000 ---p 00007000 fd:00 20186056                   /usr/lib/jvm/java-11-openjdk-amd64/lib/libzip.so
7f4337bd2000-7f4337bd3000 r--p 00006000 fd:00 20186056                   /usr/lib/jvm/java-11-openjdk-amd64/lib/libzip.so
7f4337bd3000-7f4337bd4000 rw-p 00007000 fd:00 20186056                   /usr/lib/jvm/java-11-openjdk-amd64/lib/libzip.so
7f4337bd4000-7f4337bdf000 r-xp 00000000 fd:00 44176093                   /lib/x86_64-linux-gnu/libnss_files-2.27.so
7f4337bdf000-7f4337dde000 ---p 0000b000 fd:00 44176093                   /lib/x86_64-linux-gnu/libnss_files-2.27.so
7f4337dde000-7f4337ddf000 r--p 0000a000 fd:00 44176093                   /lib/x86_64-linux-gnu/libnss_files-2.27.so
7f4337ddf000-7f4337de0000 rw-p 0000b000 fd:00 44176093                   /lib/x86_64-linux-gnu/libnss_files-2.27.so
7f4337de0000-7f4337de6000 rw-p 00000000 00:00 0 
7f4337de6000-7f4337dfd000 r-xp 00000000 fd:00 44176087                   /lib/x86_64-linux-gnu/libnsl-2.27.so
7f4337dfd000-7f4337ffc000 ---p 00017000 fd:00 44176087                   /lib/x86_64-linux-gnu/libnsl-2.27.so
7f4337ffc000-7f4337ffd000 r--p 00016000 fd:00 44176087                   /lib/x86_64-linux-gnu/libnsl-2.27.so
7f4337ffd000-7f4337ffe000 rw-p 00017000 fd:00 44176087                   /lib/x86_64-linux-gnu/libnsl-2.27.so
7f4337ffe000-7f4338000000 rw-p 00000000 00:00 0 
7f4338000000-7f4338083000 rw-p 00000000 00:00 0 
7f4338083000-7f433c000000 ---p 00000000 00:00 0 
7f433c08b000-7f433c096000 r-xp 00000000 fd:00 44176104                   /lib/x86_64-linux-gnu/libnss_nis-2.27.so
7f433c096000-7f433c295000 ---p 0000b000 fd:00 44176104                   /lib/x86_64-linux-gnu/libnss_nis-2.27.so
7f433c295000-7f433c296000 r--p 0000a000 fd:00 44176104                   /lib/x86_64-linux-gnu/libnss_nis-2.27.so
7f433c296000-7f433c297000 rw-p 0000b000 fd:00 44176104                   /lib/x86_64-linux-gnu/libnss_nis-2.27.so
7f433c297000-7f433c29f000 r-xp 00000000 fd:00 44176089                   /lib/x86_64-linux-gnu/libnss_compat-2.27.so
7f433c29f000-7f433c49f000 ---p 00008000 fd:00 44176089                   /lib/x86_64-linux-gnu/libnss_compat-2.27.so
7f433c49f000-7f433c4a0000 r--p 00008000 fd:00 44176089                   /lib/x86_64-linux-gnu/libnss_compat-2.27.so
7f433c4a0000-7f433c4a1000 rw-p 00009000 fd:00 44176089                   /lib/x86_64-linux-gnu/libnss_compat-2.27.so
7f433c4a1000-7f433c4cd000 r-xp 00000000 fd:00 20186035                   /usr/lib/jvm/java-11-openjdk-amd64/lib/libjava.so
7f433c4cd000-7f433c6cc000 ---p 0002c000 fd:00 20186035                   /usr/lib/jvm/java-11-openjdk-amd64/lib/libjava.so
7f433c6cc000-7f433c6cd000 r--p 0002b000 fd:00 20186035                   /usr/lib/jvm/java-11-openjdk-amd64/lib/libjava.so
7f433c6cd000-7f433c6cf000 rw-p 0002c000 fd:00 20186035                   /usr/lib/jvm/java-11-openjdk-amd64/lib/libjava.so
7f433c6cf000-7f433c6dc000 r-xp 00000000 fd:00 20186055                   /usr/lib/jvm/java-11-openjdk-amd64/lib/libverify.so
7f433c6dc000-7f433c8db000 ---p 0000d000 fd:00 20186055                   /usr/lib/jvm/java-11-openjdk-amd64/lib/libverify.so
7f433c8db000-7f433c8dd000 r--p 0000c000 fd:00 20186055                   /usr/lib/jvm/java-11-openjdk-amd64/lib/libverify.so
7f433c8dd000-7f433c8de000 rw-p 0000e000 fd:00 20186055                   /usr/lib/jvm/java-11-openjdk-amd64/lib/libverify.so
7f433c8de000-7f433c8e5000 r-xp 00000000 fd:00 44176144                   /lib/x86_64-linux-gnu/librt-2.27.so
7f433c8e5000-7f433cae4000 ---p 00007000 fd:00 44176144                   /lib/x86_64-linux-gnu/librt-2.27.so
7f433cae4000-7f433cae5000 r--p 00006000 fd:00 44176144                   /lib/x86_64-linux-gnu/librt-2.27.so
7f433cae5000-7f433cae6000 rw-p 00007000 fd:00 44176144                   /lib/x86_64-linux-gnu/librt-2.27.so
7f433cae6000-7f433cafd000 r-xp 00000000 fd:00 44175907                   /lib/x86_64-linux-gnu/libgcc_s.so.1
7f433cafd000-7f433ccfc000 ---p 00017000 fd:00 44175907                   /lib/x86_64-linux-gnu/libgcc_s.so.1
7f433ccfc000-7f433ccfd000 r--p 00016000 fd:00 44175907                   /lib/x86_64-linux-gnu/libgcc_s.so.1
7f433ccfd000-7f433ccfe000 rw-p 00017000 fd:00 44175907                   /lib/x86_64-linux-gnu/libgcc_s.so.1
7f433ccfe000-7f433ce9b000 r-xp 00000000 fd:00 44176066                   /lib/x86_64-linux-gnu/libm-2.27.so
7f433ce9b000-7f433d09a000 ---p 0019d000 fd:00 44176066                   /lib/x86_64-linux-gnu/libm-2.27.so
7f433d09a000-7f433d09b000 r--p 0019c000 fd:00 44176066                   /lib/x86_64-linux-gnu/libm-2.27.so
7f433d09b000-7f433d09c000 rw-p 0019d000 fd:00 44176066                   /lib/x86_64-linux-gnu/libm-2.27.so
7f433d09c000-7f433d215000 r-xp 00000000 fd:00 18090134                   /usr/lib/x86_64-linux-gnu/libstdc++.so.6.0.25
7f433d215000-7f433d415000 ---p 00179000 fd:00 18090134                   /usr/lib/x86_64-linux-gnu/libstdc++.so.6.0.25
7f433d415000-7f433d41f000 r--p 00179000 fd:00 18090134                   /usr/lib/x86_64-linux-gnu/libstdc++.so.6.0.25
7f433d41f000-7f433d421000 rw-p 00183000 fd:00 18090134                   /usr/lib/x86_64-linux-gnu/libstdc++.so.6.0.25
7f433d421000-7f433d425000 rw-p 00000000 00:00 0 
7f433d425000-7f433e3c2000 r-xp 00000000 fd:00 20186062                   /usr/lib/jvm/java-11-openjdk-amd64/lib/server/libjvm.so
7f433e3c2000-7f433e5c2000 ---p 00f9d000 fd:00 20186062                   /usr/lib/jvm/java-11-openjdk-amd64/lib/server/libjvm.so
7f433e5c2000-7f433e686000 r--p 00f9d000 fd:00 20186062                   /usr/lib/jvm/java-11-openjdk-amd64/lib/server/libjvm.so
7f433e686000-7f433e6be000 rw-p 01061000 fd:00 20186062                   /usr/lib/jvm/java-11-openjdk-amd64/lib/server/libjvm.so
7f433e6be000-7f433e707000 rw-p 00000000 00:00 0 
7f433e707000-7f433e721000 r-xp 00000000 fd:00 44176136                   /lib/x86_64-linux-gnu/libpthread-2.27.so
7f433e721000-7f433e920000 ---p 0001a000 fd:00 44176136                   /lib/x86_64-linux-gnu/libpthread-2.27.so
7f433e920000-7f433e921000 r--p 00019000 fd:00 44176136                   /lib/x86_64-linux-gnu/libpthread-2.27.so
7f433e921000-7f433e922000 rw-p 0001a000 fd:00 44176136                   /lib/x86_64-linux-gnu/libpthread-2.27.so
7f433e922000-7f433e926000 rw-p 00000000 00:00 0 
7f433e926000-7f433e929000 r-xp 00000000 fd:00 44176026                   /lib/x86_64-linux-gnu/libdl-2.27.so
7f433e929000-7f433eb28000 ---p 00003000 fd:00 44176026                   /lib/x86_64-linux-gnu/libdl-2.27.so
7f433eb28000-7f433eb29000 r--p 00002000 fd:00 44176026                   /lib/x86_64-linux-gnu/libdl-2.27.so
7f433eb29000-7f433eb2a000 rw-p 00003000 fd:00 44176026                   /lib/x86_64-linux-gnu/libdl-2.27.so
7f433eb2a000-7f433eb46000 r-xp 00000000 fd:00 44176175                   /lib/x86_64-linux-gnu/libz.so.1.2.11
7f433eb46000-7f433ed45000 ---p 0001c000 fd:00 44176175                   /lib/x86_64-linux-gnu/libz.so.1.2.11
7f433ed45000-7f433ed46000 r--p 0001b000 fd:00 44176175                   /lib/x86_64-linux-gnu/libz.so.1.2.11
7f433ed46000-7f433ed47000 rw-p 0001c000 fd:00 44176175                   /lib/x86_64-linux-gnu/libz.so.1.2.11
7f433ed47000-7f433ef2e000 r-xp 00000000 fd:00 44176003                   /lib/x86_64-linux-gnu/libc-2.27.so
7f433ef2e000-7f433f12e000 ---p 001e7000 fd:00 44176003                   /lib/x86_64-linux-gnu/libc-2.27.so
7f433f12e000-7f433f132000 r--p 001e7000 fd:00 44176003                   /lib/x86_64-linux-gnu/libc-2.27.so
7f433f132000-7f433f134000 rw-p 001eb000 fd:00 44176003                   /lib/x86_64-linux-gnu/libc-2.27.so
7f433f134000-7f433f138000 rw-p 00000000 00:00 0 
7f433f138000-7f433f147000 r-xp 00000000 fd:00 20186020                   /usr/lib/jvm/java-11-openjdk-amd64/lib/jli/libjli.so
7f433f147000-7f433f346000 ---p 0000f000 fd:00 20186020                   /usr/lib/jvm/java-11-openjdk-amd64/lib/jli/libjli.so
7f433f346000-7f433f347000 r--p 0000e000 fd:00 20186020                   /usr/lib/jvm/java-11-openjdk-amd64/lib/jli/libjli.so
7f433f347000-7f433f348000 rw-p 0000f000 fd:00 20186020                   /usr/lib/jvm/java-11-openjdk-amd64/lib/jli/libjli.so
7f433f348000-7f433f36f000 r-xp 00000000 fd:00 44175975                   /lib/x86_64-linux-gnu/ld-2.27.so
7f433f3eb000-7f433f452000 rw-p 00000000 00:00 0 
7f433f452000-7f433f456000 ---p 00000000 00:00 0 
7f433f456000-7f433f555000 rw-p 00000000 00:00 0 
7f433f556000-7f433f55c000 rw-p 00000000 00:00 0 
7f433f55c000-7f433f563000 ---p 00000000 00:00 0 
7f433f563000-7f433f56b000 rw-s 00000000 fd:00 16121869                   /tmp/hsperfdata_minecraft/26297
7f433f56b000-7f433f56c000 ---p 00000000 00:00 0 
7f433f56c000-7f433f56d000 r--p 00000000 00:00 0 
7f433f56d000-7f433f56f000 rw-p 00000000 00:00 0 
7f433f56f000-7f433f570000 r--p 00027000 fd:00 44175975                   /lib/x86_64-linux-gnu/ld-2.27.so
7f433f570000-7f433f571000 rw-p 00028000 fd:00 44175975                   /lib/x86_64-linux-gnu/ld-2.27.so
7f433f571000-7f433f572000 rw-p 00000000 00:00 0 
7ffca0e8f000-7ffca0eb0000 rw-p 00000000 00:00 0                          [stack]
7ffca0f90000-7ffca0f93000 r--p 00000000 00:00 0                          [vvar]
7ffca0f93000-7ffca0f95000 r-xp 00000000 00:00 0                          [vdso]
ffffffffff600000-ffffffffff601000 r-xp 00000000 00:00 0                  [vsyscall]


VM Arguments:
jvm_args: -Xms3g -Xmx3g 
java_command: server.jar nogui
java_class_path (initial): server.jar
Launcher Type: SUN_STANDARD

Logging:
Log output configuration:
#0: stdout all=warning uptime,level,tags
#1: stderr all=off uptime,level,tags

Environment Variables:
PATH=/usr/local/sbin:/usr/local/bin:/usr/sbin:/usr/bin:/sbin:/bin
SHELL=/bin/sh

Signal Handlers:
SIGSEGV: [libjvm.so+0xd28b70], sa_mask[0]=11111111011111111101111111111110, sa_flags=SA_RESTART|SA_SIGINFO
SIGBUS: [libjvm.so+0xd28b70], sa_mask[0]=11111111011111111101111111111110, sa_flags=SA_RESTART|SA_SIGINFO
SIGFPE: [libjvm.so+0xd28b70], sa_mask[0]=11111111011111111101111111111110, sa_flags=SA_RESTART|SA_SIGINFO
SIGPIPE: [libjvm.so+0xb2a1f0], sa_mask[0]=11111111011111111101111111111110, sa_flags=SA_RESTART|SA_SIGINFO
SIGXFSZ: [libjvm.so+0xb2a1f0], sa_mask[0]=11111111011111111101111111111110, sa_flags=SA_RESTART|SA_SIGINFO
SIGILL: [libjvm.so+0xd28b70], sa_mask[0]=11111111011111111101111111111110, sa_flags=SA_RESTART|SA_SIGINFO
SIGUSR2: [libjvm.so+0xb2a030], sa_mask[0]=00000000000000000000000000000000, sa_flags=SA_RESTART|SA_SIGINFO
SIGHUP: SIG_DFL, sa_mask[0]=00000000000000000000000000000000, sa_flags=none
SIGINT: SIG_DFL, sa_mask[0]=00000000000000000000000000000000, sa_flags=none
SIGTERM: SIG_DFL, sa_mask[0]=00000000000000000000000000000000, sa_flags=none
SIGQUIT: SIG_DFL, sa_mask[0]=00000000000000000000000000000000, sa_flags=none


---------------  S Y S T E M  ---------------

OS:DISTRIB_ID=Ubuntu
DISTRIB_RELEASE=18.04
DISTRIB_CODENAME=bionic
DISTRIB_DESCRIPTION="Ubuntu 18.04.2 LTS"
uname:Linux 4.15.0-46-generic #49-Ubuntu SMP Wed Feb 6 09:33:07 UTC 2019 x86_64
libc:glibc 2.27 NPTL 2.27 
rlimit: STACK 8192k, CORE 0k, NPROC 15099, NOFILE 4096, AS infinity, DATA infinity, FSIZE infinity
load average:1.08 1.37 1.44

/proc/meminfo:
MemTotal:        3943748 kB
MemFree:          150840 kB
MemAvailable:    1609732 kB
Buffers:           38284 kB
Cached:          1620768 kB
SwapCached:         4964 kB
Active:          2550972 kB
Inactive:        1051168 kB
Active(anon):    1661752 kB
Inactive(anon):   311468 kB
Active(file):     889220 kB
Inactive(file):   739700 kB
Unevictable:           0 kB
Mlocked:               0 kB
SwapTotal:        999420 kB
SwapFree:         577968 kB
Dirty:              4584 kB
Writeback:             0 kB
AnonPages:       1940960 kB
Mapped:            89072 kB
Shmem:             30128 kB
Slab:             106544 kB
SReclaimable:      65476 kB
SUnreclaim:        41068 kB
KernelStack:        5992 kB
PageTables:        22280 kB
NFS_Unstable:          0 kB
Bounce:                0 kB
WritebackTmp:          0 kB
CommitLimit:     2971292 kB
Committed_AS:    2953560 kB
VmallocTotal:   34359738367 kB
VmallocUsed:           0 kB
VmallocChunk:          0 kB
HardwareCorrupted:     0 kB
AnonHugePages:         0 kB
ShmemHugePages:        0 kB
ShmemPmdMapped:        0 kB
CmaTotal:              0 kB
CmaFree:               0 kB
HugePages_Total:       0
HugePages_Free:        0
HugePages_Rsvd:        0
HugePages_Surp:        0
Hugepagesize:       2048 kB
DirectMap4k:      154224 kB
DirectMap2M:     3944448 kB
DirectMap1G:           0 kB

container (cgroup) information:
container_type: cgroupv1
cpu_cpuset_cpus: 0-3
cpu_memory_nodes: 0
active_processor_count: 4
cpu_quota: -1
cpu_period: 100000
cpu_shares: -1
memory_limit_in_bytes: -1
memory_and_swap_limit_in_bytes: -2
memory_soft_limit_in_bytes: -1
memory_usage_in_bytes: 3687751680
memory_max_usage_in_bytes: 2048000


CPU:total 4 (initial active 4) (2 cores per cpu, 2 threads per core) family 6 model 69 stepping 1, cmov, cx8, fxsr, mmx, sse, sse2, sse3, ssse3, sse4.1, sse4.2, popcnt, avx, avx2, aes, clmul, erms, lzcnt, ht, tsc, tscinvbit, bmi1, bmi2, fma
CPU Model and flags from /proc/cpuinfo:
model name	: Intel(R) Core(TM) i7-4500U CPU @ 1.80GHz
flags		: fpu vme de pse tsc msr pae mce cx8 apic sep mtrr pge mca cmov pat pse36 clflush dts acpi mmx fxsr sse sse2 ss ht tm pbe syscall nx pdpe1gb rdtscp lm constant_tsc arch_perfmon pebs bts rep_good nopl xtopology nonstop_tsc cpuid aperfmperf pni pclmulqdq dtes64 monitor ds_cpl vmx est tm2 ssse3 sdbg fma cx16 xtpr pdcm pcid sse4_1 sse4_2 movbe popcnt tsc_deadline_timer aes xsave avx f16c rdrand lahf_lm abm cpuid_fault epb invpcid_single pti ssbd ibrs ibpb stibp tpr_shadow vnmi flexpriority ept vpid fsgsbase tsc_adjust bmi1 avx2 smep bmi2 erms invpcid xsaveopt dtherm ida arat pln pts flush_l1d

Memory: 4k page, physical 3943748k(150840k free), swap 999420k(577968k free)

vm_info: OpenJDK 64-Bit Server VM (10.0.2+13-Ubuntu-1ubuntu0.18.04.4) for linux-amd64 JRE (10.0.2+13-Ubuntu-1ubuntu0.18.04.4), built on Nov 13 2018 12:53:39 by "buildd" with gcc 7.3.0

END.
