#
# There is insufficient memory for the Java Runtime Environment to continue.
# Native memory allocation (mmap) failed to map 3221225472 bytes for committing reserved memory.
# Possible reasons:
#   The system is out of physical RAM or swap space
#   The process is running with CompressedOops enabled, and the Java Heap may be blocking the growth of the native heap
# Possible solutions:
#   Reduce memory load on the system
#   Increase physical memory or swap space
#   Check if swap backing store is full
#   Decrease Java heap size (-Xmx/-Xms)
#   Decrease number of Java threads
#   Decrease Java thread stack sizes (-Xss)
#   Set larger code cache with -XX:ReservedCodeCacheSize=
# This output file may be truncated or incomplete.
#
#  Out of Memory Error (os_linux.cpp:2706), pid=2583, tid=2584
#
# JRE version:  (10.0.2+13) (build )
# Java VM: OpenJDK 64-Bit Server VM (10.0.2+13-Ubuntu-1ubuntu0.18.04.4, mixed mode, aot, tiered, compressed oops, g1 gc, linux-amd64)
# Core dump will be written. Default location: Core dumps may be processed with "/usr/share/apport/apport %p %s %c %d %P" (or dumping to /opt/forno/minecraft/core.2583)
#

---------------  S U M M A R Y ------------

Command Line: -Xms3g -Xmx3g server.jar nogui

Host: Intel(R) Core(TM) i7-4500U CPU @ 1.80GHz, 4 cores, 3G, Ubuntu 18.04.2 LTS
Time: Thu Mar 21 06:46:00 2019 JST elapsed time: 0 seconds (0d 0h 0m 0s)

---------------  T H R E A D  ---------------

Current thread (0x00007f09e0011000):  JavaThread "Unknown thread" [_thread_in_vm, id=2584, stack(0x00007f09e92dd000,0x00007f09e93de000)]

Stack: [0x00007f09e92dd000,0x00007f09e93de000],  sp=0x00007f09e93dc2e0,  free space=1020k
Native frames: (J=compiled Java code, A=aot compiled Java code, j=interpreted, Vv=VM code, C=native code)
V  [libjvm.so+0xd27ea4]
V  [libjvm.so+0xd28a4b]
V  [libjvm.so+0x64d415]
V  [libjvm.so+0xb2d7c8]
V  [libjvm.so+0xb2601d]
V  [libjvm.so+0x7662ff]
V  [libjvm.so+0x76653e]
V  [libjvm.so+0x769500]
V  [libjvm.so+0x7efa1c]
V  [libjvm.so+0x7f06df]
V  [libjvm.so+0x7f0b59]
V  [libjvm.so+0x7162cf]
V  [libjvm.so+0x71afd3]
V  [libjvm.so+0xce5dc2]
V  [libjvm.so+0xce60c6]
V  [libjvm.so+0x807d57]
V  [libjvm.so+0xcc7ac4]
V  [libjvm.so+0x8601b1]  JNI_CreateJavaVM+0x51
C  [libjli.so+0x3d83]
C  [libjli.so+0x89dd]
C  [libpthread.so.0+0x76db]  start_thread+0xdb


---------------  P R O C E S S  ---------------

Threads class SMR info:
_java_thread_list=0x000055f6e2c366b0, length=0, elements={
}

Java Threads: ( => current thread )

Other Threads:
  0x00007f09e0028000 GCTaskThread "GC Thread#0" [stack: 0x00007f09e5406000,0x00007f09e5506000] [id=2585]
  0x00007f09e0029000 GCTaskThread "GC Thread#1" [stack: 0x00007f09e5304000,0x00007f09e5404000] [id=2586]
  0x00007f09e002b000 GCTaskThread "GC Thread#2" [stack: 0x00007f09e5202000,0x00007f09e5302000] [id=2587]
  0x00007f09e002c800 GCTaskThread "GC Thread#3" [stack: 0x00007f09e5100000,0x00007f09e5200000] [id=2588]
  0x00007f09e006a000 ConcurrentGCThread "G1 Main Marker" [stack: 0x00007f09c4425000,0x00007f09c4525000] [id=2589]
  0x00007f09e006c000 ConcurrentGCThread "G1 Conc#0" [stack: 0x00007f09c4323000,0x00007f09c4423000] [id=2590]

[error occurred during error reporting (printing all threads), id 0xe0000002]

VM state:not at safepoint (not fully initialized)

VM Mutex/Monitor currently owned by a thread:  ([mutex/lock_event])
[0x00007f09e000df30] Heap_lock - owner thread: 0x00007f09e0011000

Heap address: 0x0000000700000000, size: 3072 MB, Compressed Oops mode: Non-zero based: 0x0000000700000000
Narrow klass base: 0x0000000000000000, Narrow klass shift: 0

GC Heap History (0 events):
No events

Deoptimization events (0 events):
No events

Classes redefined (0 events):
No events

Internal exceptions (0 events):
No events

Events (0 events):
No events


Dynamic libraries:
55f6e1c68000-55f6e1c69000 r-xp 00000000 fd:00 20185882                   /usr/lib/jvm/java-11-openjdk-amd64/bin/java
55f6e1e69000-55f6e1e6a000 r--p 00001000 fd:00 20185882                   /usr/lib/jvm/java-11-openjdk-amd64/bin/java
55f6e1e6a000-55f6e1e6b000 rw-p 00002000 fd:00 20185882                   /usr/lib/jvm/java-11-openjdk-amd64/bin/java
55f6e2c1f000-55f6e2c40000 rw-p 00000000 00:00 0                          [heap]
7f09a4000000-7f09a4021000 rw-p 00000000 00:00 0 
7f09a4021000-7f09a8000000 ---p 00000000 00:00 0 
7f09aa000000-7f09ac000000 rw-p 00000000 00:00 0 
7f09ac000000-7f09ac021000 rw-p 00000000 00:00 0 
7f09ac021000-7f09b0000000 ---p 00000000 00:00 0 
7f09b0000000-7f09b0021000 rw-p 00000000 00:00 0 
7f09b0021000-7f09b4000000 ---p 00000000 00:00 0 
7f09b4eff000-7f09b5000000 rw-p 00000000 00:00 0 
7f09b5000000-7f09b8000000 ---p 00000000 00:00 0 
7f09b8000000-7f09b8021000 rw-p 00000000 00:00 0 
7f09b8021000-7f09bc000000 ---p 00000000 00:00 0 
7f09bc000000-7f09bc021000 rw-p 00000000 00:00 0 
7f09bc021000-7f09c0000000 ---p 00000000 00:00 0 
7f09c0000000-7f09c0021000 rw-p 00000000 00:00 0 
7f09c0021000-7f09c4000000 ---p 00000000 00:00 0 
7f09c401e000-7f09c4321000 rw-p 00000000 00:00 0 
7f09c4321000-7f09c4322000 ---p 00000000 00:00 0 
7f09c4322000-7f09c4423000 rw-p 00000000 00:00 0 
7f09c4423000-7f09c4424000 ---p 00000000 00:00 0 
7f09c4424000-7f09c4525000 rw-p 00000000 00:00 0 
7f09c4525000-7f09c7b25000 ---p 00000000 00:00 0 
7f09c7b25000-7f09c7d95000 rwxp 00000000 00:00 0 
7f09c7d95000-7f09c80b5000 ---p 00000000 00:00 0 
7f09c80b5000-7f09c8325000 rwxp 00000000 00:00 0 
7f09c8325000-7f09cf5ed000 ---p 00000000 00:00 0 
7f09cf5ed000-7f09cf85d000 rwxp 00000000 00:00 0 
7f09cf85d000-7f09d6b25000 ---p 00000000 00:00 0 
7f09d6b25000-7f09e0000000 r--s 00000000 fd:00 20186057                   /usr/lib/jvm/java-11-openjdk-amd64/lib/modules
7f09e0000000-7f09e0083000 rw-p 00000000 00:00 0 
7f09e0083000-7f09e4000000 ---p 00000000 00:00 0 
7f09e403a000-7f09e40fa000 rw-p 00000000 00:00 0 
7f09e40fa000-7f09e4cfa000 ---p 00000000 00:00 0 
7f09e4cfa000-7f09e50fe000 rw-p 00000000 00:00 0 
7f09e50fe000-7f09e50ff000 ---p 00000000 00:00 0 
7f09e50ff000-7f09e5200000 rw-p 00000000 00:00 0 
7f09e5200000-7f09e5201000 ---p 00000000 00:00 0 
7f09e5201000-7f09e5302000 rw-p 00000000 00:00 0 
7f09e5302000-7f09e5303000 ---p 00000000 00:00 0 
7f09e5303000-7f09e5404000 rw-p 00000000 00:00 0 
7f09e5404000-7f09e5405000 ---p 00000000 00:00 0 
7f09e5405000-7f09e550b000 rw-p 00000000 00:00 0 
7f09e550b000-7f09e55f1000 ---p 00000000 00:00 0 
7f09e55f1000-7f09e55f6000 rw-p 00000000 00:00 0 
7f09e55f6000-7f09e56dc000 ---p 00000000 00:00 0 
7f09e56dc000-7f09e56e1000 r-xp 00000000 fd:00 20186039                   /usr/lib/jvm/java-11-openjdk-amd64/lib/libjimage.so
7f09e56e1000-7f09e58e0000 ---p 00005000 fd:00 20186039                   /usr/lib/jvm/java-11-openjdk-amd64/lib/libjimage.so
7f09e58e0000-7f09e58e1000 r--p 00004000 fd:00 20186039                   /usr/lib/jvm/java-11-openjdk-amd64/lib/libjimage.so
7f09e58e1000-7f09e58e2000 rw-p 00005000 fd:00 20186039                   /usr/lib/jvm/java-11-openjdk-amd64/lib/libjimage.so
7f09e58e2000-7f09e58e9000 r-xp 00000000 fd:00 20186056                   /usr/lib/jvm/java-11-openjdk-amd64/lib/libzip.so
7f09e58e9000-7f09e5ae8000 ---p 00007000 fd:00 20186056                   /usr/lib/jvm/java-11-openjdk-amd64/lib/libzip.so
7f09e5ae8000-7f09e5ae9000 r--p 00006000 fd:00 20186056                   /usr/lib/jvm/java-11-openjdk-amd64/lib/libzip.so
7f09e5ae9000-7f09e5aea000 rw-p 00007000 fd:00 20186056                   /usr/lib/jvm/java-11-openjdk-amd64/lib/libzip.so
7f09e5aea000-7f09e5af5000 r-xp 00000000 fd:00 44176093                   /lib/x86_64-linux-gnu/libnss_files-2.27.so
7f09e5af5000-7f09e5cf4000 ---p 0000b000 fd:00 44176093                   /lib/x86_64-linux-gnu/libnss_files-2.27.so
7f09e5cf4000-7f09e5cf5000 r--p 0000a000 fd:00 44176093                   /lib/x86_64-linux-gnu/libnss_files-2.27.so
7f09e5cf5000-7f09e5cf6000 rw-p 0000b000 fd:00 44176093                   /lib/x86_64-linux-gnu/libnss_files-2.27.so
7f09e5cf6000-7f09e5cfc000 rw-p 00000000 00:00 0 
7f09e5cfc000-7f09e5d13000 r-xp 00000000 fd:00 44176087                   /lib/x86_64-linux-gnu/libnsl-2.27.so
7f09e5d13000-7f09e5f12000 ---p 00017000 fd:00 44176087                   /lib/x86_64-linux-gnu/libnsl-2.27.so
7f09e5f12000-7f09e5f13000 r--p 00016000 fd:00 44176087                   /lib/x86_64-linux-gnu/libnsl-2.27.so
7f09e5f13000-7f09e5f14000 rw-p 00017000 fd:00 44176087                   /lib/x86_64-linux-gnu/libnsl-2.27.so
7f09e5f14000-7f09e5f16000 rw-p 00000000 00:00 0 
7f09e5f16000-7f09e5f21000 r-xp 00000000 fd:00 44176104                   /lib/x86_64-linux-gnu/libnss_nis-2.27.so
7f09e5f21000-7f09e6120000 ---p 0000b000 fd:00 44176104                   /lib/x86_64-linux-gnu/libnss_nis-2.27.so
7f09e6120000-7f09e6121000 r--p 0000a000 fd:00 44176104                   /lib/x86_64-linux-gnu/libnss_nis-2.27.so
7f09e6121000-7f09e6122000 rw-p 0000b000 fd:00 44176104                   /lib/x86_64-linux-gnu/libnss_nis-2.27.so
7f09e6122000-7f09e612a000 r-xp 00000000 fd:00 44176089                   /lib/x86_64-linux-gnu/libnss_compat-2.27.so
7f09e612a000-7f09e632a000 ---p 00008000 fd:00 44176089                   /lib/x86_64-linux-gnu/libnss_compat-2.27.so
7f09e632a000-7f09e632b000 r--p 00008000 fd:00 44176089                   /lib/x86_64-linux-gnu/libnss_compat-2.27.so
7f09e632b000-7f09e632c000 rw-p 00009000 fd:00 44176089                   /lib/x86_64-linux-gnu/libnss_compat-2.27.so
7f09e632c000-7f09e6358000 r-xp 00000000 fd:00 20186035                   /usr/lib/jvm/java-11-openjdk-amd64/lib/libjava.so
7f09e6358000-7f09e6557000 ---p 0002c000 fd:00 20186035                   /usr/lib/jvm/java-11-openjdk-amd64/lib/libjava.so
7f09e6557000-7f09e6558000 r--p 0002b000 fd:00 20186035                   /usr/lib/jvm/java-11-openjdk-amd64/lib/libjava.so
7f09e6558000-7f09e655a000 rw-p 0002c000 fd:00 20186035                   /usr/lib/jvm/java-11-openjdk-amd64/lib/libjava.so
7f09e655a000-7f09e6567000 r-xp 00000000 fd:00 20186055                   /usr/lib/jvm/java-11-openjdk-amd64/lib/libverify.so
7f09e6567000-7f09e6766000 ---p 0000d000 fd:00 20186055                   /usr/lib/jvm/java-11-openjdk-amd64/lib/libverify.so
7f09e6766000-7f09e6768000 r--p 0000c000 fd:00 20186055                   /usr/lib/jvm/java-11-openjdk-amd64/lib/libverify.so
7f09e6768000-7f09e6769000 rw-p 0000e000 fd:00 20186055                   /usr/lib/jvm/java-11-openjdk-amd64/lib/libverify.so
7f09e6769000-7f09e6770000 r-xp 00000000 fd:00 44176144                   /lib/x86_64-linux-gnu/librt-2.27.so
7f09e6770000-7f09e696f000 ---p 00007000 fd:00 44176144                   /lib/x86_64-linux-gnu/librt-2.27.so
7f09e696f000-7f09e6970000 r--p 00006000 fd:00 44176144                   /lib/x86_64-linux-gnu/librt-2.27.so
7f09e6970000-7f09e6971000 rw-p 00007000 fd:00 44176144                   /lib/x86_64-linux-gnu/librt-2.27.so
7f09e6971000-7f09e6988000 r-xp 00000000 fd:00 44175907                   /lib/x86_64-linux-gnu/libgcc_s.so.1
7f09e6988000-7f09e6b87000 ---p 00017000 fd:00 44175907                   /lib/x86_64-linux-gnu/libgcc_s.so.1
7f09e6b87000-7f09e6b88000 r--p 00016000 fd:00 44175907                   /lib/x86_64-linux-gnu/libgcc_s.so.1
7f09e6b88000-7f09e6b89000 rw-p 00017000 fd:00 44175907                   /lib/x86_64-linux-gnu/libgcc_s.so.1
7f09e6b89000-7f09e6d26000 r-xp 00000000 fd:00 44176066                   /lib/x86_64-linux-gnu/libm-2.27.so
7f09e6d26000-7f09e6f25000 ---p 0019d000 fd:00 44176066                   /lib/x86_64-linux-gnu/libm-2.27.so
7f09e6f25000-7f09e6f26000 r--p 0019c000 fd:00 44176066                   /lib/x86_64-linux-gnu/libm-2.27.so
7f09e6f26000-7f09e6f27000 rw-p 0019d000 fd:00 44176066                   /lib/x86_64-linux-gnu/libm-2.27.so
7f09e6f27000-7f09e70a0000 r-xp 00000000 fd:00 18090134                   /usr/lib/x86_64-linux-gnu/libstdc++.so.6.0.25
7f09e70a0000-7f09e72a0000 ---p 00179000 fd:00 18090134                   /usr/lib/x86_64-linux-gnu/libstdc++.so.6.0.25
7f09e72a0000-7f09e72aa000 r--p 00179000 fd:00 18090134                   /usr/lib/x86_64-linux-gnu/libstdc++.so.6.0.25
7f09e72aa000-7f09e72ac000 rw-p 00183000 fd:00 18090134                   /usr/lib/x86_64-linux-gnu/libstdc++.so.6.0.25
7f09e72ac000-7f09e72b0000 rw-p 00000000 00:00 0 
7f09e72b0000-7f09e824d000 r-xp 00000000 fd:00 20186062                   /usr/lib/jvm/java-11-openjdk-amd64/lib/server/libjvm.so
7f09e824d000-7f09e844d000 ---p 00f9d000 fd:00 20186062                   /usr/lib/jvm/java-11-openjdk-amd64/lib/server/libjvm.so
7f09e844d000-7f09e8511000 r--p 00f9d000 fd:00 20186062                   /usr/lib/jvm/java-11-openjdk-amd64/lib/server/libjvm.so
7f09e8511000-7f09e8549000 rw-p 01061000 fd:00 20186062                   /usr/lib/jvm/java-11-openjdk-amd64/lib/server/libjvm.so
7f09e8549000-7f09e8592000 rw-p 00000000 00:00 0 
7f09e8592000-7f09e85ac000 r-xp 00000000 fd:00 44176136                   /lib/x86_64-linux-gnu/libpthread-2.27.so
7f09e85ac000-7f09e87ab000 ---p 0001a000 fd:00 44176136                   /lib/x86_64-linux-gnu/libpthread-2.27.so
7f09e87ab000-7f09e87ac000 r--p 00019000 fd:00 44176136                   /lib/x86_64-linux-gnu/libpthread-2.27.so
7f09e87ac000-7f09e87ad000 rw-p 0001a000 fd:00 44176136                   /lib/x86_64-linux-gnu/libpthread-2.27.so
7f09e87ad000-7f09e87b1000 rw-p 00000000 00:00 0 
7f09e87b1000-7f09e87b4000 r-xp 00000000 fd:00 44176026                   /lib/x86_64-linux-gnu/libdl-2.27.so
7f09e87b4000-7f09e89b3000 ---p 00003000 fd:00 44176026                   /lib/x86_64-linux-gnu/libdl-2.27.so
7f09e89b3000-7f09e89b4000 r--p 00002000 fd:00 44176026                   /lib/x86_64-linux-gnu/libdl-2.27.so
7f09e89b4000-7f09e89b5000 rw-p 00003000 fd:00 44176026                   /lib/x86_64-linux-gnu/libdl-2.27.so
7f09e89b5000-7f09e89d1000 r-xp 00000000 fd:00 44176175                   /lib/x86_64-linux-gnu/libz.so.1.2.11
7f09e89d1000-7f09e8bd0000 ---p 0001c000 fd:00 44176175                   /lib/x86_64-linux-gnu/libz.so.1.2.11
7f09e8bd0000-7f09e8bd1000 r--p 0001b000 fd:00 44176175                   /lib/x86_64-linux-gnu/libz.so.1.2.11
7f09e8bd1000-7f09e8bd2000 rw-p 0001c000 fd:00 44176175                   /lib/x86_64-linux-gnu/libz.so.1.2.11
7f09e8bd2000-7f09e8db9000 r-xp 00000000 fd:00 44176003                   /lib/x86_64-linux-gnu/libc-2.27.so
7f09e8db9000-7f09e8fb9000 ---p 001e7000 fd:00 44176003                   /lib/x86_64-linux-gnu/libc-2.27.so
7f09e8fb9000-7f09e8fbd000 r--p 001e7000 fd:00 44176003                   /lib/x86_64-linux-gnu/libc-2.27.so
7f09e8fbd000-7f09e8fbf000 rw-p 001eb000 fd:00 44176003                   /lib/x86_64-linux-gnu/libc-2.27.so
7f09e8fbf000-7f09e8fc3000 rw-p 00000000 00:00 0 
7f09e8fc3000-7f09e8fd2000 r-xp 00000000 fd:00 20186020                   /usr/lib/jvm/java-11-openjdk-amd64/lib/jli/libjli.so
7f09e8fd2000-7f09e91d1000 ---p 0000f000 fd:00 20186020                   /usr/lib/jvm/java-11-openjdk-amd64/lib/jli/libjli.so
7f09e91d1000-7f09e91d2000 r--p 0000e000 fd:00 20186020                   /usr/lib/jvm/java-11-openjdk-amd64/lib/jli/libjli.so
7f09e91d2000-7f09e91d3000 rw-p 0000f000 fd:00 20186020                   /usr/lib/jvm/java-11-openjdk-amd64/lib/jli/libjli.so
7f09e91d3000-7f09e91fa000 r-xp 00000000 fd:00 44175975                   /lib/x86_64-linux-gnu/ld-2.27.so
7f09e9276000-7f09e92dd000 rw-p 00000000 00:00 0 
7f09e92dd000-7f09e92e1000 ---p 00000000 00:00 0 
7f09e92e1000-7f09e93e0000 rw-p 00000000 00:00 0 
7f09e93e1000-7f09e93e7000 rw-p 00000000 00:00 0 
7f09e93e7000-7f09e93ee000 ---p 00000000 00:00 0 
7f09e93ee000-7f09e93f6000 rw-s 00000000 fd:00 16121869                   /tmp/hsperfdata_minecraft/2583
7f09e93f6000-7f09e93f7000 ---p 00000000 00:00 0 
7f09e93f7000-7f09e93f8000 r--p 00000000 00:00 0 
7f09e93f8000-7f09e93fa000 rw-p 00000000 00:00 0 
7f09e93fa000-7f09e93fb000 r--p 00027000 fd:00 44175975                   /lib/x86_64-linux-gnu/ld-2.27.so
7f09e93fb000-7f09e93fc000 rw-p 00028000 fd:00 44175975                   /lib/x86_64-linux-gnu/ld-2.27.so
7f09e93fc000-7f09e93fd000 rw-p 00000000 00:00 0 
7ffdd4a6a000-7ffdd4a8b000 rw-p 00000000 00:00 0                          [stack]
7ffdd4b54000-7ffdd4b57000 r--p 00000000 00:00 0                          [vvar]
7ffdd4b57000-7ffdd4b59000 r-xp 00000000 00:00 0                          [vdso]
ffffffffff600000-ffffffffff601000 r-xp 00000000 00:00 0                  [vsyscall]


VM Arguments:
jvm_args: -Xms3g -Xmx3g 
java_command: server.jar nogui
java_class_path (initial): server.jar
Launcher Type: SUN_STANDARD

Logging:
Log output configuration:
#0: stdout all=warning uptime,level,tags
#1: stderr all=off uptime,level,tags

Environment Variables:
PATH=/usr/local/sbin:/usr/local/bin:/usr/sbin:/usr/bin:/sbin:/bin
SHELL=/bin/sh

Signal Handlers:
SIGSEGV: [libjvm.so+0xd28b70], sa_mask[0]=11111111011111111101111111111110, sa_flags=SA_RESTART|SA_SIGINFO
SIGBUS: [libjvm.so+0xd28b70], sa_mask[0]=11111111011111111101111111111110, sa_flags=SA_RESTART|SA_SIGINFO
SIGFPE: [libjvm.so+0xd28b70], sa_mask[0]=11111111011111111101111111111110, sa_flags=SA_RESTART|SA_SIGINFO
SIGPIPE: [libjvm.so+0xb2a1f0], sa_mask[0]=11111111011111111101111111111110, sa_flags=SA_RESTART|SA_SIGINFO
SIGXFSZ: [libjvm.so+0xb2a1f0], sa_mask[0]=11111111011111111101111111111110, sa_flags=SA_RESTART|SA_SIGINFO
SIGILL: [libjvm.so+0xd28b70], sa_mask[0]=11111111011111111101111111111110, sa_flags=SA_RESTART|SA_SIGINFO
SIGUSR2: [libjvm.so+0xb2a030], sa_mask[0]=00000000000000000000000000000000, sa_flags=SA_RESTART|SA_SIGINFO
SIGHUP: SIG_DFL, sa_mask[0]=00000000000000000000000000000000, sa_flags=none
SIGINT: SIG_DFL, sa_mask[0]=00000000000000000000000000000000, sa_flags=none
SIGTERM: SIG_DFL, sa_mask[0]=00000000000000000000000000000000, sa_flags=none
SIGQUIT: SIG_DFL, sa_mask[0]=00000000000000000000000000000000, sa_flags=none


---------------  S Y S T E M  ---------------

OS:DISTRIB_ID=Ubuntu
DISTRIB_RELEASE=18.04
DISTRIB_CODENAME=bionic
DISTRIB_DESCRIPTION="Ubuntu 18.04.2 LTS"
uname:Linux 4.15.0-46-generic #49-Ubuntu SMP Wed Feb 6 09:33:07 UTC 2019 x86_64
libc:glibc 2.27 NPTL 2.27 
rlimit: STACK 8192k, CORE 0k, NPROC 15099, NOFILE 4096, AS infinity, DATA infinity, FSIZE infinity
load average:1.12 1.25 1.29

/proc/meminfo:
MemTotal:        3943748 kB
MemFree:          124112 kB
MemAvailable:    1464104 kB
Buffers:           45768 kB
Cached:          1494840 kB
SwapCached:         6352 kB
Active:          2529600 kB
Inactive:        1097712 kB
Active(anon):    1751444 kB
Inactive(anon):   365968 kB
Active(file):     778156 kB
Inactive(file):   731744 kB
Unevictable:           0 kB
Mlocked:               0 kB
SwapTotal:        999420 kB
SwapFree:         587696 kB
Dirty:              9976 kB
Writeback:             0 kB
AnonPages:       2084564 kB
Mapped:           155088 kB
Shmem:             30708 kB
Slab:             106720 kB
SReclaimable:      65720 kB
SUnreclaim:        41000 kB
KernelStack:        5968 kB
PageTables:        23144 kB
NFS_Unstable:          0 kB
Bounce:                0 kB
WritebackTmp:          0 kB
CommitLimit:     2971292 kB
Committed_AS:    3129524 kB
VmallocTotal:   34359738367 kB
VmallocUsed:           0 kB
VmallocChunk:          0 kB
HardwareCorrupted:     0 kB
AnonHugePages:         0 kB
ShmemHugePages:        0 kB
ShmemPmdMapped:        0 kB
CmaTotal:              0 kB
CmaFree:               0 kB
HugePages_Total:       0
HugePages_Free:        0
HugePages_Rsvd:        0
HugePages_Surp:        0
Hugepagesize:       2048 kB
DirectMap4k:      158320 kB
DirectMap2M:     3940352 kB
DirectMap1G:           0 kB

container (cgroup) information:
container_type: cgroupv1
cpu_cpuset_cpus: 0-3
cpu_memory_nodes: 0
active_processor_count: 4
cpu_quota: -1
cpu_period: 100000
cpu_shares: -1
memory_limit_in_bytes: -1
memory_and_swap_limit_in_bytes: -2
memory_soft_limit_in_bytes: -1
memory_usage_in_bytes: 3713302528
memory_max_usage_in_bytes: 2048000


CPU:total 4 (initial active 4) (2 cores per cpu, 2 threads per core) family 6 model 69 stepping 1, cmov, cx8, fxsr, mmx, sse, sse2, sse3, ssse3, sse4.1, sse4.2, popcnt, avx, avx2, aes, clmul, erms, lzcnt, ht, tsc, tscinvbit, bmi1, bmi2, fma
CPU Model and flags from /proc/cpuinfo:
model name	: Intel(R) Core(TM) i7-4500U CPU @ 1.80GHz
flags		: fpu vme de pse tsc msr pae mce cx8 apic sep mtrr pge mca cmov pat pse36 clflush dts acpi mmx fxsr sse sse2 ss ht tm pbe syscall nx pdpe1gb rdtscp lm constant_tsc arch_perfmon pebs bts rep_good nopl xtopology nonstop_tsc cpuid aperfmperf pni pclmulqdq dtes64 monitor ds_cpl vmx est tm2 ssse3 sdbg fma cx16 xtpr pdcm pcid sse4_1 sse4_2 movbe popcnt tsc_deadline_timer aes xsave avx f16c rdrand lahf_lm abm cpuid_fault epb invpcid_single pti ssbd ibrs ibpb stibp tpr_shadow vnmi flexpriority ept vpid fsgsbase tsc_adjust bmi1 avx2 smep bmi2 erms invpcid xsaveopt dtherm ida arat pln pts flush_l1d

Memory: 4k page, physical 3943748k(124112k free), swap 999420k(587696k free)

vm_info: OpenJDK 64-Bit Server VM (10.0.2+13-Ubuntu-1ubuntu0.18.04.4) for linux-amd64 JRE (10.0.2+13-Ubuntu-1ubuntu0.18.04.4), built on Nov 13 2018 12:53:39 by "buildd" with gcc 7.3.0

END.
