#
# There is insufficient memory for the Java Runtime Environment to continue.
# Native memory allocation (mmap) failed to map 3221225472 bytes for committing reserved memory.
# Possible reasons:
#   The system is out of physical RAM or swap space
#   The process is running with CompressedOops enabled, and the Java Heap may be blocking the growth of the native heap
# Possible solutions:
#   Reduce memory load on the system
#   Increase physical memory or swap space
#   Check if swap backing store is full
#   Decrease Java heap size (-Xmx/-Xms)
#   Decrease number of Java threads
#   Decrease Java thread stack sizes (-Xss)
#   Set larger code cache with -XX:ReservedCodeCacheSize=
# This output file may be truncated or incomplete.
#
#  Out of Memory Error (os_linux.cpp:2706), pid=29041, tid=29042
#
# JRE version:  (10.0.2+13) (build )
# Java VM: OpenJDK 64-Bit Server VM (10.0.2+13-Ubuntu-1ubuntu0.18.04.4, mixed mode, aot, tiered, compressed oops, g1 gc, linux-amd64)
# Core dump will be written. Default location: Core dumps may be processed with "/usr/share/apport/apport %p %s %c %d %P" (or dumping to /opt/forno/minecraft/core.29041)
#

---------------  S U M M A R Y ------------

Command Line: -Xms3g -Xmx3g server.jar nogui

Host: Intel(R) Core(TM) i7-4500U CPU @ 1.80GHz, 4 cores, 3G, Ubuntu 18.04.2 LTS
Time: Thu Mar 21 05:07:36 2019 JST elapsed time: 0 seconds (0d 0h 0m 0s)

---------------  T H R E A D  ---------------

Current thread (0x00007f4fc4011000):  JavaThread "Unknown thread" [_thread_in_vm, id=29042, stack(0x00007f4fcac97000,0x00007f4fcad98000)]

Stack: [0x00007f4fcac97000,0x00007f4fcad98000],  sp=0x00007f4fcad962e0,  free space=1020k
Native frames: (J=compiled Java code, A=aot compiled Java code, j=interpreted, Vv=VM code, C=native code)
V  [libjvm.so+0xd27ea4]
V  [libjvm.so+0xd28a4b]
V  [libjvm.so+0x64d415]
V  [libjvm.so+0xb2d7c8]
V  [libjvm.so+0xb2601d]
V  [libjvm.so+0x7662ff]
V  [libjvm.so+0x76653e]
V  [libjvm.so+0x769500]
V  [libjvm.so+0x7efa1c]
V  [libjvm.so+0x7f06df]
V  [libjvm.so+0x7f0b59]
V  [libjvm.so+0x7162cf]
V  [libjvm.so+0x71afd3]
V  [libjvm.so+0xce5dc2]
V  [libjvm.so+0xce60c6]
V  [libjvm.so+0x807d57]
V  [libjvm.so+0xcc7ac4]
V  [libjvm.so+0x8601b1]  JNI_CreateJavaVM+0x51
C  [libjli.so+0x3d83]
C  [libjli.so+0x89dd]
C  [libpthread.so.0+0x76db]  start_thread+0xdb


---------------  P R O C E S S  ---------------

Threads class SMR info:
_java_thread_list=0x000055dabfa696b0, length=0, elements={
}

Java Threads: ( => current thread )

Other Threads:
  0x00007f4fc4028000 GCTaskThread "GC Thread#0" [stack: 0x00007f4faa8ad000,0x00007f4faa9ad000] [id=29044]
  0x00007f4fc4029000 GCTaskThread "GC Thread#1" [stack: 0x00007f4faa7ab000,0x00007f4faa8ab000] [id=29045]
  0x00007f4fc402b000 GCTaskThread "GC Thread#2" [stack: 0x00007f4faa6a9000,0x00007f4faa7a9000] [id=29046]
  0x00007f4fc402c800 GCTaskThread "GC Thread#3" [stack: 0x00007f4faa5a7000,0x00007f4faa6a7000] [id=29047]
  0x00007f4fc406a000 ConcurrentGCThread "G1 Main Marker" [stack: 0x00007f4fa8de1000,0x00007f4fa8ee1000] [id=29048]
  0x00007f4fc406c000 ConcurrentGCThread "G1 Conc#0" [stack: 0x00007f4fa8cdf000,0x00007f4fa8ddf000] [id=29049]

[error occurred during error reporting (printing all threads), id 0xe0000002]

VM state:not at safepoint (not fully initialized)

VM Mutex/Monitor currently owned by a thread:  ([mutex/lock_event])
[0x00007f4fc400df30] Heap_lock - owner thread: 0x00007f4fc4011000

Heap address: 0x0000000700000000, size: 3072 MB, Compressed Oops mode: Non-zero based: 0x0000000700000000
Narrow klass base: 0x0000000000000000, Narrow klass shift: 0

GC Heap History (0 events):
No events

Deoptimization events (0 events):
No events

Classes redefined (0 events):
No events

Internal exceptions (0 events):
No events

Events (0 events):
No events


Dynamic libraries:
55dabeccf000-55dabecd0000 r-xp 00000000 fd:00 20185882                   /usr/lib/jvm/java-11-openjdk-amd64/bin/java
55dabeed0000-55dabeed1000 r--p 00001000 fd:00 20185882                   /usr/lib/jvm/java-11-openjdk-amd64/bin/java
55dabeed1000-55dabeed2000 rw-p 00002000 fd:00 20185882                   /usr/lib/jvm/java-11-openjdk-amd64/bin/java
55dabfa52000-55dabfa73000 rw-p 00000000 00:00 0                          [heap]
7f4f84000000-7f4f84021000 rw-p 00000000 00:00 0 
7f4f84021000-7f4f88000000 ---p 00000000 00:00 0 
7f4f8a000000-7f4f8c000000 rw-p 00000000 00:00 0 
7f4f8c000000-7f4f8c021000 rw-p 00000000 00:00 0 
7f4f8c021000-7f4f90000000 ---p 00000000 00:00 0 
7f4f91000000-7f4f94000000 ---p 00000000 00:00 0 
7f4f94000000-7f4f94021000 rw-p 00000000 00:00 0 
7f4f94021000-7f4f98000000 ---p 00000000 00:00 0 
7f4f99000000-7f4f9c000000 ---p 00000000 00:00 0 
7f4f9c000000-7f4f9c021000 rw-p 00000000 00:00 0 
7f4f9c021000-7f4fa0000000 ---p 00000000 00:00 0 
7f4fa0000000-7f4fa0021000 rw-p 00000000 00:00 0 
7f4fa0021000-7f4fa4000000 ---p 00000000 00:00 0 
7f4fa4000000-7f4fa4021000 rw-p 00000000 00:00 0 
7f4fa4021000-7f4fa8000000 ---p 00000000 00:00 0 
7f4fa88d9000-7f4fa8cdd000 rw-p 00000000 00:00 0 
7f4fa8cdd000-7f4fa8cde000 ---p 00000000 00:00 0 
7f4fa8cde000-7f4fa8ddf000 rw-p 00000000 00:00 0 
7f4fa8ddf000-7f4fa8de0000 ---p 00000000 00:00 0 
7f4fa8de0000-7f4fa8fa1000 rw-p 00000000 00:00 0 
7f4fa8fa1000-7f4faa1a1000 ---p 00000000 00:00 0 
7f4faa1a1000-7f4faa5a5000 rw-p 00000000 00:00 0 
7f4faa5a5000-7f4faa5a6000 ---p 00000000 00:00 0 
7f4faa5a6000-7f4faa6a7000 rw-p 00000000 00:00 0 
7f4faa6a7000-7f4faa6a8000 ---p 00000000 00:00 0 
7f4faa6a8000-7f4faa7a9000 rw-p 00000000 00:00 0 
7f4faa7a9000-7f4faa7aa000 ---p 00000000 00:00 0 
7f4faa7aa000-7f4faa8ab000 rw-p 00000000 00:00 0 
7f4faa8ab000-7f4faa8ac000 ---p 00000000 00:00 0 
7f4faa8ac000-7f4faa9b2000 rw-p 00000000 00:00 0 
7f4faa9b2000-7f4faaa98000 ---p 00000000 00:00 0 
7f4faaa98000-7f4faad08000 rwxp 00000000 00:00 0 
7f4faad08000-7f4fab028000 ---p 00000000 00:00 0 
7f4fab028000-7f4fab298000 rwxp 00000000 00:00 0 
7f4fab298000-7f4fb2560000 ---p 00000000 00:00 0 
7f4fb2560000-7f4fb27d0000 rwxp 00000000 00:00 0 
7f4fb27d0000-7f4fb9a98000 ---p 00000000 00:00 0 
7f4fb9a98000-7f4fc2f73000 r--s 00000000 fd:00 20186057                   /usr/lib/jvm/java-11-openjdk-amd64/lib/modules
7f4fc2f73000-7f4fc2f78000 r-xp 00000000 fd:00 20186039                   /usr/lib/jvm/java-11-openjdk-amd64/lib/libjimage.so
7f4fc2f78000-7f4fc3177000 ---p 00005000 fd:00 20186039                   /usr/lib/jvm/java-11-openjdk-amd64/lib/libjimage.so
7f4fc3177000-7f4fc3178000 r--p 00004000 fd:00 20186039                   /usr/lib/jvm/java-11-openjdk-amd64/lib/libjimage.so
7f4fc3178000-7f4fc3179000 rw-p 00005000 fd:00 20186039                   /usr/lib/jvm/java-11-openjdk-amd64/lib/libjimage.so
7f4fc3179000-7f4fc3180000 r-xp 00000000 fd:00 20186056                   /usr/lib/jvm/java-11-openjdk-amd64/lib/libzip.so
7f4fc3180000-7f4fc337f000 ---p 00007000 fd:00 20186056                   /usr/lib/jvm/java-11-openjdk-amd64/lib/libzip.so
7f4fc337f000-7f4fc3380000 r--p 00006000 fd:00 20186056                   /usr/lib/jvm/java-11-openjdk-amd64/lib/libzip.so
7f4fc3380000-7f4fc3381000 rw-p 00007000 fd:00 20186056                   /usr/lib/jvm/java-11-openjdk-amd64/lib/libzip.so
7f4fc3381000-7f4fc338c000 r-xp 00000000 fd:00 44176093                   /lib/x86_64-linux-gnu/libnss_files-2.27.so
7f4fc338c000-7f4fc358b000 ---p 0000b000 fd:00 44176093                   /lib/x86_64-linux-gnu/libnss_files-2.27.so
7f4fc358b000-7f4fc358c000 r--p 0000a000 fd:00 44176093                   /lib/x86_64-linux-gnu/libnss_files-2.27.so
7f4fc358c000-7f4fc358d000 rw-p 0000b000 fd:00 44176093                   /lib/x86_64-linux-gnu/libnss_files-2.27.so
7f4fc358d000-7f4fc3593000 rw-p 00000000 00:00 0 
7f4fc3593000-7f4fc35aa000 r-xp 00000000 fd:00 44176087                   /lib/x86_64-linux-gnu/libnsl-2.27.so
7f4fc35aa000-7f4fc37a9000 ---p 00017000 fd:00 44176087                   /lib/x86_64-linux-gnu/libnsl-2.27.so
7f4fc37a9000-7f4fc37aa000 r--p 00016000 fd:00 44176087                   /lib/x86_64-linux-gnu/libnsl-2.27.so
7f4fc37aa000-7f4fc37ab000 rw-p 00017000 fd:00 44176087                   /lib/x86_64-linux-gnu/libnsl-2.27.so
7f4fc37ab000-7f4fc37ad000 rw-p 00000000 00:00 0 
7f4fc37ad000-7f4fc37b8000 r-xp 00000000 fd:00 44176104                   /lib/x86_64-linux-gnu/libnss_nis-2.27.so
7f4fc37b8000-7f4fc39b7000 ---p 0000b000 fd:00 44176104                   /lib/x86_64-linux-gnu/libnss_nis-2.27.so
7f4fc39b7000-7f4fc39b8000 r--p 0000a000 fd:00 44176104                   /lib/x86_64-linux-gnu/libnss_nis-2.27.so
7f4fc39b8000-7f4fc39b9000 rw-p 0000b000 fd:00 44176104                   /lib/x86_64-linux-gnu/libnss_nis-2.27.so
7f4fc39b9000-7f4fc39c1000 r-xp 00000000 fd:00 44176089                   /lib/x86_64-linux-gnu/libnss_compat-2.27.so
7f4fc39c1000-7f4fc3bc1000 ---p 00008000 fd:00 44176089                   /lib/x86_64-linux-gnu/libnss_compat-2.27.so
7f4fc3bc1000-7f4fc3bc2000 r--p 00008000 fd:00 44176089                   /lib/x86_64-linux-gnu/libnss_compat-2.27.so
7f4fc3bc2000-7f4fc3bc3000 rw-p 00009000 fd:00 44176089                   /lib/x86_64-linux-gnu/libnss_compat-2.27.so
7f4fc3bc3000-7f4fc3bef000 r-xp 00000000 fd:00 20186035                   /usr/lib/jvm/java-11-openjdk-amd64/lib/libjava.so
7f4fc3bef000-7f4fc3dee000 ---p 0002c000 fd:00 20186035                   /usr/lib/jvm/java-11-openjdk-amd64/lib/libjava.so
7f4fc3dee000-7f4fc3def000 r--p 0002b000 fd:00 20186035                   /usr/lib/jvm/java-11-openjdk-amd64/lib/libjava.so
7f4fc3def000-7f4fc3df1000 rw-p 0002c000 fd:00 20186035                   /usr/lib/jvm/java-11-openjdk-amd64/lib/libjava.so
7f4fc3df1000-7f4fc3dfe000 r-xp 00000000 fd:00 20186055                   /usr/lib/jvm/java-11-openjdk-amd64/lib/libverify.so
7f4fc3dfe000-7f4fc3ffd000 ---p 0000d000 fd:00 20186055                   /usr/lib/jvm/java-11-openjdk-amd64/lib/libverify.so
7f4fc3ffd000-7f4fc3fff000 r--p 0000c000 fd:00 20186055                   /usr/lib/jvm/java-11-openjdk-amd64/lib/libverify.so
7f4fc3fff000-7f4fc4000000 rw-p 0000e000 fd:00 20186055                   /usr/lib/jvm/java-11-openjdk-amd64/lib/libverify.so
7f4fc4000000-7f4fc4083000 rw-p 00000000 00:00 0 
7f4fc4083000-7f4fc8000000 ---p 00000000 00:00 0 
7f4fc8038000-7f4fc803d000 rw-p 00000000 00:00 0 
7f4fc803d000-7f4fc8123000 ---p 00000000 00:00 0 
7f4fc8123000-7f4fc812a000 r-xp 00000000 fd:00 44176144                   /lib/x86_64-linux-gnu/librt-2.27.so
7f4fc812a000-7f4fc8329000 ---p 00007000 fd:00 44176144                   /lib/x86_64-linux-gnu/librt-2.27.so
7f4fc8329000-7f4fc832a000 r--p 00006000 fd:00 44176144                   /lib/x86_64-linux-gnu/librt-2.27.so
7f4fc832a000-7f4fc832b000 rw-p 00007000 fd:00 44176144                   /lib/x86_64-linux-gnu/librt-2.27.so
7f4fc832b000-7f4fc8342000 r-xp 00000000 fd:00 44175907                   /lib/x86_64-linux-gnu/libgcc_s.so.1
7f4fc8342000-7f4fc8541000 ---p 00017000 fd:00 44175907                   /lib/x86_64-linux-gnu/libgcc_s.so.1
7f4fc8541000-7f4fc8542000 r--p 00016000 fd:00 44175907                   /lib/x86_64-linux-gnu/libgcc_s.so.1
7f4fc8542000-7f4fc8543000 rw-p 00017000 fd:00 44175907                   /lib/x86_64-linux-gnu/libgcc_s.so.1
7f4fc8543000-7f4fc86e0000 r-xp 00000000 fd:00 44176066                   /lib/x86_64-linux-gnu/libm-2.27.so
7f4fc86e0000-7f4fc88df000 ---p 0019d000 fd:00 44176066                   /lib/x86_64-linux-gnu/libm-2.27.so
7f4fc88df000-7f4fc88e0000 r--p 0019c000 fd:00 44176066                   /lib/x86_64-linux-gnu/libm-2.27.so
7f4fc88e0000-7f4fc88e1000 rw-p 0019d000 fd:00 44176066                   /lib/x86_64-linux-gnu/libm-2.27.so
7f4fc88e1000-7f4fc8a5a000 r-xp 00000000 fd:00 18090134                   /usr/lib/x86_64-linux-gnu/libstdc++.so.6.0.25
7f4fc8a5a000-7f4fc8c5a000 ---p 00179000 fd:00 18090134                   /usr/lib/x86_64-linux-gnu/libstdc++.so.6.0.25
7f4fc8c5a000-7f4fc8c64000 r--p 00179000 fd:00 18090134                   /usr/lib/x86_64-linux-gnu/libstdc++.so.6.0.25
7f4fc8c64000-7f4fc8c66000 rw-p 00183000 fd:00 18090134                   /usr/lib/x86_64-linux-gnu/libstdc++.so.6.0.25
7f4fc8c66000-7f4fc8c6a000 rw-p 00000000 00:00 0 
7f4fc8c6a000-7f4fc9c07000 r-xp 00000000 fd:00 20186062                   /usr/lib/jvm/java-11-openjdk-amd64/lib/server/libjvm.so
7f4fc9c07000-7f4fc9e07000 ---p 00f9d000 fd:00 20186062                   /usr/lib/jvm/java-11-openjdk-amd64/lib/server/libjvm.so
7f4fc9e07000-7f4fc9ecb000 r--p 00f9d000 fd:00 20186062                   /usr/lib/jvm/java-11-openjdk-amd64/lib/server/libjvm.so
7f4fc9ecb000-7f4fc9f03000 rw-p 01061000 fd:00 20186062                   /usr/lib/jvm/java-11-openjdk-amd64/lib/server/libjvm.so
7f4fc9f03000-7f4fc9f4c000 rw-p 00000000 00:00 0 
7f4fc9f4c000-7f4fc9f66000 r-xp 00000000 fd:00 44176136                   /lib/x86_64-linux-gnu/libpthread-2.27.so
7f4fc9f66000-7f4fca165000 ---p 0001a000 fd:00 44176136                   /lib/x86_64-linux-gnu/libpthread-2.27.so
7f4fca165000-7f4fca166000 r--p 00019000 fd:00 44176136                   /lib/x86_64-linux-gnu/libpthread-2.27.so
7f4fca166000-7f4fca167000 rw-p 0001a000 fd:00 44176136                   /lib/x86_64-linux-gnu/libpthread-2.27.so
7f4fca167000-7f4fca16b000 rw-p 00000000 00:00 0 
7f4fca16b000-7f4fca16e000 r-xp 00000000 fd:00 44176026                   /lib/x86_64-linux-gnu/libdl-2.27.so
7f4fca16e000-7f4fca36d000 ---p 00003000 fd:00 44176026                   /lib/x86_64-linux-gnu/libdl-2.27.so
7f4fca36d000-7f4fca36e000 r--p 00002000 fd:00 44176026                   /lib/x86_64-linux-gnu/libdl-2.27.so
7f4fca36e000-7f4fca36f000 rw-p 00003000 fd:00 44176026                   /lib/x86_64-linux-gnu/libdl-2.27.so
7f4fca36f000-7f4fca38b000 r-xp 00000000 fd:00 44176175                   /lib/x86_64-linux-gnu/libz.so.1.2.11
7f4fca38b000-7f4fca58a000 ---p 0001c000 fd:00 44176175                   /lib/x86_64-linux-gnu/libz.so.1.2.11
7f4fca58a000-7f4fca58b000 r--p 0001b000 fd:00 44176175                   /lib/x86_64-linux-gnu/libz.so.1.2.11
7f4fca58b000-7f4fca58c000 rw-p 0001c000 fd:00 44176175                   /lib/x86_64-linux-gnu/libz.so.1.2.11
7f4fca58c000-7f4fca773000 r-xp 00000000 fd:00 44176003                   /lib/x86_64-linux-gnu/libc-2.27.so
7f4fca773000-7f4fca973000 ---p 001e7000 fd:00 44176003                   /lib/x86_64-linux-gnu/libc-2.27.so
7f4fca973000-7f4fca977000 r--p 001e7000 fd:00 44176003                   /lib/x86_64-linux-gnu/libc-2.27.so
7f4fca977000-7f4fca979000 rw-p 001eb000 fd:00 44176003                   /lib/x86_64-linux-gnu/libc-2.27.so
7f4fca979000-7f4fca97d000 rw-p 00000000 00:00 0 
7f4fca97d000-7f4fca98c000 r-xp 00000000 fd:00 20186020                   /usr/lib/jvm/java-11-openjdk-amd64/lib/jli/libjli.so
7f4fca98c000-7f4fcab8b000 ---p 0000f000 fd:00 20186020                   /usr/lib/jvm/java-11-openjdk-amd64/lib/jli/libjli.so
7f4fcab8b000-7f4fcab8c000 r--p 0000e000 fd:00 20186020                   /usr/lib/jvm/java-11-openjdk-amd64/lib/jli/libjli.so
7f4fcab8c000-7f4fcab8d000 rw-p 0000f000 fd:00 20186020                   /usr/lib/jvm/java-11-openjdk-amd64/lib/jli/libjli.so
7f4fcab8d000-7f4fcabb4000 r-xp 00000000 fd:00 44175975                   /lib/x86_64-linux-gnu/ld-2.27.so
7f4fcac30000-7f4fcac97000 rw-p 00000000 00:00 0 
7f4fcac97000-7f4fcac9b000 ---p 00000000 00:00 0 
7f4fcac9b000-7f4fcad9a000 rw-p 00000000 00:00 0 
7f4fcad9b000-7f4fcada1000 rw-p 00000000 00:00 0 
7f4fcada1000-7f4fcada8000 ---p 00000000 00:00 0 
7f4fcada8000-7f4fcadb0000 rw-s 00000000 fd:00 16121869                   /tmp/hsperfdata_minecraft/29041
7f4fcadb0000-7f4fcadb1000 ---p 00000000 00:00 0 
7f4fcadb1000-7f4fcadb2000 r--p 00000000 00:00 0 
7f4fcadb2000-7f4fcadb4000 rw-p 00000000 00:00 0 
7f4fcadb4000-7f4fcadb5000 r--p 00027000 fd:00 44175975                   /lib/x86_64-linux-gnu/ld-2.27.so
7f4fcadb5000-7f4fcadb6000 rw-p 00028000 fd:00 44175975                   /lib/x86_64-linux-gnu/ld-2.27.so
7f4fcadb6000-7f4fcadb7000 rw-p 00000000 00:00 0 
7ffdbe89a000-7ffdbe8bb000 rw-p 00000000 00:00 0                          [stack]
7ffdbe8f4000-7ffdbe8f7000 r--p 00000000 00:00 0                          [vvar]
7ffdbe8f7000-7ffdbe8f9000 r-xp 00000000 00:00 0                          [vdso]
ffffffffff600000-ffffffffff601000 r-xp 00000000 00:00 0                  [vsyscall]


VM Arguments:
jvm_args: -Xms3g -Xmx3g 
java_command: server.jar nogui
java_class_path (initial): server.jar
Launcher Type: SUN_STANDARD

Logging:
Log output configuration:
#0: stdout all=warning uptime,level,tags
#1: stderr all=off uptime,level,tags

Environment Variables:
PATH=/usr/local/sbin:/usr/local/bin:/usr/sbin:/usr/bin:/sbin:/bin
SHELL=/bin/sh

Signal Handlers:
SIGSEGV: [libjvm.so+0xd28b70], sa_mask[0]=11111111011111111101111111111110, sa_flags=SA_RESTART|SA_SIGINFO
SIGBUS: [libjvm.so+0xd28b70], sa_mask[0]=11111111011111111101111111111110, sa_flags=SA_RESTART|SA_SIGINFO
SIGFPE: [libjvm.so+0xd28b70], sa_mask[0]=11111111011111111101111111111110, sa_flags=SA_RESTART|SA_SIGINFO
SIGPIPE: [libjvm.so+0xb2a1f0], sa_mask[0]=11111111011111111101111111111110, sa_flags=SA_RESTART|SA_SIGINFO
SIGXFSZ: [libjvm.so+0xb2a1f0], sa_mask[0]=11111111011111111101111111111110, sa_flags=SA_RESTART|SA_SIGINFO
SIGILL: [libjvm.so+0xd28b70], sa_mask[0]=11111111011111111101111111111110, sa_flags=SA_RESTART|SA_SIGINFO
SIGUSR2: [libjvm.so+0xb2a030], sa_mask[0]=00000000000000000000000000000000, sa_flags=SA_RESTART|SA_SIGINFO
SIGHUP: SIG_DFL, sa_mask[0]=00000000000000000000000000000000, sa_flags=none
SIGINT: SIG_DFL, sa_mask[0]=00000000000000000000000000000000, sa_flags=none
SIGTERM: SIG_DFL, sa_mask[0]=00000000000000000000000000000000, sa_flags=none
SIGQUIT: SIG_DFL, sa_mask[0]=00000000000000000000000000000000, sa_flags=none


---------------  S Y S T E M  ---------------

OS:DISTRIB_ID=Ubuntu
DISTRIB_RELEASE=18.04
DISTRIB_CODENAME=bionic
DISTRIB_DESCRIPTION="Ubuntu 18.04.2 LTS"
uname:Linux 4.15.0-46-generic #49-Ubuntu SMP Wed Feb 6 09:33:07 UTC 2019 x86_64
libc:glibc 2.27 NPTL 2.27 
rlimit: STACK 8192k, CORE 0k, NPROC 15099, NOFILE 4096, AS infinity, DATA infinity, FSIZE infinity
load average:1.36 1.43 1.45

/proc/meminfo:
MemTotal:        3943748 kB
MemFree:          335376 kB
MemAvailable:    1654500 kB
Buffers:           35648 kB
Cached:          1485488 kB
SwapCached:         4552 kB
Active:          2432468 kB
Inactive:         988220 kB
Active(anon):    1621216 kB
Inactive(anon):   308464 kB
Active(file):     811252 kB
Inactive(file):   679756 kB
Unevictable:           0 kB
Mlocked:               0 kB
SwapTotal:        999420 kB
SwapFree:         573616 kB
Dirty:              4996 kB
Writeback:             0 kB
AnonPages:       1897536 kB
Mapped:            95460 kB
Shmem:             30128 kB
Slab:             102812 kB
SReclaimable:      61764 kB
SUnreclaim:        41048 kB
KernelStack:        5992 kB
PageTables:        23312 kB
NFS_Unstable:          0 kB
Bounce:                0 kB
WritebackTmp:          0 kB
CommitLimit:     2971292 kB
Committed_AS:    3111436 kB
VmallocTotal:   34359738367 kB
VmallocUsed:           0 kB
VmallocChunk:          0 kB
HardwareCorrupted:     0 kB
AnonHugePages:         0 kB
ShmemHugePages:        0 kB
ShmemPmdMapped:        0 kB
CmaTotal:              0 kB
CmaFree:               0 kB
HugePages_Total:       0
HugePages_Free:        0
HugePages_Rsvd:        0
HugePages_Surp:        0
Hugepagesize:       2048 kB
DirectMap4k:      154224 kB
DirectMap2M:     3944448 kB
DirectMap1G:           0 kB

container (cgroup) information:
container_type: cgroupv1
cpu_cpuset_cpus: 0-3
cpu_memory_nodes: 0
active_processor_count: 4
cpu_quota: -1
cpu_period: 100000
cpu_shares: -1
memory_limit_in_bytes: -1
memory_and_swap_limit_in_bytes: -2
memory_soft_limit_in_bytes: -1
memory_usage_in_bytes: 3502546944
memory_max_usage_in_bytes: 2048000


CPU:total 4 (initial active 4) (2 cores per cpu, 2 threads per core) family 6 model 69 stepping 1, cmov, cx8, fxsr, mmx, sse, sse2, sse3, ssse3, sse4.1, sse4.2, popcnt, avx, avx2, aes, clmul, erms, lzcnt, ht, tsc, tscinvbit, bmi1, bmi2, fma
CPU Model and flags from /proc/cpuinfo:
model name	: Intel(R) Core(TM) i7-4500U CPU @ 1.80GHz
flags		: fpu vme de pse tsc msr pae mce cx8 apic sep mtrr pge mca cmov pat pse36 clflush dts acpi mmx fxsr sse sse2 ss ht tm pbe syscall nx pdpe1gb rdtscp lm constant_tsc arch_perfmon pebs bts rep_good nopl xtopology nonstop_tsc cpuid aperfmperf pni pclmulqdq dtes64 monitor ds_cpl vmx est tm2 ssse3 sdbg fma cx16 xtpr pdcm pcid sse4_1 sse4_2 movbe popcnt tsc_deadline_timer aes xsave avx f16c rdrand lahf_lm abm cpuid_fault epb invpcid_single pti ssbd ibrs ibpb stibp tpr_shadow vnmi flexpriority ept vpid fsgsbase tsc_adjust bmi1 avx2 smep bmi2 erms invpcid xsaveopt dtherm ida arat pln pts flush_l1d

Memory: 4k page, physical 3943748k(334880k free), swap 999420k(573616k free)

vm_info: OpenJDK 64-Bit Server VM (10.0.2+13-Ubuntu-1ubuntu0.18.04.4) for linux-amd64 JRE (10.0.2+13-Ubuntu-1ubuntu0.18.04.4), built on Nov 13 2018 12:53:39 by "buildd" with gcc 7.3.0

END.
