#
# There is insufficient memory for the Java Runtime Environment to continue.
# Native memory allocation (mmap) failed to map 3221225472 bytes for committing reserved memory.
# Possible reasons:
#   The system is out of physical RAM or swap space
#   The process is running with CompressedOops enabled, and the Java Heap may be blocking the growth of the native heap
# Possible solutions:
#   Reduce memory load on the system
#   Increase physical memory or swap space
#   Check if swap backing store is full
#   Decrease Java heap size (-Xmx/-Xms)
#   Decrease number of Java threads
#   Decrease Java thread stack sizes (-Xss)
#   Set larger code cache with -XX:ReservedCodeCacheSize=
# This output file may be truncated or incomplete.
#
#  Out of Memory Error (os_linux.cpp:2706), pid=25918, tid=25919
#
# JRE version:  (10.0.2+13) (build )
# Java VM: OpenJDK 64-Bit Server VM (10.0.2+13-Ubuntu-1ubuntu0.18.04.4, mixed mode, aot, tiered, compressed oops, g1 gc, linux-amd64)
# Core dump will be written. Default location: Core dumps may be processed with "/usr/share/apport/apport %p %s %c %d %P" (or dumping to /opt/forno/minecraft/core.25918)
#

---------------  S U M M A R Y ------------

Command Line: -Xms3g -Xmx3g server.jar nogui

Host: Intel(R) Core(TM) i7-4500U CPU @ 1.80GHz, 4 cores, 3G, Ubuntu 18.04.2 LTS
Time: Thu Mar 21 10:24:55 2019 JST elapsed time: 0 seconds (0d 0h 0m 0s)

---------------  T H R E A D  ---------------

Current thread (0x00007f2248011000):  JavaThread "Unknown thread" [_thread_in_vm, id=25919, stack(0x00007f224f5f5000,0x00007f224f6f6000)]

Stack: [0x00007f224f5f5000,0x00007f224f6f6000],  sp=0x00007f224f6f42e0,  free space=1020k
Native frames: (J=compiled Java code, A=aot compiled Java code, j=interpreted, Vv=VM code, C=native code)
V  [libjvm.so+0xd27ea4]
V  [libjvm.so+0xd28a4b]
V  [libjvm.so+0x64d415]
V  [libjvm.so+0xb2d7c8]
V  [libjvm.so+0xb2601d]
V  [libjvm.so+0x7662ff]
V  [libjvm.so+0x76653e]
V  [libjvm.so+0x769500]
V  [libjvm.so+0x7efa1c]
V  [libjvm.so+0x7f06df]
V  [libjvm.so+0x7f0b59]
V  [libjvm.so+0x7162cf]
V  [libjvm.so+0x71afd3]
V  [libjvm.so+0xce5dc2]
V  [libjvm.so+0xce60c6]
V  [libjvm.so+0x807d57]
V  [libjvm.so+0xcc7ac4]
V  [libjvm.so+0x8601b1]  JNI_CreateJavaVM+0x51
C  [libjli.so+0x3d83]
C  [libjli.so+0x89dd]
C  [libpthread.so.0+0x76db]  start_thread+0xdb


---------------  P R O C E S S  ---------------

Threads class SMR info:
_java_thread_list=0x0000556af17d76b0, length=0, elements={
}

Java Threads: ( => current thread )

Other Threads:
  0x00007f2248028000 GCTaskThread "GC Thread#0" [stack: 0x00007f222f22f000,0x00007f222f32f000] [id=25920]
  0x00007f2248029000 GCTaskThread "GC Thread#1" [stack: 0x00007f222f12d000,0x00007f222f22d000] [id=25921]
  0x00007f224802b000 GCTaskThread "GC Thread#2" [stack: 0x00007f222f02b000,0x00007f222f12b000] [id=25922]
  0x00007f224802c800 GCTaskThread "GC Thread#3" [stack: 0x00007f222ef29000,0x00007f222f029000] [id=25923]
  0x00007f224806a000 ConcurrentGCThread "G1 Main Marker" [stack: 0x00007f222d763000,0x00007f222d863000] [id=25924]
  0x00007f224806c000 ConcurrentGCThread "G1 Conc#0" [stack: 0x00007f222d661000,0x00007f222d761000] [id=25925]

[error occurred during error reporting (printing all threads), id 0xe0000002]

VM state:not at safepoint (not fully initialized)

VM Mutex/Monitor currently owned by a thread:  ([mutex/lock_event])
[0x00007f224800df30] Heap_lock - owner thread: 0x00007f2248011000

Heap address: 0x0000000700000000, size: 3072 MB, Compressed Oops mode: Non-zero based: 0x0000000700000000
Narrow klass base: 0x0000000000000000, Narrow klass shift: 0

GC Heap History (0 events):
No events

Deoptimization events (0 events):
No events

Classes redefined (0 events):
No events

Internal exceptions (0 events):
No events

Events (0 events):
No events


Dynamic libraries:
556af0f7c000-556af0f7d000 r-xp 00000000 fd:00 20185882                   /usr/lib/jvm/java-11-openjdk-amd64/bin/java
556af117d000-556af117e000 r--p 00001000 fd:00 20185882                   /usr/lib/jvm/java-11-openjdk-amd64/bin/java
556af117e000-556af117f000 rw-p 00002000 fd:00 20185882                   /usr/lib/jvm/java-11-openjdk-amd64/bin/java
556af17c0000-556af17e1000 rw-p 00000000 00:00 0                          [heap]
7f2208000000-7f2208021000 rw-p 00000000 00:00 0 
7f2208021000-7f220c000000 ---p 00000000 00:00 0 
7f220e000000-7f2210000000 rw-p 00000000 00:00 0 
7f2210000000-7f2210021000 rw-p 00000000 00:00 0 
7f2210021000-7f2214000000 ---p 00000000 00:00 0 
7f2215000000-7f2218000000 ---p 00000000 00:00 0 
7f2218000000-7f2218021000 rw-p 00000000 00:00 0 
7f2218021000-7f221c000000 ---p 00000000 00:00 0 
7f221d000000-7f2220000000 ---p 00000000 00:00 0 
7f2220000000-7f2220021000 rw-p 00000000 00:00 0 
7f2220021000-7f2224000000 ---p 00000000 00:00 0 
7f2224000000-7f2224021000 rw-p 00000000 00:00 0 
7f2224021000-7f2228000000 ---p 00000000 00:00 0 
7f2228000000-7f2228021000 rw-p 00000000 00:00 0 
7f2228021000-7f222c000000 ---p 00000000 00:00 0 
7f222d25b000-7f222d65f000 rw-p 00000000 00:00 0 
7f222d65f000-7f222d660000 ---p 00000000 00:00 0 
7f222d660000-7f222d761000 rw-p 00000000 00:00 0 
7f222d761000-7f222d762000 ---p 00000000 00:00 0 
7f222d762000-7f222d923000 rw-p 00000000 00:00 0 
7f222d923000-7f222eb23000 ---p 00000000 00:00 0 
7f222eb23000-7f222ef27000 rw-p 00000000 00:00 0 
7f222ef27000-7f222ef28000 ---p 00000000 00:00 0 
7f222ef28000-7f222f029000 rw-p 00000000 00:00 0 
7f222f029000-7f222f02a000 ---p 00000000 00:00 0 
7f222f02a000-7f222f12b000 rw-p 00000000 00:00 0 
7f222f12b000-7f222f12c000 ---p 00000000 00:00 0 
7f222f12c000-7f222f22d000 rw-p 00000000 00:00 0 
7f222f22d000-7f222f22e000 ---p 00000000 00:00 0 
7f222f22e000-7f222f334000 rw-p 00000000 00:00 0 
7f222f334000-7f222f41a000 ---p 00000000 00:00 0 
7f222f41a000-7f222f41f000 rw-p 00000000 00:00 0 
7f222f41f000-7f222f505000 ---p 00000000 00:00 0 
7f222f505000-7f222f775000 rwxp 00000000 00:00 0 
7f222f775000-7f222fa95000 ---p 00000000 00:00 0 
7f222fa95000-7f222fd05000 rwxp 00000000 00:00 0 
7f222fd05000-7f2236fcd000 ---p 00000000 00:00 0 
7f2236fcd000-7f223723d000 rwxp 00000000 00:00 0 
7f223723d000-7f223e505000 ---p 00000000 00:00 0 
7f223e505000-7f22479e0000 r--s 00000000 fd:00 20186057                   /usr/lib/jvm/java-11-openjdk-amd64/lib/modules
7f22479e0000-7f22479e5000 r-xp 00000000 fd:00 20186039                   /usr/lib/jvm/java-11-openjdk-amd64/lib/libjimage.so
7f22479e5000-7f2247be4000 ---p 00005000 fd:00 20186039                   /usr/lib/jvm/java-11-openjdk-amd64/lib/libjimage.so
7f2247be4000-7f2247be5000 r--p 00004000 fd:00 20186039                   /usr/lib/jvm/java-11-openjdk-amd64/lib/libjimage.so
7f2247be5000-7f2247be6000 rw-p 00005000 fd:00 20186039                   /usr/lib/jvm/java-11-openjdk-amd64/lib/libjimage.so
7f2247be6000-7f2247bed000 r-xp 00000000 fd:00 20186056                   /usr/lib/jvm/java-11-openjdk-amd64/lib/libzip.so
7f2247bed000-7f2247dec000 ---p 00007000 fd:00 20186056                   /usr/lib/jvm/java-11-openjdk-amd64/lib/libzip.so
7f2247dec000-7f2247ded000 r--p 00006000 fd:00 20186056                   /usr/lib/jvm/java-11-openjdk-amd64/lib/libzip.so
7f2247ded000-7f2247dee000 rw-p 00007000 fd:00 20186056                   /usr/lib/jvm/java-11-openjdk-amd64/lib/libzip.so
7f2247dee000-7f2247df9000 r-xp 00000000 fd:00 44176093                   /lib/x86_64-linux-gnu/libnss_files-2.27.so
7f2247df9000-7f2247ff8000 ---p 0000b000 fd:00 44176093                   /lib/x86_64-linux-gnu/libnss_files-2.27.so
7f2247ff8000-7f2247ff9000 r--p 0000a000 fd:00 44176093                   /lib/x86_64-linux-gnu/libnss_files-2.27.so
7f2247ff9000-7f2247ffa000 rw-p 0000b000 fd:00 44176093                   /lib/x86_64-linux-gnu/libnss_files-2.27.so
7f2247ffa000-7f2248000000 rw-p 00000000 00:00 0 
7f2248000000-7f2248083000 rw-p 00000000 00:00 0 
7f2248083000-7f224c000000 ---p 00000000 00:00 0 
7f224c014000-7f224c02b000 r-xp 00000000 fd:00 44176087                   /lib/x86_64-linux-gnu/libnsl-2.27.so
7f224c02b000-7f224c22a000 ---p 00017000 fd:00 44176087                   /lib/x86_64-linux-gnu/libnsl-2.27.so
7f224c22a000-7f224c22b000 r--p 00016000 fd:00 44176087                   /lib/x86_64-linux-gnu/libnsl-2.27.so
7f224c22b000-7f224c22c000 rw-p 00017000 fd:00 44176087                   /lib/x86_64-linux-gnu/libnsl-2.27.so
7f224c22c000-7f224c22e000 rw-p 00000000 00:00 0 
7f224c22e000-7f224c239000 r-xp 00000000 fd:00 44176104                   /lib/x86_64-linux-gnu/libnss_nis-2.27.so
7f224c239000-7f224c438000 ---p 0000b000 fd:00 44176104                   /lib/x86_64-linux-gnu/libnss_nis-2.27.so
7f224c438000-7f224c439000 r--p 0000a000 fd:00 44176104                   /lib/x86_64-linux-gnu/libnss_nis-2.27.so
7f224c439000-7f224c43a000 rw-p 0000b000 fd:00 44176104                   /lib/x86_64-linux-gnu/libnss_nis-2.27.so
7f224c43a000-7f224c442000 r-xp 00000000 fd:00 44176089                   /lib/x86_64-linux-gnu/libnss_compat-2.27.so
7f224c442000-7f224c642000 ---p 00008000 fd:00 44176089                   /lib/x86_64-linux-gnu/libnss_compat-2.27.so
7f224c642000-7f224c643000 r--p 00008000 fd:00 44176089                   /lib/x86_64-linux-gnu/libnss_compat-2.27.so
7f224c643000-7f224c644000 rw-p 00009000 fd:00 44176089                   /lib/x86_64-linux-gnu/libnss_compat-2.27.so
7f224c644000-7f224c670000 r-xp 00000000 fd:00 20186035                   /usr/lib/jvm/java-11-openjdk-amd64/lib/libjava.so
7f224c670000-7f224c86f000 ---p 0002c000 fd:00 20186035                   /usr/lib/jvm/java-11-openjdk-amd64/lib/libjava.so
7f224c86f000-7f224c870000 r--p 0002b000 fd:00 20186035                   /usr/lib/jvm/java-11-openjdk-amd64/lib/libjava.so
7f224c870000-7f224c872000 rw-p 0002c000 fd:00 20186035                   /usr/lib/jvm/java-11-openjdk-amd64/lib/libjava.so
7f224c872000-7f224c87f000 r-xp 00000000 fd:00 20186055                   /usr/lib/jvm/java-11-openjdk-amd64/lib/libverify.so
7f224c87f000-7f224ca7e000 ---p 0000d000 fd:00 20186055                   /usr/lib/jvm/java-11-openjdk-amd64/lib/libverify.so
7f224ca7e000-7f224ca80000 r--p 0000c000 fd:00 20186055                   /usr/lib/jvm/java-11-openjdk-amd64/lib/libverify.so
7f224ca80000-7f224ca81000 rw-p 0000e000 fd:00 20186055                   /usr/lib/jvm/java-11-openjdk-amd64/lib/libverify.so
7f224ca81000-7f224ca88000 r-xp 00000000 fd:00 44176144                   /lib/x86_64-linux-gnu/librt-2.27.so
7f224ca88000-7f224cc87000 ---p 00007000 fd:00 44176144                   /lib/x86_64-linux-gnu/librt-2.27.so
7f224cc87000-7f224cc88000 r--p 00006000 fd:00 44176144                   /lib/x86_64-linux-gnu/librt-2.27.so
7f224cc88000-7f224cc89000 rw-p 00007000 fd:00 44176144                   /lib/x86_64-linux-gnu/librt-2.27.so
7f224cc89000-7f224cca0000 r-xp 00000000 fd:00 44175907                   /lib/x86_64-linux-gnu/libgcc_s.so.1
7f224cca0000-7f224ce9f000 ---p 00017000 fd:00 44175907                   /lib/x86_64-linux-gnu/libgcc_s.so.1
7f224ce9f000-7f224cea0000 r--p 00016000 fd:00 44175907                   /lib/x86_64-linux-gnu/libgcc_s.so.1
7f224cea0000-7f224cea1000 rw-p 00017000 fd:00 44175907                   /lib/x86_64-linux-gnu/libgcc_s.so.1
7f224cea1000-7f224d03e000 r-xp 00000000 fd:00 44176066                   /lib/x86_64-linux-gnu/libm-2.27.so
7f224d03e000-7f224d23d000 ---p 0019d000 fd:00 44176066                   /lib/x86_64-linux-gnu/libm-2.27.so
7f224d23d000-7f224d23e000 r--p 0019c000 fd:00 44176066                   /lib/x86_64-linux-gnu/libm-2.27.so
7f224d23e000-7f224d23f000 rw-p 0019d000 fd:00 44176066                   /lib/x86_64-linux-gnu/libm-2.27.so
7f224d23f000-7f224d3b8000 r-xp 00000000 fd:00 18090134                   /usr/lib/x86_64-linux-gnu/libstdc++.so.6.0.25
7f224d3b8000-7f224d5b8000 ---p 00179000 fd:00 18090134                   /usr/lib/x86_64-linux-gnu/libstdc++.so.6.0.25
7f224d5b8000-7f224d5c2000 r--p 00179000 fd:00 18090134                   /usr/lib/x86_64-linux-gnu/libstdc++.so.6.0.25
7f224d5c2000-7f224d5c4000 rw-p 00183000 fd:00 18090134                   /usr/lib/x86_64-linux-gnu/libstdc++.so.6.0.25
7f224d5c4000-7f224d5c8000 rw-p 00000000 00:00 0 
7f224d5c8000-7f224e565000 r-xp 00000000 fd:00 20186062                   /usr/lib/jvm/java-11-openjdk-amd64/lib/server/libjvm.so
7f224e565000-7f224e765000 ---p 00f9d000 fd:00 20186062                   /usr/lib/jvm/java-11-openjdk-amd64/lib/server/libjvm.so
7f224e765000-7f224e829000 r--p 00f9d000 fd:00 20186062                   /usr/lib/jvm/java-11-openjdk-amd64/lib/server/libjvm.so
7f224e829000-7f224e861000 rw-p 01061000 fd:00 20186062                   /usr/lib/jvm/java-11-openjdk-amd64/lib/server/libjvm.so
7f224e861000-7f224e8aa000 rw-p 00000000 00:00 0 
7f224e8aa000-7f224e8c4000 r-xp 00000000 fd:00 44176136                   /lib/x86_64-linux-gnu/libpthread-2.27.so
7f224e8c4000-7f224eac3000 ---p 0001a000 fd:00 44176136                   /lib/x86_64-linux-gnu/libpthread-2.27.so
7f224eac3000-7f224eac4000 r--p 00019000 fd:00 44176136                   /lib/x86_64-linux-gnu/libpthread-2.27.so
7f224eac4000-7f224eac5000 rw-p 0001a000 fd:00 44176136                   /lib/x86_64-linux-gnu/libpthread-2.27.so
7f224eac5000-7f224eac9000 rw-p 00000000 00:00 0 
7f224eac9000-7f224eacc000 r-xp 00000000 fd:00 44176026                   /lib/x86_64-linux-gnu/libdl-2.27.so
7f224eacc000-7f224eccb000 ---p 00003000 fd:00 44176026                   /lib/x86_64-linux-gnu/libdl-2.27.so
7f224eccb000-7f224eccc000 r--p 00002000 fd:00 44176026                   /lib/x86_64-linux-gnu/libdl-2.27.so
7f224eccc000-7f224eccd000 rw-p 00003000 fd:00 44176026                   /lib/x86_64-linux-gnu/libdl-2.27.so
7f224eccd000-7f224ece9000 r-xp 00000000 fd:00 44176175                   /lib/x86_64-linux-gnu/libz.so.1.2.11
7f224ece9000-7f224eee8000 ---p 0001c000 fd:00 44176175                   /lib/x86_64-linux-gnu/libz.so.1.2.11
7f224eee8000-7f224eee9000 r--p 0001b000 fd:00 44176175                   /lib/x86_64-linux-gnu/libz.so.1.2.11
7f224eee9000-7f224eeea000 rw-p 0001c000 fd:00 44176175                   /lib/x86_64-linux-gnu/libz.so.1.2.11
7f224eeea000-7f224f0d1000 r-xp 00000000 fd:00 44176003                   /lib/x86_64-linux-gnu/libc-2.27.so
7f224f0d1000-7f224f2d1000 ---p 001e7000 fd:00 44176003                   /lib/x86_64-linux-gnu/libc-2.27.so
7f224f2d1000-7f224f2d5000 r--p 001e7000 fd:00 44176003                   /lib/x86_64-linux-gnu/libc-2.27.so
7f224f2d5000-7f224f2d7000 rw-p 001eb000 fd:00 44176003                   /lib/x86_64-linux-gnu/libc-2.27.so
7f224f2d7000-7f224f2db000 rw-p 00000000 00:00 0 
7f224f2db000-7f224f2ea000 r-xp 00000000 fd:00 20186020                   /usr/lib/jvm/java-11-openjdk-amd64/lib/jli/libjli.so
7f224f2ea000-7f224f4e9000 ---p 0000f000 fd:00 20186020                   /usr/lib/jvm/java-11-openjdk-amd64/lib/jli/libjli.so
7f224f4e9000-7f224f4ea000 r--p 0000e000 fd:00 20186020                   /usr/lib/jvm/java-11-openjdk-amd64/lib/jli/libjli.so
7f224f4ea000-7f224f4eb000 rw-p 0000f000 fd:00 20186020                   /usr/lib/jvm/java-11-openjdk-amd64/lib/jli/libjli.so
7f224f4eb000-7f224f512000 r-xp 00000000 fd:00 44175975                   /lib/x86_64-linux-gnu/ld-2.27.so
7f224f58e000-7f224f5f5000 rw-p 00000000 00:00 0 
7f224f5f5000-7f224f5f9000 ---p 00000000 00:00 0 
7f224f5f9000-7f224f6f8000 rw-p 00000000 00:00 0 
7f224f6f9000-7f224f6ff000 rw-p 00000000 00:00 0 
7f224f6ff000-7f224f706000 ---p 00000000 00:00 0 
7f224f706000-7f224f70e000 rw-s 00000000 fd:00 16121869                   /tmp/hsperfdata_minecraft/25918
7f224f70e000-7f224f70f000 ---p 00000000 00:00 0 
7f224f70f000-7f224f710000 r--p 00000000 00:00 0 
7f224f710000-7f224f712000 rw-p 00000000 00:00 0 
7f224f712000-7f224f713000 r--p 00027000 fd:00 44175975                   /lib/x86_64-linux-gnu/ld-2.27.so
7f224f713000-7f224f714000 rw-p 00028000 fd:00 44175975                   /lib/x86_64-linux-gnu/ld-2.27.so
7f224f714000-7f224f715000 rw-p 00000000 00:00 0 
7fff35e94000-7fff35eb5000 rw-p 00000000 00:00 0                          [stack]
7fff35edb000-7fff35ede000 r--p 00000000 00:00 0                          [vvar]
7fff35ede000-7fff35ee0000 r-xp 00000000 00:00 0                          [vdso]
ffffffffff600000-ffffffffff601000 r-xp 00000000 00:00 0                  [vsyscall]


VM Arguments:
jvm_args: -Xms3g -Xmx3g 
java_command: server.jar nogui
java_class_path (initial): server.jar
Launcher Type: SUN_STANDARD

Logging:
Log output configuration:
#0: stdout all=warning uptime,level,tags
#1: stderr all=off uptime,level,tags

Environment Variables:
PATH=/usr/local/sbin:/usr/local/bin:/usr/sbin:/usr/bin:/sbin:/bin
SHELL=/bin/sh

Signal Handlers:
SIGSEGV: [libjvm.so+0xd28b70], sa_mask[0]=11111111011111111101111111111110, sa_flags=SA_RESTART|SA_SIGINFO
SIGBUS: [libjvm.so+0xd28b70], sa_mask[0]=11111111011111111101111111111110, sa_flags=SA_RESTART|SA_SIGINFO
SIGFPE: [libjvm.so+0xd28b70], sa_mask[0]=11111111011111111101111111111110, sa_flags=SA_RESTART|SA_SIGINFO
SIGPIPE: [libjvm.so+0xb2a1f0], sa_mask[0]=11111111011111111101111111111110, sa_flags=SA_RESTART|SA_SIGINFO
SIGXFSZ: [libjvm.so+0xb2a1f0], sa_mask[0]=11111111011111111101111111111110, sa_flags=SA_RESTART|SA_SIGINFO
SIGILL: [libjvm.so+0xd28b70], sa_mask[0]=11111111011111111101111111111110, sa_flags=SA_RESTART|SA_SIGINFO
SIGUSR2: [libjvm.so+0xb2a030], sa_mask[0]=00000000000000000000000000000000, sa_flags=SA_RESTART|SA_SIGINFO
SIGHUP: SIG_DFL, sa_mask[0]=00000000000000000000000000000000, sa_flags=none
SIGINT: SIG_DFL, sa_mask[0]=00000000000000000000000000000000, sa_flags=none
SIGTERM: SIG_DFL, sa_mask[0]=00000000000000000000000000000000, sa_flags=none
SIGQUIT: SIG_DFL, sa_mask[0]=00000000000000000000000000000000, sa_flags=none


---------------  S Y S T E M  ---------------

OS:DISTRIB_ID=Ubuntu
DISTRIB_RELEASE=18.04
DISTRIB_CODENAME=bionic
DISTRIB_DESCRIPTION="Ubuntu 18.04.2 LTS"
uname:Linux 4.15.0-46-generic #49-Ubuntu SMP Wed Feb 6 09:33:07 UTC 2019 x86_64
libc:glibc 2.27 NPTL 2.27 
rlimit: STACK 8192k, CORE 0k, NPROC 15099, NOFILE 4096, AS infinity, DATA infinity, FSIZE infinity
load average:1.29 1.40 1.36

/proc/meminfo:
MemTotal:        3943748 kB
MemFree:          128592 kB
MemAvailable:    1046300 kB
Buffers:           33964 kB
Cached:          1082768 kB
SwapCached:        10972 kB
Active:          2837420 kB
Inactive:         782720 kB
Active(anon):    2023944 kB
Inactive(anon):   509532 kB
Active(file):     813476 kB
Inactive(file):   273188 kB
Unevictable:           0 kB
Mlocked:               0 kB
SwapTotal:        999420 kB
SwapFree:         610992 kB
Dirty:              7368 kB
Writeback:             0 kB
AnonPages:       2500244 kB
Mapped:           151684 kB
Shmem:             30068 kB
Slab:             108428 kB
SReclaimable:      67624 kB
SUnreclaim:        40804 kB
KernelStack:        6032 kB
PageTables:        24100 kB
NFS_Unstable:          0 kB
Bounce:                0 kB
WritebackTmp:          0 kB
CommitLimit:     2971292 kB
Committed_AS:    3136124 kB
VmallocTotal:   34359738367 kB
VmallocUsed:           0 kB
VmallocChunk:          0 kB
HardwareCorrupted:     0 kB
AnonHugePages:         0 kB
ShmemHugePages:        0 kB
ShmemPmdMapped:        0 kB
CmaTotal:              0 kB
CmaFree:               0 kB
HugePages_Total:       0
HugePages_Free:        0
HugePages_Rsvd:        0
HugePages_Surp:        0
Hugepagesize:       2048 kB
DirectMap4k:      158320 kB
DirectMap2M:     3940352 kB
DirectMap1G:           0 kB

container (cgroup) information:
container_type: cgroupv1
cpu_cpuset_cpus: 0-3
cpu_memory_nodes: 0
active_processor_count: 4
cpu_quota: -1
cpu_period: 100000
cpu_shares: -1
memory_limit_in_bytes: -1
memory_and_swap_limit_in_bytes: -2
memory_soft_limit_in_bytes: -1
memory_usage_in_bytes: 3705044992
memory_max_usage_in_bytes: 2048000


CPU:total 4 (initial active 4) (2 cores per cpu, 2 threads per core) family 6 model 69 stepping 1, cmov, cx8, fxsr, mmx, sse, sse2, sse3, ssse3, sse4.1, sse4.2, popcnt, avx, avx2, aes, clmul, erms, lzcnt, ht, tsc, tscinvbit, bmi1, bmi2, fma
CPU Model and flags from /proc/cpuinfo:
model name	: Intel(R) Core(TM) i7-4500U CPU @ 1.80GHz
flags		: fpu vme de pse tsc msr pae mce cx8 apic sep mtrr pge mca cmov pat pse36 clflush dts acpi mmx fxsr sse sse2 ss ht tm pbe syscall nx pdpe1gb rdtscp lm constant_tsc arch_perfmon pebs bts rep_good nopl xtopology nonstop_tsc cpuid aperfmperf pni pclmulqdq dtes64 monitor ds_cpl vmx est tm2 ssse3 sdbg fma cx16 xtpr pdcm pcid sse4_1 sse4_2 movbe popcnt tsc_deadline_timer aes xsave avx f16c rdrand lahf_lm abm cpuid_fault epb invpcid_single pti ssbd ibrs ibpb stibp tpr_shadow vnmi flexpriority ept vpid fsgsbase tsc_adjust bmi1 avx2 smep bmi2 erms invpcid xsaveopt dtherm ida arat pln pts flush_l1d

Memory: 4k page, physical 3943748k(128592k free), swap 999420k(610992k free)

vm_info: OpenJDK 64-Bit Server VM (10.0.2+13-Ubuntu-1ubuntu0.18.04.4) for linux-amd64 JRE (10.0.2+13-Ubuntu-1ubuntu0.18.04.4), built on Nov 13 2018 12:53:39 by "buildd" with gcc 7.3.0

END.
