#
# There is insufficient memory for the Java Runtime Environment to continue.
# Native memory allocation (mmap) failed to map 3221225472 bytes for committing reserved memory.
# Possible reasons:
#   The system is out of physical RAM or swap space
#   The process is running with CompressedOops enabled, and the Java Heap may be blocking the growth of the native heap
# Possible solutions:
#   Reduce memory load on the system
#   Increase physical memory or swap space
#   Check if swap backing store is full
#   Decrease Java heap size (-Xmx/-Xms)
#   Decrease number of Java threads
#   Decrease Java thread stack sizes (-Xss)
#   Set larger code cache with -XX:ReservedCodeCacheSize=
# This output file may be truncated or incomplete.
#
#  Out of Memory Error (os_linux.cpp:2706), pid=27310, tid=27311
#
# JRE version:  (10.0.2+13) (build )
# Java VM: OpenJDK 64-Bit Server VM (10.0.2+13-Ubuntu-1ubuntu0.18.04.4, mixed mode, aot, tiered, compressed oops, g1 gc, linux-amd64)
# Core dump will be written. Default location: Core dumps may be processed with "/usr/share/apport/apport %p %s %c %d %P" (or dumping to /opt/forno/minecraft/core.27310)
#

---------------  S U M M A R Y ------------

Command Line: -Xms3g -Xmx3g server.jar nogui

Host: Intel(R) Core(TM) i7-4500U CPU @ 1.80GHz, 4 cores, 3G, Ubuntu 18.04.2 LTS
Time: Thu Mar 21 05:40:44 2019 JST elapsed time: 0 seconds (0d 0h 0m 0s)

---------------  T H R E A D  ---------------

Current thread (0x00007f3b64011000):  JavaThread "Unknown thread" [_thread_in_vm, id=27311, stack(0x00007f3b6cad2000,0x00007f3b6cbd3000)]

Stack: [0x00007f3b6cad2000,0x00007f3b6cbd3000],  sp=0x00007f3b6cbd12e0,  free space=1020k
Native frames: (J=compiled Java code, A=aot compiled Java code, j=interpreted, Vv=VM code, C=native code)
V  [libjvm.so+0xd27ea4]
V  [libjvm.so+0xd28a4b]
V  [libjvm.so+0x64d415]
V  [libjvm.so+0xb2d7c8]
V  [libjvm.so+0xb2601d]
V  [libjvm.so+0x7662ff]
V  [libjvm.so+0x76653e]
V  [libjvm.so+0x769500]
V  [libjvm.so+0x7efa1c]
V  [libjvm.so+0x7f06df]
V  [libjvm.so+0x7f0b59]
V  [libjvm.so+0x7162cf]
V  [libjvm.so+0x71afd3]
V  [libjvm.so+0xce5dc2]
V  [libjvm.so+0xce60c6]
V  [libjvm.so+0x807d57]
V  [libjvm.so+0xcc7ac4]
V  [libjvm.so+0x8601b1]  JNI_CreateJavaVM+0x51
C  [libjli.so+0x3d83]
C  [libjli.so+0x89dd]
C  [libpthread.so.0+0x76db]  start_thread+0xdb


---------------  P R O C E S S  ---------------

Threads class SMR info:
_java_thread_list=0x000055d9adc256b0, length=0, elements={
}

Java Threads: ( => current thread )

Other Threads:
  0x00007f3b64028000 GCTaskThread "GC Thread#0" [stack: 0x00007f3b68bfb000,0x00007f3b68cfb000] [id=27312]
  0x00007f3b64029000 GCTaskThread "GC Thread#1" [stack: 0x00007f3b68af9000,0x00007f3b68bf9000] [id=27313]
  0x00007f3b6402b000 GCTaskThread "GC Thread#2" [stack: 0x00007f3b689f7000,0x00007f3b68af7000] [id=27314]
  0x00007f3b6402c800 GCTaskThread "GC Thread#3" [stack: 0x00007f3b688f5000,0x00007f3b689f5000] [id=27315]
  0x00007f3b6406a000 ConcurrentGCThread "G1 Main Marker" [stack: 0x00007f3b6832f000,0x00007f3b6842f000] [id=27316]
  0x00007f3b6406c000 ConcurrentGCThread "G1 Conc#0" [stack: 0x00007f3b6822d000,0x00007f3b6832d000] [id=27317]

[error occurred during error reporting (printing all threads), id 0xe0000002]

VM state:not at safepoint (not fully initialized)

VM Mutex/Monitor currently owned by a thread:  ([mutex/lock_event])
[0x00007f3b6400df30] Heap_lock - owner thread: 0x00007f3b64011000

Heap address: 0x0000000700000000, size: 3072 MB, Compressed Oops mode: Non-zero based: 0x0000000700000000
Narrow klass base: 0x0000000000000000, Narrow klass shift: 0

GC Heap History (0 events):
No events

Deoptimization events (0 events):
No events

Classes redefined (0 events):
No events

Internal exceptions (0 events):
No events

Events (0 events):
No events


Dynamic libraries:
55d9ac5e6000-55d9ac5e7000 r-xp 00000000 fd:00 20185882                   /usr/lib/jvm/java-11-openjdk-amd64/bin/java
55d9ac7e7000-55d9ac7e8000 r--p 00001000 fd:00 20185882                   /usr/lib/jvm/java-11-openjdk-amd64/bin/java
55d9ac7e8000-55d9ac7e9000 rw-p 00002000 fd:00 20185882                   /usr/lib/jvm/java-11-openjdk-amd64/bin/java
55d9adc0e000-55d9adc2f000 rw-p 00000000 00:00 0                          [heap]
7f3b24000000-7f3b24021000 rw-p 00000000 00:00 0 
7f3b24021000-7f3b28000000 ---p 00000000 00:00 0 
7f3b2c000000-7f3b2c021000 rw-p 00000000 00:00 0 
7f3b2c021000-7f3b30000000 ---p 00000000 00:00 0 
7f3b31000000-7f3b34000000 ---p 00000000 00:00 0 
7f3b34000000-7f3b34021000 rw-p 00000000 00:00 0 
7f3b34021000-7f3b38000000 ---p 00000000 00:00 0 
7f3b39000000-7f3b3c000000 ---p 00000000 00:00 0 
7f3b3c000000-7f3b3c021000 rw-p 00000000 00:00 0 
7f3b3c021000-7f3b40000000 ---p 00000000 00:00 0 
7f3b40000000-7f3b40021000 rw-p 00000000 00:00 0 
7f3b40021000-7f3b44000000 ---p 00000000 00:00 0 
7f3b44000000-7f3b44021000 rw-p 00000000 00:00 0 
7f3b44021000-7f3b48000000 ---p 00000000 00:00 0 
7f3b48723000-7f3b4a925000 rw-p 00000000 00:00 0 
7f3b4a925000-7f3b4bb25000 ---p 00000000 00:00 0 
7f3b4bb25000-7f3b4bd95000 rwxp 00000000 00:00 0 
7f3b4bd95000-7f3b4c0b5000 ---p 00000000 00:00 0 
7f3b4c0b5000-7f3b4c325000 rwxp 00000000 00:00 0 
7f3b4c325000-7f3b535ed000 ---p 00000000 00:00 0 
7f3b535ed000-7f3b5385d000 rwxp 00000000 00:00 0 
7f3b5385d000-7f3b5ab25000 ---p 00000000 00:00 0 
7f3b5ab25000-7f3b64000000 r--s 00000000 fd:00 20186057                   /usr/lib/jvm/java-11-openjdk-amd64/lib/modules
7f3b64000000-7f3b64083000 rw-p 00000000 00:00 0 
7f3b64083000-7f3b68000000 ---p 00000000 00:00 0 
7f3b68029000-7f3b6822b000 rw-p 00000000 00:00 0 
7f3b6822b000-7f3b6822c000 ---p 00000000 00:00 0 
7f3b6822c000-7f3b6832d000 rw-p 00000000 00:00 0 
7f3b6832d000-7f3b6832e000 ---p 00000000 00:00 0 
7f3b6832e000-7f3b688f3000 rw-p 00000000 00:00 0 
7f3b688f3000-7f3b688f4000 ---p 00000000 00:00 0 
7f3b688f4000-7f3b689f5000 rw-p 00000000 00:00 0 
7f3b689f5000-7f3b689f6000 ---p 00000000 00:00 0 
7f3b689f6000-7f3b68af7000 rw-p 00000000 00:00 0 
7f3b68af7000-7f3b68af8000 ---p 00000000 00:00 0 
7f3b68af8000-7f3b68bf9000 rw-p 00000000 00:00 0 
7f3b68bf9000-7f3b68bfa000 ---p 00000000 00:00 0 
7f3b68bfa000-7f3b68d00000 rw-p 00000000 00:00 0 
7f3b68d00000-7f3b68de6000 ---p 00000000 00:00 0 
7f3b68de6000-7f3b68deb000 rw-p 00000000 00:00 0 
7f3b68deb000-7f3b68ed1000 ---p 00000000 00:00 0 
7f3b68ed1000-7f3b68ed6000 r-xp 00000000 fd:00 20186039                   /usr/lib/jvm/java-11-openjdk-amd64/lib/libjimage.so
7f3b68ed6000-7f3b690d5000 ---p 00005000 fd:00 20186039                   /usr/lib/jvm/java-11-openjdk-amd64/lib/libjimage.so
7f3b690d5000-7f3b690d6000 r--p 00004000 fd:00 20186039                   /usr/lib/jvm/java-11-openjdk-amd64/lib/libjimage.so
7f3b690d6000-7f3b690d7000 rw-p 00005000 fd:00 20186039                   /usr/lib/jvm/java-11-openjdk-amd64/lib/libjimage.so
7f3b690d7000-7f3b690de000 r-xp 00000000 fd:00 20186056                   /usr/lib/jvm/java-11-openjdk-amd64/lib/libzip.so
7f3b690de000-7f3b692dd000 ---p 00007000 fd:00 20186056                   /usr/lib/jvm/java-11-openjdk-amd64/lib/libzip.so
7f3b692dd000-7f3b692de000 r--p 00006000 fd:00 20186056                   /usr/lib/jvm/java-11-openjdk-amd64/lib/libzip.so
7f3b692de000-7f3b692df000 rw-p 00007000 fd:00 20186056                   /usr/lib/jvm/java-11-openjdk-amd64/lib/libzip.so
7f3b692df000-7f3b692ea000 r-xp 00000000 fd:00 44176093                   /lib/x86_64-linux-gnu/libnss_files-2.27.so
7f3b692ea000-7f3b694e9000 ---p 0000b000 fd:00 44176093                   /lib/x86_64-linux-gnu/libnss_files-2.27.so
7f3b694e9000-7f3b694ea000 r--p 0000a000 fd:00 44176093                   /lib/x86_64-linux-gnu/libnss_files-2.27.so
7f3b694ea000-7f3b694eb000 rw-p 0000b000 fd:00 44176093                   /lib/x86_64-linux-gnu/libnss_files-2.27.so
7f3b694eb000-7f3b694f1000 rw-p 00000000 00:00 0 
7f3b694f1000-7f3b69508000 r-xp 00000000 fd:00 44176087                   /lib/x86_64-linux-gnu/libnsl-2.27.so
7f3b69508000-7f3b69707000 ---p 00017000 fd:00 44176087                   /lib/x86_64-linux-gnu/libnsl-2.27.so
7f3b69707000-7f3b69708000 r--p 00016000 fd:00 44176087                   /lib/x86_64-linux-gnu/libnsl-2.27.so
7f3b69708000-7f3b69709000 rw-p 00017000 fd:00 44176087                   /lib/x86_64-linux-gnu/libnsl-2.27.so
7f3b69709000-7f3b6970b000 rw-p 00000000 00:00 0 
7f3b6970b000-7f3b69716000 r-xp 00000000 fd:00 44176104                   /lib/x86_64-linux-gnu/libnss_nis-2.27.so
7f3b69716000-7f3b69915000 ---p 0000b000 fd:00 44176104                   /lib/x86_64-linux-gnu/libnss_nis-2.27.so
7f3b69915000-7f3b69916000 r--p 0000a000 fd:00 44176104                   /lib/x86_64-linux-gnu/libnss_nis-2.27.so
7f3b69916000-7f3b69917000 rw-p 0000b000 fd:00 44176104                   /lib/x86_64-linux-gnu/libnss_nis-2.27.so
7f3b69917000-7f3b6991f000 r-xp 00000000 fd:00 44176089                   /lib/x86_64-linux-gnu/libnss_compat-2.27.so
7f3b6991f000-7f3b69b1f000 ---p 00008000 fd:00 44176089                   /lib/x86_64-linux-gnu/libnss_compat-2.27.so
7f3b69b1f000-7f3b69b20000 r--p 00008000 fd:00 44176089                   /lib/x86_64-linux-gnu/libnss_compat-2.27.so
7f3b69b20000-7f3b69b21000 rw-p 00009000 fd:00 44176089                   /lib/x86_64-linux-gnu/libnss_compat-2.27.so
7f3b69b21000-7f3b69b4d000 r-xp 00000000 fd:00 20186035                   /usr/lib/jvm/java-11-openjdk-amd64/lib/libjava.so
7f3b69b4d000-7f3b69d4c000 ---p 0002c000 fd:00 20186035                   /usr/lib/jvm/java-11-openjdk-amd64/lib/libjava.so
7f3b69d4c000-7f3b69d4d000 r--p 0002b000 fd:00 20186035                   /usr/lib/jvm/java-11-openjdk-amd64/lib/libjava.so
7f3b69d4d000-7f3b69d4f000 rw-p 0002c000 fd:00 20186035                   /usr/lib/jvm/java-11-openjdk-amd64/lib/libjava.so
7f3b69d4f000-7f3b69d5c000 r-xp 00000000 fd:00 20186055                   /usr/lib/jvm/java-11-openjdk-amd64/lib/libverify.so
7f3b69d5c000-7f3b69f5b000 ---p 0000d000 fd:00 20186055                   /usr/lib/jvm/java-11-openjdk-amd64/lib/libverify.so
7f3b69f5b000-7f3b69f5d000 r--p 0000c000 fd:00 20186055                   /usr/lib/jvm/java-11-openjdk-amd64/lib/libverify.so
7f3b69f5d000-7f3b69f5e000 rw-p 0000e000 fd:00 20186055                   /usr/lib/jvm/java-11-openjdk-amd64/lib/libverify.so
7f3b69f5e000-7f3b69f65000 r-xp 00000000 fd:00 44176144                   /lib/x86_64-linux-gnu/librt-2.27.so
7f3b69f65000-7f3b6a164000 ---p 00007000 fd:00 44176144                   /lib/x86_64-linux-gnu/librt-2.27.so
7f3b6a164000-7f3b6a165000 r--p 00006000 fd:00 44176144                   /lib/x86_64-linux-gnu/librt-2.27.so
7f3b6a165000-7f3b6a166000 rw-p 00007000 fd:00 44176144                   /lib/x86_64-linux-gnu/librt-2.27.so
7f3b6a166000-7f3b6a17d000 r-xp 00000000 fd:00 44175907                   /lib/x86_64-linux-gnu/libgcc_s.so.1
7f3b6a17d000-7f3b6a37c000 ---p 00017000 fd:00 44175907                   /lib/x86_64-linux-gnu/libgcc_s.so.1
7f3b6a37c000-7f3b6a37d000 r--p 00016000 fd:00 44175907                   /lib/x86_64-linux-gnu/libgcc_s.so.1
7f3b6a37d000-7f3b6a37e000 rw-p 00017000 fd:00 44175907                   /lib/x86_64-linux-gnu/libgcc_s.so.1
7f3b6a37e000-7f3b6a51b000 r-xp 00000000 fd:00 44176066                   /lib/x86_64-linux-gnu/libm-2.27.so
7f3b6a51b000-7f3b6a71a000 ---p 0019d000 fd:00 44176066                   /lib/x86_64-linux-gnu/libm-2.27.so
7f3b6a71a000-7f3b6a71b000 r--p 0019c000 fd:00 44176066                   /lib/x86_64-linux-gnu/libm-2.27.so
7f3b6a71b000-7f3b6a71c000 rw-p 0019d000 fd:00 44176066                   /lib/x86_64-linux-gnu/libm-2.27.so
7f3b6a71c000-7f3b6a895000 r-xp 00000000 fd:00 18090134                   /usr/lib/x86_64-linux-gnu/libstdc++.so.6.0.25
7f3b6a895000-7f3b6aa95000 ---p 00179000 fd:00 18090134                   /usr/lib/x86_64-linux-gnu/libstdc++.so.6.0.25
7f3b6aa95000-7f3b6aa9f000 r--p 00179000 fd:00 18090134                   /usr/lib/x86_64-linux-gnu/libstdc++.so.6.0.25
7f3b6aa9f000-7f3b6aaa1000 rw-p 00183000 fd:00 18090134                   /usr/lib/x86_64-linux-gnu/libstdc++.so.6.0.25
7f3b6aaa1000-7f3b6aaa5000 rw-p 00000000 00:00 0 
7f3b6aaa5000-7f3b6ba42000 r-xp 00000000 fd:00 20186062                   /usr/lib/jvm/java-11-openjdk-amd64/lib/server/libjvm.so
7f3b6ba42000-7f3b6bc42000 ---p 00f9d000 fd:00 20186062                   /usr/lib/jvm/java-11-openjdk-amd64/lib/server/libjvm.so
7f3b6bc42000-7f3b6bd06000 r--p 00f9d000 fd:00 20186062                   /usr/lib/jvm/java-11-openjdk-amd64/lib/server/libjvm.so
7f3b6bd06000-7f3b6bd3e000 rw-p 01061000 fd:00 20186062                   /usr/lib/jvm/java-11-openjdk-amd64/lib/server/libjvm.so
7f3b6bd3e000-7f3b6bd87000 rw-p 00000000 00:00 0 
7f3b6bd87000-7f3b6bda1000 r-xp 00000000 fd:00 44176136                   /lib/x86_64-linux-gnu/libpthread-2.27.so
7f3b6bda1000-7f3b6bfa0000 ---p 0001a000 fd:00 44176136                   /lib/x86_64-linux-gnu/libpthread-2.27.so
7f3b6bfa0000-7f3b6bfa1000 r--p 00019000 fd:00 44176136                   /lib/x86_64-linux-gnu/libpthread-2.27.so
7f3b6bfa1000-7f3b6bfa2000 rw-p 0001a000 fd:00 44176136                   /lib/x86_64-linux-gnu/libpthread-2.27.so
7f3b6bfa2000-7f3b6bfa6000 rw-p 00000000 00:00 0 
7f3b6bfa6000-7f3b6bfa9000 r-xp 00000000 fd:00 44176026                   /lib/x86_64-linux-gnu/libdl-2.27.so
7f3b6bfa9000-7f3b6c1a8000 ---p 00003000 fd:00 44176026                   /lib/x86_64-linux-gnu/libdl-2.27.so
7f3b6c1a8000-7f3b6c1a9000 r--p 00002000 fd:00 44176026                   /lib/x86_64-linux-gnu/libdl-2.27.so
7f3b6c1a9000-7f3b6c1aa000 rw-p 00003000 fd:00 44176026                   /lib/x86_64-linux-gnu/libdl-2.27.so
7f3b6c1aa000-7f3b6c1c6000 r-xp 00000000 fd:00 44176175                   /lib/x86_64-linux-gnu/libz.so.1.2.11
7f3b6c1c6000-7f3b6c3c5000 ---p 0001c000 fd:00 44176175                   /lib/x86_64-linux-gnu/libz.so.1.2.11
7f3b6c3c5000-7f3b6c3c6000 r--p 0001b000 fd:00 44176175                   /lib/x86_64-linux-gnu/libz.so.1.2.11
7f3b6c3c6000-7f3b6c3c7000 rw-p 0001c000 fd:00 44176175                   /lib/x86_64-linux-gnu/libz.so.1.2.11
7f3b6c3c7000-7f3b6c5ae000 r-xp 00000000 fd:00 44176003                   /lib/x86_64-linux-gnu/libc-2.27.so
7f3b6c5ae000-7f3b6c7ae000 ---p 001e7000 fd:00 44176003                   /lib/x86_64-linux-gnu/libc-2.27.so
7f3b6c7ae000-7f3b6c7b2000 r--p 001e7000 fd:00 44176003                   /lib/x86_64-linux-gnu/libc-2.27.so
7f3b6c7b2000-7f3b6c7b4000 rw-p 001eb000 fd:00 44176003                   /lib/x86_64-linux-gnu/libc-2.27.so
7f3b6c7b4000-7f3b6c7b8000 rw-p 00000000 00:00 0 
7f3b6c7b8000-7f3b6c7c7000 r-xp 00000000 fd:00 20186020                   /usr/lib/jvm/java-11-openjdk-amd64/lib/jli/libjli.so
7f3b6c7c7000-7f3b6c9c6000 ---p 0000f000 fd:00 20186020                   /usr/lib/jvm/java-11-openjdk-amd64/lib/jli/libjli.so
7f3b6c9c6000-7f3b6c9c7000 r--p 0000e000 fd:00 20186020                   /usr/lib/jvm/java-11-openjdk-amd64/lib/jli/libjli.so
7f3b6c9c7000-7f3b6c9c8000 rw-p 0000f000 fd:00 20186020                   /usr/lib/jvm/java-11-openjdk-amd64/lib/jli/libjli.so
7f3b6c9c8000-7f3b6c9ef000 r-xp 00000000 fd:00 44175975                   /lib/x86_64-linux-gnu/ld-2.27.so
7f3b6ca6b000-7f3b6cad2000 rw-p 00000000 00:00 0 
7f3b6cad2000-7f3b6cad6000 ---p 00000000 00:00 0 
7f3b6cad6000-7f3b6cbd5000 rw-p 00000000 00:00 0 
7f3b6cbd6000-7f3b6cbdc000 rw-p 00000000 00:00 0 
7f3b6cbdc000-7f3b6cbe3000 ---p 00000000 00:00 0 
7f3b6cbe3000-7f3b6cbeb000 rw-s 00000000 fd:00 16121869                   /tmp/hsperfdata_minecraft/27310
7f3b6cbeb000-7f3b6cbec000 ---p 00000000 00:00 0 
7f3b6cbec000-7f3b6cbed000 r--p 00000000 00:00 0 
7f3b6cbed000-7f3b6cbef000 rw-p 00000000 00:00 0 
7f3b6cbef000-7f3b6cbf0000 r--p 00027000 fd:00 44175975                   /lib/x86_64-linux-gnu/ld-2.27.so
7f3b6cbf0000-7f3b6cbf1000 rw-p 00028000 fd:00 44175975                   /lib/x86_64-linux-gnu/ld-2.27.so
7f3b6cbf1000-7f3b6cbf2000 rw-p 00000000 00:00 0 
7ffcbc3aa000-7ffcbc3cb000 rw-p 00000000 00:00 0                          [stack]
7ffcbc3ee000-7ffcbc3f1000 r--p 00000000 00:00 0                          [vvar]
7ffcbc3f1000-7ffcbc3f3000 r-xp 00000000 00:00 0                          [vdso]
ffffffffff600000-ffffffffff601000 r-xp 00000000 00:00 0                  [vsyscall]


VM Arguments:
jvm_args: -Xms3g -Xmx3g 
java_command: server.jar nogui
java_class_path (initial): server.jar
Launcher Type: SUN_STANDARD

Logging:
Log output configuration:
#0: stdout all=warning uptime,level,tags
#1: stderr all=off uptime,level,tags

Environment Variables:
PATH=/usr/local/sbin:/usr/local/bin:/usr/sbin:/usr/bin:/sbin:/bin
SHELL=/bin/sh

Signal Handlers:
SIGSEGV: [libjvm.so+0xd28b70], sa_mask[0]=11111111011111111101111111111110, sa_flags=SA_RESTART|SA_SIGINFO
SIGBUS: [libjvm.so+0xd28b70], sa_mask[0]=11111111011111111101111111111110, sa_flags=SA_RESTART|SA_SIGINFO
SIGFPE: [libjvm.so+0xd28b70], sa_mask[0]=11111111011111111101111111111110, sa_flags=SA_RESTART|SA_SIGINFO
SIGPIPE: [libjvm.so+0xb2a1f0], sa_mask[0]=11111111011111111101111111111110, sa_flags=SA_RESTART|SA_SIGINFO
SIGXFSZ: [libjvm.so+0xb2a1f0], sa_mask[0]=11111111011111111101111111111110, sa_flags=SA_RESTART|SA_SIGINFO
SIGILL: [libjvm.so+0xd28b70], sa_mask[0]=11111111011111111101111111111110, sa_flags=SA_RESTART|SA_SIGINFO
SIGUSR2: [libjvm.so+0xb2a030], sa_mask[0]=00000000000000000000000000000000, sa_flags=SA_RESTART|SA_SIGINFO
SIGHUP: SIG_DFL, sa_mask[0]=00000000000000000000000000000000, sa_flags=none
SIGINT: SIG_DFL, sa_mask[0]=00000000000000000000000000000000, sa_flags=none
SIGTERM: SIG_DFL, sa_mask[0]=00000000000000000000000000000000, sa_flags=none
SIGQUIT: SIG_DFL, sa_mask[0]=00000000000000000000000000000000, sa_flags=none


---------------  S Y S T E M  ---------------

OS:DISTRIB_ID=Ubuntu
DISTRIB_RELEASE=18.04
DISTRIB_CODENAME=bionic
DISTRIB_DESCRIPTION="Ubuntu 18.04.2 LTS"
uname:Linux 4.15.0-46-generic #49-Ubuntu SMP Wed Feb 6 09:33:07 UTC 2019 x86_64
libc:glibc 2.27 NPTL 2.27 
rlimit: STACK 8192k, CORE 0k, NPROC 15099, NOFILE 4096, AS infinity, DATA infinity, FSIZE infinity
load average:1.81 1.53 1.47

/proc/meminfo:
MemTotal:        3943748 kB
MemFree:          110528 kB
MemAvailable:    1589468 kB
Buffers:           38932 kB
Cached:          1639804 kB
SwapCached:         5068 kB
Active:          2558160 kB
Inactive:        1083676 kB
Active(anon):    1676636 kB
Inactive(anon):   316596 kB
Active(file):     881524 kB
Inactive(file):   767080 kB
Unevictable:           0 kB
Mlocked:               0 kB
SwapTotal:        999420 kB
SwapFree:         578992 kB
Dirty:              4664 kB
Writeback:            36 kB
AnonPages:       1954756 kB
Mapped:           115620 kB
Shmem:             30128 kB
Slab:             107216 kB
SReclaimable:      66208 kB
SUnreclaim:        41008 kB
KernelStack:        5988 kB
PageTables:        23132 kB
NFS_Unstable:          0 kB
Bounce:                0 kB
WritebackTmp:          0 kB
CommitLimit:     2971292 kB
Committed_AS:    3133412 kB
VmallocTotal:   34359738367 kB
VmallocUsed:           0 kB
VmallocChunk:          0 kB
HardwareCorrupted:     0 kB
AnonHugePages:         0 kB
ShmemHugePages:        0 kB
ShmemPmdMapped:        0 kB
CmaTotal:              0 kB
CmaFree:               0 kB
HugePages_Total:       0
HugePages_Free:        0
HugePages_Rsvd:        0
HugePages_Surp:        0
Hugepagesize:       2048 kB
DirectMap4k:      154224 kB
DirectMap2M:     3944448 kB
DirectMap1G:           0 kB

container (cgroup) information:
container_type: cgroupv1
cpu_cpuset_cpus: 0-3
cpu_memory_nodes: 0
active_processor_count: 4
cpu_quota: -1
cpu_period: 100000
cpu_shares: -1
memory_limit_in_bytes: -1
memory_and_swap_limit_in_bytes: -2
memory_soft_limit_in_bytes: -1
memory_usage_in_bytes: 3724611584
memory_max_usage_in_bytes: 2048000


CPU:total 4 (initial active 4) (2 cores per cpu, 2 threads per core) family 6 model 69 stepping 1, cmov, cx8, fxsr, mmx, sse, sse2, sse3, ssse3, sse4.1, sse4.2, popcnt, avx, avx2, aes, clmul, erms, lzcnt, ht, tsc, tscinvbit, bmi1, bmi2, fma
CPU Model and flags from /proc/cpuinfo:
model name	: Intel(R) Core(TM) i7-4500U CPU @ 1.80GHz
flags		: fpu vme de pse tsc msr pae mce cx8 apic sep mtrr pge mca cmov pat pse36 clflush dts acpi mmx fxsr sse sse2 ss ht tm pbe syscall nx pdpe1gb rdtscp lm constant_tsc arch_perfmon pebs bts rep_good nopl xtopology nonstop_tsc cpuid aperfmperf pni pclmulqdq dtes64 monitor ds_cpl vmx est tm2 ssse3 sdbg fma cx16 xtpr pdcm pcid sse4_1 sse4_2 movbe popcnt tsc_deadline_timer aes xsave avx f16c rdrand lahf_lm abm cpuid_fault epb invpcid_single pti ssbd ibrs ibpb stibp tpr_shadow vnmi flexpriority ept vpid fsgsbase tsc_adjust bmi1 avx2 smep bmi2 erms invpcid xsaveopt dtherm ida arat pln pts flush_l1d

Memory: 4k page, physical 3943748k(116892k free), swap 999420k(578992k free)

vm_info: OpenJDK 64-Bit Server VM (10.0.2+13-Ubuntu-1ubuntu0.18.04.4) for linux-amd64 JRE (10.0.2+13-Ubuntu-1ubuntu0.18.04.4), built on Nov 13 2018 12:53:39 by "buildd" with gcc 7.3.0

END.
