#
# There is insufficient memory for the Java Runtime Environment to continue.
# Native memory allocation (mmap) failed to map 3221225472 bytes for committing reserved memory.
# Possible reasons:
#   The system is out of physical RAM or swap space
#   The process is running with CompressedOops enabled, and the Java Heap may be blocking the growth of the native heap
# Possible solutions:
#   Reduce memory load on the system
#   Increase physical memory or swap space
#   Check if swap backing store is full
#   Decrease Java heap size (-Xmx/-Xms)
#   Decrease number of Java threads
#   Decrease Java thread stack sizes (-Xss)
#   Set larger code cache with -XX:ReservedCodeCacheSize=
# This output file may be truncated or incomplete.
#
#  Out of Memory Error (os_linux.cpp:2706), pid=23844, tid=23846
#
# JRE version:  (10.0.2+13) (build )
# Java VM: OpenJDK 64-Bit Server VM (10.0.2+13-Ubuntu-1ubuntu0.18.04.4, mixed mode, aot, tiered, compressed oops, g1 gc, linux-amd64)
# Core dump will be written. Default location: Core dumps may be processed with "/usr/share/apport/apport %p %s %c %d %P" (or dumping to /opt/forno/minecraft/core.23844)
#

---------------  S U M M A R Y ------------

Command Line: -Xms3g -Xmx3g server.jar nogui

Host: Intel(R) Core(TM) i7-4500U CPU @ 1.80GHz, 4 cores, 3G, Ubuntu 18.04.2 LTS
Time: Thu Mar 21 03:25:10 2019 JST elapsed time: 0 seconds (0d 0h 0m 0s)

---------------  T H R E A D  ---------------

Current thread (0x00007fa6e4011000):  JavaThread "Unknown thread" [_thread_in_vm, id=23846, stack(0x00007fa6ec778000,0x00007fa6ec879000)]

Stack: [0x00007fa6ec778000,0x00007fa6ec879000],  sp=0x00007fa6ec8772e0,  free space=1020k
Native frames: (J=compiled Java code, A=aot compiled Java code, j=interpreted, Vv=VM code, C=native code)
V  [libjvm.so+0xd27ea4]
V  [libjvm.so+0xd28a4b]
V  [libjvm.so+0x64d415]
V  [libjvm.so+0xb2d7c8]
V  [libjvm.so+0xb2601d]
V  [libjvm.so+0x7662ff]
V  [libjvm.so+0x76653e]
V  [libjvm.so+0x769500]
V  [libjvm.so+0x7efa1c]
V  [libjvm.so+0x7f06df]
V  [libjvm.so+0x7f0b59]
V  [libjvm.so+0x7162cf]
V  [libjvm.so+0x71afd3]
V  [libjvm.so+0xce5dc2]
V  [libjvm.so+0xce60c6]
V  [libjvm.so+0x807d57]
V  [libjvm.so+0xcc7ac4]
V  [libjvm.so+0x8601b1]  JNI_CreateJavaVM+0x51
C  [libjli.so+0x3d83]
C  [libjli.so+0x89dd]
C  [libpthread.so.0+0x76db]  start_thread+0xdb


---------------  P R O C E S S  ---------------

Threads class SMR info:
_java_thread_list=0x000055705c3d86b0, length=0, elements={
}

Java Threads: ( => current thread )

Other Threads:
  0x00007fa6e4028000 GCTaskThread "GC Thread#0" [stack: 0x00007fa6e88a1000,0x00007fa6e89a1000] [id=23848]
  0x00007fa6e4029000 GCTaskThread "GC Thread#1" [stack: 0x00007fa6e879f000,0x00007fa6e889f000] [id=23849]
  0x00007fa6e402b000 GCTaskThread "GC Thread#2" [stack: 0x00007fa6e869d000,0x00007fa6e879d000] [id=23850]
  0x00007fa6e402c800 GCTaskThread "GC Thread#3" [stack: 0x00007fa6e859b000,0x00007fa6e869b000] [id=23851]
  0x00007fa6e406a000 ConcurrentGCThread "G1 Main Marker" [stack: 0x00007fa6ca825000,0x00007fa6ca925000] [id=23852]
  0x00007fa6e406c000 ConcurrentGCThread "G1 Conc#0" [stack: 0x00007fa6ca723000,0x00007fa6ca823000] [id=23853]

[error occurred during error reporting (printing all threads), id 0xe0000002]

VM state:not at safepoint (not fully initialized)

VM Mutex/Monitor currently owned by a thread:  ([mutex/lock_event])
[0x00007fa6e400df30] Heap_lock - owner thread: 0x00007fa6e4011000

Heap address: 0x0000000700000000, size: 3072 MB, Compressed Oops mode: Non-zero based: 0x0000000700000000
Narrow klass base: 0x0000000000000000, Narrow klass shift: 0

GC Heap History (0 events):
No events

Deoptimization events (0 events):
No events

Classes redefined (0 events):
No events

Internal exceptions (0 events):
No events

Events (0 events):
No events


Dynamic libraries:
55705b2b8000-55705b2b9000 r-xp 00000000 fd:00 20185882                   /usr/lib/jvm/java-11-openjdk-amd64/bin/java
55705b4b9000-55705b4ba000 r--p 00001000 fd:00 20185882                   /usr/lib/jvm/java-11-openjdk-amd64/bin/java
55705b4ba000-55705b4bb000 rw-p 00002000 fd:00 20185882                   /usr/lib/jvm/java-11-openjdk-amd64/bin/java
55705c3c1000-55705c3e2000 rw-p 00000000 00:00 0                          [heap]
7fa6a4000000-7fa6a4021000 rw-p 00000000 00:00 0 
7fa6a4021000-7fa6a8000000 ---p 00000000 00:00 0 
7fa6ac000000-7fa6ac021000 rw-p 00000000 00:00 0 
7fa6ac021000-7fa6b0000000 ---p 00000000 00:00 0 
7fa6b1000000-7fa6b4000000 ---p 00000000 00:00 0 
7fa6b4000000-7fa6b4021000 rw-p 00000000 00:00 0 
7fa6b4021000-7fa6b8000000 ---p 00000000 00:00 0 
7fa6b9000000-7fa6bc000000 ---p 00000000 00:00 0 
7fa6bc000000-7fa6bc021000 rw-p 00000000 00:00 0 
7fa6bc021000-7fa6c0000000 ---p 00000000 00:00 0 
7fa6c0000000-7fa6c0021000 rw-p 00000000 00:00 0 
7fa6c0021000-7fa6c4000000 ---p 00000000 00:00 0 
7fa6c4000000-7fa6c4021000 rw-p 00000000 00:00 0 
7fa6c4021000-7fa6c8000000 ---p 00000000 00:00 0 
7fa6c831d000-7fa6ca721000 rw-p 00000000 00:00 0 
7fa6ca721000-7fa6ca722000 ---p 00000000 00:00 0 
7fa6ca722000-7fa6ca823000 rw-p 00000000 00:00 0 
7fa6ca823000-7fa6ca824000 ---p 00000000 00:00 0 
7fa6ca824000-7fa6ca925000 rw-p 00000000 00:00 0 
7fa6ca925000-7fa6cbb25000 ---p 00000000 00:00 0 
7fa6cbb25000-7fa6cbd95000 rwxp 00000000 00:00 0 
7fa6cbd95000-7fa6cc0b5000 ---p 00000000 00:00 0 
7fa6cc0b5000-7fa6cc325000 rwxp 00000000 00:00 0 
7fa6cc325000-7fa6d35ed000 ---p 00000000 00:00 0 
7fa6d35ed000-7fa6d385d000 rwxp 00000000 00:00 0 
7fa6d385d000-7fa6dab25000 ---p 00000000 00:00 0 
7fa6dab25000-7fa6e4000000 r--s 00000000 fd:00 20186057                   /usr/lib/jvm/java-11-openjdk-amd64/lib/modules
7fa6e4000000-7fa6e4083000 rw-p 00000000 00:00 0 
7fa6e4083000-7fa6e8000000 ---p 00000000 00:00 0 
7fa6e80d5000-7fa6e8599000 rw-p 00000000 00:00 0 
7fa6e8599000-7fa6e859a000 ---p 00000000 00:00 0 
7fa6e859a000-7fa6e869b000 rw-p 00000000 00:00 0 
7fa6e869b000-7fa6e869c000 ---p 00000000 00:00 0 
7fa6e869c000-7fa6e879d000 rw-p 00000000 00:00 0 
7fa6e879d000-7fa6e879e000 ---p 00000000 00:00 0 
7fa6e879e000-7fa6e889f000 rw-p 00000000 00:00 0 
7fa6e889f000-7fa6e88a0000 ---p 00000000 00:00 0 
7fa6e88a0000-7fa6e89a6000 rw-p 00000000 00:00 0 
7fa6e89a6000-7fa6e8a8c000 ---p 00000000 00:00 0 
7fa6e8a8c000-7fa6e8a91000 rw-p 00000000 00:00 0 
7fa6e8a91000-7fa6e8b77000 ---p 00000000 00:00 0 
7fa6e8b77000-7fa6e8b7c000 r-xp 00000000 fd:00 20186039                   /usr/lib/jvm/java-11-openjdk-amd64/lib/libjimage.so
7fa6e8b7c000-7fa6e8d7b000 ---p 00005000 fd:00 20186039                   /usr/lib/jvm/java-11-openjdk-amd64/lib/libjimage.so
7fa6e8d7b000-7fa6e8d7c000 r--p 00004000 fd:00 20186039                   /usr/lib/jvm/java-11-openjdk-amd64/lib/libjimage.so
7fa6e8d7c000-7fa6e8d7d000 rw-p 00005000 fd:00 20186039                   /usr/lib/jvm/java-11-openjdk-amd64/lib/libjimage.so
7fa6e8d7d000-7fa6e8d84000 r-xp 00000000 fd:00 20186056                   /usr/lib/jvm/java-11-openjdk-amd64/lib/libzip.so
7fa6e8d84000-7fa6e8f83000 ---p 00007000 fd:00 20186056                   /usr/lib/jvm/java-11-openjdk-amd64/lib/libzip.so
7fa6e8f83000-7fa6e8f84000 r--p 00006000 fd:00 20186056                   /usr/lib/jvm/java-11-openjdk-amd64/lib/libzip.so
7fa6e8f84000-7fa6e8f85000 rw-p 00007000 fd:00 20186056                   /usr/lib/jvm/java-11-openjdk-amd64/lib/libzip.so
7fa6e8f85000-7fa6e8f90000 r-xp 00000000 fd:00 44176093                   /lib/x86_64-linux-gnu/libnss_files-2.27.so
7fa6e8f90000-7fa6e918f000 ---p 0000b000 fd:00 44176093                   /lib/x86_64-linux-gnu/libnss_files-2.27.so
7fa6e918f000-7fa6e9190000 r--p 0000a000 fd:00 44176093                   /lib/x86_64-linux-gnu/libnss_files-2.27.so
7fa6e9190000-7fa6e9191000 rw-p 0000b000 fd:00 44176093                   /lib/x86_64-linux-gnu/libnss_files-2.27.so
7fa6e9191000-7fa6e9197000 rw-p 00000000 00:00 0 
7fa6e9197000-7fa6e91ae000 r-xp 00000000 fd:00 44176087                   /lib/x86_64-linux-gnu/libnsl-2.27.so
7fa6e91ae000-7fa6e93ad000 ---p 00017000 fd:00 44176087                   /lib/x86_64-linux-gnu/libnsl-2.27.so
7fa6e93ad000-7fa6e93ae000 r--p 00016000 fd:00 44176087                   /lib/x86_64-linux-gnu/libnsl-2.27.so
7fa6e93ae000-7fa6e93af000 rw-p 00017000 fd:00 44176087                   /lib/x86_64-linux-gnu/libnsl-2.27.so
7fa6e93af000-7fa6e93b1000 rw-p 00000000 00:00 0 
7fa6e93b1000-7fa6e93bc000 r-xp 00000000 fd:00 44176104                   /lib/x86_64-linux-gnu/libnss_nis-2.27.so
7fa6e93bc000-7fa6e95bb000 ---p 0000b000 fd:00 44176104                   /lib/x86_64-linux-gnu/libnss_nis-2.27.so
7fa6e95bb000-7fa6e95bc000 r--p 0000a000 fd:00 44176104                   /lib/x86_64-linux-gnu/libnss_nis-2.27.so
7fa6e95bc000-7fa6e95bd000 rw-p 0000b000 fd:00 44176104                   /lib/x86_64-linux-gnu/libnss_nis-2.27.so
7fa6e95bd000-7fa6e95c5000 r-xp 00000000 fd:00 44176089                   /lib/x86_64-linux-gnu/libnss_compat-2.27.so
7fa6e95c5000-7fa6e97c5000 ---p 00008000 fd:00 44176089                   /lib/x86_64-linux-gnu/libnss_compat-2.27.so
7fa6e97c5000-7fa6e97c6000 r--p 00008000 fd:00 44176089                   /lib/x86_64-linux-gnu/libnss_compat-2.27.so
7fa6e97c6000-7fa6e97c7000 rw-p 00009000 fd:00 44176089                   /lib/x86_64-linux-gnu/libnss_compat-2.27.so
7fa6e97c7000-7fa6e97f3000 r-xp 00000000 fd:00 20186035                   /usr/lib/jvm/java-11-openjdk-amd64/lib/libjava.so
7fa6e97f3000-7fa6e99f2000 ---p 0002c000 fd:00 20186035                   /usr/lib/jvm/java-11-openjdk-amd64/lib/libjava.so
7fa6e99f2000-7fa6e99f3000 r--p 0002b000 fd:00 20186035                   /usr/lib/jvm/java-11-openjdk-amd64/lib/libjava.so
7fa6e99f3000-7fa6e99f5000 rw-p 0002c000 fd:00 20186035                   /usr/lib/jvm/java-11-openjdk-amd64/lib/libjava.so
7fa6e99f5000-7fa6e9a02000 r-xp 00000000 fd:00 20186055                   /usr/lib/jvm/java-11-openjdk-amd64/lib/libverify.so
7fa6e9a02000-7fa6e9c01000 ---p 0000d000 fd:00 20186055                   /usr/lib/jvm/java-11-openjdk-amd64/lib/libverify.so
7fa6e9c01000-7fa6e9c03000 r--p 0000c000 fd:00 20186055                   /usr/lib/jvm/java-11-openjdk-amd64/lib/libverify.so
7fa6e9c03000-7fa6e9c04000 rw-p 0000e000 fd:00 20186055                   /usr/lib/jvm/java-11-openjdk-amd64/lib/libverify.so
7fa6e9c04000-7fa6e9c0b000 r-xp 00000000 fd:00 44176144                   /lib/x86_64-linux-gnu/librt-2.27.so
7fa6e9c0b000-7fa6e9e0a000 ---p 00007000 fd:00 44176144                   /lib/x86_64-linux-gnu/librt-2.27.so
7fa6e9e0a000-7fa6e9e0b000 r--p 00006000 fd:00 44176144                   /lib/x86_64-linux-gnu/librt-2.27.so
7fa6e9e0b000-7fa6e9e0c000 rw-p 00007000 fd:00 44176144                   /lib/x86_64-linux-gnu/librt-2.27.so
7fa6e9e0c000-7fa6e9e23000 r-xp 00000000 fd:00 44175907                   /lib/x86_64-linux-gnu/libgcc_s.so.1
7fa6e9e23000-7fa6ea022000 ---p 00017000 fd:00 44175907                   /lib/x86_64-linux-gnu/libgcc_s.so.1
7fa6ea022000-7fa6ea023000 r--p 00016000 fd:00 44175907                   /lib/x86_64-linux-gnu/libgcc_s.so.1
7fa6ea023000-7fa6ea024000 rw-p 00017000 fd:00 44175907                   /lib/x86_64-linux-gnu/libgcc_s.so.1
7fa6ea024000-7fa6ea1c1000 r-xp 00000000 fd:00 44176066                   /lib/x86_64-linux-gnu/libm-2.27.so
7fa6ea1c1000-7fa6ea3c0000 ---p 0019d000 fd:00 44176066                   /lib/x86_64-linux-gnu/libm-2.27.so
7fa6ea3c0000-7fa6ea3c1000 r--p 0019c000 fd:00 44176066                   /lib/x86_64-linux-gnu/libm-2.27.so
7fa6ea3c1000-7fa6ea3c2000 rw-p 0019d000 fd:00 44176066                   /lib/x86_64-linux-gnu/libm-2.27.so
7fa6ea3c2000-7fa6ea53b000 r-xp 00000000 fd:00 18090134                   /usr/lib/x86_64-linux-gnu/libstdc++.so.6.0.25
7fa6ea53b000-7fa6ea73b000 ---p 00179000 fd:00 18090134                   /usr/lib/x86_64-linux-gnu/libstdc++.so.6.0.25
7fa6ea73b000-7fa6ea745000 r--p 00179000 fd:00 18090134                   /usr/lib/x86_64-linux-gnu/libstdc++.so.6.0.25
7fa6ea745000-7fa6ea747000 rw-p 00183000 fd:00 18090134                   /usr/lib/x86_64-linux-gnu/libstdc++.so.6.0.25
7fa6ea747000-7fa6ea74b000 rw-p 00000000 00:00 0 
7fa6ea74b000-7fa6eb6e8000 r-xp 00000000 fd:00 20186062                   /usr/lib/jvm/java-11-openjdk-amd64/lib/server/libjvm.so
7fa6eb6e8000-7fa6eb8e8000 ---p 00f9d000 fd:00 20186062                   /usr/lib/jvm/java-11-openjdk-amd64/lib/server/libjvm.so
7fa6eb8e8000-7fa6eb9ac000 r--p 00f9d000 fd:00 20186062                   /usr/lib/jvm/java-11-openjdk-amd64/lib/server/libjvm.so
7fa6eb9ac000-7fa6eb9e4000 rw-p 01061000 fd:00 20186062                   /usr/lib/jvm/java-11-openjdk-amd64/lib/server/libjvm.so
7fa6eb9e4000-7fa6eba2d000 rw-p 00000000 00:00 0 
7fa6eba2d000-7fa6eba47000 r-xp 00000000 fd:00 44176136                   /lib/x86_64-linux-gnu/libpthread-2.27.so
7fa6eba47000-7fa6ebc46000 ---p 0001a000 fd:00 44176136                   /lib/x86_64-linux-gnu/libpthread-2.27.so
7fa6ebc46000-7fa6ebc47000 r--p 00019000 fd:00 44176136                   /lib/x86_64-linux-gnu/libpthread-2.27.so
7fa6ebc47000-7fa6ebc48000 rw-p 0001a000 fd:00 44176136                   /lib/x86_64-linux-gnu/libpthread-2.27.so
7fa6ebc48000-7fa6ebc4c000 rw-p 00000000 00:00 0 
7fa6ebc4c000-7fa6ebc4f000 r-xp 00000000 fd:00 44176026                   /lib/x86_64-linux-gnu/libdl-2.27.so
7fa6ebc4f000-7fa6ebe4e000 ---p 00003000 fd:00 44176026                   /lib/x86_64-linux-gnu/libdl-2.27.so
7fa6ebe4e000-7fa6ebe4f000 r--p 00002000 fd:00 44176026                   /lib/x86_64-linux-gnu/libdl-2.27.so
7fa6ebe4f000-7fa6ebe50000 rw-p 00003000 fd:00 44176026                   /lib/x86_64-linux-gnu/libdl-2.27.so
7fa6ebe50000-7fa6ebe6c000 r-xp 00000000 fd:00 44176175                   /lib/x86_64-linux-gnu/libz.so.1.2.11
7fa6ebe6c000-7fa6ec06b000 ---p 0001c000 fd:00 44176175                   /lib/x86_64-linux-gnu/libz.so.1.2.11
7fa6ec06b000-7fa6ec06c000 r--p 0001b000 fd:00 44176175                   /lib/x86_64-linux-gnu/libz.so.1.2.11
7fa6ec06c000-7fa6ec06d000 rw-p 0001c000 fd:00 44176175                   /lib/x86_64-linux-gnu/libz.so.1.2.11
7fa6ec06d000-7fa6ec254000 r-xp 00000000 fd:00 44176003                   /lib/x86_64-linux-gnu/libc-2.27.so
7fa6ec254000-7fa6ec454000 ---p 001e7000 fd:00 44176003                   /lib/x86_64-linux-gnu/libc-2.27.so
7fa6ec454000-7fa6ec458000 r--p 001e7000 fd:00 44176003                   /lib/x86_64-linux-gnu/libc-2.27.so
7fa6ec458000-7fa6ec45a000 rw-p 001eb000 fd:00 44176003                   /lib/x86_64-linux-gnu/libc-2.27.so
7fa6ec45a000-7fa6ec45e000 rw-p 00000000 00:00 0 
7fa6ec45e000-7fa6ec46d000 r-xp 00000000 fd:00 20186020                   /usr/lib/jvm/java-11-openjdk-amd64/lib/jli/libjli.so
7fa6ec46d000-7fa6ec66c000 ---p 0000f000 fd:00 20186020                   /usr/lib/jvm/java-11-openjdk-amd64/lib/jli/libjli.so
7fa6ec66c000-7fa6ec66d000 r--p 0000e000 fd:00 20186020                   /usr/lib/jvm/java-11-openjdk-amd64/lib/jli/libjli.so
7fa6ec66d000-7fa6ec66e000 rw-p 0000f000 fd:00 20186020                   /usr/lib/jvm/java-11-openjdk-amd64/lib/jli/libjli.so
7fa6ec66e000-7fa6ec695000 r-xp 00000000 fd:00 44175975                   /lib/x86_64-linux-gnu/ld-2.27.so
7fa6ec711000-7fa6ec778000 rw-p 00000000 00:00 0 
7fa6ec778000-7fa6ec77c000 ---p 00000000 00:00 0 
7fa6ec77c000-7fa6ec87b000 rw-p 00000000 00:00 0 
7fa6ec87c000-7fa6ec882000 rw-p 00000000 00:00 0 
7fa6ec882000-7fa6ec889000 ---p 00000000 00:00 0 
7fa6ec889000-7fa6ec891000 rw-s 00000000 fd:00 16121869                   /tmp/hsperfdata_minecraft/23844
7fa6ec891000-7fa6ec892000 ---p 00000000 00:00 0 
7fa6ec892000-7fa6ec893000 r--p 00000000 00:00 0 
7fa6ec893000-7fa6ec895000 rw-p 00000000 00:00 0 
7fa6ec895000-7fa6ec896000 r--p 00027000 fd:00 44175975                   /lib/x86_64-linux-gnu/ld-2.27.so
7fa6ec896000-7fa6ec897000 rw-p 00028000 fd:00 44175975                   /lib/x86_64-linux-gnu/ld-2.27.so
7fa6ec897000-7fa6ec898000 rw-p 00000000 00:00 0 
7fffeecc9000-7fffeecea000 rw-p 00000000 00:00 0                          [stack]
7fffeed3c000-7fffeed3f000 r--p 00000000 00:00 0                          [vvar]
7fffeed3f000-7fffeed41000 r-xp 00000000 00:00 0                          [vdso]
ffffffffff600000-ffffffffff601000 r-xp 00000000 00:00 0                  [vsyscall]


VM Arguments:
jvm_args: -Xms3g -Xmx3g 
java_command: server.jar nogui
java_class_path (initial): server.jar
Launcher Type: SUN_STANDARD

Logging:
Log output configuration:
#0: stdout all=warning uptime,level,tags
#1: stderr all=off uptime,level,tags

Environment Variables:
PATH=/usr/local/sbin:/usr/local/bin:/usr/sbin:/usr/bin:/sbin:/bin
SHELL=/bin/sh

Signal Handlers:
SIGSEGV: [libjvm.so+0xd28b70], sa_mask[0]=11111111011111111101111111111110, sa_flags=SA_RESTART|SA_SIGINFO
SIGBUS: [libjvm.so+0xd28b70], sa_mask[0]=11111111011111111101111111111110, sa_flags=SA_RESTART|SA_SIGINFO
SIGFPE: [libjvm.so+0xd28b70], sa_mask[0]=11111111011111111101111111111110, sa_flags=SA_RESTART|SA_SIGINFO
SIGPIPE: [libjvm.so+0xb2a1f0], sa_mask[0]=11111111011111111101111111111110, sa_flags=SA_RESTART|SA_SIGINFO
SIGXFSZ: [libjvm.so+0xb2a1f0], sa_mask[0]=11111111011111111101111111111110, sa_flags=SA_RESTART|SA_SIGINFO
SIGILL: [libjvm.so+0xd28b70], sa_mask[0]=11111111011111111101111111111110, sa_flags=SA_RESTART|SA_SIGINFO
SIGUSR2: [libjvm.so+0xb2a030], sa_mask[0]=00000000000000000000000000000000, sa_flags=SA_RESTART|SA_SIGINFO
SIGHUP: SIG_DFL, sa_mask[0]=00000000000000000000000000000000, sa_flags=none
SIGINT: SIG_DFL, sa_mask[0]=00000000000000000000000000000000, sa_flags=none
SIGTERM: SIG_DFL, sa_mask[0]=00000000000000000000000000000000, sa_flags=none
SIGQUIT: SIG_DFL, sa_mask[0]=00000000000000000000000000000000, sa_flags=none


---------------  S Y S T E M  ---------------

OS:DISTRIB_ID=Ubuntu
DISTRIB_RELEASE=18.04
DISTRIB_CODENAME=bionic
DISTRIB_DESCRIPTION="Ubuntu 18.04.2 LTS"
uname:Linux 4.15.0-46-generic #49-Ubuntu SMP Wed Feb 6 09:33:07 UTC 2019 x86_64
libc:glibc 2.27 NPTL 2.27 
rlimit: STACK 8192k, CORE 0k, NPROC 15099, NOFILE 4096, AS infinity, DATA infinity, FSIZE infinity
load average:1.48 1.39 1.37

/proc/meminfo:
MemTotal:        3943748 kB
MemFree:         1097684 kB
MemAvailable:    1869212 kB
Buffers:           25236 kB
Cached:           955700 kB
SwapCached:         2560 kB
Active:          1904216 kB
Inactive:         767304 kB
Active(anon):    1421388 kB
Inactive(anon):   299324 kB
Active(file):     482828 kB
Inactive(file):   467980 kB
Unevictable:           0 kB
Mlocked:               0 kB
SwapTotal:        999420 kB
SwapFree:         559792 kB
Dirty:              3856 kB
Writeback:             0 kB
AnonPages:       1689040 kB
Mapped:           129504 kB
Shmem:             30128 kB
Slab:              88112 kB
SReclaimable:      46972 kB
SUnreclaim:        41140 kB
KernelStack:        5960 kB
PageTables:        23316 kB
NFS_Unstable:          0 kB
Bounce:                0 kB
WritebackTmp:          0 kB
CommitLimit:     2971292 kB
Committed_AS:    3061396 kB
VmallocTotal:   34359738367 kB
VmallocUsed:           0 kB
VmallocChunk:          0 kB
HardwareCorrupted:     0 kB
AnonHugePages:         0 kB
ShmemHugePages:        0 kB
ShmemPmdMapped:        0 kB
CmaTotal:              0 kB
CmaFree:               0 kB
HugePages_Total:       0
HugePages_Free:        0
HugePages_Rsvd:        0
HugePages_Surp:        0
Hugepagesize:       2048 kB
DirectMap4k:      154224 kB
DirectMap2M:     3944448 kB
DirectMap1G:           0 kB

container (cgroup) information:
container_type: cgroupv1
cpu_cpuset_cpus: 0-3
cpu_memory_nodes: 0
active_processor_count: 4
cpu_quota: -1
cpu_period: 100000
cpu_shares: -1
memory_limit_in_bytes: -1
memory_and_swap_limit_in_bytes: -2
memory_soft_limit_in_bytes: -1
memory_usage_in_bytes: 2735259648
memory_max_usage_in_bytes: 2048000


CPU:total 4 (initial active 4) (2 cores per cpu, 2 threads per core) family 6 model 69 stepping 1, cmov, cx8, fxsr, mmx, sse, sse2, sse3, ssse3, sse4.1, sse4.2, popcnt, avx, avx2, aes, clmul, erms, lzcnt, ht, tsc, tscinvbit, bmi1, bmi2, fma
CPU Model and flags from /proc/cpuinfo:
model name	: Intel(R) Core(TM) i7-4500U CPU @ 1.80GHz
flags		: fpu vme de pse tsc msr pae mce cx8 apic sep mtrr pge mca cmov pat pse36 clflush dts acpi mmx fxsr sse sse2 ss ht tm pbe syscall nx pdpe1gb rdtscp lm constant_tsc arch_perfmon pebs bts rep_good nopl xtopology nonstop_tsc cpuid aperfmperf pni pclmulqdq dtes64 monitor ds_cpl vmx est tm2 ssse3 sdbg fma cx16 xtpr pdcm pcid sse4_1 sse4_2 movbe popcnt tsc_deadline_timer aes xsave avx f16c rdrand lahf_lm abm cpuid_fault epb invpcid_single pti ssbd ibrs ibpb stibp tpr_shadow vnmi flexpriority ept vpid fsgsbase tsc_adjust bmi1 avx2 smep bmi2 erms invpcid xsaveopt dtherm ida arat pln pts flush_l1d

Memory: 4k page, physical 3943748k(1097684k free), swap 999420k(559792k free)

vm_info: OpenJDK 64-Bit Server VM (10.0.2+13-Ubuntu-1ubuntu0.18.04.4) for linux-amd64 JRE (10.0.2+13-Ubuntu-1ubuntu0.18.04.4), built on Nov 13 2018 12:53:39 by "buildd" with gcc 7.3.0

END.
