#
# There is insufficient memory for the Java Runtime Environment to continue.
# Native memory allocation (mmap) failed to map 3221225472 bytes for committing reserved memory.
# Possible reasons:
#   The system is out of physical RAM or swap space
#   The process is running with CompressedOops enabled, and the Java Heap may be blocking the growth of the native heap
# Possible solutions:
#   Reduce memory load on the system
#   Increase physical memory or swap space
#   Check if swap backing store is full
#   Decrease Java heap size (-Xmx/-Xms)
#   Decrease number of Java threads
#   Decrease Java thread stack sizes (-Xss)
#   Set larger code cache with -XX:ReservedCodeCacheSize=
# This output file may be truncated or incomplete.
#
#  Out of Memory Error (os_linux.cpp:2706), pid=7995, tid=7996
#
# JRE version:  (10.0.2+13) (build )
# Java VM: OpenJDK 64-Bit Server VM (10.0.2+13-Ubuntu-1ubuntu0.18.04.4, mixed mode, aot, tiered, compressed oops, g1 gc, linux-amd64)
# Core dump will be written. Default location: Core dumps may be processed with "/usr/share/apport/apport %p %s %c %d %P" (or dumping to /opt/forno/minecraft/core.7995)
#

---------------  S U M M A R Y ------------

Command Line: -Xms3g -Xmx3g server.jar nogui

Host: Intel(R) Core(TM) i7-4500U CPU @ 1.80GHz, 4 cores, 3G, Ubuntu 18.04.2 LTS
Time: Thu Mar 21 06:03:50 2019 JST elapsed time: 0 seconds (0d 0h 0m 0s)

---------------  T H R E A D  ---------------

Current thread (0x00007f2f70011000):  JavaThread "Unknown thread" [_thread_in_vm, id=7996, stack(0x00007f2f76ea4000,0x00007f2f76fa5000)]

Stack: [0x00007f2f76ea4000,0x00007f2f76fa5000],  sp=0x00007f2f76fa32e0,  free space=1020k
Native frames: (J=compiled Java code, A=aot compiled Java code, j=interpreted, Vv=VM code, C=native code)
V  [libjvm.so+0xd27ea4]
V  [libjvm.so+0xd28a4b]
V  [libjvm.so+0x64d415]
V  [libjvm.so+0xb2d7c8]
V  [libjvm.so+0xb2601d]
V  [libjvm.so+0x7662ff]
V  [libjvm.so+0x76653e]
V  [libjvm.so+0x769500]
V  [libjvm.so+0x7efa1c]
V  [libjvm.so+0x7f06df]
V  [libjvm.so+0x7f0b59]
V  [libjvm.so+0x7162cf]
V  [libjvm.so+0x71afd3]
V  [libjvm.so+0xce5dc2]
V  [libjvm.so+0xce60c6]
V  [libjvm.so+0x807d57]
V  [libjvm.so+0xcc7ac4]
V  [libjvm.so+0x8601b1]  JNI_CreateJavaVM+0x51
C  [libjli.so+0x3d83]
C  [libjli.so+0x89dd]
C  [libpthread.so.0+0x76db]  start_thread+0xdb


---------------  P R O C E S S  ---------------

Threads class SMR info:
_java_thread_list=0x0000560bd908e6b0, length=0, elements={
}

Java Threads: ( => current thread )

Other Threads:
  0x00007f2f70028000 GCTaskThread "GC Thread#0" [stack: 0x00007f2f56abc000,0x00007f2f56bbc000] [id=7997]
  0x00007f2f70029000 GCTaskThread "GC Thread#1" [stack: 0x00007f2f569ba000,0x00007f2f56aba000] [id=7998]
  0x00007f2f7002b000 GCTaskThread "GC Thread#2" [stack: 0x00007f2f568b8000,0x00007f2f569b8000] [id=7999]
  0x00007f2f7002c800 GCTaskThread "GC Thread#3" [stack: 0x00007f2f567b6000,0x00007f2f568b6000] [id=8000]
  0x00007f2f7006a000 ConcurrentGCThread "G1 Main Marker" [stack: 0x00007f2f54ff0000,0x00007f2f550f0000] [id=8001]
  0x00007f2f7006c000 ConcurrentGCThread "G1 Conc#0" [stack: 0x00007f2f54eee000,0x00007f2f54fee000] [id=8002]

[error occurred during error reporting (printing all threads), id 0xe0000002]

VM state:not at safepoint (not fully initialized)

VM Mutex/Monitor currently owned by a thread:  ([mutex/lock_event])
[0x00007f2f7000df30] Heap_lock - owner thread: 0x00007f2f70011000

Heap address: 0x0000000700000000, size: 3072 MB, Compressed Oops mode: Non-zero based: 0x0000000700000000
Narrow klass base: 0x0000000000000000, Narrow klass shift: 0

GC Heap History (0 events):
No events

Deoptimization events (0 events):
No events

Classes redefined (0 events):
No events

Internal exceptions (0 events):
No events

Events (0 events):
No events


Dynamic libraries:
560bd804f000-560bd8050000 r-xp 00000000 fd:00 20185882                   /usr/lib/jvm/java-11-openjdk-amd64/bin/java
560bd8250000-560bd8251000 r--p 00001000 fd:00 20185882                   /usr/lib/jvm/java-11-openjdk-amd64/bin/java
560bd8251000-560bd8252000 rw-p 00002000 fd:00 20185882                   /usr/lib/jvm/java-11-openjdk-amd64/bin/java
560bd9077000-560bd9098000 rw-p 00000000 00:00 0                          [heap]
7f2f30000000-7f2f30021000 rw-p 00000000 00:00 0 
7f2f30021000-7f2f34000000 ---p 00000000 00:00 0 
7f2f36000000-7f2f38000000 rw-p 00000000 00:00 0 
7f2f38000000-7f2f38021000 rw-p 00000000 00:00 0 
7f2f38021000-7f2f3c000000 ---p 00000000 00:00 0 
7f2f3d000000-7f2f40000000 ---p 00000000 00:00 0 
7f2f40000000-7f2f40021000 rw-p 00000000 00:00 0 
7f2f40021000-7f2f44000000 ---p 00000000 00:00 0 
7f2f45000000-7f2f48000000 ---p 00000000 00:00 0 
7f2f48000000-7f2f48021000 rw-p 00000000 00:00 0 
7f2f48021000-7f2f4c000000 ---p 00000000 00:00 0 
7f2f4c000000-7f2f4c021000 rw-p 00000000 00:00 0 
7f2f4c021000-7f2f50000000 ---p 00000000 00:00 0 
7f2f50000000-7f2f50021000 rw-p 00000000 00:00 0 
7f2f50021000-7f2f54000000 ---p 00000000 00:00 0 
7f2f54ae8000-7f2f54eec000 rw-p 00000000 00:00 0 
7f2f54eec000-7f2f54eed000 ---p 00000000 00:00 0 
7f2f54eed000-7f2f54fee000 rw-p 00000000 00:00 0 
7f2f54fee000-7f2f54fef000 ---p 00000000 00:00 0 
7f2f54fef000-7f2f551b0000 rw-p 00000000 00:00 0 
7f2f551b0000-7f2f563b0000 ---p 00000000 00:00 0 
7f2f563b0000-7f2f567b4000 rw-p 00000000 00:00 0 
7f2f567b4000-7f2f567b5000 ---p 00000000 00:00 0 
7f2f567b5000-7f2f568b6000 rw-p 00000000 00:00 0 
7f2f568b6000-7f2f568b7000 ---p 00000000 00:00 0 
7f2f568b7000-7f2f569b8000 rw-p 00000000 00:00 0 
7f2f569b8000-7f2f569b9000 ---p 00000000 00:00 0 
7f2f569b9000-7f2f56aba000 rw-p 00000000 00:00 0 
7f2f56aba000-7f2f56abb000 ---p 00000000 00:00 0 
7f2f56abb000-7f2f56bc1000 rw-p 00000000 00:00 0 
7f2f56bc1000-7f2f56ca7000 ---p 00000000 00:00 0 
7f2f56ca7000-7f2f56f17000 rwxp 00000000 00:00 0 
7f2f56f17000-7f2f57237000 ---p 00000000 00:00 0 
7f2f57237000-7f2f574a7000 rwxp 00000000 00:00 0 
7f2f574a7000-7f2f5e76f000 ---p 00000000 00:00 0 
7f2f5e76f000-7f2f5e9df000 rwxp 00000000 00:00 0 
7f2f5e9df000-7f2f65ca7000 ---p 00000000 00:00 0 
7f2f65ca7000-7f2f6f182000 r--s 00000000 fd:00 20186057                   /usr/lib/jvm/java-11-openjdk-amd64/lib/modules
7f2f6f182000-7f2f6f187000 r-xp 00000000 fd:00 20186039                   /usr/lib/jvm/java-11-openjdk-amd64/lib/libjimage.so
7f2f6f187000-7f2f6f386000 ---p 00005000 fd:00 20186039                   /usr/lib/jvm/java-11-openjdk-amd64/lib/libjimage.so
7f2f6f386000-7f2f6f387000 r--p 00004000 fd:00 20186039                   /usr/lib/jvm/java-11-openjdk-amd64/lib/libjimage.so
7f2f6f387000-7f2f6f388000 rw-p 00005000 fd:00 20186039                   /usr/lib/jvm/java-11-openjdk-amd64/lib/libjimage.so
7f2f6f388000-7f2f6f38f000 r-xp 00000000 fd:00 20186056                   /usr/lib/jvm/java-11-openjdk-amd64/lib/libzip.so
7f2f6f38f000-7f2f6f58e000 ---p 00007000 fd:00 20186056                   /usr/lib/jvm/java-11-openjdk-amd64/lib/libzip.so
7f2f6f58e000-7f2f6f58f000 r--p 00006000 fd:00 20186056                   /usr/lib/jvm/java-11-openjdk-amd64/lib/libzip.so
7f2f6f58f000-7f2f6f590000 rw-p 00007000 fd:00 20186056                   /usr/lib/jvm/java-11-openjdk-amd64/lib/libzip.so
7f2f6f590000-7f2f6f59b000 r-xp 00000000 fd:00 44176093                   /lib/x86_64-linux-gnu/libnss_files-2.27.so
7f2f6f59b000-7f2f6f79a000 ---p 0000b000 fd:00 44176093                   /lib/x86_64-linux-gnu/libnss_files-2.27.so
7f2f6f79a000-7f2f6f79b000 r--p 0000a000 fd:00 44176093                   /lib/x86_64-linux-gnu/libnss_files-2.27.so
7f2f6f79b000-7f2f6f79c000 rw-p 0000b000 fd:00 44176093                   /lib/x86_64-linux-gnu/libnss_files-2.27.so
7f2f6f79c000-7f2f6f7a2000 rw-p 00000000 00:00 0 
7f2f6f7a2000-7f2f6f7b9000 r-xp 00000000 fd:00 44176087                   /lib/x86_64-linux-gnu/libnsl-2.27.so
7f2f6f7b9000-7f2f6f9b8000 ---p 00017000 fd:00 44176087                   /lib/x86_64-linux-gnu/libnsl-2.27.so
7f2f6f9b8000-7f2f6f9b9000 r--p 00016000 fd:00 44176087                   /lib/x86_64-linux-gnu/libnsl-2.27.so
7f2f6f9b9000-7f2f6f9ba000 rw-p 00017000 fd:00 44176087                   /lib/x86_64-linux-gnu/libnsl-2.27.so
7f2f6f9ba000-7f2f6f9bc000 rw-p 00000000 00:00 0 
7f2f6f9bc000-7f2f6f9c7000 r-xp 00000000 fd:00 44176104                   /lib/x86_64-linux-gnu/libnss_nis-2.27.so
7f2f6f9c7000-7f2f6fbc6000 ---p 0000b000 fd:00 44176104                   /lib/x86_64-linux-gnu/libnss_nis-2.27.so
7f2f6fbc6000-7f2f6fbc7000 r--p 0000a000 fd:00 44176104                   /lib/x86_64-linux-gnu/libnss_nis-2.27.so
7f2f6fbc7000-7f2f6fbc8000 rw-p 0000b000 fd:00 44176104                   /lib/x86_64-linux-gnu/libnss_nis-2.27.so
7f2f6fbc8000-7f2f6fbd0000 r-xp 00000000 fd:00 44176089                   /lib/x86_64-linux-gnu/libnss_compat-2.27.so
7f2f6fbd0000-7f2f6fdd0000 ---p 00008000 fd:00 44176089                   /lib/x86_64-linux-gnu/libnss_compat-2.27.so
7f2f6fdd0000-7f2f6fdd1000 r--p 00008000 fd:00 44176089                   /lib/x86_64-linux-gnu/libnss_compat-2.27.so
7f2f6fdd1000-7f2f6fdd2000 rw-p 00009000 fd:00 44176089                   /lib/x86_64-linux-gnu/libnss_compat-2.27.so
7f2f6fdd2000-7f2f6fdfe000 r-xp 00000000 fd:00 20186035                   /usr/lib/jvm/java-11-openjdk-amd64/lib/libjava.so
7f2f6fdfe000-7f2f6fffd000 ---p 0002c000 fd:00 20186035                   /usr/lib/jvm/java-11-openjdk-amd64/lib/libjava.so
7f2f6fffd000-7f2f6fffe000 r--p 0002b000 fd:00 20186035                   /usr/lib/jvm/java-11-openjdk-amd64/lib/libjava.so
7f2f6fffe000-7f2f70000000 rw-p 0002c000 fd:00 20186035                   /usr/lib/jvm/java-11-openjdk-amd64/lib/libjava.so
7f2f70000000-7f2f70083000 rw-p 00000000 00:00 0 
7f2f70083000-7f2f74000000 ---p 00000000 00:00 0 
7f2f74036000-7f2f7403b000 rw-p 00000000 00:00 0 
7f2f7403b000-7f2f74121000 ---p 00000000 00:00 0 
7f2f74121000-7f2f7412e000 r-xp 00000000 fd:00 20186055                   /usr/lib/jvm/java-11-openjdk-amd64/lib/libverify.so
7f2f7412e000-7f2f7432d000 ---p 0000d000 fd:00 20186055                   /usr/lib/jvm/java-11-openjdk-amd64/lib/libverify.so
7f2f7432d000-7f2f7432f000 r--p 0000c000 fd:00 20186055                   /usr/lib/jvm/java-11-openjdk-amd64/lib/libverify.so
7f2f7432f000-7f2f74330000 rw-p 0000e000 fd:00 20186055                   /usr/lib/jvm/java-11-openjdk-amd64/lib/libverify.so
7f2f74330000-7f2f74337000 r-xp 00000000 fd:00 44176144                   /lib/x86_64-linux-gnu/librt-2.27.so
7f2f74337000-7f2f74536000 ---p 00007000 fd:00 44176144                   /lib/x86_64-linux-gnu/librt-2.27.so
7f2f74536000-7f2f74537000 r--p 00006000 fd:00 44176144                   /lib/x86_64-linux-gnu/librt-2.27.so
7f2f74537000-7f2f74538000 rw-p 00007000 fd:00 44176144                   /lib/x86_64-linux-gnu/librt-2.27.so
7f2f74538000-7f2f7454f000 r-xp 00000000 fd:00 44175907                   /lib/x86_64-linux-gnu/libgcc_s.so.1
7f2f7454f000-7f2f7474e000 ---p 00017000 fd:00 44175907                   /lib/x86_64-linux-gnu/libgcc_s.so.1
7f2f7474e000-7f2f7474f000 r--p 00016000 fd:00 44175907                   /lib/x86_64-linux-gnu/libgcc_s.so.1
7f2f7474f000-7f2f74750000 rw-p 00017000 fd:00 44175907                   /lib/x86_64-linux-gnu/libgcc_s.so.1
7f2f74750000-7f2f748ed000 r-xp 00000000 fd:00 44176066                   /lib/x86_64-linux-gnu/libm-2.27.so
7f2f748ed000-7f2f74aec000 ---p 0019d000 fd:00 44176066                   /lib/x86_64-linux-gnu/libm-2.27.so
7f2f74aec000-7f2f74aed000 r--p 0019c000 fd:00 44176066                   /lib/x86_64-linux-gnu/libm-2.27.so
7f2f74aed000-7f2f74aee000 rw-p 0019d000 fd:00 44176066                   /lib/x86_64-linux-gnu/libm-2.27.so
7f2f74aee000-7f2f74c67000 r-xp 00000000 fd:00 18090134                   /usr/lib/x86_64-linux-gnu/libstdc++.so.6.0.25
7f2f74c67000-7f2f74e67000 ---p 00179000 fd:00 18090134                   /usr/lib/x86_64-linux-gnu/libstdc++.so.6.0.25
7f2f74e67000-7f2f74e71000 r--p 00179000 fd:00 18090134                   /usr/lib/x86_64-linux-gnu/libstdc++.so.6.0.25
7f2f74e71000-7f2f74e73000 rw-p 00183000 fd:00 18090134                   /usr/lib/x86_64-linux-gnu/libstdc++.so.6.0.25
7f2f74e73000-7f2f74e77000 rw-p 00000000 00:00 0 
7f2f74e77000-7f2f75e14000 r-xp 00000000 fd:00 20186062                   /usr/lib/jvm/java-11-openjdk-amd64/lib/server/libjvm.so
7f2f75e14000-7f2f76014000 ---p 00f9d000 fd:00 20186062                   /usr/lib/jvm/java-11-openjdk-amd64/lib/server/libjvm.so
7f2f76014000-7f2f760d8000 r--p 00f9d000 fd:00 20186062                   /usr/lib/jvm/java-11-openjdk-amd64/lib/server/libjvm.so
7f2f760d8000-7f2f76110000 rw-p 01061000 fd:00 20186062                   /usr/lib/jvm/java-11-openjdk-amd64/lib/server/libjvm.so
7f2f76110000-7f2f76159000 rw-p 00000000 00:00 0 
7f2f76159000-7f2f76173000 r-xp 00000000 fd:00 44176136                   /lib/x86_64-linux-gnu/libpthread-2.27.so
7f2f76173000-7f2f76372000 ---p 0001a000 fd:00 44176136                   /lib/x86_64-linux-gnu/libpthread-2.27.so
7f2f76372000-7f2f76373000 r--p 00019000 fd:00 44176136                   /lib/x86_64-linux-gnu/libpthread-2.27.so
7f2f76373000-7f2f76374000 rw-p 0001a000 fd:00 44176136                   /lib/x86_64-linux-gnu/libpthread-2.27.so
7f2f76374000-7f2f76378000 rw-p 00000000 00:00 0 
7f2f76378000-7f2f7637b000 r-xp 00000000 fd:00 44176026                   /lib/x86_64-linux-gnu/libdl-2.27.so
7f2f7637b000-7f2f7657a000 ---p 00003000 fd:00 44176026                   /lib/x86_64-linux-gnu/libdl-2.27.so
7f2f7657a000-7f2f7657b000 r--p 00002000 fd:00 44176026                   /lib/x86_64-linux-gnu/libdl-2.27.so
7f2f7657b000-7f2f7657c000 rw-p 00003000 fd:00 44176026                   /lib/x86_64-linux-gnu/libdl-2.27.so
7f2f7657c000-7f2f76598000 r-xp 00000000 fd:00 44176175                   /lib/x86_64-linux-gnu/libz.so.1.2.11
7f2f76598000-7f2f76797000 ---p 0001c000 fd:00 44176175                   /lib/x86_64-linux-gnu/libz.so.1.2.11
7f2f76797000-7f2f76798000 r--p 0001b000 fd:00 44176175                   /lib/x86_64-linux-gnu/libz.so.1.2.11
7f2f76798000-7f2f76799000 rw-p 0001c000 fd:00 44176175                   /lib/x86_64-linux-gnu/libz.so.1.2.11
7f2f76799000-7f2f76980000 r-xp 00000000 fd:00 44176003                   /lib/x86_64-linux-gnu/libc-2.27.so
7f2f76980000-7f2f76b80000 ---p 001e7000 fd:00 44176003                   /lib/x86_64-linux-gnu/libc-2.27.so
7f2f76b80000-7f2f76b84000 r--p 001e7000 fd:00 44176003                   /lib/x86_64-linux-gnu/libc-2.27.so
7f2f76b84000-7f2f76b86000 rw-p 001eb000 fd:00 44176003                   /lib/x86_64-linux-gnu/libc-2.27.so
7f2f76b86000-7f2f76b8a000 rw-p 00000000 00:00 0 
7f2f76b8a000-7f2f76b99000 r-xp 00000000 fd:00 20186020                   /usr/lib/jvm/java-11-openjdk-amd64/lib/jli/libjli.so
7f2f76b99000-7f2f76d98000 ---p 0000f000 fd:00 20186020                   /usr/lib/jvm/java-11-openjdk-amd64/lib/jli/libjli.so
7f2f76d98000-7f2f76d99000 r--p 0000e000 fd:00 20186020                   /usr/lib/jvm/java-11-openjdk-amd64/lib/jli/libjli.so
7f2f76d99000-7f2f76d9a000 rw-p 0000f000 fd:00 20186020                   /usr/lib/jvm/java-11-openjdk-amd64/lib/jli/libjli.so
7f2f76d9a000-7f2f76dc1000 r-xp 00000000 fd:00 44175975                   /lib/x86_64-linux-gnu/ld-2.27.so
7f2f76e3d000-7f2f76ea4000 rw-p 00000000 00:00 0 
7f2f76ea4000-7f2f76ea8000 ---p 00000000 00:00 0 
7f2f76ea8000-7f2f76fa7000 rw-p 00000000 00:00 0 
7f2f76fa8000-7f2f76fae000 rw-p 00000000 00:00 0 
7f2f76fae000-7f2f76fb5000 ---p 00000000 00:00 0 
7f2f76fb5000-7f2f76fbd000 rw-s 00000000 fd:00 16121869                   /tmp/hsperfdata_minecraft/7995
7f2f76fbd000-7f2f76fbe000 ---p 00000000 00:00 0 
7f2f76fbe000-7f2f76fbf000 r--p 00000000 00:00 0 
7f2f76fbf000-7f2f76fc1000 rw-p 00000000 00:00 0 
7f2f76fc1000-7f2f76fc2000 r--p 00027000 fd:00 44175975                   /lib/x86_64-linux-gnu/ld-2.27.so
7f2f76fc2000-7f2f76fc3000 rw-p 00028000 fd:00 44175975                   /lib/x86_64-linux-gnu/ld-2.27.so
7f2f76fc3000-7f2f76fc4000 rw-p 00000000 00:00 0 
7fffa6cb9000-7fffa6cda000 rw-p 00000000 00:00 0                          [stack]
7fffa6d51000-7fffa6d54000 r--p 00000000 00:00 0                          [vvar]
7fffa6d54000-7fffa6d56000 r-xp 00000000 00:00 0                          [vdso]
ffffffffff600000-ffffffffff601000 r-xp 00000000 00:00 0                  [vsyscall]


VM Arguments:
jvm_args: -Xms3g -Xmx3g 
java_command: server.jar nogui
java_class_path (initial): server.jar
Launcher Type: SUN_STANDARD

Logging:
Log output configuration:
#0: stdout all=warning uptime,level,tags
#1: stderr all=off uptime,level,tags

Environment Variables:
PATH=/usr/local/sbin:/usr/local/bin:/usr/sbin:/usr/bin:/sbin:/bin
SHELL=/bin/sh

Signal Handlers:
SIGSEGV: [libjvm.so+0xd28b70], sa_mask[0]=11111111011111111101111111111110, sa_flags=SA_RESTART|SA_SIGINFO
SIGBUS: [libjvm.so+0xd28b70], sa_mask[0]=11111111011111111101111111111110, sa_flags=SA_RESTART|SA_SIGINFO
SIGFPE: [libjvm.so+0xd28b70], sa_mask[0]=11111111011111111101111111111110, sa_flags=SA_RESTART|SA_SIGINFO
SIGPIPE: [libjvm.so+0xb2a1f0], sa_mask[0]=11111111011111111101111111111110, sa_flags=SA_RESTART|SA_SIGINFO
SIGXFSZ: [libjvm.so+0xb2a1f0], sa_mask[0]=11111111011111111101111111111110, sa_flags=SA_RESTART|SA_SIGINFO
SIGILL: [libjvm.so+0xd28b70], sa_mask[0]=11111111011111111101111111111110, sa_flags=SA_RESTART|SA_SIGINFO
SIGUSR2: [libjvm.so+0xb2a030], sa_mask[0]=00000000000000000000000000000000, sa_flags=SA_RESTART|SA_SIGINFO
SIGHUP: SIG_DFL, sa_mask[0]=00000000000000000000000000000000, sa_flags=none
SIGINT: SIG_DFL, sa_mask[0]=00000000000000000000000000000000, sa_flags=none
SIGTERM: SIG_DFL, sa_mask[0]=00000000000000000000000000000000, sa_flags=none
SIGQUIT: SIG_DFL, sa_mask[0]=00000000000000000000000000000000, sa_flags=none


---------------  S Y S T E M  ---------------

OS:DISTRIB_ID=Ubuntu
DISTRIB_RELEASE=18.04
DISTRIB_CODENAME=bionic
DISTRIB_DESCRIPTION="Ubuntu 18.04.2 LTS"
uname:Linux 4.15.0-46-generic #49-Ubuntu SMP Wed Feb 6 09:33:07 UTC 2019 x86_64
libc:glibc 2.27 NPTL 2.27 
rlimit: STACK 8192k, CORE 0k, NPROC 15099, NOFILE 4096, AS infinity, DATA infinity, FSIZE infinity
load average:1.41 1.42 1.39

/proc/meminfo:
MemTotal:        3943748 kB
MemFree:          136720 kB
MemAvailable:    1550464 kB
Buffers:           41304 kB
Cached:          1572368 kB
SwapCached:         5492 kB
Active:          2535232 kB
Inactive:        1079696 kB
Active(anon):    1698084 kB
Inactive(anon):   333392 kB
Active(file):     837148 kB
Inactive(file):   746304 kB
Unevictable:           0 kB
Mlocked:               0 kB
SwapTotal:        999420 kB
SwapFree:         582064 kB
Dirty:              3708 kB
Writeback:             0 kB
AnonPages:       1999336 kB
Mapped:            98936 kB
Shmem:             30068 kB
Slab:             107112 kB
SReclaimable:      66120 kB
SUnreclaim:        40992 kB
KernelStack:        5992 kB
PageTables:        22748 kB
NFS_Unstable:          0 kB
Bounce:                0 kB
WritebackTmp:          0 kB
CommitLimit:     2971292 kB
Committed_AS:    3100828 kB
VmallocTotal:   34359738367 kB
VmallocUsed:           0 kB
VmallocChunk:          0 kB
HardwareCorrupted:     0 kB
AnonHugePages:         0 kB
ShmemHugePages:        0 kB
ShmemPmdMapped:        0 kB
CmaTotal:              0 kB
CmaFree:               0 kB
HugePages_Total:       0
HugePages_Free:        0
HugePages_Rsvd:        0
HugePages_Surp:        0
Hugepagesize:       2048 kB
DirectMap4k:      158320 kB
DirectMap2M:     3940352 kB
DirectMap1G:           0 kB

container (cgroup) information:
container_type: cgroupv1
cpu_cpuset_cpus: 0-3
cpu_memory_nodes: 0
active_processor_count: 4
cpu_quota: -1
cpu_period: 100000
cpu_shares: -1
memory_limit_in_bytes: -1
memory_and_swap_limit_in_bytes: -2
memory_soft_limit_in_bytes: -1
memory_usage_in_bytes: 3700469760
memory_max_usage_in_bytes: 2048000


CPU:total 4 (initial active 4) (2 cores per cpu, 2 threads per core) family 6 model 69 stepping 1, cmov, cx8, fxsr, mmx, sse, sse2, sse3, ssse3, sse4.1, sse4.2, popcnt, avx, avx2, aes, clmul, erms, lzcnt, ht, tsc, tscinvbit, bmi1, bmi2, fma
CPU Model and flags from /proc/cpuinfo:
model name	: Intel(R) Core(TM) i7-4500U CPU @ 1.80GHz
flags		: fpu vme de pse tsc msr pae mce cx8 apic sep mtrr pge mca cmov pat pse36 clflush dts acpi mmx fxsr sse sse2 ss ht tm pbe syscall nx pdpe1gb rdtscp lm constant_tsc arch_perfmon pebs bts rep_good nopl xtopology nonstop_tsc cpuid aperfmperf pni pclmulqdq dtes64 monitor ds_cpl vmx est tm2 ssse3 sdbg fma cx16 xtpr pdcm pcid sse4_1 sse4_2 movbe popcnt tsc_deadline_timer aes xsave avx f16c rdrand lahf_lm abm cpuid_fault epb invpcid_single pti ssbd ibrs ibpb stibp tpr_shadow vnmi flexpriority ept vpid fsgsbase tsc_adjust bmi1 avx2 smep bmi2 erms invpcid xsaveopt dtherm ida arat pln pts flush_l1d

Memory: 4k page, physical 3943748k(136720k free), swap 999420k(582064k free)

vm_info: OpenJDK 64-Bit Server VM (10.0.2+13-Ubuntu-1ubuntu0.18.04.4) for linux-amd64 JRE (10.0.2+13-Ubuntu-1ubuntu0.18.04.4), built on Nov 13 2018 12:53:39 by "buildd" with gcc 7.3.0

END.
