#
# There is insufficient memory for the Java Runtime Environment to continue.
# Native memory allocation (mmap) failed to map 3221225472 bytes for committing reserved memory.
# Possible reasons:
#   The system is out of physical RAM or swap space
#   The process is running with CompressedOops enabled, and the Java Heap may be blocking the growth of the native heap
# Possible solutions:
#   Reduce memory load on the system
#   Increase physical memory or swap space
#   Check if swap backing store is full
#   Decrease Java heap size (-Xmx/-Xms)
#   Decrease number of Java threads
#   Decrease Java thread stack sizes (-Xss)
#   Set larger code cache with -XX:ReservedCodeCacheSize=
# This output file may be truncated or incomplete.
#
#  Out of Memory Error (os_linux.cpp:2706), pid=8894, tid=8895
#
# JRE version:  (10.0.2+13) (build )
# Java VM: OpenJDK 64-Bit Server VM (10.0.2+13-Ubuntu-1ubuntu0.18.04.4, mixed mode, aot, tiered, compressed oops, g1 gc, linux-amd64)
# Core dump will be written. Default location: Core dumps may be processed with "/usr/share/apport/apport %p %s %c %d %P" (or dumping to /opt/forno/minecraft/core.8894)
#

---------------  S U M M A R Y ------------

Command Line: -Xms3g -Xmx3g server.jar nogui

Host: Intel(R) Core(TM) i7-4500U CPU @ 1.80GHz, 4 cores, 3G, Ubuntu 18.04.2 LTS
Time: Thu Mar 21 10:59:03 2019 JST elapsed time: 0 seconds (0d 0h 0m 0s)

---------------  T H R E A D  ---------------

Current thread (0x00007fe7c4011000):  JavaThread "Unknown thread" [_thread_in_vm, id=8895, stack(0x00007fe7ccde2000,0x00007fe7ccee3000)]

Stack: [0x00007fe7ccde2000,0x00007fe7ccee3000],  sp=0x00007fe7ccee12e0,  free space=1020k
Native frames: (J=compiled Java code, A=aot compiled Java code, j=interpreted, Vv=VM code, C=native code)
V  [libjvm.so+0xd27ea4]
V  [libjvm.so+0xd28a4b]
V  [libjvm.so+0x64d415]
V  [libjvm.so+0xb2d7c8]
V  [libjvm.so+0xb2601d]
V  [libjvm.so+0x7662ff]
V  [libjvm.so+0x76653e]
V  [libjvm.so+0x769500]
V  [libjvm.so+0x7efa1c]
V  [libjvm.so+0x7f06df]
V  [libjvm.so+0x7f0b59]
V  [libjvm.so+0x7162cf]
V  [libjvm.so+0x71afd3]
V  [libjvm.so+0xce5dc2]
V  [libjvm.so+0xce60c6]
V  [libjvm.so+0x807d57]
V  [libjvm.so+0xcc7ac4]
V  [libjvm.so+0x8601b1]  JNI_CreateJavaVM+0x51
C  [libjli.so+0x3d83]
C  [libjli.so+0x89dd]
C  [libpthread.so.0+0x76db]  start_thread+0xdb


---------------  P R O C E S S  ---------------

Threads class SMR info:
_java_thread_list=0x000055cd8616e6b0, length=0, elements={
}

Java Threads: ( => current thread )

Other Threads:
  0x00007fe7c4028000 GCTaskThread "GC Thread#0" [stack: 0x00007fe7c8f0b000,0x00007fe7c900b000] [id=8897]
  0x00007fe7c4029000 GCTaskThread "GC Thread#1" [stack: 0x00007fe7c8e09000,0x00007fe7c8f09000] [id=8898]
  0x00007fe7c402b000 GCTaskThread "GC Thread#2" [stack: 0x00007fe7c8d07000,0x00007fe7c8e07000] [id=8899]
  0x00007fe7c402c800 GCTaskThread "GC Thread#3" [stack: 0x00007fe7c8c05000,0x00007fe7c8d05000] [id=8900]
  0x00007fe7c406a000 ConcurrentGCThread "G1 Main Marker" [stack: 0x00007fe7c803f000,0x00007fe7c813f000] [id=8901]
  0x00007fe7c406c000 ConcurrentGCThread "G1 Conc#0" [stack: 0x00007fe7aae25000,0x00007fe7aaf25000] [id=8902]

[error occurred during error reporting (printing all threads), id 0xe0000002]

VM state:not at safepoint (not fully initialized)

VM Mutex/Monitor currently owned by a thread:  ([mutex/lock_event])
[0x00007fe7c400df30] Heap_lock - owner thread: 0x00007fe7c4011000

Heap address: 0x0000000700000000, size: 3072 MB, Compressed Oops mode: Non-zero based: 0x0000000700000000
Narrow klass base: 0x0000000000000000, Narrow klass shift: 0

GC Heap History (0 events):
No events

Deoptimization events (0 events):
No events

Classes redefined (0 events):
No events

Internal exceptions (0 events):
No events

Events (0 events):
No events


Dynamic libraries:
55cd858fe000-55cd858ff000 r-xp 00000000 fd:00 20185882                   /usr/lib/jvm/java-11-openjdk-amd64/bin/java
55cd85aff000-55cd85b00000 r--p 00001000 fd:00 20185882                   /usr/lib/jvm/java-11-openjdk-amd64/bin/java
55cd85b00000-55cd85b01000 rw-p 00002000 fd:00 20185882                   /usr/lib/jvm/java-11-openjdk-amd64/bin/java
55cd86157000-55cd86178000 rw-p 00000000 00:00 0                          [heap]
7fe784000000-7fe784021000 rw-p 00000000 00:00 0 
7fe784021000-7fe788000000 ---p 00000000 00:00 0 
7fe78c000000-7fe78c021000 rw-p 00000000 00:00 0 
7fe78c021000-7fe790000000 ---p 00000000 00:00 0 
7fe791000000-7fe794000000 ---p 00000000 00:00 0 
7fe794000000-7fe794021000 rw-p 00000000 00:00 0 
7fe794021000-7fe798000000 ---p 00000000 00:00 0 
7fe799000000-7fe79c000000 ---p 00000000 00:00 0 
7fe79c000000-7fe79c021000 rw-p 00000000 00:00 0 
7fe79c021000-7fe7a0000000 ---p 00000000 00:00 0 
7fe7a0000000-7fe7a0021000 rw-p 00000000 00:00 0 
7fe7a0021000-7fe7a4000000 ---p 00000000 00:00 0 
7fe7a4000000-7fe7a4021000 rw-p 00000000 00:00 0 
7fe7a4021000-7fe7a8000000 ---p 00000000 00:00 0 
7fe7a8a1f000-7fe7aae23000 rw-p 00000000 00:00 0 
7fe7aae23000-7fe7aae24000 ---p 00000000 00:00 0 
7fe7aae24000-7fe7aaf25000 rw-p 00000000 00:00 0 
7fe7aaf25000-7fe7abb25000 ---p 00000000 00:00 0 
7fe7abb25000-7fe7abd95000 rwxp 00000000 00:00 0 
7fe7abd95000-7fe7ac0b5000 ---p 00000000 00:00 0 
7fe7ac0b5000-7fe7ac325000 rwxp 00000000 00:00 0 
7fe7ac325000-7fe7b35ed000 ---p 00000000 00:00 0 
7fe7b35ed000-7fe7b385d000 rwxp 00000000 00:00 0 
7fe7b385d000-7fe7bab25000 ---p 00000000 00:00 0 
7fe7bab25000-7fe7c4000000 r--s 00000000 fd:00 20186057                   /usr/lib/jvm/java-11-openjdk-amd64/lib/modules
7fe7c4000000-7fe7c4083000 rw-p 00000000 00:00 0 
7fe7c4083000-7fe7c8000000 ---p 00000000 00:00 0 
7fe7c803d000-7fe7c803e000 ---p 00000000 00:00 0 
7fe7c803e000-7fe7c81ff000 rw-p 00000000 00:00 0 
7fe7c81ff000-7fe7c87ff000 ---p 00000000 00:00 0 
7fe7c87ff000-7fe7c8c03000 rw-p 00000000 00:00 0 
7fe7c8c03000-7fe7c8c04000 ---p 00000000 00:00 0 
7fe7c8c04000-7fe7c8d05000 rw-p 00000000 00:00 0 
7fe7c8d05000-7fe7c8d06000 ---p 00000000 00:00 0 
7fe7c8d06000-7fe7c8e07000 rw-p 00000000 00:00 0 
7fe7c8e07000-7fe7c8e08000 ---p 00000000 00:00 0 
7fe7c8e08000-7fe7c8f09000 rw-p 00000000 00:00 0 
7fe7c8f09000-7fe7c8f0a000 ---p 00000000 00:00 0 
7fe7c8f0a000-7fe7c9010000 rw-p 00000000 00:00 0 
7fe7c9010000-7fe7c90f6000 ---p 00000000 00:00 0 
7fe7c90f6000-7fe7c90fb000 rw-p 00000000 00:00 0 
7fe7c90fb000-7fe7c91e1000 ---p 00000000 00:00 0 
7fe7c91e1000-7fe7c91e6000 r-xp 00000000 fd:00 20186039                   /usr/lib/jvm/java-11-openjdk-amd64/lib/libjimage.so
7fe7c91e6000-7fe7c93e5000 ---p 00005000 fd:00 20186039                   /usr/lib/jvm/java-11-openjdk-amd64/lib/libjimage.so
7fe7c93e5000-7fe7c93e6000 r--p 00004000 fd:00 20186039                   /usr/lib/jvm/java-11-openjdk-amd64/lib/libjimage.so
7fe7c93e6000-7fe7c93e7000 rw-p 00005000 fd:00 20186039                   /usr/lib/jvm/java-11-openjdk-amd64/lib/libjimage.so
7fe7c93e7000-7fe7c93ee000 r-xp 00000000 fd:00 20186056                   /usr/lib/jvm/java-11-openjdk-amd64/lib/libzip.so
7fe7c93ee000-7fe7c95ed000 ---p 00007000 fd:00 20186056                   /usr/lib/jvm/java-11-openjdk-amd64/lib/libzip.so
7fe7c95ed000-7fe7c95ee000 r--p 00006000 fd:00 20186056                   /usr/lib/jvm/java-11-openjdk-amd64/lib/libzip.so
7fe7c95ee000-7fe7c95ef000 rw-p 00007000 fd:00 20186056                   /usr/lib/jvm/java-11-openjdk-amd64/lib/libzip.so
7fe7c95ef000-7fe7c95fa000 r-xp 00000000 fd:00 44176093                   /lib/x86_64-linux-gnu/libnss_files-2.27.so
7fe7c95fa000-7fe7c97f9000 ---p 0000b000 fd:00 44176093                   /lib/x86_64-linux-gnu/libnss_files-2.27.so
7fe7c97f9000-7fe7c97fa000 r--p 0000a000 fd:00 44176093                   /lib/x86_64-linux-gnu/libnss_files-2.27.so
7fe7c97fa000-7fe7c97fb000 rw-p 0000b000 fd:00 44176093                   /lib/x86_64-linux-gnu/libnss_files-2.27.so
7fe7c97fb000-7fe7c9801000 rw-p 00000000 00:00 0 
7fe7c9801000-7fe7c9818000 r-xp 00000000 fd:00 44176087                   /lib/x86_64-linux-gnu/libnsl-2.27.so
7fe7c9818000-7fe7c9a17000 ---p 00017000 fd:00 44176087                   /lib/x86_64-linux-gnu/libnsl-2.27.so
7fe7c9a17000-7fe7c9a18000 r--p 00016000 fd:00 44176087                   /lib/x86_64-linux-gnu/libnsl-2.27.so
7fe7c9a18000-7fe7c9a19000 rw-p 00017000 fd:00 44176087                   /lib/x86_64-linux-gnu/libnsl-2.27.so
7fe7c9a19000-7fe7c9a1b000 rw-p 00000000 00:00 0 
7fe7c9a1b000-7fe7c9a26000 r-xp 00000000 fd:00 44176104                   /lib/x86_64-linux-gnu/libnss_nis-2.27.so
7fe7c9a26000-7fe7c9c25000 ---p 0000b000 fd:00 44176104                   /lib/x86_64-linux-gnu/libnss_nis-2.27.so
7fe7c9c25000-7fe7c9c26000 r--p 0000a000 fd:00 44176104                   /lib/x86_64-linux-gnu/libnss_nis-2.27.so
7fe7c9c26000-7fe7c9c27000 rw-p 0000b000 fd:00 44176104                   /lib/x86_64-linux-gnu/libnss_nis-2.27.so
7fe7c9c27000-7fe7c9c2f000 r-xp 00000000 fd:00 44176089                   /lib/x86_64-linux-gnu/libnss_compat-2.27.so
7fe7c9c2f000-7fe7c9e2f000 ---p 00008000 fd:00 44176089                   /lib/x86_64-linux-gnu/libnss_compat-2.27.so
7fe7c9e2f000-7fe7c9e30000 r--p 00008000 fd:00 44176089                   /lib/x86_64-linux-gnu/libnss_compat-2.27.so
7fe7c9e30000-7fe7c9e31000 rw-p 00009000 fd:00 44176089                   /lib/x86_64-linux-gnu/libnss_compat-2.27.so
7fe7c9e31000-7fe7c9e5d000 r-xp 00000000 fd:00 20186035                   /usr/lib/jvm/java-11-openjdk-amd64/lib/libjava.so
7fe7c9e5d000-7fe7ca05c000 ---p 0002c000 fd:00 20186035                   /usr/lib/jvm/java-11-openjdk-amd64/lib/libjava.so
7fe7ca05c000-7fe7ca05d000 r--p 0002b000 fd:00 20186035                   /usr/lib/jvm/java-11-openjdk-amd64/lib/libjava.so
7fe7ca05d000-7fe7ca05f000 rw-p 0002c000 fd:00 20186035                   /usr/lib/jvm/java-11-openjdk-amd64/lib/libjava.so
7fe7ca05f000-7fe7ca06c000 r-xp 00000000 fd:00 20186055                   /usr/lib/jvm/java-11-openjdk-amd64/lib/libverify.so
7fe7ca06c000-7fe7ca26b000 ---p 0000d000 fd:00 20186055                   /usr/lib/jvm/java-11-openjdk-amd64/lib/libverify.so
7fe7ca26b000-7fe7ca26d000 r--p 0000c000 fd:00 20186055                   /usr/lib/jvm/java-11-openjdk-amd64/lib/libverify.so
7fe7ca26d000-7fe7ca26e000 rw-p 0000e000 fd:00 20186055                   /usr/lib/jvm/java-11-openjdk-amd64/lib/libverify.so
7fe7ca26e000-7fe7ca275000 r-xp 00000000 fd:00 44176144                   /lib/x86_64-linux-gnu/librt-2.27.so
7fe7ca275000-7fe7ca474000 ---p 00007000 fd:00 44176144                   /lib/x86_64-linux-gnu/librt-2.27.so
7fe7ca474000-7fe7ca475000 r--p 00006000 fd:00 44176144                   /lib/x86_64-linux-gnu/librt-2.27.so
7fe7ca475000-7fe7ca476000 rw-p 00007000 fd:00 44176144                   /lib/x86_64-linux-gnu/librt-2.27.so
7fe7ca476000-7fe7ca48d000 r-xp 00000000 fd:00 44175907                   /lib/x86_64-linux-gnu/libgcc_s.so.1
7fe7ca48d000-7fe7ca68c000 ---p 00017000 fd:00 44175907                   /lib/x86_64-linux-gnu/libgcc_s.so.1
7fe7ca68c000-7fe7ca68d000 r--p 00016000 fd:00 44175907                   /lib/x86_64-linux-gnu/libgcc_s.so.1
7fe7ca68d000-7fe7ca68e000 rw-p 00017000 fd:00 44175907                   /lib/x86_64-linux-gnu/libgcc_s.so.1
7fe7ca68e000-7fe7ca82b000 r-xp 00000000 fd:00 44176066                   /lib/x86_64-linux-gnu/libm-2.27.so
7fe7ca82b000-7fe7caa2a000 ---p 0019d000 fd:00 44176066                   /lib/x86_64-linux-gnu/libm-2.27.so
7fe7caa2a000-7fe7caa2b000 r--p 0019c000 fd:00 44176066                   /lib/x86_64-linux-gnu/libm-2.27.so
7fe7caa2b000-7fe7caa2c000 rw-p 0019d000 fd:00 44176066                   /lib/x86_64-linux-gnu/libm-2.27.so
7fe7caa2c000-7fe7caba5000 r-xp 00000000 fd:00 18090134                   /usr/lib/x86_64-linux-gnu/libstdc++.so.6.0.25
7fe7caba5000-7fe7cada5000 ---p 00179000 fd:00 18090134                   /usr/lib/x86_64-linux-gnu/libstdc++.so.6.0.25
7fe7cada5000-7fe7cadaf000 r--p 00179000 fd:00 18090134                   /usr/lib/x86_64-linux-gnu/libstdc++.so.6.0.25
7fe7cadaf000-7fe7cadb1000 rw-p 00183000 fd:00 18090134                   /usr/lib/x86_64-linux-gnu/libstdc++.so.6.0.25
7fe7cadb1000-7fe7cadb5000 rw-p 00000000 00:00 0 
7fe7cadb5000-7fe7cbd52000 r-xp 00000000 fd:00 20186062                   /usr/lib/jvm/java-11-openjdk-amd64/lib/server/libjvm.so
7fe7cbd52000-7fe7cbf52000 ---p 00f9d000 fd:00 20186062                   /usr/lib/jvm/java-11-openjdk-amd64/lib/server/libjvm.so
7fe7cbf52000-7fe7cc016000 r--p 00f9d000 fd:00 20186062                   /usr/lib/jvm/java-11-openjdk-amd64/lib/server/libjvm.so
7fe7cc016000-7fe7cc04e000 rw-p 01061000 fd:00 20186062                   /usr/lib/jvm/java-11-openjdk-amd64/lib/server/libjvm.so
7fe7cc04e000-7fe7cc097000 rw-p 00000000 00:00 0 
7fe7cc097000-7fe7cc0b1000 r-xp 00000000 fd:00 44176136                   /lib/x86_64-linux-gnu/libpthread-2.27.so
7fe7cc0b1000-7fe7cc2b0000 ---p 0001a000 fd:00 44176136                   /lib/x86_64-linux-gnu/libpthread-2.27.so
7fe7cc2b0000-7fe7cc2b1000 r--p 00019000 fd:00 44176136                   /lib/x86_64-linux-gnu/libpthread-2.27.so
7fe7cc2b1000-7fe7cc2b2000 rw-p 0001a000 fd:00 44176136                   /lib/x86_64-linux-gnu/libpthread-2.27.so
7fe7cc2b2000-7fe7cc2b6000 rw-p 00000000 00:00 0 
7fe7cc2b6000-7fe7cc2b9000 r-xp 00000000 fd:00 44176026                   /lib/x86_64-linux-gnu/libdl-2.27.so
7fe7cc2b9000-7fe7cc4b8000 ---p 00003000 fd:00 44176026                   /lib/x86_64-linux-gnu/libdl-2.27.so
7fe7cc4b8000-7fe7cc4b9000 r--p 00002000 fd:00 44176026                   /lib/x86_64-linux-gnu/libdl-2.27.so
7fe7cc4b9000-7fe7cc4ba000 rw-p 00003000 fd:00 44176026                   /lib/x86_64-linux-gnu/libdl-2.27.so
7fe7cc4ba000-7fe7cc4d6000 r-xp 00000000 fd:00 44176175                   /lib/x86_64-linux-gnu/libz.so.1.2.11
7fe7cc4d6000-7fe7cc6d5000 ---p 0001c000 fd:00 44176175                   /lib/x86_64-linux-gnu/libz.so.1.2.11
7fe7cc6d5000-7fe7cc6d6000 r--p 0001b000 fd:00 44176175                   /lib/x86_64-linux-gnu/libz.so.1.2.11
7fe7cc6d6000-7fe7cc6d7000 rw-p 0001c000 fd:00 44176175                   /lib/x86_64-linux-gnu/libz.so.1.2.11
7fe7cc6d7000-7fe7cc8be000 r-xp 00000000 fd:00 44176003                   /lib/x86_64-linux-gnu/libc-2.27.so
7fe7cc8be000-7fe7ccabe000 ---p 001e7000 fd:00 44176003                   /lib/x86_64-linux-gnu/libc-2.27.so
7fe7ccabe000-7fe7ccac2000 r--p 001e7000 fd:00 44176003                   /lib/x86_64-linux-gnu/libc-2.27.so
7fe7ccac2000-7fe7ccac4000 rw-p 001eb000 fd:00 44176003                   /lib/x86_64-linux-gnu/libc-2.27.so
7fe7ccac4000-7fe7ccac8000 rw-p 00000000 00:00 0 
7fe7ccac8000-7fe7ccad7000 r-xp 00000000 fd:00 20186020                   /usr/lib/jvm/java-11-openjdk-amd64/lib/jli/libjli.so
7fe7ccad7000-7fe7cccd6000 ---p 0000f000 fd:00 20186020                   /usr/lib/jvm/java-11-openjdk-amd64/lib/jli/libjli.so
7fe7cccd6000-7fe7cccd7000 r--p 0000e000 fd:00 20186020                   /usr/lib/jvm/java-11-openjdk-amd64/lib/jli/libjli.so
7fe7cccd7000-7fe7cccd8000 rw-p 0000f000 fd:00 20186020                   /usr/lib/jvm/java-11-openjdk-amd64/lib/jli/libjli.so
7fe7cccd8000-7fe7cccff000 r-xp 00000000 fd:00 44175975                   /lib/x86_64-linux-gnu/ld-2.27.so
7fe7ccd7b000-7fe7ccde2000 rw-p 00000000 00:00 0 
7fe7ccde2000-7fe7ccde6000 ---p 00000000 00:00 0 
7fe7ccde6000-7fe7ccee5000 rw-p 00000000 00:00 0 
7fe7ccee6000-7fe7cceec000 rw-p 00000000 00:00 0 
7fe7cceec000-7fe7ccef3000 ---p 00000000 00:00 0 
7fe7ccef3000-7fe7ccefb000 rw-s 00000000 fd:00 16121869                   /tmp/hsperfdata_minecraft/8894
7fe7ccefb000-7fe7ccefc000 ---p 00000000 00:00 0 
7fe7ccefc000-7fe7ccefd000 r--p 00000000 00:00 0 
7fe7ccefd000-7fe7cceff000 rw-p 00000000 00:00 0 
7fe7cceff000-7fe7ccf00000 r--p 00027000 fd:00 44175975                   /lib/x86_64-linux-gnu/ld-2.27.so
7fe7ccf00000-7fe7ccf01000 rw-p 00028000 fd:00 44175975                   /lib/x86_64-linux-gnu/ld-2.27.so
7fe7ccf01000-7fe7ccf02000 rw-p 00000000 00:00 0 
7ffc4d1df000-7ffc4d200000 rw-p 00000000 00:00 0                          [stack]
7ffc4d2a4000-7ffc4d2a7000 r--p 00000000 00:00 0                          [vvar]
7ffc4d2a7000-7ffc4d2a9000 r-xp 00000000 00:00 0                          [vdso]
ffffffffff600000-ffffffffff601000 r-xp 00000000 00:00 0                  [vsyscall]


VM Arguments:
jvm_args: -Xms3g -Xmx3g 
java_command: server.jar nogui
java_class_path (initial): server.jar
Launcher Type: SUN_STANDARD

Logging:
Log output configuration:
#0: stdout all=warning uptime,level,tags
#1: stderr all=off uptime,level,tags

Environment Variables:
PATH=/usr/local/sbin:/usr/local/bin:/usr/sbin:/usr/bin:/sbin:/bin
SHELL=/bin/sh

Signal Handlers:
SIGSEGV: [libjvm.so+0xd28b70], sa_mask[0]=11111111011111111101111111111110, sa_flags=SA_RESTART|SA_SIGINFO
SIGBUS: [libjvm.so+0xd28b70], sa_mask[0]=11111111011111111101111111111110, sa_flags=SA_RESTART|SA_SIGINFO
SIGFPE: [libjvm.so+0xd28b70], sa_mask[0]=11111111011111111101111111111110, sa_flags=SA_RESTART|SA_SIGINFO
SIGPIPE: [libjvm.so+0xb2a1f0], sa_mask[0]=11111111011111111101111111111110, sa_flags=SA_RESTART|SA_SIGINFO
SIGXFSZ: [libjvm.so+0xb2a1f0], sa_mask[0]=11111111011111111101111111111110, sa_flags=SA_RESTART|SA_SIGINFO
SIGILL: [libjvm.so+0xd28b70], sa_mask[0]=11111111011111111101111111111110, sa_flags=SA_RESTART|SA_SIGINFO
SIGUSR2: [libjvm.so+0xb2a030], sa_mask[0]=00000000000000000000000000000000, sa_flags=SA_RESTART|SA_SIGINFO
SIGHUP: SIG_DFL, sa_mask[0]=00000000000000000000000000000000, sa_flags=none
SIGINT: SIG_DFL, sa_mask[0]=00000000000000000000000000000000, sa_flags=none
SIGTERM: SIG_DFL, sa_mask[0]=00000000000000000000000000000000, sa_flags=none
SIGQUIT: SIG_DFL, sa_mask[0]=00000000000000000000000000000000, sa_flags=none


---------------  S Y S T E M  ---------------

OS:DISTRIB_ID=Ubuntu
DISTRIB_RELEASE=18.04
DISTRIB_CODENAME=bionic
DISTRIB_DESCRIPTION="Ubuntu 18.04.2 LTS"
uname:Linux 4.15.0-46-generic #49-Ubuntu SMP Wed Feb 6 09:33:07 UTC 2019 x86_64
libc:glibc 2.27 NPTL 2.27 
rlimit: STACK 8192k, CORE 0k, NPROC 15099, NOFILE 4096, AS infinity, DATA infinity, FSIZE infinity
load average:1.77 1.54 1.46

/proc/meminfo:
MemTotal:        3943748 kB
MemFree:          109748 kB
MemAvailable:     975048 kB
Buffers:           33224 kB
Cached:          1031216 kB
SwapCached:        11880 kB
Active:          2775532 kB
Inactive:         862064 kB
Active(anon):    2082784 kB
Inactive(anon):   520704 kB
Active(file):     692748 kB
Inactive(file):   341360 kB
Unevictable:           0 kB
Mlocked:               0 kB
SwapTotal:        999420 kB
SwapFree:         614064 kB
Dirty:             12348 kB
Writeback:             0 kB
AnonPages:       2569796 kB
Mapped:            54416 kB
Shmem:             30068 kB
Slab:             108796 kB
SReclaimable:      67920 kB
SUnreclaim:        40876 kB
KernelStack:        5944 kB
PageTables:        24356 kB
NFS_Unstable:          0 kB
Bounce:                0 kB
WritebackTmp:          0 kB
CommitLimit:     2971292 kB
Committed_AS:    3306552 kB
VmallocTotal:   34359738367 kB
VmallocUsed:           0 kB
VmallocChunk:          0 kB
HardwareCorrupted:     0 kB
AnonHugePages:         0 kB
ShmemHugePages:        0 kB
ShmemPmdMapped:        0 kB
CmaTotal:              0 kB
CmaFree:               0 kB
HugePages_Total:       0
HugePages_Free:        0
HugePages_Rsvd:        0
HugePages_Surp:        0
Hugepagesize:       2048 kB
DirectMap4k:      158320 kB
DirectMap2M:     3940352 kB
DirectMap1G:           0 kB

container (cgroup) information:
container_type: cgroupv1
cpu_cpuset_cpus: 0-3
cpu_memory_nodes: 0
active_processor_count: 4
cpu_quota: -1
cpu_period: 100000
cpu_shares: -1
memory_limit_in_bytes: -1
memory_and_swap_limit_in_bytes: -2
memory_soft_limit_in_bytes: -1
memory_usage_in_bytes: 3722588160
memory_max_usage_in_bytes: 2048000


CPU:total 4 (initial active 4) (2 cores per cpu, 2 threads per core) family 6 model 69 stepping 1, cmov, cx8, fxsr, mmx, sse, sse2, sse3, ssse3, sse4.1, sse4.2, popcnt, avx, avx2, aes, clmul, erms, lzcnt, ht, tsc, tscinvbit, bmi1, bmi2, fma
CPU Model and flags from /proc/cpuinfo:
model name	: Intel(R) Core(TM) i7-4500U CPU @ 1.80GHz
flags		: fpu vme de pse tsc msr pae mce cx8 apic sep mtrr pge mca cmov pat pse36 clflush dts acpi mmx fxsr sse sse2 ss ht tm pbe syscall nx pdpe1gb rdtscp lm constant_tsc arch_perfmon pebs bts rep_good nopl xtopology nonstop_tsc cpuid aperfmperf pni pclmulqdq dtes64 monitor ds_cpl vmx est tm2 ssse3 sdbg fma cx16 xtpr pdcm pcid sse4_1 sse4_2 movbe popcnt tsc_deadline_timer aes xsave avx f16c rdrand lahf_lm abm cpuid_fault epb invpcid_single pti ssbd ibrs ibpb stibp tpr_shadow vnmi flexpriority ept vpid fsgsbase tsc_adjust bmi1 avx2 smep bmi2 erms invpcid xsaveopt dtherm ida arat pln pts flush_l1d

Memory: 4k page, physical 3943748k(109748k free), swap 999420k(614064k free)

vm_info: OpenJDK 64-Bit Server VM (10.0.2+13-Ubuntu-1ubuntu0.18.04.4) for linux-amd64 JRE (10.0.2+13-Ubuntu-1ubuntu0.18.04.4), built on Nov 13 2018 12:53:39 by "buildd" with gcc 7.3.0

END.
