#
# There is insufficient memory for the Java Runtime Environment to continue.
# Native memory allocation (mmap) failed to map 3221225472 bytes for committing reserved memory.
# Possible reasons:
#   The system is out of physical RAM or swap space
#   The process is running with CompressedOops enabled, and the Java Heap may be blocking the growth of the native heap
# Possible solutions:
#   Reduce memory load on the system
#   Increase physical memory or swap space
#   Check if swap backing store is full
#   Decrease Java heap size (-Xmx/-Xms)
#   Decrease number of Java threads
#   Decrease Java thread stack sizes (-Xss)
#   Set larger code cache with -XX:ReservedCodeCacheSize=
# This output file may be truncated or incomplete.
#
#  Out of Memory Error (os_linux.cpp:2706), pid=31958, tid=31959
#
# JRE version:  (10.0.2+13) (build )
# Java VM: OpenJDK 64-Bit Server VM (10.0.2+13-Ubuntu-1ubuntu0.18.04.4, mixed mode, aot, tiered, compressed oops, g1 gc, linux-amd64)
# Core dump will be written. Default location: Core dumps may be processed with "/usr/share/apport/apport %p %s %c %d %P" (or dumping to /opt/forno/minecraft/core.31958)
#

---------------  S U M M A R Y ------------

Command Line: -Xms3g -Xmx3g server.jar nogui

Host: Intel(R) Core(TM) i7-4500U CPU @ 1.80GHz, 4 cores, 3G, Ubuntu 18.04.2 LTS
Time: Thu Mar 21 09:08:36 2019 JST elapsed time: 0 seconds (0d 0h 0m 0s)

---------------  T H R E A D  ---------------

Current thread (0x00007f9d60011000):  JavaThread "Unknown thread" [_thread_in_vm, id=31959, stack(0x00007f9d66cbc000,0x00007f9d66dbd000)]

Stack: [0x00007f9d66cbc000,0x00007f9d66dbd000],  sp=0x00007f9d66dbb2e0,  free space=1020k
Native frames: (J=compiled Java code, A=aot compiled Java code, j=interpreted, Vv=VM code, C=native code)
V  [libjvm.so+0xd27ea4]
V  [libjvm.so+0xd28a4b]
V  [libjvm.so+0x64d415]
V  [libjvm.so+0xb2d7c8]
V  [libjvm.so+0xb2601d]
V  [libjvm.so+0x7662ff]
V  [libjvm.so+0x76653e]
V  [libjvm.so+0x769500]
V  [libjvm.so+0x7efa1c]
V  [libjvm.so+0x7f06df]
V  [libjvm.so+0x7f0b59]
V  [libjvm.so+0x7162cf]
V  [libjvm.so+0x71afd3]
V  [libjvm.so+0xce5dc2]
V  [libjvm.so+0xce60c6]
V  [libjvm.so+0x807d57]
V  [libjvm.so+0xcc7ac4]
V  [libjvm.so+0x8601b1]  JNI_CreateJavaVM+0x51
C  [libjli.so+0x3d83]
C  [libjli.so+0x89dd]
C  [libpthread.so.0+0x76db]  start_thread+0xdb


---------------  P R O C E S S  ---------------

Threads class SMR info:
_java_thread_list=0x000055e5cfd526b0, length=0, elements={
}

Java Threads: ( => current thread )

Other Threads:
  0x00007f9d60028000 GCTaskThread "GC Thread#0" [stack: 0x00007f9d468ad000,0x00007f9d469ad000] [id=31960]
  0x00007f9d60029000 GCTaskThread "GC Thread#1" [stack: 0x00007f9d467ab000,0x00007f9d468ab000] [id=31961]
  0x00007f9d6002b000 GCTaskThread "GC Thread#2" [stack: 0x00007f9d466a9000,0x00007f9d467a9000] [id=31962]
  0x00007f9d6002c800 GCTaskThread "GC Thread#3" [stack: 0x00007f9d465a7000,0x00007f9d466a7000] [id=31963]
  0x00007f9d6006a000 ConcurrentGCThread "G1 Main Marker" [stack: 0x00007f9d44de1000,0x00007f9d44ee1000] [id=31964]
  0x00007f9d6006c000 ConcurrentGCThread "G1 Conc#0" [stack: 0x00007f9d44cdf000,0x00007f9d44ddf000] [id=31965]

[error occurred during error reporting (printing all threads), id 0xe0000002]

VM state:not at safepoint (not fully initialized)

VM Mutex/Monitor currently owned by a thread:  ([mutex/lock_event])
[0x00007f9d6000df30] Heap_lock - owner thread: 0x00007f9d60011000

Heap address: 0x0000000700000000, size: 3072 MB, Compressed Oops mode: Non-zero based: 0x0000000700000000
Narrow klass base: 0x0000000000000000, Narrow klass shift: 0

GC Heap History (0 events):
No events

Deoptimization events (0 events):
No events

Classes redefined (0 events):
No events

Internal exceptions (0 events):
No events

Events (0 events):
No events


Dynamic libraries:
55e5ceb51000-55e5ceb52000 r-xp 00000000 fd:00 20185882                   /usr/lib/jvm/java-11-openjdk-amd64/bin/java
55e5ced52000-55e5ced53000 r--p 00001000 fd:00 20185882                   /usr/lib/jvm/java-11-openjdk-amd64/bin/java
55e5ced53000-55e5ced54000 rw-p 00002000 fd:00 20185882                   /usr/lib/jvm/java-11-openjdk-amd64/bin/java
55e5cfd3b000-55e5cfd5c000 rw-p 00000000 00:00 0                          [heap]
7f9d20000000-7f9d20021000 rw-p 00000000 00:00 0 
7f9d20021000-7f9d24000000 ---p 00000000 00:00 0 
7f9d26000000-7f9d28000000 rw-p 00000000 00:00 0 
7f9d28000000-7f9d28021000 rw-p 00000000 00:00 0 
7f9d28021000-7f9d2c000000 ---p 00000000 00:00 0 
7f9d2d000000-7f9d30000000 ---p 00000000 00:00 0 
7f9d30000000-7f9d30021000 rw-p 00000000 00:00 0 
7f9d30021000-7f9d34000000 ---p 00000000 00:00 0 
7f9d35000000-7f9d38000000 ---p 00000000 00:00 0 
7f9d38000000-7f9d38021000 rw-p 00000000 00:00 0 
7f9d38021000-7f9d3c000000 ---p 00000000 00:00 0 
7f9d3c000000-7f9d3c021000 rw-p 00000000 00:00 0 
7f9d3c021000-7f9d40000000 ---p 00000000 00:00 0 
7f9d40000000-7f9d40021000 rw-p 00000000 00:00 0 
7f9d40021000-7f9d44000000 ---p 00000000 00:00 0 
7f9d448d9000-7f9d44cdd000 rw-p 00000000 00:00 0 
7f9d44cdd000-7f9d44cde000 ---p 00000000 00:00 0 
7f9d44cde000-7f9d44ddf000 rw-p 00000000 00:00 0 
7f9d44ddf000-7f9d44de0000 ---p 00000000 00:00 0 
7f9d44de0000-7f9d44fa1000 rw-p 00000000 00:00 0 
7f9d44fa1000-7f9d461a1000 ---p 00000000 00:00 0 
7f9d461a1000-7f9d465a5000 rw-p 00000000 00:00 0 
7f9d465a5000-7f9d465a6000 ---p 00000000 00:00 0 
7f9d465a6000-7f9d466a7000 rw-p 00000000 00:00 0 
7f9d466a7000-7f9d466a8000 ---p 00000000 00:00 0 
7f9d466a8000-7f9d467a9000 rw-p 00000000 00:00 0 
7f9d467a9000-7f9d467aa000 ---p 00000000 00:00 0 
7f9d467aa000-7f9d468ab000 rw-p 00000000 00:00 0 
7f9d468ab000-7f9d468ac000 ---p 00000000 00:00 0 
7f9d468ac000-7f9d469b2000 rw-p 00000000 00:00 0 
7f9d469b2000-7f9d46a98000 ---p 00000000 00:00 0 
7f9d46a98000-7f9d46d08000 rwxp 00000000 00:00 0 
7f9d46d08000-7f9d47028000 ---p 00000000 00:00 0 
7f9d47028000-7f9d47298000 rwxp 00000000 00:00 0 
7f9d47298000-7f9d4e560000 ---p 00000000 00:00 0 
7f9d4e560000-7f9d4e7d0000 rwxp 00000000 00:00 0 
7f9d4e7d0000-7f9d55a98000 ---p 00000000 00:00 0 
7f9d55a98000-7f9d5ef73000 r--s 00000000 fd:00 20186057                   /usr/lib/jvm/java-11-openjdk-amd64/lib/modules
7f9d5ef73000-7f9d5ef78000 r-xp 00000000 fd:00 20186039                   /usr/lib/jvm/java-11-openjdk-amd64/lib/libjimage.so
7f9d5ef78000-7f9d5f177000 ---p 00005000 fd:00 20186039                   /usr/lib/jvm/java-11-openjdk-amd64/lib/libjimage.so
7f9d5f177000-7f9d5f178000 r--p 00004000 fd:00 20186039                   /usr/lib/jvm/java-11-openjdk-amd64/lib/libjimage.so
7f9d5f178000-7f9d5f179000 rw-p 00005000 fd:00 20186039                   /usr/lib/jvm/java-11-openjdk-amd64/lib/libjimage.so
7f9d5f179000-7f9d5f180000 r-xp 00000000 fd:00 20186056                   /usr/lib/jvm/java-11-openjdk-amd64/lib/libzip.so
7f9d5f180000-7f9d5f37f000 ---p 00007000 fd:00 20186056                   /usr/lib/jvm/java-11-openjdk-amd64/lib/libzip.so
7f9d5f37f000-7f9d5f380000 r--p 00006000 fd:00 20186056                   /usr/lib/jvm/java-11-openjdk-amd64/lib/libzip.so
7f9d5f380000-7f9d5f381000 rw-p 00007000 fd:00 20186056                   /usr/lib/jvm/java-11-openjdk-amd64/lib/libzip.so
7f9d5f381000-7f9d5f38c000 r-xp 00000000 fd:00 44176093                   /lib/x86_64-linux-gnu/libnss_files-2.27.so
7f9d5f38c000-7f9d5f58b000 ---p 0000b000 fd:00 44176093                   /lib/x86_64-linux-gnu/libnss_files-2.27.so
7f9d5f58b000-7f9d5f58c000 r--p 0000a000 fd:00 44176093                   /lib/x86_64-linux-gnu/libnss_files-2.27.so
7f9d5f58c000-7f9d5f58d000 rw-p 0000b000 fd:00 44176093                   /lib/x86_64-linux-gnu/libnss_files-2.27.so
7f9d5f58d000-7f9d5f593000 rw-p 00000000 00:00 0 
7f9d5f593000-7f9d5f5aa000 r-xp 00000000 fd:00 44176087                   /lib/x86_64-linux-gnu/libnsl-2.27.so
7f9d5f5aa000-7f9d5f7a9000 ---p 00017000 fd:00 44176087                   /lib/x86_64-linux-gnu/libnsl-2.27.so
7f9d5f7a9000-7f9d5f7aa000 r--p 00016000 fd:00 44176087                   /lib/x86_64-linux-gnu/libnsl-2.27.so
7f9d5f7aa000-7f9d5f7ab000 rw-p 00017000 fd:00 44176087                   /lib/x86_64-linux-gnu/libnsl-2.27.so
7f9d5f7ab000-7f9d5f7ad000 rw-p 00000000 00:00 0 
7f9d5f7ad000-7f9d5f7b8000 r-xp 00000000 fd:00 44176104                   /lib/x86_64-linux-gnu/libnss_nis-2.27.so
7f9d5f7b8000-7f9d5f9b7000 ---p 0000b000 fd:00 44176104                   /lib/x86_64-linux-gnu/libnss_nis-2.27.so
7f9d5f9b7000-7f9d5f9b8000 r--p 0000a000 fd:00 44176104                   /lib/x86_64-linux-gnu/libnss_nis-2.27.so
7f9d5f9b8000-7f9d5f9b9000 rw-p 0000b000 fd:00 44176104                   /lib/x86_64-linux-gnu/libnss_nis-2.27.so
7f9d5f9b9000-7f9d5f9c1000 r-xp 00000000 fd:00 44176089                   /lib/x86_64-linux-gnu/libnss_compat-2.27.so
7f9d5f9c1000-7f9d5fbc1000 ---p 00008000 fd:00 44176089                   /lib/x86_64-linux-gnu/libnss_compat-2.27.so
7f9d5fbc1000-7f9d5fbc2000 r--p 00008000 fd:00 44176089                   /lib/x86_64-linux-gnu/libnss_compat-2.27.so
7f9d5fbc2000-7f9d5fbc3000 rw-p 00009000 fd:00 44176089                   /lib/x86_64-linux-gnu/libnss_compat-2.27.so
7f9d5fbc3000-7f9d5fbef000 r-xp 00000000 fd:00 20186035                   /usr/lib/jvm/java-11-openjdk-amd64/lib/libjava.so
7f9d5fbef000-7f9d5fdee000 ---p 0002c000 fd:00 20186035                   /usr/lib/jvm/java-11-openjdk-amd64/lib/libjava.so
7f9d5fdee000-7f9d5fdef000 r--p 0002b000 fd:00 20186035                   /usr/lib/jvm/java-11-openjdk-amd64/lib/libjava.so
7f9d5fdef000-7f9d5fdf1000 rw-p 0002c000 fd:00 20186035                   /usr/lib/jvm/java-11-openjdk-amd64/lib/libjava.so
7f9d5fdf1000-7f9d5fdfe000 r-xp 00000000 fd:00 20186055                   /usr/lib/jvm/java-11-openjdk-amd64/lib/libverify.so
7f9d5fdfe000-7f9d5fffd000 ---p 0000d000 fd:00 20186055                   /usr/lib/jvm/java-11-openjdk-amd64/lib/libverify.so
7f9d5fffd000-7f9d5ffff000 r--p 0000c000 fd:00 20186055                   /usr/lib/jvm/java-11-openjdk-amd64/lib/libverify.so
7f9d5ffff000-7f9d60000000 rw-p 0000e000 fd:00 20186055                   /usr/lib/jvm/java-11-openjdk-amd64/lib/libverify.so
7f9d60000000-7f9d60083000 rw-p 00000000 00:00 0 
7f9d60083000-7f9d64000000 ---p 00000000 00:00 0 
7f9d6405d000-7f9d64062000 rw-p 00000000 00:00 0 
7f9d64062000-7f9d64148000 ---p 00000000 00:00 0 
7f9d64148000-7f9d6414f000 r-xp 00000000 fd:00 44176144                   /lib/x86_64-linux-gnu/librt-2.27.so
7f9d6414f000-7f9d6434e000 ---p 00007000 fd:00 44176144                   /lib/x86_64-linux-gnu/librt-2.27.so
7f9d6434e000-7f9d6434f000 r--p 00006000 fd:00 44176144                   /lib/x86_64-linux-gnu/librt-2.27.so
7f9d6434f000-7f9d64350000 rw-p 00007000 fd:00 44176144                   /lib/x86_64-linux-gnu/librt-2.27.so
7f9d64350000-7f9d64367000 r-xp 00000000 fd:00 44175907                   /lib/x86_64-linux-gnu/libgcc_s.so.1
7f9d64367000-7f9d64566000 ---p 00017000 fd:00 44175907                   /lib/x86_64-linux-gnu/libgcc_s.so.1
7f9d64566000-7f9d64567000 r--p 00016000 fd:00 44175907                   /lib/x86_64-linux-gnu/libgcc_s.so.1
7f9d64567000-7f9d64568000 rw-p 00017000 fd:00 44175907                   /lib/x86_64-linux-gnu/libgcc_s.so.1
7f9d64568000-7f9d64705000 r-xp 00000000 fd:00 44176066                   /lib/x86_64-linux-gnu/libm-2.27.so
7f9d64705000-7f9d64904000 ---p 0019d000 fd:00 44176066                   /lib/x86_64-linux-gnu/libm-2.27.so
7f9d64904000-7f9d64905000 r--p 0019c000 fd:00 44176066                   /lib/x86_64-linux-gnu/libm-2.27.so
7f9d64905000-7f9d64906000 rw-p 0019d000 fd:00 44176066                   /lib/x86_64-linux-gnu/libm-2.27.so
7f9d64906000-7f9d64a7f000 r-xp 00000000 fd:00 18090134                   /usr/lib/x86_64-linux-gnu/libstdc++.so.6.0.25
7f9d64a7f000-7f9d64c7f000 ---p 00179000 fd:00 18090134                   /usr/lib/x86_64-linux-gnu/libstdc++.so.6.0.25
7f9d64c7f000-7f9d64c89000 r--p 00179000 fd:00 18090134                   /usr/lib/x86_64-linux-gnu/libstdc++.so.6.0.25
7f9d64c89000-7f9d64c8b000 rw-p 00183000 fd:00 18090134                   /usr/lib/x86_64-linux-gnu/libstdc++.so.6.0.25
7f9d64c8b000-7f9d64c8f000 rw-p 00000000 00:00 0 
7f9d64c8f000-7f9d65c2c000 r-xp 00000000 fd:00 20186062                   /usr/lib/jvm/java-11-openjdk-amd64/lib/server/libjvm.so
7f9d65c2c000-7f9d65e2c000 ---p 00f9d000 fd:00 20186062                   /usr/lib/jvm/java-11-openjdk-amd64/lib/server/libjvm.so
7f9d65e2c000-7f9d65ef0000 r--p 00f9d000 fd:00 20186062                   /usr/lib/jvm/java-11-openjdk-amd64/lib/server/libjvm.so
7f9d65ef0000-7f9d65f28000 rw-p 01061000 fd:00 20186062                   /usr/lib/jvm/java-11-openjdk-amd64/lib/server/libjvm.so
7f9d65f28000-7f9d65f71000 rw-p 00000000 00:00 0 
7f9d65f71000-7f9d65f8b000 r-xp 00000000 fd:00 44176136                   /lib/x86_64-linux-gnu/libpthread-2.27.so
7f9d65f8b000-7f9d6618a000 ---p 0001a000 fd:00 44176136                   /lib/x86_64-linux-gnu/libpthread-2.27.so
7f9d6618a000-7f9d6618b000 r--p 00019000 fd:00 44176136                   /lib/x86_64-linux-gnu/libpthread-2.27.so
7f9d6618b000-7f9d6618c000 rw-p 0001a000 fd:00 44176136                   /lib/x86_64-linux-gnu/libpthread-2.27.so
7f9d6618c000-7f9d66190000 rw-p 00000000 00:00 0 
7f9d66190000-7f9d66193000 r-xp 00000000 fd:00 44176026                   /lib/x86_64-linux-gnu/libdl-2.27.so
7f9d66193000-7f9d66392000 ---p 00003000 fd:00 44176026                   /lib/x86_64-linux-gnu/libdl-2.27.so
7f9d66392000-7f9d66393000 r--p 00002000 fd:00 44176026                   /lib/x86_64-linux-gnu/libdl-2.27.so
7f9d66393000-7f9d66394000 rw-p 00003000 fd:00 44176026                   /lib/x86_64-linux-gnu/libdl-2.27.so
7f9d66394000-7f9d663b0000 r-xp 00000000 fd:00 44176175                   /lib/x86_64-linux-gnu/libz.so.1.2.11
7f9d663b0000-7f9d665af000 ---p 0001c000 fd:00 44176175                   /lib/x86_64-linux-gnu/libz.so.1.2.11
7f9d665af000-7f9d665b0000 r--p 0001b000 fd:00 44176175                   /lib/x86_64-linux-gnu/libz.so.1.2.11
7f9d665b0000-7f9d665b1000 rw-p 0001c000 fd:00 44176175                   /lib/x86_64-linux-gnu/libz.so.1.2.11
7f9d665b1000-7f9d66798000 r-xp 00000000 fd:00 44176003                   /lib/x86_64-linux-gnu/libc-2.27.so
7f9d66798000-7f9d66998000 ---p 001e7000 fd:00 44176003                   /lib/x86_64-linux-gnu/libc-2.27.so
7f9d66998000-7f9d6699c000 r--p 001e7000 fd:00 44176003                   /lib/x86_64-linux-gnu/libc-2.27.so
7f9d6699c000-7f9d6699e000 rw-p 001eb000 fd:00 44176003                   /lib/x86_64-linux-gnu/libc-2.27.so
7f9d6699e000-7f9d669a2000 rw-p 00000000 00:00 0 
7f9d669a2000-7f9d669b1000 r-xp 00000000 fd:00 20186020                   /usr/lib/jvm/java-11-openjdk-amd64/lib/jli/libjli.so
7f9d669b1000-7f9d66bb0000 ---p 0000f000 fd:00 20186020                   /usr/lib/jvm/java-11-openjdk-amd64/lib/jli/libjli.so
7f9d66bb0000-7f9d66bb1000 r--p 0000e000 fd:00 20186020                   /usr/lib/jvm/java-11-openjdk-amd64/lib/jli/libjli.so
7f9d66bb1000-7f9d66bb2000 rw-p 0000f000 fd:00 20186020                   /usr/lib/jvm/java-11-openjdk-amd64/lib/jli/libjli.so
7f9d66bb2000-7f9d66bd9000 r-xp 00000000 fd:00 44175975                   /lib/x86_64-linux-gnu/ld-2.27.so
7f9d66c55000-7f9d66cbc000 rw-p 00000000 00:00 0 
7f9d66cbc000-7f9d66cc0000 ---p 00000000 00:00 0 
7f9d66cc0000-7f9d66dbf000 rw-p 00000000 00:00 0 
7f9d66dc0000-7f9d66dc6000 rw-p 00000000 00:00 0 
7f9d66dc6000-7f9d66dcd000 ---p 00000000 00:00 0 
7f9d66dcd000-7f9d66dd5000 rw-s 00000000 fd:00 16121869                   /tmp/hsperfdata_minecraft/31958
7f9d66dd5000-7f9d66dd6000 ---p 00000000 00:00 0 
7f9d66dd6000-7f9d66dd7000 r--p 00000000 00:00 0 
7f9d66dd7000-7f9d66dd9000 rw-p 00000000 00:00 0 
7f9d66dd9000-7f9d66dda000 r--p 00027000 fd:00 44175975                   /lib/x86_64-linux-gnu/ld-2.27.so
7f9d66dda000-7f9d66ddb000 rw-p 00028000 fd:00 44175975                   /lib/x86_64-linux-gnu/ld-2.27.so
7f9d66ddb000-7f9d66ddc000 rw-p 00000000 00:00 0 
7fff73693000-7fff736b4000 rw-p 00000000 00:00 0                          [stack]
7fff736e9000-7fff736ec000 r--p 00000000 00:00 0                          [vvar]
7fff736ec000-7fff736ee000 r-xp 00000000 00:00 0                          [vdso]
ffffffffff600000-ffffffffff601000 r-xp 00000000 00:00 0                  [vsyscall]


VM Arguments:
jvm_args: -Xms3g -Xmx3g 
java_command: server.jar nogui
java_class_path (initial): server.jar
Launcher Type: SUN_STANDARD

Logging:
Log output configuration:
#0: stdout all=warning uptime,level,tags
#1: stderr all=off uptime,level,tags

Environment Variables:
PATH=/usr/local/sbin:/usr/local/bin:/usr/sbin:/usr/bin:/sbin:/bin
SHELL=/bin/sh

Signal Handlers:
SIGSEGV: [libjvm.so+0xd28b70], sa_mask[0]=11111111011111111101111111111110, sa_flags=SA_RESTART|SA_SIGINFO
SIGBUS: [libjvm.so+0xd28b70], sa_mask[0]=11111111011111111101111111111110, sa_flags=SA_RESTART|SA_SIGINFO
SIGFPE: [libjvm.so+0xd28b70], sa_mask[0]=11111111011111111101111111111110, sa_flags=SA_RESTART|SA_SIGINFO
SIGPIPE: [libjvm.so+0xb2a1f0], sa_mask[0]=11111111011111111101111111111110, sa_flags=SA_RESTART|SA_SIGINFO
SIGXFSZ: [libjvm.so+0xb2a1f0], sa_mask[0]=11111111011111111101111111111110, sa_flags=SA_RESTART|SA_SIGINFO
SIGILL: [libjvm.so+0xd28b70], sa_mask[0]=11111111011111111101111111111110, sa_flags=SA_RESTART|SA_SIGINFO
SIGUSR2: [libjvm.so+0xb2a030], sa_mask[0]=00000000000000000000000000000000, sa_flags=SA_RESTART|SA_SIGINFO
SIGHUP: SIG_DFL, sa_mask[0]=00000000000000000000000000000000, sa_flags=none
SIGINT: SIG_DFL, sa_mask[0]=00000000000000000000000000000000, sa_flags=none
SIGTERM: SIG_DFL, sa_mask[0]=00000000000000000000000000000000, sa_flags=none
SIGQUIT: SIG_DFL, sa_mask[0]=00000000000000000000000000000000, sa_flags=none


---------------  S Y S T E M  ---------------

OS:DISTRIB_ID=Ubuntu
DISTRIB_RELEASE=18.04
DISTRIB_CODENAME=bionic
DISTRIB_DESCRIPTION="Ubuntu 18.04.2 LTS"
uname:Linux 4.15.0-46-generic #49-Ubuntu SMP Wed Feb 6 09:33:07 UTC 2019 x86_64
libc:glibc 2.27 NPTL 2.27 
rlimit: STACK 8192k, CORE 0k, NPROC 15099, NOFILE 4096, AS infinity, DATA infinity, FSIZE infinity
load average:1.43 1.34 1.36

/proc/meminfo:
MemTotal:        3943748 kB
MemFree:          125260 kB
MemAvailable:    1190872 kB
Buffers:           36144 kB
Cached:          1228956 kB
SwapCached:         8912 kB
Active:          2798644 kB
Inactive:         826884 kB
Active(anon):    1916380 kB
Inactive(anon):   474120 kB
Active(file):     882264 kB
Inactive(file):   352764 kB
Unevictable:           0 kB
Mlocked:               0 kB
SwapTotal:        999420 kB
SwapFree:         603312 kB
Dirty:              3064 kB
Writeback:             0 kB
AnonPages:       2357984 kB
Mapped:           173508 kB
Shmem:             30072 kB
Slab:             107536 kB
SReclaimable:      66700 kB
SUnreclaim:        40836 kB
KernelStack:        6032 kB
PageTables:        23792 kB
NFS_Unstable:          0 kB
Bounce:                0 kB
WritebackTmp:          0 kB
CommitLimit:     2971292 kB
Committed_AS:    3090468 kB
VmallocTotal:   34359738367 kB
VmallocUsed:           0 kB
VmallocChunk:          0 kB
HardwareCorrupted:     0 kB
AnonHugePages:         0 kB
ShmemHugePages:        0 kB
ShmemPmdMapped:        0 kB
CmaTotal:              0 kB
CmaFree:               0 kB
HugePages_Total:       0
HugePages_Free:        0
HugePages_Rsvd:        0
HugePages_Surp:        0
Hugepagesize:       2048 kB
DirectMap4k:      158320 kB
DirectMap2M:     3940352 kB
DirectMap1G:           0 kB

container (cgroup) information:
container_type: cgroupv1
cpu_cpuset_cpus: 0-3
cpu_memory_nodes: 0
active_processor_count: 4
cpu_quota: -1
cpu_period: 100000
cpu_shares: -1
memory_limit_in_bytes: -1
memory_and_swap_limit_in_bytes: -2
memory_soft_limit_in_bytes: -1
memory_usage_in_bytes: 3711049728
memory_max_usage_in_bytes: 2048000


CPU:total 4 (initial active 4) (2 cores per cpu, 2 threads per core) family 6 model 69 stepping 1, cmov, cx8, fxsr, mmx, sse, sse2, sse3, ssse3, sse4.1, sse4.2, popcnt, avx, avx2, aes, clmul, erms, lzcnt, ht, tsc, tscinvbit, bmi1, bmi2, fma
CPU Model and flags from /proc/cpuinfo:
model name	: Intel(R) Core(TM) i7-4500U CPU @ 1.80GHz
flags		: fpu vme de pse tsc msr pae mce cx8 apic sep mtrr pge mca cmov pat pse36 clflush dts acpi mmx fxsr sse sse2 ss ht tm pbe syscall nx pdpe1gb rdtscp lm constant_tsc arch_perfmon pebs bts rep_good nopl xtopology nonstop_tsc cpuid aperfmperf pni pclmulqdq dtes64 monitor ds_cpl vmx est tm2 ssse3 sdbg fma cx16 xtpr pdcm pcid sse4_1 sse4_2 movbe popcnt tsc_deadline_timer aes xsave avx f16c rdrand lahf_lm abm cpuid_fault epb invpcid_single pti ssbd ibrs ibpb stibp tpr_shadow vnmi flexpriority ept vpid fsgsbase tsc_adjust bmi1 avx2 smep bmi2 erms invpcid xsaveopt dtherm ida arat pln pts flush_l1d

Memory: 4k page, physical 3943748k(125260k free), swap 999420k(603312k free)

vm_info: OpenJDK 64-Bit Server VM (10.0.2+13-Ubuntu-1ubuntu0.18.04.4) for linux-amd64 JRE (10.0.2+13-Ubuntu-1ubuntu0.18.04.4), built on Nov 13 2018 12:53:39 by "buildd" with gcc 7.3.0

END.
