#
# There is insufficient memory for the Java Runtime Environment to continue.
# Native memory allocation (mmap) failed to map 3221225472 bytes for committing reserved memory.
# Possible reasons:
#   The system is out of physical RAM or swap space
#   The process is running with CompressedOops enabled, and the Java Heap may be blocking the growth of the native heap
# Possible solutions:
#   Reduce memory load on the system
#   Increase physical memory or swap space
#   Check if swap backing store is full
#   Decrease Java heap size (-Xmx/-Xms)
#   Decrease number of Java threads
#   Decrease Java thread stack sizes (-Xss)
#   Set larger code cache with -XX:ReservedCodeCacheSize=
# This output file may be truncated or incomplete.
#
#  Out of Memory Error (os_linux.cpp:2706), pid=28329, tid=28331
#
# JRE version:  (10.0.2+13) (build )
# Java VM: OpenJDK 64-Bit Server VM (10.0.2+13-Ubuntu-1ubuntu0.18.04.4, mixed mode, aot, tiered, compressed oops, g1 gc, linux-amd64)
# Core dump will be written. Default location: Core dumps may be processed with "/usr/share/apport/apport %p %s %c %d %P" (or dumping to /opt/forno/minecraft/core.28329)
#

---------------  S U M M A R Y ------------

Command Line: -Xms3g -Xmx3g server.jar nogui

Host: Intel(R) Core(TM) i7-4500U CPU @ 1.80GHz, 4 cores, 3G, Ubuntu 18.04.2 LTS
Time: Thu Mar 21 04:37:28 2019 JST elapsed time: 0 seconds (0d 0h 0m 0s)

---------------  T H R E A D  ---------------

Current thread (0x00007f74c8011000):  JavaThread "Unknown thread" [_thread_in_vm, id=28331, stack(0x00007f74d0c3b000,0x00007f74d0d3c000)]

Stack: [0x00007f74d0c3b000,0x00007f74d0d3c000],  sp=0x00007f74d0d3a2e0,  free space=1020k
Native frames: (J=compiled Java code, A=aot compiled Java code, j=interpreted, Vv=VM code, C=native code)
V  [libjvm.so+0xd27ea4]
V  [libjvm.so+0xd28a4b]
V  [libjvm.so+0x64d415]
V  [libjvm.so+0xb2d7c8]
V  [libjvm.so+0xb2601d]
V  [libjvm.so+0x7662ff]
V  [libjvm.so+0x76653e]
V  [libjvm.so+0x769500]
V  [libjvm.so+0x7efa1c]
V  [libjvm.so+0x7f06df]
V  [libjvm.so+0x7f0b59]
V  [libjvm.so+0x7162cf]
V  [libjvm.so+0x71afd3]
V  [libjvm.so+0xce5dc2]
V  [libjvm.so+0xce60c6]
V  [libjvm.so+0x807d57]
V  [libjvm.so+0xcc7ac4]
V  [libjvm.so+0x8601b1]  JNI_CreateJavaVM+0x51
C  [libjli.so+0x3d83]
C  [libjli.so+0x89dd]
C  [libpthread.so.0+0x76db]  start_thread+0xdb


---------------  P R O C E S S  ---------------

Threads class SMR info:
_java_thread_list=0x000055e390dfa6b0, length=0, elements={
}

Java Threads: ( => current thread )

Other Threads:
  0x00007f74c8028000 GCTaskThread "GC Thread#0" [stack: 0x00007f74ccd64000,0x00007f74cce64000] [id=28332]
  0x00007f74c8029000 GCTaskThread "GC Thread#1" [stack: 0x00007f74ccc62000,0x00007f74ccd62000] [id=28333]
  0x00007f74c802b000 GCTaskThread "GC Thread#2" [stack: 0x00007f74ccb60000,0x00007f74ccc60000] [id=28334]
  0x00007f74c802c800 GCTaskThread "GC Thread#3" [stack: 0x00007f74cca5e000,0x00007f74ccb5e000] [id=28335]
  0x00007f74c806a000 ConcurrentGCThread "G1 Main Marker" [stack: 0x00007f74aed65000,0x00007f74aee65000] [id=28336]
  0x00007f74c806c000 ConcurrentGCThread "G1 Conc#0" [stack: 0x00007f74aec63000,0x00007f74aed63000] [id=28337]

[error occurred during error reporting (printing all threads), id 0xe0000002]

VM state:not at safepoint (not fully initialized)

VM Mutex/Monitor currently owned by a thread:  ([mutex/lock_event])
[0x00007f74c800df30] Heap_lock - owner thread: 0x00007f74c8011000

Heap address: 0x0000000700000000, size: 3072 MB, Compressed Oops mode: Non-zero based: 0x0000000700000000
Narrow klass base: 0x0000000000000000, Narrow klass shift: 0

GC Heap History (0 events):
No events

Deoptimization events (0 events):
No events

Classes redefined (0 events):
No events

Internal exceptions (0 events):
No events

Events (0 events):
No events


Dynamic libraries:
55e38efaa000-55e38efab000 r-xp 00000000 fd:00 20185882                   /usr/lib/jvm/java-11-openjdk-amd64/bin/java
55e38f1ab000-55e38f1ac000 r--p 00001000 fd:00 20185882                   /usr/lib/jvm/java-11-openjdk-amd64/bin/java
55e38f1ac000-55e38f1ad000 rw-p 00002000 fd:00 20185882                   /usr/lib/jvm/java-11-openjdk-amd64/bin/java
55e390de3000-55e390e04000 rw-p 00000000 00:00 0                          [heap]
7f7488000000-7f7488021000 rw-p 00000000 00:00 0 
7f7488021000-7f748c000000 ---p 00000000 00:00 0 
7f7490000000-7f7490021000 rw-p 00000000 00:00 0 
7f7490021000-7f7494000000 ---p 00000000 00:00 0 
7f7495000000-7f7498000000 ---p 00000000 00:00 0 
7f7498000000-7f7498021000 rw-p 00000000 00:00 0 
7f7498021000-7f749c000000 ---p 00000000 00:00 0 
7f749d000000-7f74a0000000 ---p 00000000 00:00 0 
7f74a0000000-7f74a0021000 rw-p 00000000 00:00 0 
7f74a0021000-7f74a4000000 ---p 00000000 00:00 0 
7f74a4000000-7f74a4021000 rw-p 00000000 00:00 0 
7f74a4021000-7f74a8000000 ---p 00000000 00:00 0 
7f74a8000000-7f74a8021000 rw-p 00000000 00:00 0 
7f74a8021000-7f74ac000000 ---p 00000000 00:00 0 
7f74ac85d000-7f74aec61000 rw-p 00000000 00:00 0 
7f74aec61000-7f74aec62000 ---p 00000000 00:00 0 
7f74aec62000-7f74aed63000 rw-p 00000000 00:00 0 
7f74aed63000-7f74aed64000 ---p 00000000 00:00 0 
7f74aed64000-7f74aef25000 rw-p 00000000 00:00 0 
7f74aef25000-7f74afb25000 ---p 00000000 00:00 0 
7f74afb25000-7f74afd95000 rwxp 00000000 00:00 0 
7f74afd95000-7f74b00b5000 ---p 00000000 00:00 0 
7f74b00b5000-7f74b0325000 rwxp 00000000 00:00 0 
7f74b0325000-7f74b75ed000 ---p 00000000 00:00 0 
7f74b75ed000-7f74b785d000 rwxp 00000000 00:00 0 
7f74b785d000-7f74beb25000 ---p 00000000 00:00 0 
7f74beb25000-7f74c8000000 r--s 00000000 fd:00 20186057                   /usr/lib/jvm/java-11-openjdk-amd64/lib/modules
7f74c8000000-7f74c8083000 rw-p 00000000 00:00 0 
7f74c8083000-7f74cc000000 ---p 00000000 00:00 0 
7f74cc058000-7f74cc658000 ---p 00000000 00:00 0 
7f74cc658000-7f74cca5c000 rw-p 00000000 00:00 0 
7f74cca5c000-7f74cca5d000 ---p 00000000 00:00 0 
7f74cca5d000-7f74ccb5e000 rw-p 00000000 00:00 0 
7f74ccb5e000-7f74ccb5f000 ---p 00000000 00:00 0 
7f74ccb5f000-7f74ccc60000 rw-p 00000000 00:00 0 
7f74ccc60000-7f74ccc61000 ---p 00000000 00:00 0 
7f74ccc61000-7f74ccd62000 rw-p 00000000 00:00 0 
7f74ccd62000-7f74ccd63000 ---p 00000000 00:00 0 
7f74ccd63000-7f74cce69000 rw-p 00000000 00:00 0 
7f74cce69000-7f74ccf4f000 ---p 00000000 00:00 0 
7f74ccf4f000-7f74ccf54000 rw-p 00000000 00:00 0 
7f74ccf54000-7f74cd03a000 ---p 00000000 00:00 0 
7f74cd03a000-7f74cd03f000 r-xp 00000000 fd:00 20186039                   /usr/lib/jvm/java-11-openjdk-amd64/lib/libjimage.so
7f74cd03f000-7f74cd23e000 ---p 00005000 fd:00 20186039                   /usr/lib/jvm/java-11-openjdk-amd64/lib/libjimage.so
7f74cd23e000-7f74cd23f000 r--p 00004000 fd:00 20186039                   /usr/lib/jvm/java-11-openjdk-amd64/lib/libjimage.so
7f74cd23f000-7f74cd240000 rw-p 00005000 fd:00 20186039                   /usr/lib/jvm/java-11-openjdk-amd64/lib/libjimage.so
7f74cd240000-7f74cd247000 r-xp 00000000 fd:00 20186056                   /usr/lib/jvm/java-11-openjdk-amd64/lib/libzip.so
7f74cd247000-7f74cd446000 ---p 00007000 fd:00 20186056                   /usr/lib/jvm/java-11-openjdk-amd64/lib/libzip.so
7f74cd446000-7f74cd447000 r--p 00006000 fd:00 20186056                   /usr/lib/jvm/java-11-openjdk-amd64/lib/libzip.so
7f74cd447000-7f74cd448000 rw-p 00007000 fd:00 20186056                   /usr/lib/jvm/java-11-openjdk-amd64/lib/libzip.so
7f74cd448000-7f74cd453000 r-xp 00000000 fd:00 44176093                   /lib/x86_64-linux-gnu/libnss_files-2.27.so
7f74cd453000-7f74cd652000 ---p 0000b000 fd:00 44176093                   /lib/x86_64-linux-gnu/libnss_files-2.27.so
7f74cd652000-7f74cd653000 r--p 0000a000 fd:00 44176093                   /lib/x86_64-linux-gnu/libnss_files-2.27.so
7f74cd653000-7f74cd654000 rw-p 0000b000 fd:00 44176093                   /lib/x86_64-linux-gnu/libnss_files-2.27.so
7f74cd654000-7f74cd65a000 rw-p 00000000 00:00 0 
7f74cd65a000-7f74cd671000 r-xp 00000000 fd:00 44176087                   /lib/x86_64-linux-gnu/libnsl-2.27.so
7f74cd671000-7f74cd870000 ---p 00017000 fd:00 44176087                   /lib/x86_64-linux-gnu/libnsl-2.27.so
7f74cd870000-7f74cd871000 r--p 00016000 fd:00 44176087                   /lib/x86_64-linux-gnu/libnsl-2.27.so
7f74cd871000-7f74cd872000 rw-p 00017000 fd:00 44176087                   /lib/x86_64-linux-gnu/libnsl-2.27.so
7f74cd872000-7f74cd874000 rw-p 00000000 00:00 0 
7f74cd874000-7f74cd87f000 r-xp 00000000 fd:00 44176104                   /lib/x86_64-linux-gnu/libnss_nis-2.27.so
7f74cd87f000-7f74cda7e000 ---p 0000b000 fd:00 44176104                   /lib/x86_64-linux-gnu/libnss_nis-2.27.so
7f74cda7e000-7f74cda7f000 r--p 0000a000 fd:00 44176104                   /lib/x86_64-linux-gnu/libnss_nis-2.27.so
7f74cda7f000-7f74cda80000 rw-p 0000b000 fd:00 44176104                   /lib/x86_64-linux-gnu/libnss_nis-2.27.so
7f74cda80000-7f74cda88000 r-xp 00000000 fd:00 44176089                   /lib/x86_64-linux-gnu/libnss_compat-2.27.so
7f74cda88000-7f74cdc88000 ---p 00008000 fd:00 44176089                   /lib/x86_64-linux-gnu/libnss_compat-2.27.so
7f74cdc88000-7f74cdc89000 r--p 00008000 fd:00 44176089                   /lib/x86_64-linux-gnu/libnss_compat-2.27.so
7f74cdc89000-7f74cdc8a000 rw-p 00009000 fd:00 44176089                   /lib/x86_64-linux-gnu/libnss_compat-2.27.so
7f74cdc8a000-7f74cdcb6000 r-xp 00000000 fd:00 20186035                   /usr/lib/jvm/java-11-openjdk-amd64/lib/libjava.so
7f74cdcb6000-7f74cdeb5000 ---p 0002c000 fd:00 20186035                   /usr/lib/jvm/java-11-openjdk-amd64/lib/libjava.so
7f74cdeb5000-7f74cdeb6000 r--p 0002b000 fd:00 20186035                   /usr/lib/jvm/java-11-openjdk-amd64/lib/libjava.so
7f74cdeb6000-7f74cdeb8000 rw-p 0002c000 fd:00 20186035                   /usr/lib/jvm/java-11-openjdk-amd64/lib/libjava.so
7f74cdeb8000-7f74cdec5000 r-xp 00000000 fd:00 20186055                   /usr/lib/jvm/java-11-openjdk-amd64/lib/libverify.so
7f74cdec5000-7f74ce0c4000 ---p 0000d000 fd:00 20186055                   /usr/lib/jvm/java-11-openjdk-amd64/lib/libverify.so
7f74ce0c4000-7f74ce0c6000 r--p 0000c000 fd:00 20186055                   /usr/lib/jvm/java-11-openjdk-amd64/lib/libverify.so
7f74ce0c6000-7f74ce0c7000 rw-p 0000e000 fd:00 20186055                   /usr/lib/jvm/java-11-openjdk-amd64/lib/libverify.so
7f74ce0c7000-7f74ce0ce000 r-xp 00000000 fd:00 44176144                   /lib/x86_64-linux-gnu/librt-2.27.so
7f74ce0ce000-7f74ce2cd000 ---p 00007000 fd:00 44176144                   /lib/x86_64-linux-gnu/librt-2.27.so
7f74ce2cd000-7f74ce2ce000 r--p 00006000 fd:00 44176144                   /lib/x86_64-linux-gnu/librt-2.27.so
7f74ce2ce000-7f74ce2cf000 rw-p 00007000 fd:00 44176144                   /lib/x86_64-linux-gnu/librt-2.27.so
7f74ce2cf000-7f74ce2e6000 r-xp 00000000 fd:00 44175907                   /lib/x86_64-linux-gnu/libgcc_s.so.1
7f74ce2e6000-7f74ce4e5000 ---p 00017000 fd:00 44175907                   /lib/x86_64-linux-gnu/libgcc_s.so.1
7f74ce4e5000-7f74ce4e6000 r--p 00016000 fd:00 44175907                   /lib/x86_64-linux-gnu/libgcc_s.so.1
7f74ce4e6000-7f74ce4e7000 rw-p 00017000 fd:00 44175907                   /lib/x86_64-linux-gnu/libgcc_s.so.1
7f74ce4e7000-7f74ce684000 r-xp 00000000 fd:00 44176066                   /lib/x86_64-linux-gnu/libm-2.27.so
7f74ce684000-7f74ce883000 ---p 0019d000 fd:00 44176066                   /lib/x86_64-linux-gnu/libm-2.27.so
7f74ce883000-7f74ce884000 r--p 0019c000 fd:00 44176066                   /lib/x86_64-linux-gnu/libm-2.27.so
7f74ce884000-7f74ce885000 rw-p 0019d000 fd:00 44176066                   /lib/x86_64-linux-gnu/libm-2.27.so
7f74ce885000-7f74ce9fe000 r-xp 00000000 fd:00 18090134                   /usr/lib/x86_64-linux-gnu/libstdc++.so.6.0.25
7f74ce9fe000-7f74cebfe000 ---p 00179000 fd:00 18090134                   /usr/lib/x86_64-linux-gnu/libstdc++.so.6.0.25
7f74cebfe000-7f74cec08000 r--p 00179000 fd:00 18090134                   /usr/lib/x86_64-linux-gnu/libstdc++.so.6.0.25
7f74cec08000-7f74cec0a000 rw-p 00183000 fd:00 18090134                   /usr/lib/x86_64-linux-gnu/libstdc++.so.6.0.25
7f74cec0a000-7f74cec0e000 rw-p 00000000 00:00 0 
7f74cec0e000-7f74cfbab000 r-xp 00000000 fd:00 20186062                   /usr/lib/jvm/java-11-openjdk-amd64/lib/server/libjvm.so
7f74cfbab000-7f74cfdab000 ---p 00f9d000 fd:00 20186062                   /usr/lib/jvm/java-11-openjdk-amd64/lib/server/libjvm.so
7f74cfdab000-7f74cfe6f000 r--p 00f9d000 fd:00 20186062                   /usr/lib/jvm/java-11-openjdk-amd64/lib/server/libjvm.so
7f74cfe6f000-7f74cfea7000 rw-p 01061000 fd:00 20186062                   /usr/lib/jvm/java-11-openjdk-amd64/lib/server/libjvm.so
7f74cfea7000-7f74cfef0000 rw-p 00000000 00:00 0 
7f74cfef0000-7f74cff0a000 r-xp 00000000 fd:00 44176136                   /lib/x86_64-linux-gnu/libpthread-2.27.so
7f74cff0a000-7f74d0109000 ---p 0001a000 fd:00 44176136                   /lib/x86_64-linux-gnu/libpthread-2.27.so
7f74d0109000-7f74d010a000 r--p 00019000 fd:00 44176136                   /lib/x86_64-linux-gnu/libpthread-2.27.so
7f74d010a000-7f74d010b000 rw-p 0001a000 fd:00 44176136                   /lib/x86_64-linux-gnu/libpthread-2.27.so
7f74d010b000-7f74d010f000 rw-p 00000000 00:00 0 
7f74d010f000-7f74d0112000 r-xp 00000000 fd:00 44176026                   /lib/x86_64-linux-gnu/libdl-2.27.so
7f74d0112000-7f74d0311000 ---p 00003000 fd:00 44176026                   /lib/x86_64-linux-gnu/libdl-2.27.so
7f74d0311000-7f74d0312000 r--p 00002000 fd:00 44176026                   /lib/x86_64-linux-gnu/libdl-2.27.so
7f74d0312000-7f74d0313000 rw-p 00003000 fd:00 44176026                   /lib/x86_64-linux-gnu/libdl-2.27.so
7f74d0313000-7f74d032f000 r-xp 00000000 fd:00 44176175                   /lib/x86_64-linux-gnu/libz.so.1.2.11
7f74d032f000-7f74d052e000 ---p 0001c000 fd:00 44176175                   /lib/x86_64-linux-gnu/libz.so.1.2.11
7f74d052e000-7f74d052f000 r--p 0001b000 fd:00 44176175                   /lib/x86_64-linux-gnu/libz.so.1.2.11
7f74d052f000-7f74d0530000 rw-p 0001c000 fd:00 44176175                   /lib/x86_64-linux-gnu/libz.so.1.2.11
7f74d0530000-7f74d0717000 r-xp 00000000 fd:00 44176003                   /lib/x86_64-linux-gnu/libc-2.27.so
7f74d0717000-7f74d0917000 ---p 001e7000 fd:00 44176003                   /lib/x86_64-linux-gnu/libc-2.27.so
7f74d0917000-7f74d091b000 r--p 001e7000 fd:00 44176003                   /lib/x86_64-linux-gnu/libc-2.27.so
7f74d091b000-7f74d091d000 rw-p 001eb000 fd:00 44176003                   /lib/x86_64-linux-gnu/libc-2.27.so
7f74d091d000-7f74d0921000 rw-p 00000000 00:00 0 
7f74d0921000-7f74d0930000 r-xp 00000000 fd:00 20186020                   /usr/lib/jvm/java-11-openjdk-amd64/lib/jli/libjli.so
7f74d0930000-7f74d0b2f000 ---p 0000f000 fd:00 20186020                   /usr/lib/jvm/java-11-openjdk-amd64/lib/jli/libjli.so
7f74d0b2f000-7f74d0b30000 r--p 0000e000 fd:00 20186020                   /usr/lib/jvm/java-11-openjdk-amd64/lib/jli/libjli.so
7f74d0b30000-7f74d0b31000 rw-p 0000f000 fd:00 20186020                   /usr/lib/jvm/java-11-openjdk-amd64/lib/jli/libjli.so
7f74d0b31000-7f74d0b58000 r-xp 00000000 fd:00 44175975                   /lib/x86_64-linux-gnu/ld-2.27.so
7f74d0bd4000-7f74d0c3b000 rw-p 00000000 00:00 0 
7f74d0c3b000-7f74d0c3f000 ---p 00000000 00:00 0 
7f74d0c3f000-7f74d0d3e000 rw-p 00000000 00:00 0 
7f74d0d3f000-7f74d0d45000 rw-p 00000000 00:00 0 
7f74d0d45000-7f74d0d4c000 ---p 00000000 00:00 0 
7f74d0d4c000-7f74d0d54000 rw-s 00000000 fd:00 16121869                   /tmp/hsperfdata_minecraft/28329
7f74d0d54000-7f74d0d55000 ---p 00000000 00:00 0 
7f74d0d55000-7f74d0d56000 r--p 00000000 00:00 0 
7f74d0d56000-7f74d0d58000 rw-p 00000000 00:00 0 
7f74d0d58000-7f74d0d59000 r--p 00027000 fd:00 44175975                   /lib/x86_64-linux-gnu/ld-2.27.so
7f74d0d59000-7f74d0d5a000 rw-p 00028000 fd:00 44175975                   /lib/x86_64-linux-gnu/ld-2.27.so
7f74d0d5a000-7f74d0d5b000 rw-p 00000000 00:00 0 
7ffe4251a000-7ffe4253b000 rw-p 00000000 00:00 0                          [stack]
7ffe425cd000-7ffe425d0000 r--p 00000000 00:00 0                          [vvar]
7ffe425d0000-7ffe425d2000 r-xp 00000000 00:00 0                          [vdso]
ffffffffff600000-ffffffffff601000 r-xp 00000000 00:00 0                  [vsyscall]


VM Arguments:
jvm_args: -Xms3g -Xmx3g 
java_command: server.jar nogui
java_class_path (initial): server.jar
Launcher Type: SUN_STANDARD

Logging:
Log output configuration:
#0: stdout all=warning uptime,level,tags
#1: stderr all=off uptime,level,tags

Environment Variables:
PATH=/usr/local/sbin:/usr/local/bin:/usr/sbin:/usr/bin:/sbin:/bin
SHELL=/bin/sh

Signal Handlers:
SIGSEGV: [libjvm.so+0xd28b70], sa_mask[0]=11111111011111111101111111111110, sa_flags=SA_RESTART|SA_SIGINFO
SIGBUS: [libjvm.so+0xd28b70], sa_mask[0]=11111111011111111101111111111110, sa_flags=SA_RESTART|SA_SIGINFO
SIGFPE: [libjvm.so+0xd28b70], sa_mask[0]=11111111011111111101111111111110, sa_flags=SA_RESTART|SA_SIGINFO
SIGPIPE: [libjvm.so+0xb2a1f0], sa_mask[0]=11111111011111111101111111111110, sa_flags=SA_RESTART|SA_SIGINFO
SIGXFSZ: [libjvm.so+0xb2a1f0], sa_mask[0]=11111111011111111101111111111110, sa_flags=SA_RESTART|SA_SIGINFO
SIGILL: [libjvm.so+0xd28b70], sa_mask[0]=11111111011111111101111111111110, sa_flags=SA_RESTART|SA_SIGINFO
SIGUSR2: [libjvm.so+0xb2a030], sa_mask[0]=00000000000000000000000000000000, sa_flags=SA_RESTART|SA_SIGINFO
SIGHUP: SIG_DFL, sa_mask[0]=00000000000000000000000000000000, sa_flags=none
SIGINT: SIG_DFL, sa_mask[0]=00000000000000000000000000000000, sa_flags=none
SIGTERM: SIG_DFL, sa_mask[0]=00000000000000000000000000000000, sa_flags=none
SIGQUIT: SIG_DFL, sa_mask[0]=00000000000000000000000000000000, sa_flags=none


---------------  S Y S T E M  ---------------

OS:DISTRIB_ID=Ubuntu
DISTRIB_RELEASE=18.04
DISTRIB_CODENAME=bionic
DISTRIB_DESCRIPTION="Ubuntu 18.04.2 LTS"
uname:Linux 4.15.0-46-generic #49-Ubuntu SMP Wed Feb 6 09:33:07 UTC 2019 x86_64
libc:glibc 2.27 NPTL 2.27 
rlimit: STACK 8192k, CORE 0k, NPROC 15099, NOFILE 4096, AS infinity, DATA infinity, FSIZE infinity
load average:1.29 1.37 1.38

/proc/meminfo:
MemTotal:        3943748 kB
MemFree:          564860 kB
MemAvailable:    1723424 kB
Buffers:           32572 kB
Cached:          1330144 kB
SwapCached:         3772 kB
Active:          2288140 kB
Inactive:         908452 kB
Active(anon):    1558396 kB
Inactive(anon):   305608 kB
Active(file):     729744 kB
Inactive(file):   602844 kB
Unevictable:           0 kB
Mlocked:               0 kB
SwapTotal:        999420 kB
SwapFree:         569520 kB
Dirty:              2016 kB
Writeback:             0 kB
AnonPages:       1832468 kB
Mapped:            89268 kB
Shmem:             30128 kB
Slab:              98608 kB
SReclaimable:      57484 kB
SUnreclaim:        41124 kB
KernelStack:        6000 kB
PageTables:        22176 kB
NFS_Unstable:          0 kB
Bounce:                0 kB
WritebackTmp:          0 kB
CommitLimit:     2971292 kB
Committed_AS:    2923052 kB
VmallocTotal:   34359738367 kB
VmallocUsed:           0 kB
VmallocChunk:          0 kB
HardwareCorrupted:     0 kB
AnonHugePages:         0 kB
ShmemHugePages:        0 kB
ShmemPmdMapped:        0 kB
CmaTotal:              0 kB
CmaFree:               0 kB
HugePages_Total:       0
HugePages_Free:        0
HugePages_Rsvd:        0
HugePages_Surp:        0
Hugepagesize:       2048 kB
DirectMap4k:      154224 kB
DirectMap2M:     3944448 kB
DirectMap1G:           0 kB

container (cgroup) information:
container_type: cgroupv1
cpu_cpuset_cpus: 0-3
cpu_memory_nodes: 0
active_processor_count: 4
cpu_quota: -1
cpu_period: 100000
cpu_shares: -1
memory_limit_in_bytes: -1
memory_and_swap_limit_in_bytes: -2
memory_soft_limit_in_bytes: -1
memory_usage_in_bytes: 3272880128
memory_max_usage_in_bytes: 2048000


CPU:total 4 (initial active 4) (2 cores per cpu, 2 threads per core) family 6 model 69 stepping 1, cmov, cx8, fxsr, mmx, sse, sse2, sse3, ssse3, sse4.1, sse4.2, popcnt, avx, avx2, aes, clmul, erms, lzcnt, ht, tsc, tscinvbit, bmi1, bmi2, fma
CPU Model and flags from /proc/cpuinfo:
model name	: Intel(R) Core(TM) i7-4500U CPU @ 1.80GHz
flags		: fpu vme de pse tsc msr pae mce cx8 apic sep mtrr pge mca cmov pat pse36 clflush dts acpi mmx fxsr sse sse2 ss ht tm pbe syscall nx pdpe1gb rdtscp lm constant_tsc arch_perfmon pebs bts rep_good nopl xtopology nonstop_tsc cpuid aperfmperf pni pclmulqdq dtes64 monitor ds_cpl vmx est tm2 ssse3 sdbg fma cx16 xtpr pdcm pcid sse4_1 sse4_2 movbe popcnt tsc_deadline_timer aes xsave avx f16c rdrand lahf_lm abm cpuid_fault epb invpcid_single pti ssbd ibrs ibpb stibp tpr_shadow vnmi flexpriority ept vpid fsgsbase tsc_adjust bmi1 avx2 smep bmi2 erms invpcid xsaveopt dtherm ida arat pln pts flush_l1d

Memory: 4k page, physical 3943748k(564860k free), swap 999420k(569520k free)

vm_info: OpenJDK 64-Bit Server VM (10.0.2+13-Ubuntu-1ubuntu0.18.04.4) for linux-amd64 JRE (10.0.2+13-Ubuntu-1ubuntu0.18.04.4), built on Nov 13 2018 12:53:39 by "buildd" with gcc 7.3.0

END.
