#
# There is insufficient memory for the Java Runtime Environment to continue.
# Native memory allocation (mmap) failed to map 3221225472 bytes for committing reserved memory.
# Possible reasons:
#   The system is out of physical RAM or swap space
#   The process is running with CompressedOops enabled, and the Java Heap may be blocking the growth of the native heap
# Possible solutions:
#   Reduce memory load on the system
#   Increase physical memory or swap space
#   Check if swap backing store is full
#   Decrease Java heap size (-Xmx/-Xms)
#   Decrease number of Java threads
#   Decrease Java thread stack sizes (-Xss)
#   Set larger code cache with -XX:ReservedCodeCacheSize=
# This output file may be truncated or incomplete.
#
#  Out of Memory Error (os_linux.cpp:2706), pid=22304, tid=22305
#
# JRE version:  (10.0.2+13) (build )
# Java VM: OpenJDK 64-Bit Server VM (10.0.2+13-Ubuntu-1ubuntu0.18.04.4, mixed mode, aot, tiered, compressed oops, g1 gc, linux-amd64)
# Core dump will be written. Default location: Core dumps may be processed with "/usr/share/apport/apport %p %s %c %d %P" (or dumping to /opt/forno/minecraft/core.22304)
#

---------------  S U M M A R Y ------------

Command Line: -Xms3g -Xmx3g server.jar nogui

Host: Intel(R) Core(TM) i7-4500U CPU @ 1.80GHz, 4 cores, 3G, Ubuntu 18.04.2 LTS
Time: Thu Mar 21 08:59:33 2019 JST elapsed time: 0 seconds (0d 0h 0m 0s)

---------------  T H R E A D  ---------------

Current thread (0x00007f33c4011000):  JavaThread "Unknown thread" [_thread_in_vm, id=22305, stack(0x00007f33cddf8000,0x00007f33cdef9000)]

Stack: [0x00007f33cddf8000,0x00007f33cdef9000],  sp=0x00007f33cdef72e0,  free space=1020k
Native frames: (J=compiled Java code, A=aot compiled Java code, j=interpreted, Vv=VM code, C=native code)
V  [libjvm.so+0xd27ea4]
V  [libjvm.so+0xd28a4b]
V  [libjvm.so+0x64d415]
V  [libjvm.so+0xb2d7c8]
V  [libjvm.so+0xb2601d]
V  [libjvm.so+0x7662ff]
V  [libjvm.so+0x76653e]
V  [libjvm.so+0x769500]
V  [libjvm.so+0x7efa1c]
V  [libjvm.so+0x7f06df]
V  [libjvm.so+0x7f0b59]
V  [libjvm.so+0x7162cf]
V  [libjvm.so+0x71afd3]
V  [libjvm.so+0xce5dc2]
V  [libjvm.so+0xce60c6]
V  [libjvm.so+0x807d57]
V  [libjvm.so+0xcc7ac4]
V  [libjvm.so+0x8601b1]  JNI_CreateJavaVM+0x51
C  [libjli.so+0x3d83]
C  [libjli.so+0x89dd]
C  [libpthread.so.0+0x76db]  start_thread+0xdb


---------------  P R O C E S S  ---------------

Threads class SMR info:
_java_thread_list=0x000055f367ea26b0, length=0, elements={
}

Java Threads: ( => current thread )

Other Threads:
  0x00007f33c4028000 GCTaskThread "GC Thread#0" [stack: 0x00007f33c9f21000,0x00007f33ca021000] [id=22307]
  0x00007f33c4029000 GCTaskThread "GC Thread#1" [stack: 0x00007f33c9e1f000,0x00007f33c9f1f000] [id=22308]
  0x00007f33c402b000 GCTaskThread "GC Thread#2" [stack: 0x00007f33c9d1d000,0x00007f33c9e1d000] [id=22309]
  0x00007f33c402c800 GCTaskThread "GC Thread#3" [stack: 0x00007f33c9c1b000,0x00007f33c9d1b000] [id=22310]
  0x00007f33c406a000 ConcurrentGCThread "G1 Main Marker" [stack: 0x00007f33c8455000,0x00007f33c8555000] [id=22311]
  0x00007f33c406c000 ConcurrentGCThread "G1 Conc#0" [stack: 0x00007f33c8353000,0x00007f33c8453000] [id=22312]

[error occurred during error reporting (printing all threads), id 0xe0000002]

VM state:not at safepoint (not fully initialized)

VM Mutex/Monitor currently owned by a thread:  ([mutex/lock_event])
[0x00007f33c400df30] Heap_lock - owner thread: 0x00007f33c4011000

Heap address: 0x0000000700000000, size: 3072 MB, Compressed Oops mode: Non-zero based: 0x0000000700000000
Narrow klass base: 0x0000000000000000, Narrow klass shift: 0

GC Heap History (0 events):
No events

Deoptimization events (0 events):
No events

Classes redefined (0 events):
No events

Internal exceptions (0 events):
No events

Events (0 events):
No events


Dynamic libraries:
55f366a04000-55f366a05000 r-xp 00000000 fd:00 20185882                   /usr/lib/jvm/java-11-openjdk-amd64/bin/java
55f366c05000-55f366c06000 r--p 00001000 fd:00 20185882                   /usr/lib/jvm/java-11-openjdk-amd64/bin/java
55f366c06000-55f366c07000 rw-p 00002000 fd:00 20185882                   /usr/lib/jvm/java-11-openjdk-amd64/bin/java
55f367e8b000-55f367eac000 rw-p 00000000 00:00 0                          [heap]
7f3388000000-7f3388021000 rw-p 00000000 00:00 0 
7f3388021000-7f338c000000 ---p 00000000 00:00 0 
7f338e000000-7f3390000000 rw-p 00000000 00:00 0 
7f3390000000-7f3390021000 rw-p 00000000 00:00 0 
7f3390021000-7f3394000000 ---p 00000000 00:00 0 
7f3394000000-7f3394021000 rw-p 00000000 00:00 0 
7f3394021000-7f3398000000 ---p 00000000 00:00 0 
7f3399000000-7f339c000000 ---p 00000000 00:00 0 
7f339c000000-7f339c021000 rw-p 00000000 00:00 0 
7f339c021000-7f33a0000000 ---p 00000000 00:00 0 
7f33a0000000-7f33a0021000 rw-p 00000000 00:00 0 
7f33a0021000-7f33a4000000 ---p 00000000 00:00 0 
7f33a4000000-7f33a4021000 rw-p 00000000 00:00 0 
7f33a4021000-7f33a8000000 ---p 00000000 00:00 0 
7f33a8a24000-7f33a8b25000 rw-p 00000000 00:00 0 
7f33a8b25000-7f33abb25000 ---p 00000000 00:00 0 
7f33abb25000-7f33abd95000 rwxp 00000000 00:00 0 
7f33abd95000-7f33ac0b5000 ---p 00000000 00:00 0 
7f33ac0b5000-7f33ac325000 rwxp 00000000 00:00 0 
7f33ac325000-7f33b35ed000 ---p 00000000 00:00 0 
7f33b35ed000-7f33b385d000 rwxp 00000000 00:00 0 
7f33b385d000-7f33bab25000 ---p 00000000 00:00 0 
7f33bab25000-7f33c4000000 r--s 00000000 fd:00 20186057                   /usr/lib/jvm/java-11-openjdk-amd64/lib/modules
7f33c4000000-7f33c4083000 rw-p 00000000 00:00 0 
7f33c4083000-7f33c8000000 ---p 00000000 00:00 0 
7f33c804e000-7f33c8351000 rw-p 00000000 00:00 0 
7f33c8351000-7f33c8352000 ---p 00000000 00:00 0 
7f33c8352000-7f33c8453000 rw-p 00000000 00:00 0 
7f33c8453000-7f33c8454000 ---p 00000000 00:00 0 
7f33c8454000-7f33c8615000 rw-p 00000000 00:00 0 
7f33c8615000-7f33c9815000 ---p 00000000 00:00 0 
7f33c9815000-7f33c9c19000 rw-p 00000000 00:00 0 
7f33c9c19000-7f33c9c1a000 ---p 00000000 00:00 0 
7f33c9c1a000-7f33c9d1b000 rw-p 00000000 00:00 0 
7f33c9d1b000-7f33c9d1c000 ---p 00000000 00:00 0 
7f33c9d1c000-7f33c9e1d000 rw-p 00000000 00:00 0 
7f33c9e1d000-7f33c9e1e000 ---p 00000000 00:00 0 
7f33c9e1e000-7f33c9f1f000 rw-p 00000000 00:00 0 
7f33c9f1f000-7f33c9f20000 ---p 00000000 00:00 0 
7f33c9f20000-7f33ca026000 rw-p 00000000 00:00 0 
7f33ca026000-7f33ca10c000 ---p 00000000 00:00 0 
7f33ca10c000-7f33ca111000 rw-p 00000000 00:00 0 
7f33ca111000-7f33ca1f7000 ---p 00000000 00:00 0 
7f33ca1f7000-7f33ca1fc000 r-xp 00000000 fd:00 20186039                   /usr/lib/jvm/java-11-openjdk-amd64/lib/libjimage.so
7f33ca1fc000-7f33ca3fb000 ---p 00005000 fd:00 20186039                   /usr/lib/jvm/java-11-openjdk-amd64/lib/libjimage.so
7f33ca3fb000-7f33ca3fc000 r--p 00004000 fd:00 20186039                   /usr/lib/jvm/java-11-openjdk-amd64/lib/libjimage.so
7f33ca3fc000-7f33ca3fd000 rw-p 00005000 fd:00 20186039                   /usr/lib/jvm/java-11-openjdk-amd64/lib/libjimage.so
7f33ca3fd000-7f33ca404000 r-xp 00000000 fd:00 20186056                   /usr/lib/jvm/java-11-openjdk-amd64/lib/libzip.so
7f33ca404000-7f33ca603000 ---p 00007000 fd:00 20186056                   /usr/lib/jvm/java-11-openjdk-amd64/lib/libzip.so
7f33ca603000-7f33ca604000 r--p 00006000 fd:00 20186056                   /usr/lib/jvm/java-11-openjdk-amd64/lib/libzip.so
7f33ca604000-7f33ca605000 rw-p 00007000 fd:00 20186056                   /usr/lib/jvm/java-11-openjdk-amd64/lib/libzip.so
7f33ca605000-7f33ca610000 r-xp 00000000 fd:00 44176093                   /lib/x86_64-linux-gnu/libnss_files-2.27.so
7f33ca610000-7f33ca80f000 ---p 0000b000 fd:00 44176093                   /lib/x86_64-linux-gnu/libnss_files-2.27.so
7f33ca80f000-7f33ca810000 r--p 0000a000 fd:00 44176093                   /lib/x86_64-linux-gnu/libnss_files-2.27.so
7f33ca810000-7f33ca811000 rw-p 0000b000 fd:00 44176093                   /lib/x86_64-linux-gnu/libnss_files-2.27.so
7f33ca811000-7f33ca817000 rw-p 00000000 00:00 0 
7f33ca817000-7f33ca82e000 r-xp 00000000 fd:00 44176087                   /lib/x86_64-linux-gnu/libnsl-2.27.so
7f33ca82e000-7f33caa2d000 ---p 00017000 fd:00 44176087                   /lib/x86_64-linux-gnu/libnsl-2.27.so
7f33caa2d000-7f33caa2e000 r--p 00016000 fd:00 44176087                   /lib/x86_64-linux-gnu/libnsl-2.27.so
7f33caa2e000-7f33caa2f000 rw-p 00017000 fd:00 44176087                   /lib/x86_64-linux-gnu/libnsl-2.27.so
7f33caa2f000-7f33caa31000 rw-p 00000000 00:00 0 
7f33caa31000-7f33caa3c000 r-xp 00000000 fd:00 44176104                   /lib/x86_64-linux-gnu/libnss_nis-2.27.so
7f33caa3c000-7f33cac3b000 ---p 0000b000 fd:00 44176104                   /lib/x86_64-linux-gnu/libnss_nis-2.27.so
7f33cac3b000-7f33cac3c000 r--p 0000a000 fd:00 44176104                   /lib/x86_64-linux-gnu/libnss_nis-2.27.so
7f33cac3c000-7f33cac3d000 rw-p 0000b000 fd:00 44176104                   /lib/x86_64-linux-gnu/libnss_nis-2.27.so
7f33cac3d000-7f33cac45000 r-xp 00000000 fd:00 44176089                   /lib/x86_64-linux-gnu/libnss_compat-2.27.so
7f33cac45000-7f33cae45000 ---p 00008000 fd:00 44176089                   /lib/x86_64-linux-gnu/libnss_compat-2.27.so
7f33cae45000-7f33cae46000 r--p 00008000 fd:00 44176089                   /lib/x86_64-linux-gnu/libnss_compat-2.27.so
7f33cae46000-7f33cae47000 rw-p 00009000 fd:00 44176089                   /lib/x86_64-linux-gnu/libnss_compat-2.27.so
7f33cae47000-7f33cae73000 r-xp 00000000 fd:00 20186035                   /usr/lib/jvm/java-11-openjdk-amd64/lib/libjava.so
7f33cae73000-7f33cb072000 ---p 0002c000 fd:00 20186035                   /usr/lib/jvm/java-11-openjdk-amd64/lib/libjava.so
7f33cb072000-7f33cb073000 r--p 0002b000 fd:00 20186035                   /usr/lib/jvm/java-11-openjdk-amd64/lib/libjava.so
7f33cb073000-7f33cb075000 rw-p 0002c000 fd:00 20186035                   /usr/lib/jvm/java-11-openjdk-amd64/lib/libjava.so
7f33cb075000-7f33cb082000 r-xp 00000000 fd:00 20186055                   /usr/lib/jvm/java-11-openjdk-amd64/lib/libverify.so
7f33cb082000-7f33cb281000 ---p 0000d000 fd:00 20186055                   /usr/lib/jvm/java-11-openjdk-amd64/lib/libverify.so
7f33cb281000-7f33cb283000 r--p 0000c000 fd:00 20186055                   /usr/lib/jvm/java-11-openjdk-amd64/lib/libverify.so
7f33cb283000-7f33cb284000 rw-p 0000e000 fd:00 20186055                   /usr/lib/jvm/java-11-openjdk-amd64/lib/libverify.so
7f33cb284000-7f33cb28b000 r-xp 00000000 fd:00 44176144                   /lib/x86_64-linux-gnu/librt-2.27.so
7f33cb28b000-7f33cb48a000 ---p 00007000 fd:00 44176144                   /lib/x86_64-linux-gnu/librt-2.27.so
7f33cb48a000-7f33cb48b000 r--p 00006000 fd:00 44176144                   /lib/x86_64-linux-gnu/librt-2.27.so
7f33cb48b000-7f33cb48c000 rw-p 00007000 fd:00 44176144                   /lib/x86_64-linux-gnu/librt-2.27.so
7f33cb48c000-7f33cb4a3000 r-xp 00000000 fd:00 44175907                   /lib/x86_64-linux-gnu/libgcc_s.so.1
7f33cb4a3000-7f33cb6a2000 ---p 00017000 fd:00 44175907                   /lib/x86_64-linux-gnu/libgcc_s.so.1
7f33cb6a2000-7f33cb6a3000 r--p 00016000 fd:00 44175907                   /lib/x86_64-linux-gnu/libgcc_s.so.1
7f33cb6a3000-7f33cb6a4000 rw-p 00017000 fd:00 44175907                   /lib/x86_64-linux-gnu/libgcc_s.so.1
7f33cb6a4000-7f33cb841000 r-xp 00000000 fd:00 44176066                   /lib/x86_64-linux-gnu/libm-2.27.so
7f33cb841000-7f33cba40000 ---p 0019d000 fd:00 44176066                   /lib/x86_64-linux-gnu/libm-2.27.so
7f33cba40000-7f33cba41000 r--p 0019c000 fd:00 44176066                   /lib/x86_64-linux-gnu/libm-2.27.so
7f33cba41000-7f33cba42000 rw-p 0019d000 fd:00 44176066                   /lib/x86_64-linux-gnu/libm-2.27.so
7f33cba42000-7f33cbbbb000 r-xp 00000000 fd:00 18090134                   /usr/lib/x86_64-linux-gnu/libstdc++.so.6.0.25
7f33cbbbb000-7f33cbdbb000 ---p 00179000 fd:00 18090134                   /usr/lib/x86_64-linux-gnu/libstdc++.so.6.0.25
7f33cbdbb000-7f33cbdc5000 r--p 00179000 fd:00 18090134                   /usr/lib/x86_64-linux-gnu/libstdc++.so.6.0.25
7f33cbdc5000-7f33cbdc7000 rw-p 00183000 fd:00 18090134                   /usr/lib/x86_64-linux-gnu/libstdc++.so.6.0.25
7f33cbdc7000-7f33cbdcb000 rw-p 00000000 00:00 0 
7f33cbdcb000-7f33ccd68000 r-xp 00000000 fd:00 20186062                   /usr/lib/jvm/java-11-openjdk-amd64/lib/server/libjvm.so
7f33ccd68000-7f33ccf68000 ---p 00f9d000 fd:00 20186062                   /usr/lib/jvm/java-11-openjdk-amd64/lib/server/libjvm.so
7f33ccf68000-7f33cd02c000 r--p 00f9d000 fd:00 20186062                   /usr/lib/jvm/java-11-openjdk-amd64/lib/server/libjvm.so
7f33cd02c000-7f33cd064000 rw-p 01061000 fd:00 20186062                   /usr/lib/jvm/java-11-openjdk-amd64/lib/server/libjvm.so
7f33cd064000-7f33cd0ad000 rw-p 00000000 00:00 0 
7f33cd0ad000-7f33cd0c7000 r-xp 00000000 fd:00 44176136                   /lib/x86_64-linux-gnu/libpthread-2.27.so
7f33cd0c7000-7f33cd2c6000 ---p 0001a000 fd:00 44176136                   /lib/x86_64-linux-gnu/libpthread-2.27.so
7f33cd2c6000-7f33cd2c7000 r--p 00019000 fd:00 44176136                   /lib/x86_64-linux-gnu/libpthread-2.27.so
7f33cd2c7000-7f33cd2c8000 rw-p 0001a000 fd:00 44176136                   /lib/x86_64-linux-gnu/libpthread-2.27.so
7f33cd2c8000-7f33cd2cc000 rw-p 00000000 00:00 0 
7f33cd2cc000-7f33cd2cf000 r-xp 00000000 fd:00 44176026                   /lib/x86_64-linux-gnu/libdl-2.27.so
7f33cd2cf000-7f33cd4ce000 ---p 00003000 fd:00 44176026                   /lib/x86_64-linux-gnu/libdl-2.27.so
7f33cd4ce000-7f33cd4cf000 r--p 00002000 fd:00 44176026                   /lib/x86_64-linux-gnu/libdl-2.27.so
7f33cd4cf000-7f33cd4d0000 rw-p 00003000 fd:00 44176026                   /lib/x86_64-linux-gnu/libdl-2.27.so
7f33cd4d0000-7f33cd4ec000 r-xp 00000000 fd:00 44176175                   /lib/x86_64-linux-gnu/libz.so.1.2.11
7f33cd4ec000-7f33cd6eb000 ---p 0001c000 fd:00 44176175                   /lib/x86_64-linux-gnu/libz.so.1.2.11
7f33cd6eb000-7f33cd6ec000 r--p 0001b000 fd:00 44176175                   /lib/x86_64-linux-gnu/libz.so.1.2.11
7f33cd6ec000-7f33cd6ed000 rw-p 0001c000 fd:00 44176175                   /lib/x86_64-linux-gnu/libz.so.1.2.11
7f33cd6ed000-7f33cd8d4000 r-xp 00000000 fd:00 44176003                   /lib/x86_64-linux-gnu/libc-2.27.so
7f33cd8d4000-7f33cdad4000 ---p 001e7000 fd:00 44176003                   /lib/x86_64-linux-gnu/libc-2.27.so
7f33cdad4000-7f33cdad8000 r--p 001e7000 fd:00 44176003                   /lib/x86_64-linux-gnu/libc-2.27.so
7f33cdad8000-7f33cdada000 rw-p 001eb000 fd:00 44176003                   /lib/x86_64-linux-gnu/libc-2.27.so
7f33cdada000-7f33cdade000 rw-p 00000000 00:00 0 
7f33cdade000-7f33cdaed000 r-xp 00000000 fd:00 20186020                   /usr/lib/jvm/java-11-openjdk-amd64/lib/jli/libjli.so
7f33cdaed000-7f33cdcec000 ---p 0000f000 fd:00 20186020                   /usr/lib/jvm/java-11-openjdk-amd64/lib/jli/libjli.so
7f33cdcec000-7f33cdced000 r--p 0000e000 fd:00 20186020                   /usr/lib/jvm/java-11-openjdk-amd64/lib/jli/libjli.so
7f33cdced000-7f33cdcee000 rw-p 0000f000 fd:00 20186020                   /usr/lib/jvm/java-11-openjdk-amd64/lib/jli/libjli.so
7f33cdcee000-7f33cdd15000 r-xp 00000000 fd:00 44175975                   /lib/x86_64-linux-gnu/ld-2.27.so
7f33cdd91000-7f33cddf8000 rw-p 00000000 00:00 0 
7f33cddf8000-7f33cddfc000 ---p 00000000 00:00 0 
7f33cddfc000-7f33cdefb000 rw-p 00000000 00:00 0 
7f33cdefc000-7f33cdf02000 rw-p 00000000 00:00 0 
7f33cdf02000-7f33cdf09000 ---p 00000000 00:00 0 
7f33cdf09000-7f33cdf11000 rw-s 00000000 fd:00 16121869                   /tmp/hsperfdata_minecraft/22304
7f33cdf11000-7f33cdf12000 ---p 00000000 00:00 0 
7f33cdf12000-7f33cdf13000 r--p 00000000 00:00 0 
7f33cdf13000-7f33cdf15000 rw-p 00000000 00:00 0 
7f33cdf15000-7f33cdf16000 r--p 00027000 fd:00 44175975                   /lib/x86_64-linux-gnu/ld-2.27.so
7f33cdf16000-7f33cdf17000 rw-p 00028000 fd:00 44175975                   /lib/x86_64-linux-gnu/ld-2.27.so
7f33cdf17000-7f33cdf18000 rw-p 00000000 00:00 0 
7fffa41a2000-7fffa41c3000 rw-p 00000000 00:00 0                          [stack]
7fffa41e3000-7fffa41e6000 r--p 00000000 00:00 0                          [vvar]
7fffa41e6000-7fffa41e8000 r-xp 00000000 00:00 0                          [vdso]
ffffffffff600000-ffffffffff601000 r-xp 00000000 00:00 0                  [vsyscall]


VM Arguments:
jvm_args: -Xms3g -Xmx3g 
java_command: server.jar nogui
java_class_path (initial): server.jar
Launcher Type: SUN_STANDARD

Logging:
Log output configuration:
#0: stdout all=warning uptime,level,tags
#1: stderr all=off uptime,level,tags

Environment Variables:
PATH=/usr/local/sbin:/usr/local/bin:/usr/sbin:/usr/bin:/sbin:/bin
SHELL=/bin/sh

Signal Handlers:
SIGSEGV: [libjvm.so+0xd28b70], sa_mask[0]=11111111011111111101111111111110, sa_flags=SA_RESTART|SA_SIGINFO
SIGBUS: [libjvm.so+0xd28b70], sa_mask[0]=11111111011111111101111111111110, sa_flags=SA_RESTART|SA_SIGINFO
SIGFPE: [libjvm.so+0xd28b70], sa_mask[0]=11111111011111111101111111111110, sa_flags=SA_RESTART|SA_SIGINFO
SIGPIPE: [libjvm.so+0xb2a1f0], sa_mask[0]=11111111011111111101111111111110, sa_flags=SA_RESTART|SA_SIGINFO
SIGXFSZ: [libjvm.so+0xb2a1f0], sa_mask[0]=11111111011111111101111111111110, sa_flags=SA_RESTART|SA_SIGINFO
SIGILL: [libjvm.so+0xd28b70], sa_mask[0]=11111111011111111101111111111110, sa_flags=SA_RESTART|SA_SIGINFO
SIGUSR2: [libjvm.so+0xb2a030], sa_mask[0]=00000000000000000000000000000000, sa_flags=SA_RESTART|SA_SIGINFO
SIGHUP: SIG_DFL, sa_mask[0]=00000000000000000000000000000000, sa_flags=none
SIGINT: SIG_DFL, sa_mask[0]=00000000000000000000000000000000, sa_flags=none
SIGTERM: SIG_DFL, sa_mask[0]=00000000000000000000000000000000, sa_flags=none
SIGQUIT: SIG_DFL, sa_mask[0]=00000000000000000000000000000000, sa_flags=none


---------------  S Y S T E M  ---------------

OS:DISTRIB_ID=Ubuntu
DISTRIB_RELEASE=18.04
DISTRIB_CODENAME=bionic
DISTRIB_DESCRIPTION="Ubuntu 18.04.2 LTS"
uname:Linux 4.15.0-46-generic #49-Ubuntu SMP Wed Feb 6 09:33:07 UTC 2019 x86_64
libc:glibc 2.27 NPTL 2.27 
rlimit: STACK 8192k, CORE 0k, NPROC 15099, NOFILE 4096, AS infinity, DATA infinity, FSIZE infinity
load average:1.35 1.37 1.39

/proc/meminfo:
MemTotal:        3943748 kB
MemFree:          115588 kB
MemAvailable:    1205620 kB
Buffers:           35512 kB
Cached:          1254056 kB
SwapCached:         8760 kB
Active:          2787888 kB
Inactive:         845356 kB
Active(anon):    1906664 kB
Inactive(anon):   467080 kB
Active(file):     881224 kB
Inactive(file):   378276 kB
Unevictable:           0 kB
Mlocked:               0 kB
SwapTotal:        999420 kB
SwapFree:         602288 kB
Dirty:              6592 kB
Writeback:             0 kB
AnonPages:       2341496 kB
Mapped:           139760 kB
Shmem:             30068 kB
Slab:             107396 kB
SReclaimable:      66596 kB
SUnreclaim:        40800 kB
KernelStack:        5976 kB
PageTables:        24320 kB
NFS_Unstable:          0 kB
Bounce:                0 kB
WritebackTmp:          0 kB
CommitLimit:     2971292 kB
Committed_AS:    3242996 kB
VmallocTotal:   34359738367 kB
VmallocUsed:           0 kB
VmallocChunk:          0 kB
HardwareCorrupted:     0 kB
AnonHugePages:         0 kB
ShmemHugePages:        0 kB
ShmemPmdMapped:        0 kB
CmaTotal:              0 kB
CmaFree:               0 kB
HugePages_Total:       0
HugePages_Free:        0
HugePages_Rsvd:        0
HugePages_Surp:        0
Hugepagesize:       2048 kB
DirectMap4k:      158320 kB
DirectMap2M:     3940352 kB
DirectMap1G:           0 kB

container (cgroup) information:
container_type: cgroupv1
cpu_cpuset_cpus: 0-3
cpu_memory_nodes: 0
active_processor_count: 4
cpu_quota: -1
cpu_period: 100000
cpu_shares: -1
memory_limit_in_bytes: -1
memory_and_swap_limit_in_bytes: -2
memory_soft_limit_in_bytes: -1
memory_usage_in_bytes: 3719757824
memory_max_usage_in_bytes: 2048000


CPU:total 4 (initial active 4) (2 cores per cpu, 2 threads per core) family 6 model 69 stepping 1, cmov, cx8, fxsr, mmx, sse, sse2, sse3, ssse3, sse4.1, sse4.2, popcnt, avx, avx2, aes, clmul, erms, lzcnt, ht, tsc, tscinvbit, bmi1, bmi2, fma
CPU Model and flags from /proc/cpuinfo:
model name	: Intel(R) Core(TM) i7-4500U CPU @ 1.80GHz
flags		: fpu vme de pse tsc msr pae mce cx8 apic sep mtrr pge mca cmov pat pse36 clflush dts acpi mmx fxsr sse sse2 ss ht tm pbe syscall nx pdpe1gb rdtscp lm constant_tsc arch_perfmon pebs bts rep_good nopl xtopology nonstop_tsc cpuid aperfmperf pni pclmulqdq dtes64 monitor ds_cpl vmx est tm2 ssse3 sdbg fma cx16 xtpr pdcm pcid sse4_1 sse4_2 movbe popcnt tsc_deadline_timer aes xsave avx f16c rdrand lahf_lm abm cpuid_fault epb invpcid_single pti ssbd ibrs ibpb stibp tpr_shadow vnmi flexpriority ept vpid fsgsbase tsc_adjust bmi1 avx2 smep bmi2 erms invpcid xsaveopt dtherm ida arat pln pts flush_l1d

Memory: 4k page, physical 3943748k(114844k free), swap 999420k(602288k free)

vm_info: OpenJDK 64-Bit Server VM (10.0.2+13-Ubuntu-1ubuntu0.18.04.4) for linux-amd64 JRE (10.0.2+13-Ubuntu-1ubuntu0.18.04.4), built on Nov 13 2018 12:53:39 by "buildd" with gcc 7.3.0

END.
