#
# There is insufficient memory for the Java Runtime Environment to continue.
# Native memory allocation (mmap) failed to map 3221225472 bytes for committing reserved memory.
# Possible reasons:
#   The system is out of physical RAM or swap space
#   The process is running with CompressedOops enabled, and the Java Heap may be blocking the growth of the native heap
# Possible solutions:
#   Reduce memory load on the system
#   Increase physical memory or swap space
#   Check if swap backing store is full
#   Decrease Java heap size (-Xmx/-Xms)
#   Decrease number of Java threads
#   Decrease Java thread stack sizes (-Xss)
#   Set larger code cache with -XX:ReservedCodeCacheSize=
# This output file may be truncated or incomplete.
#
#  Out of Memory Error (os_linux.cpp:2706), pid=1684, tid=1685
#
# JRE version:  (10.0.2+13) (build )
# Java VM: OpenJDK 64-Bit Server VM (10.0.2+13-Ubuntu-1ubuntu0.18.04.4, mixed mode, aot, tiered, compressed oops, g1 gc, linux-amd64)
# Core dump will be written. Default location: Core dumps may be processed with "/usr/share/apport/apport %p %s %c %d %P" (or dumping to /opt/forno/minecraft/core.1684)
#

---------------  S U M M A R Y ------------

Command Line: -Xms3g -Xmx3g server.jar nogui

Host: Intel(R) Core(TM) i7-4500U CPU @ 1.80GHz, 4 cores, 3G, Ubuntu 18.04.2 LTS
Time: Thu Mar 21 06:53:02 2019 JST elapsed time: 0 seconds (0d 0h 0m 0s)

---------------  T H R E A D  ---------------

Current thread (0x00007f8cc0011000):  JavaThread "Unknown thread" [_thread_in_vm, id=1685, stack(0x00007f8cc9edc000,0x00007f8cc9fdd000)]

Stack: [0x00007f8cc9edc000,0x00007f8cc9fdd000],  sp=0x00007f8cc9fdb2e0,  free space=1020k
Native frames: (J=compiled Java code, A=aot compiled Java code, j=interpreted, Vv=VM code, C=native code)
V  [libjvm.so+0xd27ea4]
V  [libjvm.so+0xd28a4b]
V  [libjvm.so+0x64d415]
V  [libjvm.so+0xb2d7c8]
V  [libjvm.so+0xb2601d]
V  [libjvm.so+0x7662ff]
V  [libjvm.so+0x76653e]
V  [libjvm.so+0x769500]
V  [libjvm.so+0x7efa1c]
V  [libjvm.so+0x7f06df]
V  [libjvm.so+0x7f0b59]
V  [libjvm.so+0x7162cf]
V  [libjvm.so+0x71afd3]
V  [libjvm.so+0xce5dc2]
V  [libjvm.so+0xce60c6]
V  [libjvm.so+0x807d57]
V  [libjvm.so+0xcc7ac4]
V  [libjvm.so+0x8601b1]  JNI_CreateJavaVM+0x51
C  [libjli.so+0x3d83]
C  [libjli.so+0x89dd]
C  [libpthread.so.0+0x76db]  start_thread+0xdb


---------------  P R O C E S S  ---------------

Threads class SMR info:
_java_thread_list=0x00005619a9c3e6b0, length=0, elements={
}

Java Threads: ( => current thread )

Other Threads:
  0x00007f8cc0028000 GCTaskThread "GC Thread#0" [stack: 0x00007f8cc6005000,0x00007f8cc6105000] [id=1686]
  0x00007f8cc0029000 GCTaskThread "GC Thread#1" [stack: 0x00007f8cc5f03000,0x00007f8cc6003000] [id=1687]
  0x00007f8cc002b000 GCTaskThread "GC Thread#2" [stack: 0x00007f8cc5e01000,0x00007f8cc5f01000] [id=1688]
  0x00007f8cc002c800 GCTaskThread "GC Thread#3" [stack: 0x00007f8cc5cff000,0x00007f8cc5dff000] [id=1689]
  0x00007f8cc006a000 ConcurrentGCThread "G1 Main Marker" [stack: 0x00007f8cc4539000,0x00007f8cc4639000] [id=1690]
  0x00007f8cc006c000 ConcurrentGCThread "G1 Conc#0" [stack: 0x00007f8cc4437000,0x00007f8cc4537000] [id=1691]

[error occurred during error reporting (printing all threads), id 0xe0000002]

VM state:not at safepoint (not fully initialized)

VM Mutex/Monitor currently owned by a thread:  ([mutex/lock_event])
[0x00007f8cc000df30] Heap_lock - owner thread: 0x00007f8cc0011000

Heap address: 0x0000000700000000, size: 3072 MB, Compressed Oops mode: Non-zero based: 0x0000000700000000
Narrow klass base: 0x0000000000000000, Narrow klass shift: 0

GC Heap History (0 events):
No events

Deoptimization events (0 events):
No events

Classes redefined (0 events):
No events

Internal exceptions (0 events):
No events

Events (0 events):
No events


Dynamic libraries:
5619a9148000-5619a9149000 r-xp 00000000 fd:00 20185882                   /usr/lib/jvm/java-11-openjdk-amd64/bin/java
5619a9349000-5619a934a000 r--p 00001000 fd:00 20185882                   /usr/lib/jvm/java-11-openjdk-amd64/bin/java
5619a934a000-5619a934b000 rw-p 00002000 fd:00 20185882                   /usr/lib/jvm/java-11-openjdk-amd64/bin/java
5619a9c27000-5619a9c48000 rw-p 00000000 00:00 0                          [heap]
7f8c84000000-7f8c84021000 rw-p 00000000 00:00 0 
7f8c84021000-7f8c88000000 ---p 00000000 00:00 0 
7f8c8a000000-7f8c8c000000 rw-p 00000000 00:00 0 
7f8c8c000000-7f8c8c021000 rw-p 00000000 00:00 0 
7f8c8c021000-7f8c90000000 ---p 00000000 00:00 0 
7f8c90000000-7f8c90021000 rw-p 00000000 00:00 0 
7f8c90021000-7f8c94000000 ---p 00000000 00:00 0 
7f8c95000000-7f8c98000000 ---p 00000000 00:00 0 
7f8c98000000-7f8c98021000 rw-p 00000000 00:00 0 
7f8c98021000-7f8c9c000000 ---p 00000000 00:00 0 
7f8c9c000000-7f8c9c021000 rw-p 00000000 00:00 0 
7f8c9c021000-7f8ca0000000 ---p 00000000 00:00 0 
7f8ca0000000-7f8ca0021000 rw-p 00000000 00:00 0 
7f8ca0021000-7f8ca4000000 ---p 00000000 00:00 0 
7f8ca4b25000-7f8ca7b25000 ---p 00000000 00:00 0 
7f8ca7b25000-7f8ca7d95000 rwxp 00000000 00:00 0 
7f8ca7d95000-7f8ca80b5000 ---p 00000000 00:00 0 
7f8ca80b5000-7f8ca8325000 rwxp 00000000 00:00 0 
7f8ca8325000-7f8caf5ed000 ---p 00000000 00:00 0 
7f8caf5ed000-7f8caf85d000 rwxp 00000000 00:00 0 
7f8caf85d000-7f8cb6b25000 ---p 00000000 00:00 0 
7f8cb6b25000-7f8cc0000000 r--s 00000000 fd:00 20186057                   /usr/lib/jvm/java-11-openjdk-amd64/lib/modules
7f8cc0000000-7f8cc0083000 rw-p 00000000 00:00 0 
7f8cc0083000-7f8cc4000000 ---p 00000000 00:00 0 
7f8cc4031000-7f8cc4435000 rw-p 00000000 00:00 0 
7f8cc4435000-7f8cc4436000 ---p 00000000 00:00 0 
7f8cc4436000-7f8cc4537000 rw-p 00000000 00:00 0 
7f8cc4537000-7f8cc4538000 ---p 00000000 00:00 0 
7f8cc4538000-7f8cc46f9000 rw-p 00000000 00:00 0 
7f8cc46f9000-7f8cc58f9000 ---p 00000000 00:00 0 
7f8cc58f9000-7f8cc5cfd000 rw-p 00000000 00:00 0 
7f8cc5cfd000-7f8cc5cfe000 ---p 00000000 00:00 0 
7f8cc5cfe000-7f8cc5dff000 rw-p 00000000 00:00 0 
7f8cc5dff000-7f8cc5e00000 ---p 00000000 00:00 0 
7f8cc5e00000-7f8cc5f01000 rw-p 00000000 00:00 0 
7f8cc5f01000-7f8cc5f02000 ---p 00000000 00:00 0 
7f8cc5f02000-7f8cc6003000 rw-p 00000000 00:00 0 
7f8cc6003000-7f8cc6004000 ---p 00000000 00:00 0 
7f8cc6004000-7f8cc610a000 rw-p 00000000 00:00 0 
7f8cc610a000-7f8cc61f0000 ---p 00000000 00:00 0 
7f8cc61f0000-7f8cc61f5000 rw-p 00000000 00:00 0 
7f8cc61f5000-7f8cc62db000 ---p 00000000 00:00 0 
7f8cc62db000-7f8cc62e0000 r-xp 00000000 fd:00 20186039                   /usr/lib/jvm/java-11-openjdk-amd64/lib/libjimage.so
7f8cc62e0000-7f8cc64df000 ---p 00005000 fd:00 20186039                   /usr/lib/jvm/java-11-openjdk-amd64/lib/libjimage.so
7f8cc64df000-7f8cc64e0000 r--p 00004000 fd:00 20186039                   /usr/lib/jvm/java-11-openjdk-amd64/lib/libjimage.so
7f8cc64e0000-7f8cc64e1000 rw-p 00005000 fd:00 20186039                   /usr/lib/jvm/java-11-openjdk-amd64/lib/libjimage.so
7f8cc64e1000-7f8cc64e8000 r-xp 00000000 fd:00 20186056                   /usr/lib/jvm/java-11-openjdk-amd64/lib/libzip.so
7f8cc64e8000-7f8cc66e7000 ---p 00007000 fd:00 20186056                   /usr/lib/jvm/java-11-openjdk-amd64/lib/libzip.so
7f8cc66e7000-7f8cc66e8000 r--p 00006000 fd:00 20186056                   /usr/lib/jvm/java-11-openjdk-amd64/lib/libzip.so
7f8cc66e8000-7f8cc66e9000 rw-p 00007000 fd:00 20186056                   /usr/lib/jvm/java-11-openjdk-amd64/lib/libzip.so
7f8cc66e9000-7f8cc66f4000 r-xp 00000000 fd:00 44176093                   /lib/x86_64-linux-gnu/libnss_files-2.27.so
7f8cc66f4000-7f8cc68f3000 ---p 0000b000 fd:00 44176093                   /lib/x86_64-linux-gnu/libnss_files-2.27.so
7f8cc68f3000-7f8cc68f4000 r--p 0000a000 fd:00 44176093                   /lib/x86_64-linux-gnu/libnss_files-2.27.so
7f8cc68f4000-7f8cc68f5000 rw-p 0000b000 fd:00 44176093                   /lib/x86_64-linux-gnu/libnss_files-2.27.so
7f8cc68f5000-7f8cc68fb000 rw-p 00000000 00:00 0 
7f8cc68fb000-7f8cc6912000 r-xp 00000000 fd:00 44176087                   /lib/x86_64-linux-gnu/libnsl-2.27.so
7f8cc6912000-7f8cc6b11000 ---p 00017000 fd:00 44176087                   /lib/x86_64-linux-gnu/libnsl-2.27.so
7f8cc6b11000-7f8cc6b12000 r--p 00016000 fd:00 44176087                   /lib/x86_64-linux-gnu/libnsl-2.27.so
7f8cc6b12000-7f8cc6b13000 rw-p 00017000 fd:00 44176087                   /lib/x86_64-linux-gnu/libnsl-2.27.so
7f8cc6b13000-7f8cc6b15000 rw-p 00000000 00:00 0 
7f8cc6b15000-7f8cc6b20000 r-xp 00000000 fd:00 44176104                   /lib/x86_64-linux-gnu/libnss_nis-2.27.so
7f8cc6b20000-7f8cc6d1f000 ---p 0000b000 fd:00 44176104                   /lib/x86_64-linux-gnu/libnss_nis-2.27.so
7f8cc6d1f000-7f8cc6d20000 r--p 0000a000 fd:00 44176104                   /lib/x86_64-linux-gnu/libnss_nis-2.27.so
7f8cc6d20000-7f8cc6d21000 rw-p 0000b000 fd:00 44176104                   /lib/x86_64-linux-gnu/libnss_nis-2.27.so
7f8cc6d21000-7f8cc6d29000 r-xp 00000000 fd:00 44176089                   /lib/x86_64-linux-gnu/libnss_compat-2.27.so
7f8cc6d29000-7f8cc6f29000 ---p 00008000 fd:00 44176089                   /lib/x86_64-linux-gnu/libnss_compat-2.27.so
7f8cc6f29000-7f8cc6f2a000 r--p 00008000 fd:00 44176089                   /lib/x86_64-linux-gnu/libnss_compat-2.27.so
7f8cc6f2a000-7f8cc6f2b000 rw-p 00009000 fd:00 44176089                   /lib/x86_64-linux-gnu/libnss_compat-2.27.so
7f8cc6f2b000-7f8cc6f57000 r-xp 00000000 fd:00 20186035                   /usr/lib/jvm/java-11-openjdk-amd64/lib/libjava.so
7f8cc6f57000-7f8cc7156000 ---p 0002c000 fd:00 20186035                   /usr/lib/jvm/java-11-openjdk-amd64/lib/libjava.so
7f8cc7156000-7f8cc7157000 r--p 0002b000 fd:00 20186035                   /usr/lib/jvm/java-11-openjdk-amd64/lib/libjava.so
7f8cc7157000-7f8cc7159000 rw-p 0002c000 fd:00 20186035                   /usr/lib/jvm/java-11-openjdk-amd64/lib/libjava.so
7f8cc7159000-7f8cc7166000 r-xp 00000000 fd:00 20186055                   /usr/lib/jvm/java-11-openjdk-amd64/lib/libverify.so
7f8cc7166000-7f8cc7365000 ---p 0000d000 fd:00 20186055                   /usr/lib/jvm/java-11-openjdk-amd64/lib/libverify.so
7f8cc7365000-7f8cc7367000 r--p 0000c000 fd:00 20186055                   /usr/lib/jvm/java-11-openjdk-amd64/lib/libverify.so
7f8cc7367000-7f8cc7368000 rw-p 0000e000 fd:00 20186055                   /usr/lib/jvm/java-11-openjdk-amd64/lib/libverify.so
7f8cc7368000-7f8cc736f000 r-xp 00000000 fd:00 44176144                   /lib/x86_64-linux-gnu/librt-2.27.so
7f8cc736f000-7f8cc756e000 ---p 00007000 fd:00 44176144                   /lib/x86_64-linux-gnu/librt-2.27.so
7f8cc756e000-7f8cc756f000 r--p 00006000 fd:00 44176144                   /lib/x86_64-linux-gnu/librt-2.27.so
7f8cc756f000-7f8cc7570000 rw-p 00007000 fd:00 44176144                   /lib/x86_64-linux-gnu/librt-2.27.so
7f8cc7570000-7f8cc7587000 r-xp 00000000 fd:00 44175907                   /lib/x86_64-linux-gnu/libgcc_s.so.1
7f8cc7587000-7f8cc7786000 ---p 00017000 fd:00 44175907                   /lib/x86_64-linux-gnu/libgcc_s.so.1
7f8cc7786000-7f8cc7787000 r--p 00016000 fd:00 44175907                   /lib/x86_64-linux-gnu/libgcc_s.so.1
7f8cc7787000-7f8cc7788000 rw-p 00017000 fd:00 44175907                   /lib/x86_64-linux-gnu/libgcc_s.so.1
7f8cc7788000-7f8cc7925000 r-xp 00000000 fd:00 44176066                   /lib/x86_64-linux-gnu/libm-2.27.so
7f8cc7925000-7f8cc7b24000 ---p 0019d000 fd:00 44176066                   /lib/x86_64-linux-gnu/libm-2.27.so
7f8cc7b24000-7f8cc7b25000 r--p 0019c000 fd:00 44176066                   /lib/x86_64-linux-gnu/libm-2.27.so
7f8cc7b25000-7f8cc7b26000 rw-p 0019d000 fd:00 44176066                   /lib/x86_64-linux-gnu/libm-2.27.so
7f8cc7b26000-7f8cc7c9f000 r-xp 00000000 fd:00 18090134                   /usr/lib/x86_64-linux-gnu/libstdc++.so.6.0.25
7f8cc7c9f000-7f8cc7e9f000 ---p 00179000 fd:00 18090134                   /usr/lib/x86_64-linux-gnu/libstdc++.so.6.0.25
7f8cc7e9f000-7f8cc7ea9000 r--p 00179000 fd:00 18090134                   /usr/lib/x86_64-linux-gnu/libstdc++.so.6.0.25
7f8cc7ea9000-7f8cc7eab000 rw-p 00183000 fd:00 18090134                   /usr/lib/x86_64-linux-gnu/libstdc++.so.6.0.25
7f8cc7eab000-7f8cc7eaf000 rw-p 00000000 00:00 0 
7f8cc7eaf000-7f8cc8e4c000 r-xp 00000000 fd:00 20186062                   /usr/lib/jvm/java-11-openjdk-amd64/lib/server/libjvm.so
7f8cc8e4c000-7f8cc904c000 ---p 00f9d000 fd:00 20186062                   /usr/lib/jvm/java-11-openjdk-amd64/lib/server/libjvm.so
7f8cc904c000-7f8cc9110000 r--p 00f9d000 fd:00 20186062                   /usr/lib/jvm/java-11-openjdk-amd64/lib/server/libjvm.so
7f8cc9110000-7f8cc9148000 rw-p 01061000 fd:00 20186062                   /usr/lib/jvm/java-11-openjdk-amd64/lib/server/libjvm.so
7f8cc9148000-7f8cc9191000 rw-p 00000000 00:00 0 
7f8cc9191000-7f8cc91ab000 r-xp 00000000 fd:00 44176136                   /lib/x86_64-linux-gnu/libpthread-2.27.so
7f8cc91ab000-7f8cc93aa000 ---p 0001a000 fd:00 44176136                   /lib/x86_64-linux-gnu/libpthread-2.27.so
7f8cc93aa000-7f8cc93ab000 r--p 00019000 fd:00 44176136                   /lib/x86_64-linux-gnu/libpthread-2.27.so
7f8cc93ab000-7f8cc93ac000 rw-p 0001a000 fd:00 44176136                   /lib/x86_64-linux-gnu/libpthread-2.27.so
7f8cc93ac000-7f8cc93b0000 rw-p 00000000 00:00 0 
7f8cc93b0000-7f8cc93b3000 r-xp 00000000 fd:00 44176026                   /lib/x86_64-linux-gnu/libdl-2.27.so
7f8cc93b3000-7f8cc95b2000 ---p 00003000 fd:00 44176026                   /lib/x86_64-linux-gnu/libdl-2.27.so
7f8cc95b2000-7f8cc95b3000 r--p 00002000 fd:00 44176026                   /lib/x86_64-linux-gnu/libdl-2.27.so
7f8cc95b3000-7f8cc95b4000 rw-p 00003000 fd:00 44176026                   /lib/x86_64-linux-gnu/libdl-2.27.so
7f8cc95b4000-7f8cc95d0000 r-xp 00000000 fd:00 44176175                   /lib/x86_64-linux-gnu/libz.so.1.2.11
7f8cc95d0000-7f8cc97cf000 ---p 0001c000 fd:00 44176175                   /lib/x86_64-linux-gnu/libz.so.1.2.11
7f8cc97cf000-7f8cc97d0000 r--p 0001b000 fd:00 44176175                   /lib/x86_64-linux-gnu/libz.so.1.2.11
7f8cc97d0000-7f8cc97d1000 rw-p 0001c000 fd:00 44176175                   /lib/x86_64-linux-gnu/libz.so.1.2.11
7f8cc97d1000-7f8cc99b8000 r-xp 00000000 fd:00 44176003                   /lib/x86_64-linux-gnu/libc-2.27.so
7f8cc99b8000-7f8cc9bb8000 ---p 001e7000 fd:00 44176003                   /lib/x86_64-linux-gnu/libc-2.27.so
7f8cc9bb8000-7f8cc9bbc000 r--p 001e7000 fd:00 44176003                   /lib/x86_64-linux-gnu/libc-2.27.so
7f8cc9bbc000-7f8cc9bbe000 rw-p 001eb000 fd:00 44176003                   /lib/x86_64-linux-gnu/libc-2.27.so
7f8cc9bbe000-7f8cc9bc2000 rw-p 00000000 00:00 0 
7f8cc9bc2000-7f8cc9bd1000 r-xp 00000000 fd:00 20186020                   /usr/lib/jvm/java-11-openjdk-amd64/lib/jli/libjli.so
7f8cc9bd1000-7f8cc9dd0000 ---p 0000f000 fd:00 20186020                   /usr/lib/jvm/java-11-openjdk-amd64/lib/jli/libjli.so
7f8cc9dd0000-7f8cc9dd1000 r--p 0000e000 fd:00 20186020                   /usr/lib/jvm/java-11-openjdk-amd64/lib/jli/libjli.so
7f8cc9dd1000-7f8cc9dd2000 rw-p 0000f000 fd:00 20186020                   /usr/lib/jvm/java-11-openjdk-amd64/lib/jli/libjli.so
7f8cc9dd2000-7f8cc9df9000 r-xp 00000000 fd:00 44175975                   /lib/x86_64-linux-gnu/ld-2.27.so
7f8cc9e75000-7f8cc9edc000 rw-p 00000000 00:00 0 
7f8cc9edc000-7f8cc9ee0000 ---p 00000000 00:00 0 
7f8cc9ee0000-7f8cc9fdf000 rw-p 00000000 00:00 0 
7f8cc9fe0000-7f8cc9fe6000 rw-p 00000000 00:00 0 
7f8cc9fe6000-7f8cc9fed000 ---p 00000000 00:00 0 
7f8cc9fed000-7f8cc9ff5000 rw-s 00000000 fd:00 16121869                   /tmp/hsperfdata_minecraft/1684
7f8cc9ff5000-7f8cc9ff6000 ---p 00000000 00:00 0 
7f8cc9ff6000-7f8cc9ff7000 r--p 00000000 00:00 0 
7f8cc9ff7000-7f8cc9ff9000 rw-p 00000000 00:00 0 
7f8cc9ff9000-7f8cc9ffa000 r--p 00027000 fd:00 44175975                   /lib/x86_64-linux-gnu/ld-2.27.so
7f8cc9ffa000-7f8cc9ffb000 rw-p 00028000 fd:00 44175975                   /lib/x86_64-linux-gnu/ld-2.27.so
7f8cc9ffb000-7f8cc9ffc000 rw-p 00000000 00:00 0 
7ffe92f7c000-7ffe92f9d000 rw-p 00000000 00:00 0                          [stack]
7ffe92fe3000-7ffe92fe6000 r--p 00000000 00:00 0                          [vvar]
7ffe92fe6000-7ffe92fe8000 r-xp 00000000 00:00 0                          [vdso]
ffffffffff600000-ffffffffff601000 r-xp 00000000 00:00 0                  [vsyscall]


VM Arguments:
jvm_args: -Xms3g -Xmx3g 
java_command: server.jar nogui
java_class_path (initial): server.jar
Launcher Type: SUN_STANDARD

Logging:
Log output configuration:
#0: stdout all=warning uptime,level,tags
#1: stderr all=off uptime,level,tags

Environment Variables:
PATH=/usr/local/sbin:/usr/local/bin:/usr/sbin:/usr/bin:/sbin:/bin
SHELL=/bin/sh

Signal Handlers:
SIGSEGV: [libjvm.so+0xd28b70], sa_mask[0]=11111111011111111101111111111110, sa_flags=SA_RESTART|SA_SIGINFO
SIGBUS: [libjvm.so+0xd28b70], sa_mask[0]=11111111011111111101111111111110, sa_flags=SA_RESTART|SA_SIGINFO
SIGFPE: [libjvm.so+0xd28b70], sa_mask[0]=11111111011111111101111111111110, sa_flags=SA_RESTART|SA_SIGINFO
SIGPIPE: [libjvm.so+0xb2a1f0], sa_mask[0]=11111111011111111101111111111110, sa_flags=SA_RESTART|SA_SIGINFO
SIGXFSZ: [libjvm.so+0xb2a1f0], sa_mask[0]=11111111011111111101111111111110, sa_flags=SA_RESTART|SA_SIGINFO
SIGILL: [libjvm.so+0xd28b70], sa_mask[0]=11111111011111111101111111111110, sa_flags=SA_RESTART|SA_SIGINFO
SIGUSR2: [libjvm.so+0xb2a030], sa_mask[0]=00000000000000000000000000000000, sa_flags=SA_RESTART|SA_SIGINFO
SIGHUP: SIG_DFL, sa_mask[0]=00000000000000000000000000000000, sa_flags=none
SIGINT: SIG_DFL, sa_mask[0]=00000000000000000000000000000000, sa_flags=none
SIGTERM: SIG_DFL, sa_mask[0]=00000000000000000000000000000000, sa_flags=none
SIGQUIT: SIG_DFL, sa_mask[0]=00000000000000000000000000000000, sa_flags=none


---------------  S Y S T E M  ---------------

OS:DISTRIB_ID=Ubuntu
DISTRIB_RELEASE=18.04
DISTRIB_CODENAME=bionic
DISTRIB_DESCRIPTION="Ubuntu 18.04.2 LTS"
uname:Linux 4.15.0-46-generic #49-Ubuntu SMP Wed Feb 6 09:33:07 UTC 2019 x86_64
libc:glibc 2.27 NPTL 2.27 
rlimit: STACK 8192k, CORE 0k, NPROC 15099, NOFILE 4096, AS infinity, DATA infinity, FSIZE infinity
load average:1.84 1.49 1.36

/proc/meminfo:
MemTotal:        3943748 kB
MemFree:          117132 kB
MemAvailable:    1436332 kB
Buffers:           46544 kB
Cached:          1472664 kB
SwapCached:         6484 kB
Active:          2629016 kB
Inactive:        1005576 kB
Active(anon):    1774212 kB
Inactive(anon):   371312 kB
Active(file):     854804 kB
Inactive(file):   634264 kB
Unevictable:           0 kB
Mlocked:               0 kB
SwapTotal:        999420 kB
SwapFree:         588464 kB
Dirty:              3028 kB
Writeback:             0 kB
AnonPages:       2113472 kB
Mapped:            84104 kB
Shmem:             30068 kB
Slab:             106780 kB
SReclaimable:      65796 kB
SUnreclaim:        40984 kB
KernelStack:        5952 kB
PageTables:        23716 kB
NFS_Unstable:          0 kB
Bounce:                0 kB
WritebackTmp:          0 kB
CommitLimit:     2971292 kB
Committed_AS:    3176680 kB
VmallocTotal:   34359738367 kB
VmallocUsed:           0 kB
VmallocChunk:          0 kB
HardwareCorrupted:     0 kB
AnonHugePages:         0 kB
ShmemHugePages:        0 kB
ShmemPmdMapped:        0 kB
CmaTotal:              0 kB
CmaFree:               0 kB
HugePages_Total:       0
HugePages_Free:        0
HugePages_Rsvd:        0
HugePages_Surp:        0
Hugepagesize:       2048 kB
DirectMap4k:      158320 kB
DirectMap2M:     3940352 kB
DirectMap1G:           0 kB

container (cgroup) information:
container_type: cgroupv1
cpu_cpuset_cpus: 0-3
cpu_memory_nodes: 0
active_processor_count: 4
cpu_quota: -1
cpu_period: 100000
cpu_shares: -1
memory_limit_in_bytes: -1
memory_and_swap_limit_in_bytes: -2
memory_soft_limit_in_bytes: -1
memory_usage_in_bytes: 3721072640
memory_max_usage_in_bytes: 2048000


CPU:total 4 (initial active 4) (2 cores per cpu, 2 threads per core) family 6 model 69 stepping 1, cmov, cx8, fxsr, mmx, sse, sse2, sse3, ssse3, sse4.1, sse4.2, popcnt, avx, avx2, aes, clmul, erms, lzcnt, ht, tsc, tscinvbit, bmi1, bmi2, fma
CPU Model and flags from /proc/cpuinfo:
model name	: Intel(R) Core(TM) i7-4500U CPU @ 1.80GHz
flags		: fpu vme de pse tsc msr pae mce cx8 apic sep mtrr pge mca cmov pat pse36 clflush dts acpi mmx fxsr sse sse2 ss ht tm pbe syscall nx pdpe1gb rdtscp lm constant_tsc arch_perfmon pebs bts rep_good nopl xtopology nonstop_tsc cpuid aperfmperf pni pclmulqdq dtes64 monitor ds_cpl vmx est tm2 ssse3 sdbg fma cx16 xtpr pdcm pcid sse4_1 sse4_2 movbe popcnt tsc_deadline_timer aes xsave avx f16c rdrand lahf_lm abm cpuid_fault epb invpcid_single pti ssbd ibrs ibpb stibp tpr_shadow vnmi flexpriority ept vpid fsgsbase tsc_adjust bmi1 avx2 smep bmi2 erms invpcid xsaveopt dtherm ida arat pln pts flush_l1d

Memory: 4k page, physical 3943748k(116636k free), swap 999420k(588464k free)

vm_info: OpenJDK 64-Bit Server VM (10.0.2+13-Ubuntu-1ubuntu0.18.04.4) for linux-amd64 JRE (10.0.2+13-Ubuntu-1ubuntu0.18.04.4), built on Nov 13 2018 12:53:39 by "buildd" with gcc 7.3.0

END.
