#
# There is insufficient memory for the Java Runtime Environment to continue.
# Native memory allocation (mmap) failed to map 3221225472 bytes for committing reserved memory.
# Possible reasons:
#   The system is out of physical RAM or swap space
#   The process is running with CompressedOops enabled, and the Java Heap may be blocking the growth of the native heap
# Possible solutions:
#   Reduce memory load on the system
#   Increase physical memory or swap space
#   Check if swap backing store is full
#   Decrease Java heap size (-Xmx/-Xms)
#   Decrease number of Java threads
#   Decrease Java thread stack sizes (-Xss)
#   Set larger code cache with -XX:ReservedCodeCacheSize=
# This output file may be truncated or incomplete.
#
#  Out of Memory Error (os_linux.cpp:2706), pid=4739, tid=4740
#
# JRE version:  (10.0.2+13) (build )
# Java VM: OpenJDK 64-Bit Server VM (10.0.2+13-Ubuntu-1ubuntu0.18.04.4, mixed mode, aot, tiered, compressed oops, g1 gc, linux-amd64)
# Core dump will be written. Default location: Core dumps may be processed with "/usr/share/apport/apport %p %s %c %d %P" (or dumping to /opt/forno/minecraft/core.4739)
#

---------------  S U M M A R Y ------------

Command Line: -Xms3g -Xmx3g server.jar nogui

Host: Intel(R) Core(TM) i7-4500U CPU @ 1.80GHz, 4 cores, 3G, Ubuntu 18.04.2 LTS
Time: Thu Mar 21 10:06:50 2019 JST elapsed time: 0 seconds (0d 0h 0m 0s)

---------------  T H R E A D  ---------------

Current thread (0x00007fdda0011000):  JavaThread "Unknown thread" [_thread_in_vm, id=4740, stack(0x00007fdda8192000,0x00007fdda8293000)]

Stack: [0x00007fdda8192000,0x00007fdda8293000],  sp=0x00007fdda82912e0,  free space=1020k
Native frames: (J=compiled Java code, A=aot compiled Java code, j=interpreted, Vv=VM code, C=native code)
V  [libjvm.so+0xd27ea4]
V  [libjvm.so+0xd28a4b]
V  [libjvm.so+0x64d415]
V  [libjvm.so+0xb2d7c8]
V  [libjvm.so+0xb2601d]
V  [libjvm.so+0x7662ff]
V  [libjvm.so+0x76653e]
V  [libjvm.so+0x769500]
V  [libjvm.so+0x7efa1c]
V  [libjvm.so+0x7f06df]
V  [libjvm.so+0x7f0b59]
V  [libjvm.so+0x7162cf]
V  [libjvm.so+0x71afd3]
V  [libjvm.so+0xce5dc2]
V  [libjvm.so+0xce60c6]
V  [libjvm.so+0x807d57]
V  [libjvm.so+0xcc7ac4]
V  [libjvm.so+0x8601b1]  JNI_CreateJavaVM+0x51
C  [libjli.so+0x3d83]
C  [libjli.so+0x89dd]
C  [libpthread.so.0+0x76db]  start_thread+0xdb


---------------  P R O C E S S  ---------------

Threads class SMR info:
_java_thread_list=0x00005606f8c986b0, length=0, elements={
}

Java Threads: ( => current thread )

Other Threads:
  0x00007fdda0028000 GCTaskThread "GC Thread#0" [stack: 0x00007fdda42bb000,0x00007fdda43bb000] [id=4741]
  0x00007fdda0029000 GCTaskThread "GC Thread#1" [stack: 0x00007fdda41b9000,0x00007fdda42b9000] [id=4742]
  0x00007fdda002b000 GCTaskThread "GC Thread#2" [stack: 0x00007fdda40b7000,0x00007fdda41b7000] [id=4743]
  0x00007fdda002c800 GCTaskThread "GC Thread#3" [stack: 0x00007fdd87a25000,0x00007fdd87b25000] [id=4744]
  0x00007fdda006a000 ConcurrentGCThread "G1 Main Marker" [stack: 0x00007fdd8625f000,0x00007fdd8635f000] [id=4745]
  0x00007fdda006c000 ConcurrentGCThread "G1 Conc#0" [stack: 0x00007fdd8615d000,0x00007fdd8625d000] [id=4746]

[error occurred during error reporting (printing all threads), id 0xe0000002]

VM state:not at safepoint (not fully initialized)

VM Mutex/Monitor currently owned by a thread:  ([mutex/lock_event])
[0x00007fdda000df30] Heap_lock - owner thread: 0x00007fdda0011000

Heap address: 0x0000000700000000, size: 3072 MB, Compressed Oops mode: Non-zero based: 0x0000000700000000
Narrow klass base: 0x0000000000000000, Narrow klass shift: 0

GC Heap History (0 events):
No events

Deoptimization events (0 events):
No events

Classes redefined (0 events):
No events

Internal exceptions (0 events):
No events

Events (0 events):
No events


Dynamic libraries:
5606f86fb000-5606f86fc000 r-xp 00000000 fd:00 20185882                   /usr/lib/jvm/java-11-openjdk-amd64/bin/java
5606f88fc000-5606f88fd000 r--p 00001000 fd:00 20185882                   /usr/lib/jvm/java-11-openjdk-amd64/bin/java
5606f88fd000-5606f88fe000 rw-p 00002000 fd:00 20185882                   /usr/lib/jvm/java-11-openjdk-amd64/bin/java
5606f8c81000-5606f8ca2000 rw-p 00000000 00:00 0                          [heap]
7fdd60000000-7fdd60021000 rw-p 00000000 00:00 0 
7fdd60021000-7fdd64000000 ---p 00000000 00:00 0 
7fdd68000000-7fdd68021000 rw-p 00000000 00:00 0 
7fdd68021000-7fdd6c000000 ---p 00000000 00:00 0 
7fdd6d000000-7fdd70000000 ---p 00000000 00:00 0 
7fdd70000000-7fdd70021000 rw-p 00000000 00:00 0 
7fdd70021000-7fdd74000000 ---p 00000000 00:00 0 
7fdd74cfd000-7fdd75000000 rw-p 00000000 00:00 0 
7fdd75000000-7fdd78000000 ---p 00000000 00:00 0 
7fdd78000000-7fdd78021000 rw-p 00000000 00:00 0 
7fdd78021000-7fdd7c000000 ---p 00000000 00:00 0 
7fdd7c000000-7fdd7c021000 rw-p 00000000 00:00 0 
7fdd7c021000-7fdd80000000 ---p 00000000 00:00 0 
7fdd80000000-7fdd80021000 rw-p 00000000 00:00 0 
7fdd80021000-7fdd84000000 ---p 00000000 00:00 0 
7fdd8405a000-7fdd8615b000 rw-p 00000000 00:00 0 
7fdd8615b000-7fdd8615c000 ---p 00000000 00:00 0 
7fdd8615c000-7fdd8625d000 rw-p 00000000 00:00 0 
7fdd8625d000-7fdd8625e000 ---p 00000000 00:00 0 
7fdd8625e000-7fdd8641f000 rw-p 00000000 00:00 0 
7fdd8641f000-7fdd8761f000 ---p 00000000 00:00 0 
7fdd8761f000-7fdd87a23000 rw-p 00000000 00:00 0 
7fdd87a23000-7fdd87a24000 ---p 00000000 00:00 0 
7fdd87a24000-7fdd87b25000 rw-p 00000000 00:00 0 
7fdd87b25000-7fdd87d95000 rwxp 00000000 00:00 0 
7fdd87d95000-7fdd880b5000 ---p 00000000 00:00 0 
7fdd880b5000-7fdd88325000 rwxp 00000000 00:00 0 
7fdd88325000-7fdd8f5ed000 ---p 00000000 00:00 0 
7fdd8f5ed000-7fdd8f85d000 rwxp 00000000 00:00 0 
7fdd8f85d000-7fdd96b25000 ---p 00000000 00:00 0 
7fdd96b25000-7fdda0000000 r--s 00000000 fd:00 20186057                   /usr/lib/jvm/java-11-openjdk-amd64/lib/modules
7fdda0000000-7fdda0083000 rw-p 00000000 00:00 0 
7fdda0083000-7fdda4000000 ---p 00000000 00:00 0 
7fdda40b5000-7fdda40b6000 ---p 00000000 00:00 0 
7fdda40b6000-7fdda41b7000 rw-p 00000000 00:00 0 
7fdda41b7000-7fdda41b8000 ---p 00000000 00:00 0 
7fdda41b8000-7fdda42b9000 rw-p 00000000 00:00 0 
7fdda42b9000-7fdda42ba000 ---p 00000000 00:00 0 
7fdda42ba000-7fdda43c0000 rw-p 00000000 00:00 0 
7fdda43c0000-7fdda44a6000 ---p 00000000 00:00 0 
7fdda44a6000-7fdda44ab000 rw-p 00000000 00:00 0 
7fdda44ab000-7fdda4591000 ---p 00000000 00:00 0 
7fdda4591000-7fdda4596000 r-xp 00000000 fd:00 20186039                   /usr/lib/jvm/java-11-openjdk-amd64/lib/libjimage.so
7fdda4596000-7fdda4795000 ---p 00005000 fd:00 20186039                   /usr/lib/jvm/java-11-openjdk-amd64/lib/libjimage.so
7fdda4795000-7fdda4796000 r--p 00004000 fd:00 20186039                   /usr/lib/jvm/java-11-openjdk-amd64/lib/libjimage.so
7fdda4796000-7fdda4797000 rw-p 00005000 fd:00 20186039                   /usr/lib/jvm/java-11-openjdk-amd64/lib/libjimage.so
7fdda4797000-7fdda479e000 r-xp 00000000 fd:00 20186056                   /usr/lib/jvm/java-11-openjdk-amd64/lib/libzip.so
7fdda479e000-7fdda499d000 ---p 00007000 fd:00 20186056                   /usr/lib/jvm/java-11-openjdk-amd64/lib/libzip.so
7fdda499d000-7fdda499e000 r--p 00006000 fd:00 20186056                   /usr/lib/jvm/java-11-openjdk-amd64/lib/libzip.so
7fdda499e000-7fdda499f000 rw-p 00007000 fd:00 20186056                   /usr/lib/jvm/java-11-openjdk-amd64/lib/libzip.so
7fdda499f000-7fdda49aa000 r-xp 00000000 fd:00 44176093                   /lib/x86_64-linux-gnu/libnss_files-2.27.so
7fdda49aa000-7fdda4ba9000 ---p 0000b000 fd:00 44176093                   /lib/x86_64-linux-gnu/libnss_files-2.27.so
7fdda4ba9000-7fdda4baa000 r--p 0000a000 fd:00 44176093                   /lib/x86_64-linux-gnu/libnss_files-2.27.so
7fdda4baa000-7fdda4bab000 rw-p 0000b000 fd:00 44176093                   /lib/x86_64-linux-gnu/libnss_files-2.27.so
7fdda4bab000-7fdda4bb1000 rw-p 00000000 00:00 0 
7fdda4bb1000-7fdda4bc8000 r-xp 00000000 fd:00 44176087                   /lib/x86_64-linux-gnu/libnsl-2.27.so
7fdda4bc8000-7fdda4dc7000 ---p 00017000 fd:00 44176087                   /lib/x86_64-linux-gnu/libnsl-2.27.so
7fdda4dc7000-7fdda4dc8000 r--p 00016000 fd:00 44176087                   /lib/x86_64-linux-gnu/libnsl-2.27.so
7fdda4dc8000-7fdda4dc9000 rw-p 00017000 fd:00 44176087                   /lib/x86_64-linux-gnu/libnsl-2.27.so
7fdda4dc9000-7fdda4dcb000 rw-p 00000000 00:00 0 
7fdda4dcb000-7fdda4dd6000 r-xp 00000000 fd:00 44176104                   /lib/x86_64-linux-gnu/libnss_nis-2.27.so
7fdda4dd6000-7fdda4fd5000 ---p 0000b000 fd:00 44176104                   /lib/x86_64-linux-gnu/libnss_nis-2.27.so
7fdda4fd5000-7fdda4fd6000 r--p 0000a000 fd:00 44176104                   /lib/x86_64-linux-gnu/libnss_nis-2.27.so
7fdda4fd6000-7fdda4fd7000 rw-p 0000b000 fd:00 44176104                   /lib/x86_64-linux-gnu/libnss_nis-2.27.so
7fdda4fd7000-7fdda4fdf000 r-xp 00000000 fd:00 44176089                   /lib/x86_64-linux-gnu/libnss_compat-2.27.so
7fdda4fdf000-7fdda51df000 ---p 00008000 fd:00 44176089                   /lib/x86_64-linux-gnu/libnss_compat-2.27.so
7fdda51df000-7fdda51e0000 r--p 00008000 fd:00 44176089                   /lib/x86_64-linux-gnu/libnss_compat-2.27.so
7fdda51e0000-7fdda51e1000 rw-p 00009000 fd:00 44176089                   /lib/x86_64-linux-gnu/libnss_compat-2.27.so
7fdda51e1000-7fdda520d000 r-xp 00000000 fd:00 20186035                   /usr/lib/jvm/java-11-openjdk-amd64/lib/libjava.so
7fdda520d000-7fdda540c000 ---p 0002c000 fd:00 20186035                   /usr/lib/jvm/java-11-openjdk-amd64/lib/libjava.so
7fdda540c000-7fdda540d000 r--p 0002b000 fd:00 20186035                   /usr/lib/jvm/java-11-openjdk-amd64/lib/libjava.so
7fdda540d000-7fdda540f000 rw-p 0002c000 fd:00 20186035                   /usr/lib/jvm/java-11-openjdk-amd64/lib/libjava.so
7fdda540f000-7fdda541c000 r-xp 00000000 fd:00 20186055                   /usr/lib/jvm/java-11-openjdk-amd64/lib/libverify.so
7fdda541c000-7fdda561b000 ---p 0000d000 fd:00 20186055                   /usr/lib/jvm/java-11-openjdk-amd64/lib/libverify.so
7fdda561b000-7fdda561d000 r--p 0000c000 fd:00 20186055                   /usr/lib/jvm/java-11-openjdk-amd64/lib/libverify.so
7fdda561d000-7fdda561e000 rw-p 0000e000 fd:00 20186055                   /usr/lib/jvm/java-11-openjdk-amd64/lib/libverify.so
7fdda561e000-7fdda5625000 r-xp 00000000 fd:00 44176144                   /lib/x86_64-linux-gnu/librt-2.27.so
7fdda5625000-7fdda5824000 ---p 00007000 fd:00 44176144                   /lib/x86_64-linux-gnu/librt-2.27.so
7fdda5824000-7fdda5825000 r--p 00006000 fd:00 44176144                   /lib/x86_64-linux-gnu/librt-2.27.so
7fdda5825000-7fdda5826000 rw-p 00007000 fd:00 44176144                   /lib/x86_64-linux-gnu/librt-2.27.so
7fdda5826000-7fdda583d000 r-xp 00000000 fd:00 44175907                   /lib/x86_64-linux-gnu/libgcc_s.so.1
7fdda583d000-7fdda5a3c000 ---p 00017000 fd:00 44175907                   /lib/x86_64-linux-gnu/libgcc_s.so.1
7fdda5a3c000-7fdda5a3d000 r--p 00016000 fd:00 44175907                   /lib/x86_64-linux-gnu/libgcc_s.so.1
7fdda5a3d000-7fdda5a3e000 rw-p 00017000 fd:00 44175907                   /lib/x86_64-linux-gnu/libgcc_s.so.1
7fdda5a3e000-7fdda5bdb000 r-xp 00000000 fd:00 44176066                   /lib/x86_64-linux-gnu/libm-2.27.so
7fdda5bdb000-7fdda5dda000 ---p 0019d000 fd:00 44176066                   /lib/x86_64-linux-gnu/libm-2.27.so
7fdda5dda000-7fdda5ddb000 r--p 0019c000 fd:00 44176066                   /lib/x86_64-linux-gnu/libm-2.27.so
7fdda5ddb000-7fdda5ddc000 rw-p 0019d000 fd:00 44176066                   /lib/x86_64-linux-gnu/libm-2.27.so
7fdda5ddc000-7fdda5f55000 r-xp 00000000 fd:00 18090134                   /usr/lib/x86_64-linux-gnu/libstdc++.so.6.0.25
7fdda5f55000-7fdda6155000 ---p 00179000 fd:00 18090134                   /usr/lib/x86_64-linux-gnu/libstdc++.so.6.0.25
7fdda6155000-7fdda615f000 r--p 00179000 fd:00 18090134                   /usr/lib/x86_64-linux-gnu/libstdc++.so.6.0.25
7fdda615f000-7fdda6161000 rw-p 00183000 fd:00 18090134                   /usr/lib/x86_64-linux-gnu/libstdc++.so.6.0.25
7fdda6161000-7fdda6165000 rw-p 00000000 00:00 0 
7fdda6165000-7fdda7102000 r-xp 00000000 fd:00 20186062                   /usr/lib/jvm/java-11-openjdk-amd64/lib/server/libjvm.so
7fdda7102000-7fdda7302000 ---p 00f9d000 fd:00 20186062                   /usr/lib/jvm/java-11-openjdk-amd64/lib/server/libjvm.so
7fdda7302000-7fdda73c6000 r--p 00f9d000 fd:00 20186062                   /usr/lib/jvm/java-11-openjdk-amd64/lib/server/libjvm.so
7fdda73c6000-7fdda73fe000 rw-p 01061000 fd:00 20186062                   /usr/lib/jvm/java-11-openjdk-amd64/lib/server/libjvm.so
7fdda73fe000-7fdda7447000 rw-p 00000000 00:00 0 
7fdda7447000-7fdda7461000 r-xp 00000000 fd:00 44176136                   /lib/x86_64-linux-gnu/libpthread-2.27.so
7fdda7461000-7fdda7660000 ---p 0001a000 fd:00 44176136                   /lib/x86_64-linux-gnu/libpthread-2.27.so
7fdda7660000-7fdda7661000 r--p 00019000 fd:00 44176136                   /lib/x86_64-linux-gnu/libpthread-2.27.so
7fdda7661000-7fdda7662000 rw-p 0001a000 fd:00 44176136                   /lib/x86_64-linux-gnu/libpthread-2.27.so
7fdda7662000-7fdda7666000 rw-p 00000000 00:00 0 
7fdda7666000-7fdda7669000 r-xp 00000000 fd:00 44176026                   /lib/x86_64-linux-gnu/libdl-2.27.so
7fdda7669000-7fdda7868000 ---p 00003000 fd:00 44176026                   /lib/x86_64-linux-gnu/libdl-2.27.so
7fdda7868000-7fdda7869000 r--p 00002000 fd:00 44176026                   /lib/x86_64-linux-gnu/libdl-2.27.so
7fdda7869000-7fdda786a000 rw-p 00003000 fd:00 44176026                   /lib/x86_64-linux-gnu/libdl-2.27.so
7fdda786a000-7fdda7886000 r-xp 00000000 fd:00 44176175                   /lib/x86_64-linux-gnu/libz.so.1.2.11
7fdda7886000-7fdda7a85000 ---p 0001c000 fd:00 44176175                   /lib/x86_64-linux-gnu/libz.so.1.2.11
7fdda7a85000-7fdda7a86000 r--p 0001b000 fd:00 44176175                   /lib/x86_64-linux-gnu/libz.so.1.2.11
7fdda7a86000-7fdda7a87000 rw-p 0001c000 fd:00 44176175                   /lib/x86_64-linux-gnu/libz.so.1.2.11
7fdda7a87000-7fdda7c6e000 r-xp 00000000 fd:00 44176003                   /lib/x86_64-linux-gnu/libc-2.27.so
7fdda7c6e000-7fdda7e6e000 ---p 001e7000 fd:00 44176003                   /lib/x86_64-linux-gnu/libc-2.27.so
7fdda7e6e000-7fdda7e72000 r--p 001e7000 fd:00 44176003                   /lib/x86_64-linux-gnu/libc-2.27.so
7fdda7e72000-7fdda7e74000 rw-p 001eb000 fd:00 44176003                   /lib/x86_64-linux-gnu/libc-2.27.so
7fdda7e74000-7fdda7e78000 rw-p 00000000 00:00 0 
7fdda7e78000-7fdda7e87000 r-xp 00000000 fd:00 20186020                   /usr/lib/jvm/java-11-openjdk-amd64/lib/jli/libjli.so
7fdda7e87000-7fdda8086000 ---p 0000f000 fd:00 20186020                   /usr/lib/jvm/java-11-openjdk-amd64/lib/jli/libjli.so
7fdda8086000-7fdda8087000 r--p 0000e000 fd:00 20186020                   /usr/lib/jvm/java-11-openjdk-amd64/lib/jli/libjli.so
7fdda8087000-7fdda8088000 rw-p 0000f000 fd:00 20186020                   /usr/lib/jvm/java-11-openjdk-amd64/lib/jli/libjli.so
7fdda8088000-7fdda80af000 r-xp 00000000 fd:00 44175975                   /lib/x86_64-linux-gnu/ld-2.27.so
7fdda812b000-7fdda8192000 rw-p 00000000 00:00 0 
7fdda8192000-7fdda8196000 ---p 00000000 00:00 0 
7fdda8196000-7fdda8295000 rw-p 00000000 00:00 0 
7fdda8296000-7fdda829c000 rw-p 00000000 00:00 0 
7fdda829c000-7fdda82a3000 ---p 00000000 00:00 0 
7fdda82a3000-7fdda82ab000 rw-s 00000000 fd:00 16121869                   /tmp/hsperfdata_minecraft/4739
7fdda82ab000-7fdda82ac000 ---p 00000000 00:00 0 
7fdda82ac000-7fdda82ad000 r--p 00000000 00:00 0 
7fdda82ad000-7fdda82af000 rw-p 00000000 00:00 0 
7fdda82af000-7fdda82b0000 r--p 00027000 fd:00 44175975                   /lib/x86_64-linux-gnu/ld-2.27.so
7fdda82b0000-7fdda82b1000 rw-p 00028000 fd:00 44175975                   /lib/x86_64-linux-gnu/ld-2.27.so
7fdda82b1000-7fdda82b2000 rw-p 00000000 00:00 0 
7ffe28097000-7ffe280b8000 rw-p 00000000 00:00 0                          [stack]
7ffe28101000-7ffe28104000 r--p 00000000 00:00 0                          [vvar]
7ffe28104000-7ffe28106000 r-xp 00000000 00:00 0                          [vdso]
ffffffffff600000-ffffffffff601000 r-xp 00000000 00:00 0                  [vsyscall]


VM Arguments:
jvm_args: -Xms3g -Xmx3g 
java_command: server.jar nogui
java_class_path (initial): server.jar
Launcher Type: SUN_STANDARD

Logging:
Log output configuration:
#0: stdout all=warning uptime,level,tags
#1: stderr all=off uptime,level,tags

Environment Variables:
PATH=/usr/local/sbin:/usr/local/bin:/usr/sbin:/usr/bin:/sbin:/bin
SHELL=/bin/sh

Signal Handlers:
SIGSEGV: [libjvm.so+0xd28b70], sa_mask[0]=11111111011111111101111111111110, sa_flags=SA_RESTART|SA_SIGINFO
SIGBUS: [libjvm.so+0xd28b70], sa_mask[0]=11111111011111111101111111111110, sa_flags=SA_RESTART|SA_SIGINFO
SIGFPE: [libjvm.so+0xd28b70], sa_mask[0]=11111111011111111101111111111110, sa_flags=SA_RESTART|SA_SIGINFO
SIGPIPE: [libjvm.so+0xb2a1f0], sa_mask[0]=11111111011111111101111111111110, sa_flags=SA_RESTART|SA_SIGINFO
SIGXFSZ: [libjvm.so+0xb2a1f0], sa_mask[0]=11111111011111111101111111111110, sa_flags=SA_RESTART|SA_SIGINFO
SIGILL: [libjvm.so+0xd28b70], sa_mask[0]=11111111011111111101111111111110, sa_flags=SA_RESTART|SA_SIGINFO
SIGUSR2: [libjvm.so+0xb2a030], sa_mask[0]=00000000000000000000000000000000, sa_flags=SA_RESTART|SA_SIGINFO
SIGHUP: SIG_DFL, sa_mask[0]=00000000000000000000000000000000, sa_flags=none
SIGINT: SIG_DFL, sa_mask[0]=00000000000000000000000000000000, sa_flags=none
SIGTERM: SIG_DFL, sa_mask[0]=00000000000000000000000000000000, sa_flags=none
SIGQUIT: SIG_DFL, sa_mask[0]=00000000000000000000000000000000, sa_flags=none


---------------  S Y S T E M  ---------------

OS:DISTRIB_ID=Ubuntu
DISTRIB_RELEASE=18.04
DISTRIB_CODENAME=bionic
DISTRIB_DESCRIPTION="Ubuntu 18.04.2 LTS"
uname:Linux 4.15.0-46-generic #49-Ubuntu SMP Wed Feb 6 09:33:07 UTC 2019 x86_64
libc:glibc 2.27 NPTL 2.27 
rlimit: STACK 8192k, CORE 0k, NPROC 15099, NOFILE 4096, AS infinity, DATA infinity, FSIZE infinity
load average:1.61 1.38 1.32

/proc/meminfo:
MemTotal:        3943748 kB
MemFree:          129336 kB
MemAvailable:    1081468 kB
Buffers:           34996 kB
Cached:          1116284 kB
SwapCached:        10572 kB
Active:          2830552 kB
Inactive:         789680 kB
Active(anon):    1996080 kB
Inactive(anon):   502940 kB
Active(file):     834472 kB
Inactive(file):   286740 kB
Unevictable:           0 kB
Mlocked:               0 kB
SwapTotal:        999420 kB
SwapFree:         608688 kB
Dirty:              2272 kB
Writeback:             0 kB
AnonPages:       2465944 kB
Mapped:            84648 kB
Shmem:             30068 kB
Slab:             108120 kB
SReclaimable:      67376 kB
SUnreclaim:        40744 kB
KernelStack:        6024 kB
PageTables:        23464 kB
NFS_Unstable:          0 kB
Bounce:                0 kB
WritebackTmp:          0 kB
CommitLimit:     2971292 kB
Committed_AS:    3124712 kB
VmallocTotal:   34359738367 kB
VmallocUsed:           0 kB
VmallocChunk:          0 kB
HardwareCorrupted:     0 kB
AnonHugePages:         0 kB
ShmemHugePages:        0 kB
ShmemPmdMapped:        0 kB
CmaTotal:              0 kB
CmaFree:               0 kB
HugePages_Total:       0
HugePages_Free:        0
HugePages_Rsvd:        0
HugePages_Surp:        0
Hugepagesize:       2048 kB
DirectMap4k:      158320 kB
DirectMap2M:     3940352 kB
DirectMap1G:           0 kB

container (cgroup) information:
container_type: cgroupv1
cpu_cpuset_cpus: 0-3
cpu_memory_nodes: 0
active_processor_count: 4
cpu_quota: -1
cpu_period: 100000
cpu_shares: -1
memory_limit_in_bytes: -1
memory_and_swap_limit_in_bytes: -2
memory_soft_limit_in_bytes: -1
memory_usage_in_bytes: 3705069568
memory_max_usage_in_bytes: 2048000


CPU:total 4 (initial active 4) (2 cores per cpu, 2 threads per core) family 6 model 69 stepping 1, cmov, cx8, fxsr, mmx, sse, sse2, sse3, ssse3, sse4.1, sse4.2, popcnt, avx, avx2, aes, clmul, erms, lzcnt, ht, tsc, tscinvbit, bmi1, bmi2, fma
CPU Model and flags from /proc/cpuinfo:
model name	: Intel(R) Core(TM) i7-4500U CPU @ 1.80GHz
flags		: fpu vme de pse tsc msr pae mce cx8 apic sep mtrr pge mca cmov pat pse36 clflush dts acpi mmx fxsr sse sse2 ss ht tm pbe syscall nx pdpe1gb rdtscp lm constant_tsc arch_perfmon pebs bts rep_good nopl xtopology nonstop_tsc cpuid aperfmperf pni pclmulqdq dtes64 monitor ds_cpl vmx est tm2 ssse3 sdbg fma cx16 xtpr pdcm pcid sse4_1 sse4_2 movbe popcnt tsc_deadline_timer aes xsave avx f16c rdrand lahf_lm abm cpuid_fault epb invpcid_single pti ssbd ibrs ibpb stibp tpr_shadow vnmi flexpriority ept vpid fsgsbase tsc_adjust bmi1 avx2 smep bmi2 erms invpcid xsaveopt dtherm ida arat pln pts flush_l1d

Memory: 4k page, physical 3943748k(129336k free), swap 999420k(608688k free)

vm_info: OpenJDK 64-Bit Server VM (10.0.2+13-Ubuntu-1ubuntu0.18.04.4) for linux-amd64 JRE (10.0.2+13-Ubuntu-1ubuntu0.18.04.4), built on Nov 13 2018 12:53:39 by "buildd" with gcc 7.3.0

END.
