#
# There is insufficient memory for the Java Runtime Environment to continue.
# Native memory allocation (mmap) failed to map 3221225472 bytes for committing reserved memory.
# Possible reasons:
#   The system is out of physical RAM or swap space
#   The process is running with CompressedOops enabled, and the Java Heap may be blocking the growth of the native heap
# Possible solutions:
#   Reduce memory load on the system
#   Increase physical memory or swap space
#   Check if swap backing store is full
#   Decrease Java heap size (-Xmx/-Xms)
#   Decrease number of Java threads
#   Decrease Java thread stack sizes (-Xss)
#   Set larger code cache with -XX:ReservedCodeCacheSize=
# This output file may be truncated or incomplete.
#
#  Out of Memory Error (os_linux.cpp:2706), pid=5326, tid=5327
#
# JRE version:  (10.0.2+13) (build )
# Java VM: OpenJDK 64-Bit Server VM (10.0.2+13-Ubuntu-1ubuntu0.18.04.4, mixed mode, aot, tiered, compressed oops, g1 gc, linux-amd64)
# Core dump will be written. Default location: Core dumps may be processed with "/usr/share/apport/apport %p %s %c %d %P" (or dumping to /opt/forno/minecraft/core.5326)
#

---------------  S U M M A R Y ------------

Command Line: -Xms3g -Xmx3g server.jar nogui

Host: Intel(R) Core(TM) i7-4500U CPU @ 1.80GHz, 4 cores, 3G, Ubuntu 18.04.2 LTS
Time: Thu Mar 21 07:01:04 2019 JST elapsed time: 0 seconds (0d 0h 0m 0s)

---------------  T H R E A D  ---------------

Current thread (0x00007fb628011000):  JavaThread "Unknown thread" [_thread_in_vm, id=5327, stack(0x00007fb632771000,0x00007fb632872000)]

Stack: [0x00007fb632771000,0x00007fb632872000],  sp=0x00007fb6328702e0,  free space=1020k
Native frames: (J=compiled Java code, A=aot compiled Java code, j=interpreted, Vv=VM code, C=native code)
V  [libjvm.so+0xd27ea4]
V  [libjvm.so+0xd28a4b]
V  [libjvm.so+0x64d415]
V  [libjvm.so+0xb2d7c8]
V  [libjvm.so+0xb2601d]
V  [libjvm.so+0x7662ff]
V  [libjvm.so+0x76653e]
V  [libjvm.so+0x769500]
V  [libjvm.so+0x7efa1c]
V  [libjvm.so+0x7f06df]
V  [libjvm.so+0x7f0b59]
V  [libjvm.so+0x7162cf]
V  [libjvm.so+0x71afd3]
V  [libjvm.so+0xce5dc2]
V  [libjvm.so+0xce60c6]
V  [libjvm.so+0x807d57]
V  [libjvm.so+0xcc7ac4]
V  [libjvm.so+0x8601b1]  JNI_CreateJavaVM+0x51
C  [libjli.so+0x3d83]
C  [libjli.so+0x89dd]
C  [libpthread.so.0+0x76db]  start_thread+0xdb


---------------  P R O C E S S  ---------------

Threads class SMR info:
_java_thread_list=0x0000557a982866b0, length=0, elements={
}

Java Threads: ( => current thread )

Other Threads:
  0x00007fb628028000 GCTaskThread "GC Thread#0" [stack: 0x00007fb62e89a000,0x00007fb62e99a000] [id=5328]
  0x00007fb628029000 GCTaskThread "GC Thread#1" [stack: 0x00007fb62e798000,0x00007fb62e898000] [id=5329]
  0x00007fb62802b000 GCTaskThread "GC Thread#2" [stack: 0x00007fb62e696000,0x00007fb62e796000] [id=5330]
  0x00007fb62802c800 GCTaskThread "GC Thread#3" [stack: 0x00007fb62e594000,0x00007fb62e694000] [id=5331]
  0x00007fb62806a000 ConcurrentGCThread "G1 Main Marker" [stack: 0x00007fb62cdce000,0x00007fb62cece000] [id=5332]
  0x00007fb62806c000 ConcurrentGCThread "G1 Conc#0" [stack: 0x00007fb62cccc000,0x00007fb62cdcc000] [id=5333]

[error occurred during error reporting (printing all threads), id 0xe0000002]

VM state:not at safepoint (not fully initialized)

VM Mutex/Monitor currently owned by a thread:  ([mutex/lock_event])
[0x00007fb62800df30] Heap_lock - owner thread: 0x00007fb628011000

Heap address: 0x0000000700000000, size: 3072 MB, Compressed Oops mode: Non-zero based: 0x0000000700000000
Narrow klass base: 0x0000000000000000, Narrow klass shift: 0

GC Heap History (0 events):
No events

Deoptimization events (0 events):
No events

Classes redefined (0 events):
No events

Internal exceptions (0 events):
No events

Events (0 events):
No events


Dynamic libraries:
557a96252000-557a96253000 r-xp 00000000 fd:00 20185882                   /usr/lib/jvm/java-11-openjdk-amd64/bin/java
557a96453000-557a96454000 r--p 00001000 fd:00 20185882                   /usr/lib/jvm/java-11-openjdk-amd64/bin/java
557a96454000-557a96455000 rw-p 00002000 fd:00 20185882                   /usr/lib/jvm/java-11-openjdk-amd64/bin/java
557a9826f000-557a98290000 rw-p 00000000 00:00 0                          [heap]
7fb5ec000000-7fb5ec021000 rw-p 00000000 00:00 0 
7fb5ec021000-7fb5f0000000 ---p 00000000 00:00 0 
7fb5f2000000-7fb5f4000000 rw-p 00000000 00:00 0 
7fb5f4000000-7fb5f4021000 rw-p 00000000 00:00 0 
7fb5f4021000-7fb5f8000000 ---p 00000000 00:00 0 
7fb5f8000000-7fb5f8021000 rw-p 00000000 00:00 0 
7fb5f8021000-7fb5fc000000 ---p 00000000 00:00 0 
7fb5fd000000-7fb600000000 ---p 00000000 00:00 0 
7fb600000000-7fb600021000 rw-p 00000000 00:00 0 
7fb600021000-7fb604000000 ---p 00000000 00:00 0 
7fb604000000-7fb604021000 rw-p 00000000 00:00 0 
7fb604021000-7fb608000000 ---p 00000000 00:00 0 
7fb608000000-7fb608021000 rw-p 00000000 00:00 0 
7fb608021000-7fb60c000000 ---p 00000000 00:00 0 
7fb60cb25000-7fb60fb25000 ---p 00000000 00:00 0 
7fb60fb25000-7fb60fd95000 rwxp 00000000 00:00 0 
7fb60fd95000-7fb6100b5000 ---p 00000000 00:00 0 
7fb6100b5000-7fb610325000 rwxp 00000000 00:00 0 
7fb610325000-7fb6175ed000 ---p 00000000 00:00 0 
7fb6175ed000-7fb61785d000 rwxp 00000000 00:00 0 
7fb61785d000-7fb61eb25000 ---p 00000000 00:00 0 
7fb61eb25000-7fb628000000 r--s 00000000 fd:00 20186057                   /usr/lib/jvm/java-11-openjdk-amd64/lib/modules
7fb628000000-7fb628083000 rw-p 00000000 00:00 0 
7fb628083000-7fb62c000000 ---p 00000000 00:00 0 
7fb62c8c6000-7fb62ccca000 rw-p 00000000 00:00 0 
7fb62ccca000-7fb62cccb000 ---p 00000000 00:00 0 
7fb62cccb000-7fb62cdcc000 rw-p 00000000 00:00 0 
7fb62cdcc000-7fb62cdcd000 ---p 00000000 00:00 0 
7fb62cdcd000-7fb62cf8e000 rw-p 00000000 00:00 0 
7fb62cf8e000-7fb62e18e000 ---p 00000000 00:00 0 
7fb62e18e000-7fb62e592000 rw-p 00000000 00:00 0 
7fb62e592000-7fb62e593000 ---p 00000000 00:00 0 
7fb62e593000-7fb62e694000 rw-p 00000000 00:00 0 
7fb62e694000-7fb62e695000 ---p 00000000 00:00 0 
7fb62e695000-7fb62e796000 rw-p 00000000 00:00 0 
7fb62e796000-7fb62e797000 ---p 00000000 00:00 0 
7fb62e797000-7fb62e898000 rw-p 00000000 00:00 0 
7fb62e898000-7fb62e899000 ---p 00000000 00:00 0 
7fb62e899000-7fb62e99f000 rw-p 00000000 00:00 0 
7fb62e99f000-7fb62ea85000 ---p 00000000 00:00 0 
7fb62ea85000-7fb62ea8a000 rw-p 00000000 00:00 0 
7fb62ea8a000-7fb62eb70000 ---p 00000000 00:00 0 
7fb62eb70000-7fb62eb75000 r-xp 00000000 fd:00 20186039                   /usr/lib/jvm/java-11-openjdk-amd64/lib/libjimage.so
7fb62eb75000-7fb62ed74000 ---p 00005000 fd:00 20186039                   /usr/lib/jvm/java-11-openjdk-amd64/lib/libjimage.so
7fb62ed74000-7fb62ed75000 r--p 00004000 fd:00 20186039                   /usr/lib/jvm/java-11-openjdk-amd64/lib/libjimage.so
7fb62ed75000-7fb62ed76000 rw-p 00005000 fd:00 20186039                   /usr/lib/jvm/java-11-openjdk-amd64/lib/libjimage.so
7fb62ed76000-7fb62ed7d000 r-xp 00000000 fd:00 20186056                   /usr/lib/jvm/java-11-openjdk-amd64/lib/libzip.so
7fb62ed7d000-7fb62ef7c000 ---p 00007000 fd:00 20186056                   /usr/lib/jvm/java-11-openjdk-amd64/lib/libzip.so
7fb62ef7c000-7fb62ef7d000 r--p 00006000 fd:00 20186056                   /usr/lib/jvm/java-11-openjdk-amd64/lib/libzip.so
7fb62ef7d000-7fb62ef7e000 rw-p 00007000 fd:00 20186056                   /usr/lib/jvm/java-11-openjdk-amd64/lib/libzip.so
7fb62ef7e000-7fb62ef89000 r-xp 00000000 fd:00 44176093                   /lib/x86_64-linux-gnu/libnss_files-2.27.so
7fb62ef89000-7fb62f188000 ---p 0000b000 fd:00 44176093                   /lib/x86_64-linux-gnu/libnss_files-2.27.so
7fb62f188000-7fb62f189000 r--p 0000a000 fd:00 44176093                   /lib/x86_64-linux-gnu/libnss_files-2.27.so
7fb62f189000-7fb62f18a000 rw-p 0000b000 fd:00 44176093                   /lib/x86_64-linux-gnu/libnss_files-2.27.so
7fb62f18a000-7fb62f190000 rw-p 00000000 00:00 0 
7fb62f190000-7fb62f1a7000 r-xp 00000000 fd:00 44176087                   /lib/x86_64-linux-gnu/libnsl-2.27.so
7fb62f1a7000-7fb62f3a6000 ---p 00017000 fd:00 44176087                   /lib/x86_64-linux-gnu/libnsl-2.27.so
7fb62f3a6000-7fb62f3a7000 r--p 00016000 fd:00 44176087                   /lib/x86_64-linux-gnu/libnsl-2.27.so
7fb62f3a7000-7fb62f3a8000 rw-p 00017000 fd:00 44176087                   /lib/x86_64-linux-gnu/libnsl-2.27.so
7fb62f3a8000-7fb62f3aa000 rw-p 00000000 00:00 0 
7fb62f3aa000-7fb62f3b5000 r-xp 00000000 fd:00 44176104                   /lib/x86_64-linux-gnu/libnss_nis-2.27.so
7fb62f3b5000-7fb62f5b4000 ---p 0000b000 fd:00 44176104                   /lib/x86_64-linux-gnu/libnss_nis-2.27.so
7fb62f5b4000-7fb62f5b5000 r--p 0000a000 fd:00 44176104                   /lib/x86_64-linux-gnu/libnss_nis-2.27.so
7fb62f5b5000-7fb62f5b6000 rw-p 0000b000 fd:00 44176104                   /lib/x86_64-linux-gnu/libnss_nis-2.27.so
7fb62f5b6000-7fb62f5be000 r-xp 00000000 fd:00 44176089                   /lib/x86_64-linux-gnu/libnss_compat-2.27.so
7fb62f5be000-7fb62f7be000 ---p 00008000 fd:00 44176089                   /lib/x86_64-linux-gnu/libnss_compat-2.27.so
7fb62f7be000-7fb62f7bf000 r--p 00008000 fd:00 44176089                   /lib/x86_64-linux-gnu/libnss_compat-2.27.so
7fb62f7bf000-7fb62f7c0000 rw-p 00009000 fd:00 44176089                   /lib/x86_64-linux-gnu/libnss_compat-2.27.so
7fb62f7c0000-7fb62f7ec000 r-xp 00000000 fd:00 20186035                   /usr/lib/jvm/java-11-openjdk-amd64/lib/libjava.so
7fb62f7ec000-7fb62f9eb000 ---p 0002c000 fd:00 20186035                   /usr/lib/jvm/java-11-openjdk-amd64/lib/libjava.so
7fb62f9eb000-7fb62f9ec000 r--p 0002b000 fd:00 20186035                   /usr/lib/jvm/java-11-openjdk-amd64/lib/libjava.so
7fb62f9ec000-7fb62f9ee000 rw-p 0002c000 fd:00 20186035                   /usr/lib/jvm/java-11-openjdk-amd64/lib/libjava.so
7fb62f9ee000-7fb62f9fb000 r-xp 00000000 fd:00 20186055                   /usr/lib/jvm/java-11-openjdk-amd64/lib/libverify.so
7fb62f9fb000-7fb62fbfa000 ---p 0000d000 fd:00 20186055                   /usr/lib/jvm/java-11-openjdk-amd64/lib/libverify.so
7fb62fbfa000-7fb62fbfc000 r--p 0000c000 fd:00 20186055                   /usr/lib/jvm/java-11-openjdk-amd64/lib/libverify.so
7fb62fbfc000-7fb62fbfd000 rw-p 0000e000 fd:00 20186055                   /usr/lib/jvm/java-11-openjdk-amd64/lib/libverify.so
7fb62fbfd000-7fb62fc04000 r-xp 00000000 fd:00 44176144                   /lib/x86_64-linux-gnu/librt-2.27.so
7fb62fc04000-7fb62fe03000 ---p 00007000 fd:00 44176144                   /lib/x86_64-linux-gnu/librt-2.27.so
7fb62fe03000-7fb62fe04000 r--p 00006000 fd:00 44176144                   /lib/x86_64-linux-gnu/librt-2.27.so
7fb62fe04000-7fb62fe05000 rw-p 00007000 fd:00 44176144                   /lib/x86_64-linux-gnu/librt-2.27.so
7fb62fe05000-7fb62fe1c000 r-xp 00000000 fd:00 44175907                   /lib/x86_64-linux-gnu/libgcc_s.so.1
7fb62fe1c000-7fb63001b000 ---p 00017000 fd:00 44175907                   /lib/x86_64-linux-gnu/libgcc_s.so.1
7fb63001b000-7fb63001c000 r--p 00016000 fd:00 44175907                   /lib/x86_64-linux-gnu/libgcc_s.so.1
7fb63001c000-7fb63001d000 rw-p 00017000 fd:00 44175907                   /lib/x86_64-linux-gnu/libgcc_s.so.1
7fb63001d000-7fb6301ba000 r-xp 00000000 fd:00 44176066                   /lib/x86_64-linux-gnu/libm-2.27.so
7fb6301ba000-7fb6303b9000 ---p 0019d000 fd:00 44176066                   /lib/x86_64-linux-gnu/libm-2.27.so
7fb6303b9000-7fb6303ba000 r--p 0019c000 fd:00 44176066                   /lib/x86_64-linux-gnu/libm-2.27.so
7fb6303ba000-7fb6303bb000 rw-p 0019d000 fd:00 44176066                   /lib/x86_64-linux-gnu/libm-2.27.so
7fb6303bb000-7fb630534000 r-xp 00000000 fd:00 18090134                   /usr/lib/x86_64-linux-gnu/libstdc++.so.6.0.25
7fb630534000-7fb630734000 ---p 00179000 fd:00 18090134                   /usr/lib/x86_64-linux-gnu/libstdc++.so.6.0.25
7fb630734000-7fb63073e000 r--p 00179000 fd:00 18090134                   /usr/lib/x86_64-linux-gnu/libstdc++.so.6.0.25
7fb63073e000-7fb630740000 rw-p 00183000 fd:00 18090134                   /usr/lib/x86_64-linux-gnu/libstdc++.so.6.0.25
7fb630740000-7fb630744000 rw-p 00000000 00:00 0 
7fb630744000-7fb6316e1000 r-xp 00000000 fd:00 20186062                   /usr/lib/jvm/java-11-openjdk-amd64/lib/server/libjvm.so
7fb6316e1000-7fb6318e1000 ---p 00f9d000 fd:00 20186062                   /usr/lib/jvm/java-11-openjdk-amd64/lib/server/libjvm.so
7fb6318e1000-7fb6319a5000 r--p 00f9d000 fd:00 20186062                   /usr/lib/jvm/java-11-openjdk-amd64/lib/server/libjvm.so
7fb6319a5000-7fb6319dd000 rw-p 01061000 fd:00 20186062                   /usr/lib/jvm/java-11-openjdk-amd64/lib/server/libjvm.so
7fb6319dd000-7fb631a26000 rw-p 00000000 00:00 0 
7fb631a26000-7fb631a40000 r-xp 00000000 fd:00 44176136                   /lib/x86_64-linux-gnu/libpthread-2.27.so
7fb631a40000-7fb631c3f000 ---p 0001a000 fd:00 44176136                   /lib/x86_64-linux-gnu/libpthread-2.27.so
7fb631c3f000-7fb631c40000 r--p 00019000 fd:00 44176136                   /lib/x86_64-linux-gnu/libpthread-2.27.so
7fb631c40000-7fb631c41000 rw-p 0001a000 fd:00 44176136                   /lib/x86_64-linux-gnu/libpthread-2.27.so
7fb631c41000-7fb631c45000 rw-p 00000000 00:00 0 
7fb631c45000-7fb631c48000 r-xp 00000000 fd:00 44176026                   /lib/x86_64-linux-gnu/libdl-2.27.so
7fb631c48000-7fb631e47000 ---p 00003000 fd:00 44176026                   /lib/x86_64-linux-gnu/libdl-2.27.so
7fb631e47000-7fb631e48000 r--p 00002000 fd:00 44176026                   /lib/x86_64-linux-gnu/libdl-2.27.so
7fb631e48000-7fb631e49000 rw-p 00003000 fd:00 44176026                   /lib/x86_64-linux-gnu/libdl-2.27.so
7fb631e49000-7fb631e65000 r-xp 00000000 fd:00 44176175                   /lib/x86_64-linux-gnu/libz.so.1.2.11
7fb631e65000-7fb632064000 ---p 0001c000 fd:00 44176175                   /lib/x86_64-linux-gnu/libz.so.1.2.11
7fb632064000-7fb632065000 r--p 0001b000 fd:00 44176175                   /lib/x86_64-linux-gnu/libz.so.1.2.11
7fb632065000-7fb632066000 rw-p 0001c000 fd:00 44176175                   /lib/x86_64-linux-gnu/libz.so.1.2.11
7fb632066000-7fb63224d000 r-xp 00000000 fd:00 44176003                   /lib/x86_64-linux-gnu/libc-2.27.so
7fb63224d000-7fb63244d000 ---p 001e7000 fd:00 44176003                   /lib/x86_64-linux-gnu/libc-2.27.so
7fb63244d000-7fb632451000 r--p 001e7000 fd:00 44176003                   /lib/x86_64-linux-gnu/libc-2.27.so
7fb632451000-7fb632453000 rw-p 001eb000 fd:00 44176003                   /lib/x86_64-linux-gnu/libc-2.27.so
7fb632453000-7fb632457000 rw-p 00000000 00:00 0 
7fb632457000-7fb632466000 r-xp 00000000 fd:00 20186020                   /usr/lib/jvm/java-11-openjdk-amd64/lib/jli/libjli.so
7fb632466000-7fb632665000 ---p 0000f000 fd:00 20186020                   /usr/lib/jvm/java-11-openjdk-amd64/lib/jli/libjli.so
7fb632665000-7fb632666000 r--p 0000e000 fd:00 20186020                   /usr/lib/jvm/java-11-openjdk-amd64/lib/jli/libjli.so
7fb632666000-7fb632667000 rw-p 0000f000 fd:00 20186020                   /usr/lib/jvm/java-11-openjdk-amd64/lib/jli/libjli.so
7fb632667000-7fb63268e000 r-xp 00000000 fd:00 44175975                   /lib/x86_64-linux-gnu/ld-2.27.so
7fb63270a000-7fb632771000 rw-p 00000000 00:00 0 
7fb632771000-7fb632775000 ---p 00000000 00:00 0 
7fb632775000-7fb632874000 rw-p 00000000 00:00 0 
7fb632875000-7fb63287b000 rw-p 00000000 00:00 0 
7fb63287b000-7fb632882000 ---p 00000000 00:00 0 
7fb632882000-7fb63288a000 rw-s 00000000 fd:00 16121869                   /tmp/hsperfdata_minecraft/5326
7fb63288a000-7fb63288b000 ---p 00000000 00:00 0 
7fb63288b000-7fb63288c000 r--p 00000000 00:00 0 
7fb63288c000-7fb63288e000 rw-p 00000000 00:00 0 
7fb63288e000-7fb63288f000 r--p 00027000 fd:00 44175975                   /lib/x86_64-linux-gnu/ld-2.27.so
7fb63288f000-7fb632890000 rw-p 00028000 fd:00 44175975                   /lib/x86_64-linux-gnu/ld-2.27.so
7fb632890000-7fb632891000 rw-p 00000000 00:00 0 
7ffc94846000-7ffc94867000 rw-p 00000000 00:00 0                          [stack]
7ffc94974000-7ffc94977000 r--p 00000000 00:00 0                          [vvar]
7ffc94977000-7ffc94979000 r-xp 00000000 00:00 0                          [vdso]
ffffffffff600000-ffffffffff601000 r-xp 00000000 00:00 0                  [vsyscall]


VM Arguments:
jvm_args: -Xms3g -Xmx3g 
java_command: server.jar nogui
java_class_path (initial): server.jar
Launcher Type: SUN_STANDARD

Logging:
Log output configuration:
#0: stdout all=warning uptime,level,tags
#1: stderr all=off uptime,level,tags

Environment Variables:
PATH=/usr/local/sbin:/usr/local/bin:/usr/sbin:/usr/bin:/sbin:/bin
SHELL=/bin/sh

Signal Handlers:
SIGSEGV: [libjvm.so+0xd28b70], sa_mask[0]=11111111011111111101111111111110, sa_flags=SA_RESTART|SA_SIGINFO
SIGBUS: [libjvm.so+0xd28b70], sa_mask[0]=11111111011111111101111111111110, sa_flags=SA_RESTART|SA_SIGINFO
SIGFPE: [libjvm.so+0xd28b70], sa_mask[0]=11111111011111111101111111111110, sa_flags=SA_RESTART|SA_SIGINFO
SIGPIPE: [libjvm.so+0xb2a1f0], sa_mask[0]=11111111011111111101111111111110, sa_flags=SA_RESTART|SA_SIGINFO
SIGXFSZ: [libjvm.so+0xb2a1f0], sa_mask[0]=11111111011111111101111111111110, sa_flags=SA_RESTART|SA_SIGINFO
SIGILL: [libjvm.so+0xd28b70], sa_mask[0]=11111111011111111101111111111110, sa_flags=SA_RESTART|SA_SIGINFO
SIGUSR2: [libjvm.so+0xb2a030], sa_mask[0]=00000000000000000000000000000000, sa_flags=SA_RESTART|SA_SIGINFO
SIGHUP: SIG_DFL, sa_mask[0]=00000000000000000000000000000000, sa_flags=none
SIGINT: SIG_DFL, sa_mask[0]=00000000000000000000000000000000, sa_flags=none
SIGTERM: SIG_DFL, sa_mask[0]=00000000000000000000000000000000, sa_flags=none
SIGQUIT: SIG_DFL, sa_mask[0]=00000000000000000000000000000000, sa_flags=none


---------------  S Y S T E M  ---------------

OS:DISTRIB_ID=Ubuntu
DISTRIB_RELEASE=18.04
DISTRIB_CODENAME=bionic
DISTRIB_DESCRIPTION="Ubuntu 18.04.2 LTS"
uname:Linux 4.15.0-46-generic #49-Ubuntu SMP Wed Feb 6 09:33:07 UTC 2019 x86_64
libc:glibc 2.27 NPTL 2.27 
rlimit: STACK 8192k, CORE 0k, NPROC 15099, NOFILE 4096, AS infinity, DATA infinity, FSIZE infinity
load average:1.37 1.45 1.38

/proc/meminfo:
MemTotal:        3943748 kB
MemFree:          133252 kB
MemAvailable:    1435948 kB
Buffers:           47348 kB
Cached:          1455388 kB
SwapCached:         6696 kB
Active:          2623876 kB
Inactive:         994592 kB
Active(anon):    1768264 kB
Inactive(anon):   377536 kB
Active(file):     855612 kB
Inactive(file):   617056 kB
Unevictable:           0 kB
Mlocked:               0 kB
SwapTotal:        999420 kB
SwapFree:         589488 kB
Dirty:              7688 kB
Writeback:             0 kB
AnonPages:       2113696 kB
Mapped:           115140 kB
Shmem:             30068 kB
Slab:             106508 kB
SReclaimable:      65592 kB
SUnreclaim:        40916 kB
KernelStack:        6016 kB
PageTables:        22916 kB
NFS_Unstable:          0 kB
Bounce:                0 kB
WritebackTmp:          0 kB
CommitLimit:     2971292 kB
Committed_AS:    3006488 kB
VmallocTotal:   34359738367 kB
VmallocUsed:           0 kB
VmallocChunk:          0 kB
HardwareCorrupted:     0 kB
AnonHugePages:         0 kB
ShmemHugePages:        0 kB
ShmemPmdMapped:        0 kB
CmaTotal:              0 kB
CmaFree:               0 kB
HugePages_Total:       0
HugePages_Free:        0
HugePages_Rsvd:        0
HugePages_Surp:        0
Hugepagesize:       2048 kB
DirectMap4k:      158320 kB
DirectMap2M:     3940352 kB
DirectMap1G:           0 kB

container (cgroup) information:
container_type: cgroupv1
cpu_cpuset_cpus: 0-3
cpu_memory_nodes: 0
active_processor_count: 4
cpu_quota: -1
cpu_period: 100000
cpu_shares: -1
memory_limit_in_bytes: -1
memory_and_swap_limit_in_bytes: -2
memory_soft_limit_in_bytes: -1
memory_usage_in_bytes: 3704492032
memory_max_usage_in_bytes: 2048000


CPU:total 4 (initial active 4) (2 cores per cpu, 2 threads per core) family 6 model 69 stepping 1, cmov, cx8, fxsr, mmx, sse, sse2, sse3, ssse3, sse4.1, sse4.2, popcnt, avx, avx2, aes, clmul, erms, lzcnt, ht, tsc, tscinvbit, bmi1, bmi2, fma
CPU Model and flags from /proc/cpuinfo:
model name	: Intel(R) Core(TM) i7-4500U CPU @ 1.80GHz
flags		: fpu vme de pse tsc msr pae mce cx8 apic sep mtrr pge mca cmov pat pse36 clflush dts acpi mmx fxsr sse sse2 ss ht tm pbe syscall nx pdpe1gb rdtscp lm constant_tsc arch_perfmon pebs bts rep_good nopl xtopology nonstop_tsc cpuid aperfmperf pni pclmulqdq dtes64 monitor ds_cpl vmx est tm2 ssse3 sdbg fma cx16 xtpr pdcm pcid sse4_1 sse4_2 movbe popcnt tsc_deadline_timer aes xsave avx f16c rdrand lahf_lm abm cpuid_fault epb invpcid_single pti ssbd ibrs ibpb stibp tpr_shadow vnmi flexpriority ept vpid fsgsbase tsc_adjust bmi1 avx2 smep bmi2 erms invpcid xsaveopt dtherm ida arat pln pts flush_l1d

Memory: 4k page, physical 3943748k(133252k free), swap 999420k(589488k free)

vm_info: OpenJDK 64-Bit Server VM (10.0.2+13-Ubuntu-1ubuntu0.18.04.4) for linux-amd64 JRE (10.0.2+13-Ubuntu-1ubuntu0.18.04.4), built on Nov 13 2018 12:53:39 by "buildd" with gcc 7.3.0

END.
