#
# There is insufficient memory for the Java Runtime Environment to continue.
# Native memory allocation (mmap) failed to map 3221225472 bytes for committing reserved memory.
# Possible reasons:
#   The system is out of physical RAM or swap space
#   The process is running with CompressedOops enabled, and the Java Heap may be blocking the growth of the native heap
# Possible solutions:
#   Reduce memory load on the system
#   Increase physical memory or swap space
#   Check if swap backing store is full
#   Decrease Java heap size (-Xmx/-Xms)
#   Decrease number of Java threads
#   Decrease Java thread stack sizes (-Xss)
#   Set larger code cache with -XX:ReservedCodeCacheSize=
# This output file may be truncated or incomplete.
#
#  Out of Memory Error (os_linux.cpp:2706), pid=3852, tid=3853
#
# JRE version:  (10.0.2+13) (build )
# Java VM: OpenJDK 64-Bit Server VM (10.0.2+13-Ubuntu-1ubuntu0.18.04.4, mixed mode, aot, tiered, compressed oops, g1 gc, linux-amd64)
# Core dump will be written. Default location: Core dumps may be processed with "/usr/share/apport/apport %p %s %c %d %P" (or dumping to /opt/forno/minecraft/core.3852)
#

---------------  S U M M A R Y ------------

Command Line: -Xms3g -Xmx3g server.jar nogui

Host: Intel(R) Core(TM) i7-4500U CPU @ 1.80GHz, 4 cores, 3G, Ubuntu 18.04.2 LTS
Time: Thu Mar 21 06:31:57 2019 JST elapsed time: 0 seconds (0d 0h 0m 0s)

---------------  T H R E A D  ---------------

Current thread (0x00007fd8f0011000):  JavaThread "Unknown thread" [_thread_in_vm, id=3853, stack(0x00007fd8f80e0000,0x00007fd8f81e1000)]

Stack: [0x00007fd8f80e0000,0x00007fd8f81e1000],  sp=0x00007fd8f81df2e0,  free space=1020k
Native frames: (J=compiled Java code, A=aot compiled Java code, j=interpreted, Vv=VM code, C=native code)
V  [libjvm.so+0xd27ea4]
V  [libjvm.so+0xd28a4b]
V  [libjvm.so+0x64d415]
V  [libjvm.so+0xb2d7c8]
V  [libjvm.so+0xb2601d]
V  [libjvm.so+0x7662ff]
V  [libjvm.so+0x76653e]
V  [libjvm.so+0x769500]
V  [libjvm.so+0x7efa1c]
V  [libjvm.so+0x7f06df]
V  [libjvm.so+0x7f0b59]
V  [libjvm.so+0x7162cf]
V  [libjvm.so+0x71afd3]
V  [libjvm.so+0xce5dc2]
V  [libjvm.so+0xce60c6]
V  [libjvm.so+0x807d57]
V  [libjvm.so+0xcc7ac4]
V  [libjvm.so+0x8601b1]  JNI_CreateJavaVM+0x51
C  [libjli.so+0x3d83]
C  [libjli.so+0x89dd]
C  [libpthread.so.0+0x76db]  start_thread+0xdb


---------------  P R O C E S S  ---------------

Threads class SMR info:
_java_thread_list=0x000055b088cd16b0, length=0, elements={
}

Java Threads: ( => current thread )

Other Threads:
  0x00007fd8f0028000 GCTaskThread "GC Thread#0" [stack: 0x00007fd8f4209000,0x00007fd8f4309000] [id=3854]
  0x00007fd8f0029000 GCTaskThread "GC Thread#1" [stack: 0x00007fd8f4107000,0x00007fd8f4207000] [id=3855]
  0x00007fd8f002b000 GCTaskThread "GC Thread#2" [stack: 0x00007fd8f4005000,0x00007fd8f4105000] [id=3856]
  0x00007fd8f002c800 GCTaskThread "GC Thread#3" [stack: 0x00007fd8d7a25000,0x00007fd8d7b25000] [id=3857]
  0x00007fd8f006a000 ConcurrentGCThread "G1 Main Marker" [stack: 0x00007fd8d625f000,0x00007fd8d635f000] [id=3858]
  0x00007fd8f006c000 ConcurrentGCThread "G1 Conc#0" [stack: 0x00007fd8d615d000,0x00007fd8d625d000] [id=3859]

[error occurred during error reporting (printing all threads), id 0xe0000002]

VM state:not at safepoint (not fully initialized)

VM Mutex/Monitor currently owned by a thread:  ([mutex/lock_event])
[0x00007fd8f000df30] Heap_lock - owner thread: 0x00007fd8f0011000

Heap address: 0x0000000700000000, size: 3072 MB, Compressed Oops mode: Non-zero based: 0x0000000700000000
Narrow klass base: 0x0000000000000000, Narrow klass shift: 0

GC Heap History (0 events):
No events

Deoptimization events (0 events):
No events

Classes redefined (0 events):
No events

Internal exceptions (0 events):
No events

Events (0 events):
No events


Dynamic libraries:
55b088a5c000-55b088a5d000 r-xp 00000000 fd:00 20185882                   /usr/lib/jvm/java-11-openjdk-amd64/bin/java
55b088c5d000-55b088c5e000 r--p 00001000 fd:00 20185882                   /usr/lib/jvm/java-11-openjdk-amd64/bin/java
55b088c5e000-55b088c5f000 rw-p 00002000 fd:00 20185882                   /usr/lib/jvm/java-11-openjdk-amd64/bin/java
55b088cba000-55b088cdb000 rw-p 00000000 00:00 0                          [heap]
7fd8b0000000-7fd8b0021000 rw-p 00000000 00:00 0 
7fd8b0021000-7fd8b4000000 ---p 00000000 00:00 0 
7fd8b8000000-7fd8b8021000 rw-p 00000000 00:00 0 
7fd8b8021000-7fd8bc000000 ---p 00000000 00:00 0 
7fd8bd000000-7fd8c0000000 ---p 00000000 00:00 0 
7fd8c0000000-7fd8c0021000 rw-p 00000000 00:00 0 
7fd8c0021000-7fd8c4000000 ---p 00000000 00:00 0 
7fd8c4cfd000-7fd8c5000000 rw-p 00000000 00:00 0 
7fd8c5000000-7fd8c8000000 ---p 00000000 00:00 0 
7fd8c8000000-7fd8c8021000 rw-p 00000000 00:00 0 
7fd8c8021000-7fd8cc000000 ---p 00000000 00:00 0 
7fd8cc000000-7fd8cc021000 rw-p 00000000 00:00 0 
7fd8cc021000-7fd8d0000000 ---p 00000000 00:00 0 
7fd8d0000000-7fd8d0021000 rw-p 00000000 00:00 0 
7fd8d0021000-7fd8d4000000 ---p 00000000 00:00 0 
7fd8d405a000-7fd8d615b000 rw-p 00000000 00:00 0 
7fd8d615b000-7fd8d615c000 ---p 00000000 00:00 0 
7fd8d615c000-7fd8d625d000 rw-p 00000000 00:00 0 
7fd8d625d000-7fd8d625e000 ---p 00000000 00:00 0 
7fd8d625e000-7fd8d641f000 rw-p 00000000 00:00 0 
7fd8d641f000-7fd8d761f000 ---p 00000000 00:00 0 
7fd8d761f000-7fd8d7a23000 rw-p 00000000 00:00 0 
7fd8d7a23000-7fd8d7a24000 ---p 00000000 00:00 0 
7fd8d7a24000-7fd8d7b25000 rw-p 00000000 00:00 0 
7fd8d7b25000-7fd8d7d95000 rwxp 00000000 00:00 0 
7fd8d7d95000-7fd8d80b5000 ---p 00000000 00:00 0 
7fd8d80b5000-7fd8d8325000 rwxp 00000000 00:00 0 
7fd8d8325000-7fd8df5ed000 ---p 00000000 00:00 0 
7fd8df5ed000-7fd8df85d000 rwxp 00000000 00:00 0 
7fd8df85d000-7fd8e6b25000 ---p 00000000 00:00 0 
7fd8e6b25000-7fd8f0000000 r--s 00000000 fd:00 20186057                   /usr/lib/jvm/java-11-openjdk-amd64/lib/modules
7fd8f0000000-7fd8f0083000 rw-p 00000000 00:00 0 
7fd8f0083000-7fd8f4000000 ---p 00000000 00:00 0 
7fd8f4003000-7fd8f4004000 ---p 00000000 00:00 0 
7fd8f4004000-7fd8f4105000 rw-p 00000000 00:00 0 
7fd8f4105000-7fd8f4106000 ---p 00000000 00:00 0 
7fd8f4106000-7fd8f4207000 rw-p 00000000 00:00 0 
7fd8f4207000-7fd8f4208000 ---p 00000000 00:00 0 
7fd8f4208000-7fd8f430e000 rw-p 00000000 00:00 0 
7fd8f430e000-7fd8f43f4000 ---p 00000000 00:00 0 
7fd8f43f4000-7fd8f43f9000 rw-p 00000000 00:00 0 
7fd8f43f9000-7fd8f44df000 ---p 00000000 00:00 0 
7fd8f44df000-7fd8f44e4000 r-xp 00000000 fd:00 20186039                   /usr/lib/jvm/java-11-openjdk-amd64/lib/libjimage.so
7fd8f44e4000-7fd8f46e3000 ---p 00005000 fd:00 20186039                   /usr/lib/jvm/java-11-openjdk-amd64/lib/libjimage.so
7fd8f46e3000-7fd8f46e4000 r--p 00004000 fd:00 20186039                   /usr/lib/jvm/java-11-openjdk-amd64/lib/libjimage.so
7fd8f46e4000-7fd8f46e5000 rw-p 00005000 fd:00 20186039                   /usr/lib/jvm/java-11-openjdk-amd64/lib/libjimage.so
7fd8f46e5000-7fd8f46ec000 r-xp 00000000 fd:00 20186056                   /usr/lib/jvm/java-11-openjdk-amd64/lib/libzip.so
7fd8f46ec000-7fd8f48eb000 ---p 00007000 fd:00 20186056                   /usr/lib/jvm/java-11-openjdk-amd64/lib/libzip.so
7fd8f48eb000-7fd8f48ec000 r--p 00006000 fd:00 20186056                   /usr/lib/jvm/java-11-openjdk-amd64/lib/libzip.so
7fd8f48ec000-7fd8f48ed000 rw-p 00007000 fd:00 20186056                   /usr/lib/jvm/java-11-openjdk-amd64/lib/libzip.so
7fd8f48ed000-7fd8f48f8000 r-xp 00000000 fd:00 44176093                   /lib/x86_64-linux-gnu/libnss_files-2.27.so
7fd8f48f8000-7fd8f4af7000 ---p 0000b000 fd:00 44176093                   /lib/x86_64-linux-gnu/libnss_files-2.27.so
7fd8f4af7000-7fd8f4af8000 r--p 0000a000 fd:00 44176093                   /lib/x86_64-linux-gnu/libnss_files-2.27.so
7fd8f4af8000-7fd8f4af9000 rw-p 0000b000 fd:00 44176093                   /lib/x86_64-linux-gnu/libnss_files-2.27.so
7fd8f4af9000-7fd8f4aff000 rw-p 00000000 00:00 0 
7fd8f4aff000-7fd8f4b16000 r-xp 00000000 fd:00 44176087                   /lib/x86_64-linux-gnu/libnsl-2.27.so
7fd8f4b16000-7fd8f4d15000 ---p 00017000 fd:00 44176087                   /lib/x86_64-linux-gnu/libnsl-2.27.so
7fd8f4d15000-7fd8f4d16000 r--p 00016000 fd:00 44176087                   /lib/x86_64-linux-gnu/libnsl-2.27.so
7fd8f4d16000-7fd8f4d17000 rw-p 00017000 fd:00 44176087                   /lib/x86_64-linux-gnu/libnsl-2.27.so
7fd8f4d17000-7fd8f4d19000 rw-p 00000000 00:00 0 
7fd8f4d19000-7fd8f4d24000 r-xp 00000000 fd:00 44176104                   /lib/x86_64-linux-gnu/libnss_nis-2.27.so
7fd8f4d24000-7fd8f4f23000 ---p 0000b000 fd:00 44176104                   /lib/x86_64-linux-gnu/libnss_nis-2.27.so
7fd8f4f23000-7fd8f4f24000 r--p 0000a000 fd:00 44176104                   /lib/x86_64-linux-gnu/libnss_nis-2.27.so
7fd8f4f24000-7fd8f4f25000 rw-p 0000b000 fd:00 44176104                   /lib/x86_64-linux-gnu/libnss_nis-2.27.so
7fd8f4f25000-7fd8f4f2d000 r-xp 00000000 fd:00 44176089                   /lib/x86_64-linux-gnu/libnss_compat-2.27.so
7fd8f4f2d000-7fd8f512d000 ---p 00008000 fd:00 44176089                   /lib/x86_64-linux-gnu/libnss_compat-2.27.so
7fd8f512d000-7fd8f512e000 r--p 00008000 fd:00 44176089                   /lib/x86_64-linux-gnu/libnss_compat-2.27.so
7fd8f512e000-7fd8f512f000 rw-p 00009000 fd:00 44176089                   /lib/x86_64-linux-gnu/libnss_compat-2.27.so
7fd8f512f000-7fd8f515b000 r-xp 00000000 fd:00 20186035                   /usr/lib/jvm/java-11-openjdk-amd64/lib/libjava.so
7fd8f515b000-7fd8f535a000 ---p 0002c000 fd:00 20186035                   /usr/lib/jvm/java-11-openjdk-amd64/lib/libjava.so
7fd8f535a000-7fd8f535b000 r--p 0002b000 fd:00 20186035                   /usr/lib/jvm/java-11-openjdk-amd64/lib/libjava.so
7fd8f535b000-7fd8f535d000 rw-p 0002c000 fd:00 20186035                   /usr/lib/jvm/java-11-openjdk-amd64/lib/libjava.so
7fd8f535d000-7fd8f536a000 r-xp 00000000 fd:00 20186055                   /usr/lib/jvm/java-11-openjdk-amd64/lib/libverify.so
7fd8f536a000-7fd8f5569000 ---p 0000d000 fd:00 20186055                   /usr/lib/jvm/java-11-openjdk-amd64/lib/libverify.so
7fd8f5569000-7fd8f556b000 r--p 0000c000 fd:00 20186055                   /usr/lib/jvm/java-11-openjdk-amd64/lib/libverify.so
7fd8f556b000-7fd8f556c000 rw-p 0000e000 fd:00 20186055                   /usr/lib/jvm/java-11-openjdk-amd64/lib/libverify.so
7fd8f556c000-7fd8f5573000 r-xp 00000000 fd:00 44176144                   /lib/x86_64-linux-gnu/librt-2.27.so
7fd8f5573000-7fd8f5772000 ---p 00007000 fd:00 44176144                   /lib/x86_64-linux-gnu/librt-2.27.so
7fd8f5772000-7fd8f5773000 r--p 00006000 fd:00 44176144                   /lib/x86_64-linux-gnu/librt-2.27.so
7fd8f5773000-7fd8f5774000 rw-p 00007000 fd:00 44176144                   /lib/x86_64-linux-gnu/librt-2.27.so
7fd8f5774000-7fd8f578b000 r-xp 00000000 fd:00 44175907                   /lib/x86_64-linux-gnu/libgcc_s.so.1
7fd8f578b000-7fd8f598a000 ---p 00017000 fd:00 44175907                   /lib/x86_64-linux-gnu/libgcc_s.so.1
7fd8f598a000-7fd8f598b000 r--p 00016000 fd:00 44175907                   /lib/x86_64-linux-gnu/libgcc_s.so.1
7fd8f598b000-7fd8f598c000 rw-p 00017000 fd:00 44175907                   /lib/x86_64-linux-gnu/libgcc_s.so.1
7fd8f598c000-7fd8f5b29000 r-xp 00000000 fd:00 44176066                   /lib/x86_64-linux-gnu/libm-2.27.so
7fd8f5b29000-7fd8f5d28000 ---p 0019d000 fd:00 44176066                   /lib/x86_64-linux-gnu/libm-2.27.so
7fd8f5d28000-7fd8f5d29000 r--p 0019c000 fd:00 44176066                   /lib/x86_64-linux-gnu/libm-2.27.so
7fd8f5d29000-7fd8f5d2a000 rw-p 0019d000 fd:00 44176066                   /lib/x86_64-linux-gnu/libm-2.27.so
7fd8f5d2a000-7fd8f5ea3000 r-xp 00000000 fd:00 18090134                   /usr/lib/x86_64-linux-gnu/libstdc++.so.6.0.25
7fd8f5ea3000-7fd8f60a3000 ---p 00179000 fd:00 18090134                   /usr/lib/x86_64-linux-gnu/libstdc++.so.6.0.25
7fd8f60a3000-7fd8f60ad000 r--p 00179000 fd:00 18090134                   /usr/lib/x86_64-linux-gnu/libstdc++.so.6.0.25
7fd8f60ad000-7fd8f60af000 rw-p 00183000 fd:00 18090134                   /usr/lib/x86_64-linux-gnu/libstdc++.so.6.0.25
7fd8f60af000-7fd8f60b3000 rw-p 00000000 00:00 0 
7fd8f60b3000-7fd8f7050000 r-xp 00000000 fd:00 20186062                   /usr/lib/jvm/java-11-openjdk-amd64/lib/server/libjvm.so
7fd8f7050000-7fd8f7250000 ---p 00f9d000 fd:00 20186062                   /usr/lib/jvm/java-11-openjdk-amd64/lib/server/libjvm.so
7fd8f7250000-7fd8f7314000 r--p 00f9d000 fd:00 20186062                   /usr/lib/jvm/java-11-openjdk-amd64/lib/server/libjvm.so
7fd8f7314000-7fd8f734c000 rw-p 01061000 fd:00 20186062                   /usr/lib/jvm/java-11-openjdk-amd64/lib/server/libjvm.so
7fd8f734c000-7fd8f7395000 rw-p 00000000 00:00 0 
7fd8f7395000-7fd8f73af000 r-xp 00000000 fd:00 44176136                   /lib/x86_64-linux-gnu/libpthread-2.27.so
7fd8f73af000-7fd8f75ae000 ---p 0001a000 fd:00 44176136                   /lib/x86_64-linux-gnu/libpthread-2.27.so
7fd8f75ae000-7fd8f75af000 r--p 00019000 fd:00 44176136                   /lib/x86_64-linux-gnu/libpthread-2.27.so
7fd8f75af000-7fd8f75b0000 rw-p 0001a000 fd:00 44176136                   /lib/x86_64-linux-gnu/libpthread-2.27.so
7fd8f75b0000-7fd8f75b4000 rw-p 00000000 00:00 0 
7fd8f75b4000-7fd8f75b7000 r-xp 00000000 fd:00 44176026                   /lib/x86_64-linux-gnu/libdl-2.27.so
7fd8f75b7000-7fd8f77b6000 ---p 00003000 fd:00 44176026                   /lib/x86_64-linux-gnu/libdl-2.27.so
7fd8f77b6000-7fd8f77b7000 r--p 00002000 fd:00 44176026                   /lib/x86_64-linux-gnu/libdl-2.27.so
7fd8f77b7000-7fd8f77b8000 rw-p 00003000 fd:00 44176026                   /lib/x86_64-linux-gnu/libdl-2.27.so
7fd8f77b8000-7fd8f77d4000 r-xp 00000000 fd:00 44176175                   /lib/x86_64-linux-gnu/libz.so.1.2.11
7fd8f77d4000-7fd8f79d3000 ---p 0001c000 fd:00 44176175                   /lib/x86_64-linux-gnu/libz.so.1.2.11
7fd8f79d3000-7fd8f79d4000 r--p 0001b000 fd:00 44176175                   /lib/x86_64-linux-gnu/libz.so.1.2.11
7fd8f79d4000-7fd8f79d5000 rw-p 0001c000 fd:00 44176175                   /lib/x86_64-linux-gnu/libz.so.1.2.11
7fd8f79d5000-7fd8f7bbc000 r-xp 00000000 fd:00 44176003                   /lib/x86_64-linux-gnu/libc-2.27.so
7fd8f7bbc000-7fd8f7dbc000 ---p 001e7000 fd:00 44176003                   /lib/x86_64-linux-gnu/libc-2.27.so
7fd8f7dbc000-7fd8f7dc0000 r--p 001e7000 fd:00 44176003                   /lib/x86_64-linux-gnu/libc-2.27.so
7fd8f7dc0000-7fd8f7dc2000 rw-p 001eb000 fd:00 44176003                   /lib/x86_64-linux-gnu/libc-2.27.so
7fd8f7dc2000-7fd8f7dc6000 rw-p 00000000 00:00 0 
7fd8f7dc6000-7fd8f7dd5000 r-xp 00000000 fd:00 20186020                   /usr/lib/jvm/java-11-openjdk-amd64/lib/jli/libjli.so
7fd8f7dd5000-7fd8f7fd4000 ---p 0000f000 fd:00 20186020                   /usr/lib/jvm/java-11-openjdk-amd64/lib/jli/libjli.so
7fd8f7fd4000-7fd8f7fd5000 r--p 0000e000 fd:00 20186020                   /usr/lib/jvm/java-11-openjdk-amd64/lib/jli/libjli.so
7fd8f7fd5000-7fd8f7fd6000 rw-p 0000f000 fd:00 20186020                   /usr/lib/jvm/java-11-openjdk-amd64/lib/jli/libjli.so
7fd8f7fd6000-7fd8f7ffd000 r-xp 00000000 fd:00 44175975                   /lib/x86_64-linux-gnu/ld-2.27.so
7fd8f8079000-7fd8f80e0000 rw-p 00000000 00:00 0 
7fd8f80e0000-7fd8f80e4000 ---p 00000000 00:00 0 
7fd8f80e4000-7fd8f81e3000 rw-p 00000000 00:00 0 
7fd8f81e4000-7fd8f81ea000 rw-p 00000000 00:00 0 
7fd8f81ea000-7fd8f81f1000 ---p 00000000 00:00 0 
7fd8f81f1000-7fd8f81f9000 rw-s 00000000 fd:00 16121869                   /tmp/hsperfdata_minecraft/3852
7fd8f81f9000-7fd8f81fa000 ---p 00000000 00:00 0 
7fd8f81fa000-7fd8f81fb000 r--p 00000000 00:00 0 
7fd8f81fb000-7fd8f81fd000 rw-p 00000000 00:00 0 
7fd8f81fd000-7fd8f81fe000 r--p 00027000 fd:00 44175975                   /lib/x86_64-linux-gnu/ld-2.27.so
7fd8f81fe000-7fd8f81ff000 rw-p 00028000 fd:00 44175975                   /lib/x86_64-linux-gnu/ld-2.27.so
7fd8f81ff000-7fd8f8200000 rw-p 00000000 00:00 0 
7fff49d5d000-7fff49d7e000 rw-p 00000000 00:00 0                          [stack]
7fff49db3000-7fff49db6000 r--p 00000000 00:00 0                          [vvar]
7fff49db6000-7fff49db8000 r-xp 00000000 00:00 0                          [vdso]
ffffffffff600000-ffffffffff601000 r-xp 00000000 00:00 0                  [vsyscall]


VM Arguments:
jvm_args: -Xms3g -Xmx3g 
java_command: server.jar nogui
java_class_path (initial): server.jar
Launcher Type: SUN_STANDARD

Logging:
Log output configuration:
#0: stdout all=warning uptime,level,tags
#1: stderr all=off uptime,level,tags

Environment Variables:
PATH=/usr/local/sbin:/usr/local/bin:/usr/sbin:/usr/bin:/sbin:/bin
SHELL=/bin/sh

Signal Handlers:
SIGSEGV: [libjvm.so+0xd28b70], sa_mask[0]=11111111011111111101111111111110, sa_flags=SA_RESTART|SA_SIGINFO
SIGBUS: [libjvm.so+0xd28b70], sa_mask[0]=11111111011111111101111111111110, sa_flags=SA_RESTART|SA_SIGINFO
SIGFPE: [libjvm.so+0xd28b70], sa_mask[0]=11111111011111111101111111111110, sa_flags=SA_RESTART|SA_SIGINFO
SIGPIPE: [libjvm.so+0xb2a1f0], sa_mask[0]=11111111011111111101111111111110, sa_flags=SA_RESTART|SA_SIGINFO
SIGXFSZ: [libjvm.so+0xb2a1f0], sa_mask[0]=11111111011111111101111111111110, sa_flags=SA_RESTART|SA_SIGINFO
SIGILL: [libjvm.so+0xd28b70], sa_mask[0]=11111111011111111101111111111110, sa_flags=SA_RESTART|SA_SIGINFO
SIGUSR2: [libjvm.so+0xb2a030], sa_mask[0]=00000000000000000000000000000000, sa_flags=SA_RESTART|SA_SIGINFO
SIGHUP: SIG_DFL, sa_mask[0]=00000000000000000000000000000000, sa_flags=none
SIGINT: SIG_DFL, sa_mask[0]=00000000000000000000000000000000, sa_flags=none
SIGTERM: SIG_DFL, sa_mask[0]=00000000000000000000000000000000, sa_flags=none
SIGQUIT: SIG_DFL, sa_mask[0]=00000000000000000000000000000000, sa_flags=none


---------------  S Y S T E M  ---------------

OS:DISTRIB_ID=Ubuntu
DISTRIB_RELEASE=18.04
DISTRIB_CODENAME=bionic
DISTRIB_DESCRIPTION="Ubuntu 18.04.2 LTS"
uname:Linux 4.15.0-46-generic #49-Ubuntu SMP Wed Feb 6 09:33:07 UTC 2019 x86_64
libc:glibc 2.27 NPTL 2.27 
rlimit: STACK 8192k, CORE 0k, NPROC 15099, NOFILE 4096, AS infinity, DATA infinity, FSIZE infinity
load average:1.04 1.23 1.31

/proc/meminfo:
MemTotal:        3943748 kB
MemFree:          108824 kB
MemAvailable:    1473464 kB
Buffers:           44216 kB
Cached:          1520284 kB
SwapCached:         6080 kB
Active:          2619088 kB
Inactive:        1023932 kB
Active(anon):    1755800 kB
Inactive(anon):   352788 kB
Active(file):     863288 kB
Inactive(file):   671144 kB
Unevictable:           0 kB
Mlocked:               0 kB
SwapTotal:        999420 kB
SwapFree:         585904 kB
Dirty:              3040 kB
Writeback:             0 kB
AnonPages:       2076352 kB
Mapped:           103504 kB
Shmem:             30068 kB
Slab:             107008 kB
SReclaimable:      65948 kB
SUnreclaim:        41060 kB
KernelStack:        5944 kB
PageTables:        23760 kB
NFS_Unstable:          0 kB
Bounce:                0 kB
WritebackTmp:          0 kB
CommitLimit:     2971292 kB
Committed_AS:    3165160 kB
VmallocTotal:   34359738367 kB
VmallocUsed:           0 kB
VmallocChunk:          0 kB
HardwareCorrupted:     0 kB
AnonHugePages:         0 kB
ShmemHugePages:        0 kB
ShmemPmdMapped:        0 kB
CmaTotal:              0 kB
CmaFree:               0 kB
HugePages_Total:       0
HugePages_Free:        0
HugePages_Rsvd:        0
HugePages_Surp:        0
Hugepagesize:       2048 kB
DirectMap4k:      158320 kB
DirectMap2M:     3940352 kB
DirectMap1G:           0 kB

container (cgroup) information:
container_type: cgroupv1
cpu_cpuset_cpus: 0-3
cpu_memory_nodes: 0
active_processor_count: 4
cpu_quota: -1
cpu_period: 100000
cpu_shares: -1
memory_limit_in_bytes: -1
memory_and_swap_limit_in_bytes: -2
memory_soft_limit_in_bytes: -1
memory_usage_in_bytes: 3729395712
memory_max_usage_in_bytes: 2048000


CPU:total 4 (initial active 4) (2 cores per cpu, 2 threads per core) family 6 model 69 stepping 1, cmov, cx8, fxsr, mmx, sse, sse2, sse3, ssse3, sse4.1, sse4.2, popcnt, avx, avx2, aes, clmul, erms, lzcnt, ht, tsc, tscinvbit, bmi1, bmi2, fma
CPU Model and flags from /proc/cpuinfo:
model name	: Intel(R) Core(TM) i7-4500U CPU @ 1.80GHz
flags		: fpu vme de pse tsc msr pae mce cx8 apic sep mtrr pge mca cmov pat pse36 clflush dts acpi mmx fxsr sse sse2 ss ht tm pbe syscall nx pdpe1gb rdtscp lm constant_tsc arch_perfmon pebs bts rep_good nopl xtopology nonstop_tsc cpuid aperfmperf pni pclmulqdq dtes64 monitor ds_cpl vmx est tm2 ssse3 sdbg fma cx16 xtpr pdcm pcid sse4_1 sse4_2 movbe popcnt tsc_deadline_timer aes xsave avx f16c rdrand lahf_lm abm cpuid_fault epb invpcid_single pti ssbd ibrs ibpb stibp tpr_shadow vnmi flexpriority ept vpid fsgsbase tsc_adjust bmi1 avx2 smep bmi2 erms invpcid xsaveopt dtherm ida arat pln pts flush_l1d

Memory: 4k page, physical 3943748k(108824k free), swap 999420k(585904k free)

vm_info: OpenJDK 64-Bit Server VM (10.0.2+13-Ubuntu-1ubuntu0.18.04.4) for linux-amd64 JRE (10.0.2+13-Ubuntu-1ubuntu0.18.04.4), built on Nov 13 2018 12:53:39 by "buildd" with gcc 7.3.0

END.
