#
# There is insufficient memory for the Java Runtime Environment to continue.
# Native memory allocation (mmap) failed to map 3221225472 bytes for committing reserved memory.
# Possible reasons:
#   The system is out of physical RAM or swap space
#   The process is running with CompressedOops enabled, and the Java Heap may be blocking the growth of the native heap
# Possible solutions:
#   Reduce memory load on the system
#   Increase physical memory or swap space
#   Check if swap backing store is full
#   Decrease Java heap size (-Xmx/-Xms)
#   Decrease number of Java threads
#   Decrease Java thread stack sizes (-Xss)
#   Set larger code cache with -XX:ReservedCodeCacheSize=
# This output file may be truncated or incomplete.
#
#  Out of Memory Error (os_linux.cpp:2706), pid=29553, tid=29554
#
# JRE version:  (10.0.2+13) (build )
# Java VM: OpenJDK 64-Bit Server VM (10.0.2+13-Ubuntu-1ubuntu0.18.04.4, mixed mode, aot, tiered, compressed oops, g1 gc, linux-amd64)
# Core dump will be written. Default location: Core dumps may be processed with "/usr/share/apport/apport %p %s %c %d %P" (or dumping to /opt/forno/minecraft/core.29553)
#

---------------  S U M M A R Y ------------

Command Line: -Xms3g -Xmx3g server.jar nogui

Host: Intel(R) Core(TM) i7-4500U CPU @ 1.80GHz, 4 cores, 3G, Ubuntu 18.04.2 LTS
Time: Thu Mar 21 03:51:17 2019 JST elapsed time: 0 seconds (0d 0h 0m 0s)

---------------  T H R E A D  ---------------

Current thread (0x00007f1dd8011000):  JavaThread "Unknown thread" [_thread_in_vm, id=29554, stack(0x00007f1ddec7e000,0x00007f1dded7f000)]

Stack: [0x00007f1ddec7e000,0x00007f1dded7f000],  sp=0x00007f1dded7d2e0,  free space=1020k
Native frames: (J=compiled Java code, A=aot compiled Java code, j=interpreted, Vv=VM code, C=native code)
V  [libjvm.so+0xd27ea4]
V  [libjvm.so+0xd28a4b]
V  [libjvm.so+0x64d415]
V  [libjvm.so+0xb2d7c8]
V  [libjvm.so+0xb2601d]
V  [libjvm.so+0x7662ff]
V  [libjvm.so+0x76653e]
V  [libjvm.so+0x769500]
V  [libjvm.so+0x7efa1c]
V  [libjvm.so+0x7f06df]
V  [libjvm.so+0x7f0b59]
V  [libjvm.so+0x7162cf]
V  [libjvm.so+0x71afd3]
V  [libjvm.so+0xce5dc2]
V  [libjvm.so+0xce60c6]
V  [libjvm.so+0x807d57]
V  [libjvm.so+0xcc7ac4]
V  [libjvm.so+0x8601b1]  JNI_CreateJavaVM+0x51
C  [libjli.so+0x3d83]
C  [libjli.so+0x89dd]
C  [libpthread.so.0+0x76db]  start_thread+0xdb


---------------  P R O C E S S  ---------------

Threads class SMR info:
_java_thread_list=0x000055932b0096b0, length=0, elements={
}

Java Threads: ( => current thread )

Other Threads:
  0x00007f1dd8028000 GCTaskThread "GC Thread#0" [stack: 0x00007f1dbe8ad000,0x00007f1dbe9ad000] [id=29555]
  0x00007f1dd8029000 GCTaskThread "GC Thread#1" [stack: 0x00007f1dbe7ab000,0x00007f1dbe8ab000] [id=29556]
  0x00007f1dd802b000 GCTaskThread "GC Thread#2" [stack: 0x00007f1dbe6a9000,0x00007f1dbe7a9000] [id=29557]
  0x00007f1dd802c800 GCTaskThread "GC Thread#3" [stack: 0x00007f1dbe5a7000,0x00007f1dbe6a7000] [id=29558]
  0x00007f1dd806a000 ConcurrentGCThread "G1 Main Marker" [stack: 0x00007f1dbcde1000,0x00007f1dbcee1000] [id=29559]
  0x00007f1dd806c000 ConcurrentGCThread "G1 Conc#0" [stack: 0x00007f1dbccdf000,0x00007f1dbcddf000] [id=29560]

[error occurred during error reporting (printing all threads), id 0xe0000002]

VM state:not at safepoint (not fully initialized)

VM Mutex/Monitor currently owned by a thread:  ([mutex/lock_event])
[0x00007f1dd800df30] Heap_lock - owner thread: 0x00007f1dd8011000

Heap address: 0x0000000700000000, size: 3072 MB, Compressed Oops mode: Non-zero based: 0x0000000700000000
Narrow klass base: 0x0000000000000000, Narrow klass shift: 0

GC Heap History (0 events):
No events

Deoptimization events (0 events):
No events

Classes redefined (0 events):
No events

Internal exceptions (0 events):
No events

Events (0 events):
No events


Dynamic libraries:
55932934d000-55932934e000 r-xp 00000000 fd:00 20185882                   /usr/lib/jvm/java-11-openjdk-amd64/bin/java
55932954e000-55932954f000 r--p 00001000 fd:00 20185882                   /usr/lib/jvm/java-11-openjdk-amd64/bin/java
55932954f000-559329550000 rw-p 00002000 fd:00 20185882                   /usr/lib/jvm/java-11-openjdk-amd64/bin/java
55932aff2000-55932b013000 rw-p 00000000 00:00 0                          [heap]
7f1d98000000-7f1d98021000 rw-p 00000000 00:00 0 
7f1d98021000-7f1d9c000000 ---p 00000000 00:00 0 
7f1d9e000000-7f1da0000000 rw-p 00000000 00:00 0 
7f1da0000000-7f1da0021000 rw-p 00000000 00:00 0 
7f1da0021000-7f1da4000000 ---p 00000000 00:00 0 
7f1da5000000-7f1da8000000 ---p 00000000 00:00 0 
7f1da8000000-7f1da8021000 rw-p 00000000 00:00 0 
7f1da8021000-7f1dac000000 ---p 00000000 00:00 0 
7f1dad000000-7f1db0000000 ---p 00000000 00:00 0 
7f1db0000000-7f1db0021000 rw-p 00000000 00:00 0 
7f1db0021000-7f1db4000000 ---p 00000000 00:00 0 
7f1db4000000-7f1db4021000 rw-p 00000000 00:00 0 
7f1db4021000-7f1db8000000 ---p 00000000 00:00 0 
7f1db8000000-7f1db8021000 rw-p 00000000 00:00 0 
7f1db8021000-7f1dbc000000 ---p 00000000 00:00 0 
7f1dbc8d9000-7f1dbccdd000 rw-p 00000000 00:00 0 
7f1dbccdd000-7f1dbccde000 ---p 00000000 00:00 0 
7f1dbccde000-7f1dbcddf000 rw-p 00000000 00:00 0 
7f1dbcddf000-7f1dbcde0000 ---p 00000000 00:00 0 
7f1dbcde0000-7f1dbcfa1000 rw-p 00000000 00:00 0 
7f1dbcfa1000-7f1dbe1a1000 ---p 00000000 00:00 0 
7f1dbe1a1000-7f1dbe5a5000 rw-p 00000000 00:00 0 
7f1dbe5a5000-7f1dbe5a6000 ---p 00000000 00:00 0 
7f1dbe5a6000-7f1dbe6a7000 rw-p 00000000 00:00 0 
7f1dbe6a7000-7f1dbe6a8000 ---p 00000000 00:00 0 
7f1dbe6a8000-7f1dbe7a9000 rw-p 00000000 00:00 0 
7f1dbe7a9000-7f1dbe7aa000 ---p 00000000 00:00 0 
7f1dbe7aa000-7f1dbe8ab000 rw-p 00000000 00:00 0 
7f1dbe8ab000-7f1dbe8ac000 ---p 00000000 00:00 0 
7f1dbe8ac000-7f1dbe9b2000 rw-p 00000000 00:00 0 
7f1dbe9b2000-7f1dbea98000 ---p 00000000 00:00 0 
7f1dbea98000-7f1dbed08000 rwxp 00000000 00:00 0 
7f1dbed08000-7f1dbf028000 ---p 00000000 00:00 0 
7f1dbf028000-7f1dbf298000 rwxp 00000000 00:00 0 
7f1dbf298000-7f1dc6560000 ---p 00000000 00:00 0 
7f1dc6560000-7f1dc67d0000 rwxp 00000000 00:00 0 
7f1dc67d0000-7f1dcda98000 ---p 00000000 00:00 0 
7f1dcda98000-7f1dd6f73000 r--s 00000000 fd:00 20186057                   /usr/lib/jvm/java-11-openjdk-amd64/lib/modules
7f1dd6f73000-7f1dd6f78000 r-xp 00000000 fd:00 20186039                   /usr/lib/jvm/java-11-openjdk-amd64/lib/libjimage.so
7f1dd6f78000-7f1dd7177000 ---p 00005000 fd:00 20186039                   /usr/lib/jvm/java-11-openjdk-amd64/lib/libjimage.so
7f1dd7177000-7f1dd7178000 r--p 00004000 fd:00 20186039                   /usr/lib/jvm/java-11-openjdk-amd64/lib/libjimage.so
7f1dd7178000-7f1dd7179000 rw-p 00005000 fd:00 20186039                   /usr/lib/jvm/java-11-openjdk-amd64/lib/libjimage.so
7f1dd7179000-7f1dd7180000 r-xp 00000000 fd:00 20186056                   /usr/lib/jvm/java-11-openjdk-amd64/lib/libzip.so
7f1dd7180000-7f1dd737f000 ---p 00007000 fd:00 20186056                   /usr/lib/jvm/java-11-openjdk-amd64/lib/libzip.so
7f1dd737f000-7f1dd7380000 r--p 00006000 fd:00 20186056                   /usr/lib/jvm/java-11-openjdk-amd64/lib/libzip.so
7f1dd7380000-7f1dd7381000 rw-p 00007000 fd:00 20186056                   /usr/lib/jvm/java-11-openjdk-amd64/lib/libzip.so
7f1dd7381000-7f1dd738c000 r-xp 00000000 fd:00 44176093                   /lib/x86_64-linux-gnu/libnss_files-2.27.so
7f1dd738c000-7f1dd758b000 ---p 0000b000 fd:00 44176093                   /lib/x86_64-linux-gnu/libnss_files-2.27.so
7f1dd758b000-7f1dd758c000 r--p 0000a000 fd:00 44176093                   /lib/x86_64-linux-gnu/libnss_files-2.27.so
7f1dd758c000-7f1dd758d000 rw-p 0000b000 fd:00 44176093                   /lib/x86_64-linux-gnu/libnss_files-2.27.so
7f1dd758d000-7f1dd7593000 rw-p 00000000 00:00 0 
7f1dd7593000-7f1dd75aa000 r-xp 00000000 fd:00 44176087                   /lib/x86_64-linux-gnu/libnsl-2.27.so
7f1dd75aa000-7f1dd77a9000 ---p 00017000 fd:00 44176087                   /lib/x86_64-linux-gnu/libnsl-2.27.so
7f1dd77a9000-7f1dd77aa000 r--p 00016000 fd:00 44176087                   /lib/x86_64-linux-gnu/libnsl-2.27.so
7f1dd77aa000-7f1dd77ab000 rw-p 00017000 fd:00 44176087                   /lib/x86_64-linux-gnu/libnsl-2.27.so
7f1dd77ab000-7f1dd77ad000 rw-p 00000000 00:00 0 
7f1dd77ad000-7f1dd77b8000 r-xp 00000000 fd:00 44176104                   /lib/x86_64-linux-gnu/libnss_nis-2.27.so
7f1dd77b8000-7f1dd79b7000 ---p 0000b000 fd:00 44176104                   /lib/x86_64-linux-gnu/libnss_nis-2.27.so
7f1dd79b7000-7f1dd79b8000 r--p 0000a000 fd:00 44176104                   /lib/x86_64-linux-gnu/libnss_nis-2.27.so
7f1dd79b8000-7f1dd79b9000 rw-p 0000b000 fd:00 44176104                   /lib/x86_64-linux-gnu/libnss_nis-2.27.so
7f1dd79b9000-7f1dd79c1000 r-xp 00000000 fd:00 44176089                   /lib/x86_64-linux-gnu/libnss_compat-2.27.so
7f1dd79c1000-7f1dd7bc1000 ---p 00008000 fd:00 44176089                   /lib/x86_64-linux-gnu/libnss_compat-2.27.so
7f1dd7bc1000-7f1dd7bc2000 r--p 00008000 fd:00 44176089                   /lib/x86_64-linux-gnu/libnss_compat-2.27.so
7f1dd7bc2000-7f1dd7bc3000 rw-p 00009000 fd:00 44176089                   /lib/x86_64-linux-gnu/libnss_compat-2.27.so
7f1dd7bc3000-7f1dd7bef000 r-xp 00000000 fd:00 20186035                   /usr/lib/jvm/java-11-openjdk-amd64/lib/libjava.so
7f1dd7bef000-7f1dd7dee000 ---p 0002c000 fd:00 20186035                   /usr/lib/jvm/java-11-openjdk-amd64/lib/libjava.so
7f1dd7dee000-7f1dd7def000 r--p 0002b000 fd:00 20186035                   /usr/lib/jvm/java-11-openjdk-amd64/lib/libjava.so
7f1dd7def000-7f1dd7df1000 rw-p 0002c000 fd:00 20186035                   /usr/lib/jvm/java-11-openjdk-amd64/lib/libjava.so
7f1dd7df1000-7f1dd7dfe000 r-xp 00000000 fd:00 20186055                   /usr/lib/jvm/java-11-openjdk-amd64/lib/libverify.so
7f1dd7dfe000-7f1dd7ffd000 ---p 0000d000 fd:00 20186055                   /usr/lib/jvm/java-11-openjdk-amd64/lib/libverify.so
7f1dd7ffd000-7f1dd7fff000 r--p 0000c000 fd:00 20186055                   /usr/lib/jvm/java-11-openjdk-amd64/lib/libverify.so
7f1dd7fff000-7f1dd8000000 rw-p 0000e000 fd:00 20186055                   /usr/lib/jvm/java-11-openjdk-amd64/lib/libverify.so
7f1dd8000000-7f1dd8083000 rw-p 00000000 00:00 0 
7f1dd8083000-7f1ddc000000 ---p 00000000 00:00 0 
7f1ddc01f000-7f1ddc024000 rw-p 00000000 00:00 0 
7f1ddc024000-7f1ddc10a000 ---p 00000000 00:00 0 
7f1ddc10a000-7f1ddc111000 r-xp 00000000 fd:00 44176144                   /lib/x86_64-linux-gnu/librt-2.27.so
7f1ddc111000-7f1ddc310000 ---p 00007000 fd:00 44176144                   /lib/x86_64-linux-gnu/librt-2.27.so
7f1ddc310000-7f1ddc311000 r--p 00006000 fd:00 44176144                   /lib/x86_64-linux-gnu/librt-2.27.so
7f1ddc311000-7f1ddc312000 rw-p 00007000 fd:00 44176144                   /lib/x86_64-linux-gnu/librt-2.27.so
7f1ddc312000-7f1ddc329000 r-xp 00000000 fd:00 44175907                   /lib/x86_64-linux-gnu/libgcc_s.so.1
7f1ddc329000-7f1ddc528000 ---p 00017000 fd:00 44175907                   /lib/x86_64-linux-gnu/libgcc_s.so.1
7f1ddc528000-7f1ddc529000 r--p 00016000 fd:00 44175907                   /lib/x86_64-linux-gnu/libgcc_s.so.1
7f1ddc529000-7f1ddc52a000 rw-p 00017000 fd:00 44175907                   /lib/x86_64-linux-gnu/libgcc_s.so.1
7f1ddc52a000-7f1ddc6c7000 r-xp 00000000 fd:00 44176066                   /lib/x86_64-linux-gnu/libm-2.27.so
7f1ddc6c7000-7f1ddc8c6000 ---p 0019d000 fd:00 44176066                   /lib/x86_64-linux-gnu/libm-2.27.so
7f1ddc8c6000-7f1ddc8c7000 r--p 0019c000 fd:00 44176066                   /lib/x86_64-linux-gnu/libm-2.27.so
7f1ddc8c7000-7f1ddc8c8000 rw-p 0019d000 fd:00 44176066                   /lib/x86_64-linux-gnu/libm-2.27.so
7f1ddc8c8000-7f1ddca41000 r-xp 00000000 fd:00 18090134                   /usr/lib/x86_64-linux-gnu/libstdc++.so.6.0.25
7f1ddca41000-7f1ddcc41000 ---p 00179000 fd:00 18090134                   /usr/lib/x86_64-linux-gnu/libstdc++.so.6.0.25
7f1ddcc41000-7f1ddcc4b000 r--p 00179000 fd:00 18090134                   /usr/lib/x86_64-linux-gnu/libstdc++.so.6.0.25
7f1ddcc4b000-7f1ddcc4d000 rw-p 00183000 fd:00 18090134                   /usr/lib/x86_64-linux-gnu/libstdc++.so.6.0.25
7f1ddcc4d000-7f1ddcc51000 rw-p 00000000 00:00 0 
7f1ddcc51000-7f1dddbee000 r-xp 00000000 fd:00 20186062                   /usr/lib/jvm/java-11-openjdk-amd64/lib/server/libjvm.so
7f1dddbee000-7f1ddddee000 ---p 00f9d000 fd:00 20186062                   /usr/lib/jvm/java-11-openjdk-amd64/lib/server/libjvm.so
7f1ddddee000-7f1dddeb2000 r--p 00f9d000 fd:00 20186062                   /usr/lib/jvm/java-11-openjdk-amd64/lib/server/libjvm.so
7f1dddeb2000-7f1dddeea000 rw-p 01061000 fd:00 20186062                   /usr/lib/jvm/java-11-openjdk-amd64/lib/server/libjvm.so
7f1dddeea000-7f1dddf33000 rw-p 00000000 00:00 0 
7f1dddf33000-7f1dddf4d000 r-xp 00000000 fd:00 44176136                   /lib/x86_64-linux-gnu/libpthread-2.27.so
7f1dddf4d000-7f1dde14c000 ---p 0001a000 fd:00 44176136                   /lib/x86_64-linux-gnu/libpthread-2.27.so
7f1dde14c000-7f1dde14d000 r--p 00019000 fd:00 44176136                   /lib/x86_64-linux-gnu/libpthread-2.27.so
7f1dde14d000-7f1dde14e000 rw-p 0001a000 fd:00 44176136                   /lib/x86_64-linux-gnu/libpthread-2.27.so
7f1dde14e000-7f1dde152000 rw-p 00000000 00:00 0 
7f1dde152000-7f1dde155000 r-xp 00000000 fd:00 44176026                   /lib/x86_64-linux-gnu/libdl-2.27.so
7f1dde155000-7f1dde354000 ---p 00003000 fd:00 44176026                   /lib/x86_64-linux-gnu/libdl-2.27.so
7f1dde354000-7f1dde355000 r--p 00002000 fd:00 44176026                   /lib/x86_64-linux-gnu/libdl-2.27.so
7f1dde355000-7f1dde356000 rw-p 00003000 fd:00 44176026                   /lib/x86_64-linux-gnu/libdl-2.27.so
7f1dde356000-7f1dde372000 r-xp 00000000 fd:00 44176175                   /lib/x86_64-linux-gnu/libz.so.1.2.11
7f1dde372000-7f1dde571000 ---p 0001c000 fd:00 44176175                   /lib/x86_64-linux-gnu/libz.so.1.2.11
7f1dde571000-7f1dde572000 r--p 0001b000 fd:00 44176175                   /lib/x86_64-linux-gnu/libz.so.1.2.11
7f1dde572000-7f1dde573000 rw-p 0001c000 fd:00 44176175                   /lib/x86_64-linux-gnu/libz.so.1.2.11
7f1dde573000-7f1dde75a000 r-xp 00000000 fd:00 44176003                   /lib/x86_64-linux-gnu/libc-2.27.so
7f1dde75a000-7f1dde95a000 ---p 001e7000 fd:00 44176003                   /lib/x86_64-linux-gnu/libc-2.27.so
7f1dde95a000-7f1dde95e000 r--p 001e7000 fd:00 44176003                   /lib/x86_64-linux-gnu/libc-2.27.so
7f1dde95e000-7f1dde960000 rw-p 001eb000 fd:00 44176003                   /lib/x86_64-linux-gnu/libc-2.27.so
7f1dde960000-7f1dde964000 rw-p 00000000 00:00 0 
7f1dde964000-7f1dde973000 r-xp 00000000 fd:00 20186020                   /usr/lib/jvm/java-11-openjdk-amd64/lib/jli/libjli.so
7f1dde973000-7f1ddeb72000 ---p 0000f000 fd:00 20186020                   /usr/lib/jvm/java-11-openjdk-amd64/lib/jli/libjli.so
7f1ddeb72000-7f1ddeb73000 r--p 0000e000 fd:00 20186020                   /usr/lib/jvm/java-11-openjdk-amd64/lib/jli/libjli.so
7f1ddeb73000-7f1ddeb74000 rw-p 0000f000 fd:00 20186020                   /usr/lib/jvm/java-11-openjdk-amd64/lib/jli/libjli.so
7f1ddeb74000-7f1ddeb9b000 r-xp 00000000 fd:00 44175975                   /lib/x86_64-linux-gnu/ld-2.27.so
7f1ddec17000-7f1ddec7e000 rw-p 00000000 00:00 0 
7f1ddec7e000-7f1ddec82000 ---p 00000000 00:00 0 
7f1ddec82000-7f1dded81000 rw-p 00000000 00:00 0 
7f1dded82000-7f1dded88000 rw-p 00000000 00:00 0 
7f1dded88000-7f1dded8f000 ---p 00000000 00:00 0 
7f1dded8f000-7f1dded97000 rw-s 00000000 fd:00 16121869                   /tmp/hsperfdata_minecraft/29553
7f1dded97000-7f1dded98000 ---p 00000000 00:00 0 
7f1dded98000-7f1dded99000 r--p 00000000 00:00 0 
7f1dded99000-7f1dded9b000 rw-p 00000000 00:00 0 
7f1dded9b000-7f1dded9c000 r--p 00027000 fd:00 44175975                   /lib/x86_64-linux-gnu/ld-2.27.so
7f1dded9c000-7f1dded9d000 rw-p 00028000 fd:00 44175975                   /lib/x86_64-linux-gnu/ld-2.27.so
7f1dded9d000-7f1dded9e000 rw-p 00000000 00:00 0 
7fff626ec000-7fff6270d000 rw-p 00000000 00:00 0                          [stack]
7fff62735000-7fff62738000 r--p 00000000 00:00 0                          [vvar]
7fff62738000-7fff6273a000 r-xp 00000000 00:00 0                          [vdso]
ffffffffff600000-ffffffffff601000 r-xp 00000000 00:00 0                  [vsyscall]


VM Arguments:
jvm_args: -Xms3g -Xmx3g 
java_command: server.jar nogui
java_class_path (initial): server.jar
Launcher Type: SUN_STANDARD

Logging:
Log output configuration:
#0: stdout all=warning uptime,level,tags
#1: stderr all=off uptime,level,tags

Environment Variables:
PATH=/usr/local/sbin:/usr/local/bin:/usr/sbin:/usr/bin:/sbin:/bin
SHELL=/bin/sh

Signal Handlers:
SIGSEGV: [libjvm.so+0xd28b70], sa_mask[0]=11111111011111111101111111111110, sa_flags=SA_RESTART|SA_SIGINFO
SIGBUS: [libjvm.so+0xd28b70], sa_mask[0]=11111111011111111101111111111110, sa_flags=SA_RESTART|SA_SIGINFO
SIGFPE: [libjvm.so+0xd28b70], sa_mask[0]=11111111011111111101111111111110, sa_flags=SA_RESTART|SA_SIGINFO
SIGPIPE: [libjvm.so+0xb2a1f0], sa_mask[0]=11111111011111111101111111111110, sa_flags=SA_RESTART|SA_SIGINFO
SIGXFSZ: [libjvm.so+0xb2a1f0], sa_mask[0]=11111111011111111101111111111110, sa_flags=SA_RESTART|SA_SIGINFO
SIGILL: [libjvm.so+0xd28b70], sa_mask[0]=11111111011111111101111111111110, sa_flags=SA_RESTART|SA_SIGINFO
SIGUSR2: [libjvm.so+0xb2a030], sa_mask[0]=00000000000000000000000000000000, sa_flags=SA_RESTART|SA_SIGINFO
SIGHUP: SIG_DFL, sa_mask[0]=00000000000000000000000000000000, sa_flags=none
SIGINT: SIG_DFL, sa_mask[0]=00000000000000000000000000000000, sa_flags=none
SIGTERM: SIG_DFL, sa_mask[0]=00000000000000000000000000000000, sa_flags=none
SIGQUIT: SIG_DFL, sa_mask[0]=00000000000000000000000000000000, sa_flags=none


---------------  S Y S T E M  ---------------

OS:DISTRIB_ID=Ubuntu
DISTRIB_RELEASE=18.04
DISTRIB_CODENAME=bionic
DISTRIB_DESCRIPTION="Ubuntu 18.04.2 LTS"
uname:Linux 4.15.0-46-generic #49-Ubuntu SMP Wed Feb 6 09:33:07 UTC 2019 x86_64
libc:glibc 2.27 NPTL 2.27 
rlimit: STACK 8192k, CORE 0k, NPROC 15099, NOFILE 4096, AS infinity, DATA infinity, FSIZE infinity
load average:1.21 1.44 1.46

/proc/meminfo:
MemTotal:        3943748 kB
MemFree:          902004 kB
MemAvailable:    1815684 kB
Buffers:           27888 kB
Cached:          1093520 kB
SwapCached:         3092 kB
Active:          2037396 kB
Inactive:         827576 kB
Active(anon):    1472356 kB
Inactive(anon):   301556 kB
Active(file):     565040 kB
Inactive(file):   526020 kB
Unevictable:           0 kB
Mlocked:               0 kB
SwapTotal:        999420 kB
SwapFree:         563376 kB
Dirty:              6704 kB
Writeback:             0 kB
AnonPages:       1742308 kB
Mapped:           124020 kB
Shmem:             30128 kB
Slab:              91860 kB
SReclaimable:      50772 kB
SUnreclaim:        41088 kB
KernelStack:        6000 kB
PageTables:        22368 kB
NFS_Unstable:          0 kB
Bounce:                0 kB
WritebackTmp:          0 kB
CommitLimit:     2971292 kB
Committed_AS:    2899656 kB
VmallocTotal:   34359738367 kB
VmallocUsed:           0 kB
VmallocChunk:          0 kB
HardwareCorrupted:     0 kB
AnonHugePages:         0 kB
ShmemHugePages:        0 kB
ShmemPmdMapped:        0 kB
CmaTotal:              0 kB
CmaFree:               0 kB
HugePages_Total:       0
HugePages_Free:        0
HugePages_Rsvd:        0
HugePages_Surp:        0
Hugepagesize:       2048 kB
DirectMap4k:      154224 kB
DirectMap2M:     3944448 kB
DirectMap1G:           0 kB

container (cgroup) information:
container_type: cgroupv1
cpu_cpuset_cpus: 0-3
cpu_memory_nodes: 0
active_processor_count: 4
cpu_quota: -1
cpu_period: 100000
cpu_shares: -1
memory_limit_in_bytes: -1
memory_and_swap_limit_in_bytes: -2
memory_soft_limit_in_bytes: -1
memory_usage_in_bytes: 2933567488
memory_max_usage_in_bytes: 2048000


CPU:total 4 (initial active 4) (2 cores per cpu, 2 threads per core) family 6 model 69 stepping 1, cmov, cx8, fxsr, mmx, sse, sse2, sse3, ssse3, sse4.1, sse4.2, popcnt, avx, avx2, aes, clmul, erms, lzcnt, ht, tsc, tscinvbit, bmi1, bmi2, fma
CPU Model and flags from /proc/cpuinfo:
model name	: Intel(R) Core(TM) i7-4500U CPU @ 1.80GHz
flags		: fpu vme de pse tsc msr pae mce cx8 apic sep mtrr pge mca cmov pat pse36 clflush dts acpi mmx fxsr sse sse2 ss ht tm pbe syscall nx pdpe1gb rdtscp lm constant_tsc arch_perfmon pebs bts rep_good nopl xtopology nonstop_tsc cpuid aperfmperf pni pclmulqdq dtes64 monitor ds_cpl vmx est tm2 ssse3 sdbg fma cx16 xtpr pdcm pcid sse4_1 sse4_2 movbe popcnt tsc_deadline_timer aes xsave avx f16c rdrand lahf_lm abm cpuid_fault epb invpcid_single pti ssbd ibrs ibpb stibp tpr_shadow vnmi flexpriority ept vpid fsgsbase tsc_adjust bmi1 avx2 smep bmi2 erms invpcid xsaveopt dtherm ida arat pln pts flush_l1d

Memory: 4k page, physical 3943748k(902004k free), swap 999420k(563376k free)

vm_info: OpenJDK 64-Bit Server VM (10.0.2+13-Ubuntu-1ubuntu0.18.04.4) for linux-amd64 JRE (10.0.2+13-Ubuntu-1ubuntu0.18.04.4), built on Nov 13 2018 12:53:39 by "buildd" with gcc 7.3.0

END.
