#
# There is insufficient memory for the Java Runtime Environment to continue.
# Native memory allocation (mmap) failed to map 3221225472 bytes for committing reserved memory.
# Possible reasons:
#   The system is out of physical RAM or swap space
#   The process is running with CompressedOops enabled, and the Java Heap may be blocking the growth of the native heap
# Possible solutions:
#   Reduce memory load on the system
#   Increase physical memory or swap space
#   Check if swap backing store is full
#   Decrease Java heap size (-Xmx/-Xms)
#   Decrease number of Java threads
#   Decrease Java thread stack sizes (-Xss)
#   Set larger code cache with -XX:ReservedCodeCacheSize=
# This output file may be truncated or incomplete.
#
#  Out of Memory Error (os_linux.cpp:2706), pid=3242, tid=3244
#
# JRE version:  (10.0.2+13) (build )
# Java VM: OpenJDK 64-Bit Server VM (10.0.2+13-Ubuntu-1ubuntu0.18.04.4, mixed mode, aot, tiered, compressed oops, g1 gc, linux-amd64)
# Core dump will be written. Default location: Core dumps may be processed with "/usr/share/apport/apport %p %s %c %d %P" (or dumping to /opt/forno/minecraft/core.3242)
#

---------------  S U M M A R Y ------------

Command Line: -Xms3g -Xmx3g server.jar nogui

Host: Intel(R) Core(TM) i7-4500U CPU @ 1.80GHz, 4 cores, 3G, Ubuntu 18.04.2 LTS
Time: Thu Mar 21 10:58:03 2019 JST elapsed time: 0 seconds (0d 0h 0m 0s)

---------------  T H R E A D  ---------------

Current thread (0x00007fb750011000):  JavaThread "Unknown thread" [_thread_in_vm, id=3244, stack(0x00007fb75974e000,0x00007fb75984f000)]

Stack: [0x00007fb75974e000,0x00007fb75984f000],  sp=0x00007fb75984d2e0,  free space=1020k
Native frames: (J=compiled Java code, A=aot compiled Java code, j=interpreted, Vv=VM code, C=native code)
V  [libjvm.so+0xd27ea4]
V  [libjvm.so+0xd28a4b]
V  [libjvm.so+0x64d415]
V  [libjvm.so+0xb2d7c8]
V  [libjvm.so+0xb2601d]
V  [libjvm.so+0x7662ff]
V  [libjvm.so+0x76653e]
V  [libjvm.so+0x769500]
V  [libjvm.so+0x7efa1c]
V  [libjvm.so+0x7f06df]
V  [libjvm.so+0x7f0b59]
V  [libjvm.so+0x7162cf]
V  [libjvm.so+0x71afd3]
V  [libjvm.so+0xce5dc2]
V  [libjvm.so+0xce60c6]
V  [libjvm.so+0x807d57]
V  [libjvm.so+0xcc7ac4]
V  [libjvm.so+0x8601b1]  JNI_CreateJavaVM+0x51
C  [libjli.so+0x3d83]
C  [libjli.so+0x89dd]
C  [libpthread.so.0+0x76db]  start_thread+0xdb


---------------  P R O C E S S  ---------------

Threads class SMR info:
_java_thread_list=0x000055dc421596b0, length=0, elements={
}

Java Threads: ( => current thread )

Other Threads:
  0x00007fb750028000 GCTaskThread "GC Thread#0" [stack: 0x00007fb755877000,0x00007fb755977000] [id=3246]
  0x00007fb750029000 GCTaskThread "GC Thread#1" [stack: 0x00007fb755775000,0x00007fb755875000] [id=3247]
  0x00007fb75002b000 GCTaskThread "GC Thread#2" [stack: 0x00007fb755673000,0x00007fb755773000] [id=3248]
  0x00007fb75002c800 GCTaskThread "GC Thread#3" [stack: 0x00007fb755571000,0x00007fb755671000] [id=3249]
  0x00007fb75006a000 ConcurrentGCThread "G1 Main Marker" [stack: 0x00007fb7543ab000,0x00007fb7544ab000] [id=3250]
  0x00007fb75006c000 ConcurrentGCThread "G1 Conc#0" [stack: 0x00007fb7542a9000,0x00007fb7543a9000] [id=3251]

[error occurred during error reporting (printing all threads), id 0xe0000002]

VM state:not at safepoint (not fully initialized)

VM Mutex/Monitor currently owned by a thread:  ([mutex/lock_event])
[0x00007fb75000df30] Heap_lock - owner thread: 0x00007fb750011000

Heap address: 0x0000000700000000, size: 3072 MB, Compressed Oops mode: Non-zero based: 0x0000000700000000
Narrow klass base: 0x0000000000000000, Narrow klass shift: 0

GC Heap History (0 events):
No events

Deoptimization events (0 events):
No events

Classes redefined (0 events):
No events

Internal exceptions (0 events):
No events

Events (0 events):
No events


Dynamic libraries:
55dc40e7d000-55dc40e7e000 r-xp 00000000 fd:00 20185882                   /usr/lib/jvm/java-11-openjdk-amd64/bin/java
55dc4107e000-55dc4107f000 r--p 00001000 fd:00 20185882                   /usr/lib/jvm/java-11-openjdk-amd64/bin/java
55dc4107f000-55dc41080000 rw-p 00002000 fd:00 20185882                   /usr/lib/jvm/java-11-openjdk-amd64/bin/java
55dc42142000-55dc42163000 rw-p 00000000 00:00 0                          [heap]
7fb714000000-7fb714021000 rw-p 00000000 00:00 0 
7fb714021000-7fb718000000 ---p 00000000 00:00 0 
7fb71a000000-7fb71c000000 rw-p 00000000 00:00 0 
7fb71c000000-7fb71c021000 rw-p 00000000 00:00 0 
7fb71c021000-7fb720000000 ---p 00000000 00:00 0 
7fb720000000-7fb720021000 rw-p 00000000 00:00 0 
7fb720021000-7fb724000000 ---p 00000000 00:00 0 
7fb725000000-7fb728000000 ---p 00000000 00:00 0 
7fb728000000-7fb728021000 rw-p 00000000 00:00 0 
7fb728021000-7fb72c000000 ---p 00000000 00:00 0 
7fb72c000000-7fb72c021000 rw-p 00000000 00:00 0 
7fb72c021000-7fb730000000 ---p 00000000 00:00 0 
7fb730000000-7fb730021000 rw-p 00000000 00:00 0 
7fb730021000-7fb734000000 ---p 00000000 00:00 0 
7fb734323000-7fb734525000 rw-p 00000000 00:00 0 
7fb734525000-7fb737b25000 ---p 00000000 00:00 0 
7fb737b25000-7fb737d95000 rwxp 00000000 00:00 0 
7fb737d95000-7fb7380b5000 ---p 00000000 00:00 0 
7fb7380b5000-7fb738325000 rwxp 00000000 00:00 0 
7fb738325000-7fb73f5ed000 ---p 00000000 00:00 0 
7fb73f5ed000-7fb73f85d000 rwxp 00000000 00:00 0 
7fb73f85d000-7fb746b25000 ---p 00000000 00:00 0 
7fb746b25000-7fb750000000 r--s 00000000 fd:00 20186057                   /usr/lib/jvm/java-11-openjdk-amd64/lib/modules
7fb750000000-7fb750083000 rw-p 00000000 00:00 0 
7fb750083000-7fb754000000 ---p 00000000 00:00 0 
7fb7540a5000-7fb7542a7000 rw-p 00000000 00:00 0 
7fb7542a7000-7fb7542a8000 ---p 00000000 00:00 0 
7fb7542a8000-7fb7543a9000 rw-p 00000000 00:00 0 
7fb7543a9000-7fb7543aa000 ---p 00000000 00:00 0 
7fb7543aa000-7fb75456b000 rw-p 00000000 00:00 0 
7fb75456b000-7fb75516b000 ---p 00000000 00:00 0 
7fb75516b000-7fb75556f000 rw-p 00000000 00:00 0 
7fb75556f000-7fb755570000 ---p 00000000 00:00 0 
7fb755570000-7fb755671000 rw-p 00000000 00:00 0 
7fb755671000-7fb755672000 ---p 00000000 00:00 0 
7fb755672000-7fb755773000 rw-p 00000000 00:00 0 
7fb755773000-7fb755774000 ---p 00000000 00:00 0 
7fb755774000-7fb755875000 rw-p 00000000 00:00 0 
7fb755875000-7fb755876000 ---p 00000000 00:00 0 
7fb755876000-7fb75597c000 rw-p 00000000 00:00 0 
7fb75597c000-7fb755a62000 ---p 00000000 00:00 0 
7fb755a62000-7fb755a67000 rw-p 00000000 00:00 0 
7fb755a67000-7fb755b4d000 ---p 00000000 00:00 0 
7fb755b4d000-7fb755b52000 r-xp 00000000 fd:00 20186039                   /usr/lib/jvm/java-11-openjdk-amd64/lib/libjimage.so
7fb755b52000-7fb755d51000 ---p 00005000 fd:00 20186039                   /usr/lib/jvm/java-11-openjdk-amd64/lib/libjimage.so
7fb755d51000-7fb755d52000 r--p 00004000 fd:00 20186039                   /usr/lib/jvm/java-11-openjdk-amd64/lib/libjimage.so
7fb755d52000-7fb755d53000 rw-p 00005000 fd:00 20186039                   /usr/lib/jvm/java-11-openjdk-amd64/lib/libjimage.so
7fb755d53000-7fb755d5a000 r-xp 00000000 fd:00 20186056                   /usr/lib/jvm/java-11-openjdk-amd64/lib/libzip.so
7fb755d5a000-7fb755f59000 ---p 00007000 fd:00 20186056                   /usr/lib/jvm/java-11-openjdk-amd64/lib/libzip.so
7fb755f59000-7fb755f5a000 r--p 00006000 fd:00 20186056                   /usr/lib/jvm/java-11-openjdk-amd64/lib/libzip.so
7fb755f5a000-7fb755f5b000 rw-p 00007000 fd:00 20186056                   /usr/lib/jvm/java-11-openjdk-amd64/lib/libzip.so
7fb755f5b000-7fb755f66000 r-xp 00000000 fd:00 44176093                   /lib/x86_64-linux-gnu/libnss_files-2.27.so
7fb755f66000-7fb756165000 ---p 0000b000 fd:00 44176093                   /lib/x86_64-linux-gnu/libnss_files-2.27.so
7fb756165000-7fb756166000 r--p 0000a000 fd:00 44176093                   /lib/x86_64-linux-gnu/libnss_files-2.27.so
7fb756166000-7fb756167000 rw-p 0000b000 fd:00 44176093                   /lib/x86_64-linux-gnu/libnss_files-2.27.so
7fb756167000-7fb75616d000 rw-p 00000000 00:00 0 
7fb75616d000-7fb756184000 r-xp 00000000 fd:00 44176087                   /lib/x86_64-linux-gnu/libnsl-2.27.so
7fb756184000-7fb756383000 ---p 00017000 fd:00 44176087                   /lib/x86_64-linux-gnu/libnsl-2.27.so
7fb756383000-7fb756384000 r--p 00016000 fd:00 44176087                   /lib/x86_64-linux-gnu/libnsl-2.27.so
7fb756384000-7fb756385000 rw-p 00017000 fd:00 44176087                   /lib/x86_64-linux-gnu/libnsl-2.27.so
7fb756385000-7fb756387000 rw-p 00000000 00:00 0 
7fb756387000-7fb756392000 r-xp 00000000 fd:00 44176104                   /lib/x86_64-linux-gnu/libnss_nis-2.27.so
7fb756392000-7fb756591000 ---p 0000b000 fd:00 44176104                   /lib/x86_64-linux-gnu/libnss_nis-2.27.so
7fb756591000-7fb756592000 r--p 0000a000 fd:00 44176104                   /lib/x86_64-linux-gnu/libnss_nis-2.27.so
7fb756592000-7fb756593000 rw-p 0000b000 fd:00 44176104                   /lib/x86_64-linux-gnu/libnss_nis-2.27.so
7fb756593000-7fb75659b000 r-xp 00000000 fd:00 44176089                   /lib/x86_64-linux-gnu/libnss_compat-2.27.so
7fb75659b000-7fb75679b000 ---p 00008000 fd:00 44176089                   /lib/x86_64-linux-gnu/libnss_compat-2.27.so
7fb75679b000-7fb75679c000 r--p 00008000 fd:00 44176089                   /lib/x86_64-linux-gnu/libnss_compat-2.27.so
7fb75679c000-7fb75679d000 rw-p 00009000 fd:00 44176089                   /lib/x86_64-linux-gnu/libnss_compat-2.27.so
7fb75679d000-7fb7567c9000 r-xp 00000000 fd:00 20186035                   /usr/lib/jvm/java-11-openjdk-amd64/lib/libjava.so
7fb7567c9000-7fb7569c8000 ---p 0002c000 fd:00 20186035                   /usr/lib/jvm/java-11-openjdk-amd64/lib/libjava.so
7fb7569c8000-7fb7569c9000 r--p 0002b000 fd:00 20186035                   /usr/lib/jvm/java-11-openjdk-amd64/lib/libjava.so
7fb7569c9000-7fb7569cb000 rw-p 0002c000 fd:00 20186035                   /usr/lib/jvm/java-11-openjdk-amd64/lib/libjava.so
7fb7569cb000-7fb7569d8000 r-xp 00000000 fd:00 20186055                   /usr/lib/jvm/java-11-openjdk-amd64/lib/libverify.so
7fb7569d8000-7fb756bd7000 ---p 0000d000 fd:00 20186055                   /usr/lib/jvm/java-11-openjdk-amd64/lib/libverify.so
7fb756bd7000-7fb756bd9000 r--p 0000c000 fd:00 20186055                   /usr/lib/jvm/java-11-openjdk-amd64/lib/libverify.so
7fb756bd9000-7fb756bda000 rw-p 0000e000 fd:00 20186055                   /usr/lib/jvm/java-11-openjdk-amd64/lib/libverify.so
7fb756bda000-7fb756be1000 r-xp 00000000 fd:00 44176144                   /lib/x86_64-linux-gnu/librt-2.27.so
7fb756be1000-7fb756de0000 ---p 00007000 fd:00 44176144                   /lib/x86_64-linux-gnu/librt-2.27.so
7fb756de0000-7fb756de1000 r--p 00006000 fd:00 44176144                   /lib/x86_64-linux-gnu/librt-2.27.so
7fb756de1000-7fb756de2000 rw-p 00007000 fd:00 44176144                   /lib/x86_64-linux-gnu/librt-2.27.so
7fb756de2000-7fb756df9000 r-xp 00000000 fd:00 44175907                   /lib/x86_64-linux-gnu/libgcc_s.so.1
7fb756df9000-7fb756ff8000 ---p 00017000 fd:00 44175907                   /lib/x86_64-linux-gnu/libgcc_s.so.1
7fb756ff8000-7fb756ff9000 r--p 00016000 fd:00 44175907                   /lib/x86_64-linux-gnu/libgcc_s.so.1
7fb756ff9000-7fb756ffa000 rw-p 00017000 fd:00 44175907                   /lib/x86_64-linux-gnu/libgcc_s.so.1
7fb756ffa000-7fb757197000 r-xp 00000000 fd:00 44176066                   /lib/x86_64-linux-gnu/libm-2.27.so
7fb757197000-7fb757396000 ---p 0019d000 fd:00 44176066                   /lib/x86_64-linux-gnu/libm-2.27.so
7fb757396000-7fb757397000 r--p 0019c000 fd:00 44176066                   /lib/x86_64-linux-gnu/libm-2.27.so
7fb757397000-7fb757398000 rw-p 0019d000 fd:00 44176066                   /lib/x86_64-linux-gnu/libm-2.27.so
7fb757398000-7fb757511000 r-xp 00000000 fd:00 18090134                   /usr/lib/x86_64-linux-gnu/libstdc++.so.6.0.25
7fb757511000-7fb757711000 ---p 00179000 fd:00 18090134                   /usr/lib/x86_64-linux-gnu/libstdc++.so.6.0.25
7fb757711000-7fb75771b000 r--p 00179000 fd:00 18090134                   /usr/lib/x86_64-linux-gnu/libstdc++.so.6.0.25
7fb75771b000-7fb75771d000 rw-p 00183000 fd:00 18090134                   /usr/lib/x86_64-linux-gnu/libstdc++.so.6.0.25
7fb75771d000-7fb757721000 rw-p 00000000 00:00 0 
7fb757721000-7fb7586be000 r-xp 00000000 fd:00 20186062                   /usr/lib/jvm/java-11-openjdk-amd64/lib/server/libjvm.so
7fb7586be000-7fb7588be000 ---p 00f9d000 fd:00 20186062                   /usr/lib/jvm/java-11-openjdk-amd64/lib/server/libjvm.so
7fb7588be000-7fb758982000 r--p 00f9d000 fd:00 20186062                   /usr/lib/jvm/java-11-openjdk-amd64/lib/server/libjvm.so
7fb758982000-7fb7589ba000 rw-p 01061000 fd:00 20186062                   /usr/lib/jvm/java-11-openjdk-amd64/lib/server/libjvm.so
7fb7589ba000-7fb758a03000 rw-p 00000000 00:00 0 
7fb758a03000-7fb758a1d000 r-xp 00000000 fd:00 44176136                   /lib/x86_64-linux-gnu/libpthread-2.27.so
7fb758a1d000-7fb758c1c000 ---p 0001a000 fd:00 44176136                   /lib/x86_64-linux-gnu/libpthread-2.27.so
7fb758c1c000-7fb758c1d000 r--p 00019000 fd:00 44176136                   /lib/x86_64-linux-gnu/libpthread-2.27.so
7fb758c1d000-7fb758c1e000 rw-p 0001a000 fd:00 44176136                   /lib/x86_64-linux-gnu/libpthread-2.27.so
7fb758c1e000-7fb758c22000 rw-p 00000000 00:00 0 
7fb758c22000-7fb758c25000 r-xp 00000000 fd:00 44176026                   /lib/x86_64-linux-gnu/libdl-2.27.so
7fb758c25000-7fb758e24000 ---p 00003000 fd:00 44176026                   /lib/x86_64-linux-gnu/libdl-2.27.so
7fb758e24000-7fb758e25000 r--p 00002000 fd:00 44176026                   /lib/x86_64-linux-gnu/libdl-2.27.so
7fb758e25000-7fb758e26000 rw-p 00003000 fd:00 44176026                   /lib/x86_64-linux-gnu/libdl-2.27.so
7fb758e26000-7fb758e42000 r-xp 00000000 fd:00 44176175                   /lib/x86_64-linux-gnu/libz.so.1.2.11
7fb758e42000-7fb759041000 ---p 0001c000 fd:00 44176175                   /lib/x86_64-linux-gnu/libz.so.1.2.11
7fb759041000-7fb759042000 r--p 0001b000 fd:00 44176175                   /lib/x86_64-linux-gnu/libz.so.1.2.11
7fb759042000-7fb759043000 rw-p 0001c000 fd:00 44176175                   /lib/x86_64-linux-gnu/libz.so.1.2.11
7fb759043000-7fb75922a000 r-xp 00000000 fd:00 44176003                   /lib/x86_64-linux-gnu/libc-2.27.so
7fb75922a000-7fb75942a000 ---p 001e7000 fd:00 44176003                   /lib/x86_64-linux-gnu/libc-2.27.so
7fb75942a000-7fb75942e000 r--p 001e7000 fd:00 44176003                   /lib/x86_64-linux-gnu/libc-2.27.so
7fb75942e000-7fb759430000 rw-p 001eb000 fd:00 44176003                   /lib/x86_64-linux-gnu/libc-2.27.so
7fb759430000-7fb759434000 rw-p 00000000 00:00 0 
7fb759434000-7fb759443000 r-xp 00000000 fd:00 20186020                   /usr/lib/jvm/java-11-openjdk-amd64/lib/jli/libjli.so
7fb759443000-7fb759642000 ---p 0000f000 fd:00 20186020                   /usr/lib/jvm/java-11-openjdk-amd64/lib/jli/libjli.so
7fb759642000-7fb759643000 r--p 0000e000 fd:00 20186020                   /usr/lib/jvm/java-11-openjdk-amd64/lib/jli/libjli.so
7fb759643000-7fb759644000 rw-p 0000f000 fd:00 20186020                   /usr/lib/jvm/java-11-openjdk-amd64/lib/jli/libjli.so
7fb759644000-7fb75966b000 r-xp 00000000 fd:00 44175975                   /lib/x86_64-linux-gnu/ld-2.27.so
7fb7596e7000-7fb75974e000 rw-p 00000000 00:00 0 
7fb75974e000-7fb759752000 ---p 00000000 00:00 0 
7fb759752000-7fb759851000 rw-p 00000000 00:00 0 
7fb759852000-7fb759858000 rw-p 00000000 00:00 0 
7fb759858000-7fb75985f000 ---p 00000000 00:00 0 
7fb75985f000-7fb759867000 rw-s 00000000 fd:00 16121869                   /tmp/hsperfdata_minecraft/3242
7fb759867000-7fb759868000 ---p 00000000 00:00 0 
7fb759868000-7fb759869000 r--p 00000000 00:00 0 
7fb759869000-7fb75986b000 rw-p 00000000 00:00 0 
7fb75986b000-7fb75986c000 r--p 00027000 fd:00 44175975                   /lib/x86_64-linux-gnu/ld-2.27.so
7fb75986c000-7fb75986d000 rw-p 00028000 fd:00 44175975                   /lib/x86_64-linux-gnu/ld-2.27.so
7fb75986d000-7fb75986e000 rw-p 00000000 00:00 0 
7ffe098ca000-7ffe098eb000 rw-p 00000000 00:00 0                          [stack]
7ffe09904000-7ffe09907000 r--p 00000000 00:00 0                          [vvar]
7ffe09907000-7ffe09909000 r-xp 00000000 00:00 0                          [vdso]
ffffffffff600000-ffffffffff601000 r-xp 00000000 00:00 0                  [vsyscall]


VM Arguments:
jvm_args: -Xms3g -Xmx3g 
java_command: server.jar nogui
java_class_path (initial): server.jar
Launcher Type: SUN_STANDARD

Logging:
Log output configuration:
#0: stdout all=warning uptime,level,tags
#1: stderr all=off uptime,level,tags

Environment Variables:
PATH=/usr/local/sbin:/usr/local/bin:/usr/sbin:/usr/bin:/sbin:/bin
SHELL=/bin/sh

Signal Handlers:
SIGSEGV: [libjvm.so+0xd28b70], sa_mask[0]=11111111011111111101111111111110, sa_flags=SA_RESTART|SA_SIGINFO
SIGBUS: [libjvm.so+0xd28b70], sa_mask[0]=11111111011111111101111111111110, sa_flags=SA_RESTART|SA_SIGINFO
SIGFPE: [libjvm.so+0xd28b70], sa_mask[0]=11111111011111111101111111111110, sa_flags=SA_RESTART|SA_SIGINFO
SIGPIPE: [libjvm.so+0xb2a1f0], sa_mask[0]=11111111011111111101111111111110, sa_flags=SA_RESTART|SA_SIGINFO
SIGXFSZ: [libjvm.so+0xb2a1f0], sa_mask[0]=11111111011111111101111111111110, sa_flags=SA_RESTART|SA_SIGINFO
SIGILL: [libjvm.so+0xd28b70], sa_mask[0]=11111111011111111101111111111110, sa_flags=SA_RESTART|SA_SIGINFO
SIGUSR2: [libjvm.so+0xb2a030], sa_mask[0]=00000000000000000000000000000000, sa_flags=SA_RESTART|SA_SIGINFO
SIGHUP: SIG_DFL, sa_mask[0]=00000000000000000000000000000000, sa_flags=none
SIGINT: SIG_DFL, sa_mask[0]=00000000000000000000000000000000, sa_flags=none
SIGTERM: SIG_DFL, sa_mask[0]=00000000000000000000000000000000, sa_flags=none
SIGQUIT: SIG_DFL, sa_mask[0]=00000000000000000000000000000000, sa_flags=none


---------------  S Y S T E M  ---------------

OS:DISTRIB_ID=Ubuntu
DISTRIB_RELEASE=18.04
DISTRIB_CODENAME=bionic
DISTRIB_DESCRIPTION="Ubuntu 18.04.2 LTS"
uname:Linux 4.15.0-46-generic #49-Ubuntu SMP Wed Feb 6 09:33:07 UTC 2019 x86_64
libc:glibc 2.27 NPTL 2.27 
rlimit: STACK 8192k, CORE 0k, NPROC 15099, NOFILE 4096, AS infinity, DATA infinity, FSIZE infinity
load average:1.09 1.40 1.41

/proc/meminfo:
MemTotal:        3943748 kB
MemFree:          121396 kB
MemAvailable:     984032 kB
Buffers:           33044 kB
Cached:          1028524 kB
SwapCached:        11804 kB
Active:          2707704 kB
Inactive:         919688 kB
Active(anon):    2075076 kB
Inactive(anon):   520816 kB
Active(file):     632628 kB
Inactive(file):   398872 kB
Unevictable:           0 kB
Mlocked:               0 kB
SwapTotal:        999420 kB
SwapFree:         614064 kB
Dirty:             10524 kB
Writeback:             0 kB
AnonPages:       2561936 kB
Mapped:           154784 kB
Shmem:             30068 kB
Slab:             108676 kB
SReclaimable:      67808 kB
SUnreclaim:        40868 kB
KernelStack:        6024 kB
PageTables:        24300 kB
NFS_Unstable:          0 kB
Bounce:                0 kB
WritebackTmp:          0 kB
CommitLimit:     2971292 kB
Committed_AS:    3267248 kB
VmallocTotal:   34359738367 kB
VmallocUsed:           0 kB
VmallocChunk:          0 kB
HardwareCorrupted:     0 kB
AnonHugePages:         0 kB
ShmemHugePages:        0 kB
ShmemPmdMapped:        0 kB
CmaTotal:              0 kB
CmaFree:               0 kB
HugePages_Total:       0
HugePages_Free:        0
HugePages_Rsvd:        0
HugePages_Surp:        0
Hugepagesize:       2048 kB
DirectMap4k:      158320 kB
DirectMap2M:     3940352 kB
DirectMap1G:           0 kB

container (cgroup) information:
container_type: cgroupv1
cpu_cpuset_cpus: 0-3
cpu_memory_nodes: 0
active_processor_count: 4
cpu_quota: -1
cpu_period: 100000
cpu_shares: -1
memory_limit_in_bytes: -1
memory_and_swap_limit_in_bytes: -2
memory_soft_limit_in_bytes: -1
memory_usage_in_bytes: 3711614976
memory_max_usage_in_bytes: 2048000


CPU:total 4 (initial active 4) (2 cores per cpu, 2 threads per core) family 6 model 69 stepping 1, cmov, cx8, fxsr, mmx, sse, sse2, sse3, ssse3, sse4.1, sse4.2, popcnt, avx, avx2, aes, clmul, erms, lzcnt, ht, tsc, tscinvbit, bmi1, bmi2, fma
CPU Model and flags from /proc/cpuinfo:
model name	: Intel(R) Core(TM) i7-4500U CPU @ 1.80GHz
flags		: fpu vme de pse tsc msr pae mce cx8 apic sep mtrr pge mca cmov pat pse36 clflush dts acpi mmx fxsr sse sse2 ss ht tm pbe syscall nx pdpe1gb rdtscp lm constant_tsc arch_perfmon pebs bts rep_good nopl xtopology nonstop_tsc cpuid aperfmperf pni pclmulqdq dtes64 monitor ds_cpl vmx est tm2 ssse3 sdbg fma cx16 xtpr pdcm pcid sse4_1 sse4_2 movbe popcnt tsc_deadline_timer aes xsave avx f16c rdrand lahf_lm abm cpuid_fault epb invpcid_single pti ssbd ibrs ibpb stibp tpr_shadow vnmi flexpriority ept vpid fsgsbase tsc_adjust bmi1 avx2 smep bmi2 erms invpcid xsaveopt dtherm ida arat pln pts flush_l1d

Memory: 4k page, physical 3943748k(121396k free), swap 999420k(614064k free)

vm_info: OpenJDK 64-Bit Server VM (10.0.2+13-Ubuntu-1ubuntu0.18.04.4) for linux-amd64 JRE (10.0.2+13-Ubuntu-1ubuntu0.18.04.4), built on Nov 13 2018 12:53:39 by "buildd" with gcc 7.3.0

END.
