#
# There is insufficient memory for the Java Runtime Environment to continue.
# Native memory allocation (mmap) failed to map 3221225472 bytes for committing reserved memory.
# Possible reasons:
#   The system is out of physical RAM or swap space
#   The process is running with CompressedOops enabled, and the Java Heap may be blocking the growth of the native heap
# Possible solutions:
#   Reduce memory load on the system
#   Increase physical memory or swap space
#   Check if swap backing store is full
#   Decrease Java heap size (-Xmx/-Xms)
#   Decrease number of Java threads
#   Decrease Java thread stack sizes (-Xss)
#   Set larger code cache with -XX:ReservedCodeCacheSize=
# This output file may be truncated or incomplete.
#
#  Out of Memory Error (os_linux.cpp:2706), pid=23094, tid=23095
#
# JRE version:  (10.0.2+13) (build )
# Java VM: OpenJDK 64-Bit Server VM (10.0.2+13-Ubuntu-1ubuntu0.18.04.4, mixed mode, aot, tiered, compressed oops, g1 gc, linux-amd64)
# Core dump will be written. Default location: Core dumps may be processed with "/usr/share/apport/apport %p %s %c %d %P" (or dumping to /opt/forno/minecraft/core.23094)
#

---------------  S U M M A R Y ------------

Command Line: -Xms3g -Xmx3g server.jar nogui

Host: Intel(R) Core(TM) i7-4500U CPU @ 1.80GHz, 4 cores, 3G, Ubuntu 18.04.2 LTS
Time: Thu Mar 21 10:03:49 2019 JST elapsed time: 0 seconds (0d 0h 0m 0s)

---------------  T H R E A D  ---------------

Current thread (0x00007feb24011000):  JavaThread "Unknown thread" [_thread_in_vm, id=23095, stack(0x00007feb2d7c9000,0x00007feb2d8ca000)]

Stack: [0x00007feb2d7c9000,0x00007feb2d8ca000],  sp=0x00007feb2d8c82e0,  free space=1020k
Native frames: (J=compiled Java code, A=aot compiled Java code, j=interpreted, Vv=VM code, C=native code)
V  [libjvm.so+0xd27ea4]
V  [libjvm.so+0xd28a4b]
V  [libjvm.so+0x64d415]
V  [libjvm.so+0xb2d7c8]
V  [libjvm.so+0xb2601d]
V  [libjvm.so+0x7662ff]
V  [libjvm.so+0x76653e]
V  [libjvm.so+0x769500]
V  [libjvm.so+0x7efa1c]
V  [libjvm.so+0x7f06df]
V  [libjvm.so+0x7f0b59]
V  [libjvm.so+0x7162cf]
V  [libjvm.so+0x71afd3]
V  [libjvm.so+0xce5dc2]
V  [libjvm.so+0xce60c6]
V  [libjvm.so+0x807d57]
V  [libjvm.so+0xcc7ac4]
V  [libjvm.so+0x8601b1]  JNI_CreateJavaVM+0x51
C  [libjli.so+0x3d83]
C  [libjli.so+0x89dd]
C  [libpthread.so.0+0x76db]  start_thread+0xdb


---------------  P R O C E S S  ---------------

Threads class SMR info:
_java_thread_list=0x0000556dc00a56b0, length=0, elements={
}

Java Threads: ( => current thread )

Other Threads:
  0x00007feb24028000 GCTaskThread "GC Thread#0" [stack: 0x00007feb298f2000,0x00007feb299f2000] [id=23096]
  0x00007feb24029000 GCTaskThread "GC Thread#1" [stack: 0x00007feb297f0000,0x00007feb298f0000] [id=23097]
  0x00007feb2402b000 GCTaskThread "GC Thread#2" [stack: 0x00007feb296ee000,0x00007feb297ee000] [id=23098]
  0x00007feb2402c800 GCTaskThread "GC Thread#3" [stack: 0x00007feb295ec000,0x00007feb296ec000] [id=23099]
  0x00007feb2406a000 ConcurrentGCThread "G1 Main Marker" [stack: 0x00007feb28426000,0x00007feb28526000] [id=23100]
  0x00007feb2406c000 ConcurrentGCThread "G1 Conc#0" [stack: 0x00007feb28324000,0x00007feb28424000] [id=23101]

[error occurred during error reporting (printing all threads), id 0xe0000002]

VM state:not at safepoint (not fully initialized)

VM Mutex/Monitor currently owned by a thread:  ([mutex/lock_event])
[0x00007feb2400df30] Heap_lock - owner thread: 0x00007feb24011000

Heap address: 0x0000000700000000, size: 3072 MB, Compressed Oops mode: Non-zero based: 0x0000000700000000
Narrow klass base: 0x0000000000000000, Narrow klass shift: 0

GC Heap History (0 events):
No events

Deoptimization events (0 events):
No events

Classes redefined (0 events):
No events

Internal exceptions (0 events):
No events

Events (0 events):
No events


Dynamic libraries:
556dbf384000-556dbf385000 r-xp 00000000 fd:00 20185882                   /usr/lib/jvm/java-11-openjdk-amd64/bin/java
556dbf585000-556dbf586000 r--p 00001000 fd:00 20185882                   /usr/lib/jvm/java-11-openjdk-amd64/bin/java
556dbf586000-556dbf587000 rw-p 00002000 fd:00 20185882                   /usr/lib/jvm/java-11-openjdk-amd64/bin/java
556dc008e000-556dc00af000 rw-p 00000000 00:00 0                          [heap]
7feae8000000-7feae8021000 rw-p 00000000 00:00 0 
7feae8021000-7feaec000000 ---p 00000000 00:00 0 
7feaee000000-7feaf0000000 rw-p 00000000 00:00 0 
7feaf0000000-7feaf0021000 rw-p 00000000 00:00 0 
7feaf0021000-7feaf4000000 ---p 00000000 00:00 0 
7feaf4000000-7feaf4021000 rw-p 00000000 00:00 0 
7feaf4021000-7feaf8000000 ---p 00000000 00:00 0 
7feaf9000000-7feafc000000 ---p 00000000 00:00 0 
7feafc000000-7feafc021000 rw-p 00000000 00:00 0 
7feafc021000-7feb00000000 ---p 00000000 00:00 0 
7feb00000000-7feb00021000 rw-p 00000000 00:00 0 
7feb00021000-7feb04000000 ---p 00000000 00:00 0 
7feb04000000-7feb04021000 rw-p 00000000 00:00 0 
7feb04021000-7feb08000000 ---p 00000000 00:00 0 
7feb08424000-7feb08525000 rw-p 00000000 00:00 0 
7feb08525000-7feb0bb25000 ---p 00000000 00:00 0 
7feb0bb25000-7feb0bd95000 rwxp 00000000 00:00 0 
7feb0bd95000-7feb0c0b5000 ---p 00000000 00:00 0 
7feb0c0b5000-7feb0c325000 rwxp 00000000 00:00 0 
7feb0c325000-7feb135ed000 ---p 00000000 00:00 0 
7feb135ed000-7feb1385d000 rwxp 00000000 00:00 0 
7feb1385d000-7feb1ab25000 ---p 00000000 00:00 0 
7feb1ab25000-7feb24000000 r--s 00000000 fd:00 20186057                   /usr/lib/jvm/java-11-openjdk-amd64/lib/modules
7feb24000000-7feb24083000 rw-p 00000000 00:00 0 
7feb24083000-7feb28000000 ---p 00000000 00:00 0 
7feb2801f000-7feb28322000 rw-p 00000000 00:00 0 
7feb28322000-7feb28323000 ---p 00000000 00:00 0 
7feb28323000-7feb28424000 rw-p 00000000 00:00 0 
7feb28424000-7feb28425000 ---p 00000000 00:00 0 
7feb28425000-7feb285e6000 rw-p 00000000 00:00 0 
7feb285e6000-7feb291e6000 ---p 00000000 00:00 0 
7feb291e6000-7feb295ea000 rw-p 00000000 00:00 0 
7feb295ea000-7feb295eb000 ---p 00000000 00:00 0 
7feb295eb000-7feb296ec000 rw-p 00000000 00:00 0 
7feb296ec000-7feb296ed000 ---p 00000000 00:00 0 
7feb296ed000-7feb297ee000 rw-p 00000000 00:00 0 
7feb297ee000-7feb297ef000 ---p 00000000 00:00 0 
7feb297ef000-7feb298f0000 rw-p 00000000 00:00 0 
7feb298f0000-7feb298f1000 ---p 00000000 00:00 0 
7feb298f1000-7feb299f7000 rw-p 00000000 00:00 0 
7feb299f7000-7feb29add000 ---p 00000000 00:00 0 
7feb29add000-7feb29ae2000 rw-p 00000000 00:00 0 
7feb29ae2000-7feb29bc8000 ---p 00000000 00:00 0 
7feb29bc8000-7feb29bcd000 r-xp 00000000 fd:00 20186039                   /usr/lib/jvm/java-11-openjdk-amd64/lib/libjimage.so
7feb29bcd000-7feb29dcc000 ---p 00005000 fd:00 20186039                   /usr/lib/jvm/java-11-openjdk-amd64/lib/libjimage.so
7feb29dcc000-7feb29dcd000 r--p 00004000 fd:00 20186039                   /usr/lib/jvm/java-11-openjdk-amd64/lib/libjimage.so
7feb29dcd000-7feb29dce000 rw-p 00005000 fd:00 20186039                   /usr/lib/jvm/java-11-openjdk-amd64/lib/libjimage.so
7feb29dce000-7feb29dd5000 r-xp 00000000 fd:00 20186056                   /usr/lib/jvm/java-11-openjdk-amd64/lib/libzip.so
7feb29dd5000-7feb29fd4000 ---p 00007000 fd:00 20186056                   /usr/lib/jvm/java-11-openjdk-amd64/lib/libzip.so
7feb29fd4000-7feb29fd5000 r--p 00006000 fd:00 20186056                   /usr/lib/jvm/java-11-openjdk-amd64/lib/libzip.so
7feb29fd5000-7feb29fd6000 rw-p 00007000 fd:00 20186056                   /usr/lib/jvm/java-11-openjdk-amd64/lib/libzip.so
7feb29fd6000-7feb29fe1000 r-xp 00000000 fd:00 44176093                   /lib/x86_64-linux-gnu/libnss_files-2.27.so
7feb29fe1000-7feb2a1e0000 ---p 0000b000 fd:00 44176093                   /lib/x86_64-linux-gnu/libnss_files-2.27.so
7feb2a1e0000-7feb2a1e1000 r--p 0000a000 fd:00 44176093                   /lib/x86_64-linux-gnu/libnss_files-2.27.so
7feb2a1e1000-7feb2a1e2000 rw-p 0000b000 fd:00 44176093                   /lib/x86_64-linux-gnu/libnss_files-2.27.so
7feb2a1e2000-7feb2a1e8000 rw-p 00000000 00:00 0 
7feb2a1e8000-7feb2a1ff000 r-xp 00000000 fd:00 44176087                   /lib/x86_64-linux-gnu/libnsl-2.27.so
7feb2a1ff000-7feb2a3fe000 ---p 00017000 fd:00 44176087                   /lib/x86_64-linux-gnu/libnsl-2.27.so
7feb2a3fe000-7feb2a3ff000 r--p 00016000 fd:00 44176087                   /lib/x86_64-linux-gnu/libnsl-2.27.so
7feb2a3ff000-7feb2a400000 rw-p 00017000 fd:00 44176087                   /lib/x86_64-linux-gnu/libnsl-2.27.so
7feb2a400000-7feb2a402000 rw-p 00000000 00:00 0 
7feb2a402000-7feb2a40d000 r-xp 00000000 fd:00 44176104                   /lib/x86_64-linux-gnu/libnss_nis-2.27.so
7feb2a40d000-7feb2a60c000 ---p 0000b000 fd:00 44176104                   /lib/x86_64-linux-gnu/libnss_nis-2.27.so
7feb2a60c000-7feb2a60d000 r--p 0000a000 fd:00 44176104                   /lib/x86_64-linux-gnu/libnss_nis-2.27.so
7feb2a60d000-7feb2a60e000 rw-p 0000b000 fd:00 44176104                   /lib/x86_64-linux-gnu/libnss_nis-2.27.so
7feb2a60e000-7feb2a616000 r-xp 00000000 fd:00 44176089                   /lib/x86_64-linux-gnu/libnss_compat-2.27.so
7feb2a616000-7feb2a816000 ---p 00008000 fd:00 44176089                   /lib/x86_64-linux-gnu/libnss_compat-2.27.so
7feb2a816000-7feb2a817000 r--p 00008000 fd:00 44176089                   /lib/x86_64-linux-gnu/libnss_compat-2.27.so
7feb2a817000-7feb2a818000 rw-p 00009000 fd:00 44176089                   /lib/x86_64-linux-gnu/libnss_compat-2.27.so
7feb2a818000-7feb2a844000 r-xp 00000000 fd:00 20186035                   /usr/lib/jvm/java-11-openjdk-amd64/lib/libjava.so
7feb2a844000-7feb2aa43000 ---p 0002c000 fd:00 20186035                   /usr/lib/jvm/java-11-openjdk-amd64/lib/libjava.so
7feb2aa43000-7feb2aa44000 r--p 0002b000 fd:00 20186035                   /usr/lib/jvm/java-11-openjdk-amd64/lib/libjava.so
7feb2aa44000-7feb2aa46000 rw-p 0002c000 fd:00 20186035                   /usr/lib/jvm/java-11-openjdk-amd64/lib/libjava.so
7feb2aa46000-7feb2aa53000 r-xp 00000000 fd:00 20186055                   /usr/lib/jvm/java-11-openjdk-amd64/lib/libverify.so
7feb2aa53000-7feb2ac52000 ---p 0000d000 fd:00 20186055                   /usr/lib/jvm/java-11-openjdk-amd64/lib/libverify.so
7feb2ac52000-7feb2ac54000 r--p 0000c000 fd:00 20186055                   /usr/lib/jvm/java-11-openjdk-amd64/lib/libverify.so
7feb2ac54000-7feb2ac55000 rw-p 0000e000 fd:00 20186055                   /usr/lib/jvm/java-11-openjdk-amd64/lib/libverify.so
7feb2ac55000-7feb2ac5c000 r-xp 00000000 fd:00 44176144                   /lib/x86_64-linux-gnu/librt-2.27.so
7feb2ac5c000-7feb2ae5b000 ---p 00007000 fd:00 44176144                   /lib/x86_64-linux-gnu/librt-2.27.so
7feb2ae5b000-7feb2ae5c000 r--p 00006000 fd:00 44176144                   /lib/x86_64-linux-gnu/librt-2.27.so
7feb2ae5c000-7feb2ae5d000 rw-p 00007000 fd:00 44176144                   /lib/x86_64-linux-gnu/librt-2.27.so
7feb2ae5d000-7feb2ae74000 r-xp 00000000 fd:00 44175907                   /lib/x86_64-linux-gnu/libgcc_s.so.1
7feb2ae74000-7feb2b073000 ---p 00017000 fd:00 44175907                   /lib/x86_64-linux-gnu/libgcc_s.so.1
7feb2b073000-7feb2b074000 r--p 00016000 fd:00 44175907                   /lib/x86_64-linux-gnu/libgcc_s.so.1
7feb2b074000-7feb2b075000 rw-p 00017000 fd:00 44175907                   /lib/x86_64-linux-gnu/libgcc_s.so.1
7feb2b075000-7feb2b212000 r-xp 00000000 fd:00 44176066                   /lib/x86_64-linux-gnu/libm-2.27.so
7feb2b212000-7feb2b411000 ---p 0019d000 fd:00 44176066                   /lib/x86_64-linux-gnu/libm-2.27.so
7feb2b411000-7feb2b412000 r--p 0019c000 fd:00 44176066                   /lib/x86_64-linux-gnu/libm-2.27.so
7feb2b412000-7feb2b413000 rw-p 0019d000 fd:00 44176066                   /lib/x86_64-linux-gnu/libm-2.27.so
7feb2b413000-7feb2b58c000 r-xp 00000000 fd:00 18090134                   /usr/lib/x86_64-linux-gnu/libstdc++.so.6.0.25
7feb2b58c000-7feb2b78c000 ---p 00179000 fd:00 18090134                   /usr/lib/x86_64-linux-gnu/libstdc++.so.6.0.25
7feb2b78c000-7feb2b796000 r--p 00179000 fd:00 18090134                   /usr/lib/x86_64-linux-gnu/libstdc++.so.6.0.25
7feb2b796000-7feb2b798000 rw-p 00183000 fd:00 18090134                   /usr/lib/x86_64-linux-gnu/libstdc++.so.6.0.25
7feb2b798000-7feb2b79c000 rw-p 00000000 00:00 0 
7feb2b79c000-7feb2c739000 r-xp 00000000 fd:00 20186062                   /usr/lib/jvm/java-11-openjdk-amd64/lib/server/libjvm.so
7feb2c739000-7feb2c939000 ---p 00f9d000 fd:00 20186062                   /usr/lib/jvm/java-11-openjdk-amd64/lib/server/libjvm.so
7feb2c939000-7feb2c9fd000 r--p 00f9d000 fd:00 20186062                   /usr/lib/jvm/java-11-openjdk-amd64/lib/server/libjvm.so
7feb2c9fd000-7feb2ca35000 rw-p 01061000 fd:00 20186062                   /usr/lib/jvm/java-11-openjdk-amd64/lib/server/libjvm.so
7feb2ca35000-7feb2ca7e000 rw-p 00000000 00:00 0 
7feb2ca7e000-7feb2ca98000 r-xp 00000000 fd:00 44176136                   /lib/x86_64-linux-gnu/libpthread-2.27.so
7feb2ca98000-7feb2cc97000 ---p 0001a000 fd:00 44176136                   /lib/x86_64-linux-gnu/libpthread-2.27.so
7feb2cc97000-7feb2cc98000 r--p 00019000 fd:00 44176136                   /lib/x86_64-linux-gnu/libpthread-2.27.so
7feb2cc98000-7feb2cc99000 rw-p 0001a000 fd:00 44176136                   /lib/x86_64-linux-gnu/libpthread-2.27.so
7feb2cc99000-7feb2cc9d000 rw-p 00000000 00:00 0 
7feb2cc9d000-7feb2cca0000 r-xp 00000000 fd:00 44176026                   /lib/x86_64-linux-gnu/libdl-2.27.so
7feb2cca0000-7feb2ce9f000 ---p 00003000 fd:00 44176026                   /lib/x86_64-linux-gnu/libdl-2.27.so
7feb2ce9f000-7feb2cea0000 r--p 00002000 fd:00 44176026                   /lib/x86_64-linux-gnu/libdl-2.27.so
7feb2cea0000-7feb2cea1000 rw-p 00003000 fd:00 44176026                   /lib/x86_64-linux-gnu/libdl-2.27.so
7feb2cea1000-7feb2cebd000 r-xp 00000000 fd:00 44176175                   /lib/x86_64-linux-gnu/libz.so.1.2.11
7feb2cebd000-7feb2d0bc000 ---p 0001c000 fd:00 44176175                   /lib/x86_64-linux-gnu/libz.so.1.2.11
7feb2d0bc000-7feb2d0bd000 r--p 0001b000 fd:00 44176175                   /lib/x86_64-linux-gnu/libz.so.1.2.11
7feb2d0bd000-7feb2d0be000 rw-p 0001c000 fd:00 44176175                   /lib/x86_64-linux-gnu/libz.so.1.2.11
7feb2d0be000-7feb2d2a5000 r-xp 00000000 fd:00 44176003                   /lib/x86_64-linux-gnu/libc-2.27.so
7feb2d2a5000-7feb2d4a5000 ---p 001e7000 fd:00 44176003                   /lib/x86_64-linux-gnu/libc-2.27.so
7feb2d4a5000-7feb2d4a9000 r--p 001e7000 fd:00 44176003                   /lib/x86_64-linux-gnu/libc-2.27.so
7feb2d4a9000-7feb2d4ab000 rw-p 001eb000 fd:00 44176003                   /lib/x86_64-linux-gnu/libc-2.27.so
7feb2d4ab000-7feb2d4af000 rw-p 00000000 00:00 0 
7feb2d4af000-7feb2d4be000 r-xp 00000000 fd:00 20186020                   /usr/lib/jvm/java-11-openjdk-amd64/lib/jli/libjli.so
7feb2d4be000-7feb2d6bd000 ---p 0000f000 fd:00 20186020                   /usr/lib/jvm/java-11-openjdk-amd64/lib/jli/libjli.so
7feb2d6bd000-7feb2d6be000 r--p 0000e000 fd:00 20186020                   /usr/lib/jvm/java-11-openjdk-amd64/lib/jli/libjli.so
7feb2d6be000-7feb2d6bf000 rw-p 0000f000 fd:00 20186020                   /usr/lib/jvm/java-11-openjdk-amd64/lib/jli/libjli.so
7feb2d6bf000-7feb2d6e6000 r-xp 00000000 fd:00 44175975                   /lib/x86_64-linux-gnu/ld-2.27.so
7feb2d762000-7feb2d7c9000 rw-p 00000000 00:00 0 
7feb2d7c9000-7feb2d7cd000 ---p 00000000 00:00 0 
7feb2d7cd000-7feb2d8cc000 rw-p 00000000 00:00 0 
7feb2d8cd000-7feb2d8d3000 rw-p 00000000 00:00 0 
7feb2d8d3000-7feb2d8da000 ---p 00000000 00:00 0 
7feb2d8da000-7feb2d8e2000 rw-s 00000000 fd:00 16121869                   /tmp/hsperfdata_minecraft/23094
7feb2d8e2000-7feb2d8e3000 ---p 00000000 00:00 0 
7feb2d8e3000-7feb2d8e4000 r--p 00000000 00:00 0 
7feb2d8e4000-7feb2d8e6000 rw-p 00000000 00:00 0 
7feb2d8e6000-7feb2d8e7000 r--p 00027000 fd:00 44175975                   /lib/x86_64-linux-gnu/ld-2.27.so
7feb2d8e7000-7feb2d8e8000 rw-p 00028000 fd:00 44175975                   /lib/x86_64-linux-gnu/ld-2.27.so
7feb2d8e8000-7feb2d8e9000 rw-p 00000000 00:00 0 
7fff70a8f000-7fff70ab0000 rw-p 00000000 00:00 0                          [stack]
7fff70b12000-7fff70b15000 r--p 00000000 00:00 0                          [vvar]
7fff70b15000-7fff70b17000 r-xp 00000000 00:00 0                          [vdso]
ffffffffff600000-ffffffffff601000 r-xp 00000000 00:00 0                  [vsyscall]


VM Arguments:
jvm_args: -Xms3g -Xmx3g 
java_command: server.jar nogui
java_class_path (initial): server.jar
Launcher Type: SUN_STANDARD

Logging:
Log output configuration:
#0: stdout all=warning uptime,level,tags
#1: stderr all=off uptime,level,tags

Environment Variables:
PATH=/usr/local/sbin:/usr/local/bin:/usr/sbin:/usr/bin:/sbin:/bin
SHELL=/bin/sh

Signal Handlers:
SIGSEGV: [libjvm.so+0xd28b70], sa_mask[0]=11111111011111111101111111111110, sa_flags=SA_RESTART|SA_SIGINFO
SIGBUS: [libjvm.so+0xd28b70], sa_mask[0]=11111111011111111101111111111110, sa_flags=SA_RESTART|SA_SIGINFO
SIGFPE: [libjvm.so+0xd28b70], sa_mask[0]=11111111011111111101111111111110, sa_flags=SA_RESTART|SA_SIGINFO
SIGPIPE: [libjvm.so+0xb2a1f0], sa_mask[0]=11111111011111111101111111111110, sa_flags=SA_RESTART|SA_SIGINFO
SIGXFSZ: [libjvm.so+0xb2a1f0], sa_mask[0]=11111111011111111101111111111110, sa_flags=SA_RESTART|SA_SIGINFO
SIGILL: [libjvm.so+0xd28b70], sa_mask[0]=11111111011111111101111111111110, sa_flags=SA_RESTART|SA_SIGINFO
SIGUSR2: [libjvm.so+0xb2a030], sa_mask[0]=00000000000000000000000000000000, sa_flags=SA_RESTART|SA_SIGINFO
SIGHUP: SIG_DFL, sa_mask[0]=00000000000000000000000000000000, sa_flags=none
SIGINT: SIG_DFL, sa_mask[0]=00000000000000000000000000000000, sa_flags=none
SIGTERM: SIG_DFL, sa_mask[0]=00000000000000000000000000000000, sa_flags=none
SIGQUIT: SIG_DFL, sa_mask[0]=00000000000000000000000000000000, sa_flags=none


---------------  S Y S T E M  ---------------

OS:DISTRIB_ID=Ubuntu
DISTRIB_RELEASE=18.04
DISTRIB_CODENAME=bionic
DISTRIB_DESCRIPTION="Ubuntu 18.04.2 LTS"
uname:Linux 4.15.0-46-generic #49-Ubuntu SMP Wed Feb 6 09:33:07 UTC 2019 x86_64
libc:glibc 2.27 NPTL 2.27 
rlimit: STACK 8192k, CORE 0k, NPROC 15099, NOFILE 4096, AS infinity, DATA infinity, FSIZE infinity
load average:1.25 1.20 1.26

/proc/meminfo:
MemTotal:        3943748 kB
MemFree:          124156 kB
MemAvailable:    1085148 kB
Buffers:           34624 kB
Cached:          1125524 kB
SwapCached:        10528 kB
Active:          2801464 kB
Inactive:         823132 kB
Active(anon):    1993148 kB
Inactive(anon):   501368 kB
Active(file):     808316 kB
Inactive(file):   321764 kB
Unevictable:           0 kB
Mlocked:               0 kB
SwapTotal:        999420 kB
SwapFree:         608432 kB
Dirty:             10452 kB
Writeback:             0 kB
AnonPages:       2461352 kB
Mapped:           172392 kB
Shmem:             30068 kB
Slab:             108112 kB
SReclaimable:      67360 kB
SUnreclaim:        40752 kB
KernelStack:        5992 kB
PageTables:        24932 kB
NFS_Unstable:          0 kB
Bounce:                0 kB
WritebackTmp:          0 kB
CommitLimit:     2971292 kB
Committed_AS:    3278088 kB
VmallocTotal:   34359738367 kB
VmallocUsed:           0 kB
VmallocChunk:          0 kB
HardwareCorrupted:     0 kB
AnonHugePages:         0 kB
ShmemHugePages:        0 kB
ShmemPmdMapped:        0 kB
CmaTotal:              0 kB
CmaFree:               0 kB
HugePages_Total:       0
HugePages_Free:        0
HugePages_Rsvd:        0
HugePages_Surp:        0
Hugepagesize:       2048 kB
DirectMap4k:      158320 kB
DirectMap2M:     3940352 kB
DirectMap1G:           0 kB

container (cgroup) information:
container_type: cgroupv1
cpu_cpuset_cpus: 0-3
cpu_memory_nodes: 0
active_processor_count: 4
cpu_quota: -1
cpu_period: 100000
cpu_shares: -1
memory_limit_in_bytes: -1
memory_and_swap_limit_in_bytes: -2
memory_soft_limit_in_bytes: -1
memory_usage_in_bytes: 3709841408
memory_max_usage_in_bytes: 2048000


CPU:total 4 (initial active 4) (2 cores per cpu, 2 threads per core) family 6 model 69 stepping 1, cmov, cx8, fxsr, mmx, sse, sse2, sse3, ssse3, sse4.1, sse4.2, popcnt, avx, avx2, aes, clmul, erms, lzcnt, ht, tsc, tscinvbit, bmi1, bmi2, fma
CPU Model and flags from /proc/cpuinfo:
model name	: Intel(R) Core(TM) i7-4500U CPU @ 1.80GHz
flags		: fpu vme de pse tsc msr pae mce cx8 apic sep mtrr pge mca cmov pat pse36 clflush dts acpi mmx fxsr sse sse2 ss ht tm pbe syscall nx pdpe1gb rdtscp lm constant_tsc arch_perfmon pebs bts rep_good nopl xtopology nonstop_tsc cpuid aperfmperf pni pclmulqdq dtes64 monitor ds_cpl vmx est tm2 ssse3 sdbg fma cx16 xtpr pdcm pcid sse4_1 sse4_2 movbe popcnt tsc_deadline_timer aes xsave avx f16c rdrand lahf_lm abm cpuid_fault epb invpcid_single pti ssbd ibrs ibpb stibp tpr_shadow vnmi flexpriority ept vpid fsgsbase tsc_adjust bmi1 avx2 smep bmi2 erms invpcid xsaveopt dtherm ida arat pln pts flush_l1d

Memory: 4k page, physical 3943748k(123660k free), swap 999420k(608432k free)

vm_info: OpenJDK 64-Bit Server VM (10.0.2+13-Ubuntu-1ubuntu0.18.04.4) for linux-amd64 JRE (10.0.2+13-Ubuntu-1ubuntu0.18.04.4), built on Nov 13 2018 12:53:39 by "buildd" with gcc 7.3.0

END.
