#
# There is insufficient memory for the Java Runtime Environment to continue.
# Native memory allocation (mmap) failed to map 3221225472 bytes for committing reserved memory.
# Possible reasons:
#   The system is out of physical RAM or swap space
#   The process is running with CompressedOops enabled, and the Java Heap may be blocking the growth of the native heap
# Possible solutions:
#   Reduce memory load on the system
#   Increase physical memory or swap space
#   Check if swap backing store is full
#   Decrease Java heap size (-Xmx/-Xms)
#   Decrease number of Java threads
#   Decrease Java thread stack sizes (-Xss)
#   Set larger code cache with -XX:ReservedCodeCacheSize=
# This output file may be truncated or incomplete.
#
#  Out of Memory Error (os_linux.cpp:2706), pid=1884, tid=1885
#
# JRE version:  (10.0.2+13) (build )
# Java VM: OpenJDK 64-Bit Server VM (10.0.2+13-Ubuntu-1ubuntu0.18.04.4, mixed mode, aot, tiered, compressed oops, g1 gc, linux-amd64)
# Core dump will be written. Default location: Core dumps may be processed with "/usr/share/apport/apport %p %s %c %d %P" (or dumping to /opt/forno/minecraft/core.1884)
#

---------------  S U M M A R Y ------------

Command Line: -Xms3g -Xmx3g server.jar nogui

Host: Intel(R) Core(TM) i7-4500U CPU @ 1.80GHz, 4 cores, 3G, Ubuntu 18.04.2 LTS
Time: Thu Mar 21 09:51:46 2019 JST elapsed time: 0 seconds (0d 0h 0m 0s)

---------------  T H R E A D  ---------------

Current thread (0x00007fbcd8011000):  JavaThread "Unknown thread" [_thread_in_vm, id=1885, stack(0x00007fbce21ec000,0x00007fbce22ed000)]

Stack: [0x00007fbce21ec000,0x00007fbce22ed000],  sp=0x00007fbce22eb2e0,  free space=1020k
Native frames: (J=compiled Java code, A=aot compiled Java code, j=interpreted, Vv=VM code, C=native code)
V  [libjvm.so+0xd27ea4]
V  [libjvm.so+0xd28a4b]
V  [libjvm.so+0x64d415]
V  [libjvm.so+0xb2d7c8]
V  [libjvm.so+0xb2601d]
V  [libjvm.so+0x7662ff]
V  [libjvm.so+0x76653e]
V  [libjvm.so+0x769500]
V  [libjvm.so+0x7efa1c]
V  [libjvm.so+0x7f06df]
V  [libjvm.so+0x7f0b59]
V  [libjvm.so+0x7162cf]
V  [libjvm.so+0x71afd3]
V  [libjvm.so+0xce5dc2]
V  [libjvm.so+0xce60c6]
V  [libjvm.so+0x807d57]
V  [libjvm.so+0xcc7ac4]
V  [libjvm.so+0x8601b1]  JNI_CreateJavaVM+0x51
C  [libjli.so+0x3d83]
C  [libjli.so+0x89dd]
C  [libpthread.so.0+0x76db]  start_thread+0xdb


---------------  P R O C E S S  ---------------

Threads class SMR info:
_java_thread_list=0x0000559bc1ecb6b0, length=0, elements={
}

Java Threads: ( => current thread )

Other Threads:
  0x00007fbcd8028000 GCTaskThread "GC Thread#0" [stack: 0x00007fbcde315000,0x00007fbcde415000] [id=1886]
  0x00007fbcd8029000 GCTaskThread "GC Thread#1" [stack: 0x00007fbcde213000,0x00007fbcde313000] [id=1887]
  0x00007fbcd802b000 GCTaskThread "GC Thread#2" [stack: 0x00007fbcde111000,0x00007fbcde211000] [id=1888]
  0x00007fbcd802c800 GCTaskThread "GC Thread#3" [stack: 0x00007fbcde00f000,0x00007fbcde10f000] [id=1889]
  0x00007fbcd806a000 ConcurrentGCThread "G1 Main Marker" [stack: 0x00007fbcdc849000,0x00007fbcdc949000] [id=1890]
  0x00007fbcd806c000 ConcurrentGCThread "G1 Conc#0" [stack: 0x00007fbcdc747000,0x00007fbcdc847000] [id=1891]

[error occurred during error reporting (printing all threads), id 0xe0000002]

VM state:not at safepoint (not fully initialized)

VM Mutex/Monitor currently owned by a thread:  ([mutex/lock_event])
[0x00007fbcd800df30] Heap_lock - owner thread: 0x00007fbcd8011000

Heap address: 0x0000000700000000, size: 3072 MB, Compressed Oops mode: Non-zero based: 0x0000000700000000
Narrow klass base: 0x0000000000000000, Narrow klass shift: 0

GC Heap History (0 events):
No events

Deoptimization events (0 events):
No events

Classes redefined (0 events):
No events

Internal exceptions (0 events):
No events

Events (0 events):
No events


Dynamic libraries:
559bc0c45000-559bc0c46000 r-xp 00000000 fd:00 20185882                   /usr/lib/jvm/java-11-openjdk-amd64/bin/java
559bc0e46000-559bc0e47000 r--p 00001000 fd:00 20185882                   /usr/lib/jvm/java-11-openjdk-amd64/bin/java
559bc0e47000-559bc0e48000 rw-p 00002000 fd:00 20185882                   /usr/lib/jvm/java-11-openjdk-amd64/bin/java
559bc1eb4000-559bc1ed5000 rw-p 00000000 00:00 0                          [heap]
7fbc9c000000-7fbc9c021000 rw-p 00000000 00:00 0 
7fbc9c021000-7fbca0000000 ---p 00000000 00:00 0 
7fbca2000000-7fbca4000000 rw-p 00000000 00:00 0 
7fbca4000000-7fbca4021000 rw-p 00000000 00:00 0 
7fbca4021000-7fbca8000000 ---p 00000000 00:00 0 
7fbca8000000-7fbca8021000 rw-p 00000000 00:00 0 
7fbca8021000-7fbcac000000 ---p 00000000 00:00 0 
7fbcad000000-7fbcb0000000 ---p 00000000 00:00 0 
7fbcb0000000-7fbcb0021000 rw-p 00000000 00:00 0 
7fbcb0021000-7fbcb4000000 ---p 00000000 00:00 0 
7fbcb4000000-7fbcb4021000 rw-p 00000000 00:00 0 
7fbcb4021000-7fbcb8000000 ---p 00000000 00:00 0 
7fbcb8000000-7fbcb8021000 rw-p 00000000 00:00 0 
7fbcb8021000-7fbcbc000000 ---p 00000000 00:00 0 
7fbcbcb25000-7fbcbfb25000 ---p 00000000 00:00 0 
7fbcbfb25000-7fbcbfd95000 rwxp 00000000 00:00 0 
7fbcbfd95000-7fbcc00b5000 ---p 00000000 00:00 0 
7fbcc00b5000-7fbcc0325000 rwxp 00000000 00:00 0 
7fbcc0325000-7fbcc75ed000 ---p 00000000 00:00 0 
7fbcc75ed000-7fbcc785d000 rwxp 00000000 00:00 0 
7fbcc785d000-7fbcceb25000 ---p 00000000 00:00 0 
7fbcceb25000-7fbcd8000000 r--s 00000000 fd:00 20186057                   /usr/lib/jvm/java-11-openjdk-amd64/lib/modules
7fbcd8000000-7fbcd8083000 rw-p 00000000 00:00 0 
7fbcd8083000-7fbcdc000000 ---p 00000000 00:00 0 
7fbcdc341000-7fbcdc745000 rw-p 00000000 00:00 0 
7fbcdc745000-7fbcdc746000 ---p 00000000 00:00 0 
7fbcdc746000-7fbcdc847000 rw-p 00000000 00:00 0 
7fbcdc847000-7fbcdc848000 ---p 00000000 00:00 0 
7fbcdc848000-7fbcdca09000 rw-p 00000000 00:00 0 
7fbcdca09000-7fbcddc09000 ---p 00000000 00:00 0 
7fbcddc09000-7fbcde00d000 rw-p 00000000 00:00 0 
7fbcde00d000-7fbcde00e000 ---p 00000000 00:00 0 
7fbcde00e000-7fbcde10f000 rw-p 00000000 00:00 0 
7fbcde10f000-7fbcde110000 ---p 00000000 00:00 0 
7fbcde110000-7fbcde211000 rw-p 00000000 00:00 0 
7fbcde211000-7fbcde212000 ---p 00000000 00:00 0 
7fbcde212000-7fbcde313000 rw-p 00000000 00:00 0 
7fbcde313000-7fbcde314000 ---p 00000000 00:00 0 
7fbcde314000-7fbcde41a000 rw-p 00000000 00:00 0 
7fbcde41a000-7fbcde500000 ---p 00000000 00:00 0 
7fbcde500000-7fbcde505000 rw-p 00000000 00:00 0 
7fbcde505000-7fbcde5eb000 ---p 00000000 00:00 0 
7fbcde5eb000-7fbcde5f0000 r-xp 00000000 fd:00 20186039                   /usr/lib/jvm/java-11-openjdk-amd64/lib/libjimage.so
7fbcde5f0000-7fbcde7ef000 ---p 00005000 fd:00 20186039                   /usr/lib/jvm/java-11-openjdk-amd64/lib/libjimage.so
7fbcde7ef000-7fbcde7f0000 r--p 00004000 fd:00 20186039                   /usr/lib/jvm/java-11-openjdk-amd64/lib/libjimage.so
7fbcde7f0000-7fbcde7f1000 rw-p 00005000 fd:00 20186039                   /usr/lib/jvm/java-11-openjdk-amd64/lib/libjimage.so
7fbcde7f1000-7fbcde7f8000 r-xp 00000000 fd:00 20186056                   /usr/lib/jvm/java-11-openjdk-amd64/lib/libzip.so
7fbcde7f8000-7fbcde9f7000 ---p 00007000 fd:00 20186056                   /usr/lib/jvm/java-11-openjdk-amd64/lib/libzip.so
7fbcde9f7000-7fbcde9f8000 r--p 00006000 fd:00 20186056                   /usr/lib/jvm/java-11-openjdk-amd64/lib/libzip.so
7fbcde9f8000-7fbcde9f9000 rw-p 00007000 fd:00 20186056                   /usr/lib/jvm/java-11-openjdk-amd64/lib/libzip.so
7fbcde9f9000-7fbcdea04000 r-xp 00000000 fd:00 44176093                   /lib/x86_64-linux-gnu/libnss_files-2.27.so
7fbcdea04000-7fbcdec03000 ---p 0000b000 fd:00 44176093                   /lib/x86_64-linux-gnu/libnss_files-2.27.so
7fbcdec03000-7fbcdec04000 r--p 0000a000 fd:00 44176093                   /lib/x86_64-linux-gnu/libnss_files-2.27.so
7fbcdec04000-7fbcdec05000 rw-p 0000b000 fd:00 44176093                   /lib/x86_64-linux-gnu/libnss_files-2.27.so
7fbcdec05000-7fbcdec0b000 rw-p 00000000 00:00 0 
7fbcdec0b000-7fbcdec22000 r-xp 00000000 fd:00 44176087                   /lib/x86_64-linux-gnu/libnsl-2.27.so
7fbcdec22000-7fbcdee21000 ---p 00017000 fd:00 44176087                   /lib/x86_64-linux-gnu/libnsl-2.27.so
7fbcdee21000-7fbcdee22000 r--p 00016000 fd:00 44176087                   /lib/x86_64-linux-gnu/libnsl-2.27.so
7fbcdee22000-7fbcdee23000 rw-p 00017000 fd:00 44176087                   /lib/x86_64-linux-gnu/libnsl-2.27.so
7fbcdee23000-7fbcdee25000 rw-p 00000000 00:00 0 
7fbcdee25000-7fbcdee30000 r-xp 00000000 fd:00 44176104                   /lib/x86_64-linux-gnu/libnss_nis-2.27.so
7fbcdee30000-7fbcdf02f000 ---p 0000b000 fd:00 44176104                   /lib/x86_64-linux-gnu/libnss_nis-2.27.so
7fbcdf02f000-7fbcdf030000 r--p 0000a000 fd:00 44176104                   /lib/x86_64-linux-gnu/libnss_nis-2.27.so
7fbcdf030000-7fbcdf031000 rw-p 0000b000 fd:00 44176104                   /lib/x86_64-linux-gnu/libnss_nis-2.27.so
7fbcdf031000-7fbcdf039000 r-xp 00000000 fd:00 44176089                   /lib/x86_64-linux-gnu/libnss_compat-2.27.so
7fbcdf039000-7fbcdf239000 ---p 00008000 fd:00 44176089                   /lib/x86_64-linux-gnu/libnss_compat-2.27.so
7fbcdf239000-7fbcdf23a000 r--p 00008000 fd:00 44176089                   /lib/x86_64-linux-gnu/libnss_compat-2.27.so
7fbcdf23a000-7fbcdf23b000 rw-p 00009000 fd:00 44176089                   /lib/x86_64-linux-gnu/libnss_compat-2.27.so
7fbcdf23b000-7fbcdf267000 r-xp 00000000 fd:00 20186035                   /usr/lib/jvm/java-11-openjdk-amd64/lib/libjava.so
7fbcdf267000-7fbcdf466000 ---p 0002c000 fd:00 20186035                   /usr/lib/jvm/java-11-openjdk-amd64/lib/libjava.so
7fbcdf466000-7fbcdf467000 r--p 0002b000 fd:00 20186035                   /usr/lib/jvm/java-11-openjdk-amd64/lib/libjava.so
7fbcdf467000-7fbcdf469000 rw-p 0002c000 fd:00 20186035                   /usr/lib/jvm/java-11-openjdk-amd64/lib/libjava.so
7fbcdf469000-7fbcdf476000 r-xp 00000000 fd:00 20186055                   /usr/lib/jvm/java-11-openjdk-amd64/lib/libverify.so
7fbcdf476000-7fbcdf675000 ---p 0000d000 fd:00 20186055                   /usr/lib/jvm/java-11-openjdk-amd64/lib/libverify.so
7fbcdf675000-7fbcdf677000 r--p 0000c000 fd:00 20186055                   /usr/lib/jvm/java-11-openjdk-amd64/lib/libverify.so
7fbcdf677000-7fbcdf678000 rw-p 0000e000 fd:00 20186055                   /usr/lib/jvm/java-11-openjdk-amd64/lib/libverify.so
7fbcdf678000-7fbcdf67f000 r-xp 00000000 fd:00 44176144                   /lib/x86_64-linux-gnu/librt-2.27.so
7fbcdf67f000-7fbcdf87e000 ---p 00007000 fd:00 44176144                   /lib/x86_64-linux-gnu/librt-2.27.so
7fbcdf87e000-7fbcdf87f000 r--p 00006000 fd:00 44176144                   /lib/x86_64-linux-gnu/librt-2.27.so
7fbcdf87f000-7fbcdf880000 rw-p 00007000 fd:00 44176144                   /lib/x86_64-linux-gnu/librt-2.27.so
7fbcdf880000-7fbcdf897000 r-xp 00000000 fd:00 44175907                   /lib/x86_64-linux-gnu/libgcc_s.so.1
7fbcdf897000-7fbcdfa96000 ---p 00017000 fd:00 44175907                   /lib/x86_64-linux-gnu/libgcc_s.so.1
7fbcdfa96000-7fbcdfa97000 r--p 00016000 fd:00 44175907                   /lib/x86_64-linux-gnu/libgcc_s.so.1
7fbcdfa97000-7fbcdfa98000 rw-p 00017000 fd:00 44175907                   /lib/x86_64-linux-gnu/libgcc_s.so.1
7fbcdfa98000-7fbcdfc35000 r-xp 00000000 fd:00 44176066                   /lib/x86_64-linux-gnu/libm-2.27.so
7fbcdfc35000-7fbcdfe34000 ---p 0019d000 fd:00 44176066                   /lib/x86_64-linux-gnu/libm-2.27.so
7fbcdfe34000-7fbcdfe35000 r--p 0019c000 fd:00 44176066                   /lib/x86_64-linux-gnu/libm-2.27.so
7fbcdfe35000-7fbcdfe36000 rw-p 0019d000 fd:00 44176066                   /lib/x86_64-linux-gnu/libm-2.27.so
7fbcdfe36000-7fbcdffaf000 r-xp 00000000 fd:00 18090134                   /usr/lib/x86_64-linux-gnu/libstdc++.so.6.0.25
7fbcdffaf000-7fbce01af000 ---p 00179000 fd:00 18090134                   /usr/lib/x86_64-linux-gnu/libstdc++.so.6.0.25
7fbce01af000-7fbce01b9000 r--p 00179000 fd:00 18090134                   /usr/lib/x86_64-linux-gnu/libstdc++.so.6.0.25
7fbce01b9000-7fbce01bb000 rw-p 00183000 fd:00 18090134                   /usr/lib/x86_64-linux-gnu/libstdc++.so.6.0.25
7fbce01bb000-7fbce01bf000 rw-p 00000000 00:00 0 
7fbce01bf000-7fbce115c000 r-xp 00000000 fd:00 20186062                   /usr/lib/jvm/java-11-openjdk-amd64/lib/server/libjvm.so
7fbce115c000-7fbce135c000 ---p 00f9d000 fd:00 20186062                   /usr/lib/jvm/java-11-openjdk-amd64/lib/server/libjvm.so
7fbce135c000-7fbce1420000 r--p 00f9d000 fd:00 20186062                   /usr/lib/jvm/java-11-openjdk-amd64/lib/server/libjvm.so
7fbce1420000-7fbce1458000 rw-p 01061000 fd:00 20186062                   /usr/lib/jvm/java-11-openjdk-amd64/lib/server/libjvm.so
7fbce1458000-7fbce14a1000 rw-p 00000000 00:00 0 
7fbce14a1000-7fbce14bb000 r-xp 00000000 fd:00 44176136                   /lib/x86_64-linux-gnu/libpthread-2.27.so
7fbce14bb000-7fbce16ba000 ---p 0001a000 fd:00 44176136                   /lib/x86_64-linux-gnu/libpthread-2.27.so
7fbce16ba000-7fbce16bb000 r--p 00019000 fd:00 44176136                   /lib/x86_64-linux-gnu/libpthread-2.27.so
7fbce16bb000-7fbce16bc000 rw-p 0001a000 fd:00 44176136                   /lib/x86_64-linux-gnu/libpthread-2.27.so
7fbce16bc000-7fbce16c0000 rw-p 00000000 00:00 0 
7fbce16c0000-7fbce16c3000 r-xp 00000000 fd:00 44176026                   /lib/x86_64-linux-gnu/libdl-2.27.so
7fbce16c3000-7fbce18c2000 ---p 00003000 fd:00 44176026                   /lib/x86_64-linux-gnu/libdl-2.27.so
7fbce18c2000-7fbce18c3000 r--p 00002000 fd:00 44176026                   /lib/x86_64-linux-gnu/libdl-2.27.so
7fbce18c3000-7fbce18c4000 rw-p 00003000 fd:00 44176026                   /lib/x86_64-linux-gnu/libdl-2.27.so
7fbce18c4000-7fbce18e0000 r-xp 00000000 fd:00 44176175                   /lib/x86_64-linux-gnu/libz.so.1.2.11
7fbce18e0000-7fbce1adf000 ---p 0001c000 fd:00 44176175                   /lib/x86_64-linux-gnu/libz.so.1.2.11
7fbce1adf000-7fbce1ae0000 r--p 0001b000 fd:00 44176175                   /lib/x86_64-linux-gnu/libz.so.1.2.11
7fbce1ae0000-7fbce1ae1000 rw-p 0001c000 fd:00 44176175                   /lib/x86_64-linux-gnu/libz.so.1.2.11
7fbce1ae1000-7fbce1cc8000 r-xp 00000000 fd:00 44176003                   /lib/x86_64-linux-gnu/libc-2.27.so
7fbce1cc8000-7fbce1ec8000 ---p 001e7000 fd:00 44176003                   /lib/x86_64-linux-gnu/libc-2.27.so
7fbce1ec8000-7fbce1ecc000 r--p 001e7000 fd:00 44176003                   /lib/x86_64-linux-gnu/libc-2.27.so
7fbce1ecc000-7fbce1ece000 rw-p 001eb000 fd:00 44176003                   /lib/x86_64-linux-gnu/libc-2.27.so
7fbce1ece000-7fbce1ed2000 rw-p 00000000 00:00 0 
7fbce1ed2000-7fbce1ee1000 r-xp 00000000 fd:00 20186020                   /usr/lib/jvm/java-11-openjdk-amd64/lib/jli/libjli.so
7fbce1ee1000-7fbce20e0000 ---p 0000f000 fd:00 20186020                   /usr/lib/jvm/java-11-openjdk-amd64/lib/jli/libjli.so
7fbce20e0000-7fbce20e1000 r--p 0000e000 fd:00 20186020                   /usr/lib/jvm/java-11-openjdk-amd64/lib/jli/libjli.so
7fbce20e1000-7fbce20e2000 rw-p 0000f000 fd:00 20186020                   /usr/lib/jvm/java-11-openjdk-amd64/lib/jli/libjli.so
7fbce20e2000-7fbce2109000 r-xp 00000000 fd:00 44175975                   /lib/x86_64-linux-gnu/ld-2.27.so
7fbce2185000-7fbce21ec000 rw-p 00000000 00:00 0 
7fbce21ec000-7fbce21f0000 ---p 00000000 00:00 0 
7fbce21f0000-7fbce22ef000 rw-p 00000000 00:00 0 
7fbce22f0000-7fbce22f6000 rw-p 00000000 00:00 0 
7fbce22f6000-7fbce22fd000 ---p 00000000 00:00 0 
7fbce22fd000-7fbce2305000 rw-s 00000000 fd:00 16121869                   /tmp/hsperfdata_minecraft/1884
7fbce2305000-7fbce2306000 ---p 00000000 00:00 0 
7fbce2306000-7fbce2307000 r--p 00000000 00:00 0 
7fbce2307000-7fbce2309000 rw-p 00000000 00:00 0 
7fbce2309000-7fbce230a000 r--p 00027000 fd:00 44175975                   /lib/x86_64-linux-gnu/ld-2.27.so
7fbce230a000-7fbce230b000 rw-p 00028000 fd:00 44175975                   /lib/x86_64-linux-gnu/ld-2.27.so
7fbce230b000-7fbce230c000 rw-p 00000000 00:00 0 
7ffe8ae9e000-7ffe8aebf000 rw-p 00000000 00:00 0                          [stack]
7ffe8aed0000-7ffe8aed3000 r--p 00000000 00:00 0                          [vvar]
7ffe8aed3000-7ffe8aed5000 r-xp 00000000 00:00 0                          [vdso]
ffffffffff600000-ffffffffff601000 r-xp 00000000 00:00 0                  [vsyscall]


VM Arguments:
jvm_args: -Xms3g -Xmx3g 
java_command: server.jar nogui
java_class_path (initial): server.jar
Launcher Type: SUN_STANDARD

Logging:
Log output configuration:
#0: stdout all=warning uptime,level,tags
#1: stderr all=off uptime,level,tags

Environment Variables:
PATH=/usr/local/sbin:/usr/local/bin:/usr/sbin:/usr/bin:/sbin:/bin
SHELL=/bin/sh

Signal Handlers:
SIGSEGV: [libjvm.so+0xd28b70], sa_mask[0]=11111111011111111101111111111110, sa_flags=SA_RESTART|SA_SIGINFO
SIGBUS: [libjvm.so+0xd28b70], sa_mask[0]=11111111011111111101111111111110, sa_flags=SA_RESTART|SA_SIGINFO
SIGFPE: [libjvm.so+0xd28b70], sa_mask[0]=11111111011111111101111111111110, sa_flags=SA_RESTART|SA_SIGINFO
SIGPIPE: [libjvm.so+0xb2a1f0], sa_mask[0]=11111111011111111101111111111110, sa_flags=SA_RESTART|SA_SIGINFO
SIGXFSZ: [libjvm.so+0xb2a1f0], sa_mask[0]=11111111011111111101111111111110, sa_flags=SA_RESTART|SA_SIGINFO
SIGILL: [libjvm.so+0xd28b70], sa_mask[0]=11111111011111111101111111111110, sa_flags=SA_RESTART|SA_SIGINFO
SIGUSR2: [libjvm.so+0xb2a030], sa_mask[0]=00000000000000000000000000000000, sa_flags=SA_RESTART|SA_SIGINFO
SIGHUP: SIG_DFL, sa_mask[0]=00000000000000000000000000000000, sa_flags=none
SIGINT: SIG_DFL, sa_mask[0]=00000000000000000000000000000000, sa_flags=none
SIGTERM: SIG_DFL, sa_mask[0]=00000000000000000000000000000000, sa_flags=none
SIGQUIT: SIG_DFL, sa_mask[0]=00000000000000000000000000000000, sa_flags=none


---------------  S Y S T E M  ---------------

OS:DISTRIB_ID=Ubuntu
DISTRIB_RELEASE=18.04
DISTRIB_CODENAME=bionic
DISTRIB_DESCRIPTION="Ubuntu 18.04.2 LTS"
uname:Linux 4.15.0-46-generic #49-Ubuntu SMP Wed Feb 6 09:33:07 UTC 2019 x86_64
libc:glibc 2.27 NPTL 2.27 
rlimit: STACK 8192k, CORE 0k, NPROC 15099, NOFILE 4096, AS infinity, DATA infinity, FSIZE infinity
load average:1.24 1.35 1.35

/proc/meminfo:
MemTotal:        3943748 kB
MemFree:          124196 kB
MemAvailable:    1110804 kB
Buffers:           33344 kB
Cached:          1152432 kB
SwapCached:        10240 kB
Active:          2834276 kB
Inactive:         791284 kB
Active(anon):    1972908 kB
Inactive(anon):   496944 kB
Active(file):     861368 kB
Inactive(file):   294340 kB
Unevictable:           0 kB
Mlocked:               0 kB
SwapTotal:        999420 kB
SwapFree:         606896 kB
Dirty:              4484 kB
Writeback:             0 kB
AnonPages:       2436584 kB
Mapped:           128708 kB
Shmem:             30068 kB
Slab:             108136 kB
SReclaimable:      67332 kB
SUnreclaim:        40804 kB
KernelStack:        6000 kB
PageTables:        23600 kB
NFS_Unstable:          0 kB
Bounce:                0 kB
WritebackTmp:          0 kB
CommitLimit:     2971292 kB
Committed_AS:    3230044 kB
VmallocTotal:   34359738367 kB
VmallocUsed:           0 kB
VmallocChunk:          0 kB
HardwareCorrupted:     0 kB
AnonHugePages:         0 kB
ShmemHugePages:        0 kB
ShmemPmdMapped:        0 kB
CmaTotal:              0 kB
CmaFree:               0 kB
HugePages_Total:       0
HugePages_Free:        0
HugePages_Rsvd:        0
HugePages_Surp:        0
Hugepagesize:       2048 kB
DirectMap4k:      158320 kB
DirectMap2M:     3940352 kB
DirectMap1G:           0 kB

container (cgroup) information:
container_type: cgroupv1
cpu_cpuset_cpus: 0-3
cpu_memory_nodes: 0
active_processor_count: 4
cpu_quota: -1
cpu_period: 100000
cpu_shares: -1
memory_limit_in_bytes: -1
memory_and_swap_limit_in_bytes: -2
memory_soft_limit_in_bytes: -1
memory_usage_in_bytes: 3710386176
memory_max_usage_in_bytes: 2048000


CPU:total 4 (initial active 4) (2 cores per cpu, 2 threads per core) family 6 model 69 stepping 1, cmov, cx8, fxsr, mmx, sse, sse2, sse3, ssse3, sse4.1, sse4.2, popcnt, avx, avx2, aes, clmul, erms, lzcnt, ht, tsc, tscinvbit, bmi1, bmi2, fma
CPU Model and flags from /proc/cpuinfo:
model name	: Intel(R) Core(TM) i7-4500U CPU @ 1.80GHz
flags		: fpu vme de pse tsc msr pae mce cx8 apic sep mtrr pge mca cmov pat pse36 clflush dts acpi mmx fxsr sse sse2 ss ht tm pbe syscall nx pdpe1gb rdtscp lm constant_tsc arch_perfmon pebs bts rep_good nopl xtopology nonstop_tsc cpuid aperfmperf pni pclmulqdq dtes64 monitor ds_cpl vmx est tm2 ssse3 sdbg fma cx16 xtpr pdcm pcid sse4_1 sse4_2 movbe popcnt tsc_deadline_timer aes xsave avx f16c rdrand lahf_lm abm cpuid_fault epb invpcid_single pti ssbd ibrs ibpb stibp tpr_shadow vnmi flexpriority ept vpid fsgsbase tsc_adjust bmi1 avx2 smep bmi2 erms invpcid xsaveopt dtherm ida arat pln pts flush_l1d

Memory: 4k page, physical 3943748k(124196k free), swap 999420k(606896k free)

vm_info: OpenJDK 64-Bit Server VM (10.0.2+13-Ubuntu-1ubuntu0.18.04.4) for linux-amd64 JRE (10.0.2+13-Ubuntu-1ubuntu0.18.04.4), built on Nov 13 2018 12:53:39 by "buildd" with gcc 7.3.0

END.
