[22:13:35] [main/WARN]: Ambiguity between arguments [teleport, destination] and [teleport, targets] with inputs: [Player, 0123, @e, dd12be42-52a9-4a91-a8a1-11c01849e498]
[22:13:35] [main/WARN]: Ambiguity between arguments [teleport, location] and [teleport, destination] with inputs: [0.1 -0.5 .9, 0 0 0]
[22:13:35] [main/WARN]: Ambiguity between arguments [teleport, location] and [teleport, targets] with inputs: [0.1 -0.5 .9, 0 0 0]
[22:13:35] [main/WARN]: Ambiguity between arguments [teleport, targets] and [teleport, destination] with inputs: [Player, 0123, dd12be42-52a9-4a91-a8a1-11c01849e498]
[22:13:35] [main/WARN]: Ambiguity between arguments [teleport, targets, location] and [teleport, targets, destination] with inputs: [0.1 -0.5 .9, 0 0 0]
[22:13:36] [main/INFO]: Loaded 0 recipes
[22:13:36] [main/INFO]: Loaded 0 advancements
[22:13:36] [Server thread/INFO]: Starting minecraft server version 1.13.2
[22:13:36] [Server thread/INFO]: Loading properties
[22:13:36] [Server thread/INFO]: Default game type: SURVIVAL
[22:13:36] [Server thread/INFO]: Generating keypair
[22:13:36] [Server thread/INFO]: Starting Minecraft server on *:25565
[22:13:36] [Server thread/INFO]: Using epoll channel type
[22:13:37] [Server thread/INFO]: Preparing level "world"
[22:13:37] [Server thread/INFO]: Reloading ResourceManager: Default
[22:13:39] [Server thread/INFO]: Loaded 524 recipes
[22:13:40] [Server thread/INFO]: Loaded 571 advancements
[22:13:40] [Server thread/INFO]: Preparing start region for dimension minecraft:overworld
[22:13:41] [Server thread/INFO]: Preparing spawn area: 4%
[22:13:41] [Server thread/INFO]: Preparing spawn area: 8%
[22:13:41] [Server thread/INFO]: Preparing spawn area: 12%
[22:13:41] [Server thread/INFO]: Preparing spawn area: 16%
[22:13:41] [Server thread/INFO]: Preparing spawn area: 20%
[22:13:41] [Server thread/INFO]: Preparing spawn area: 24%
[22:13:42] [Server thread/INFO]: Preparing spawn area: 28%
[22:13:42] [Server thread/INFO]: Preparing spawn area: 32%
[22:13:42] [Server thread/INFO]: Preparing spawn area: 36%
[22:13:42] [Server thread/INFO]: Preparing spawn area: 40%
[22:13:42] [Server thread/INFO]: Preparing spawn area: 44%
[22:13:42] [Server thread/INFO]: Preparing spawn area: 48%
[22:13:42] [Server thread/INFO]: Preparing spawn area: 52%
[22:13:44] [Server thread/INFO]: Preparing spawn area: 56%
[22:13:44] [Server thread/INFO]: Preparing spawn area: 60%
[22:13:44] [Server thread/INFO]: Preparing spawn area: 64%
[22:13:44] [Server thread/INFO]: Preparing spawn area: 68%
[22:13:44] [Server thread/INFO]: Preparing spawn area: 72%
[22:13:45] [Server thread/INFO]: Preparing spawn area: 76%
[22:13:45] [Server thread/INFO]: Preparing spawn area: 80%
[22:13:45] [Server thread/INFO]: Preparing spawn area: 84%
[22:13:45] [Server thread/INFO]: Preparing spawn area: 88%
[22:13:45] [Server thread/INFO]: Preparing spawn area: 92%
[22:13:45] [Server thread/INFO]: Preparing spawn area: 96%
[22:13:45] [Server thread/INFO]: Preparing spawn area: 100%
[22:13:45] [Server thread/INFO]: Time elapsed: 4791 ms
[22:13:45] [Server thread/INFO]: Done (8.102s)! For help, type "help"
[22:13:47] [Server thread/WARN]: Can't keep up! Is the server overloaded? Running 2016ms or 40 ticks behind
[22:16:18] [User Authenticator #1/INFO]: UUID of player pura1980 is b06fd1cb-bf81-44e9-ad8b-001e954b7932
[22:16:18] [Server thread/INFO]: pura1980[/133.137.7.241:51626] logged in with entity id 624 at (625.9636278380567, 63.0, 696.2166775075103)
[22:16:18] [Server thread/INFO]: pura1980 joined the game
[22:16:21] [Server thread/WARN]: Can't keep up! Is the server overloaded? Running 2013ms or 40 ticks behind
[22:16:54] [Server thread/INFO]: pura1980 lost connection: Timed out
[22:16:54] [Server thread/INFO]: pura1980 left the game
[22:17:04] [User Authenticator #2/INFO]: UUID of player pura1980 is b06fd1cb-bf81-44e9-ad8b-001e954b7932
[22:17:04] [Server thread/INFO]: pura1980[/133.137.7.241:51631] logged in with entity id 991 at (625.9636278380567, 63.0, 696.2166775075103)
[22:17:04] [Server thread/INFO]: pura1980 joined the game
[22:17:35] [Server thread/INFO]: pura1980 lost connection: Disconnected
[22:17:35] [Server thread/INFO]: pura1980 left the game
[22:17:48] [User Authenticator #3/INFO]: UUID of player pura1980 is b06fd1cb-bf81-44e9-ad8b-001e954b7932
[22:17:48] [Server thread/INFO]: pura1980[/133.137.7.241:51636] logged in with entity id 1246 at (625.9636278380567, 63.0, 696.2166775075103)
[22:17:48] [Server thread/INFO]: pura1980 joined the game
[22:18:19] [Server thread/INFO]: pura1980 lost connection: Timed out
[22:18:19] [Server thread/INFO]: pura1980 left the game
[22:20:05] [Server thread/INFO]: [Server] SERVER SHUTTING DOWN. Saving map...
[22:20:05] [Server thread/INFO]: Saving the game (this may take a moment!)
[22:20:05] [Server thread/INFO]: Saved the game
[22:20:05] [Server thread/INFO]: Stopping the server
[22:20:05] [Server thread/INFO]: Stopping server
[22:20:05] [Server thread/INFO]: Saving players
[22:20:05] [Server thread/INFO]: Saving worlds
[22:20:05] [Server thread/INFO]: Saving chunks for level 'world'/minecraft:the_nether
[22:20:05] [Server thread/INFO]: Saving chunks for level 'world'/minecraft:the_end
[22:20:05] [Server thread/INFO]: Saving chunks for level 'world'/minecraft:overworld
[22:20:05] [Server Shutdown Thread/INFO]: Stopping server
[22:20:05] [Server Shutdown Thread/INFO]: Saving players
[22:20:05] [Server Shutdown Thread/INFO]: Saving worlds
[22:20:05] [Server Shutdown Thread/INFO]: Saving chunks for level 'world'/minecraft:the_nether
[22:20:05] [Server Shutdown Thread/INFO]: Saving chunks for level 'world'/minecraft:the_end
[22:20:05] [Server console handler/ERROR]: Exception handling console input
java.io.IOException: 入力/出力エラーです
	at java.io.FileInputStream.readBytes(Native Method) ~[?:?]
	at java.io.FileInputStream.read(FileInputStream.java:280) ~[?:?]
	at java.io.BufferedInputStream.read1(BufferedInputStream.java:290) ~[?:?]
	at java.io.BufferedInputStream.read(BufferedInputStream.java:351) ~[?:?]
	at sun.nio.cs.StreamDecoder.readBytes(StreamDecoder.java:284) ~[?:?]
	at sun.nio.cs.StreamDecoder.implRead(StreamDecoder.java:326) ~[?:?]
	at sun.nio.cs.StreamDecoder.read(StreamDecoder.java:178) ~[?:?]
	at java.io.InputStreamReader.read(InputStreamReader.java:185) ~[?:?]
	at java.io.BufferedReader.fill(BufferedReader.java:161) ~[?:?]
	at java.io.BufferedReader.readLine(BufferedReader.java:326) ~[?:?]
	at java.io.BufferedReader.readLine(BufferedReader.java:392) ~[?:?]
	at so$2.run(SourceFile:110) [server.jar:?]
[22:20:05] [Server Shutdown Thread/INFO]: Saving chunks for level 'world'/minecraft:overworld
